#
# A fatal error has been detected by the Java Runtime Environment:
#
#  SIGBUS (0xa) at pc=0x00000001380014f0, pid=1668, tid=37383
#
# JRE version: OpenJDK Runtime Environment (18.0+36) (build 18+36-2087)
# Java VM: OpenJDK 64-Bit Server VM (18+36-2087, mixed mode, sharing, tiered, compressed oops, compressed class ptrs, g1 gc, bsd-aarch64)
# Problematic frame:
# v  ~StubRoutines::SafeFetchN
#
# No core dump will be written. Core dumps have been disabled. To enable core dumping, try "ulimit -c unlimited" before starting Java again
#
# If you would like to submit a bug report, please visit:
#   https://bugreport.java.com/bugreport/crash.jsp
# The crash happened outside the Java Virtual Machine in native code.
# See problematic frame for where to report the bug.
#

---------------  S U M M A R Y ------------

Command Line: -javaagent:/Users/danielweiner/Library/Application Support/JetBrains/Toolbox/apps/IDEA-U/ch-0/221.5080.210/IntelliJ IDEA.app/Contents/lib/idea_rt.jar=49608:/Users/danielweiner/Library/Application Support/JetBrains/Toolbox/apps/IDEA-U/ch-0/221.5080.210/IntelliJ IDEA.app/Contents/bin -Dfile.encoding=UTF-8 --module-path=/Users/danielweiner/.m2/repository/org/openjfx/javafx-graphics/17.0.1/javafx-graphics-17.0.1-mac-aarch64.jar:/Users/danielweiner/Public/Drop Box/eclipse-workspace/JavaFinalProject/target/classes:/Users/danielweiner/.m2/repository/org/openjfx/javafx-controls/17.0.1/javafx-controls-17.0.1-mac-aarch64.jar:/Users/danielweiner/.m2/repository/org/openjfx/javafx-base/17.0.1/javafx-base-17.0.1-mac-aarch64.jar:/Users/danielweiner/.m2/repository/org/openjfx/javafx-fxml/17.0.1/javafx-fxml-17.0.1-mac-aarch64.jar -Djdk.module.main=com.example.javafinalproject com.example.javafinalproject/com.example.javafinalproject.Main

Host: "MacBookPro17,1" arm64, 8 cores, 16G, Darwin 21.4.0, macOS 12.3.1 (21E258)
Time: Fri May  6 13:41:05 2022 EDT elapsed time: 5.213751 seconds (0d 0h 0m 5s)

---------------  T H R E A D  ---------------

Current thread (0x000000011f8cfc00):  JavaThread "InvokeLaterDispatcher" daemon [_thread_in_native, id=37383, stack(0x000000016fbc4000,0x000000016fdc7000)]

Stack: [0x000000016fbc4000,0x000000016fdc7000],  sp=0x000000016fdc67a0,  free space=2057k
Native frames: (J=compiled Java code, j=interpreted, Vv=VM code, C=native code)
v  ~StubRoutines::SafeFetchN
V  [libjvm.dylib+0x7cdae4]  _ZN10OopStorage7releaseEPKP7oopDesc+0x20
V  [libjvm.dylib+0x4f522c]  jni_DeleteGlobalRef+0xd4
C  [libglass.dylib+0xab08]  -[GlassRunnable dealloc]+0x34
C  [Foundation+0x85618]  -[_NSThreadPerformInfo dealloc]+0x30
C  [Foundation+0x5198c]  -[NSObject(NSThreadPerformAdditions) performSelectorOnMainThread:withObject:waitUntilDone:]+0x88
C  0x30338001380098ac
j  com.sun.glass.ui.mac.MacApplication.submitForLaterInvocation(Ljava/lang/Runnable;)V+2 javafx.graphics
j  com.sun.glass.ui.InvokeLaterDispatcher.run()V+82 javafx.graphics
v  ~StubRoutines::call_stub
V  [libjvm.dylib+0x49c638]  _ZN9JavaCalls11call_helperEP9JavaValueRK12methodHandleP17JavaCallArgumentsP10JavaThread+0x38c
V  [libjvm.dylib+0x49b654]  _ZN9JavaCalls12call_virtualEP9JavaValueP5KlassP6SymbolS5_P17JavaCallArgumentsP10JavaThread+0x11c
V  [libjvm.dylib+0x49b720]  _ZN9JavaCalls12call_virtualEP9JavaValue6HandleP5KlassP6SymbolS6_P10JavaThread+0x64
V  [libjvm.dylib+0x54f250]  _ZL12thread_entryP10JavaThreadS0_+0x9c
V  [libjvm.dylib+0x918b50]  _ZN10JavaThread17thread_main_innerEv+0xa8
V  [libjvm.dylib+0x9174e0]  _ZN6Thread8call_runEv+0xe0
V  [libjvm.dylib+0x7d42c8]  _ZL19thread_native_entryP6Thread+0x158
C  [libsystem_pthread.dylib+0x726c]  _pthread_start+0x94

Java frames: (J=compiled Java code, j=interpreted, Vv=VM code)
j  com.sun.glass.ui.mac.MacApplication._submitForLaterInvocation(Ljava/lang/Runnable;)V+0 javafx.graphics
j  com.sun.glass.ui.mac.MacApplication.submitForLaterInvocation(Ljava/lang/Runnable;)V+2 javafx.graphics
j  com.sun.glass.ui.InvokeLaterDispatcher.run()V+82 javafx.graphics
v  ~StubRoutines::call_stub

siginfo: si_signo: 10 (SIGBUS), si_code: 1 (BUS_ADRALN), si_addr: 0x00000001380014f0

Register to memory mapping:

 x0=0x0000000128806208 is a global jni handle
 x1=0x0 is NULL
 x2=0x0000000702bf79d0 is an oop: com.sun.glass.ui.InvokeLaterDispatcher$Future 
{0x0000000702bf79d0} - klass: 'com/sun/glass/ui/InvokeLaterDispatcher$Future'
 - ---- fields (total size 3 words):
 - private 'done' 'Z' @12  true
 - private final 'runnable' 'Ljava/lang/Runnable;' @16  a 'com/sun/javafx/application/PlatformImpl$$Lambda$89+0x0000000800c83748'{0x00000007020b5ba8} (e0416b75)
 - final synthetic 'this$0' 'Lcom/sun/glass/ui/InvokeLaterDispatcher;' @20  a 'com/sun/glass/ui/InvokeLaterDispatcher'{0x000000070d000388} (e1a00071)
 x3=0x0 is NULL
 x4=0x00000000000130a8 is an unknown value
 x5=0x0 is NULL
 x6=0x0 is NULL
 x7=0x0 is NULL
 x8=0x00000001380014ec is at begin+0 in a stub
StubRoutines::SafeFetchN [0x00000001380014ec, 0x00000001380014f8] (12 bytes)
 x9=0x0 is NULL
x10=0x2010000030300000 is an unknown value
x11=0x0000000000000007 is an unknown value
x12=0x0000000000000004 is an unknown value
x13=0x0000600000158110 points into unknown readable memory: 0xe1358001be5afc40 | 40 fc 5a be 01 80 35 e1
x14=0x0000110000000000 is an unknown value
x15=0x000000010fee5f98: OBJC_CLASS_$_GlassRunnable+0 in /Users/danielweiner/.openjfx/cache/17.0.1/libglass.dylib at 0x000000010fea0000
x16=0x00000001be7190fc: pthread_getspecific+0 in /usr/lib/system/libsystem_pthread.dylib at 0x00000001be717000
x17=0x0000600000471340 points into unknown readable memory: 0xfffffffffffffffe | fe ff ff ff ff ff ff ff
x18=0x0 is NULL
x19=0x00006000004702a0 points into unknown readable memory: 0x0000600002d7c170 | 70 c1 d7 02 00 60 00 00
x20=0x0000000128806000 points into unknown readable memory: 0x0000000000000000 | 00 00 00 00 00 00 00 00
x21=0x0000000128806208 is a global jni handle
x22=0x000000011f8cfc00 is a thread
x23=0x0000000000000001 is an unknown value
x24=0x00000001288061c0 is a global jni handle
x25=0x0000000104e92c98: _ZN12StubRoutines17_safefetchN_entryE+0 in /Users/danielweiner/Library/Java/JavaVirtualMachines/openjdk-18/Contents/Home/lib/server/libjvm.dylib at 0x00000001042b4000
x26=0x0000000147520000 is pointing into metadata
x27=0x0 is NULL
x28=0x000000011f8cfc00 is a thread


Registers:
 x0=0x0000000128806208  x1=0x0000000000000000  x2=0x0000000702bf79d0  x3=0x0000000000000000
 x4=0x00000000000130a8  x5=0x0000000000000000  x6=0x0000000000000000  x7=0x0000000000000000
 x8=0x00000001380014ec  x9=0x0000000000000000 x10=0x2010000030300000 x11=0x0000000000000007
x12=0x0000000000000004 x13=0x0000600000158110 x14=0x0000110000000000 x15=0x000000010fee5f98
x16=0x00000001be7190fc x17=0x0000600000471340 x18=0x0000000000000000 x19=0x00006000004702a0
x20=0x0000000128806000 x21=0x0000000128806208 x22=0x000000011f8cfc00 x23=0x0000000000000001
x24=0x00000001288061c0 x25=0x0000000104e92c98 x26=0x0000000147520000 x27=0x0000000000000000
x28=0x000000011f8cfc00  fp=0x000000016fdc67e0  lr=0x0000000104a808d8  sp=0x000000016fdc67a0
pc=0x00000001380014f0 cpsr=0x0000000060001000
Top of Stack: (sp=0x000000016fdc67a0)
0x000000016fdc67a0:   0000000147520000 0000000000000001
0x000000016fdc67b0:   000000016fdc69a8 0000000000000000
0x000000016fdc67c0:   000000011f839490 00000001288061f0
0x000000016fdc67d0:   00000001288061f0 00006000004702a0
0x000000016fdc67e0:   000000016fdc6820 0000000104a81ae4
0x000000016fdc67f0:   0000000000000001 00000001288061f0
0x000000016fdc6800:   000000011f839490 00000001288061f0
0x000000016fdc6810:   0000000000000001 000000011f839200
0x000000016fdc6820:   000000016fdc6860 00000001047a922c
0x000000016fdc6830:   000000016fdc69a8 0000600002d69820
0x000000016fdc6840:   0000600002d69810 00000002087debe0
0x000000016fdc6850:   0000000000000000 0000600002d69810
0x000000016fdc6860:   000000016fdc6890 000000010feaab08
0x000000016fdc6870:   033ebc0f9b01004d 0000000000000000
0x000000016fdc6880:   0000000000000000 0000600003a84540
0x000000016fdc6890:   000000016fdc68d0 00000001bf6e6618
0x000000016fdc68a0:   000000016fdc69a8 0000600002d69820
0x000000016fdc68b0:   0000600002d69810 033ebc0f9b01004d
0x000000016fdc68c0:   0000000000000000 0000000000000000
0x000000016fdc68d0:   000000016fdc6910 34098001bf6b298c
0x000000016fdc68e0:   000000016fdc69a8 00000001380087c0
0x000000016fdc68f0:   0000000000000000 0000000104e9a750
0x000000016fdc6900:   000000016fdc6920 0000000138007730
0x000000016fdc6910:   000000016fdc6980 30338001380098ac
0x000000016fdc6920:   000000016fdc6988 00000001471c4580
0x000000016fdc6930:   000000016fdc6930 0000000000000000
0x000000016fdc6940:   000000016fdc69a8 0000000147520000
0x000000016fdc6950:   000000070d03be60 0000000000000000
0x000000016fdc6960:   0000000000000000 00000001474fb0d8
0x000000016fdc6970:   0000000000000000 000000016fdc6980
0x000000016fdc6980:   000000016fdc6a00 0000000138005fc8
0x000000016fdc6990:   0000000000000000 0000000000000000 

Instructions: (pc=0x00000001380014f0)
0x00000001380013f0:   f2a09ca9 f2c00029 6d425935 1e640886
0x0000000138001400:   0c402d31 1e6408c7 1f5654d0 1e6c1017
0x0000000138001410:   1f5050d0 1f504cd0 1f5048d0 1e650af6
0x0000000138001420:   1f50d8f6 1f5694d6 1f5158f6 1e762880
0x0000000138001430:   36000501 1e614000 14000026 2e251ca5
0x0000000138001440:   d29e3009 f2a09ca9 f2c00029 6d425d36
0x0000000138001450:   1e600806 0c402d32 1f5758c7 1e6c101a
0x0000000138001460:   1f4754c7 1e650805 1f4750c7 d2866668
0x0000000138001470:   f2a7fa68 1f474cc7 1e6608c0 1f4748c7
0x0000000138001480:   1e6e1019 eb08007f 540000ac 1f479400
0x0000000138001490:   1f460340 1e603b20 1400000e d2a7fd29
0x00000001380014a0:   eb09007f 540000ac 51480069 d3607d29
0x00000001380014b0:   9e670121 14000002 1e6a5001 1f679417
0x00000001380014c0:   1f668742 1e613b23 1e773857 1e773860
0x00000001380014d0:   a8c17ff3 910003bf a8c17bfd d65f03c0
0x00000001380014e0:   b9400001 aa0103e0 d65f03c0 f9400001
0x00000001380014f0:   aa0103e0 d65f03c0 00000000 00000000
0x0000000138001500:   00000000 00000000 00000000 00000000
0x0000000138001510:   00000000 00000000 00000000 00000000
0x0000000138001520:   00000000 00000000 00000000 00000000
0x0000000138001530:   00000000 00000000 00000000 00000000
0x0000000138001540:   00000000 00000000 00000000 00000000
0x0000000138001550:   00000000 00000000 00000000 00000000
0x0000000138001560:   00000000 00000000 00000000 00000000
0x0000000138001570:   00000000 00000000 00000000 00000000
0x0000000138001580:   00000000 00000000 00000000 00000000
0x0000000138001590:   00000000 00000000 00000000 00000000
0x00000001380015a0:   00000000 00000000 00000000 00000000
0x00000001380015b0:   00000000 00000000 00000000 00000000
0x00000001380015c0:   00000000 00000000 00000000 00000000
0x00000001380015d0:   00000000 00000000 00000000 00000000
0x00000001380015e0:   00000000 00000000 00000000 00000000 


Stack slot to memory mapping:
stack at sp + 0 slots: 0x0000000147520000 is pointing into metadata
stack at sp + 1 slots: 0x0000000000000001 is an unknown value
stack at sp + 2 slots: 0x000000016fdc69a8 is pointing into the stack for thread: 0x000000011f8cfc00
stack at sp + 3 slots: 0x0 is NULL
stack at sp + 4 slots: 0x000000011f839490 points into unknown readable memory: 0x0000000104e4f370 | 70 f3 e4 04 01 00 00 00
stack at sp + 5 slots: 0x00000001288061f0 is a global jni handle
stack at sp + 6 slots: 0x00000001288061f0 is a global jni handle
stack at sp + 7 slots: 0x00006000004702a0 points into unknown readable memory: 0x0000600002d7c170 | 70 c1 d7 02 00 60 00 00

StubRoutines::SafeFetchN [0x00000001380014ec, 0x00000001380014f8] (12 bytes)
[MachCode]
  0x00000001380014ec: 0100 40f9 | e003 01aa | c003 5fd6 
[/MachCode]

---------------  P R O C E S S  ---------------

Threads class SMR info:
_java_thread_list=0x0000600002f893c0, length=21, elements={
0x000000011f00dc00, 0x000000011f82ac00, 0x000000011f82d400, 0x0000000128013c00,
0x0000000128014200, 0x0000000128018600, 0x0000000128018c00, 0x0000000128019200,
0x0000000128021800, 0x0000000128029e00, 0x000000011c03ea00, 0x000000012e028200,
0x000000011f00e200, 0x000000011f8cfc00, 0x000000011f839200, 0x00000001281cc000,
0x000000011c152a00, 0x000000011f0f5e00, 0x000000012d053000, 0x000000012e029800,
0x000000011c89c200
}

Java Threads: ( => current thread )
  0x000000011f00dc00 JavaThread "main" [_thread_blocked, id=9987, stack(0x000000016cfb0000,0x000000016d1b3000)]
  0x000000011f82ac00 JavaThread "Reference Handler" daemon [_thread_blocked, id=17923, stack(0x000000016de04000,0x000000016e007000)]
  0x000000011f82d400 JavaThread "Finalizer" daemon [_thread_blocked, id=17667, stack(0x000000016e010000,0x000000016e213000)]
  0x0000000128013c00 JavaThread "Signal Dispatcher" daemon [_thread_blocked, id=23555, stack(0x000000016e334000,0x000000016e537000)]
  0x0000000128014200 JavaThread "Service Thread" daemon [_thread_blocked, id=43011, stack(0x000000016e540000,0x000000016e743000)]
  0x0000000128018600 JavaThread "Monitor Deflation Thread" daemon [_thread_blocked, id=24323, stack(0x000000016e74c000,0x000000016e94f000)]
  0x0000000128018c00 JavaThread "C2 CompilerThread0" daemon [_thread_blocked, id=42755, stack(0x000000016e958000,0x000000016eb5b000)]
  0x0000000128019200 JavaThread "C1 CompilerThread0" daemon [_thread_blocked, id=25091, stack(0x000000016eb64000,0x000000016ed67000)]
  0x0000000128021800 JavaThread "Sweeper thread" daemon [_thread_blocked, id=42243, stack(0x000000016ed70000,0x000000016ef73000)]
  0x0000000128029e00 JavaThread "Common-Cleaner" daemon [_thread_blocked, id=41987, stack(0x000000016ef7c000,0x000000016f17f000)]
  0x000000011c03ea00 JavaThread "Monitor Ctrl-Break" daemon [_thread_in_native, id=25859, stack(0x000000016f394000,0x000000016f597000)]
  0x000000012e028200 JavaThread "Notification Thread" daemon [_thread_blocked, id=40963, stack(0x000000016f5a0000,0x000000016f7a3000)]
  0x000000011f00e200 JavaThread "QuantumRenderer-0" daemon [_thread_blocked, id=26371, stack(0x000000016f9b8000,0x000000016fbbb000)]
=>0x000000011f8cfc00 JavaThread "InvokeLaterDispatcher" daemon [_thread_in_native, id=37383, stack(0x000000016fbc4000,0x000000016fdc7000)]
  0x000000011f839200 JavaThread "JavaFX Application Thread" [_thread_in_Java, id=259, stack(0x000000016c728000,0x000000016cf24000)]
  0x00000001281cc000 JavaThread "JavaFX-Launcher" [_thread_blocked, id=55559, stack(0x0000000280090000,0x0000000280293000)]
  0x000000011c152a00 JavaThread "mysql-cj-abandoned-connection-cleanup" daemon [_thread_blocked, id=71683, stack(0x0000000280cd8000,0x0000000280edb000)]
  0x000000011f0f5e00 JavaThread "Prism Font Disposer" daemon [_thread_blocked, id=70923, stack(0x0000000285744000,0x0000000285947000)]
  0x000000012d053000 JavaThread "Cleaner-0" daemon [_thread_blocked, id=76559, stack(0x000000028638c000,0x000000028658f000)]
  0x000000012e029800 JavaThread "Attach Listener" daemon [_thread_blocked, id=173343, stack(0x0000000286598000,0x000000028679b000)]
  0x000000011c89c200 JavaThread "PulseTimer-CVDisplayLink thread" daemon [_thread_in_native, id=41975, stack(0x000000016f188000,0x000000016f20b000)]

Other Threads:
  0x000000011ef08020 VMThread "VM Thread" [stack: 0x000000016dbf8000,0x000000016ddfb000] [id=18435]
  0x000000012880b750 WatcherThread "VM Periodic Task Thread" [stack: 0x000000016f7ac000,0x000000016f9af000] [id=40451]
  0x000000011ee08010 WorkerThread "GC Thread#0" [stack: 0x000000016d1bc000,0x000000016d3bf000] [id=20739]
  0x0000000103f25e20 WorkerThread "GC Thread#1" [stack: 0x000000028029c000,0x000000028049f000] [id=58883]
  0x00000001040048d0 WorkerThread "GC Thread#2" [stack: 0x00000002804a8000,0x00000002806ab000] [id=59139]
  0x0000000103d0c790 WorkerThread "GC Thread#3" [stack: 0x00000002806b4000,0x00000002808b7000] [id=72963]
  0x0000000104106650 WorkerThread "GC Thread#4" [stack: 0x00000002808c0000,0x0000000280ac3000] [id=72451]
  0x0000000103d0cc00 WorkerThread "GC Thread#5" [stack: 0x0000000280acc000,0x0000000280ccf000] [id=72195]
  0x0000000103f46710 WorkerThread "GC Thread#6" [stack: 0x0000000285950000,0x0000000285b53000] [id=70659]
  0x0000000103f46b80 WorkerThread "GC Thread#7" [stack: 0x0000000285b5c000,0x0000000285d5f000] [id=60419]
  0x000000011ee086b0 ConcurrentGCThread "G1 Main Marker" [stack: 0x000000016d3c8000,0x000000016d5cb000] [id=13571]
  0x000000011ee08f20 WorkerThread "G1 Conc#0" [stack: 0x000000016d5d4000,0x000000016d7d7000] [id=14339]
  0x000000011ef27f70 WorkerThread "G1 Conc#1" [stack: 0x0000000285d68000,0x0000000285f6b000] [id=70147]
  0x000000011ee15d80 ConcurrentGCThread "G1 Refine#0" [stack: 0x000000016d7e0000,0x000000016d9e3000] [id=19715]
  0x00000001040074a0 ConcurrentGCThread "G1 Refine#1" [stack: 0x0000000285f74000,0x0000000286177000] [id=69635]
  0x0000000104007a90 ConcurrentGCThread "G1 Refine#2" [stack: 0x0000000286180000,0x0000000286383000] [id=68867]
  0x0000000128805890 ConcurrentGCThread "G1 Service" [stack: 0x000000016d9ec000,0x000000016dbef000] [id=14851]

Threads with active compile tasks:

VM state: not at safepoint (normal execution)

VM Mutex/Monitor currently owned by a thread: None

Heap address: 0x0000000700000000, size: 4096 MB, Compressed Oops mode: Zero based, Oop shift amount: 3

CDS archive(s) mapped at: [0x0000000800000000-0x0000000800ba8000-0x0000000800ba8000), size 12222464, SharedBaseAddress: 0x0000000800000000, ArchiveRelocationMode: 0.
Compressed class space mapped at: 0x0000000800c00000-0x0000000840c00000, reserved size: 1073741824
Narrow klass base: 0x0000000800000000, Narrow klass shift: 0, Narrow klass range: 0x100000000

GC Precious Log:
 CardTable entry size: 512
 Card Set container configuration: InlinePtr #cards 4 size 8 Array Of Cards #cards 16 size 48 Howl #buckets 8 coarsen threshold 3686 Howl Bitmap #cards 512 size 80 coarsen threshold 460 Card regions per heap region 1 cards per card region 4096
 CPUs: 8 total, 8 available
 Memory: 16384M
 Large Page Support: Disabled
 NUMA Support: Disabled
 Compressed Oops: Enabled (Zero based)
 Heap Region Size: 2M
 Heap Min Capacity: 8M
 Heap Initial Capacity: 256M
 Heap Max Capacity: 4G
 Pre-touch: Disabled
 Parallel Workers: 8
 Concurrent Workers: 2
 Concurrent Refinement Workers: 8
 Periodic GC: Disabled

Heap:
 garbage-first heap   total 61440K, used 27298K [0x0000000700000000, 0x0000000800000000)
  region size 2048K, 12 young (24576K), 4 survivors (8192K)
 Metaspace       used 23861K, committed 24192K, reserved 1114112K
  class space    used 3185K, committed 3328K, reserved 1048576K

Heap Regions: E=young(eden), S=young(survivor), O=old, HS=humongous(starts), HC=humongous(continues), CS=collection set, F=free, OA=open archive, CA=closed archive, TAMS=top-at-mark-start (previous, next)
|   0|0x0000000700000000, 0x0000000700200000, 0x0000000700200000|100%| O|  |TAMS 0x0000000700000000, 0x0000000700000000| Untracked 
|   1|0x0000000700200000, 0x00000007002c0a00, 0x0000000700400000| 37%| O|  |TAMS 0x0000000700200000, 0x0000000700200000| Complete 
|   2|0x0000000700400000, 0x0000000700600000, 0x0000000700600000|100%|HS|  |TAMS 0x0000000700400000, 0x0000000700400000| Complete 
|   3|0x0000000700600000, 0x0000000700600000, 0x0000000700800000|  0%| F|  |TAMS 0x0000000700600000, 0x0000000700600000| Untracked 
|   4|0x0000000700800000, 0x0000000700800000, 0x0000000700a00000|  0%| F|  |TAMS 0x0000000700800000, 0x0000000700800000| Untracked 
|   5|0x0000000700a00000, 0x0000000700a00000, 0x0000000700c00000|  0%| F|  |TAMS 0x0000000700a00000, 0x0000000700a00000| Untracked 
|   6|0x0000000700c00000, 0x0000000700c00000, 0x0000000700e00000|  0%| F|  |TAMS 0x0000000700c00000, 0x0000000700c00000| Untracked 
|   7|0x0000000700e00000, 0x0000000700e00000, 0x0000000701000000|  0%| F|  |TAMS 0x0000000700e00000, 0x0000000700e00000| Untracked 
|   8|0x0000000701000000, 0x0000000701000000, 0x0000000701200000|  0%| F|  |TAMS 0x0000000701000000, 0x0000000701000000| Untracked 
|   9|0x0000000701200000, 0x0000000701200000, 0x0000000701400000|  0%| F|  |TAMS 0x0000000701200000, 0x0000000701200000| Untracked 
|  10|0x0000000701400000, 0x0000000701400000, 0x0000000701600000|  0%| F|  |TAMS 0x0000000701400000, 0x0000000701400000| Untracked 
|  11|0x0000000701600000, 0x0000000701600000, 0x0000000701800000|  0%| F|  |TAMS 0x0000000701600000, 0x0000000701600000| Untracked 
|  12|0x0000000701800000, 0x0000000701800000, 0x0000000701a00000|  0%| F|  |TAMS 0x0000000701800000, 0x0000000701800000| Untracked 
|  13|0x0000000701a00000, 0x0000000701a00000, 0x0000000701c00000|  0%| F|  |TAMS 0x0000000701a00000, 0x0000000701a00000| Untracked 
|  14|0x0000000701c00000, 0x0000000701c00000, 0x0000000701e00000|  0%| F|  |TAMS 0x0000000701c00000, 0x0000000701c00000| Untracked 
|  15|0x0000000701e00000, 0x0000000701e00000, 0x0000000702000000|  0%| F|  |TAMS 0x0000000701e00000, 0x0000000701e00000| Untracked 
|  16|0x0000000702000000, 0x00000007021a2288, 0x0000000702200000| 81%| E|  |TAMS 0x0000000702000000, 0x0000000702000000| Complete 
|  17|0x0000000702200000, 0x0000000702400000, 0x0000000702400000|100%| E|CS|TAMS 0x0000000702200000, 0x0000000702200000| Complete 
|  18|0x0000000702400000, 0x0000000702600000, 0x0000000702600000|100%| E|CS|TAMS 0x0000000702400000, 0x0000000702400000| Complete 
|  19|0x0000000702600000, 0x0000000702800000, 0x0000000702800000|100%| E|  |TAMS 0x0000000702600000, 0x0000000702600000| Complete 
|  20|0x0000000702800000, 0x0000000702a00000, 0x0000000702a00000|100%| E|CS|TAMS 0x0000000702800000, 0x0000000702800000| Complete 
|  21|0x0000000702a00000, 0x0000000702c00000, 0x0000000702c00000|100%| E|CS|TAMS 0x0000000702a00000, 0x0000000702a00000| Complete 
|  22|0x0000000702c00000, 0x0000000702e00000, 0x0000000702e00000|100%| E|CS|TAMS 0x0000000702c00000, 0x0000000702c00000| Complete 
| 101|0x000000070ca00000, 0x000000070cc00000, 0x000000070cc00000|100%| S|CS|TAMS 0x000000070ca00000, 0x000000070ca00000| Complete 
| 102|0x000000070cc00000, 0x000000070ce00000, 0x000000070ce00000|100%| S|CS|TAMS 0x000000070cc00000, 0x000000070cc00000| Complete 
| 103|0x000000070ce00000, 0x000000070d000000, 0x000000070d000000|100%| S|CS|TAMS 0x000000070ce00000, 0x000000070ce00000| Complete 
| 104|0x000000070d000000, 0x000000070d200000, 0x000000070d200000|100%| S|CS|TAMS 0x000000070d000000, 0x000000070d000000| Complete 
| 127|0x000000070fe00000, 0x0000000710000000, 0x0000000710000000|100%| E|CS|TAMS 0x000000070fe00000, 0x000000070fe00000| Complete 
|2046|0x00000007ffc00000, 0x00000007ffd74000, 0x00000007ffe00000| 72%|OA|  |TAMS 0x00000007ffd74000, 0x00000007ffc00000| Untracked 
|2047|0x00000007ffe00000, 0x00000007ffe74000, 0x0000000800000000| 22%|CA|  |TAMS 0x00000007ffe74000, 0x00000007ffe00000| Untracked 

Card table byte_map: [0x000000010caec000,0x000000010d2ec000] _byte_map_base: 0x00000001092ec000

Marking Bits (Prev, Next): (CMBitMap*) 0x000000011f03bc50, (CMBitMap*) 0x000000011f03bc10
 Prev Bits: [0x0000000128900000, 0x000000012c900000)
 Next Bits: [0x0000000118000000, 0x000000011c000000)

Polling page: 0x0000000103060000

Metaspace:

Usage:
  Non-class:     20.19 MB used.
      Class:      3.11 MB used.
       Both:     23.30 MB used.

Virtual space:
  Non-class space:       64.00 MB reserved,      20.38 MB ( 32%) committed,  1 nodes.
      Class space:        1.00 GB reserved,       3.25 MB ( <1%) committed,  1 nodes.
             Both:        1.06 GB reserved,      23.62 MB (  2%) committed. 

Chunk freelists:
   Non-Class:  3.59 MB
       Class:  640.00 KB
        Both:  4.22 MB

MaxMetaspaceSize: unlimited
CompressedClassSpaceSize: 1.00 GB
Initial GC threshold: 21.00 MB
Current GC threshold: 35.25 MB
CDS: on
MetaspaceReclaimPolicy: balanced
 - commit_granule_bytes: 65536.
 - commit_granule_words: 8192.
 - virtual_space_node_default_size: 8388608.
 - enlarge_chunks_in_place: 1.
 - new_chunks_are_fully_committed: 0.
 - uncommit_free_chunks: 1.
 - use_allocation_guard: 0.


Internal statistics:

num_allocs_failed_limit: 3.
num_arena_births: 312.
num_arena_deaths: 0.
num_vsnodes_births: 2.
num_vsnodes_deaths: 0.
num_space_committed: 378.
num_space_uncommitted: 0.
num_chunks_returned_to_freelist: 3.
num_chunks_taken_from_freelist: 925.
num_chunk_merges: 0.
num_chunk_splits: 669.
num_chunks_enlarged: 535.
num_inconsistent_stats: 0.

CodeHeap 'non-profiled nmethods': size=120032Kb used=1342Kb max_used=1342Kb free=118689Kb
 bounds [0x000000013fac8000, 0x000000013fd38000, 0x0000000147000000]
CodeHeap 'profiled nmethods': size=120016Kb used=6151Kb max_used=6151Kb free=113865Kb
 bounds [0x0000000138594000, 0x0000000138ba4000, 0x000000013fac8000]
CodeHeap 'non-nmethods': size=5712Kb used=1479Kb max_used=1522Kb free=4232Kb
 bounds [0x0000000138000000, 0x0000000138270000, 0x0000000138594000]
 total_blobs=3997 nmethods=3123 adapters=789
 compilation: enabled
              stopped_count=0, restarted_count=0
 full_count=0

Compilation events (20 events):
Event: 5.188 Thread 0x0000000128019200 3181       3       javafx.scene.input.MouseEvent::<init> (45 bytes)
Event: 5.189 Thread 0x0000000128019200 nmethod 3181 0x0000000138b8eb90 code [0x0000000138b8ed40, 0x0000000138b8ef98]
Event: 5.189 Thread 0x0000000128019200 3182       3       javafx.scene.input.MouseEvent::<init> (208 bytes)
Event: 5.190 Thread 0x0000000128019200 nmethod 3182 0x0000000138b8f110 code [0x0000000138b8f340, 0x0000000138b8fab8]
Event: 5.190 Thread 0x0000000128019200 3183       3       javafx.scene.input.InputEvent::<init> (8 bytes)
Event: 5.190 Thread 0x0000000128019200 nmethod 3183 0x0000000138b8fe90 code [0x0000000138b90040, 0x0000000138b901d8]
Event: 5.190 Thread 0x0000000128019200 3184       3       javafx.scene.input.MouseEvent$Flags::<init> (10 bytes)
Event: 5.190 Thread 0x0000000128019200 nmethod 3184 0x0000000138b90290 code [0x0000000138b90440, 0x0000000138b905e8]
Event: 5.190 Thread 0x0000000128019200 3180       1       javafx.scene.Scene::isDepthBuffer (5 bytes)
Event: 5.190 Thread 0x0000000128019200 nmethod 3180 0x000000013fc16e90 code [0x000000013fc17000, 0x000000013fc170e8]
Event: 5.196 Thread 0x0000000128019200 3185       1       com.sun.javafx.tk.quantum.GlassScene::getStage (5 bytes)
Event: 5.196 Thread 0x0000000128019200 nmethod 3185 0x000000013fc17190 code [0x000000013fc17300, 0x000000013fc173e8]
Event: 5.196 Thread 0x0000000128019200 3186       1       javafx.scene.input.MouseEvent::getPickResult (5 bytes)
Event: 5.197 Thread 0x0000000128019200 nmethod 3186 0x000000013fc17490 code [0x000000013fc17600, 0x000000013fc176e8]
Event: 5.197 Thread 0x0000000128019200 3187       3       com.sun.javafx.event.CompositeEventHandler$NormalEventHandlerRecord::handleBubblingEvent (11 bytes)
Event: 5.197 Thread 0x0000000128019200 nmethod 3187 0x0000000138b90690 code [0x0000000138b90840, 0x0000000138b90a58]
Event: 5.197 Thread 0x0000000128019200 3188       3       javafx.event.Event::consume (6 bytes)
Event: 5.197 Thread 0x0000000128019200 nmethod 3188 0x0000000138b90b10 code [0x0000000138b90cc0, 0x0000000138b90de8]
Event: 5.204 Thread 0x0000000128019200 3189       3       javafx.scene.Scene$TargetWrapper::set (11 bytes)
Event: 5.205 Thread 0x0000000128019200 nmethod 3189 0x0000000138b90e90 code [0x0000000138b91040, 0x0000000138b91228]

GC Heap History (4 events):
Event: 0.324 GC heap before
{Heap before GC invocations=0 (full 0):
 garbage-first heap   total 266240K, used 24480K [0x0000000700000000, 0x0000000800000000)
  region size 2048K, 11 young (22528K), 0 survivors (0K)
 Metaspace       used 7048K, committed 7232K, reserved 1114112K
  class space    used 868K, committed 960K, reserved 1048576K
}
Event: 0.326 GC heap after
{Heap after GC invocations=1 (full 0):
 garbage-first heap   total 266240K, used 4823K [0x0000000700000000, 0x0000000800000000)
  region size 2048K, 2 young (4096K), 2 survivors (4096K)
 Metaspace       used 7048K, committed 7232K, reserved 1114112K
  class space    used 868K, committed 960K, reserved 1048576K
}
Event: 0.866 GC heap before
{Heap before GC invocations=1 (full 0):
 garbage-first heap   total 266240K, used 45783K [0x0000000700000000, 0x0000000800000000)
  region size 2048K, 23 young (47104K), 2 survivors (4096K)
 Metaspace       used 21276K, committed 21504K, reserved 1114112K
  class space    used 2814K, committed 2944K, reserved 1048576K
}
Event: 0.869 GC heap after
{Heap after GC invocations=2 (full 0):
 garbage-first heap   total 266240K, used 12962K [0x0000000700000000, 0x0000000800000000)
  region size 2048K, 4 young (8192K), 4 survivors (8192K)
 Metaspace       used 21276K, committed 21504K, reserved 1114112K
  class space    used 2814K, committed 2944K, reserved 1048576K
}

Deoptimization events (20 events):
Event: 1.126 Thread 0x000000011f00e200 DEOPT PACKING pc=0x0000000138a87674 sp=0x000000016fbb8ba0
Event: 1.126 Thread 0x000000011f00e200 DEOPT UNPACKING pc=0x000000013803eb7c sp=0x000000016fbb8800 mode 0
Event: 1.127 Thread 0x000000011f00e200 DEOPT PACKING pc=0x0000000138a87760 sp=0x000000016fbb8ba0
Event: 1.127 Thread 0x000000011f00e200 DEOPT UNPACKING pc=0x000000013803eb7c sp=0x000000016fbb8800 mode 0
Event: 1.127 Thread 0x000000011f00e200 DEOPT PACKING pc=0x0000000138a87760 sp=0x000000016fbb8ba0
Event: 1.127 Thread 0x000000011f00e200 DEOPT UNPACKING pc=0x000000013803eb7c sp=0x000000016fbb8800 mode 0
Event: 1.148 Thread 0x000000012e029800 DEOPT PACKING pc=0x000000013896a524 sp=0x0000000286799ce0
Event: 1.148 Thread 0x000000012e029800 DEOPT UNPACKING pc=0x000000013803eb7c sp=0x0000000286799a40 mode 3
Event: 1.148 Thread 0x000000012e029800 DEOPT PACKING pc=0x00000001389430d8 sp=0x0000000286799860
Event: 1.148 Thread 0x000000012e029800 DEOPT UNPACKING pc=0x000000013803eb7c sp=0x00000002867995b0 mode 3
Event: 2.895 Thread 0x000000011f00e200 DEOPT PACKING pc=0x0000000138aad860 sp=0x000000016fbb8040
Event: 2.895 Thread 0x000000011f00e200 DEOPT UNPACKING pc=0x000000013803eb7c sp=0x000000016fbb7c60 mode 0
Event: 2.899 Thread 0x000000011f00e200 DEOPT PACKING pc=0x0000000138a96ce4 sp=0x000000016fbb8b30
Event: 2.899 Thread 0x000000011f00e200 DEOPT UNPACKING pc=0x000000013803eb7c sp=0x000000016fbb86e0 mode 0
Event: 3.568 Thread 0x000000011f00e200 DEOPT PACKING pc=0x0000000138ae59b0 sp=0x000000016fbb7f20
Event: 3.568 Thread 0x000000011f00e200 DEOPT UNPACKING pc=0x000000013803eb7c sp=0x000000016fbb7b20 mode 0
Event: 3.572 Thread 0x000000011f00e200 DEOPT PACKING pc=0x0000000138a92ae4 sp=0x000000016fbb8000
Event: 3.572 Thread 0x000000011f00e200 DEOPT UNPACKING pc=0x000000013803eb7c sp=0x000000016fbb7ca0 mode 0
Event: 3.577 Thread 0x000000011f00e200 DEOPT PACKING pc=0x0000000138a92ae4 sp=0x000000016fbb85d0
Event: 3.577 Thread 0x000000011f00e200 DEOPT UNPACKING pc=0x000000013803eb7c sp=0x000000016fbb8270 mode 0

Classes loaded (20 events):
Event: 1.146 Loading class sun/util/cldr/CLDRTimeZoneNameProviderImpl
Event: 1.146 Loading class sun/util/locale/provider/TimeZoneNameProviderImpl
Event: 1.146 Loading class sun/util/locale/provider/TimeZoneNameProviderImpl done
Event: 1.146 Loading class sun/util/cldr/CLDRTimeZoneNameProviderImpl done
Event: 1.147 Loading class sun/util/resources/cldr/TimeZoneNames
Event: 1.147 Loading class sun/util/resources/TimeZoneNamesBundle
Event: 1.147 Loading class sun/util/resources/OpenListResourceBundle
Event: 1.147 Loading class sun/util/resources/OpenListResourceBundle done
Event: 1.147 Loading class sun/util/resources/TimeZoneNamesBundle done
Event: 1.147 Loading class sun/util/resources/cldr/TimeZoneNames done
Event: 1.147 Loading class sun/util/resources/cldr/TimeZoneNames_en
Event: 1.147 Loading class sun/util/resources/cldr/TimeZoneNames_en done
Event: 1.147 Loading class sun/util/resources/cldr/TimeZoneNames_en_US
Event: 1.147 Loading class sun/util/resources/cldr/TimeZoneNames_en_US done
Event: 2.209 Loading class java/util/EnumMap$Values
Event: 2.210 Loading class java/util/EnumMap$Values done
Event: 2.210 Loading class java/util/EnumMap$ValueIterator
Event: 2.210 Loading class java/util/EnumMap$EnumMapIterator
Event: 2.210 Loading class java/util/EnumMap$EnumMapIterator done
Event: 2.210 Loading class java/util/EnumMap$ValueIterator done

Classes unloaded (0 events):
No events

Classes redefined (0 events):
No events

Internal exceptions (20 events):
Event: 0.430 Thread 0x000000011f839200 Exception <a 'java/lang/NoSuchMethodError'{0x000000070f5b8ba0}: 'java.lang.Object java.lang.invoke.DirectMethodHandle$Holder.invokeVirtual(java.lang.Object, java.lang.Object, java.lang.Object)'> (0x000000070f5b8ba0) 
thrown [open/src/hotspot/share/interpreter/linkResolver.cpp, line 766]
Event: 0.454 Thread 0x000000011f839200 Exception <a 'sun/nio/fs/UnixException'{0x000000070f0ae518}> (0x000000070f0ae518) 
thrown [open/src/hotspot/share/prims/jni.cpp, line 516]
Event: 0.482 Thread 0x000000011f839200 Exception <a 'sun/nio/fs/UnixException'{0x000000070ef04ae0}> (0x000000070ef04ae0) 
thrown [open/src/hotspot/share/prims/jni.cpp, line 516]
Event: 0.507 Thread 0x000000011f839200 Exception <a 'sun/nio/fs/UnixException'{0x000000070ecf2318}> (0x000000070ecf2318) 
thrown [open/src/hotspot/share/prims/jni.cpp, line 516]
Event: 0.646 Thread 0x000000011f839200 Implicit null exception at 0x000000013fb07bf8 to 0x000000013fb07c88
Event: 0.677 Thread 0x000000011f839200 Implicit null exception at 0x000000013fb3bdd4 to 0x000000013fb3bfd0
Event: 0.688 Thread 0x000000011f839200 Exception <a 'java/lang/ClassNotFoundException'{0x000000070dae7ed0}: com/sun/javafx/scene/control/skin/resources/controls> (0x000000070dae7ed0) 
thrown [open/src/hotspot/share/prims/jni.cpp, line 535]
Event: 0.688 Thread 0x000000011f839200 Exception <a 'java/lang/ClassNotFoundException'{0x000000070daf5e70}: com/sun/javafx/scene/control/skin/resources/controls_en> (0x000000070daf5e70) 
thrown [open/src/hotspot/share/prims/jni.cpp, line 535]
Event: 0.688 Thread 0x000000011f839200 Exception <a 'java/lang/ClassNotFoundException'{0x000000070daf6e08}: com/sun/javafx/scene/control/skin/resources/controls_en_US> (0x000000070daf6e08) 
thrown [open/src/hotspot/share/prims/jni.cpp, line 535]
Event: 0.698 Thread 0x000000011f839200 Exception <a 'java/lang/NoSuchMethodError'{0x000000070d87e608}: 'java.lang.Object java.lang.invoke.DirectMethodHandle$Holder.invokeInterface(java.lang.Object, java.lang.Object, java.lang.Object)'> (0x000000070d87e608) 
thrown [open/src/hotspot/share/interpreter/linkResolver.cpp, line 766]
Event: 0.698 Thread 0x000000011f839200 Exception <a 'java/lang/IncompatibleClassChangeError'{0x000000070d881cc8}: Found class java.lang.Object, but interface was expected> (0x000000070d881cc8) 
thrown [open/src/hotspot/share/interpreter/linkResolver.cpp, line 833]
Event: 0.840 Thread 0x000000011f839200 Exception <a 'java/lang/NoSuchMethodError'{0x000000070d53fc40}: 'double java.lang.invoke.DirectMethodHandle$Holder.invokeVirtual(java.lang.Object, java.lang.Object)'> (0x000000070d53fc40) 
thrown [open/src/hotspot/share/interpreter/linkResolver.cpp, line 766]
Event: 0.841 Thread 0x000000011f839200 Exception <a 'java/lang/NoSuchMethodError'{0x000000070d544008}: 'double java.lang.invoke.DelegatingMethodHandle$Holder.reinvoke_L(java.lang.Object, java.lang.Object)'> (0x000000070d544008) 
thrown [open/src/hotspot/share/interpreter/linkResolver.cpp, line 766]
Event: 0.864 Thread 0x000000011f839200 Exception <a 'java/lang/NoSuchMethodError'{0x000000070d35ef40}: 'int java.lang.invoke.DirectMethodHandle$Holder.invokeSpecial(java.lang.Object, java.lang.Object, int)'> (0x000000070d35ef40) 
thrown [open/src/hotspot/share/interpreter/linkResolver.cpp, line 766]
Event: 0.865 Thread 0x000000011f839200 Exception <a 'java/lang/NoSuchMethodError'{0x000000070d366448}: 'int java.lang.invoke.DirectMethodHandle$Holder.invokeSpecial(java.lang.Object, java.lang.Object, java.lang.Object, int)'> (0x000000070d366448) 
thrown [open/src/hotspot/share/interpreter/linkResolver.cpp, line 766]
Event: 0.865 Thread 0x000000011f839200 Exception <a 'java/lang/NoSuchMethodError'{0x000000070d36ddb0}: 'int java.lang.invoke.DirectMethodHandle$Holder.invokeSpecial(java.lang.Object, java.lang.Object, java.lang.Object)'> (0x000000070d36ddb0) 
thrown [open/src/hotspot/share/interpreter/linkResolver.cpp, line 766]
Event: 0.931 Thread 0x000000011f839200 Exception <a 'java/lang/NoSuchMethodError'{0x0000000702aba378}: 'java.lang.Object java.lang.invoke.DirectMethodHandle$Holder.newInvokeSpecial(java.lang.Object, java.lang.Object, int)'> (0x0000000702aba378) 
thrown [open/src/hotspot/share/interpreter/linkResolver.cpp, line 766]
Event: 0.964 Thread 0x000000011f839200 Exception <a 'java/lang/NoSuchMethodError'{0x0000000702ad7d08}: 'java.lang.Object java.lang.invoke.DirectMethodHandle$Holder.invokeSpecial(java.lang.Object, java.lang.Object, double, java.lang.Object, java.lang.Object)'> (0x0000000702ad7d08) 
thrown [open/src/hotspot/share/interpreter/linkResolver.cpp, line 766]
Event: 1.010 Thread 0x000000011f00e200 Exception <a 'java/lang/NoSuchMethodError'{0x0000000702975dd0}: 'int java.lang.invoke.DirectMethodHandle$Holder.invokeStaticInit(java.lang.Object, java.lang.Object)'> (0x0000000702975dd0) 
thrown [open/src/hotspot/share/interpreter/linkResolver.cpp, line 766]
Event: 1.117 Thread 0x000000011f00e200 Exception <a 'java/lang/NoSuchMethodError'{0x00000007025bb158}: 'java.lang.Object java.lang.invoke.DirectMethodHandle$Holder.invokeStaticInit(java.lang.Object, int)'> (0x00000007025bb158) 
thrown [open/src/hotspot/share/interpreter/linkResolver.cpp, line 766]

VM Operations (20 events):
Event: 0.831 Executing VM operation: HandshakeAllThreads
Event: 0.831 Executing VM operation: HandshakeAllThreads done
Event: 0.845 Executing VM operation: ICBufferFull
Event: 0.845 Executing VM operation: ICBufferFull done
Event: 0.866 Executing VM operation: CollectForMetadataAllocation
Event: 0.870 Executing VM operation: CollectForMetadataAllocation done
Event: 0.874 Executing VM operation: G1Concurrent
Event: 0.875 Executing VM operation: G1Concurrent done
Event: 0.876 Executing VM operation: G1Concurrent
Event: 0.877 Executing VM operation: G1Concurrent done
Event: 0.981 Executing VM operation: ICBufferFull
Event: 0.983 Executing VM operation: ICBufferFull done
Event: 1.925 Executing VM operation: ICBufferFull
Event: 1.925 Executing VM operation: ICBufferFull done
Event: 2.928 Executing VM operation: Cleanup
Event: 2.928 Executing VM operation: Cleanup done
Event: 3.933 Executing VM operation: Cleanup
Event: 3.933 Executing VM operation: Cleanup done
Event: 4.937 Executing VM operation: Cleanup
Event: 4.937 Executing VM operation: Cleanup done

Events (20 events):
Event: 1.777 Protecting memory [0x000000016fdd0000,0x000000016fddc000] with protection modes 0
Event: 1.777 Thread 0x000000012d053600 Thread added: 0x000000012d053600
Event: 1.911 Protecting memory [0x000000016f188000,0x000000016f194000] with protection modes 3
Event: 1.911 Thread 0x000000011f06c200 Thread exited: 0x000000011f06c200
Event: 2.194 Protecting memory [0x000000016fdd0000,0x000000016fddc000] with protection modes 3
Event: 2.194 Thread 0x000000012d053600 Thread exited: 0x000000012d053600
Event: 2.878 Protecting memory [0x000000016f188000,0x000000016f194000] with protection modes 0
Event: 2.878 Thread 0x000000011c113200 Thread added: 0x000000011c113200
Event: 3.160 Protecting memory [0x000000016f188000,0x000000016f194000] with protection modes 3
Event: 3.160 Thread 0x000000011c113200 Thread exited: 0x000000011c113200
Event: 3.560 Protecting memory [0x000000016f188000,0x000000016f194000] with protection modes 0
Event: 3.560 Thread 0x000000011c89c200 Thread added: 0x000000011c89c200
Event: 3.844 Protecting memory [0x000000016f188000,0x000000016f194000] with protection modes 3
Event: 3.844 Thread 0x000000011c89c200 Thread exited: 0x000000011c89c200
Event: 4.794 Protecting memory [0x000000016f188000,0x000000016f194000] with protection modes 0
Event: 4.794 Thread 0x000000012e029e00 Thread added: 0x000000012e029e00
Event: 5.078 Protecting memory [0x000000016f188000,0x000000016f194000] with protection modes 3
Event: 5.078 Thread 0x000000012e029e00 Thread exited: 0x000000012e029e00
Event: 5.111 Protecting memory [0x000000016f188000,0x000000016f194000] with protection modes 0
Event: 5.111 Thread 0x000000011c89c200 Thread added: 0x000000011c89c200


Dynamic libraries:
0x0000000103010000 	/Users/danielweiner/Library/Java/JavaVirtualMachines/openjdk-18/Contents/Home/lib/libjli.dylib
0x00000001c91ac000 	/usr/lib/libz.1.dylib
0x00000001c9263000 	/usr/lib/libSystem.B.dylib
0x00000001c925d000 	/usr/lib/system/libcache.dylib
0x00000001c921b000 	/usr/lib/system/libcommonCrypto.dylib
0x00000001c9244000 	/usr/lib/system/libcompiler_rt.dylib
0x00000001c923b000 	/usr/lib/system/libcopyfile.dylib
0x00000001be4a3000 	/usr/lib/system/libcorecrypto.dylib
0x00000001be556000 	/usr/lib/system/libdispatch.dylib
0x00000001be724000 	/usr/lib/system/libdyld.dylib
0x00000001c9253000 	/usr/lib/system/libkeymgr.dylib
0x00000001c91f6000 	/usr/lib/system/libmacho.dylib
0x00000001c88eb000 	/usr/lib/system/libquarantine.dylib
0x00000001c9250000 	/usr/lib/system/libremovefile.dylib
0x00000001c388c000 	/usr/lib/system/libsystem_asl.dylib
0x00000001be445000 	/usr/lib/system/libsystem_blocks.dylib
0x00000001be5de000 	/usr/lib/system/libsystem_c.dylib
0x00000001c9248000 	/usr/lib/system/libsystem_collections.dylib
0x00000001c7d79000 	/usr/lib/system/libsystem_configuration.dylib
0x00000001c6fd5000 	/usr/lib/system/libsystem_containermanager.dylib
0x00000001c8f58000 	/usr/lib/system/libsystem_coreservices.dylib
0x00000001c0e4c000 	/usr/lib/system/libsystem_darwin.dylib
0x00000001c9254000 	/usr/lib/system/libsystem_dnssd.dylib
0x00000001be5db000 	/usr/lib/system/libsystem_featureflags.dylib
0x00000001be739000 	/usr/lib/system/libsystem_info.dylib
0x00000001c91be000 	/usr/lib/system/libsystem_m.dylib
0x00000001be52b000 	/usr/lib/system/libsystem_malloc.dylib
0x00000001c381b000 	/usr/lib/system/libsystem_networkextension.dylib
0x00000001c12a5000 	/usr/lib/system/libsystem_notify.dylib
0x00000001cf5a1000 	/usr/lib/system/libsystem_product_info_filter.dylib
0x00000001c7d7e000 	/usr/lib/system/libsystem_sandbox.dylib
0x00000001c924d000 	/usr/lib/system/libsystem_secinit.dylib
0x00000001be6df000 	/usr/lib/system/libsystem_kernel.dylib
0x00000001be731000 	/usr/lib/system/libsystem_platform.dylib
0x00000001be717000 	/usr/lib/system/libsystem_pthread.dylib
0x00000001c4fe4000 	/usr/lib/system/libsystem_symptoms.dylib
0x00000001be489000 	/usr/lib/system/libsystem_trace.dylib
0x00000001c9228000 	/usr/lib/system/libunwind.dylib
0x00000001be447000 	/usr/lib/system/libxpc.dylib
0x00000001be6c7000 	/usr/lib/libc++abi.dylib
0x00000001be59d000 	/usr/lib/libobjc.A.dylib
0x00000001c9233000 	/usr/lib/liboah.dylib
0x00000001be660000 	/usr/lib/libc++.1.dylib
0x00000001d50ba000 	/System/Library/Frameworks/Cocoa.framework/Versions/A/Cocoa
0x00000001c1306000 	/System/Library/Frameworks/AppKit.framework/Versions/C/AppKit
0x00000001c480c000 	/System/Library/Frameworks/CoreData.framework/Versions/A/CoreData
0x00000001bf661000 	/System/Library/Frameworks/Foundation.framework/Versions/C/Foundation
0x00000001c21be000 	/System/Library/PrivateFrameworks/UIFoundation.framework/Versions/A/UIFoundation
0x00000001cf29b000 	/System/Library/PrivateFrameworks/RemoteViewServices.framework/Versions/A/RemoteViewServices
0x00000001c7721000 	/System/Library/PrivateFrameworks/XCTTargetBootstrap.framework/Versions/A/XCTTargetBootstrap
0x00000001caf9f000 	/System/Library/PrivateFrameworks/InternationalSupport.framework/Versions/A/InternationalSupport
0x00000001cb028000 	/System/Library/PrivateFrameworks/UserActivity.framework/Versions/A/UserActivity
0x00000001ca49a000 	/usr/lib/libspindump.dylib
0x00000001c242f000 	/System/Library/Frameworks/UniformTypeIdentifiers.framework/Versions/A/UniformTypeIdentifiers
0x00000001c5c6c000 	/usr/lib/libapp_launch_measurement.dylib
0x00000001c5196000 	/System/Library/PrivateFrameworks/CoreAnalytics.framework/Versions/A/CoreAnalytics
0x00000001c5c6f000 	/System/Library/PrivateFrameworks/CoreAutoLayout.framework/Versions/A/CoreAutoLayout
0x00000001c7012000 	/System/Library/Frameworks/Metal.framework/Versions/A/Metal
0x00000001c7d89000 	/usr/lib/liblangid.dylib
0x00000001c7726000 	/System/Library/PrivateFrameworks/CoreSVG.framework/Versions/A/CoreSVG
0x00000001c38c0000 	/System/Library/PrivateFrameworks/SkyLight.framework/Versions/A/SkyLight
0x00000001c3c95000 	/System/Library/Frameworks/CoreGraphics.framework/Versions/A/CoreGraphics
0x00000001cf967000 	/System/Library/Frameworks/Accelerate.framework/Versions/A/Accelerate
0x00000001c9f11000 	/System/Library/PrivateFrameworks/IconServices.framework/Versions/A/IconServices
0x00000001c6ff4000 	/System/Library/Frameworks/IOSurface.framework/Versions/A/IOSurface
0x00000001c51c7000 	/usr/lib/libDiagnosticMessagesClient.dylib
0x00000001d2e68000 	/System/Library/Frameworks/ApplicationServices.framework/Versions/A/ApplicationServices
0x00000001c7709000 	/System/Library/PrivateFrameworks/DFRFoundation.framework/Versions/A/DFRFoundation
0x00000001c0b96000 	/usr/lib/libicucore.A.dylib
0x00000001cbe4b000 	/System/Library/Frameworks/AudioToolbox.framework/Versions/A/AudioToolbox
0x00000001cafab000 	/System/Library/PrivateFrameworks/DataDetectorsCore.framework/Versions/A/DataDetectorsCore
0x00000001e18eb000 	/System/Library/PrivateFrameworks/TextInput.framework/Versions/A/TextInput
0x00000001c3835000 	/usr/lib/libMobileGestalt.dylib
0x00000001c73d5000 	/System/Library/Frameworks/Carbon.framework/Versions/A/Frameworks/HIToolbox.framework/Versions/A/HIToolbox
0x00000001c5648000 	/System/Library/Frameworks/QuartzCore.framework/Versions/A/QuartzCore
0x00000001c0819000 	/System/Library/Frameworks/Security.framework/Versions/A/Security
0x00000001cf2db000 	/System/Library/Frameworks/Carbon.framework/Versions/A/Frameworks/SpeechRecognition.framework/Versions/A/SpeechRecognition
0x00000001c59c2000 	/System/Library/PrivateFrameworks/CoreUI.framework/Versions/A/CoreUI
0x00000001c00f6000 	/System/Library/Frameworks/CoreAudio.framework/Versions/A/CoreAudio
0x00000001c52bc000 	/System/Library/Frameworks/DiskArbitration.framework/Versions/A/DiskArbitration
0x00000001ca8a4000 	/System/Library/PrivateFrameworks/MultitouchSupport.framework/Versions/A/MultitouchSupport
0x00000001c3833000 	/usr/lib/libenergytrace.dylib
0x00000001c11ce000 	/System/Library/Frameworks/IOKit.framework/Versions/A/IOKit
0x00000001cf6ca000 	/System/Library/Frameworks/CoreServices.framework/Versions/A/CoreServices
0x00000001c5bfc000 	/System/Library/PrivateFrameworks/PerformanceAnalysis.framework/Versions/A/PerformanceAnalysis
0x000000021fbd3000 	/System/Library/Frameworks/OpenGL.framework/Versions/A/OpenGL
0x00000001c8803000 	/System/Library/PrivateFrameworks/MobileKeyBag.framework/Versions/A/MobileKeyBag
0x00000001c42a2000 	/System/Library/Frameworks/ColorSync.framework/Versions/A/ColorSync
0x00000001be766000 	/System/Library/Frameworks/CoreFoundation.framework/Versions/A/CoreFoundation
0x00000001c79a5000 	/System/Library/Frameworks/CoreImage.framework/Versions/A/CoreImage
0x00000001bff1a000 	/System/Library/Frameworks/CoreText.framework/Versions/A/CoreText
0x00000001c7756000 	/System/Library/Frameworks/ImageIO.framework/Versions/A/ImageIO
0x00000001c9269000 	/System/Library/PrivateFrameworks/SoftLinking.framework/Versions/A/SoftLinking
0x00000001c5cba000 	/usr/lib/libxml2.2.dylib
0x00000001c9502000 	/usr/lib/libcompression.dylib
0x00000001caefb000 	/System/Library/PrivateFrameworks/TextureIO.framework/Versions/A/TextureIO
0x00000001c9c2a000 	/usr/lib/libate.dylib
0x00000001c9aef000 	/usr/lib/liblzma.5.dylib
0x00000001bf355000 	/System/Library/Frameworks/SystemConfiguration.framework/Versions/A/SystemConfiguration
0x00000001c9265000 	/usr/lib/libfakelink.dylib
0x00000001c3367000 	/System/Library/Frameworks/CFNetwork.framework/Versions/A/CFNetwork
0x00000001c93ab000 	/usr/lib/libarchive.2.dylib
0x00000001c7d85000 	/System/Library/PrivateFrameworks/AppleSystemInfo.framework/Versions/A/AppleSystemInfo
0x00000001c8916000 	/usr/lib/libbsm.0.dylib
0x00000001c28d8000 	/usr/lib/libnetwork.dylib
0x00000001c91ff000 	/usr/lib/system/libkxld.dylib
0x00000001c8529000 	/System/Library/PrivateFrameworks/IOMobileFramebuffer.framework/Versions/A/IOMobileFramebuffer
0x000000023d4ff000 	/usr/lib/libCoreEntitlements.dylib
0x00000001c8f3a000 	/System/Library/PrivateFrameworks/AppleFSCompression.framework/Versions/A/AppleFSCompression
0x00000001c88fe000 	/usr/lib/libcoretls.dylib
0x00000001c9b08000 	/usr/lib/libcoretls_cfhelpers.dylib
0x00000001c94fd000 	/usr/lib/libpam.2.dylib
0x00000001c4bfb000 	/usr/lib/libsqlite3.dylib
0x00000001c9b71000 	/usr/lib/libxar.1.dylib
0x00000001c8f4b000 	/usr/lib/libbz2.1.0.dylib
0x00000001c926a000 	/usr/lib/libpcap.A.dylib
0x00000001c4fdb000 	/usr/lib/libdns_services.dylib
0x00000001c94d0000 	/usr/lib/libapple_nghttp2.dylib
0x00000001c92a7000 	/usr/lib/libiconv.2.dylib
0x00000001c91f5000 	/usr/lib/libcharset.1.dylib
0x00000001c5c38000 	/System/Library/Frameworks/CoreServices.framework/Versions/A/Frameworks/FSEvents.framework/Versions/A/FSEvents
0x00000001c0e57000 	/System/Library/Frameworks/CoreServices.framework/Versions/A/Frameworks/CarbonCore.framework/Versions/A/CarbonCore
0x00000001c521c000 	/System/Library/Frameworks/CoreServices.framework/Versions/A/Frameworks/Metadata.framework/Versions/A/Metadata
0x00000001c8f5e000 	/System/Library/Frameworks/CoreServices.framework/Versions/A/Frameworks/OSServices.framework/Versions/A/OSServices
0x00000001c9431000 	/System/Library/Frameworks/CoreServices.framework/Versions/A/Frameworks/SearchKit.framework/Versions/A/SearchKit
0x00000001c4f6a000 	/System/Library/Frameworks/CoreServices.framework/Versions/A/Frameworks/AE.framework/Versions/A/AE
0x00000001becac000 	/System/Library/Frameworks/CoreServices.framework/Versions/A/Frameworks/LaunchServices.framework/Versions/A/LaunchServices
0x00000001c9a98000 	/System/Library/Frameworks/CoreServices.framework/Versions/A/Frameworks/DictionaryServices.framework/Versions/A/DictionaryServices
0x00000001c5c45000 	/System/Library/Frameworks/CoreServices.framework/Versions/A/Frameworks/SharedFileList.framework/Versions/A/SharedFileList
0x00000001c88ee000 	/usr/lib/libCheckFix.dylib
0x00000001c38a4000 	/System/Library/PrivateFrameworks/TCC.framework/Versions/A/TCC
0x00000001c7d8b000 	/System/Library/PrivateFrameworks/CoreNLP.framework/Versions/A/CoreNLP
0x00000001c51ca000 	/System/Library/PrivateFrameworks/MetadataUtilities.framework/Versions/A/MetadataUtilities
0x00000001bf40e000 	/usr/lib/libmecabra.dylib
0x00000001c8927000 	/usr/lib/libmecab.dylib
0x00000001bf3da000 	/usr/lib/libCRFSuite.dylib
0x00000001c8984000 	/usr/lib/libgermantok.dylib
0x00000001c94a9000 	/usr/lib/libThaiTokenizer.dylib
0x00000001c52c4000 	/System/Library/Frameworks/Accelerate.framework/Versions/A/Frameworks/vImage.framework/Versions/A/vImage
0x00000001cf6a1000 	/System/Library/Frameworks/Accelerate.framework/Versions/A/Frameworks/vecLib.framework/Versions/A/vecLib
0x00000001c9bb6000 	/System/Library/Frameworks/Accelerate.framework/Versions/A/Frameworks/vecLib.framework/Versions/A/libvMisc.dylib
0x00000001c8430000 	/System/Library/Frameworks/Accelerate.framework/Versions/A/Frameworks/vecLib.framework/Versions/A/libvDSP.dylib
0x00000001bf035000 	/System/Library/Frameworks/Accelerate.framework/Versions/A/Frameworks/vecLib.framework/Versions/A/libBLAS.dylib
0x00000001c95d3000 	/System/Library/Frameworks/Accelerate.framework/Versions/A/Frameworks/vecLib.framework/Versions/A/libLAPACK.dylib
0x00000001c8987000 	/System/Library/Frameworks/Accelerate.framework/Versions/A/Frameworks/vecLib.framework/Versions/A/libLinearAlgebra.dylib
0x00000001c94e8000 	/System/Library/Frameworks/Accelerate.framework/Versions/A/Frameworks/vecLib.framework/Versions/A/libSparseBLAS.dylib
0x00000001c95ce000 	/System/Library/Frameworks/Accelerate.framework/Versions/A/Frameworks/vecLib.framework/Versions/A/libQuadrature.dylib
0x00000001c7e84000 	/System/Library/Frameworks/Accelerate.framework/Versions/A/Frameworks/vecLib.framework/Versions/A/libBNNS.dylib
0x00000001bf2f3000 	/System/Library/Frameworks/Accelerate.framework/Versions/A/Frameworks/vecLib.framework/Versions/A/libSparse.dylib
0x00000001c7e7c000 	/System/Library/PrivateFrameworks/LinguisticData.framework/Versions/A/LinguisticData
0x00000001bf2ab000 	/System/Library/PrivateFrameworks/Lexicon.framework/Versions/A/Lexicon
0x00000001c9bae000 	/usr/lib/libChineseTokenizer.dylib
0x00000001bfa52000 	/System/Library/PrivateFrameworks/LanguageModeling.framework/Versions/A/LanguageModeling
0x00000001c94ab000 	/System/Library/PrivateFrameworks/AppleSauce.framework/Versions/A/AppleSauce
0x00000001c8516000 	/System/Library/PrivateFrameworks/CoreEmoji.framework/Versions/A/CoreEmoji
0x00000001c9399000 	/usr/lib/libcmph.dylib
0x00000001c5c18000 	/System/Library/Frameworks/OpenDirectory.framework/Versions/A/Frameworks/CFOpenDirectory.framework/Versions/A/CFOpenDirectory
0x00000001c5c08000 	/System/Library/Frameworks/OpenDirectory.framework/Versions/A/OpenDirectory
0x00000001c9b0a000 	/System/Library/PrivateFrameworks/APFS.framework/Versions/A/APFS
0x00000001c883e000 	/System/Library/Frameworks/SecurityFoundation.framework/Versions/A/SecurityFoundation
0x00000001c9b80000 	/usr/lib/libutil.dylib
0x00000001c1190000 	/System/Library/PrivateFrameworks/CoreServicesStore.framework/Versions/A/CoreServicesStore
0x00000001c9b84000 	/usr/lib/libxslt.1.dylib
0x00000001c88d2000 	/System/Library/PrivateFrameworks/BackgroundTaskManagement.framework/Versions/A/BackgroundTaskManagement
0x00000001cae1c000 	/System/Library/Frameworks/ImageIO.framework/Versions/A/Resources/libRadiance.dylib
0x00000001cae25000 	/System/Library/Frameworks/ImageIO.framework/Versions/A/Resources/libJPEG.dylib
0x00000001cad78000 	/System/Library/Frameworks/ImageIO.framework/Versions/A/Resources/libPng.dylib
0x00000001cad9a000 	/System/Library/Frameworks/ImageIO.framework/Versions/A/Resources/libTIFF.dylib
0x00000001cae80000 	/System/Library/Frameworks/ImageIO.framework/Versions/A/Resources/libGIF.dylib
0x00000001ca7b4000 	/System/Library/Frameworks/ImageIO.framework/Versions/A/Resources/libJP2.dylib
0x00000001c9ed6000 	/usr/lib/libexpat.1.dylib
0x00000001ca76f000 	/System/Library/PrivateFrameworks/AppleJPEG.framework/Versions/A/AppleJPEG
0x00000001c7291000 	/System/Library/PrivateFrameworks/FontServices.framework/libFontParser.dylib
0x00000001c4f0f000 	/System/Library/PrivateFrameworks/RunningBoardServices.framework/Versions/A/RunningBoardServices
0x00000001d578d000 	/System/Library/PrivateFrameworks/IOSurfaceAccelerator.framework/Versions/A/IOSurfaceAccelerator
0x00000001ca8a0000 	/System/Library/PrivateFrameworks/WatchdogClient.framework/Versions/A/WatchdogClient
0x00000001bfb56000 	/System/Library/Frameworks/CoreDisplay.framework/Versions/A/CoreDisplay
0x00000001c717b000 	/System/Library/Frameworks/CoreMedia.framework/Versions/A/CoreMedia
0x00000001c7008000 	/System/Library/PrivateFrameworks/IOAccelerator.framework/Versions/A/IOAccelerator
0x00000001c5da8000 	/System/Library/Frameworks/CoreVideo.framework/Versions/A/CoreVideo
0x00000001c94fb000 	/System/Library/Frameworks/MetalPerformanceShaders.framework/Versions/A/MetalPerformanceShaders
0x00000001ca8df000 	/System/Library/Frameworks/VideoToolbox.framework/Versions/A/VideoToolbox
0x00000001c4e53000 	/System/Library/PrivateFrameworks/BaseBoard.framework/Versions/A/BaseBoard
0x00000001c4be1000 	/System/Library/PrivateFrameworks/ProtocolBuffer.framework/Versions/A/ProtocolBuffer
0x00000001cae17000 	/System/Library/PrivateFrameworks/GPUWrangler.framework/Versions/A/GPUWrangler
0x00000001cadf7000 	/System/Library/PrivateFrameworks/IOPresentment.framework/Versions/A/IOPresentment
0x00000001cae1f000 	/System/Library/PrivateFrameworks/DSExternalDisplay.framework/Versions/A/DSExternalDisplay
0x000000021fbc6000 	/System/Library/Frameworks/OpenGL.framework/Versions/A/Libraries/libCoreFSCache.dylib
0x000000022a085000 	/System/Library/PrivateFrameworks/GPUCompiler.framework/Versions/31001/Libraries/libGPUCompilerUtils.dylib
0x00000001cae85000 	/System/Library/PrivateFrameworks/CMCaptureCore.framework/Versions/A/CMCaptureCore
0x00000001ca487000 	/System/Library/PrivateFrameworks/AppServerSupport.framework/Versions/A/AppServerSupport
0x00000001cc708000 	/System/Library/PrivateFrameworks/perfdata.framework/Versions/A/perfdata
0x00000001bfc76000 	/System/Library/PrivateFrameworks/AudioToolboxCore.framework/Versions/A/AudioToolboxCore
0x00000001c7154000 	/System/Library/PrivateFrameworks/caulk.framework/Versions/A/caulk
0x00000001cbffd000 	/usr/lib/libAudioStatistics.dylib
0x00000001ddf52000 	/System/Library/PrivateFrameworks/SystemPolicy.framework/Versions/A/SystemPolicy
0x00000001cc269000 	/usr/lib/libSMC.dylib
0x00000001d4f9c000 	/System/Library/Frameworks/CoreMIDI.framework/Versions/A/CoreMIDI
0x00000001cad46000 	/usr/lib/libAudioToolboxUtility.dylib
0x00000001da01f000 	/System/Library/PrivateFrameworks/OSAServicesClient.framework/Versions/A/OSAServicesClient
0x00000001cc715000 	/usr/lib/libperfcheck.dylib
0x00000001dea6a000 	/usr/lib/libmis.dylib
0x000000021fc28000 	/System/Library/Frameworks/OpenGL.framework/Versions/A/Libraries/libGLU.dylib
0x000000021fbe7000 	/System/Library/Frameworks/OpenGL.framework/Versions/A/Libraries/libGFXShared.dylib
0x000000021fdd4000 	/System/Library/Frameworks/OpenGL.framework/Versions/A/Libraries/libGL.dylib
0x000000021fbf0000 	/System/Library/Frameworks/OpenGL.framework/Versions/A/Libraries/libGLImage.dylib
0x000000021fbe4000 	/System/Library/Frameworks/OpenGL.framework/Versions/A/Libraries/libCVMSPluginSupport.dylib
0x000000021fbcd000 	/System/Library/Frameworks/OpenGL.framework/Versions/A/Libraries/libCoreVMClient.dylib
0x00000001c7d05000 	/System/Library/Frameworks/MetalPerformanceShaders.framework/Versions/A/Frameworks/MPSCore.framework/Versions/A/MPSCore
0x00000001c8ead000 	/System/Library/Frameworks/MetalPerformanceShaders.framework/Versions/A/Frameworks/MPSImage.framework/Versions/A/MPSImage
0x00000001c899c000 	/System/Library/Frameworks/MetalPerformanceShaders.framework/Versions/A/Frameworks/MPSNeuralNetwork.framework/Versions/A/MPSNeuralNetwork
0x00000001c8dd5000 	/System/Library/Frameworks/MetalPerformanceShaders.framework/Versions/A/Frameworks/MPSMatrix.framework/Versions/A/MPSMatrix
0x00000001c8bae000 	/System/Library/Frameworks/MetalPerformanceShaders.framework/Versions/A/Frameworks/MPSRayIntersector.framework/Versions/A/MPSRayIntersector
0x00000001c8e06000 	/System/Library/Frameworks/MetalPerformanceShaders.framework/Versions/A/Frameworks/MPSNDArray.framework/Versions/A/MPSNDArray
0x0000000221d3f000 	/System/Library/Frameworks/MetalPerformanceShaders.framework/Versions/A/Frameworks/MPSFunctions.framework/Versions/A/MPSFunctions
0x00000001bef0c000 	/System/Library/PrivateFrameworks/MetalTools.framework/Versions/A/MetalTools
0x00000001c7d83000 	/System/Library/PrivateFrameworks/AggregateDictionary.framework/Versions/A/AggregateDictionary
0x00000001c9cbb000 	/usr/lib/libIOReport.dylib
0x00000001d3fba000 	/System/Library/PrivateFrameworks/ASEProcessing.framework/Versions/A/ASEProcessing
0x00000001ca030000 	/System/Library/PrivateFrameworks/FaceCore.framework/Versions/A/FaceCore
0x00000001ca022000 	/System/Library/PrivateFrameworks/GraphVisualizer.framework/Versions/A/GraphVisualizer
0x0000000229f9c000 	/System/Library/PrivateFrameworks/FontServices.framework/Versions/A/FontServices
0x00000001ca443000 	/System/Library/PrivateFrameworks/OTSVG.framework/Versions/A/OTSVG
0x00000001c5972000 	/System/Library/Frameworks/ApplicationServices.framework/Versions/A/Frameworks/ATS.framework/Versions/A/Resources/libFontRegistry.dylib
0x00000001ca490000 	/System/Library/PrivateFrameworks/FontServices.framework/libhvf.dylib
0x0000000229f9d000 	/System/Library/PrivateFrameworks/FontServices.framework/libXTFontStaticRegistryData.dylib
0x000000021ff75000 	/System/Library/Frameworks/OpenCL.framework/Versions/A/OpenCL
0x00000001c9e8a000 	/System/Library/PrivateFrameworks/AppleVA.framework/Versions/A/AppleVA
0x00000001cc025000 	/System/Library/Frameworks/ApplicationServices.framework/Versions/A/Frameworks/ATS.framework/Versions/A/ATS
0x00000001c439f000 	/System/Library/Frameworks/ApplicationServices.framework/Versions/A/Frameworks/HIServices.framework/Versions/A/HIServices
0x00000001cae8f000 	/System/Library/Frameworks/ApplicationServices.framework/Versions/A/Frameworks/PrintCore.framework/Versions/A/PrintCore
0x00000001cc3bc000 	/System/Library/Frameworks/ApplicationServices.framework/Versions/A/Frameworks/QD.framework/Versions/A/QD
0x00000001cc3b4000 	/System/Library/Frameworks/ApplicationServices.framework/Versions/A/Frameworks/ColorSyncLegacy.framework/Versions/A/ColorSyncLegacy
0x00000001cc011000 	/System/Library/Frameworks/ApplicationServices.framework/Versions/A/Frameworks/SpeechSynthesis.framework/Versions/A/SpeechSynthesis
0x00000001cae50000 	/System/Library/Frameworks/ApplicationServices.framework/Versions/A/Frameworks/ATSUI.framework/Versions/A/ATSUI
0x00000001cc349000 	/usr/lib/libcups.2.dylib
0x00000001cc723000 	/System/Library/Frameworks/Kerberos.framework/Versions/A/Kerberos
0x00000001cc734000 	/System/Library/Frameworks/GSS.framework/Versions/A/GSS
0x00000001cc095000 	/usr/lib/libresolv.9.dylib
0x00000001ca49f000 	/System/Library/PrivateFrameworks/Heimdal.framework/Versions/A/Heimdal
0x00000001d31ef000 	/System/Library/Frameworks/Kerberos.framework/Versions/A/Libraries/libHeimdalProxy.dylib
0x00000001c4fed000 	/System/Library/Frameworks/Network.framework/Versions/A/Network
0x00000001c9ef1000 	/usr/lib/libheimdal-asn1.dylib
0x00000001cc784000 	/System/Library/PrivateFrameworks/CommonAuth.framework/Versions/A/CommonAuth
0x00000001cbf8b000 	/System/Library/PrivateFrameworks/AudioSession.framework/Versions/A/AudioSession
0x00000001c9f83000 	/System/Library/PrivateFrameworks/MediaExperience.framework/Versions/A/MediaExperience
0x00000001cbe11000 	/System/Library/PrivateFrameworks/AudioSession.framework/libSessionUtility.dylib
0x00000001cc3c8000 	/System/Library/PrivateFrameworks/AudioResourceArbitration.framework/Versions/A/AudioResourceArbitration
0x00000001d057e000 	/System/Library/PrivateFrameworks/PowerLog.framework/Versions/A/PowerLog
0x00000001c9efb000 	/System/Library/PrivateFrameworks/IconFoundation.framework/Versions/A/IconFoundation
0x00000001cf2c7000 	/System/Library/PrivateFrameworks/SpeechRecognitionCore.framework/Versions/A/SpeechRecognitionCore
0x00000001042b4000 	/Users/danielweiner/Library/Java/JavaVirtualMachines/openjdk-18/Contents/Home/lib/server/libjvm.dylib
0x0000000103074000 	/Users/danielweiner/Library/Java/JavaVirtualMachines/openjdk-18/Contents/Home/lib/libjimage.dylib
0x00000001030a0000 	/Users/danielweiner/Library/Java/JavaVirtualMachines/openjdk-18/Contents/Home/lib/libinstrument.dylib
0x00000001030ec000 	/Users/danielweiner/Library/Java/JavaVirtualMachines/openjdk-18/Contents/Home/lib/libjava.dylib
0x000000010324c000 	/Users/danielweiner/Library/Java/JavaVirtualMachines/openjdk-18/Contents/Home/lib/libnio.dylib
0x000000010326c000 	/Users/danielweiner/Library/Java/JavaVirtualMachines/openjdk-18/Contents/Home/lib/libnet.dylib
0x00000001030d4000 	/Users/danielweiner/Library/Java/JavaVirtualMachines/openjdk-18/Contents/Home/lib/libzip.dylib
0x0000000103ca0000 	/Users/danielweiner/.openjfx/cache/17.0.1/libprism_es2.dylib
0x00000001c1153000 	/System/Library/PrivateFrameworks/CoreServicesInternal.framework/Versions/A/CoreServicesInternal
0x000000021fdde000 	/System/Library/Frameworks/OpenGL.framework/Versions/A/Resources/GLEngine.bundle/GLEngine
0x000000021fc66000 	/System/Library/Frameworks/OpenGL.framework/Versions/A/Libraries/libGLProgrammability.dylib
0x000000010fc28000 	/System/Library/Extensions/AppleMetalOpenGLRenderer.bundle/Contents/MacOS/AppleMetalOpenGLRenderer
0x000000021ff4d000 	/System/Library/Frameworks/OpenGL.framework/Versions/A/Resources/GLRendererFloat.bundle/GLRendererFloat
0x000000022004d000 	/System/Library/Extensions/AGXMetal13_3.bundle/Contents/MacOS/AGXMetal13_3
0x00000001dea86000 	/System/Library/PrivateFrameworks/GPURawCounter.framework/Versions/A/GPURawCounter
0x00000001d9190000 	/System/Library/PrivateFrameworks/IOGPU.framework/Versions/A/IOGPU
0x000000010fea0000 	/Users/danielweiner/.openjfx/cache/17.0.1/libglass.dylib
0x00000001d07d6000 	/System/Library/Frameworks/FileProvider.framework/Versions/A/FileProvider
0x00000001c4dbb000 	/System/Library/Frameworks/Accounts.framework/Versions/A/Accounts
0x00000001d095a000 	/System/Library/PrivateFrameworks/GenerationalStorage.framework/Versions/A/GenerationalStorage
0x00000001d151d000 	/System/Library/PrivateFrameworks/CoreSymbolication.framework/Versions/A/CoreSymbolication
0x00000001d0572000 	/System/Library/PrivateFrameworks/SymptomDiagnosticReporter.framework/Versions/A/SymptomDiagnosticReporter
0x00000001c2443000 	/System/Library/PrivateFrameworks/DesktopServicesPriv.framework/Versions/A/DesktopServicesPriv
0x00000001c12b5000 	/usr/lib/libsandbox.1.dylib
0x00000001c5e36000 	/System/Library/PrivateFrameworks/UserManagement.framework/Versions/A/UserManagement
0x00000001d14da000 	/System/Library/PrivateFrameworks/DebugSymbols.framework/Versions/A/DebugSymbols
0x00000001cc3a7000 	/System/Library/PrivateFrameworks/NetAuth.framework/Versions/A/NetAuth
0x00000001cd2c5000 	/System/Library/PrivateFrameworks/Sharing.framework/Versions/A/Sharing
0x00000001c5e06000 	/System/Library/PrivateFrameworks/login.framework/Versions/A/Frameworks/loginsupport.framework/Versions/A/loginsupport
0x00000001d270f000 	/System/Library/PrivateFrameworks/Apple80211.framework/Versions/A/Apple80211
0x00000001c8f91000 	/System/Library/PrivateFrameworks/AuthKit.framework/Versions/A/AuthKit
0x00000001c8612000 	/System/Library/PrivateFrameworks/CoreUtils.framework/Versions/A/CoreUtils
0x00000001c8535000 	/System/Library/Frameworks/CoreWLAN.framework/Versions/A/CoreWLAN
0x00000001cd435000 	/System/Library/Frameworks/IOBluetooth.framework/Versions/A/IOBluetooth
0x00000001d276f000 	/System/Library/PrivateFrameworks/CoreWiFi.framework/Versions/A/CoreWiFi
0x00000001d10ba000 	/System/Library/PrivateFrameworks/FrontBoardServices.framework/Versions/A/FrontBoardServices
0x00000001d1152000 	/System/Library/PrivateFrameworks/BoardServices.framework/Versions/A/BoardServices
0x00000001c882c000 	/System/Library/PrivateFrameworks/AssertionServices.framework/Versions/A/AssertionServices
0x00000001d28ec000 	/System/Library/PrivateFrameworks/BackBoardServices.framework/Versions/A/BackBoardServices
0x00000001cc81b000 	/System/Library/PrivateFrameworks/CorePhoneNumbers.framework/Versions/A/CorePhoneNumbers
0x00000001d06a2000 	/System/Library/PrivateFrameworks/DiskManagement.framework/Versions/A/DiskManagement
0x00000001d05a5000 	/System/Library/PrivateFrameworks/AppleIDAuthSupport.framework/Versions/A/AppleIDAuthSupport
0x0000000224566000 	/System/Library/PrivateFrameworks/AAAFoundation.framework/Versions/A/AAAFoundation
0x00000001cc7fa000 	/System/Library/PrivateFrameworks/KeychainCircle.framework/Versions/A/KeychainCircle
0x00000001d066e000 	/System/Library/PrivateFrameworks/MediaKit.framework/Versions/A/MediaKit
0x00000001d05b2000 	/System/Library/Frameworks/DiscRecording.framework/Versions/A/DiscRecording
0x00000001c9e06000 	/usr/lib/libCoreStorage.dylib
0x00000001d2be9000 	/usr/lib/libcsfde.dylib
0x00000001cd50a000 	/System/Library/PrivateFrameworks/ProtectedCloudStorage.framework/Versions/A/ProtectedCloudStorage
0x00000001d2be1000 	/System/Library/PrivateFrameworks/EFILogin.framework/Versions/A/EFILogin
0x00000001d0981000 	/System/Library/PrivateFrameworks/OctagonTrust.framework/Versions/A/OctagonTrust
0x0000000229137000 	/System/Library/PrivateFrameworks/CoreUtilsExtras.framework/Versions/A/CoreUtilsExtras
0x00000001d04d7000 	/System/Library/Frameworks/CoreBluetooth.framework/Versions/A/CoreBluetooth
0x00000001d3274000 	/System/Library/Frameworks/AudioUnit.framework/Versions/A/AudioUnit
0x00000001c9dfe000 	/usr/lib/libMatch.1.dylib
0x00000001e2f32000 	/System/Library/Frameworks/Accelerate.framework/Versions/A/Frameworks/vImage.framework/Versions/A/Libraries/libCGInterfaces.dylib
0x000000011edd0000 	/usr/lib/libobjc-trampolines.dylib
0x000000023d67d000 	/usr/lib/libRosetta.dylib
0x00000001c5b00000 	/System/Library/PrivateFrameworks/ViewBridge.framework/Versions/A/ViewBridge
0x0000000224c19000 	/System/Library/PrivateFrameworks/AccessibilityBundles.framework/Versions/A/AccessibilityBundles
0x00000001ca562000 	/System/Library/PrivateFrameworks/login.framework/Versions/A/login
0x000000012fd5c000 	/Users/danielweiner/.openjfx/cache/17.0.1/libjavafx_font.dylib
0x000000014d290000 	/Users/danielweiner/.openjfx/cache/17.0.1/libjavafx_iio.dylib


VM Arguments:
jvm_args: -javaagent:/Users/danielweiner/Library/Application Support/JetBrains/Toolbox/apps/IDEA-U/ch-0/221.5080.210/IntelliJ IDEA.app/Contents/lib/idea_rt.jar=49608:/Users/danielweiner/Library/Application Support/JetBrains/Toolbox/apps/IDEA-U/ch-0/221.5080.210/IntelliJ IDEA.app/Contents/bin -Dfile.encoding=UTF-8 --module-path=/Users/danielweiner/.m2/repository/org/openjfx/javafx-graphics/17.0.1/javafx-graphics-17.0.1-mac-aarch64.jar:/Users/danielweiner/Public/Drop Box/eclipse-workspace/JavaFinalProject/target/classes:/Users/danielweiner/.m2/repository/org/openjfx/javafx-controls/17.0.1/javafx-controls-17.0.1-mac-aarch64.jar:/Users/danielweiner/.m2/repository/org/openjfx/javafx-base/17.0.1/javafx-base-17.0.1-mac-aarch64.jar:/Users/danielweiner/.m2/repository/org/openjfx/javafx-fxml/17.0.1/javafx-fxml-17.0.1-mac-aarch64.jar -Djdk.module.main=com.example.javafinalproject 
java_command: com.example.javafinalproject/com.example.javafinalproject.Main
java_class_path (initial): /Users/danielweiner/.m2/repository/org/openjfx/javafx-controls/17.0.1/javafx-controls-17.0.1.jar:/Users/danielweiner/.m2/repository/org/openjfx/javafx-graphics/17.0.1/javafx-graphics-17.0.1.jar:/Users/danielweiner/.m2/repository/org/openjfx/javafx-base/17.0.1/javafx-base-17.0.1.jar:/Users/danielweiner/.m2/repository/org/openjfx/javafx-fxml/17.0.1/javafx-fxml-17.0.1.jar:/Users/danielweiner/Downloads/mysql-connector-java-8.0.29/mysql-connector-java-8.0.29.jar
Launcher Type: SUN_STANDARD

[Global flags]
     intx CICompilerCount                          = 4                                         {product} {ergonomic}
     uint ConcGCThreads                            = 2                                         {product} {ergonomic}
     uint G1ConcRefinementThreads                  = 8                                         {product} {ergonomic}
   size_t G1HeapRegionSize                         = 2097152                                   {product} {ergonomic}
    uintx GCDrainStackTargetSize                   = 64                                        {product} {ergonomic}
   size_t InitialHeapSize                          = 268435456                                 {product} {ergonomic}
   size_t MarkStackSize                            = 4194304                                   {product} {ergonomic}
   size_t MaxHeapSize                              = 4294967296                                {product} {ergonomic}
   size_t MaxNewSize                               = 2575302656                                {product} {ergonomic}
   size_t MinHeapDeltaBytes                        = 2097152                                   {product} {ergonomic}
   size_t MinHeapSize                              = 8388608                                   {product} {ergonomic}
    uintx NonNMethodCodeHeapSize                   = 5839564                                {pd product} {ergonomic}
    uintx NonProfiledCodeHeapSize                  = 122909338                              {pd product} {ergonomic}
    uintx ProfiledCodeHeapSize                     = 122909338                              {pd product} {ergonomic}
    uintx ReservedCodeCacheSize                    = 251658240                              {pd product} {ergonomic}
     bool SegmentedCodeCache                       = true                                      {product} {ergonomic}
   size_t SoftMaxHeapSize                          = 4294967296                             {manageable} {ergonomic}
     bool UseCompressedClassPointers               = true                           {product lp64_product} {ergonomic}
     bool UseCompressedOops                        = true                           {product lp64_product} {ergonomic}
     bool UseG1GC                                  = true                                      {product} {ergonomic}
     bool UseNUMA                                  = false                                     {product} {ergonomic}
     bool UseNUMAInterleaving                      = false                                     {product} {ergonomic}

Logging:
Log output configuration:
 #0: stdout all=warning uptime,level,tags foldmultilines=false
 #1: stderr all=off uptime,level,tags foldmultilines=false

Environment Variables:
PATH=/usr/local/bin:/usr/bin:/bin:/usr/sbin:/sbin
SHELL=/bin/zsh
LC_CTYPE=en_US.UTF-8

Signal Handlers:
   SIGSEGV: _ZL13crash_handleriP9__siginfoPv in libjvm.dylib, mask=11100110000111110111111111111111, flags=SA_RESTART|SA_SIGINFO
    SIGBUS: _ZL13crash_handleriP9__siginfoPv in libjvm.dylib, mask=11100110000111110111111111111111, flags=SA_RESTART|SA_SIGINFO
    SIGFPE: _ZL13crash_handleriP9__siginfoPv in libjvm.dylib, mask=11100110000111110111111111111111, flags=SA_RESTART|SA_SIGINFO
   SIGPIPE: _ZL17javaSignalHandleriP9__siginfoPv in libjvm.dylib, mask=11100110000111110111111111111111, flags=SA_RESTART|SA_SIGINFO
   SIGXFSZ: _ZL17javaSignalHandleriP9__siginfoPv in libjvm.dylib, mask=11100110000111110111111111111111, flags=SA_RESTART|SA_SIGINFO
    SIGILL: _ZL13crash_handleriP9__siginfoPv in libjvm.dylib, mask=11100110000111110111111111111111, flags=SA_RESTART|SA_SIGINFO
   SIGUSR2: _ZL10SR_handleriP9__siginfoP17__darwin_ucontext in libjvm.dylib, mask=00100000000000000000000000000000, flags=SA_RESTART|SA_SIGINFO
    SIGHUP: _ZL11UserHandleriPvS_ in libjvm.dylib, mask=11100110000111110111111111111111, flags=SA_RESTART|SA_SIGINFO
    SIGINT: _ZL11UserHandleriPvS_ in libjvm.dylib, mask=11100110000111110111111111111111, flags=SA_RESTART|SA_SIGINFO
   SIGTERM: _ZL11UserHandleriPvS_ in libjvm.dylib, mask=11100110000111110111111111111111, flags=SA_RESTART|SA_SIGINFO
   SIGQUIT: _ZL11UserHandleriPvS_ in libjvm.dylib, mask=11100110000111110111111111111111, flags=SA_RESTART|SA_SIGINFO
   SIGTRAP: _ZL13crash_handleriP9__siginfoPv in libjvm.dylib, mask=11100110000111110111111111111111, flags=SA_RESTART|SA_SIGINFO


---------------  S Y S T E M  ---------------

OS:
uname: Darwin 21.4.0 Darwin Kernel Version 21.4.0: Fri Mar 18 00:47:26 PDT 2022; root:xnu-8020.101.4~15/RELEASE_ARM64_T8101 arm64
OS uptime: 0 days 1:36 hours
rlimit (soft/hard): STACK 8176k/65520k , CORE 0k/infinity , NPROC 2666/4000 , NOFILE 10240/infinity , AS infinity/infinity , CPU infinity/infinity , DATA infinity/infinity , FSIZE infinity/infinity , MEMLOCK infinity/infinity , RSS infinity/infinity
load average: 4.43 3.49 2.99

CPU: total 8 (initial active 8) 0x61:0x0:0x1b588bb3:0, fp, simd, aes, pmull, crc, lse

Memory: 16k page, physical 16777216k(307536k free), swap 0k(0k free)

vm_info: OpenJDK 64-Bit Server VM (18+36-2087) for bsd-aarch64 JRE (18+36-2087), built on Feb 15 2022 09:36:38 by "mach5one" with clang Apple LLVM 12.0.0 (clang-1200.0.32.29)

END.
