#
# A fatal error has been detected by the Java Runtime Environment:
#
#  SIGBUS (0xa) at pc=0x000000010dbed4f0, pid=1415, tid=29963
#
# JRE version: OpenJDK Runtime Environment (18.0+36) (build 18+36-2087)
# Java VM: OpenJDK 64-Bit Server VM (18+36-2087, mixed mode, sharing, tiered, compressed oops, compressed class ptrs, g1 gc, bsd-aarch64)
# Problematic frame:
# v  ~StubRoutines::SafeFetchN
#
# No core dump will be written. Core dumps have been disabled. To enable core dumping, try "ulimit -c unlimited" before starting Java again
#
# If you would like to submit a bug report, please visit:
#   https://bugreport.java.com/bugreport/crash.jsp
# The crash happened outside the Java Virtual Machine in native code.
# See problematic frame for where to report the bug.
#

---------------  S U M M A R Y ------------

Command Line: -javaagent:/Users/danielweiner/Library/Application Support/JetBrains/Toolbox/apps/IDEA-U/ch-0/221.5080.210/IntelliJ IDEA.app/Contents/lib/idea_rt.jar=49343:/Users/danielweiner/Library/Application Support/JetBrains/Toolbox/apps/IDEA-U/ch-0/221.5080.210/IntelliJ IDEA.app/Contents/bin -Dfile.encoding=UTF-8 --module-path=/Users/danielweiner/.m2/repository/org/openjfx/javafx-controls/17.0.1/javafx-controls-17.0.1-mac-aarch64.jar:/Users/danielweiner/.m2/repository/org/openjfx/javafx-fxml/17.0.1/javafx-fxml-17.0.1-mac-aarch64.jar:/Users/danielweiner/Public/Drop Box/eclipse-workspace/JavaFinalProject/target/classes:/Users/danielweiner/.m2/repository/org/openjfx/javafx-base/17.0.1/javafx-base-17.0.1-mac-aarch64.jar:/Users/danielweiner/.m2/repository/org/openjfx/javafx-graphics/17.0.1/javafx-graphics-17.0.1-mac-aarch64.jar -Djdk.module.main=com.example.javafinalproject com.example.javafinalproject/com.example.javafinalproject.Main

Host: "MacBookPro17,1" arm64, 8 cores, 16G, Darwin 21.4.0, macOS 12.3.1 (21E258)
Time: Thu May  5 21:11:26 2022 EDT elapsed time: 15.457622 seconds (0d 0h 0m 15s)

---------------  T H R E A D  ---------------

Current thread (0x00000001599c9c00):  JavaThread "InvokeLaterDispatcher" daemon [_thread_in_native, id=29963, stack(0x000000016e95c000,0x000000016eb5f000)]

Stack: [0x000000016e95c000,0x000000016eb5f000],  sp=0x000000016eb5e7a0,  free space=2057k
Native frames: (J=compiled Java code, j=interpreted, Vv=VM code, C=native code)
v  ~StubRoutines::SafeFetchN
V  [libjvm.dylib+0x7cdae4]  _ZN10OopStorage7releaseEPKP7oopDesc+0x20
V  [libjvm.dylib+0x4f522c]  jni_DeleteGlobalRef+0xd4
C  [libglass.dylib+0xab08]  -[GlassRunnable dealloc]+0x34
C  [Foundation+0x85618]  -[_NSThreadPerformInfo dealloc]+0x30
C  [Foundation+0x5198c]  -[NSObject(NSThreadPerformAdditions) performSelectorOnMainThread:withObject:waitUntilDone:]+0x88
C  0x507a80010dbf58ac
j  com.sun.glass.ui.mac.MacApplication.submitForLaterInvocation(Ljava/lang/Runnable;)V+2 javafx.graphics
j  com.sun.glass.ui.InvokeLaterDispatcher.run()V+82 javafx.graphics
v  ~StubRoutines::call_stub
V  [libjvm.dylib+0x49c638]  _ZN9JavaCalls11call_helperEP9JavaValueRK12methodHandleP17JavaCallArgumentsP10JavaThread+0x38c
V  [libjvm.dylib+0x49b654]  _ZN9JavaCalls12call_virtualEP9JavaValueP5KlassP6SymbolS5_P17JavaCallArgumentsP10JavaThread+0x11c
V  [libjvm.dylib+0x49b720]  _ZN9JavaCalls12call_virtualEP9JavaValue6HandleP5KlassP6SymbolS6_P10JavaThread+0x64
V  [libjvm.dylib+0x54f250]  _ZL12thread_entryP10JavaThreadS0_+0x9c
V  [libjvm.dylib+0x918b50]  _ZN10JavaThread17thread_main_innerEv+0xa8
V  [libjvm.dylib+0x9174e0]  _ZN6Thread8call_runEv+0xe0
V  [libjvm.dylib+0x7d42c8]  _ZL19thread_native_entryP6Thread+0x158
C  [libsystem_pthread.dylib+0x726c]  _pthread_start+0x94

Java frames: (J=compiled Java code, j=interpreted, Vv=VM code)
j  com.sun.glass.ui.mac.MacApplication._submitForLaterInvocation(Ljava/lang/Runnable;)V+0 javafx.graphics
j  com.sun.glass.ui.mac.MacApplication.submitForLaterInvocation(Ljava/lang/Runnable;)V+2 javafx.graphics
j  com.sun.glass.ui.InvokeLaterDispatcher.run()V+82 javafx.graphics
v  ~StubRoutines::call_stub

siginfo: si_signo: 10 (SIGBUS), si_code: 1 (BUS_ADRALN), si_addr: 0x000000010dbed4f0

Register to memory mapping:

 x0=0x0000000139705ac8 is a global jni handle
 x1=0x0 is NULL
 x2=0x00000007014003d0 is an oop: com.sun.glass.ui.InvokeLaterDispatcher$Future 
{0x00000007014003d0} - klass: 'com/sun/glass/ui/InvokeLaterDispatcher$Future'
 - ---- fields (total size 3 words):
 - private 'done' 'Z' @12  true
 - private final 'runnable' 'Ljava/lang/Runnable;' @16  a 'com/sun/javafx/application/PlatformImpl$$Lambda$89+0x0000000800c83338'{0x00000007017ec130} (e02fd826)
 - final synthetic 'this$0' 'Lcom/sun/glass/ui/InvokeLaterDispatcher;' @20  a 'com/sun/glass/ui/InvokeLaterDispatcher'{0x000000070d00c020} (e1a01804)
 x3=0x0 is NULL
 x4=0x00000000000130a8 is an unknown value
 x5=0x0 is NULL
 x6=0x0 is NULL
 x7=0x0 is NULL
 x8=0x000000010dbed4ec is at begin+0 in a stub
StubRoutines::SafeFetchN [0x000000010dbed4ec, 0x000000010dbed4f8] (12 bytes)
 x9=0x0 is NULL
x10=0x2010000030300000 is an unknown value
x11=0x0000000000000007 is an unknown value
x12=0x0000000000000004 is an unknown value
x13=0x0000600000744d90 points into unknown readable memory: 0x0f708001a95fbc40 | 40 bc 5f a9 01 80 70 0f
x14=0x0000190000000000 is an unknown value
x15=0x000000010537df98: OBJC_CLASS_$_GlassRunnable+0 in /Users/danielweiner/.openjfx/cache/17.0.1/libglass.dylib at 0x0000000105338000
x16=0x00000001a97650fc: pthread_getspecific+0 in /usr/lib/system/libsystem_pthread.dylib at 0x00000001a9763000
x17=0x000060000024c5b0 points into unknown readable memory: 0xfffffffffffffffe | fe ff ff ff ff ff ff ff
x18=0x0 is NULL
x19=0x0000600000240770 points into unknown readable memory: 0x0000600002b4c410 | 10 c4 b4 02 00 60 00 00
x20=0x00000001397058c0 points into unknown readable memory: 0x0000000000000000 | 00 00 00 00 00 00 00 00
x21=0x0000000139705ac8 is a global jni handle
x22=0x00000001599c9c00 is a thread
x23=0x0000000000000001 is an unknown value
x24=0x0000000139705a80 is a global jni handle
x25=0x0000000105f92c98: _ZN12StubRoutines17_safefetchN_entryE+0 in /Users/danielweiner/Library/Java/JavaVirtualMachines/openjdk-18/Contents/Home/lib/server/libjvm.dylib at 0x00000001053b4000
x26=0x0000000128120000 is pointing into metadata
x27=0x0 is NULL
x28=0x00000001599c9c00 is a thread


Registers:
 x0=0x0000000139705ac8  x1=0x0000000000000000  x2=0x00000007014003d0  x3=0x0000000000000000
 x4=0x00000000000130a8  x5=0x0000000000000000  x6=0x0000000000000000  x7=0x0000000000000000
 x8=0x000000010dbed4ec  x9=0x0000000000000000 x10=0x2010000030300000 x11=0x0000000000000007
x12=0x0000000000000004 x13=0x0000600000744d90 x14=0x0000190000000000 x15=0x000000010537df98
x16=0x00000001a97650fc x17=0x000060000024c5b0 x18=0x0000000000000000 x19=0x0000600000240770
x20=0x00000001397058c0 x21=0x0000000139705ac8 x22=0x00000001599c9c00 x23=0x0000000000000001
x24=0x0000000139705a80 x25=0x0000000105f92c98 x26=0x0000000128120000 x27=0x0000000000000000
x28=0x00000001599c9c00  fp=0x000000016eb5e7e0  lr=0x0000000105b808d8  sp=0x000000016eb5e7a0
pc=0x000000010dbed4f0 cpsr=0x0000000060001000
Top of Stack: (sp=0x000000016eb5e7a0)
0x000000016eb5e7a0:   0000000128120000 0000000000000001
0x000000016eb5e7b0:   000000016eb5e9a8 0000000000000000
0x000000016eb5e7c0:   0000000149809290 0000000139705ab0
0x000000016eb5e7d0:   0000000139705ab0 0000600000240770
0x000000016eb5e7e0:   000000016eb5e820 0000000105b81ae4
0x000000016eb5e7f0:   0000000000000001 0000000139705ab0
0x000000016eb5e800:   0000000149809290 0000000139705ab0
0x000000016eb5e810:   0000000000000001 0000000149809000
0x000000016eb5e820:   000000016eb5e860 00000001058a922c
0x000000016eb5e830:   000000016eb5e9a8 0000600002a18dd0
0x000000016eb5e840:   0000600002a18e80 00000001f382abe0
0x000000016eb5e850:   0000000000000000 0000600002a18e80
0x000000016eb5e860:   000000016eb5e890 0000000105342b08
0x000000016eb5e870:   78738335821400e1 0000000000000000
0x000000016eb5e880:   0000000000000000 00006000033472c0
0x000000016eb5e890:   000000016eb5e8d0 00000001aa732618
0x000000016eb5e8a0:   000000016eb5e9a8 0000600002a18dd0
0x000000016eb5e8b0:   0000600002a18e80 78738335821400e1
0x000000016eb5e8c0:   0000000000000000 0000000000000000
0x000000016eb5e8d0:   000000016eb5e910 f53b0001aa6fe98c
0x000000016eb5e8e0:   000000016eb5e9a8 000000010dbf47c0
0x000000016eb5e8f0:   0000000000000000 0000000105f9a750
0x000000016eb5e900:   000000016eb5e920 000000010dbf3730
0x000000016eb5e910:   000000016eb5e980 507a80010dbf58ac
0x000000016eb5e920:   000000016eb5e920 00000008007cf575
0x000000016eb5e930:   000000016eb5e930 0000000000000000
0x000000016eb5e940:   000000016eb5e9a8 0000000128120000
0x000000016eb5e950:   000000070d03c5d8 0000000000000000
0x000000016eb5e960:   0000000000000000 00000001280fb920
0x000000016eb5e970:   0000000000000000 000000016eb5e980
0x000000016eb5e980:   000000016eb5ea00 000000010dbf1fc8
0x000000016eb5e990:   0000000000000000 0000000000000000 

Instructions: (pc=0x000000010dbed4f0)
0x000000010dbed3f0:   f2a0bea9 f2c00029 6d425935 1e640886
0x000000010dbed400:   0c402d31 1e6408c7 1f5654d0 1e6c1017
0x000000010dbed410:   1f5050d0 1f504cd0 1f5048d0 1e650af6
0x000000010dbed420:   1f50d8f6 1f5694d6 1f5158f6 1e762880
0x000000010dbed430:   36000501 1e614000 14000026 2e251ca5
0x000000010dbed440:   d29e3009 f2a0bea9 f2c00029 6d425d36
0x000000010dbed450:   1e600806 0c402d32 1f5758c7 1e6c101a
0x000000010dbed460:   1f4754c7 1e650805 1f4750c7 d2866668
0x000000010dbed470:   f2a7fa68 1f474cc7 1e6608c0 1f4748c7
0x000000010dbed480:   1e6e1019 eb08007f 540000ac 1f479400
0x000000010dbed490:   1f460340 1e603b20 1400000e d2a7fd29
0x000000010dbed4a0:   eb09007f 540000ac 51480069 d3607d29
0x000000010dbed4b0:   9e670121 14000002 1e6a5001 1f679417
0x000000010dbed4c0:   1f668742 1e613b23 1e773857 1e773860
0x000000010dbed4d0:   a8c17ff3 910003bf a8c17bfd d65f03c0
0x000000010dbed4e0:   b9400001 aa0103e0 d65f03c0 f9400001
0x000000010dbed4f0:   aa0103e0 d65f03c0 00000000 00000000
0x000000010dbed500:   00000000 00000000 00000000 00000000
0x000000010dbed510:   00000000 00000000 00000000 00000000
0x000000010dbed520:   00000000 00000000 00000000 00000000
0x000000010dbed530:   00000000 00000000 00000000 00000000
0x000000010dbed540:   00000000 00000000 00000000 00000000
0x000000010dbed550:   00000000 00000000 00000000 00000000
0x000000010dbed560:   00000000 00000000 00000000 00000000
0x000000010dbed570:   00000000 00000000 00000000 00000000
0x000000010dbed580:   00000000 00000000 00000000 00000000
0x000000010dbed590:   00000000 00000000 00000000 00000000
0x000000010dbed5a0:   00000000 00000000 00000000 00000000
0x000000010dbed5b0:   00000000 00000000 00000000 00000000
0x000000010dbed5c0:   00000000 00000000 00000000 00000000
0x000000010dbed5d0:   00000000 00000000 00000000 00000000
0x000000010dbed5e0:   00000000 00000000 00000000 00000000 


Stack slot to memory mapping:
stack at sp + 0 slots: 0x0000000128120000 is pointing into metadata
stack at sp + 1 slots: 0x0000000000000001 is an unknown value
stack at sp + 2 slots: 0x000000016eb5e9a8 is pointing into the stack for thread: 0x00000001599c9c00
stack at sp + 3 slots: 0x0 is NULL
stack at sp + 4 slots: 0x0000000149809290 points into unknown readable memory: 0x0000000105f4f370 | 70 f3 f4 05 01 00 00 00
stack at sp + 5 slots: 0x0000000139705ab0 is a global jni handle
stack at sp + 6 slots: 0x0000000139705ab0 is a global jni handle
stack at sp + 7 slots: 0x0000600000240770 points into unknown readable memory: 0x0000600002b4c410 | 10 c4 b4 02 00 60 00 00

StubRoutines::SafeFetchN [0x000000010dbed4ec, 0x000000010dbed4f8] (12 bytes)
[MachCode]
  0x000000010dbed4ec: 0100 40f9 | e003 01aa | c003 5fd6 
[/MachCode]

---------------  P R O C E S S  ---------------

Threads class SMR info:
_java_thread_list=0x0000600002849560, length=21, elements={
0x0000000149808a00, 0x0000000139808200, 0x000000015a86e800, 0x000000013980a400,
0x000000013980cc00, 0x000000013980d200, 0x000000013980d800, 0x000000013980de00,
0x0000000139816400, 0x000000015980d000, 0x000000015a018c00, 0x000000012e01a400,
0x000000015a85d600, 0x00000001599c9c00, 0x0000000149809000, 0x000000015a02c800,
0x000000015a90ce00, 0x000000015aa05600, 0x0000000159ad7a00, 0x0000000159b56400,
0x000000012e86a800
}

Java Threads: ( => current thread )
  0x0000000149808a00 JavaThread "main" [_thread_blocked, id=9731, stack(0x000000016bd48000,0x000000016bf4b000)]
  0x0000000139808200 JavaThread "Reference Handler" daemon [_thread_blocked, id=16131, stack(0x000000016cb9c000,0x000000016cd9f000)]
  0x000000015a86e800 JavaThread "Finalizer" daemon [_thread_blocked, id=15875, stack(0x000000016cda8000,0x000000016cfab000)]
  0x000000013980a400 JavaThread "Signal Dispatcher" daemon [_thread_blocked, id=42755, stack(0x000000016d0cc000,0x000000016d2cf000)]
  0x000000013980cc00 JavaThread "Service Thread" daemon [_thread_blocked, id=23299, stack(0x000000016d2d8000,0x000000016d4db000)]
  0x000000013980d200 JavaThread "Monitor Deflation Thread" daemon [_thread_blocked, id=23555, stack(0x000000016d4e4000,0x000000016d6e7000)]
  0x000000013980d800 JavaThread "C2 CompilerThread0" daemon [_thread_blocked, id=41731, stack(0x000000016d6f0000,0x000000016d8f3000)]
  0x000000013980de00 JavaThread "C1 CompilerThread0" daemon [_thread_blocked, id=41475, stack(0x000000016d8fc000,0x000000016daff000)]
  0x0000000139816400 JavaThread "Sweeper thread" daemon [_thread_blocked, id=24067, stack(0x000000016db08000,0x000000016dd0b000)]
  0x000000015980d000 JavaThread "Common-Cleaner" daemon [_thread_blocked, id=24323, stack(0x000000016dd14000,0x000000016df17000)]
  0x000000015a018c00 JavaThread "Monitor Ctrl-Break" daemon [_thread_in_native, id=40451, stack(0x000000016e12c000,0x000000016e32f000)]
  0x000000012e01a400 JavaThread "Notification Thread" daemon [_thread_blocked, id=40195, stack(0x000000016e338000,0x000000016e53b000)]
  0x000000015a85d600 JavaThread "QuantumRenderer-0" daemon [_thread_blocked, id=25859, stack(0x000000016e750000,0x000000016e953000)]
=>0x00000001599c9c00 JavaThread "InvokeLaterDispatcher" daemon [_thread_in_native, id=29963, stack(0x000000016e95c000,0x000000016eb5f000)]
  0x0000000149809000 JavaThread "JavaFX Application Thread" [_thread_in_native, id=259, stack(0x000000016b4c0000,0x000000016bcbc000)]
  0x000000015a02c800 JavaThread "JavaFX-Launcher" [_thread_blocked, id=56067, stack(0x000000016ee8c000,0x000000016f08f000)]
  0x000000015a90ce00 JavaThread "mysql-cj-abandoned-connection-cleanup" daemon [_thread_blocked, id=59139, stack(0x000000016fad4000,0x000000016fcd7000)]
  0x000000015aa05600 JavaThread "Prism Font Disposer" daemon [_thread_blocked, id=24839, stack(0x000000016df20000,0x000000016e123000)]
  0x0000000159ad7a00 JavaThread "Cleaner-0" daemon [_thread_blocked, id=50443, stack(0x000000029841c000,0x000000029861f000)]
  0x0000000159b56400 JavaThread "Attach Listener" daemon [_thread_blocked, id=1299, stack(0x0000000298628000,0x000000029882b000)]
  0x000000012e86a800 JavaThread "PulseTimer-CVDisplayLink thread" daemon [_thread_in_native, id=170107, stack(0x000000016ec80000,0x000000016ed03000)]

Other Threads:
  0x00000001496162e0 VMThread "VM Thread" [stack: 0x000000016c990000,0x000000016cb93000] [id=16387]
  0x000000013a004330 WatcherThread "VM Periodic Task Thread" [stack: 0x000000016e544000,0x000000016e747000] [id=39939]
  0x0000000149706980 WorkerThread "GC Thread#0" [stack: 0x000000016bf54000,0x000000016c157000] [id=19715]
  0x000000014973dba0 WorkerThread "GC Thread#1" [stack: 0x000000016f098000,0x000000016f29b000] [id=71171]
  0x000000013a005ea0 WorkerThread "GC Thread#2" [stack: 0x000000016f2a4000,0x000000016f4a7000] [id=57347]
  0x000000014973e010 WorkerThread "GC Thread#3" [stack: 0x000000016f4b0000,0x000000016f6b3000] [id=57859]
  0x000000014973e480 WorkerThread "GC Thread#4" [stack: 0x000000016f6bc000,0x000000016f8bf000] [id=58115]
  0x00000001597081a0 WorkerThread "GC Thread#5" [stack: 0x000000016f8c8000,0x000000016facb000] [id=58627]
  0x0000000149661ea0 WorkerThread "GC Thread#6" [stack: 0x000000016fce0000,0x000000016fee3000] [id=69643]
  0x0000000149662310 WorkerThread "GC Thread#7" [stack: 0x0000000298004000,0x0000000298207000] [id=69379]
  0x0000000149605590 ConcurrentGCThread "G1 Main Marker" [stack: 0x000000016c160000,0x000000016c363000] [id=19459]
  0x0000000159704570 WorkerThread "G1 Conc#0" [stack: 0x000000016c36c000,0x000000016c56f000] [id=12803]
  0x0000000159645420 WorkerThread "G1 Conc#1" [stack: 0x0000000298210000,0x0000000298413000] [id=69123]
  0x0000000149612180 ConcurrentGCThread "G1 Refine#0" [stack: 0x000000016c578000,0x000000016c77b000] [id=18179]
  0x0000000139604080 ConcurrentGCThread "G1 Service" [stack: 0x000000016c784000,0x000000016c987000] [id=17667]

Threads with active compile tasks:

VM state: not at safepoint (normal execution)

VM Mutex/Monitor currently owned by a thread: None

Heap address: 0x0000000700000000, size: 4096 MB, Compressed Oops mode: Zero based, Oop shift amount: 3

CDS archive(s) mapped at: [0x0000000800000000-0x0000000800ba8000-0x0000000800ba8000), size 12222464, SharedBaseAddress: 0x0000000800000000, ArchiveRelocationMode: 0.
Compressed class space mapped at: 0x0000000800c00000-0x0000000840c00000, reserved size: 1073741824
Narrow klass base: 0x0000000800000000, Narrow klass shift: 0, Narrow klass range: 0x100000000

GC Precious Log:
 CardTable entry size: 512
 Card Set container configuration: InlinePtr #cards 4 size 8 Array Of Cards #cards 16 size 48 Howl #buckets 8 coarsen threshold 3686 Howl Bitmap #cards 512 size 80 coarsen threshold 460 Card regions per heap region 1 cards per card region 4096
 CPUs: 8 total, 8 available
 Memory: 16384M
 Large Page Support: Disabled
 NUMA Support: Disabled
 Compressed Oops: Enabled (Zero based)
 Heap Region Size: 2M
 Heap Min Capacity: 8M
 Heap Initial Capacity: 256M
 Heap Max Capacity: 4G
 Pre-touch: Disabled
 Parallel Workers: 8
 Concurrent Workers: 2
 Concurrent Refinement Workers: 8
 Periodic GC: Disabled

Heap:
 garbage-first heap   total 55296K, used 31610K [0x0000000700000000, 0x0000000800000000)
  region size 2048K, 15 young (30720K), 4 survivors (8192K)
 Metaspace       used 24235K, committed 24640K, reserved 1114112K
  class space    used 3184K, committed 3392K, reserved 1048576K

Heap Regions: E=young(eden), S=young(survivor), O=old, HS=humongous(starts), HC=humongous(continues), CS=collection set, F=free, OA=open archive, CA=closed archive, TAMS=top-at-mark-start (previous, next)
|   0|0x0000000700000000, 0x00000007000f6800, 0x0000000700200000| 48%| O|  |TAMS 0x0000000700000000, 0x0000000700000000| Complete 
|   1|0x0000000700200000, 0x0000000700400000, 0x0000000700400000|100%|HS|  |TAMS 0x0000000700200000, 0x0000000700200000| Complete 
|   2|0x0000000700400000, 0x0000000700400000, 0x0000000700600000|  0%| F|  |TAMS 0x0000000700400000, 0x0000000700400000| Untracked 
|   3|0x0000000700600000, 0x0000000700600000, 0x0000000700800000|  0%| F|  |TAMS 0x0000000700600000, 0x0000000700600000| Untracked 
|   4|0x0000000700800000, 0x0000000700800000, 0x0000000700a00000|  0%| F|  |TAMS 0x0000000700800000, 0x0000000700800000| Untracked 
|   5|0x0000000700a00000, 0x0000000700a00000, 0x0000000700c00000|  0%| F|  |TAMS 0x0000000700a00000, 0x0000000700a00000| Untracked 
|   6|0x0000000700c00000, 0x0000000700c00000, 0x0000000700e00000|  0%| F|  |TAMS 0x0000000700c00000, 0x0000000700c00000| Untracked 
|   7|0x0000000700e00000, 0x0000000700e00000, 0x0000000701000000|  0%| F|  |TAMS 0x0000000700e00000, 0x0000000700e00000| Untracked 
|   8|0x0000000701000000, 0x0000000701000000, 0x0000000701200000|  0%| F|  |TAMS 0x0000000701000000, 0x0000000701000000| Untracked 
|   9|0x0000000701200000, 0x0000000701200000, 0x0000000701400000|  0%| F|  |TAMS 0x0000000701200000, 0x0000000701200000| Untracked 
|  10|0x0000000701400000, 0x00000007014947c0, 0x0000000701600000| 29%| E|  |TAMS 0x0000000701400000, 0x0000000701400000| Complete 
|  11|0x0000000701600000, 0x0000000701800000, 0x0000000701800000|100%| E|CS|TAMS 0x0000000701600000, 0x0000000701600000| Complete 
|  12|0x0000000701800000, 0x0000000701a00000, 0x0000000701a00000|100%| E|CS|TAMS 0x0000000701800000, 0x0000000701800000| Complete 
|  13|0x0000000701a00000, 0x0000000701c00000, 0x0000000701c00000|100%| E|CS|TAMS 0x0000000701a00000, 0x0000000701a00000| Complete 
|  14|0x0000000701c00000, 0x0000000701e00000, 0x0000000701e00000|100%| E|CS|TAMS 0x0000000701c00000, 0x0000000701c00000| Complete 
|  15|0x0000000701e00000, 0x0000000702000000, 0x0000000702000000|100%| E|  |TAMS 0x0000000701e00000, 0x0000000701e00000| Complete 
|  16|0x0000000702000000, 0x0000000702200000, 0x0000000702200000|100%| E|CS|TAMS 0x0000000702000000, 0x0000000702000000| Complete 
|  17|0x0000000702200000, 0x0000000702400000, 0x0000000702400000|100%| E|CS|TAMS 0x0000000702200000, 0x0000000702200000| Complete 
|  18|0x0000000702400000, 0x0000000702600000, 0x0000000702600000|100%| E|CS|TAMS 0x0000000702400000, 0x0000000702400000| Complete 
|  19|0x0000000702600000, 0x0000000702800000, 0x0000000702800000|100%| E|CS|TAMS 0x0000000702600000, 0x0000000702600000| Complete 
| 101|0x000000070ca00000, 0x000000070cc00000, 0x000000070cc00000|100%| S|CS|TAMS 0x000000070ca00000, 0x000000070ca00000| Complete 
| 102|0x000000070cc00000, 0x000000070ce00000, 0x000000070ce00000|100%| S|CS|TAMS 0x000000070cc00000, 0x000000070cc00000| Complete 
| 103|0x000000070ce00000, 0x000000070d000000, 0x000000070d000000|100%| S|CS|TAMS 0x000000070ce00000, 0x000000070ce00000| Complete 
| 104|0x000000070d000000, 0x000000070d200000, 0x000000070d200000|100%| S|CS|TAMS 0x000000070d000000, 0x000000070d000000| Complete 
| 127|0x000000070fe00000, 0x0000000710000000, 0x0000000710000000|100%| E|CS|TAMS 0x000000070fe00000, 0x000000070fe00000| Complete 
|2046|0x00000007ffc00000, 0x00000007ffd74000, 0x00000007ffe00000| 72%|OA|  |TAMS 0x00000007ffd74000, 0x00000007ffc00000| Untracked 
|2047|0x00000007ffe00000, 0x00000007ffe74000, 0x0000000800000000| 22%|CA|  |TAMS 0x00000007ffe74000, 0x00000007ffe00000| Untracked 

Card table byte_map: [0x000000011cbec000,0x000000011d3ec000] _byte_map_base: 0x00000001193ec000

Marking Bits (Prev, Next): (CMBitMap*) 0x000000015a80ea50, (CMBitMap*) 0x000000015a80ea10
 Prev Bits: [0x0000000121bec000, 0x0000000125bec000)
 Next Bits: [0x000000011dbec000, 0x0000000121bec000)

Polling page: 0x00000001042c8000

Metaspace:

Usage:
  Non-class:     20.56 MB used.
      Class:      3.11 MB used.
       Both:     23.67 MB used.

Virtual space:
  Non-class space:       64.00 MB reserved,      20.75 MB ( 32%) committed,  1 nodes.
      Class space:        1.00 GB reserved,       3.31 MB ( <1%) committed,  1 nodes.
             Both:        1.06 GB reserved,      24.06 MB (  2%) committed. 

Chunk freelists:
   Non-Class:  3.03 MB
       Class:  622.00 KB
        Both:  3.64 MB

MaxMetaspaceSize: unlimited
CompressedClassSpaceSize: 1.00 GB
Initial GC threshold: 21.00 MB
Current GC threshold: 35.44 MB
CDS: on
MetaspaceReclaimPolicy: balanced
 - commit_granule_bytes: 65536.
 - commit_granule_words: 8192.
 - virtual_space_node_default_size: 8388608.
 - enlarge_chunks_in_place: 1.
 - new_chunks_are_fully_committed: 0.
 - uncommit_free_chunks: 1.
 - use_allocation_guard: 0.


Internal statistics:

num_allocs_failed_limit: 3.
num_arena_births: 372.
num_arena_deaths: 0.
num_vsnodes_births: 2.
num_vsnodes_deaths: 0.
num_space_committed: 385.
num_space_uncommitted: 0.
num_chunks_returned_to_freelist: 3.
num_chunks_taken_from_freelist: 1007.
num_chunk_merges: 3.
num_chunk_splits: 731.
num_chunks_enlarged: 564.
num_inconsistent_stats: 0.

CodeHeap 'non-profiled nmethods': size=120032Kb used=1587Kb max_used=1587Kb free=118445Kb
 bounds [0x00000001156b4000, 0x0000000115924000, 0x000000011cbec000]
CodeHeap 'profiled nmethods': size=120016Kb used=7427Kb max_used=7427Kb free=112588Kb
 bounds [0x000000010e180000, 0x000000010e8d0000, 0x00000001156b4000]
CodeHeap 'non-nmethods': size=5712Kb used=1476Kb max_used=1527Kb free=4235Kb
 bounds [0x000000010dbec000, 0x000000010de5c000, 0x000000010e180000]
 total_blobs=4422 nmethods=3553 adapters=785
 compilation: enabled
              stopped_count=0, restarted_count=0
 full_count=0

Compilation events (20 events):
Event: 15.327 Thread 0x000000013980de00 nmethod 3634 0x000000011583f710 code [0x000000011583f880, 0x000000011583f968]
Event: 15.327 Thread 0x000000013980de00 3635       1       com.sun.javafx.geom.RectBounds::setMaxY (6 bytes)
Event: 15.327 Thread 0x000000013980de00 nmethod 3635 0x000000011583fa10 code [0x000000011583fb80, 0x000000011583fc68]
Event: 15.327 Thread 0x000000013980de00 3627       1       com.sun.javafx.geom.Path2D::getNumCommands (5 bytes)
Event: 15.327 Thread 0x000000013980de00 nmethod 3627 0x000000011583fd10 code [0x000000011583fe80, 0x000000011583ff68]
Event: 15.327 Thread 0x000000013980de00 3628       1       com.sun.marlin.Renderer::getOutpixMinX (5 bytes)
Event: 15.327 Thread 0x000000013980de00 nmethod 3628 0x0000000115840010 code [0x0000000115840180, 0x0000000115840268]
Event: 15.327 Thread 0x000000013980de00 3629       1       com.sun.marlin.Renderer::getOutpixMaxX (5 bytes)
Event: 15.327 Thread 0x000000013980de00 nmethod 3629 0x0000000115840310 code [0x0000000115840480, 0x0000000115840568]
Event: 15.327 Thread 0x000000013980de00 3630       1       com.sun.marlin.Renderer::getOutpixMinY (5 bytes)
Event: 15.327 Thread 0x000000013980de00 nmethod 3630 0x0000000115840610 code [0x0000000115840780, 0x0000000115840868]
Event: 15.327 Thread 0x000000013980de00 3631       1       com.sun.marlin.Renderer::getOutpixMaxY (5 bytes)
Event: 15.327 Thread 0x000000013980de00 nmethod 3631 0x0000000115840910 code [0x0000000115840a80, 0x0000000115840b68]
Event: 15.327 Thread 0x000000013980de00 3637       3       java.util.WeakHashMap::getEntry (70 bytes)
Event: 15.328 Thread 0x000000013980de00 nmethod 3637 0x000000010e8bcd10 code [0x000000010e8bcf80, 0x000000010e8bd8e8]
Event: 15.328 Thread 0x000000013980de00 3636       3       java.util.WeakHashMap::containsKey (14 bytes)
Event: 15.328 Thread 0x000000013980de00 nmethod 3636 0x000000010e8bdc90 code [0x000000010e8bde40, 0x000000010e8be018]
Event: 15.454 Thread 0x000000013980de00 3638       3       com.sun.javafx.util.Utils::ladder (82 bytes)
Event: 15.455 Thread 0x000000013980de00 nmethod 3638 0x000000010e8be110 code [0x000000010e8be300, 0x000000010e8be718]
Event: 15.455 Thread 0x000000013980de00 3639       3       javafx.css.converter.EnumConverter::convert (7 bytes)

GC Heap History (4 events):
Event: 0.302 GC heap before
{Heap before GC invocations=0 (full 0):
 garbage-first heap   total 266240K, used 24480K [0x0000000700000000, 0x0000000800000000)
  region size 2048K, 11 young (22528K), 0 survivors (0K)
 Metaspace       used 7051K, committed 7232K, reserved 1114112K
  class space    used 867K, committed 960K, reserved 1048576K
}
Event: 0.304 GC heap after
{Heap after GC invocations=1 (full 0):
 garbage-first heap   total 266240K, used 4821K [0x0000000700000000, 0x0000000800000000)
  region size 2048K, 2 young (4096K), 2 survivors (4096K)
 Metaspace       used 7051K, committed 7232K, reserved 1114112K
  class space    used 867K, committed 960K, reserved 1048576K
}
Event: 0.816 GC heap before
{Heap before GC invocations=1 (full 0):
 garbage-first heap   total 266240K, used 43733K [0x0000000700000000, 0x0000000800000000)
  region size 2048K, 23 young (47104K), 2 survivors (4096K)
 Metaspace       used 21247K, committed 21504K, reserved 1114112K
  class space    used 2792K, committed 2880K, reserved 1048576K
}
Event: 0.820 GC heap after
{Heap after GC invocations=2 (full 0):
 garbage-first heap   total 266240K, used 11130K [0x0000000700000000, 0x0000000800000000)
  region size 2048K, 4 young (8192K), 4 survivors (8192K)
 Metaspace       used 21247K, committed 21504K, reserved 1114112K
  class space    used 2792K, committed 2880K, reserved 1048576K
}

Deoptimization events (20 events):
Event: 9.160 Thread 0x000000015a85d600 DEOPT PACKING pc=0x000000010e84a65c sp=0x000000016e9510c0
Event: 9.160 Thread 0x000000015a85d600 DEOPT UNPACKING pc=0x000000010dc2ab7c sp=0x000000016e950d20 mode 0
Event: 9.160 Thread 0x000000015a85d600 DEOPT PACKING pc=0x000000010e84a65c sp=0x000000016e9510c0
Event: 9.160 Thread 0x000000015a85d600 DEOPT UNPACKING pc=0x000000010dc2ab7c sp=0x000000016e950d20 mode 0
Event: 9.161 Thread 0x000000015a85d600 DEOPT PACKING pc=0x000000010e84a65c sp=0x000000016e9510c0
Event: 9.161 Thread 0x000000015a85d600 DEOPT UNPACKING pc=0x000000010dc2ab7c sp=0x000000016e950d20 mode 0
Event: 9.161 Thread 0x000000015a85d600 DEOPT PACKING pc=0x000000010e84a748 sp=0x000000016e9510c0
Event: 9.161 Thread 0x000000015a85d600 DEOPT UNPACKING pc=0x000000010dc2ab7c sp=0x000000016e950d20 mode 0
Event: 9.162 Thread 0x000000015a85d600 DEOPT PACKING pc=0x000000010e84a748 sp=0x000000016e9510c0
Event: 9.162 Thread 0x000000015a85d600 DEOPT UNPACKING pc=0x000000010dc2ab7c sp=0x000000016e950d20 mode 0
Event: 9.162 Thread 0x000000015a85d600 DEOPT PACKING pc=0x000000010e7c018c sp=0x000000016e9511e0
Event: 9.162 Thread 0x000000015a85d600 DEOPT UNPACKING pc=0x000000010dc2ab7c sp=0x000000016e950de0 mode 0
Event: 9.163 Thread 0x000000015a85d600 DEOPT PACKING pc=0x000000010e84a748 sp=0x000000016e9510c0
Event: 9.163 Thread 0x000000015a85d600 DEOPT UNPACKING pc=0x000000010dc2ab7c sp=0x000000016e950d20 mode 0
Event: 9.459 Thread 0x000000015a85d600 DEOPT PACKING pc=0x000000010e7c018c sp=0x000000016e9511e0
Event: 9.459 Thread 0x000000015a85d600 DEOPT UNPACKING pc=0x000000010dc2ab7c sp=0x000000016e950de0 mode 0
Event: 9.460 Thread 0x000000015a85d600 DEOPT PACKING pc=0x000000010e7cc360 sp=0x000000016e951300
Event: 9.460 Thread 0x000000015a85d600 DEOPT UNPACKING pc=0x000000010dc2ab7c sp=0x000000016e950f20 mode 0
Event: 12.508 Thread 0x000000015a85d600 DEOPT PACKING pc=0x000000010e7564e4 sp=0x000000016e9512c0
Event: 12.508 Thread 0x000000015a85d600 DEOPT UNPACKING pc=0x000000010dc2ab7c sp=0x000000016e950f60 mode 0

Classes loaded (20 events):
Event: 1.154 Loading class sun/util/cldr/CLDRTimeZoneNameProviderImpl
Event: 1.154 Loading class sun/util/locale/provider/TimeZoneNameProviderImpl
Event: 1.154 Loading class sun/util/locale/provider/TimeZoneNameProviderImpl done
Event: 1.154 Loading class sun/util/cldr/CLDRTimeZoneNameProviderImpl done
Event: 1.155 Loading class sun/util/resources/cldr/TimeZoneNames
Event: 1.155 Loading class sun/util/resources/TimeZoneNamesBundle
Event: 1.155 Loading class sun/util/resources/OpenListResourceBundle
Event: 1.155 Loading class sun/util/resources/OpenListResourceBundle done
Event: 1.155 Loading class sun/util/resources/TimeZoneNamesBundle done
Event: 1.155 Loading class sun/util/resources/cldr/TimeZoneNames done
Event: 1.155 Loading class sun/util/resources/cldr/TimeZoneNames_en
Event: 1.156 Loading class sun/util/resources/cldr/TimeZoneNames_en done
Event: 1.156 Loading class sun/util/resources/cldr/TimeZoneNames_en_US
Event: 1.156 Loading class sun/util/resources/cldr/TimeZoneNames_en_US done
Event: 3.767 Loading class java/util/EnumMap$Values
Event: 3.768 Loading class java/util/EnumMap$Values done
Event: 3.768 Loading class java/util/EnumMap$ValueIterator
Event: 3.768 Loading class java/util/EnumMap$EnumMapIterator
Event: 3.768 Loading class java/util/EnumMap$EnumMapIterator done
Event: 3.768 Loading class java/util/EnumMap$ValueIterator done

Classes unloaded (0 events):
No events

Classes redefined (0 events):
No events

Internal exceptions (20 events):
Event: 0.642 Thread 0x0000000149809000 Exception <a 'java/lang/NoSuchMethodError'{0x000000070da334d8}: 'java.lang.Object java.lang.invoke.DirectMethodHandle$Holder.invokeInterface(java.lang.Object, java.lang.Object, java.lang.Object)'> (0x000000070da334d8) 
thrown [open/src/hotspot/share/interpreter/linkResolver.cpp, line 766]
Event: 0.642 Thread 0x0000000149809000 Exception <a 'java/lang/IncompatibleClassChangeError'{0x000000070da36b98}: Found class java.lang.Object, but interface was expected> (0x000000070da36b98) 
thrown [open/src/hotspot/share/interpreter/linkResolver.cpp, line 833]
Event: 0.779 Thread 0x0000000149809000 Exception <a 'java/lang/NoSuchMethodError'{0x000000070d6f5dd8}: 'double java.lang.invoke.DirectMethodHandle$Holder.invokeVirtual(java.lang.Object, java.lang.Object)'> (0x000000070d6f5dd8) 
thrown [open/src/hotspot/share/interpreter/linkResolver.cpp, line 766]
Event: 0.779 Thread 0x0000000149809000 Exception <a 'java/lang/NoSuchMethodError'{0x000000070d6fa840}: 'double java.lang.invoke.DelegatingMethodHandle$Holder.reinvoke_L(java.lang.Object, java.lang.Object)'> (0x000000070d6fa840) 
thrown [open/src/hotspot/share/interpreter/linkResolver.cpp, line 766]
Event: 0.802 Thread 0x0000000149809000 Exception <a 'java/lang/NoSuchMethodError'{0x000000070d518758}: 'int java.lang.invoke.DirectMethodHandle$Holder.invokeSpecial(java.lang.Object, java.lang.Object, int)'> (0x000000070d518758) 
thrown [open/src/hotspot/share/interpreter/linkResolver.cpp, line 766]
Event: 0.802 Thread 0x0000000149809000 Exception <a 'java/lang/NoSuchMethodError'{0x000000070d51fc60}: 'int java.lang.invoke.DirectMethodHandle$Holder.invokeSpecial(java.lang.Object, java.lang.Object, java.lang.Object, int)'> (0x000000070d51fc60) 
thrown [open/src/hotspot/share/interpreter/linkResolver.cpp, line 766]
Event: 0.802 Thread 0x0000000149809000 Exception <a 'java/lang/NoSuchMethodError'{0x000000070d5275c8}: 'int java.lang.invoke.DirectMethodHandle$Holder.invokeSpecial(java.lang.Object, java.lang.Object, java.lang.Object)'> (0x000000070d5275c8) 
thrown [open/src/hotspot/share/interpreter/linkResolver.cpp, line 766]
Event: 0.873 Thread 0x0000000149809000 Exception <a 'java/lang/NoSuchMethodError'{0x000000070257cc10}: 'java.lang.Object java.lang.invoke.DirectMethodHandle$Holder.newInvokeSpecial(java.lang.Object, java.lang.Object, int)'> (0x000000070257cc10) 
thrown [open/src/hotspot/share/interpreter/linkResolver.cpp, line 766]
Event: 0.907 Thread 0x0000000149809000 Exception <a 'java/lang/NoSuchMethodError'{0x000000070259a188}: 'java.lang.Object java.lang.invoke.DirectMethodHandle$Holder.invokeSpecial(java.lang.Object, java.lang.Object, double, java.lang.Object, java.lang.Object)'> (0x000000070259a188) 
thrown [open/src/hotspot/share/interpreter/linkResolver.cpp, line 766]
Event: 0.943 Thread 0x000000015a85d600 Exception <a 'java/lang/NoSuchMethodError'{0x0000000702139448}: 'int java.lang.invoke.DirectMethodHandle$Holder.invokeStaticInit(java.lang.Object, java.lang.Object)'> (0x0000000702139448) 
thrown [open/src/hotspot/share/interpreter/linkResolver.cpp, line 766]
Event: 1.035 Thread 0x000000015a85d600 Exception <a 'java/lang/NoSuchMethodError'{0x0000000701d53058}: 'java.lang.Object java.lang.invoke.DirectMethodHandle$Holder.invokeStaticInit(java.lang.Object, int)'> (0x0000000701d53058) 
thrown [open/src/hotspot/share/interpreter/linkResolver.cpp, line 766]
Event: 6.467 Thread 0x0000000149809000 Exception <a 'java/lang/NoSuchMethodError'{0x00000007018ccdb8}: 'java.lang.Object java.lang.invoke.DirectMethodHandle$Holder.newInvokeSpecial(java.lang.Object, java.lang.Object, int, int, int, int, int, java.lang.Object)'> (0x00000007018ccdb8) 
thrown [open/src/hotspot/share/interpreter/linkResolver.cpp, line 766]
Event: 6.468 Thread 0x0000000149809000 Exception <a 'java/lang/NoSuchMethodError'{0x00000007018e0488}: 'java.lang.Object java.lang.invoke.DirectMethodHandle$Holder.newInvokeSpecial(java.lang.Object, java.lang.Object, java.lang.Object, int, int, int, int, int)'> (0x00000007018e0488) 
thrown [open/src/hotspot/share/interpreter/linkResolver.cpp, line 766]
Event: 6.469 Thread 0x0000000149809000 Exception <a 'java/lang/NoSuchMethodError'{0x00000007018e7cf0}: 'java.lang.Object java.lang.invoke.Invokers$Holder.linkToTargetMethod(java.lang.Object, java.lang.Object, int, int, int, int, int, java.lang.Object)'> (0x00000007018e7cf0) 
thrown [open/src/hotspot/share/interpreter/linkResolver.cpp, line 766]
Event: 6.471 Thread 0x0000000149809000 Exception <a 'java/lang/NoSuchMethodError'{0x00000007018ffbc0}: 'long java.lang.invoke.DirectMethodHandle$Holder.invokeStatic(java.lang.Object, java.lang.Object, java.lang.Object)'> (0x00000007018ffbc0) 
thrown [open/src/hotspot/share/interpreter/linkResolver.cpp, line 766]
Event: 6.471 Thread 0x0000000149809000 Exception <a 'java/lang/NoSuchMethodError'{0x0000000701903360}: 'long java.lang.invoke.DirectMethodHandle$Holder.invokeStaticInit(java.lang.Object, java.lang.Object, java.lang.Object)'> (0x0000000701903360) 
thrown [open/src/hotspot/share/interpreter/linkResolver.cpp, line 766]
Event: 6.472 Thread 0x0000000149809000 Exception <a 'java/lang/NoSuchMethodError'{0x000000070191baa0}: 'java.lang.Object java.lang.invoke.DirectMethodHandle$Holder.newInvokeSpecial(java.lang.Object, java.lang.Object, long)'> (0x000000070191baa0) 
thrown [open/src/hotspot/share/interpreter/linkResolver.cpp, line 766]
Event: 6.472 Thread 0x0000000149809000 Exception <a 'java/lang/NoSuchMethodError'{0x000000070191f370}: 'java.lang.Object java.lang.invoke.Invokers$Holder.linkToTargetMethod(java.lang.Object, long, java.lang.Object)'> (0x000000070191f370) 
thrown [open/src/hotspot/share/interpreter/linkResolver.cpp, line 766]
Event: 6.572 Thread 0x0000000149809000 Exception <a 'java/lang/NoSuchMethodError'{0x00000007019f7d88}: 'void java.lang.invoke.DirectMethodHandle$Holder.invokeSpecial(java.lang.Object, java.lang.Object, int)'> (0x00000007019f7d88) 
thrown [open/src/hotspot/share/interpreter/linkResolver.cpp, line 766]
Event: 6.572 Thread 0x0000000149809000 Exception <a 'java/lang/NoSuchMethodError'{0x00000007019ff658}: 'void java.lang.invoke.DelegatingMethodHandle$Holder.reinvoke_L(java.lang.Object, java.lang.Object, int)'> (0x00000007019ff658) 
thrown [open/src/hotspot/share/interpreter/linkResolver.cpp, line 766]

VM Operations (20 events):
Event: 6.068 Executing VM operation: Cleanup
Event: 6.068 Executing VM operation: Cleanup done
Event: 6.566 Executing VM operation: ICBufferFull
Event: 6.566 Executing VM operation: ICBufferFull done
Event: 7.571 Executing VM operation: Cleanup
Event: 7.572 Executing VM operation: Cleanup done
Event: 8.577 Executing VM operation: Cleanup
Event: 8.577 Executing VM operation: Cleanup done
Event: 9.460 Executing VM operation: HandshakeAllThreads
Event: 9.460 Executing VM operation: HandshakeAllThreads done
Event: 10.465 Executing VM operation: Cleanup
Event: 10.465 Executing VM operation: Cleanup done
Event: 11.469 Executing VM operation: Cleanup
Event: 11.469 Executing VM operation: Cleanup done
Event: 12.471 Executing VM operation: Cleanup
Event: 12.471 Executing VM operation: Cleanup done
Event: 13.475 Executing VM operation: Cleanup
Event: 13.476 Executing VM operation: Cleanup done
Event: 14.481 Executing VM operation: Cleanup
Event: 14.481 Executing VM operation: Cleanup done

Events (20 events):
Event: 9.736 Protecting memory [0x000000016ec80000,0x000000016ec8c000] with protection modes 3
Event: 9.736 Thread 0x000000012e048800 Thread exited: 0x000000012e048800
Event: 10.386 Protecting memory [0x000000016ec80000,0x000000016ec8c000] with protection modes 0
Event: 10.386 Thread 0x0000000159af7c00 Thread added: 0x0000000159af7c00
Event: 10.670 Protecting memory [0x000000016ec80000,0x000000016ec8c000] with protection modes 3
Event: 10.670 Thread 0x0000000159af7c00 Thread exited: 0x0000000159af7c00
Event: 12.503 Protecting memory [0x000000016ec80000,0x000000016ec8c000] with protection modes 0
Event: 12.503 Thread 0x000000012e86a000 Thread added: 0x000000012e86a000
Event: 12.819 Protecting memory [0x000000016ec80000,0x000000016ec8c000] with protection modes 3
Event: 12.819 Thread 0x000000012e86a000 Thread exited: 0x000000012e86a000
Event: 12.886 Protecting memory [0x000000016ec80000,0x000000016ec8c000] with protection modes 0
Event: 12.886 Thread 0x000000012e048800 Thread added: 0x000000012e048800
Event: 13.170 Protecting memory [0x000000016ec80000,0x000000016ec8c000] with protection modes 3
Event: 13.170 Thread 0x000000012e048800 Thread exited: 0x000000012e048800
Event: 14.420 Protecting memory [0x000000016ec80000,0x000000016ec8c000] with protection modes 0
Event: 14.420 Thread 0x000000012e048800 Thread added: 0x000000012e048800
Event: 14.703 Protecting memory [0x000000016ec80000,0x000000016ec8c000] with protection modes 3
Event: 14.703 Thread 0x000000012e048800 Thread exited: 0x000000012e048800
Event: 15.320 Protecting memory [0x000000016ec80000,0x000000016ec8c000] with protection modes 0
Event: 15.320 Thread 0x000000012e86a800 Thread added: 0x000000012e86a800


Dynamic libraries:
0x0000000104278000 	/Users/danielweiner/Library/Java/JavaVirtualMachines/openjdk-18/Contents/Home/lib/libjli.dylib
0x00000001b41f8000 	/usr/lib/libz.1.dylib
0x00000001b42af000 	/usr/lib/libSystem.B.dylib
0x00000001b42a9000 	/usr/lib/system/libcache.dylib
0x00000001b4267000 	/usr/lib/system/libcommonCrypto.dylib
0x00000001b4290000 	/usr/lib/system/libcompiler_rt.dylib
0x00000001b4287000 	/usr/lib/system/libcopyfile.dylib
0x00000001a94ef000 	/usr/lib/system/libcorecrypto.dylib
0x00000001a95a2000 	/usr/lib/system/libdispatch.dylib
0x00000001a9770000 	/usr/lib/system/libdyld.dylib
0x00000001b429f000 	/usr/lib/system/libkeymgr.dylib
0x00000001b4242000 	/usr/lib/system/libmacho.dylib
0x00000001b3937000 	/usr/lib/system/libquarantine.dylib
0x00000001b429c000 	/usr/lib/system/libremovefile.dylib
0x00000001ae8d8000 	/usr/lib/system/libsystem_asl.dylib
0x00000001a9491000 	/usr/lib/system/libsystem_blocks.dylib
0x00000001a962a000 	/usr/lib/system/libsystem_c.dylib
0x00000001b4294000 	/usr/lib/system/libsystem_collections.dylib
0x00000001b2dc5000 	/usr/lib/system/libsystem_configuration.dylib
0x00000001b2021000 	/usr/lib/system/libsystem_containermanager.dylib
0x00000001b3fa4000 	/usr/lib/system/libsystem_coreservices.dylib
0x00000001abe98000 	/usr/lib/system/libsystem_darwin.dylib
0x00000001b42a0000 	/usr/lib/system/libsystem_dnssd.dylib
0x00000001a9627000 	/usr/lib/system/libsystem_featureflags.dylib
0x00000001a9785000 	/usr/lib/system/libsystem_info.dylib
0x00000001b420a000 	/usr/lib/system/libsystem_m.dylib
0x00000001a9577000 	/usr/lib/system/libsystem_malloc.dylib
0x00000001ae867000 	/usr/lib/system/libsystem_networkextension.dylib
0x00000001ac2f1000 	/usr/lib/system/libsystem_notify.dylib
0x00000001ba5ed000 	/usr/lib/system/libsystem_product_info_filter.dylib
0x00000001b2dca000 	/usr/lib/system/libsystem_sandbox.dylib
0x00000001b4299000 	/usr/lib/system/libsystem_secinit.dylib
0x00000001a972b000 	/usr/lib/system/libsystem_kernel.dylib
0x00000001a977d000 	/usr/lib/system/libsystem_platform.dylib
0x00000001a9763000 	/usr/lib/system/libsystem_pthread.dylib
0x00000001b0030000 	/usr/lib/system/libsystem_symptoms.dylib
0x00000001a94d5000 	/usr/lib/system/libsystem_trace.dylib
0x00000001b4274000 	/usr/lib/system/libunwind.dylib
0x00000001a9493000 	/usr/lib/system/libxpc.dylib
0x00000001a9713000 	/usr/lib/libc++abi.dylib
0x00000001a95e9000 	/usr/lib/libobjc.A.dylib
0x00000001b427f000 	/usr/lib/liboah.dylib
0x00000001a96ac000 	/usr/lib/libc++.1.dylib
0x00000001c0106000 	/System/Library/Frameworks/Cocoa.framework/Versions/A/Cocoa
0x00000001ac352000 	/System/Library/Frameworks/AppKit.framework/Versions/C/AppKit
0x00000001af858000 	/System/Library/Frameworks/CoreData.framework/Versions/A/CoreData
0x00000001aa6ad000 	/System/Library/Frameworks/Foundation.framework/Versions/C/Foundation
0x00000001ad20a000 	/System/Library/PrivateFrameworks/UIFoundation.framework/Versions/A/UIFoundation
0x00000001ba2e7000 	/System/Library/PrivateFrameworks/RemoteViewServices.framework/Versions/A/RemoteViewServices
0x00000001b276d000 	/System/Library/PrivateFrameworks/XCTTargetBootstrap.framework/Versions/A/XCTTargetBootstrap
0x00000001b5feb000 	/System/Library/PrivateFrameworks/InternationalSupport.framework/Versions/A/InternationalSupport
0x00000001b6074000 	/System/Library/PrivateFrameworks/UserActivity.framework/Versions/A/UserActivity
0x00000001b54e6000 	/usr/lib/libspindump.dylib
0x00000001ad47b000 	/System/Library/Frameworks/UniformTypeIdentifiers.framework/Versions/A/UniformTypeIdentifiers
0x00000001b0cb8000 	/usr/lib/libapp_launch_measurement.dylib
0x00000001b01e2000 	/System/Library/PrivateFrameworks/CoreAnalytics.framework/Versions/A/CoreAnalytics
0x00000001b0cbb000 	/System/Library/PrivateFrameworks/CoreAutoLayout.framework/Versions/A/CoreAutoLayout
0x00000001b205e000 	/System/Library/Frameworks/Metal.framework/Versions/A/Metal
0x00000001b2dd5000 	/usr/lib/liblangid.dylib
0x00000001b2772000 	/System/Library/PrivateFrameworks/CoreSVG.framework/Versions/A/CoreSVG
0x00000001ae90c000 	/System/Library/PrivateFrameworks/SkyLight.framework/Versions/A/SkyLight
0x00000001aece1000 	/System/Library/Frameworks/CoreGraphics.framework/Versions/A/CoreGraphics
0x00000001ba9b3000 	/System/Library/Frameworks/Accelerate.framework/Versions/A/Accelerate
0x00000001b4f5d000 	/System/Library/PrivateFrameworks/IconServices.framework/Versions/A/IconServices
0x00000001b2040000 	/System/Library/Frameworks/IOSurface.framework/Versions/A/IOSurface
0x00000001b0213000 	/usr/lib/libDiagnosticMessagesClient.dylib
0x00000001bdeb4000 	/System/Library/Frameworks/ApplicationServices.framework/Versions/A/ApplicationServices
0x00000001b2755000 	/System/Library/PrivateFrameworks/DFRFoundation.framework/Versions/A/DFRFoundation
0x00000001abbe2000 	/usr/lib/libicucore.A.dylib
0x00000001b6e97000 	/System/Library/Frameworks/AudioToolbox.framework/Versions/A/AudioToolbox
0x00000001b5ff7000 	/System/Library/PrivateFrameworks/DataDetectorsCore.framework/Versions/A/DataDetectorsCore
0x00000001cc937000 	/System/Library/PrivateFrameworks/TextInput.framework/Versions/A/TextInput
0x00000001ae881000 	/usr/lib/libMobileGestalt.dylib
0x00000001b2421000 	/System/Library/Frameworks/Carbon.framework/Versions/A/Frameworks/HIToolbox.framework/Versions/A/HIToolbox
0x00000001b0694000 	/System/Library/Frameworks/QuartzCore.framework/Versions/A/QuartzCore
0x00000001ab865000 	/System/Library/Frameworks/Security.framework/Versions/A/Security
0x00000001ba327000 	/System/Library/Frameworks/Carbon.framework/Versions/A/Frameworks/SpeechRecognition.framework/Versions/A/SpeechRecognition
0x00000001b0a0e000 	/System/Library/PrivateFrameworks/CoreUI.framework/Versions/A/CoreUI
0x00000001ab142000 	/System/Library/Frameworks/CoreAudio.framework/Versions/A/CoreAudio
0x00000001b0308000 	/System/Library/Frameworks/DiskArbitration.framework/Versions/A/DiskArbitration
0x00000001b58f0000 	/System/Library/PrivateFrameworks/MultitouchSupport.framework/Versions/A/MultitouchSupport
0x00000001ae87f000 	/usr/lib/libenergytrace.dylib
0x00000001ac21a000 	/System/Library/Frameworks/IOKit.framework/Versions/A/IOKit
0x00000001ba716000 	/System/Library/Frameworks/CoreServices.framework/Versions/A/CoreServices
0x00000001b0c48000 	/System/Library/PrivateFrameworks/PerformanceAnalysis.framework/Versions/A/PerformanceAnalysis
0x000000020ac1f000 	/System/Library/Frameworks/OpenGL.framework/Versions/A/OpenGL
0x00000001b384f000 	/System/Library/PrivateFrameworks/MobileKeyBag.framework/Versions/A/MobileKeyBag
0x00000001af2ee000 	/System/Library/Frameworks/ColorSync.framework/Versions/A/ColorSync
0x00000001a97b2000 	/System/Library/Frameworks/CoreFoundation.framework/Versions/A/CoreFoundation
0x00000001b29f1000 	/System/Library/Frameworks/CoreImage.framework/Versions/A/CoreImage
0x00000001aaf66000 	/System/Library/Frameworks/CoreText.framework/Versions/A/CoreText
0x00000001b27a2000 	/System/Library/Frameworks/ImageIO.framework/Versions/A/ImageIO
0x00000001b42b5000 	/System/Library/PrivateFrameworks/SoftLinking.framework/Versions/A/SoftLinking
0x00000001b0d06000 	/usr/lib/libxml2.2.dylib
0x00000001b454e000 	/usr/lib/libcompression.dylib
0x00000001b5f47000 	/System/Library/PrivateFrameworks/TextureIO.framework/Versions/A/TextureIO
0x00000001b4c76000 	/usr/lib/libate.dylib
0x00000001b4b3b000 	/usr/lib/liblzma.5.dylib
0x00000001aa3a1000 	/System/Library/Frameworks/SystemConfiguration.framework/Versions/A/SystemConfiguration
0x00000001b42b1000 	/usr/lib/libfakelink.dylib
0x00000001ae3b3000 	/System/Library/Frameworks/CFNetwork.framework/Versions/A/CFNetwork
0x00000001b43f7000 	/usr/lib/libarchive.2.dylib
0x00000001b2dd1000 	/System/Library/PrivateFrameworks/AppleSystemInfo.framework/Versions/A/AppleSystemInfo
0x00000001b3962000 	/usr/lib/libbsm.0.dylib
0x00000001ad924000 	/usr/lib/libnetwork.dylib
0x00000001b424b000 	/usr/lib/system/libkxld.dylib
0x00000001b3575000 	/System/Library/PrivateFrameworks/IOMobileFramebuffer.framework/Versions/A/IOMobileFramebuffer
0x000000022854b000 	/usr/lib/libCoreEntitlements.dylib
0x00000001b3f86000 	/System/Library/PrivateFrameworks/AppleFSCompression.framework/Versions/A/AppleFSCompression
0x00000001b394a000 	/usr/lib/libcoretls.dylib
0x00000001b4b54000 	/usr/lib/libcoretls_cfhelpers.dylib
0x00000001b4549000 	/usr/lib/libpam.2.dylib
0x00000001afc47000 	/usr/lib/libsqlite3.dylib
0x00000001b4bbd000 	/usr/lib/libxar.1.dylib
0x00000001b3f97000 	/usr/lib/libbz2.1.0.dylib
0x00000001b42b6000 	/usr/lib/libpcap.A.dylib
0x00000001b0027000 	/usr/lib/libdns_services.dylib
0x00000001b451c000 	/usr/lib/libapple_nghttp2.dylib
0x00000001b42f3000 	/usr/lib/libiconv.2.dylib
0x00000001b4241000 	/usr/lib/libcharset.1.dylib
0x00000001b0c84000 	/System/Library/Frameworks/CoreServices.framework/Versions/A/Frameworks/FSEvents.framework/Versions/A/FSEvents
0x00000001abea3000 	/System/Library/Frameworks/CoreServices.framework/Versions/A/Frameworks/CarbonCore.framework/Versions/A/CarbonCore
0x00000001b0268000 	/System/Library/Frameworks/CoreServices.framework/Versions/A/Frameworks/Metadata.framework/Versions/A/Metadata
0x00000001b3faa000 	/System/Library/Frameworks/CoreServices.framework/Versions/A/Frameworks/OSServices.framework/Versions/A/OSServices
0x00000001b447d000 	/System/Library/Frameworks/CoreServices.framework/Versions/A/Frameworks/SearchKit.framework/Versions/A/SearchKit
0x00000001affb6000 	/System/Library/Frameworks/CoreServices.framework/Versions/A/Frameworks/AE.framework/Versions/A/AE
0x00000001a9cf8000 	/System/Library/Frameworks/CoreServices.framework/Versions/A/Frameworks/LaunchServices.framework/Versions/A/LaunchServices
0x00000001b4ae4000 	/System/Library/Frameworks/CoreServices.framework/Versions/A/Frameworks/DictionaryServices.framework/Versions/A/DictionaryServices
0x00000001b0c91000 	/System/Library/Frameworks/CoreServices.framework/Versions/A/Frameworks/SharedFileList.framework/Versions/A/SharedFileList
0x00000001b393a000 	/usr/lib/libCheckFix.dylib
0x00000001ae8f0000 	/System/Library/PrivateFrameworks/TCC.framework/Versions/A/TCC
0x00000001b2dd7000 	/System/Library/PrivateFrameworks/CoreNLP.framework/Versions/A/CoreNLP
0x00000001b0216000 	/System/Library/PrivateFrameworks/MetadataUtilities.framework/Versions/A/MetadataUtilities
0x00000001aa45a000 	/usr/lib/libmecabra.dylib
0x00000001b3973000 	/usr/lib/libmecab.dylib
0x00000001aa426000 	/usr/lib/libCRFSuite.dylib
0x00000001b39d0000 	/usr/lib/libgermantok.dylib
0x00000001b44f5000 	/usr/lib/libThaiTokenizer.dylib
0x00000001b0310000 	/System/Library/Frameworks/Accelerate.framework/Versions/A/Frameworks/vImage.framework/Versions/A/vImage
0x00000001ba6ed000 	/System/Library/Frameworks/Accelerate.framework/Versions/A/Frameworks/vecLib.framework/Versions/A/vecLib
0x00000001b4c02000 	/System/Library/Frameworks/Accelerate.framework/Versions/A/Frameworks/vecLib.framework/Versions/A/libvMisc.dylib
0x00000001b347c000 	/System/Library/Frameworks/Accelerate.framework/Versions/A/Frameworks/vecLib.framework/Versions/A/libvDSP.dylib
0x00000001aa081000 	/System/Library/Frameworks/Accelerate.framework/Versions/A/Frameworks/vecLib.framework/Versions/A/libBLAS.dylib
0x00000001b461f000 	/System/Library/Frameworks/Accelerate.framework/Versions/A/Frameworks/vecLib.framework/Versions/A/libLAPACK.dylib
0x00000001b39d3000 	/System/Library/Frameworks/Accelerate.framework/Versions/A/Frameworks/vecLib.framework/Versions/A/libLinearAlgebra.dylib
0x00000001b4534000 	/System/Library/Frameworks/Accelerate.framework/Versions/A/Frameworks/vecLib.framework/Versions/A/libSparseBLAS.dylib
0x00000001b461a000 	/System/Library/Frameworks/Accelerate.framework/Versions/A/Frameworks/vecLib.framework/Versions/A/libQuadrature.dylib
0x00000001b2ed0000 	/System/Library/Frameworks/Accelerate.framework/Versions/A/Frameworks/vecLib.framework/Versions/A/libBNNS.dylib
0x00000001aa33f000 	/System/Library/Frameworks/Accelerate.framework/Versions/A/Frameworks/vecLib.framework/Versions/A/libSparse.dylib
0x00000001b2ec8000 	/System/Library/PrivateFrameworks/LinguisticData.framework/Versions/A/LinguisticData
0x00000001aa2f7000 	/System/Library/PrivateFrameworks/Lexicon.framework/Versions/A/Lexicon
0x00000001b4bfa000 	/usr/lib/libChineseTokenizer.dylib
0x00000001aaa9e000 	/System/Library/PrivateFrameworks/LanguageModeling.framework/Versions/A/LanguageModeling
0x00000001b44f7000 	/System/Library/PrivateFrameworks/AppleSauce.framework/Versions/A/AppleSauce
0x00000001b3562000 	/System/Library/PrivateFrameworks/CoreEmoji.framework/Versions/A/CoreEmoji
0x00000001b43e5000 	/usr/lib/libcmph.dylib
0x00000001b0c64000 	/System/Library/Frameworks/OpenDirectory.framework/Versions/A/Frameworks/CFOpenDirectory.framework/Versions/A/CFOpenDirectory
0x00000001b0c54000 	/System/Library/Frameworks/OpenDirectory.framework/Versions/A/OpenDirectory
0x00000001b4b56000 	/System/Library/PrivateFrameworks/APFS.framework/Versions/A/APFS
0x00000001b388a000 	/System/Library/Frameworks/SecurityFoundation.framework/Versions/A/SecurityFoundation
0x00000001b4bcc000 	/usr/lib/libutil.dylib
0x00000001ac1dc000 	/System/Library/PrivateFrameworks/CoreServicesStore.framework/Versions/A/CoreServicesStore
0x00000001b4bd0000 	/usr/lib/libxslt.1.dylib
0x00000001b391e000 	/System/Library/PrivateFrameworks/BackgroundTaskManagement.framework/Versions/A/BackgroundTaskManagement
0x00000001b5e68000 	/System/Library/Frameworks/ImageIO.framework/Versions/A/Resources/libRadiance.dylib
0x00000001b5e71000 	/System/Library/Frameworks/ImageIO.framework/Versions/A/Resources/libJPEG.dylib
0x00000001b5dc4000 	/System/Library/Frameworks/ImageIO.framework/Versions/A/Resources/libPng.dylib
0x00000001b5de6000 	/System/Library/Frameworks/ImageIO.framework/Versions/A/Resources/libTIFF.dylib
0x00000001b5ecc000 	/System/Library/Frameworks/ImageIO.framework/Versions/A/Resources/libGIF.dylib
0x00000001b5800000 	/System/Library/Frameworks/ImageIO.framework/Versions/A/Resources/libJP2.dylib
0x00000001b4f22000 	/usr/lib/libexpat.1.dylib
0x00000001b57bb000 	/System/Library/PrivateFrameworks/AppleJPEG.framework/Versions/A/AppleJPEG
0x00000001b22dd000 	/System/Library/PrivateFrameworks/FontServices.framework/libFontParser.dylib
0x00000001aff5b000 	/System/Library/PrivateFrameworks/RunningBoardServices.framework/Versions/A/RunningBoardServices
0x00000001c07d9000 	/System/Library/PrivateFrameworks/IOSurfaceAccelerator.framework/Versions/A/IOSurfaceAccelerator
0x00000001b58ec000 	/System/Library/PrivateFrameworks/WatchdogClient.framework/Versions/A/WatchdogClient
0x00000001aaba2000 	/System/Library/Frameworks/CoreDisplay.framework/Versions/A/CoreDisplay
0x00000001b21c7000 	/System/Library/Frameworks/CoreMedia.framework/Versions/A/CoreMedia
0x00000001b2054000 	/System/Library/PrivateFrameworks/IOAccelerator.framework/Versions/A/IOAccelerator
0x00000001b0df4000 	/System/Library/Frameworks/CoreVideo.framework/Versions/A/CoreVideo
0x00000001b4547000 	/System/Library/Frameworks/MetalPerformanceShaders.framework/Versions/A/MetalPerformanceShaders
0x00000001b592b000 	/System/Library/Frameworks/VideoToolbox.framework/Versions/A/VideoToolbox
0x00000001afe9f000 	/System/Library/PrivateFrameworks/BaseBoard.framework/Versions/A/BaseBoard
0x00000001afc2d000 	/System/Library/PrivateFrameworks/ProtocolBuffer.framework/Versions/A/ProtocolBuffer
0x00000001b5e63000 	/System/Library/PrivateFrameworks/GPUWrangler.framework/Versions/A/GPUWrangler
0x00000001b5e43000 	/System/Library/PrivateFrameworks/IOPresentment.framework/Versions/A/IOPresentment
0x00000001b5e6b000 	/System/Library/PrivateFrameworks/DSExternalDisplay.framework/Versions/A/DSExternalDisplay
0x000000020ac12000 	/System/Library/Frameworks/OpenGL.framework/Versions/A/Libraries/libCoreFSCache.dylib
0x00000002150d1000 	/System/Library/PrivateFrameworks/GPUCompiler.framework/Versions/31001/Libraries/libGPUCompilerUtils.dylib
0x00000001b5ed1000 	/System/Library/PrivateFrameworks/CMCaptureCore.framework/Versions/A/CMCaptureCore
0x00000001b54d3000 	/System/Library/PrivateFrameworks/AppServerSupport.framework/Versions/A/AppServerSupport
0x00000001b7754000 	/System/Library/PrivateFrameworks/perfdata.framework/Versions/A/perfdata
0x00000001aacc2000 	/System/Library/PrivateFrameworks/AudioToolboxCore.framework/Versions/A/AudioToolboxCore
0x00000001b21a0000 	/System/Library/PrivateFrameworks/caulk.framework/Versions/A/caulk
0x00000001b7049000 	/usr/lib/libAudioStatistics.dylib
0x00000001c8f9e000 	/System/Library/PrivateFrameworks/SystemPolicy.framework/Versions/A/SystemPolicy
0x00000001b72b5000 	/usr/lib/libSMC.dylib
0x00000001bffe8000 	/System/Library/Frameworks/CoreMIDI.framework/Versions/A/CoreMIDI
0x00000001b5d92000 	/usr/lib/libAudioToolboxUtility.dylib
0x00000001c506b000 	/System/Library/PrivateFrameworks/OSAServicesClient.framework/Versions/A/OSAServicesClient
0x00000001b7761000 	/usr/lib/libperfcheck.dylib
0x00000001c9ab6000 	/usr/lib/libmis.dylib
0x000000020ac74000 	/System/Library/Frameworks/OpenGL.framework/Versions/A/Libraries/libGLU.dylib
0x000000020ac33000 	/System/Library/Frameworks/OpenGL.framework/Versions/A/Libraries/libGFXShared.dylib
0x000000020ae20000 	/System/Library/Frameworks/OpenGL.framework/Versions/A/Libraries/libGL.dylib
0x000000020ac3c000 	/System/Library/Frameworks/OpenGL.framework/Versions/A/Libraries/libGLImage.dylib
0x000000020ac30000 	/System/Library/Frameworks/OpenGL.framework/Versions/A/Libraries/libCVMSPluginSupport.dylib
0x000000020ac19000 	/System/Library/Frameworks/OpenGL.framework/Versions/A/Libraries/libCoreVMClient.dylib
0x00000001b2d51000 	/System/Library/Frameworks/MetalPerformanceShaders.framework/Versions/A/Frameworks/MPSCore.framework/Versions/A/MPSCore
0x00000001b3ef9000 	/System/Library/Frameworks/MetalPerformanceShaders.framework/Versions/A/Frameworks/MPSImage.framework/Versions/A/MPSImage
0x00000001b39e8000 	/System/Library/Frameworks/MetalPerformanceShaders.framework/Versions/A/Frameworks/MPSNeuralNetwork.framework/Versions/A/MPSNeuralNetwork
0x00000001b3e21000 	/System/Library/Frameworks/MetalPerformanceShaders.framework/Versions/A/Frameworks/MPSMatrix.framework/Versions/A/MPSMatrix
0x00000001b3bfa000 	/System/Library/Frameworks/MetalPerformanceShaders.framework/Versions/A/Frameworks/MPSRayIntersector.framework/Versions/A/MPSRayIntersector
0x00000001b3e52000 	/System/Library/Frameworks/MetalPerformanceShaders.framework/Versions/A/Frameworks/MPSNDArray.framework/Versions/A/MPSNDArray
0x000000020cd8b000 	/System/Library/Frameworks/MetalPerformanceShaders.framework/Versions/A/Frameworks/MPSFunctions.framework/Versions/A/MPSFunctions
0x00000001a9f58000 	/System/Library/PrivateFrameworks/MetalTools.framework/Versions/A/MetalTools
0x00000001b2dcf000 	/System/Library/PrivateFrameworks/AggregateDictionary.framework/Versions/A/AggregateDictionary
0x00000001b4d07000 	/usr/lib/libIOReport.dylib
0x00000001bf006000 	/System/Library/PrivateFrameworks/ASEProcessing.framework/Versions/A/ASEProcessing
0x00000001b507c000 	/System/Library/PrivateFrameworks/FaceCore.framework/Versions/A/FaceCore
0x00000001b506e000 	/System/Library/PrivateFrameworks/GraphVisualizer.framework/Versions/A/GraphVisualizer
0x0000000214fe8000 	/System/Library/PrivateFrameworks/FontServices.framework/Versions/A/FontServices
0x00000001b548f000 	/System/Library/PrivateFrameworks/OTSVG.framework/Versions/A/OTSVG
0x00000001b09be000 	/System/Library/Frameworks/ApplicationServices.framework/Versions/A/Frameworks/ATS.framework/Versions/A/Resources/libFontRegistry.dylib
0x00000001b54dc000 	/System/Library/PrivateFrameworks/FontServices.framework/libhvf.dylib
0x0000000214fe9000 	/System/Library/PrivateFrameworks/FontServices.framework/libXTFontStaticRegistryData.dylib
0x000000020afc1000 	/System/Library/Frameworks/OpenCL.framework/Versions/A/OpenCL
0x00000001b4ed6000 	/System/Library/PrivateFrameworks/AppleVA.framework/Versions/A/AppleVA
0x00000001b7071000 	/System/Library/Frameworks/ApplicationServices.framework/Versions/A/Frameworks/ATS.framework/Versions/A/ATS
0x00000001af3eb000 	/System/Library/Frameworks/ApplicationServices.framework/Versions/A/Frameworks/HIServices.framework/Versions/A/HIServices
0x00000001b5edb000 	/System/Library/Frameworks/ApplicationServices.framework/Versions/A/Frameworks/PrintCore.framework/Versions/A/PrintCore
0x00000001b7408000 	/System/Library/Frameworks/ApplicationServices.framework/Versions/A/Frameworks/QD.framework/Versions/A/QD
0x00000001b7400000 	/System/Library/Frameworks/ApplicationServices.framework/Versions/A/Frameworks/ColorSyncLegacy.framework/Versions/A/ColorSyncLegacy
0x00000001b705d000 	/System/Library/Frameworks/ApplicationServices.framework/Versions/A/Frameworks/SpeechSynthesis.framework/Versions/A/SpeechSynthesis
0x00000001b5e9c000 	/System/Library/Frameworks/ApplicationServices.framework/Versions/A/Frameworks/ATSUI.framework/Versions/A/ATSUI
0x00000001b7395000 	/usr/lib/libcups.2.dylib
0x00000001b776f000 	/System/Library/Frameworks/Kerberos.framework/Versions/A/Kerberos
0x00000001b7780000 	/System/Library/Frameworks/GSS.framework/Versions/A/GSS
0x00000001b70e1000 	/usr/lib/libresolv.9.dylib
0x00000001b54eb000 	/System/Library/PrivateFrameworks/Heimdal.framework/Versions/A/Heimdal
0x00000001be23b000 	/System/Library/Frameworks/Kerberos.framework/Versions/A/Libraries/libHeimdalProxy.dylib
0x00000001b0039000 	/System/Library/Frameworks/Network.framework/Versions/A/Network
0x00000001b4f3d000 	/usr/lib/libheimdal-asn1.dylib
0x00000001b77d0000 	/System/Library/PrivateFrameworks/CommonAuth.framework/Versions/A/CommonAuth
0x00000001b6fd7000 	/System/Library/PrivateFrameworks/AudioSession.framework/Versions/A/AudioSession
0x00000001b4fcf000 	/System/Library/PrivateFrameworks/MediaExperience.framework/Versions/A/MediaExperience
0x00000001b6e5d000 	/System/Library/PrivateFrameworks/AudioSession.framework/libSessionUtility.dylib
0x00000001b7414000 	/System/Library/PrivateFrameworks/AudioResourceArbitration.framework/Versions/A/AudioResourceArbitration
0x00000001bb5ca000 	/System/Library/PrivateFrameworks/PowerLog.framework/Versions/A/PowerLog
0x00000001b4f47000 	/System/Library/PrivateFrameworks/IconFoundation.framework/Versions/A/IconFoundation
0x00000001ba313000 	/System/Library/PrivateFrameworks/SpeechRecognitionCore.framework/Versions/A/SpeechRecognitionCore
0x00000001053b4000 	/Users/danielweiner/Library/Java/JavaVirtualMachines/openjdk-18/Contents/Home/lib/server/libjvm.dylib
0x00000001042dc000 	/Users/danielweiner/Library/Java/JavaVirtualMachines/openjdk-18/Contents/Home/lib/libjimage.dylib
0x0000000104308000 	/Users/danielweiner/Library/Java/JavaVirtualMachines/openjdk-18/Contents/Home/lib/libinstrument.dylib
0x0000000104354000 	/Users/danielweiner/Library/Java/JavaVirtualMachines/openjdk-18/Contents/Home/lib/libjava.dylib
0x0000000104ecc000 	/Users/danielweiner/Library/Java/JavaVirtualMachines/openjdk-18/Contents/Home/lib/libnio.dylib
0x0000000104eec000 	/Users/danielweiner/Library/Java/JavaVirtualMachines/openjdk-18/Contents/Home/lib/libnet.dylib
0x000000010433c000 	/Users/danielweiner/Library/Java/JavaVirtualMachines/openjdk-18/Contents/Home/lib/libzip.dylib
0x0000000104f0c000 	/Users/danielweiner/.openjfx/cache/17.0.1/libprism_es2.dylib
0x00000001ac19f000 	/System/Library/PrivateFrameworks/CoreServicesInternal.framework/Versions/A/CoreServicesInternal
0x000000020ae2a000 	/System/Library/Frameworks/OpenGL.framework/Versions/A/Resources/GLEngine.bundle/GLEngine
0x000000020acb2000 	/System/Library/Frameworks/OpenGL.framework/Versions/A/Libraries/libGLProgrammability.dylib
0x000000010523c000 	/System/Library/Extensions/AppleMetalOpenGLRenderer.bundle/Contents/MacOS/AppleMetalOpenGLRenderer
0x000000020af99000 	/System/Library/Frameworks/OpenGL.framework/Versions/A/Resources/GLRendererFloat.bundle/GLRendererFloat
0x000000020b099000 	/System/Library/Extensions/AGXMetal13_3.bundle/Contents/MacOS/AGXMetal13_3
0x00000001c9ad2000 	/System/Library/PrivateFrameworks/GPURawCounter.framework/Versions/A/GPURawCounter
0x00000001c41dc000 	/System/Library/PrivateFrameworks/IOGPU.framework/Versions/A/IOGPU
0x0000000105338000 	/Users/danielweiner/.openjfx/cache/17.0.1/libglass.dylib
0x00000001bb822000 	/System/Library/Frameworks/FileProvider.framework/Versions/A/FileProvider
0x00000001afe07000 	/System/Library/Frameworks/Accounts.framework/Versions/A/Accounts
0x00000001bb9a6000 	/System/Library/PrivateFrameworks/GenerationalStorage.framework/Versions/A/GenerationalStorage
0x00000001bc569000 	/System/Library/PrivateFrameworks/CoreSymbolication.framework/Versions/A/CoreSymbolication
0x00000001bb5be000 	/System/Library/PrivateFrameworks/SymptomDiagnosticReporter.framework/Versions/A/SymptomDiagnosticReporter
0x00000001ad48f000 	/System/Library/PrivateFrameworks/DesktopServicesPriv.framework/Versions/A/DesktopServicesPriv
0x00000001ac301000 	/usr/lib/libsandbox.1.dylib
0x00000001b0e82000 	/System/Library/PrivateFrameworks/UserManagement.framework/Versions/A/UserManagement
0x00000001bc526000 	/System/Library/PrivateFrameworks/DebugSymbols.framework/Versions/A/DebugSymbols
0x00000001b73f3000 	/System/Library/PrivateFrameworks/NetAuth.framework/Versions/A/NetAuth
0x00000001b8311000 	/System/Library/PrivateFrameworks/Sharing.framework/Versions/A/Sharing
0x00000001b0e52000 	/System/Library/PrivateFrameworks/login.framework/Versions/A/Frameworks/loginsupport.framework/Versions/A/loginsupport
0x00000001bd75b000 	/System/Library/PrivateFrameworks/Apple80211.framework/Versions/A/Apple80211
0x00000001b3fdd000 	/System/Library/PrivateFrameworks/AuthKit.framework/Versions/A/AuthKit
0x00000001b365e000 	/System/Library/PrivateFrameworks/CoreUtils.framework/Versions/A/CoreUtils
0x00000001b3581000 	/System/Library/Frameworks/CoreWLAN.framework/Versions/A/CoreWLAN
0x00000001b8481000 	/System/Library/Frameworks/IOBluetooth.framework/Versions/A/IOBluetooth
0x00000001bd7bb000 	/System/Library/PrivateFrameworks/CoreWiFi.framework/Versions/A/CoreWiFi
0x00000001bc106000 	/System/Library/PrivateFrameworks/FrontBoardServices.framework/Versions/A/FrontBoardServices
0x00000001bc19e000 	/System/Library/PrivateFrameworks/BoardServices.framework/Versions/A/BoardServices
0x00000001b3878000 	/System/Library/PrivateFrameworks/AssertionServices.framework/Versions/A/AssertionServices
0x00000001bd938000 	/System/Library/PrivateFrameworks/BackBoardServices.framework/Versions/A/BackBoardServices
0x00000001b7867000 	/System/Library/PrivateFrameworks/CorePhoneNumbers.framework/Versions/A/CorePhoneNumbers
0x00000001bb6ee000 	/System/Library/PrivateFrameworks/DiskManagement.framework/Versions/A/DiskManagement
0x00000001bb5f1000 	/System/Library/PrivateFrameworks/AppleIDAuthSupport.framework/Versions/A/AppleIDAuthSupport
0x000000020f5b2000 	/System/Library/PrivateFrameworks/AAAFoundation.framework/Versions/A/AAAFoundation
0x00000001b7846000 	/System/Library/PrivateFrameworks/KeychainCircle.framework/Versions/A/KeychainCircle
0x00000001bb6ba000 	/System/Library/PrivateFrameworks/MediaKit.framework/Versions/A/MediaKit
0x00000001bb5fe000 	/System/Library/Frameworks/DiscRecording.framework/Versions/A/DiscRecording
0x00000001b4e52000 	/usr/lib/libCoreStorage.dylib
0x00000001bdc35000 	/usr/lib/libcsfde.dylib
0x00000001b8556000 	/System/Library/PrivateFrameworks/ProtectedCloudStorage.framework/Versions/A/ProtectedCloudStorage
0x00000001bdc2d000 	/System/Library/PrivateFrameworks/EFILogin.framework/Versions/A/EFILogin
0x00000001bb9cd000 	/System/Library/PrivateFrameworks/OctagonTrust.framework/Versions/A/OctagonTrust
0x0000000214183000 	/System/Library/PrivateFrameworks/CoreUtilsExtras.framework/Versions/A/CoreUtilsExtras
0x00000001bb523000 	/System/Library/Frameworks/CoreBluetooth.framework/Versions/A/CoreBluetooth
0x00000001be2c0000 	/System/Library/Frameworks/AudioUnit.framework/Versions/A/AudioUnit
0x00000001b4e4a000 	/usr/lib/libMatch.1.dylib
0x00000001cdf7e000 	/System/Library/Frameworks/Accelerate.framework/Versions/A/Frameworks/vImage.framework/Versions/A/Libraries/libCGInterfaces.dylib
0x000000012ffec000 	/usr/lib/libobjc-trampolines.dylib
0x00000001b0b4c000 	/System/Library/PrivateFrameworks/ViewBridge.framework/Versions/A/ViewBridge
0x000000020fc65000 	/System/Library/PrivateFrameworks/AccessibilityBundles.framework/Versions/A/AccessibilityBundles
0x00000001b55ae000 	/System/Library/PrivateFrameworks/login.framework/Versions/A/login
0x00000001395e0000 	/Users/danielweiner/.openjfx/cache/17.0.1/libjavafx_font.dylib
0x00000002286c9000 	/usr/lib/libRosetta.dylib


VM Arguments:
jvm_args: -javaagent:/Users/danielweiner/Library/Application Support/JetBrains/Toolbox/apps/IDEA-U/ch-0/221.5080.210/IntelliJ IDEA.app/Contents/lib/idea_rt.jar=49343:/Users/danielweiner/Library/Application Support/JetBrains/Toolbox/apps/IDEA-U/ch-0/221.5080.210/IntelliJ IDEA.app/Contents/bin -Dfile.encoding=UTF-8 --module-path=/Users/danielweiner/.m2/repository/org/openjfx/javafx-controls/17.0.1/javafx-controls-17.0.1-mac-aarch64.jar:/Users/danielweiner/.m2/repository/org/openjfx/javafx-fxml/17.0.1/javafx-fxml-17.0.1-mac-aarch64.jar:/Users/danielweiner/Public/Drop Box/eclipse-workspace/JavaFinalProject/target/classes:/Users/danielweiner/.m2/repository/org/openjfx/javafx-base/17.0.1/javafx-base-17.0.1-mac-aarch64.jar:/Users/danielweiner/.m2/repository/org/openjfx/javafx-graphics/17.0.1/javafx-graphics-17.0.1-mac-aarch64.jar -Djdk.module.main=com.example.javafinalproject 
java_command: com.example.javafinalproject/com.example.javafinalproject.Main
java_class_path (initial): /Users/danielweiner/.m2/repository/org/openjfx/javafx-controls/17.0.1/javafx-controls-17.0.1.jar:/Users/danielweiner/.m2/repository/org/openjfx/javafx-graphics/17.0.1/javafx-graphics-17.0.1.jar:/Users/danielweiner/.m2/repository/org/openjfx/javafx-base/17.0.1/javafx-base-17.0.1.jar:/Users/danielweiner/.m2/repository/org/openjfx/javafx-fxml/17.0.1/javafx-fxml-17.0.1.jar:/Users/danielweiner/Downloads/mysql-connector-java-8.0.29/mysql-connector-java-8.0.29.jar
Launcher Type: SUN_STANDARD

[Global flags]
     intx CICompilerCount                          = 4                                         {product} {ergonomic}
     uint ConcGCThreads                            = 2                                         {product} {ergonomic}
     uint G1ConcRefinementThreads                  = 8                                         {product} {ergonomic}
   size_t G1HeapRegionSize                         = 2097152                                   {product} {ergonomic}
    uintx GCDrainStackTargetSize                   = 64                                        {product} {ergonomic}
   size_t InitialHeapSize                          = 268435456                                 {product} {ergonomic}
   size_t MarkStackSize                            = 4194304                                   {product} {ergonomic}
   size_t MaxHeapSize                              = 4294967296                                {product} {ergonomic}
   size_t MaxNewSize                               = 2575302656                                {product} {ergonomic}
   size_t MinHeapDeltaBytes                        = 2097152                                   {product} {ergonomic}
   size_t MinHeapSize                              = 8388608                                   {product} {ergonomic}
    uintx NonNMethodCodeHeapSize                   = 5839564                                {pd product} {ergonomic}
    uintx NonProfiledCodeHeapSize                  = 122909338                              {pd product} {ergonomic}
    uintx ProfiledCodeHeapSize                     = 122909338                              {pd product} {ergonomic}
    uintx ReservedCodeCacheSize                    = 251658240                              {pd product} {ergonomic}
     bool SegmentedCodeCache                       = true                                      {product} {ergonomic}
   size_t SoftMaxHeapSize                          = 4294967296                             {manageable} {ergonomic}
     bool UseCompressedClassPointers               = true                           {product lp64_product} {ergonomic}
     bool UseCompressedOops                        = true                           {product lp64_product} {ergonomic}
     bool UseG1GC                                  = true                                      {product} {ergonomic}
     bool UseNUMA                                  = false                                     {product} {ergonomic}
     bool UseNUMAInterleaving                      = false                                     {product} {ergonomic}

Logging:
Log output configuration:
 #0: stdout all=warning uptime,level,tags foldmultilines=false
 #1: stderr all=off uptime,level,tags foldmultilines=false

Environment Variables:
PATH=/usr/local/bin:/usr/bin:/bin:/usr/sbin:/sbin
SHELL=/bin/zsh
LC_CTYPE=en_US.UTF-8

Signal Handlers:
   SIGSEGV: _ZL13crash_handleriP9__siginfoPv in libjvm.dylib, mask=11100110000111110111111111111111, flags=SA_RESTART|SA_SIGINFO
    SIGBUS: _ZL13crash_handleriP9__siginfoPv in libjvm.dylib, mask=11100110000111110111111111111111, flags=SA_RESTART|SA_SIGINFO
    SIGFPE: _ZL13crash_handleriP9__siginfoPv in libjvm.dylib, mask=11100110000111110111111111111111, flags=SA_RESTART|SA_SIGINFO
   SIGPIPE: _ZL17javaSignalHandleriP9__siginfoPv in libjvm.dylib, mask=11100110000111110111111111111111, flags=SA_RESTART|SA_SIGINFO
   SIGXFSZ: _ZL17javaSignalHandleriP9__siginfoPv in libjvm.dylib, mask=11100110000111110111111111111111, flags=SA_RESTART|SA_SIGINFO
    SIGILL: _ZL13crash_handleriP9__siginfoPv in libjvm.dylib, mask=11100110000111110111111111111111, flags=SA_RESTART|SA_SIGINFO
   SIGUSR2: _ZL10SR_handleriP9__siginfoP17__darwin_ucontext in libjvm.dylib, mask=00100000000000000000000000000000, flags=SA_RESTART|SA_SIGINFO
    SIGHUP: _ZL11UserHandleriPvS_ in libjvm.dylib, mask=11100110000111110111111111111111, flags=SA_RESTART|SA_SIGINFO
    SIGINT: _ZL11UserHandleriPvS_ in libjvm.dylib, mask=11100110000111110111111111111111, flags=SA_RESTART|SA_SIGINFO
   SIGTERM: _ZL11UserHandleriPvS_ in libjvm.dylib, mask=11100110000111110111111111111111, flags=SA_RESTART|SA_SIGINFO
   SIGQUIT: _ZL11UserHandleriPvS_ in libjvm.dylib, mask=11100110000111110111111111111111, flags=SA_RESTART|SA_SIGINFO
   SIGTRAP: _ZL13crash_handleriP9__siginfoPv in libjvm.dylib, mask=11100110000111110111111111111111, flags=SA_RESTART|SA_SIGINFO


---------------  S Y S T E M  ---------------

OS:
uname: Darwin 21.4.0 Darwin Kernel Version 21.4.0: Fri Mar 18 00:47:26 PDT 2022; root:xnu-8020.101.4~15/RELEASE_ARM64_T8101 arm64
OS uptime: 0 days 1:06 hours
rlimit (soft/hard): STACK 8176k/65520k , CORE 0k/infinity , NPROC 2666/4000 , NOFILE 10240/infinity , AS infinity/infinity , CPU infinity/infinity , DATA infinity/infinity , FSIZE infinity/infinity , MEMLOCK infinity/infinity , RSS infinity/infinity
load average: 1.73 1.99 1.84

CPU: total 8 (initial active 8) 0x61:0x0:0x1b588bb3:0, fp, simd, aes, pmull, crc, lse

Memory: 16k page, physical 16777216k(88528k free), swap 0k(0k free)

vm_info: OpenJDK 64-Bit Server VM (18+36-2087) for bsd-aarch64 JRE (18+36-2087), built on Feb 15 2022 09:36:38 by "mach5one" with clang Apple LLVM 12.0.0 (clang-1200.0.32.29)

END.
