#
# A fatal error has been detected by the Java Runtime Environment:
#
#  SIGBUS (0xa) at pc=0x000000010a7154f0, pid=1314, tid=30731
#
# JRE version: OpenJDK Runtime Environment (18.0+36) (build 18+36-2087)
# Java VM: OpenJDK 64-Bit Server VM (18+36-2087, mixed mode, sharing, tiered, compressed oops, compressed class ptrs, g1 gc, bsd-aarch64)
# Problematic frame:
# v  ~StubRoutines::SafeFetchN
#
# No core dump will be written. Core dumps have been disabled. To enable core dumping, try "ulimit -c unlimited" before starting Java again
#
# If you would like to submit a bug report, please visit:
#   https://bugreport.java.com/bugreport/crash.jsp
# The crash happened outside the Java Virtual Machine in native code.
# See problematic frame for where to report the bug.
#

---------------  S U M M A R Y ------------

Command Line: -javaagent:/Users/danielweiner/Library/Application Support/JetBrains/Toolbox/apps/IDEA-U/ch-0/221.5080.210/IntelliJ IDEA.app/Contents/lib/idea_rt.jar=49271:/Users/danielweiner/Library/Application Support/JetBrains/Toolbox/apps/IDEA-U/ch-0/221.5080.210/IntelliJ IDEA.app/Contents/bin -Dfile.encoding=UTF-8 --module-path=/Users/danielweiner/.m2/repository/org/openjfx/javafx-controls/17.0.1/javafx-controls-17.0.1-mac-aarch64.jar:/Users/danielweiner/.m2/repository/org/openjfx/javafx-fxml/17.0.1/javafx-fxml-17.0.1-mac-aarch64.jar:/Users/danielweiner/Public/Drop Box/eclipse-workspace/JavaFinalProject/target/classes:/Users/danielweiner/.m2/repository/org/openjfx/javafx-base/17.0.1/javafx-base-17.0.1-mac-aarch64.jar:/Users/danielweiner/.m2/repository/org/openjfx/javafx-graphics/17.0.1/javafx-graphics-17.0.1-mac-aarch64.jar -Djdk.module.main=com.example.javafinalproject com.example.javafinalproject/com.example.javafinalproject.Main

Host: "MacBookPro17,1" arm64, 8 cores, 16G, Darwin 21.4.0, macOS 12.3.1 (21E258)
Time: Thu May  5 20:45:17 2022 EDT elapsed time: 0.344333 seconds (0d 0h 0m 0s)

---------------  T H R E A D  ---------------

Current thread (0x0000000133101600):  JavaThread "InvokeLaterDispatcher" daemon [_thread_in_native, id=30731, stack(0x0000000171fe8000,0x00000001721eb000)]

Stack: [0x0000000171fe8000,0x00000001721eb000],  sp=0x00000001721ea7a0,  free space=2057k
Native frames: (J=compiled Java code, j=interpreted, Vv=VM code, C=native code)
v  ~StubRoutines::SafeFetchN
V  [libjvm.dylib+0x7cdae4]  OopStorage::release(oopDesc* const*)+0x20
V  [libjvm.dylib+0x4f522c]  jni_DeleteGlobalRef+0xd4
C  [libglass.dylib+0xab08]  -[GlassRunnable dealloc]+0x34
C  [Foundation+0x85618]  -[_NSThreadPerformInfo dealloc]+0x30
C  [Foundation+0x5198c]  -[NSObject(NSThreadPerformAdditions) performSelectorOnMainThread:withObject:waitUntilDone:]+0x88
C  0x2b7280010a71d8ac
j  com.sun.glass.ui.mac.MacApplication.submitForLaterInvocation(Ljava/lang/Runnable;)V+2 javafx.graphics
j  com.sun.glass.ui.InvokeLaterDispatcher.run()V+82 javafx.graphics
v  ~StubRoutines::call_stub
V  [libjvm.dylib+0x49c638]  JavaCalls::call_helper(JavaValue*, methodHandle const&, JavaCallArguments*, JavaThread*)+0x38c
V  [libjvm.dylib+0x49b654]  JavaCalls::call_virtual(JavaValue*, Klass*, Symbol*, Symbol*, JavaCallArguments*, JavaThread*)+0x11c
V  [libjvm.dylib+0x49b720]  JavaCalls::call_virtual(JavaValue*, Handle, Klass*, Symbol*, Symbol*, JavaThread*)+0x64
V  [libjvm.dylib+0x54f250]  thread_entry(JavaThread*, JavaThread*)+0x9c
V  [libjvm.dylib+0x918b50]  JavaThread::thread_main_inner()+0xa8
V  [libjvm.dylib+0x9174e0]  Thread::call_run()+0xe0
V  [libjvm.dylib+0x7d42c8]  thread_native_entry(Thread*)+0x158
C  [libsystem_pthread.dylib+0x726c]  _pthread_start+0x94

Java frames: (J=compiled Java code, j=interpreted, Vv=VM code)
j  com.sun.glass.ui.mac.MacApplication._submitForLaterInvocation(Ljava/lang/Runnable;)V+0 javafx.graphics
j  com.sun.glass.ui.mac.MacApplication.submitForLaterInvocation(Ljava/lang/Runnable;)V+2 javafx.graphics
j  com.sun.glass.ui.InvokeLaterDispatcher.run()V+82 javafx.graphics
v  ~StubRoutines::call_stub

siginfo: si_signo: 10 (SIGBUS), si_code: 1 (BUS_ADRALN), si_addr: 0x000000010a7154f0

Register to memory mapping:

 x0=0x0000000132f050c8 points into unknown readable memory: 0x0000000000000000 | 00 00 00 00 00 00 00 00
 x1=0x0 is NULL
 x2=0x000000070f4e6720 is an oop: com.sun.glass.ui.InvokeLaterDispatcher$Future 
{0x000000070f4e6720} - klass: 'com/sun/glass/ui/InvokeLaterDispatcher$Future'
 - ---- fields (total size 3 words):
 - private 'done' 'Z' @12  true
 - private final 'runnable' 'Ljava/lang/Runnable;' @16  a 'com/sun/javafx/application/PlatformImpl$$Lambda$89+0x0000000800c82ba8'{0x000000070f0e8a60} (e1e1d14c)
 - final synthetic 'this$0' 'Lcom/sun/glass/ui/InvokeLaterDispatcher;' @20  a 'com/sun/glass/ui/InvokeLaterDispatcher'{0x000000070f4a6620} (e1e94cc4)
 x3=0x0 is NULL
 x4=0x00000000000130a8 is an unknown value
 x5=0x0 is NULL
 x6=0x0 is NULL
 x7=0x0 is NULL
 x8=0x000000010a7154ec is at begin+0 in a stub
StubRoutines::SafeFetchN [0x000000010a7154ec, 0x000000010a7154f8] (12 bytes)
 x9=0x0 is NULL
x10=0x2010000030300000 is an unknown value
x11=0x0000000000000007 is an unknown value
x12=0x0000000000000004 is an unknown value
x13=0x0000600000986790 points into unknown readable memory: 0x2d0e0001a95fbc40 | 40 bc 5f a9 01 00 0e 2d
x14=0x0000020000000000 is an unknown value
x15=0x00000001276ddf98: OBJC_CLASS_$_GlassRunnable+0 in /Users/danielweiner/.openjfx/cache/17.0.1/libglass.dylib at 0x0000000127698000
x16=0x00000001a97650fc: pthread_getspecific+0 in /usr/lib/system/libsystem_pthread.dylib at 0x00000001a9763000
x17=0x0000600000ca9c70 points into unknown readable memory: 0xfffffffffffffffe | fe ff ff ff ff ff ff ff
x18=0x0 is NULL
x19=0x0000600000ca0bd0 points into unknown readable memory: 0x00006000025a1570 | 70 15 5a 02 00 60 00 00
x20=0x0000000132f04ec0 points into unknown readable memory: 0x0000000000000000 | 00 00 00 00 00 00 00 00
x21=0x0000000132f050c8 points into unknown readable memory: 0x0000000000000000 | 00 00 00 00 00 00 00 00
x22=0x0000000133101600 is a thread
x23=0x0000000000000001 is an unknown value
x24=0x0000000132f05080 is a global jni handle
x25=0x0000000102abac98: _ZN12StubRoutines17_safefetchN_entryE+0 in /Users/danielweiner/Library/Java/JavaVirtualMachines/openjdk-18/Contents/Home/lib/server/libjvm.dylib at 0x0000000101edc000
x26=0x0000000140520000 is pointing into metadata
x27=0x0 is NULL
x28=0x0000000133101600 is a thread


Registers:
 x0=0x0000000132f050c8  x1=0x0000000000000000  x2=0x000000070f4e6720  x3=0x0000000000000000
 x4=0x00000000000130a8  x5=0x0000000000000000  x6=0x0000000000000000  x7=0x0000000000000000
 x8=0x000000010a7154ec  x9=0x0000000000000000 x10=0x2010000030300000 x11=0x0000000000000007
x12=0x0000000000000004 x13=0x0000600000986790 x14=0x0000020000000000 x15=0x00000001276ddf98
x16=0x00000001a97650fc x17=0x0000600000ca9c70 x18=0x0000000000000000 x19=0x0000600000ca0bd0
x20=0x0000000132f04ec0 x21=0x0000000132f050c8 x22=0x0000000133101600 x23=0x0000000000000001
x24=0x0000000132f05080 x25=0x0000000102abac98 x26=0x0000000140520000 x27=0x0000000000000000
x28=0x0000000133101600  fp=0x00000001721ea7e0  lr=0x00000001026a88d8  sp=0x00000001721ea7a0
pc=0x000000010a7154f0 cpsr=0x0000000060001000
Top of Stack: (sp=0x00000001721ea7a0)
0x00000001721ea7a0:   0000000140520000 0000000000000001
0x00000001721ea7b0:   00000001721ea9a8 0000000000000000
0x00000001721ea7c0:   00000001230eea90 0000000132f050b0
0x00000001721ea7d0:   0000000132f050b0 0000600000ca0bd0
0x00000001721ea7e0:   00000001721ea820 00000001026a9ae4
0x00000001721ea7f0:   0000000000000001 0000000132f050b0
0x00000001721ea800:   00000001230eea90 0000000132f050b0
0x00000001721ea810:   0000000000000001 00000001230ee800
0x00000001721ea820:   00000001721ea860 00000001023d122c
0x00000001721ea830:   00000001721ea9a8 00006000025c8c80
0x00000001721ea840:   00006000025c8c50 00000001f382abe0
0x00000001721ea850:   0000000000000000 00006000025c8c50
0x00000001721ea860:   00000001721ea890 00000001276a2b08
0x00000001721ea870:   b2523314bf060019 0000000000000000
0x00000001721ea880:   0000000000000000 00006000032c1240
0x00000001721ea890:   00000001721ea8d0 00000001aa732618
0x00000001721ea8a0:   00000001721ea9a8 00006000025c8c80
0x00000001721ea8b0:   00006000025c8c50 b2523314bf060019
0x00000001721ea8c0:   0000000000000000 0000000000000000
0x00000001721ea8d0:   00000001721ea910 4d310001aa6fe98c
0x00000001721ea8e0:   00000001721ea9a8 000000010a71c7c0
0x00000001721ea8f0:   0000000000000000 0000000102ac2750
0x00000001721ea900:   00000001721ea920 000000010a71b730
0x00000001721ea910:   00000001721ea980 2b7280010a71d8ac
0x00000001721ea920:   00000001721ea920 00000008007cf575
0x00000001721ea930:   00000001721ea930 0000000000000000
0x00000001721ea940:   00000001721ea9a8 0000000140520000
0x00000001721ea950:   000000070f422ad0 0000000000000000
0x00000001721ea960:   0000000000000000 00000001404fb2a0
0x00000001721ea970:   0000000000000000 00000001721ea980
0x00000001721ea980:   00000001721eaa00 000000010a719fc8
0x00000001721ea990:   0000000000000000 0000000000000000 

Instructions: (pc=0x000000010a7154f0)
0x000000010a7153f0:   f2a05509 f2c00029 6d425935 1e640886
0x000000010a715400:   0c402d31 1e6408c7 1f5654d0 1e6c1017
0x000000010a715410:   1f5050d0 1f504cd0 1f5048d0 1e650af6
0x000000010a715420:   1f50d8f6 1f5694d6 1f5158f6 1e762880
0x000000010a715430:   36000501 1e614000 14000026 2e251ca5
0x000000010a715440:   d28e3009 f2a05509 f2c00029 6d425d36
0x000000010a715450:   1e600806 0c402d32 1f5758c7 1e6c101a
0x000000010a715460:   1f4754c7 1e650805 1f4750c7 d2866668
0x000000010a715470:   f2a7fa68 1f474cc7 1e6608c0 1f4748c7
0x000000010a715480:   1e6e1019 eb08007f 540000ac 1f479400
0x000000010a715490:   1f460340 1e603b20 1400000e d2a7fd29
0x000000010a7154a0:   eb09007f 540000ac 51480069 d3607d29
0x000000010a7154b0:   9e670121 14000002 1e6a5001 1f679417
0x000000010a7154c0:   1f668742 1e613b23 1e773857 1e773860
0x000000010a7154d0:   a8c17ff3 910003bf a8c17bfd d65f03c0
0x000000010a7154e0:   b9400001 aa0103e0 d65f03c0 f9400001
0x000000010a7154f0:   aa0103e0 d65f03c0 00000000 00000000
0x000000010a715500:   00000000 00000000 00000000 00000000
0x000000010a715510:   00000000 00000000 00000000 00000000
0x000000010a715520:   00000000 00000000 00000000 00000000
0x000000010a715530:   00000000 00000000 00000000 00000000
0x000000010a715540:   00000000 00000000 00000000 00000000
0x000000010a715550:   00000000 00000000 00000000 00000000
0x000000010a715560:   00000000 00000000 00000000 00000000
0x000000010a715570:   00000000 00000000 00000000 00000000
0x000000010a715580:   00000000 00000000 00000000 00000000
0x000000010a715590:   00000000 00000000 00000000 00000000
0x000000010a7155a0:   00000000 00000000 00000000 00000000
0x000000010a7155b0:   00000000 00000000 00000000 00000000
0x000000010a7155c0:   00000000 00000000 00000000 00000000
0x000000010a7155d0:   00000000 00000000 00000000 00000000
0x000000010a7155e0:   00000000 00000000 00000000 00000000 


Stack slot to memory mapping:
stack at sp + 0 slots: 0x0000000140520000 is pointing into metadata
stack at sp + 1 slots: 0x0000000000000001 is an unknown value
stack at sp + 2 slots: 0x00000001721ea9a8 is pointing into the stack for thread: 0x0000000133101600
stack at sp + 3 slots: 0x0 is NULL
stack at sp + 4 slots: 0x00000001230eea90 points into unknown readable memory: 0x0000000102a77370 | 70 73 a7 02 01 00 00 00
stack at sp + 5 slots: 0x0000000132f050b0 is a global jni handle
stack at sp + 6 slots: 0x0000000132f050b0 is a global jni handle
stack at sp + 7 slots: 0x0000600000ca0bd0 points into unknown readable memory: 0x00006000025a1570 | 70 15 5a 02 00 60 00 00

StubRoutines::SafeFetchN [0x000000010a7154ec, 0x000000010a7154f8] (12 bytes)
[MachCode]
  0x000000010a7154ec: 0100 40f9 | e003 01aa | c003 5fd6 
[/MachCode]

---------------  P R O C E S S  ---------------

Threads class SMR info:
_java_thread_list=0x00006000027c4120, length=18, elements={
0x000000013500ca00, 0x000000013508c400, 0x000000013508ca00, 0x0000000133009800,
0x0000000127808200, 0x000000013380bc00, 0x000000013380c200, 0x000000013380c800,
0x0000000130008200, 0x000000012301f800, 0x000000012301fe00, 0x0000000127820800,
0x0000000127823000, 0x000000013081cc00, 0x0000000133101600, 0x00000001230ee800,
0x0000000123122200, 0x0000000133126c00
}

Java Threads: ( => current thread )
  0x000000013500ca00 JavaThread "main" [_thread_blocked, id=9731, stack(0x000000016f1c8000,0x000000016f3cb000)]
  0x000000013508c400 JavaThread "Reference Handler" daemon [_thread_blocked, id=14339, stack(0x000000017001c000,0x000000017021f000)]
  0x000000013508ca00 JavaThread "Finalizer" daemon [_thread_blocked, id=15363, stack(0x0000000170228000,0x000000017042b000)]
  0x0000000133009800 JavaThread "Signal Dispatcher" daemon [_thread_blocked, id=23043, stack(0x000000017054c000,0x000000017074f000)]
  0x0000000127808200 JavaThread "Service Thread" daemon [_thread_blocked, id=23299, stack(0x0000000170758000,0x000000017095b000)]
  0x000000013380bc00 JavaThread "Monitor Deflation Thread" daemon [_thread_blocked, id=23811, stack(0x0000000170964000,0x0000000170b67000)]
  0x000000013380c200 JavaThread "C2 CompilerThread0" daemon [_thread_blocked, id=24067, stack(0x0000000170b70000,0x0000000170d73000)]
  0x000000013380c800 JavaThread "C1 CompilerThread0" daemon [_thread_blocked, id=24323, stack(0x0000000170d7c000,0x0000000170f7f000)]
  0x0000000130008200 JavaThread "Sweeper thread" daemon [_thread_blocked, id=41731, stack(0x0000000170f88000,0x000000017118b000)]
  0x000000012301f800 JavaThread "Common-Cleaner" daemon [_thread_blocked, id=25091, stack(0x0000000171194000,0x0000000171397000)]
  0x000000012301fe00 JavaThread "C2 CompilerThread1" daemon [_thread_blocked, id=25603, stack(0x00000001713a0000,0x00000001715a3000)]
  0x0000000127820800 JavaThread "Monitor Ctrl-Break" daemon [_thread_in_native, id=40707, stack(0x00000001717b8000,0x00000001719bb000)]
  0x0000000127823000 JavaThread "Notification Thread" daemon [_thread_blocked, id=26115, stack(0x00000001719c4000,0x0000000171bc7000)]
  0x000000013081cc00 JavaThread "QuantumRenderer-0" daemon [_thread_blocked, id=26883, stack(0x0000000171ddc000,0x0000000171fdf000)]
=>0x0000000133101600 JavaThread "InvokeLaterDispatcher" daemon [_thread_in_native, id=30731, stack(0x0000000171fe8000,0x00000001721eb000)]
  0x00000001230ee800 JavaThread "JavaFX Application Thread" [_thread_in_vm, id=259, stack(0x000000016e940000,0x000000016f13c000)]
  0x0000000123122200 JavaThread "PulseTimer-CVDisplayLink thread" daemon [_thread_in_native, id=78851, stack(0x00000001716c4000,0x0000000171747000)]
  0x0000000133126c00 JavaThread "JavaFX-Launcher" [_thread_blocked, id=55047, stack(0x0000000172280000,0x0000000172483000)]

Other Threads:
  0x000000013481b840 VMThread "VM Thread" [stack: 0x000000016fe10000,0x0000000170013000] [id=16131]
  0x0000000101c05230 WatcherThread "VM Periodic Task Thread" [stack: 0x0000000171bd0000,0x0000000171dd3000] [id=26627]
  0x0000000134809020 WorkerThread "GC Thread#0" [stack: 0x000000016f3d4000,0x000000016f5d7000] [id=19459]
  0x00000001348096c0 ConcurrentGCThread "G1 Main Marker" [stack: 0x000000016f5e0000,0x000000016f7e3000] [id=18947]
  0x0000000134809f30 WorkerThread "G1 Conc#0" [stack: 0x000000016f7ec000,0x000000016f9ef000] [id=18179]
  0x0000000134816d90 ConcurrentGCThread "G1 Refine#0" [stack: 0x000000016f9f8000,0x000000016fbfb000] [id=17667]
  0x0000000134817610 ConcurrentGCThread "G1 Service" [stack: 0x000000016fc04000,0x000000016fe07000] [id=12803]

Threads with active compile tasks:

VM state: not at safepoint (normal execution)

VM Mutex/Monitor currently owned by a thread: None

Heap address: 0x0000000700000000, size: 4096 MB, Compressed Oops mode: Zero based, Oop shift amount: 3

CDS archive(s) mapped at: [0x0000000800000000-0x0000000800ba8000-0x0000000800ba8000), size 12222464, SharedBaseAddress: 0x0000000800000000, ArchiveRelocationMode: 0.
Compressed class space mapped at: 0x0000000800c00000-0x0000000840c00000, reserved size: 1073741824
Narrow klass base: 0x0000000800000000, Narrow klass shift: 0, Narrow klass range: 0x100000000

GC Precious Log:
 CardTable entry size: 512
 Card Set container configuration: InlinePtr #cards 4 size 8 Array Of Cards #cards 16 size 48 Howl #buckets 8 coarsen threshold 3686 Howl Bitmap #cards 512 size 80 coarsen threshold 460 Card regions per heap region 1 cards per card region 4096
 CPUs: 8 total, 8 available
 Memory: 16384M
 Large Page Support: Disabled
 NUMA Support: Disabled
 Compressed Oops: Enabled (Zero based)
 Heap Region Size: 2M
 Heap Min Capacity: 8M
 Heap Initial Capacity: 256M
 Heap Max Capacity: 4G
 Pre-touch: Disabled
 Parallel Workers: 8
 Concurrent Workers: 2
 Concurrent Refinement Workers: 8
 Periodic GC: Disabled

Heap:
 garbage-first heap   total 266240K, used 16288K [0x0000000700000000, 0x0000000800000000)
  region size 2048K, 8 young (16384K), 0 survivors (0K)
 Metaspace       used 4317K, committed 4544K, reserved 1114112K
  class space    used 470K, committed 576K, reserved 1048576K

Heap Regions: E=young(eden), S=young(survivor), O=old, HS=humongous(starts), HC=humongous(continues), CS=collection set, F=free, OA=open archive, CA=closed archive, TAMS=top-at-mark-start (previous, next)
|   0|0x0000000700000000, 0x0000000700000000, 0x0000000700200000|  0%| F|  |TAMS 0x0000000700000000, 0x0000000700000000| Untracked 
|   1|0x0000000700200000, 0x0000000700200000, 0x0000000700400000|  0%| F|  |TAMS 0x0000000700200000, 0x0000000700200000| Untracked 
|   2|0x0000000700400000, 0x0000000700400000, 0x0000000700600000|  0%| F|  |TAMS 0x0000000700400000, 0x0000000700400000| Untracked 
|   3|0x0000000700600000, 0x0000000700600000, 0x0000000700800000|  0%| F|  |TAMS 0x0000000700600000, 0x0000000700600000| Untracked 
|   4|0x0000000700800000, 0x0000000700800000, 0x0000000700a00000|  0%| F|  |TAMS 0x0000000700800000, 0x0000000700800000| Untracked 
|   5|0x0000000700a00000, 0x0000000700a00000, 0x0000000700c00000|  0%| F|  |TAMS 0x0000000700a00000, 0x0000000700a00000| Untracked 
|   6|0x0000000700c00000, 0x0000000700c00000, 0x0000000700e00000|  0%| F|  |TAMS 0x0000000700c00000, 0x0000000700c00000| Untracked 
|   7|0x0000000700e00000, 0x0000000700e00000, 0x0000000701000000|  0%| F|  |TAMS 0x0000000700e00000, 0x0000000700e00000| Untracked 
|   8|0x0000000701000000, 0x0000000701000000, 0x0000000701200000|  0%| F|  |TAMS 0x0000000701000000, 0x0000000701000000| Untracked 
|   9|0x0000000701200000, 0x0000000701200000, 0x0000000701400000|  0%| F|  |TAMS 0x0000000701200000, 0x0000000701200000| Untracked 
|  10|0x0000000701400000, 0x0000000701400000, 0x0000000701600000|  0%| F|  |TAMS 0x0000000701400000, 0x0000000701400000| Untracked 
|  11|0x0000000701600000, 0x0000000701600000, 0x0000000701800000|  0%| F|  |TAMS 0x0000000701600000, 0x0000000701600000| Untracked 
|  12|0x0000000701800000, 0x0000000701800000, 0x0000000701a00000|  0%| F|  |TAMS 0x0000000701800000, 0x0000000701800000| Untracked 
|  13|0x0000000701a00000, 0x0000000701a00000, 0x0000000701c00000|  0%| F|  |TAMS 0x0000000701a00000, 0x0000000701a00000| Untracked 
|  14|0x0000000701c00000, 0x0000000701c00000, 0x0000000701e00000|  0%| F|  |TAMS 0x0000000701c00000, 0x0000000701c00000| Untracked 
|  15|0x0000000701e00000, 0x0000000701e00000, 0x0000000702000000|  0%| F|  |TAMS 0x0000000701e00000, 0x0000000701e00000| Untracked 
|  16|0x0000000702000000, 0x0000000702000000, 0x0000000702200000|  0%| F|  |TAMS 0x0000000702000000, 0x0000000702000000| Untracked 
|  17|0x0000000702200000, 0x0000000702200000, 0x0000000702400000|  0%| F|  |TAMS 0x0000000702200000, 0x0000000702200000| Untracked 
|  18|0x0000000702400000, 0x0000000702400000, 0x0000000702600000|  0%| F|  |TAMS 0x0000000702400000, 0x0000000702400000| Untracked 
|  19|0x0000000702600000, 0x0000000702600000, 0x0000000702800000|  0%| F|  |TAMS 0x0000000702600000, 0x0000000702600000| Untracked 
|  20|0x0000000702800000, 0x0000000702800000, 0x0000000702a00000|  0%| F|  |TAMS 0x0000000702800000, 0x0000000702800000| Untracked 
|  21|0x0000000702a00000, 0x0000000702a00000, 0x0000000702c00000|  0%| F|  |TAMS 0x0000000702a00000, 0x0000000702a00000| Untracked 
|  22|0x0000000702c00000, 0x0000000702c00000, 0x0000000702e00000|  0%| F|  |TAMS 0x0000000702c00000, 0x0000000702c00000| Untracked 
|  23|0x0000000702e00000, 0x0000000702e00000, 0x0000000703000000|  0%| F|  |TAMS 0x0000000702e00000, 0x0000000702e00000| Untracked 
|  24|0x0000000703000000, 0x0000000703000000, 0x0000000703200000|  0%| F|  |TAMS 0x0000000703000000, 0x0000000703000000| Untracked 
|  25|0x0000000703200000, 0x0000000703200000, 0x0000000703400000|  0%| F|  |TAMS 0x0000000703200000, 0x0000000703200000| Untracked 
|  26|0x0000000703400000, 0x0000000703400000, 0x0000000703600000|  0%| F|  |TAMS 0x0000000703400000, 0x0000000703400000| Untracked 
|  27|0x0000000703600000, 0x0000000703600000, 0x0000000703800000|  0%| F|  |TAMS 0x0000000703600000, 0x0000000703600000| Untracked 
|  28|0x0000000703800000, 0x0000000703800000, 0x0000000703a00000|  0%| F|  |TAMS 0x0000000703800000, 0x0000000703800000| Untracked 
|  29|0x0000000703a00000, 0x0000000703a00000, 0x0000000703c00000|  0%| F|  |TAMS 0x0000000703a00000, 0x0000000703a00000| Untracked 
|  30|0x0000000703c00000, 0x0000000703c00000, 0x0000000703e00000|  0%| F|  |TAMS 0x0000000703c00000, 0x0000000703c00000| Untracked 
|  31|0x0000000703e00000, 0x0000000703e00000, 0x0000000704000000|  0%| F|  |TAMS 0x0000000703e00000, 0x0000000703e00000| Untracked 
|  32|0x0000000704000000, 0x0000000704000000, 0x0000000704200000|  0%| F|  |TAMS 0x0000000704000000, 0x0000000704000000| Untracked 
|  33|0x0000000704200000, 0x0000000704200000, 0x0000000704400000|  0%| F|  |TAMS 0x0000000704200000, 0x0000000704200000| Untracked 
|  34|0x0000000704400000, 0x0000000704400000, 0x0000000704600000|  0%| F|  |TAMS 0x0000000704400000, 0x0000000704400000| Untracked 
|  35|0x0000000704600000, 0x0000000704600000, 0x0000000704800000|  0%| F|  |TAMS 0x0000000704600000, 0x0000000704600000| Untracked 
|  36|0x0000000704800000, 0x0000000704800000, 0x0000000704a00000|  0%| F|  |TAMS 0x0000000704800000, 0x0000000704800000| Untracked 
|  37|0x0000000704a00000, 0x0000000704a00000, 0x0000000704c00000|  0%| F|  |TAMS 0x0000000704a00000, 0x0000000704a00000| Untracked 
|  38|0x0000000704c00000, 0x0000000704c00000, 0x0000000704e00000|  0%| F|  |TAMS 0x0000000704c00000, 0x0000000704c00000| Untracked 
|  39|0x0000000704e00000, 0x0000000704e00000, 0x0000000705000000|  0%| F|  |TAMS 0x0000000704e00000, 0x0000000704e00000| Untracked 
|  40|0x0000000705000000, 0x0000000705000000, 0x0000000705200000|  0%| F|  |TAMS 0x0000000705000000, 0x0000000705000000| Untracked 
|  41|0x0000000705200000, 0x0000000705200000, 0x0000000705400000|  0%| F|  |TAMS 0x0000000705200000, 0x0000000705200000| Untracked 
|  42|0x0000000705400000, 0x0000000705400000, 0x0000000705600000|  0%| F|  |TAMS 0x0000000705400000, 0x0000000705400000| Untracked 
|  43|0x0000000705600000, 0x0000000705600000, 0x0000000705800000|  0%| F|  |TAMS 0x0000000705600000, 0x0000000705600000| Untracked 
|  44|0x0000000705800000, 0x0000000705800000, 0x0000000705a00000|  0%| F|  |TAMS 0x0000000705800000, 0x0000000705800000| Untracked 
|  45|0x0000000705a00000, 0x0000000705a00000, 0x0000000705c00000|  0%| F|  |TAMS 0x0000000705a00000, 0x0000000705a00000| Untracked 
|  46|0x0000000705c00000, 0x0000000705c00000, 0x0000000705e00000|  0%| F|  |TAMS 0x0000000705c00000, 0x0000000705c00000| Untracked 
|  47|0x0000000705e00000, 0x0000000705e00000, 0x0000000706000000|  0%| F|  |TAMS 0x0000000705e00000, 0x0000000705e00000| Untracked 
|  48|0x0000000706000000, 0x0000000706000000, 0x0000000706200000|  0%| F|  |TAMS 0x0000000706000000, 0x0000000706000000| Untracked 
|  49|0x0000000706200000, 0x0000000706200000, 0x0000000706400000|  0%| F|  |TAMS 0x0000000706200000, 0x0000000706200000| Untracked 
|  50|0x0000000706400000, 0x0000000706400000, 0x0000000706600000|  0%| F|  |TAMS 0x0000000706400000, 0x0000000706400000| Untracked 
|  51|0x0000000706600000, 0x0000000706600000, 0x0000000706800000|  0%| F|  |TAMS 0x0000000706600000, 0x0000000706600000| Untracked 
|  52|0x0000000706800000, 0x0000000706800000, 0x0000000706a00000|  0%| F|  |TAMS 0x0000000706800000, 0x0000000706800000| Untracked 
|  53|0x0000000706a00000, 0x0000000706a00000, 0x0000000706c00000|  0%| F|  |TAMS 0x0000000706a00000, 0x0000000706a00000| Untracked 
|  54|0x0000000706c00000, 0x0000000706c00000, 0x0000000706e00000|  0%| F|  |TAMS 0x0000000706c00000, 0x0000000706c00000| Untracked 
|  55|0x0000000706e00000, 0x0000000706e00000, 0x0000000707000000|  0%| F|  |TAMS 0x0000000706e00000, 0x0000000706e00000| Untracked 
|  56|0x0000000707000000, 0x0000000707000000, 0x0000000707200000|  0%| F|  |TAMS 0x0000000707000000, 0x0000000707000000| Untracked 
|  57|0x0000000707200000, 0x0000000707200000, 0x0000000707400000|  0%| F|  |TAMS 0x0000000707200000, 0x0000000707200000| Untracked 
|  58|0x0000000707400000, 0x0000000707400000, 0x0000000707600000|  0%| F|  |TAMS 0x0000000707400000, 0x0000000707400000| Untracked 
|  59|0x0000000707600000, 0x0000000707600000, 0x0000000707800000|  0%| F|  |TAMS 0x0000000707600000, 0x0000000707600000| Untracked 
|  60|0x0000000707800000, 0x0000000707800000, 0x0000000707a00000|  0%| F|  |TAMS 0x0000000707800000, 0x0000000707800000| Untracked 
|  61|0x0000000707a00000, 0x0000000707a00000, 0x0000000707c00000|  0%| F|  |TAMS 0x0000000707a00000, 0x0000000707a00000| Untracked 
|  62|0x0000000707c00000, 0x0000000707c00000, 0x0000000707e00000|  0%| F|  |TAMS 0x0000000707c00000, 0x0000000707c00000| Untracked 
|  63|0x0000000707e00000, 0x0000000707e00000, 0x0000000708000000|  0%| F|  |TAMS 0x0000000707e00000, 0x0000000707e00000| Untracked 
|  64|0x0000000708000000, 0x0000000708000000, 0x0000000708200000|  0%| F|  |TAMS 0x0000000708000000, 0x0000000708000000| Untracked 
|  65|0x0000000708200000, 0x0000000708200000, 0x0000000708400000|  0%| F|  |TAMS 0x0000000708200000, 0x0000000708200000| Untracked 
|  66|0x0000000708400000, 0x0000000708400000, 0x0000000708600000|  0%| F|  |TAMS 0x0000000708400000, 0x0000000708400000| Untracked 
|  67|0x0000000708600000, 0x0000000708600000, 0x0000000708800000|  0%| F|  |TAMS 0x0000000708600000, 0x0000000708600000| Untracked 
|  68|0x0000000708800000, 0x0000000708800000, 0x0000000708a00000|  0%| F|  |TAMS 0x0000000708800000, 0x0000000708800000| Untracked 
|  69|0x0000000708a00000, 0x0000000708a00000, 0x0000000708c00000|  0%| F|  |TAMS 0x0000000708a00000, 0x0000000708a00000| Untracked 
|  70|0x0000000708c00000, 0x0000000708c00000, 0x0000000708e00000|  0%| F|  |TAMS 0x0000000708c00000, 0x0000000708c00000| Untracked 
|  71|0x0000000708e00000, 0x0000000708e00000, 0x0000000709000000|  0%| F|  |TAMS 0x0000000708e00000, 0x0000000708e00000| Untracked 
|  72|0x0000000709000000, 0x0000000709000000, 0x0000000709200000|  0%| F|  |TAMS 0x0000000709000000, 0x0000000709000000| Untracked 
|  73|0x0000000709200000, 0x0000000709200000, 0x0000000709400000|  0%| F|  |TAMS 0x0000000709200000, 0x0000000709200000| Untracked 
|  74|0x0000000709400000, 0x0000000709400000, 0x0000000709600000|  0%| F|  |TAMS 0x0000000709400000, 0x0000000709400000| Untracked 
|  75|0x0000000709600000, 0x0000000709600000, 0x0000000709800000|  0%| F|  |TAMS 0x0000000709600000, 0x0000000709600000| Untracked 
|  76|0x0000000709800000, 0x0000000709800000, 0x0000000709a00000|  0%| F|  |TAMS 0x0000000709800000, 0x0000000709800000| Untracked 
|  77|0x0000000709a00000, 0x0000000709a00000, 0x0000000709c00000|  0%| F|  |TAMS 0x0000000709a00000, 0x0000000709a00000| Untracked 
|  78|0x0000000709c00000, 0x0000000709c00000, 0x0000000709e00000|  0%| F|  |TAMS 0x0000000709c00000, 0x0000000709c00000| Untracked 
|  79|0x0000000709e00000, 0x0000000709e00000, 0x000000070a000000|  0%| F|  |TAMS 0x0000000709e00000, 0x0000000709e00000| Untracked 
|  80|0x000000070a000000, 0x000000070a000000, 0x000000070a200000|  0%| F|  |TAMS 0x000000070a000000, 0x000000070a000000| Untracked 
|  81|0x000000070a200000, 0x000000070a200000, 0x000000070a400000|  0%| F|  |TAMS 0x000000070a200000, 0x000000070a200000| Untracked 
|  82|0x000000070a400000, 0x000000070a400000, 0x000000070a600000|  0%| F|  |TAMS 0x000000070a400000, 0x000000070a400000| Untracked 
|  83|0x000000070a600000, 0x000000070a600000, 0x000000070a800000|  0%| F|  |TAMS 0x000000070a600000, 0x000000070a600000| Untracked 
|  84|0x000000070a800000, 0x000000070a800000, 0x000000070aa00000|  0%| F|  |TAMS 0x000000070a800000, 0x000000070a800000| Untracked 
|  85|0x000000070aa00000, 0x000000070aa00000, 0x000000070ac00000|  0%| F|  |TAMS 0x000000070aa00000, 0x000000070aa00000| Untracked 
|  86|0x000000070ac00000, 0x000000070ac00000, 0x000000070ae00000|  0%| F|  |TAMS 0x000000070ac00000, 0x000000070ac00000| Untracked 
|  87|0x000000070ae00000, 0x000000070ae00000, 0x000000070b000000|  0%| F|  |TAMS 0x000000070ae00000, 0x000000070ae00000| Untracked 
|  88|0x000000070b000000, 0x000000070b000000, 0x000000070b200000|  0%| F|  |TAMS 0x000000070b000000, 0x000000070b000000| Untracked 
|  89|0x000000070b200000, 0x000000070b200000, 0x000000070b400000|  0%| F|  |TAMS 0x000000070b200000, 0x000000070b200000| Untracked 
|  90|0x000000070b400000, 0x000000070b400000, 0x000000070b600000|  0%| F|  |TAMS 0x000000070b400000, 0x000000070b400000| Untracked 
|  91|0x000000070b600000, 0x000000070b600000, 0x000000070b800000|  0%| F|  |TAMS 0x000000070b600000, 0x000000070b600000| Untracked 
|  92|0x000000070b800000, 0x000000070b800000, 0x000000070ba00000|  0%| F|  |TAMS 0x000000070b800000, 0x000000070b800000| Untracked 
|  93|0x000000070ba00000, 0x000000070ba00000, 0x000000070bc00000|  0%| F|  |TAMS 0x000000070ba00000, 0x000000070ba00000| Untracked 
|  94|0x000000070bc00000, 0x000000070bc00000, 0x000000070be00000|  0%| F|  |TAMS 0x000000070bc00000, 0x000000070bc00000| Untracked 
|  95|0x000000070be00000, 0x000000070be00000, 0x000000070c000000|  0%| F|  |TAMS 0x000000070be00000, 0x000000070be00000| Untracked 
|  96|0x000000070c000000, 0x000000070c000000, 0x000000070c200000|  0%| F|  |TAMS 0x000000070c000000, 0x000000070c000000| Untracked 
|  97|0x000000070c200000, 0x000000070c200000, 0x000000070c400000|  0%| F|  |TAMS 0x000000070c200000, 0x000000070c200000| Untracked 
|  98|0x000000070c400000, 0x000000070c400000, 0x000000070c600000|  0%| F|  |TAMS 0x000000070c400000, 0x000000070c400000| Untracked 
|  99|0x000000070c600000, 0x000000070c600000, 0x000000070c800000|  0%| F|  |TAMS 0x000000070c600000, 0x000000070c600000| Untracked 
| 100|0x000000070c800000, 0x000000070c800000, 0x000000070ca00000|  0%| F|  |TAMS 0x000000070c800000, 0x000000070c800000| Untracked 
| 101|0x000000070ca00000, 0x000000070ca00000, 0x000000070cc00000|  0%| F|  |TAMS 0x000000070ca00000, 0x000000070ca00000| Untracked 
| 102|0x000000070cc00000, 0x000000070cc00000, 0x000000070ce00000|  0%| F|  |TAMS 0x000000070cc00000, 0x000000070cc00000| Untracked 
| 103|0x000000070ce00000, 0x000000070ce00000, 0x000000070d000000|  0%| F|  |TAMS 0x000000070ce00000, 0x000000070ce00000| Untracked 
| 104|0x000000070d000000, 0x000000070d000000, 0x000000070d200000|  0%| F|  |TAMS 0x000000070d000000, 0x000000070d000000| Untracked 
| 105|0x000000070d200000, 0x000000070d200000, 0x000000070d400000|  0%| F|  |TAMS 0x000000070d200000, 0x000000070d200000| Untracked 
| 106|0x000000070d400000, 0x000000070d400000, 0x000000070d600000|  0%| F|  |TAMS 0x000000070d400000, 0x000000070d400000| Untracked 
| 107|0x000000070d600000, 0x000000070d600000, 0x000000070d800000|  0%| F|  |TAMS 0x000000070d600000, 0x000000070d600000| Untracked 
| 108|0x000000070d800000, 0x000000070d800000, 0x000000070da00000|  0%| F|  |TAMS 0x000000070d800000, 0x000000070d800000| Untracked 
| 109|0x000000070da00000, 0x000000070da00000, 0x000000070dc00000|  0%| F|  |TAMS 0x000000070da00000, 0x000000070da00000| Untracked 
| 110|0x000000070dc00000, 0x000000070dc00000, 0x000000070de00000|  0%| F|  |TAMS 0x000000070dc00000, 0x000000070dc00000| Untracked 
| 111|0x000000070de00000, 0x000000070de00000, 0x000000070e000000|  0%| F|  |TAMS 0x000000070de00000, 0x000000070de00000| Untracked 
| 112|0x000000070e000000, 0x000000070e000000, 0x000000070e200000|  0%| F|  |TAMS 0x000000070e000000, 0x000000070e000000| Untracked 
| 113|0x000000070e200000, 0x000000070e200000, 0x000000070e400000|  0%| F|  |TAMS 0x000000070e200000, 0x000000070e200000| Untracked 
| 114|0x000000070e400000, 0x000000070e400000, 0x000000070e600000|  0%| F|  |TAMS 0x000000070e400000, 0x000000070e400000| Untracked 
| 115|0x000000070e600000, 0x000000070e600000, 0x000000070e800000|  0%| F|  |TAMS 0x000000070e600000, 0x000000070e600000| Untracked 
| 116|0x000000070e800000, 0x000000070e800000, 0x000000070ea00000|  0%| F|  |TAMS 0x000000070e800000, 0x000000070e800000| Untracked 
| 117|0x000000070ea00000, 0x000000070ea00000, 0x000000070ec00000|  0%| F|  |TAMS 0x000000070ea00000, 0x000000070ea00000| Untracked 
| 118|0x000000070ec00000, 0x000000070ec00000, 0x000000070ee00000|  0%| F|  |TAMS 0x000000070ec00000, 0x000000070ec00000| Untracked 
| 119|0x000000070ee00000, 0x000000070ee00000, 0x000000070f000000|  0%| F|  |TAMS 0x000000070ee00000, 0x000000070ee00000| Untracked 
| 120|0x000000070f000000, 0x000000070f152708, 0x000000070f200000| 66%| E|  |TAMS 0x000000070f000000, 0x000000070f000000| Complete 
| 121|0x000000070f200000, 0x000000070f400000, 0x000000070f400000|100%| E|CS|TAMS 0x000000070f200000, 0x000000070f200000| Complete 
| 122|0x000000070f400000, 0x000000070f600000, 0x000000070f600000|100%| E|CS|TAMS 0x000000070f400000, 0x000000070f400000| Complete 
| 123|0x000000070f600000, 0x000000070f800000, 0x000000070f800000|100%| E|CS|TAMS 0x000000070f600000, 0x000000070f600000| Complete 
| 124|0x000000070f800000, 0x000000070fa00000, 0x000000070fa00000|100%| E|CS|TAMS 0x000000070f800000, 0x000000070f800000| Complete 
| 125|0x000000070fa00000, 0x000000070fc00000, 0x000000070fc00000|100%| E|CS|TAMS 0x000000070fa00000, 0x000000070fa00000| Complete 
| 126|0x000000070fc00000, 0x000000070fe00000, 0x000000070fe00000|100%| E|CS|TAMS 0x000000070fc00000, 0x000000070fc00000| Complete 
| 127|0x000000070fe00000, 0x0000000710000000, 0x0000000710000000|100%| E|CS|TAMS 0x000000070fe00000, 0x000000070fe00000| Complete 
|2046|0x00000007ffc00000, 0x00000007ffd74000, 0x00000007ffe00000| 72%|OA|  |TAMS 0x00000007ffc00000, 0x00000007ffc00000| Untracked 
|2047|0x00000007ffe00000, 0x00000007ffe74000, 0x0000000800000000| 22%|CA|  |TAMS 0x00000007ffe00000, 0x00000007ffe00000| Untracked 

Card table byte_map: [0x0000000119714000,0x0000000119f14000] _byte_map_base: 0x0000000115f14000

Marking Bits (Prev, Next): (CMBitMap*) 0x0000000135039a10, (CMBitMap*) 0x0000000135039a50
 Prev Bits: [0x000000011a714000, 0x000000011e714000)
 Next Bits: [0x000000011e714000, 0x0000000122714000)

Polling page: 0x0000000100d48000

Metaspace:

Usage:
  Non-class:      3.76 MB used.
      Class:    470.11 KB used.
       Both:      4.22 MB used.

Virtual space:
  Non-class space:       64.00 MB reserved,       3.88 MB (  6%) committed,  1 nodes.
      Class space:        1.00 GB reserved,     576.00 KB ( <1%) committed,  1 nodes.
             Both:        1.06 GB reserved,       4.44 MB ( <1%) committed. 

Chunk freelists:
   Non-Class:  2.26 MB
       Class:  3.47 MB
        Both:  5.72 MB

MaxMetaspaceSize: unlimited
CompressedClassSpaceSize: 1.00 GB
Initial GC threshold: 21.00 MB
Current GC threshold: 21.00 MB
CDS: on
MetaspaceReclaimPolicy: balanced
 - commit_granule_bytes: 65536.
 - commit_granule_words: 8192.
 - virtual_space_node_default_size: 8388608.
 - enlarge_chunks_in_place: 1.
 - new_chunks_are_fully_committed: 0.
 - uncommit_free_chunks: 1.
 - use_allocation_guard: 0.


Internal statistics:

num_allocs_failed_limit: 0.
num_arena_births: 126.
num_arena_deaths: 0.
num_vsnodes_births: 2.
num_vsnodes_deaths: 0.
num_space_committed: 71.
num_space_uncommitted: 0.
num_chunks_returned_to_freelist: 0.
num_chunks_taken_from_freelist: 223.
num_chunk_merges: 0.
num_chunk_splits: 151.
num_chunks_enlarged: 110.
num_inconsistent_stats: 0.

CodeHeap 'non-profiled nmethods': size=120032Kb used=250Kb max_used=250Kb free=119781Kb
 bounds [0x00000001121dc000, 0x000000011244c000, 0x0000000119714000]
CodeHeap 'profiled nmethods': size=120016Kb used=1296Kb max_used=1296Kb free=118719Kb
 bounds [0x000000010aca8000, 0x000000010af18000, 0x00000001121dc000]
CodeHeap 'non-nmethods': size=5712Kb used=1193Kb max_used=1221Kb free=4518Kb
 bounds [0x000000010a714000, 0x000000010a984000, 0x000000010aca8000]
 total_blobs=1294 nmethods=784 adapters=427
 compilation: enabled
              stopped_count=0, restarted_count=0
 full_count=0

Compilation events (20 events):
Event: 0.340 Thread 0x000000013380c800 nmethod 795 0x000000010ade6c10 code [0x000000010ade6ec0, 0x000000010ade7768]
Event: 0.340 Thread 0x000000013380c800  792       3       java.lang.invoke.BoundMethodHandle::<init> (32 bytes)
Event: 0.340 Thread 0x000000013380c800 nmethod 792 0x000000010ade7b10 code [0x000000010ade7cc0, 0x000000010ade7e58]
Event: 0.340 Thread 0x000000013380c800  797       3       jdk.internal.org.objectweb.asm.Frame::setLocal (65 bytes)
Event: 0.340 Thread 0x000000013380c800 nmethod 797 0x000000010ade7f10 code [0x000000010ade8100, 0x000000010ade8698]
Event: 0.340 Thread 0x000000013380c800  790       3       java.lang.invoke.DirectMethodHandle::preparedLambdaForm (6 bytes)
Event: 0.340 Thread 0x000000013380c800 nmethod 790 0x000000010ade8890 code [0x000000010ade8a40, 0x000000010ade8b98]
Event: 0.341 Thread 0x000000013380c200 nmethod 796 0x0000000112219890 code [0x0000000112219a40, 0x0000000112219da0]
Event: 0.341 Thread 0x000000013380c800  800       3       sun.invoke.util.BytecodeDescriptor::unparse (24 bytes)
Event: 0.341 Thread 0x000000013380c800 nmethod 800 0x000000010ade8c90 code [0x000000010ade8e80, 0x000000010ade90d8]
Event: 0.341 Thread 0x000000013380c800  798       3       java.util.Collections$UnmodifiableCollection$1::hasNext (10 bytes)
Event: 0.341 Thread 0x000000013380c800 nmethod 798 0x000000010ade9210 code [0x000000010ade93c0, 0x000000010ade9618]
Event: 0.341 Thread 0x000000013380c800  799       3       java.util.Collections$UnmodifiableCollection$1::next (10 bytes)
Event: 0.341 Thread 0x000000013380c800 nmethod 799 0x000000010ade9710 code [0x000000010ade98c0, 0x000000010ade9ad8]
Event: 0.341 Thread 0x000000012301fe00  802       4       jdk.internal.org.objectweb.asm.SymbolTable::put (150 bytes)
Event: 0.343 Thread 0x000000013380c800  805       3       java.lang.StringUTF16::compress (20 bytes)
Event: 0.343 Thread 0x000000013380c800 nmethod 805 0x000000010ade9b90 code [0x000000010ade9d40, 0x000000010ade9f98]
Event: 0.343 Thread 0x000000013380c800  804       3       java.lang.invoke.MethodHandles$Lookup::hasFullPrivilegeAccess (18 bytes)
Event: 0.343 Thread 0x000000013380c800 nmethod 804 0x000000010adea090 code [0x000000010adea240, 0x000000010adea3e8]
Event: 0.343 Thread 0x000000012301fe00 nmethod 802 0x000000011221a410 code [0x000000011221a5c0, 0x000000011221a990]

GC Heap History (0 events):
No events

Deoptimization events (20 events):
Event: 0.094 Thread 0x000000013500ca00 Uncommon trap: trap_request=0xfffffff4 fr.pc=0x00000001121e9198 relative=0x0000000000000158
Event: 0.094 Thread 0x000000013500ca00 Uncommon trap: reason=null_check action=make_not_entrant pc=0x00000001121e9198 method=java.lang.String.equals(Ljava/lang/Object;)Z @ 8 c2
Event: 0.094 Thread 0x000000013500ca00 DEOPT PACKING pc=0x00000001121e9198 sp=0x000000016f3ca260
Event: 0.094 Thread 0x000000013500ca00 DEOPT UNPACKING pc=0x000000010a752d1c sp=0x000000016f3ca200 mode 2
Event: 0.155 Thread 0x000000013081cc00 Uncommon trap: trap_request=0xffffff45 fr.pc=0x00000001121e7fa4 relative=0x0000000000000564
Event: 0.155 Thread 0x000000013081cc00 Uncommon trap: reason=unstable_if action=reinterpret pc=0x00000001121e7fa4 method=jdk.internal.module.Checks.isJavaIdentifier(Ljava/lang/String;)Z @ 4 c2
Event: 0.155 Thread 0x000000013081cc00 DEOPT PACKING pc=0x00000001121e7fa4 sp=0x0000000171fddac0
Event: 0.155 Thread 0x000000013081cc00 DEOPT UNPACKING pc=0x000000010a752d1c sp=0x0000000171fdda60 mode 2
Event: 0.301 Thread 0x00000001230ee800 Uncommon trap: trap_request=0xffffff45 fr.pc=0x0000000112212aa4 relative=0x0000000000000164
Event: 0.301 Thread 0x00000001230ee800 Uncommon trap: reason=unstable_if action=reinterpret pc=0x0000000112212aa4 method=java.lang.invoke.VarHandle.checkExactAccessMode(Ljava/lang/invoke/VarHandle$AccessDescriptor;)V @ 4 c2
Event: 0.301 Thread 0x00000001230ee800 DEOPT PACKING pc=0x0000000112212aa4 sp=0x000000016f137890
Event: 0.301 Thread 0x00000001230ee800 DEOPT UNPACKING pc=0x000000010a752d1c sp=0x000000016f1377c0 mode 2
Event: 0.334 Thread 0x00000001230ee800 Uncommon trap: trap_request=0xffffff45 fr.pc=0x000000011221333c relative=0x000000000000007c
Event: 0.334 Thread 0x00000001230ee800 Uncommon trap: reason=unstable_if action=reinterpret pc=0x000000011221333c method=jdk.internal.misc.Unsafe.convEndian(ZI)I @ 4 c2
Event: 0.334 Thread 0x00000001230ee800 DEOPT PACKING pc=0x000000011221333c sp=0x000000016f136140
Event: 0.334 Thread 0x00000001230ee800 DEOPT UNPACKING pc=0x000000010a752d1c sp=0x000000016f136070 mode 2
Event: 0.334 Thread 0x00000001230ee800 Uncommon trap: trap_request=0xffffff45 fr.pc=0x00000001121f0d88 relative=0x0000000000000408
Event: 0.334 Thread 0x00000001230ee800 Uncommon trap: reason=unstable_if action=reinterpret pc=0x00000001121f0d88 method=java.util.ImmutableCollections$SetN.probe(Ljava/lang/Object;)I @ 34 c2
Event: 0.334 Thread 0x00000001230ee800 DEOPT PACKING pc=0x00000001121f0d88 sp=0x000000016f135f30
Event: 0.334 Thread 0x00000001230ee800 DEOPT UNPACKING pc=0x000000010a752d1c sp=0x000000016f135e60 mode 2

Classes loaded (20 events):
Event: 0.332 Loading class java/lang/WeakPairMap$Pair$Weak
Event: 0.332 Loading class java/lang/WeakPairMap$WeakRefPeer
Event: 0.332 Loading class java/lang/WeakPairMap$WeakRefPeer done
Event: 0.332 Loading class java/lang/WeakPairMap$Pair$Weak done
Event: 0.332 Loading class java/lang/WeakPairMap$Pair$Weak$1
Event: 0.332 Loading class java/lang/WeakPairMap$Pair$Weak$1 done
Event: 0.332 Loading class java/lang/reflect/ProxyGenerator
Event: 0.332 Loading class java/lang/reflect/ProxyGenerator done
Event: 0.332 Loading class java/lang/reflect/ProxyGenerator$ProxyMethod
Event: 0.332 Loading class java/lang/reflect/ProxyGenerator$ProxyMethod done
Event: 0.333 Loading class java/lang/reflect/ProxyGenerator$PrimitiveTypeInfo
Event: 0.333 Loading class java/lang/reflect/ProxyGenerator$PrimitiveTypeInfo done
Event: 0.333 Loading class jdk/internal/org/objectweb/asm/Edge
Event: 0.333 Loading class jdk/internal/org/objectweb/asm/Edge done
Event: 0.333 Loading class java/lang/reflect/Proxy$ProxyBuilder$1
Event: 0.333 Loading class java/lang/reflect/Proxy$ProxyBuilder$1 done
Event: 0.334 Loading class java/lang/annotation/Target
Event: 0.334 Loading class java/lang/annotation/Target done
Event: 0.340 Loading class java/lang/StackTraceElement$HashedModules
Event: 0.341 Loading class java/lang/StackTraceElement$HashedModules done

Classes unloaded (0 events):
No events

Classes redefined (0 events):
No events

Internal exceptions (15 events):
Event: 0.073 Thread 0x000000013500ca00 Exception <a 'java/lang/NoSuchMethodError'{0x000000070fc8c0c8}: 'void java.lang.invoke.DirectMethodHandle$Holder.invokeVirtual(java.lang.Object, java.lang.Object)'> (0x000000070fc8c0c8) 
thrown [open/src/hotspot/share/interpreter/linkResolver.cpp, line 766]
Event: 0.094 Thread 0x000000013500ca00 Implicit null exception at 0x00000001121e907c to 0x00000001121e918c
Event: 0.094 Thread 0x000000013500ca00 Exception <a 'java/lang/NoSuchMethodError'{0x000000070fa40a90}: 'void java.lang.invoke.DirectMethodHandle$Holder.invokeStatic(java.lang.Object, java.lang.Object, java.lang.Object)'> (0x000000070fa40a90) 
thrown [open/src/hotspot/share/interpreter/linkResolver.cpp, line 766]
Event: 0.097 Thread 0x000000013500ca00 Exception <a 'java/lang/NoSuchMethodError'{0x000000070fa588f0}: 'java.lang.Object java.lang.invoke.Invokers$Holder.invokeExact_MT(java.lang.Object, java.lang.Object, java.lang.Object, java.lang.Object, java.lang.Object)'> (0x000000070fa588f0) 
thrown [open/src/hotspot/share/interpreter/linkResolver.cpp, line 766]
Event: 0.102 Thread 0x0000000127820800 Exception <a 'java/lang/ClassNotFoundException'{0x000000070fa73e58}: jdk/net/ExtendedSocketOptions> (0x000000070fa73e58) 
thrown [open/src/hotspot/share/classfile/systemDictionary.cpp, line 255]
Event: 0.103 Thread 0x0000000127820800 Exception <a 'java/lang/NoSuchMethodError'{0x000000070fa757e8}: 'void java.lang.invoke.DirectMethodHandle$Holder.invokeStatic(java.lang.Object, java.lang.Object)'> (0x000000070fa757e8) 
thrown [open/src/hotspot/share/interpreter/linkResolver.cpp, line 766]
Event: 0.104 Thread 0x000000013500ca00 Exception <a 'java/lang/NoSuchMethodError'{0x000000070fb58428}: 'java.lang.Object java.lang.invoke.DirectMethodHandle$Holder.invokeStaticInit(java.lang.Object)'> (0x000000070fb58428) 
thrown [open/src/hotspot/share/interpreter/linkResolver.cpp, line 766]
Event: 0.105 Thread 0x000000013500ca00 Exception <a 'java/lang/NoSuchMethodError'{0x000000070fb5ee08}: 'void java.lang.invoke.DirectMethodHandle$Holder.invokeStatic(java.lang.Object, java.lang.Object, java.lang.Object, java.lang.Object)'> (0x000000070fb5ee08) 
thrown [open/src/hotspot/share/interpreter/linkResolver.cpp, line 766]
Event: 0.106 Thread 0x000000013500ca00 Exception <a 'java/lang/NoSuchMethodError'{0x000000070fb62dd8}: 'void java.lang.invoke.DirectMethodHandle$Holder.invokeSpecial(java.lang.Object, java.lang.Object, java.lang.Object, java.lang.Object, java.lang.Object)'> (0x000000070fb62dd8) 
thrown [open/src/hotspot/share/interpreter/linkResolver.cpp, line 766]
Event: 0.107 Thread 0x000000013500ca00 Exception <a 'java/lang/NoSuchMethodError'{0x000000070fb755b8}: 'java.lang.Object java.lang.invoke.Invokers$Holder.invokeExact_MT(java.lang.Object, java.lang.Object, java.lang.Object, java.lang.Object, java.lang.Object, java.lang.Object)'> (0x000000070fb755b8) 
thrown [open/src/hotspot/share/interpreter/linkResolver.cpp, line 766]
Event: 0.139 Thread 0x000000013500ca00 Exception <a 'java/lang/NoSuchMethodError'{0x000000070f618170}: 'void java.lang.invoke.DirectMethodHandle$Holder.invokeSpecial(java.lang.Object, java.lang.Object, java.lang.Object)'> (0x000000070f618170) 
thrown [open/src/hotspot/share/interpreter/linkResolver.cpp, line 766]
Event: 0.224 Thread 0x000000013500ca00 Exception <a 'java/lang/NoSuchMethodError'{0x000000070f66c2c0}: 'int java.lang.invoke.DirectMethodHandle$Holder.invokeStaticInit(java.lang.Object, java.lang.Object, java.lang.Object)'> (0x000000070f66c2c0) 
thrown [open/src/hotspot/share/interpreter/linkResolver.cpp, line 766]
Event: 0.320 Thread 0x00000001230ee800 Exception <a 'java/lang/NoSuchMethodError'{0x000000070f3a5b58}: 'void java.lang.invoke.DirectMethodHandle$Holder.invokeStaticInit(java.lang.Object)'> (0x000000070f3a5b58) 
thrown [open/src/hotspot/share/interpreter/linkResolver.cpp, line 766]
Event: 0.321 Thread 0x000000013500ca00 Exception <a 'java/lang/NoSuchMethodError'{0x000000070f4b5bb0}: 'java.lang.Object java.lang.invoke.DirectMethodHandle$Holder.newInvokeSpecial(java.lang.Object, java.lang.Object, java.lang.Object, java.lang.Object, java.lang.Object, java.lang.Object)'> (0x000000070f4b5bb0) 
thrown [open/src/hotspot/share/interpreter/linkResolver.cpp, line 766]
Event: 0.341 Thread 0x000000013500ca00 Exception <a 'java/lang/NoSuchMethodError'{0x000000070f07ed18}: 'java.lang.Object java.lang.invoke.DirectMethodHandle$Holder.newInvokeSpecial(java.lang.Object, java.lang.Object, java.lang.Object, java.lang.Object, java.lang.Object)'> (0x000000070f07ed18) 
thrown [open/src/hotspot/share/interpreter/linkResolver.cpp, line 766]

VM Operations (8 events):
Event: 0.081 Executing VM operation: HandshakeAllThreads
Event: 0.081 Executing VM operation: HandshakeAllThreads done
Event: 0.081 Executing VM operation: HandshakeAllThreads
Event: 0.081 Executing VM operation: HandshakeAllThreads done
Event: 0.100 Executing VM operation: HandshakeAllThreads
Event: 0.100 Executing VM operation: HandshakeAllThreads done
Event: 0.104 Executing VM operation: ICBufferFull
Event: 0.104 Executing VM operation: ICBufferFull done

Events (20 events):
Event: 0.145 Thread 0x000000013081cc00 Thread added: 0x000000013081cc00
Event: 0.145 Protecting memory [0x0000000171ddc000,0x0000000171de8000] with protection modes 0
Event: 0.155 Loading shared library /Users/danielweiner/.m2/repository/org/openjfx/javafx-graphics/17.0.1/libprism_es2.dylib failed, dlopen(/Users/danielweiner/.m2/repository/org/openjfx/javafx-graphics/17.0.1/libprism_es2.dylib, 0x0001): tried: '/Users/danielweiner/.
Event: 0.189 Loaded shared library /Users/danielweiner/.openjfx/cache/17.0.1/libprism_es2.dylib
Event: 0.228 Loading shared library /Users/danielweiner/.m2/repository/org/openjfx/javafx-graphics/17.0.1/libglass.dylib failed, dlopen(/Users/danielweiner/.m2/repository/org/openjfx/javafx-graphics/17.0.1/libglass.dylib, 0x0001): tried: '/Users/danielweiner/.m2/repos
Event: 0.249 Loaded shared library /Users/danielweiner/.openjfx/cache/17.0.1/libglass.dylib
Event: 0.250 Thread 0x0000000133101600 Thread added: 0x0000000133101600
Event: 0.250 Protecting memory [0x0000000171fe8000,0x0000000171ff4000] with protection modes 0
Event: 0.251 Protecting memory [0x000000016e940000,0x000000016e94c000] with protection modes 0
Event: 0.251 Thread 0x00000001230ee800 Thread added: 0x00000001230ee800
Event: 0.278 Protecting memory [0x00000001715ac000,0x00000001715b8000] with protection modes 3
Event: 0.278 Thread 0x0000000133130200 Thread added: 0x0000000133130200
Event: 0.279 Thread 0x0000000134008e00 Thread exited: 0x0000000134008e00
Event: 0.279 Protecting memory [0x00000001721f4000,0x0000000172200000] with protection modes 0
Event: 0.300 Protecting memory [0x00000001721f4000,0x0000000172200000] with protection modes 3
Event: 0.300 Thread 0x0000000133130200 Thread exited: 0x0000000133130200
Event: 0.334 Protecting memory [0x00000001716c4000,0x00000001716d0000] with protection modes 0
Event: 0.334 Thread 0x0000000123122200 Thread added: 0x0000000123122200
Event: 0.342 Thread 0x0000000133126c00 Thread added: 0x0000000133126c00
Event: 0.342 Protecting memory [0x0000000172280000,0x000000017228c000] with protection modes 0


Dynamic libraries:
0x0000000100cf8000 	/Users/danielweiner/Library/Java/JavaVirtualMachines/openjdk-18/Contents/Home/lib/libjli.dylib
0x00000001b41f8000 	/usr/lib/libz.1.dylib
0x00000001b42af000 	/usr/lib/libSystem.B.dylib
0x00000001b42a9000 	/usr/lib/system/libcache.dylib
0x00000001b4267000 	/usr/lib/system/libcommonCrypto.dylib
0x00000001b4290000 	/usr/lib/system/libcompiler_rt.dylib
0x00000001b4287000 	/usr/lib/system/libcopyfile.dylib
0x00000001a94ef000 	/usr/lib/system/libcorecrypto.dylib
0x00000001a95a2000 	/usr/lib/system/libdispatch.dylib
0x00000001a9770000 	/usr/lib/system/libdyld.dylib
0x00000001b429f000 	/usr/lib/system/libkeymgr.dylib
0x00000001b4242000 	/usr/lib/system/libmacho.dylib
0x00000001b3937000 	/usr/lib/system/libquarantine.dylib
0x00000001b429c000 	/usr/lib/system/libremovefile.dylib
0x00000001ae8d8000 	/usr/lib/system/libsystem_asl.dylib
0x00000001a9491000 	/usr/lib/system/libsystem_blocks.dylib
0x00000001a962a000 	/usr/lib/system/libsystem_c.dylib
0x00000001b4294000 	/usr/lib/system/libsystem_collections.dylib
0x00000001b2dc5000 	/usr/lib/system/libsystem_configuration.dylib
0x00000001b2021000 	/usr/lib/system/libsystem_containermanager.dylib
0x00000001b3fa4000 	/usr/lib/system/libsystem_coreservices.dylib
0x00000001abe98000 	/usr/lib/system/libsystem_darwin.dylib
0x00000001b42a0000 	/usr/lib/system/libsystem_dnssd.dylib
0x00000001a9627000 	/usr/lib/system/libsystem_featureflags.dylib
0x00000001a9785000 	/usr/lib/system/libsystem_info.dylib
0x00000001b420a000 	/usr/lib/system/libsystem_m.dylib
0x00000001a9577000 	/usr/lib/system/libsystem_malloc.dylib
0x00000001ae867000 	/usr/lib/system/libsystem_networkextension.dylib
0x00000001ac2f1000 	/usr/lib/system/libsystem_notify.dylib
0x00000001ba5ed000 	/usr/lib/system/libsystem_product_info_filter.dylib
0x00000001b2dca000 	/usr/lib/system/libsystem_sandbox.dylib
0x00000001b4299000 	/usr/lib/system/libsystem_secinit.dylib
0x00000001a972b000 	/usr/lib/system/libsystem_kernel.dylib
0x00000001a977d000 	/usr/lib/system/libsystem_platform.dylib
0x00000001a9763000 	/usr/lib/system/libsystem_pthread.dylib
0x00000001b0030000 	/usr/lib/system/libsystem_symptoms.dylib
0x00000001a94d5000 	/usr/lib/system/libsystem_trace.dylib
0x00000001b4274000 	/usr/lib/system/libunwind.dylib
0x00000001a9493000 	/usr/lib/system/libxpc.dylib
0x00000001a9713000 	/usr/lib/libc++abi.dylib
0x00000001a95e9000 	/usr/lib/libobjc.A.dylib
0x00000001b427f000 	/usr/lib/liboah.dylib
0x00000001a96ac000 	/usr/lib/libc++.1.dylib
0x00000001c0106000 	/System/Library/Frameworks/Cocoa.framework/Versions/A/Cocoa
0x00000001ac352000 	/System/Library/Frameworks/AppKit.framework/Versions/C/AppKit
0x00000001af858000 	/System/Library/Frameworks/CoreData.framework/Versions/A/CoreData
0x00000001aa6ad000 	/System/Library/Frameworks/Foundation.framework/Versions/C/Foundation
0x00000001ad20a000 	/System/Library/PrivateFrameworks/UIFoundation.framework/Versions/A/UIFoundation
0x00000001ba2e7000 	/System/Library/PrivateFrameworks/RemoteViewServices.framework/Versions/A/RemoteViewServices
0x00000001b276d000 	/System/Library/PrivateFrameworks/XCTTargetBootstrap.framework/Versions/A/XCTTargetBootstrap
0x00000001b5feb000 	/System/Library/PrivateFrameworks/InternationalSupport.framework/Versions/A/InternationalSupport
0x00000001b6074000 	/System/Library/PrivateFrameworks/UserActivity.framework/Versions/A/UserActivity
0x00000001b54e6000 	/usr/lib/libspindump.dylib
0x00000001ad47b000 	/System/Library/Frameworks/UniformTypeIdentifiers.framework/Versions/A/UniformTypeIdentifiers
0x00000001b0cb8000 	/usr/lib/libapp_launch_measurement.dylib
0x00000001b01e2000 	/System/Library/PrivateFrameworks/CoreAnalytics.framework/Versions/A/CoreAnalytics
0x00000001b0cbb000 	/System/Library/PrivateFrameworks/CoreAutoLayout.framework/Versions/A/CoreAutoLayout
0x00000001b205e000 	/System/Library/Frameworks/Metal.framework/Versions/A/Metal
0x00000001b2dd5000 	/usr/lib/liblangid.dylib
0x00000001b2772000 	/System/Library/PrivateFrameworks/CoreSVG.framework/Versions/A/CoreSVG
0x00000001ae90c000 	/System/Library/PrivateFrameworks/SkyLight.framework/Versions/A/SkyLight
0x00000001aece1000 	/System/Library/Frameworks/CoreGraphics.framework/Versions/A/CoreGraphics
0x00000001ba9b3000 	/System/Library/Frameworks/Accelerate.framework/Versions/A/Accelerate
0x00000001b4f5d000 	/System/Library/PrivateFrameworks/IconServices.framework/Versions/A/IconServices
0x00000001b2040000 	/System/Library/Frameworks/IOSurface.framework/Versions/A/IOSurface
0x00000001b0213000 	/usr/lib/libDiagnosticMessagesClient.dylib
0x00000001bdeb4000 	/System/Library/Frameworks/ApplicationServices.framework/Versions/A/ApplicationServices
0x00000001b2755000 	/System/Library/PrivateFrameworks/DFRFoundation.framework/Versions/A/DFRFoundation
0x00000001abbe2000 	/usr/lib/libicucore.A.dylib
0x00000001b6e97000 	/System/Library/Frameworks/AudioToolbox.framework/Versions/A/AudioToolbox
0x00000001b5ff7000 	/System/Library/PrivateFrameworks/DataDetectorsCore.framework/Versions/A/DataDetectorsCore
0x00000001cc937000 	/System/Library/PrivateFrameworks/TextInput.framework/Versions/A/TextInput
0x00000001ae881000 	/usr/lib/libMobileGestalt.dylib
0x00000001b2421000 	/System/Library/Frameworks/Carbon.framework/Versions/A/Frameworks/HIToolbox.framework/Versions/A/HIToolbox
0x00000001b0694000 	/System/Library/Frameworks/QuartzCore.framework/Versions/A/QuartzCore
0x00000001ab865000 	/System/Library/Frameworks/Security.framework/Versions/A/Security
0x00000001ba327000 	/System/Library/Frameworks/Carbon.framework/Versions/A/Frameworks/SpeechRecognition.framework/Versions/A/SpeechRecognition
0x00000001b0a0e000 	/System/Library/PrivateFrameworks/CoreUI.framework/Versions/A/CoreUI
0x00000001ab142000 	/System/Library/Frameworks/CoreAudio.framework/Versions/A/CoreAudio
0x00000001b0308000 	/System/Library/Frameworks/DiskArbitration.framework/Versions/A/DiskArbitration
0x00000001b58f0000 	/System/Library/PrivateFrameworks/MultitouchSupport.framework/Versions/A/MultitouchSupport
0x00000001ae87f000 	/usr/lib/libenergytrace.dylib
0x00000001ac21a000 	/System/Library/Frameworks/IOKit.framework/Versions/A/IOKit
0x00000001ba716000 	/System/Library/Frameworks/CoreServices.framework/Versions/A/CoreServices
0x00000001b0c48000 	/System/Library/PrivateFrameworks/PerformanceAnalysis.framework/Versions/A/PerformanceAnalysis
0x000000020ac1f000 	/System/Library/Frameworks/OpenGL.framework/Versions/A/OpenGL
0x00000001b384f000 	/System/Library/PrivateFrameworks/MobileKeyBag.framework/Versions/A/MobileKeyBag
0x00000001af2ee000 	/System/Library/Frameworks/ColorSync.framework/Versions/A/ColorSync
0x00000001a97b2000 	/System/Library/Frameworks/CoreFoundation.framework/Versions/A/CoreFoundation
0x00000001b29f1000 	/System/Library/Frameworks/CoreImage.framework/Versions/A/CoreImage
0x00000001aaf66000 	/System/Library/Frameworks/CoreText.framework/Versions/A/CoreText
0x00000001b27a2000 	/System/Library/Frameworks/ImageIO.framework/Versions/A/ImageIO
0x00000001b42b5000 	/System/Library/PrivateFrameworks/SoftLinking.framework/Versions/A/SoftLinking
0x00000001b0d06000 	/usr/lib/libxml2.2.dylib
0x00000001b454e000 	/usr/lib/libcompression.dylib
0x00000001b5f47000 	/System/Library/PrivateFrameworks/TextureIO.framework/Versions/A/TextureIO
0x00000001b4c76000 	/usr/lib/libate.dylib
0x00000001b4b3b000 	/usr/lib/liblzma.5.dylib
0x00000001aa3a1000 	/System/Library/Frameworks/SystemConfiguration.framework/Versions/A/SystemConfiguration
0x00000001b42b1000 	/usr/lib/libfakelink.dylib
0x00000001ae3b3000 	/System/Library/Frameworks/CFNetwork.framework/Versions/A/CFNetwork
0x00000001b43f7000 	/usr/lib/libarchive.2.dylib
0x00000001b2dd1000 	/System/Library/PrivateFrameworks/AppleSystemInfo.framework/Versions/A/AppleSystemInfo
0x00000001b3962000 	/usr/lib/libbsm.0.dylib
0x00000001ad924000 	/usr/lib/libnetwork.dylib
0x00000001b424b000 	/usr/lib/system/libkxld.dylib
0x00000001b3575000 	/System/Library/PrivateFrameworks/IOMobileFramebuffer.framework/Versions/A/IOMobileFramebuffer
0x000000022854b000 	/usr/lib/libCoreEntitlements.dylib
0x00000001b3f86000 	/System/Library/PrivateFrameworks/AppleFSCompression.framework/Versions/A/AppleFSCompression
0x00000001b394a000 	/usr/lib/libcoretls.dylib
0x00000001b4b54000 	/usr/lib/libcoretls_cfhelpers.dylib
0x00000001b4549000 	/usr/lib/libpam.2.dylib
0x00000001afc47000 	/usr/lib/libsqlite3.dylib
0x00000001b4bbd000 	/usr/lib/libxar.1.dylib
0x00000001b3f97000 	/usr/lib/libbz2.1.0.dylib
0x00000001b42b6000 	/usr/lib/libpcap.A.dylib
0x00000001b0027000 	/usr/lib/libdns_services.dylib
0x00000001b451c000 	/usr/lib/libapple_nghttp2.dylib
0x00000001b42f3000 	/usr/lib/libiconv.2.dylib
0x00000001b4241000 	/usr/lib/libcharset.1.dylib
0x00000001b0c84000 	/System/Library/Frameworks/CoreServices.framework/Versions/A/Frameworks/FSEvents.framework/Versions/A/FSEvents
0x00000001abea3000 	/System/Library/Frameworks/CoreServices.framework/Versions/A/Frameworks/CarbonCore.framework/Versions/A/CarbonCore
0x00000001b0268000 	/System/Library/Frameworks/CoreServices.framework/Versions/A/Frameworks/Metadata.framework/Versions/A/Metadata
0x00000001b3faa000 	/System/Library/Frameworks/CoreServices.framework/Versions/A/Frameworks/OSServices.framework/Versions/A/OSServices
0x00000001b447d000 	/System/Library/Frameworks/CoreServices.framework/Versions/A/Frameworks/SearchKit.framework/Versions/A/SearchKit
0x00000001affb6000 	/System/Library/Frameworks/CoreServices.framework/Versions/A/Frameworks/AE.framework/Versions/A/AE
0x00000001a9cf8000 	/System/Library/Frameworks/CoreServices.framework/Versions/A/Frameworks/LaunchServices.framework/Versions/A/LaunchServices
0x00000001b4ae4000 	/System/Library/Frameworks/CoreServices.framework/Versions/A/Frameworks/DictionaryServices.framework/Versions/A/DictionaryServices
0x00000001b0c91000 	/System/Library/Frameworks/CoreServices.framework/Versions/A/Frameworks/SharedFileList.framework/Versions/A/SharedFileList
0x00000001b393a000 	/usr/lib/libCheckFix.dylib
0x00000001ae8f0000 	/System/Library/PrivateFrameworks/TCC.framework/Versions/A/TCC
0x00000001b2dd7000 	/System/Library/PrivateFrameworks/CoreNLP.framework/Versions/A/CoreNLP
0x00000001b0216000 	/System/Library/PrivateFrameworks/MetadataUtilities.framework/Versions/A/MetadataUtilities
0x00000001aa45a000 	/usr/lib/libmecabra.dylib
0x00000001b3973000 	/usr/lib/libmecab.dylib
0x00000001aa426000 	/usr/lib/libCRFSuite.dylib
0x00000001b39d0000 	/usr/lib/libgermantok.dylib
0x00000001b44f5000 	/usr/lib/libThaiTokenizer.dylib
0x00000001b0310000 	/System/Library/Frameworks/Accelerate.framework/Versions/A/Frameworks/vImage.framework/Versions/A/vImage
0x00000001ba6ed000 	/System/Library/Frameworks/Accelerate.framework/Versions/A/Frameworks/vecLib.framework/Versions/A/vecLib
0x00000001b4c02000 	/System/Library/Frameworks/Accelerate.framework/Versions/A/Frameworks/vecLib.framework/Versions/A/libvMisc.dylib
0x00000001b347c000 	/System/Library/Frameworks/Accelerate.framework/Versions/A/Frameworks/vecLib.framework/Versions/A/libvDSP.dylib
0x00000001aa081000 	/System/Library/Frameworks/Accelerate.framework/Versions/A/Frameworks/vecLib.framework/Versions/A/libBLAS.dylib
0x00000001b461f000 	/System/Library/Frameworks/Accelerate.framework/Versions/A/Frameworks/vecLib.framework/Versions/A/libLAPACK.dylib
0x00000001b39d3000 	/System/Library/Frameworks/Accelerate.framework/Versions/A/Frameworks/vecLib.framework/Versions/A/libLinearAlgebra.dylib
0x00000001b4534000 	/System/Library/Frameworks/Accelerate.framework/Versions/A/Frameworks/vecLib.framework/Versions/A/libSparseBLAS.dylib
0x00000001b461a000 	/System/Library/Frameworks/Accelerate.framework/Versions/A/Frameworks/vecLib.framework/Versions/A/libQuadrature.dylib
0x00000001b2ed0000 	/System/Library/Frameworks/Accelerate.framework/Versions/A/Frameworks/vecLib.framework/Versions/A/libBNNS.dylib
0x00000001aa33f000 	/System/Library/Frameworks/Accelerate.framework/Versions/A/Frameworks/vecLib.framework/Versions/A/libSparse.dylib
0x00000001b2ec8000 	/System/Library/PrivateFrameworks/LinguisticData.framework/Versions/A/LinguisticData
0x00000001aa2f7000 	/System/Library/PrivateFrameworks/Lexicon.framework/Versions/A/Lexicon
0x00000001b4bfa000 	/usr/lib/libChineseTokenizer.dylib
0x00000001aaa9e000 	/System/Library/PrivateFrameworks/LanguageModeling.framework/Versions/A/LanguageModeling
0x00000001b44f7000 	/System/Library/PrivateFrameworks/AppleSauce.framework/Versions/A/AppleSauce
0x00000001b3562000 	/System/Library/PrivateFrameworks/CoreEmoji.framework/Versions/A/CoreEmoji
0x00000001b43e5000 	/usr/lib/libcmph.dylib
0x00000001b0c64000 	/System/Library/Frameworks/OpenDirectory.framework/Versions/A/Frameworks/CFOpenDirectory.framework/Versions/A/CFOpenDirectory
0x00000001b0c54000 	/System/Library/Frameworks/OpenDirectory.framework/Versions/A/OpenDirectory
0x00000001b4b56000 	/System/Library/PrivateFrameworks/APFS.framework/Versions/A/APFS
0x00000001b388a000 	/System/Library/Frameworks/SecurityFoundation.framework/Versions/A/SecurityFoundation
0x00000001b4bcc000 	/usr/lib/libutil.dylib
0x00000001ac1dc000 	/System/Library/PrivateFrameworks/CoreServicesStore.framework/Versions/A/CoreServicesStore
0x00000001b4bd0000 	/usr/lib/libxslt.1.dylib
0x00000001b391e000 	/System/Library/PrivateFrameworks/BackgroundTaskManagement.framework/Versions/A/BackgroundTaskManagement
0x00000001b5e68000 	/System/Library/Frameworks/ImageIO.framework/Versions/A/Resources/libRadiance.dylib
0x00000001b5e71000 	/System/Library/Frameworks/ImageIO.framework/Versions/A/Resources/libJPEG.dylib
0x00000001b5dc4000 	/System/Library/Frameworks/ImageIO.framework/Versions/A/Resources/libPng.dylib
0x00000001b5de6000 	/System/Library/Frameworks/ImageIO.framework/Versions/A/Resources/libTIFF.dylib
0x00000001b5ecc000 	/System/Library/Frameworks/ImageIO.framework/Versions/A/Resources/libGIF.dylib
0x00000001b5800000 	/System/Library/Frameworks/ImageIO.framework/Versions/A/Resources/libJP2.dylib
0x00000001b4f22000 	/usr/lib/libexpat.1.dylib
0x00000001b57bb000 	/System/Library/PrivateFrameworks/AppleJPEG.framework/Versions/A/AppleJPEG
0x00000001b22dd000 	/System/Library/PrivateFrameworks/FontServices.framework/libFontParser.dylib
0x00000001aff5b000 	/System/Library/PrivateFrameworks/RunningBoardServices.framework/Versions/A/RunningBoardServices
0x00000001c07d9000 	/System/Library/PrivateFrameworks/IOSurfaceAccelerator.framework/Versions/A/IOSurfaceAccelerator
0x00000001b58ec000 	/System/Library/PrivateFrameworks/WatchdogClient.framework/Versions/A/WatchdogClient
0x00000001aaba2000 	/System/Library/Frameworks/CoreDisplay.framework/Versions/A/CoreDisplay
0x00000001b21c7000 	/System/Library/Frameworks/CoreMedia.framework/Versions/A/CoreMedia
0x00000001b2054000 	/System/Library/PrivateFrameworks/IOAccelerator.framework/Versions/A/IOAccelerator
0x00000001b0df4000 	/System/Library/Frameworks/CoreVideo.framework/Versions/A/CoreVideo
0x00000001b4547000 	/System/Library/Frameworks/MetalPerformanceShaders.framework/Versions/A/MetalPerformanceShaders
0x00000001b592b000 	/System/Library/Frameworks/VideoToolbox.framework/Versions/A/VideoToolbox
0x00000001afe9f000 	/System/Library/PrivateFrameworks/BaseBoard.framework/Versions/A/BaseBoard
0x00000001afc2d000 	/System/Library/PrivateFrameworks/ProtocolBuffer.framework/Versions/A/ProtocolBuffer
0x00000001b5e63000 	/System/Library/PrivateFrameworks/GPUWrangler.framework/Versions/A/GPUWrangler
0x00000001b5e43000 	/System/Library/PrivateFrameworks/IOPresentment.framework/Versions/A/IOPresentment
0x00000001b5e6b000 	/System/Library/PrivateFrameworks/DSExternalDisplay.framework/Versions/A/DSExternalDisplay
0x000000020ac12000 	/System/Library/Frameworks/OpenGL.framework/Versions/A/Libraries/libCoreFSCache.dylib
0x00000002150d1000 	/System/Library/PrivateFrameworks/GPUCompiler.framework/Versions/31001/Libraries/libGPUCompilerUtils.dylib
0x00000001b5ed1000 	/System/Library/PrivateFrameworks/CMCaptureCore.framework/Versions/A/CMCaptureCore
0x00000001b54d3000 	/System/Library/PrivateFrameworks/AppServerSupport.framework/Versions/A/AppServerSupport
0x00000001b7754000 	/System/Library/PrivateFrameworks/perfdata.framework/Versions/A/perfdata
0x00000001aacc2000 	/System/Library/PrivateFrameworks/AudioToolboxCore.framework/Versions/A/AudioToolboxCore
0x00000001b21a0000 	/System/Library/PrivateFrameworks/caulk.framework/Versions/A/caulk
0x00000001b7049000 	/usr/lib/libAudioStatistics.dylib
0x00000001c8f9e000 	/System/Library/PrivateFrameworks/SystemPolicy.framework/Versions/A/SystemPolicy
0x00000001b72b5000 	/usr/lib/libSMC.dylib
0x00000001bffe8000 	/System/Library/Frameworks/CoreMIDI.framework/Versions/A/CoreMIDI
0x00000001b5d92000 	/usr/lib/libAudioToolboxUtility.dylib
0x00000001c506b000 	/System/Library/PrivateFrameworks/OSAServicesClient.framework/Versions/A/OSAServicesClient
0x00000001b7761000 	/usr/lib/libperfcheck.dylib
0x00000001c9ab6000 	/usr/lib/libmis.dylib
0x000000020ac74000 	/System/Library/Frameworks/OpenGL.framework/Versions/A/Libraries/libGLU.dylib
0x000000020ac33000 	/System/Library/Frameworks/OpenGL.framework/Versions/A/Libraries/libGFXShared.dylib
0x000000020ae20000 	/System/Library/Frameworks/OpenGL.framework/Versions/A/Libraries/libGL.dylib
0x000000020ac3c000 	/System/Library/Frameworks/OpenGL.framework/Versions/A/Libraries/libGLImage.dylib
0x000000020ac30000 	/System/Library/Frameworks/OpenGL.framework/Versions/A/Libraries/libCVMSPluginSupport.dylib
0x000000020ac19000 	/System/Library/Frameworks/OpenGL.framework/Versions/A/Libraries/libCoreVMClient.dylib
0x00000001b2d51000 	/System/Library/Frameworks/MetalPerformanceShaders.framework/Versions/A/Frameworks/MPSCore.framework/Versions/A/MPSCore
0x00000001b3ef9000 	/System/Library/Frameworks/MetalPerformanceShaders.framework/Versions/A/Frameworks/MPSImage.framework/Versions/A/MPSImage
0x00000001b39e8000 	/System/Library/Frameworks/MetalPerformanceShaders.framework/Versions/A/Frameworks/MPSNeuralNetwork.framework/Versions/A/MPSNeuralNetwork
0x00000001b3e21000 	/System/Library/Frameworks/MetalPerformanceShaders.framework/Versions/A/Frameworks/MPSMatrix.framework/Versions/A/MPSMatrix
0x00000001b3bfa000 	/System/Library/Frameworks/MetalPerformanceShaders.framework/Versions/A/Frameworks/MPSRayIntersector.framework/Versions/A/MPSRayIntersector
0x00000001b3e52000 	/System/Library/Frameworks/MetalPerformanceShaders.framework/Versions/A/Frameworks/MPSNDArray.framework/Versions/A/MPSNDArray
0x000000020cd8b000 	/System/Library/Frameworks/MetalPerformanceShaders.framework/Versions/A/Frameworks/MPSFunctions.framework/Versions/A/MPSFunctions
0x00000001a9f58000 	/System/Library/PrivateFrameworks/MetalTools.framework/Versions/A/MetalTools
0x00000001b2dcf000 	/System/Library/PrivateFrameworks/AggregateDictionary.framework/Versions/A/AggregateDictionary
0x00000001b4d07000 	/usr/lib/libIOReport.dylib
0x00000001bf006000 	/System/Library/PrivateFrameworks/ASEProcessing.framework/Versions/A/ASEProcessing
0x00000001b507c000 	/System/Library/PrivateFrameworks/FaceCore.framework/Versions/A/FaceCore
0x00000001b506e000 	/System/Library/PrivateFrameworks/GraphVisualizer.framework/Versions/A/GraphVisualizer
0x0000000214fe8000 	/System/Library/PrivateFrameworks/FontServices.framework/Versions/A/FontServices
0x00000001b548f000 	/System/Library/PrivateFrameworks/OTSVG.framework/Versions/A/OTSVG
0x00000001b09be000 	/System/Library/Frameworks/ApplicationServices.framework/Versions/A/Frameworks/ATS.framework/Versions/A/Resources/libFontRegistry.dylib
0x00000001b54dc000 	/System/Library/PrivateFrameworks/FontServices.framework/libhvf.dylib
0x0000000214fe9000 	/System/Library/PrivateFrameworks/FontServices.framework/libXTFontStaticRegistryData.dylib
0x000000020afc1000 	/System/Library/Frameworks/OpenCL.framework/Versions/A/OpenCL
0x00000001b4ed6000 	/System/Library/PrivateFrameworks/AppleVA.framework/Versions/A/AppleVA
0x00000001b7071000 	/System/Library/Frameworks/ApplicationServices.framework/Versions/A/Frameworks/ATS.framework/Versions/A/ATS
0x00000001af3eb000 	/System/Library/Frameworks/ApplicationServices.framework/Versions/A/Frameworks/HIServices.framework/Versions/A/HIServices
0x00000001b5edb000 	/System/Library/Frameworks/ApplicationServices.framework/Versions/A/Frameworks/PrintCore.framework/Versions/A/PrintCore
0x00000001b7408000 	/System/Library/Frameworks/ApplicationServices.framework/Versions/A/Frameworks/QD.framework/Versions/A/QD
0x00000001b7400000 	/System/Library/Frameworks/ApplicationServices.framework/Versions/A/Frameworks/ColorSyncLegacy.framework/Versions/A/ColorSyncLegacy
0x00000001b705d000 	/System/Library/Frameworks/ApplicationServices.framework/Versions/A/Frameworks/SpeechSynthesis.framework/Versions/A/SpeechSynthesis
0x00000001b5e9c000 	/System/Library/Frameworks/ApplicationServices.framework/Versions/A/Frameworks/ATSUI.framework/Versions/A/ATSUI
0x00000001b7395000 	/usr/lib/libcups.2.dylib
0x00000001b776f000 	/System/Library/Frameworks/Kerberos.framework/Versions/A/Kerberos
0x00000001b7780000 	/System/Library/Frameworks/GSS.framework/Versions/A/GSS
0x00000001b70e1000 	/usr/lib/libresolv.9.dylib
0x00000001b54eb000 	/System/Library/PrivateFrameworks/Heimdal.framework/Versions/A/Heimdal
0x00000001be23b000 	/System/Library/Frameworks/Kerberos.framework/Versions/A/Libraries/libHeimdalProxy.dylib
0x00000001b0039000 	/System/Library/Frameworks/Network.framework/Versions/A/Network
0x00000001b4f3d000 	/usr/lib/libheimdal-asn1.dylib
0x00000001b77d0000 	/System/Library/PrivateFrameworks/CommonAuth.framework/Versions/A/CommonAuth
0x00000001b6fd7000 	/System/Library/PrivateFrameworks/AudioSession.framework/Versions/A/AudioSession
0x00000001b4fcf000 	/System/Library/PrivateFrameworks/MediaExperience.framework/Versions/A/MediaExperience
0x00000001b6e5d000 	/System/Library/PrivateFrameworks/AudioSession.framework/libSessionUtility.dylib
0x00000001b7414000 	/System/Library/PrivateFrameworks/AudioResourceArbitration.framework/Versions/A/AudioResourceArbitration
0x00000001bb5ca000 	/System/Library/PrivateFrameworks/PowerLog.framework/Versions/A/PowerLog
0x00000001b4f47000 	/System/Library/PrivateFrameworks/IconFoundation.framework/Versions/A/IconFoundation
0x00000001ba313000 	/System/Library/PrivateFrameworks/SpeechRecognitionCore.framework/Versions/A/SpeechRecognitionCore
0x0000000101edc000 	/Users/danielweiner/Library/Java/JavaVirtualMachines/openjdk-18/Contents/Home/lib/server/libjvm.dylib
0x0000000100d5c000 	/Users/danielweiner/Library/Java/JavaVirtualMachines/openjdk-18/Contents/Home/lib/libjimage.dylib
0x0000000100d88000 	/Users/danielweiner/Library/Java/JavaVirtualMachines/openjdk-18/Contents/Home/lib/libinstrument.dylib
0x0000000100fa8000 	/Users/danielweiner/Library/Java/JavaVirtualMachines/openjdk-18/Contents/Home/lib/libjava.dylib
0x0000000101a5c000 	/Users/danielweiner/Library/Java/JavaVirtualMachines/openjdk-18/Contents/Home/lib/libnio.dylib
0x0000000101a7c000 	/Users/danielweiner/Library/Java/JavaVirtualMachines/openjdk-18/Contents/Home/lib/libnet.dylib
0x0000000100f74000 	/Users/danielweiner/Library/Java/JavaVirtualMachines/openjdk-18/Contents/Home/lib/libzip.dylib
0x0000000100f8c000 	/Users/danielweiner/.openjfx/cache/17.0.1/libprism_es2.dylib
0x00000001ac19f000 	/System/Library/PrivateFrameworks/CoreServicesInternal.framework/Versions/A/CoreServicesInternal
0x000000020ae2a000 	/System/Library/Frameworks/OpenGL.framework/Versions/A/Resources/GLEngine.bundle/GLEngine
0x000000020acb2000 	/System/Library/Frameworks/OpenGL.framework/Versions/A/Libraries/libGLProgrammability.dylib
0x0000000127600000 	/System/Library/Extensions/AppleMetalOpenGLRenderer.bundle/Contents/MacOS/AppleMetalOpenGLRenderer
0x000000020af99000 	/System/Library/Frameworks/OpenGL.framework/Versions/A/Resources/GLRendererFloat.bundle/GLRendererFloat
0x000000020b099000 	/System/Library/Extensions/AGXMetal13_3.bundle/Contents/MacOS/AGXMetal13_3
0x00000001c9ad2000 	/System/Library/PrivateFrameworks/GPURawCounter.framework/Versions/A/GPURawCounter
0x00000001c41dc000 	/System/Library/PrivateFrameworks/IOGPU.framework/Versions/A/IOGPU
0x0000000127698000 	/Users/danielweiner/.openjfx/cache/17.0.1/libglass.dylib
0x00000001bb822000 	/System/Library/Frameworks/FileProvider.framework/Versions/A/FileProvider
0x00000001afe07000 	/System/Library/Frameworks/Accounts.framework/Versions/A/Accounts
0x00000001bb9a6000 	/System/Library/PrivateFrameworks/GenerationalStorage.framework/Versions/A/GenerationalStorage
0x00000001bc569000 	/System/Library/PrivateFrameworks/CoreSymbolication.framework/Versions/A/CoreSymbolication
0x00000001bb5be000 	/System/Library/PrivateFrameworks/SymptomDiagnosticReporter.framework/Versions/A/SymptomDiagnosticReporter
0x00000001ad48f000 	/System/Library/PrivateFrameworks/DesktopServicesPriv.framework/Versions/A/DesktopServicesPriv
0x00000001ac301000 	/usr/lib/libsandbox.1.dylib
0x00000001b0e82000 	/System/Library/PrivateFrameworks/UserManagement.framework/Versions/A/UserManagement
0x00000001bc526000 	/System/Library/PrivateFrameworks/DebugSymbols.framework/Versions/A/DebugSymbols
0x00000001b73f3000 	/System/Library/PrivateFrameworks/NetAuth.framework/Versions/A/NetAuth
0x00000001b8311000 	/System/Library/PrivateFrameworks/Sharing.framework/Versions/A/Sharing
0x00000001b0e52000 	/System/Library/PrivateFrameworks/login.framework/Versions/A/Frameworks/loginsupport.framework/Versions/A/loginsupport
0x00000001bd75b000 	/System/Library/PrivateFrameworks/Apple80211.framework/Versions/A/Apple80211
0x00000001b3fdd000 	/System/Library/PrivateFrameworks/AuthKit.framework/Versions/A/AuthKit
0x00000001b365e000 	/System/Library/PrivateFrameworks/CoreUtils.framework/Versions/A/CoreUtils
0x00000001b3581000 	/System/Library/Frameworks/CoreWLAN.framework/Versions/A/CoreWLAN
0x00000001b8481000 	/System/Library/Frameworks/IOBluetooth.framework/Versions/A/IOBluetooth
0x00000001bd7bb000 	/System/Library/PrivateFrameworks/CoreWiFi.framework/Versions/A/CoreWiFi
0x00000001bc106000 	/System/Library/PrivateFrameworks/FrontBoardServices.framework/Versions/A/FrontBoardServices
0x00000001bc19e000 	/System/Library/PrivateFrameworks/BoardServices.framework/Versions/A/BoardServices
0x00000001b3878000 	/System/Library/PrivateFrameworks/AssertionServices.framework/Versions/A/AssertionServices
0x00000001bd938000 	/System/Library/PrivateFrameworks/BackBoardServices.framework/Versions/A/BackBoardServices
0x00000001b7867000 	/System/Library/PrivateFrameworks/CorePhoneNumbers.framework/Versions/A/CorePhoneNumbers
0x00000001bb6ee000 	/System/Library/PrivateFrameworks/DiskManagement.framework/Versions/A/DiskManagement
0x00000001bb5f1000 	/System/Library/PrivateFrameworks/AppleIDAuthSupport.framework/Versions/A/AppleIDAuthSupport
0x000000020f5b2000 	/System/Library/PrivateFrameworks/AAAFoundation.framework/Versions/A/AAAFoundation
0x00000001b7846000 	/System/Library/PrivateFrameworks/KeychainCircle.framework/Versions/A/KeychainCircle
0x00000001bb6ba000 	/System/Library/PrivateFrameworks/MediaKit.framework/Versions/A/MediaKit
0x00000001bb5fe000 	/System/Library/Frameworks/DiscRecording.framework/Versions/A/DiscRecording
0x00000001b4e52000 	/usr/lib/libCoreStorage.dylib
0x00000001bdc35000 	/usr/lib/libcsfde.dylib
0x00000001b8556000 	/System/Library/PrivateFrameworks/ProtectedCloudStorage.framework/Versions/A/ProtectedCloudStorage
0x00000001bdc2d000 	/System/Library/PrivateFrameworks/EFILogin.framework/Versions/A/EFILogin
0x00000001bb9cd000 	/System/Library/PrivateFrameworks/OctagonTrust.framework/Versions/A/OctagonTrust
0x0000000214183000 	/System/Library/PrivateFrameworks/CoreUtilsExtras.framework/Versions/A/CoreUtilsExtras
0x00000001bb523000 	/System/Library/Frameworks/CoreBluetooth.framework/Versions/A/CoreBluetooth
0x00000001be2c0000 	/System/Library/Frameworks/AudioUnit.framework/Versions/A/AudioUnit
0x00000001b4e4a000 	/usr/lib/libMatch.1.dylib
0x00000001cdf7e000 	/System/Library/Frameworks/Accelerate.framework/Versions/A/Frameworks/vImage.framework/Versions/A/Libraries/libCGInterfaces.dylib
0x0000000132398000 	/usr/lib/libobjc-trampolines.dylib
0x00000001b0b4c000 	/System/Library/PrivateFrameworks/ViewBridge.framework/Versions/A/ViewBridge
0x000000020fc65000 	/System/Library/PrivateFrameworks/AccessibilityBundles.framework/Versions/A/AccessibilityBundles
0x00000001b55ae000 	/System/Library/PrivateFrameworks/login.framework/Versions/A/login


VM Arguments:
jvm_args: -javaagent:/Users/danielweiner/Library/Application Support/JetBrains/Toolbox/apps/IDEA-U/ch-0/221.5080.210/IntelliJ IDEA.app/Contents/lib/idea_rt.jar=49271:/Users/danielweiner/Library/Application Support/JetBrains/Toolbox/apps/IDEA-U/ch-0/221.5080.210/IntelliJ IDEA.app/Contents/bin -Dfile.encoding=UTF-8 --module-path=/Users/danielweiner/.m2/repository/org/openjfx/javafx-controls/17.0.1/javafx-controls-17.0.1-mac-aarch64.jar:/Users/danielweiner/.m2/repository/org/openjfx/javafx-fxml/17.0.1/javafx-fxml-17.0.1-mac-aarch64.jar:/Users/danielweiner/Public/Drop Box/eclipse-workspace/JavaFinalProject/target/classes:/Users/danielweiner/.m2/repository/org/openjfx/javafx-base/17.0.1/javafx-base-17.0.1-mac-aarch64.jar:/Users/danielweiner/.m2/repository/org/openjfx/javafx-graphics/17.0.1/javafx-graphics-17.0.1-mac-aarch64.jar -Djdk.module.main=com.example.javafinalproject 
java_command: com.example.javafinalproject/com.example.javafinalproject.Main
java_class_path (initial): /Users/danielweiner/.m2/repository/org/openjfx/javafx-controls/17.0.1/javafx-controls-17.0.1.jar:/Users/danielweiner/.m2/repository/org/openjfx/javafx-graphics/17.0.1/javafx-graphics-17.0.1.jar:/Users/danielweiner/.m2/repository/org/openjfx/javafx-base/17.0.1/javafx-base-17.0.1.jar:/Users/danielweiner/.m2/repository/org/openjfx/javafx-fxml/17.0.1/javafx-fxml-17.0.1.jar:/Users/danielweiner/Downloads/mysql-connector-java-8.0.29/mysql-connector-java-8.0.29.jar
Launcher Type: SUN_STANDARD

[Global flags]
     intx CICompilerCount                          = 4                                         {product} {ergonomic}
     uint ConcGCThreads                            = 2                                         {product} {ergonomic}
     uint G1ConcRefinementThreads                  = 8                                         {product} {ergonomic}
   size_t G1HeapRegionSize                         = 2097152                                   {product} {ergonomic}
    uintx GCDrainStackTargetSize                   = 64                                        {product} {ergonomic}
   size_t InitialHeapSize                          = 268435456                                 {product} {ergonomic}
   size_t MarkStackSize                            = 4194304                                   {product} {ergonomic}
   size_t MaxHeapSize                              = 4294967296                                {product} {ergonomic}
   size_t MaxNewSize                               = 2575302656                                {product} {ergonomic}
   size_t MinHeapDeltaBytes                        = 2097152                                   {product} {ergonomic}
   size_t MinHeapSize                              = 8388608                                   {product} {ergonomic}
    uintx NonNMethodCodeHeapSize                   = 5839564                                {pd product} {ergonomic}
    uintx NonProfiledCodeHeapSize                  = 122909338                              {pd product} {ergonomic}
    uintx ProfiledCodeHeapSize                     = 122909338                              {pd product} {ergonomic}
    uintx ReservedCodeCacheSize                    = 251658240                              {pd product} {ergonomic}
     bool SegmentedCodeCache                       = true                                      {product} {ergonomic}
   size_t SoftMaxHeapSize                          = 4294967296                             {manageable} {ergonomic}
     bool UseCompressedClassPointers               = true                           {product lp64_product} {ergonomic}
     bool UseCompressedOops                        = true                           {product lp64_product} {ergonomic}
     bool UseG1GC                                  = true                                      {product} {ergonomic}
     bool UseNUMA                                  = false                                     {product} {ergonomic}
     bool UseNUMAInterleaving                      = false                                     {product} {ergonomic}

Logging:
Log output configuration:
 #0: stdout all=warning uptime,level,tags foldmultilines=false
 #1: stderr all=off uptime,level,tags foldmultilines=false

Environment Variables:
PATH=/usr/local/bin:/usr/bin:/bin:/usr/sbin:/sbin
SHELL=/bin/zsh
LC_CTYPE=en_US.UTF-8

Signal Handlers:
   SIGSEGV: crash_handler in libjvm.dylib, mask=11100110000111110111111111111111, flags=SA_RESTART|SA_SIGINFO
    SIGBUS: crash_handler in libjvm.dylib, mask=11100110000111110111111111111111, flags=SA_RESTART|SA_SIGINFO
    SIGFPE: crash_handler in libjvm.dylib, mask=11100110000111110111111111111111, flags=SA_RESTART|SA_SIGINFO
   SIGPIPE: javaSignalHandler in libjvm.dylib, mask=11100110000111110111111111111111, flags=SA_RESTART|SA_SIGINFO
   SIGXFSZ: javaSignalHandler in libjvm.dylib, mask=11100110000111110111111111111111, flags=SA_RESTART|SA_SIGINFO
    SIGILL: crash_handler in libjvm.dylib, mask=11100110000111110111111111111111, flags=SA_RESTART|SA_SIGINFO
   SIGUSR2: SR_handler in libjvm.dylib, mask=00100000000000000000000000000000, flags=SA_RESTART|SA_SIGINFO
    SIGHUP: UserHandler in libjvm.dylib, mask=11100110000111110111111111111111, flags=SA_RESTART|SA_SIGINFO
    SIGINT: UserHandler in libjvm.dylib, mask=11100110000111110111111111111111, flags=SA_RESTART|SA_SIGINFO
   SIGTERM: UserHandler in libjvm.dylib, mask=11100110000111110111111111111111, flags=SA_RESTART|SA_SIGINFO
   SIGQUIT: UserHandler in libjvm.dylib, mask=11100110000111110111111111111111, flags=SA_RESTART|SA_SIGINFO
   SIGTRAP: crash_handler in libjvm.dylib, mask=11100110000111110111111111111111, flags=SA_RESTART|SA_SIGINFO


---------------  S Y S T E M  ---------------

OS:
uname: Darwin 21.4.0 Darwin Kernel Version 21.4.0: Fri Mar 18 00:47:26 PDT 2022; root:xnu-8020.101.4~15/RELEASE_ARM64_T8101 arm64
OS uptime: 0 days 0:39 hours
rlimit (soft/hard): STACK 8176k/65520k , CORE 0k/infinity , NPROC 2666/4000 , NOFILE 10240/infinity , AS infinity/infinity , CPU infinity/infinity , DATA infinity/infinity , FSIZE infinity/infinity , MEMLOCK infinity/infinity , RSS infinity/infinity
load average: 1.17 1.26 1.77

CPU: total 8 (initial active 8) 0x61:0x0:0x1b588bb3:0, fp, simd, aes, pmull, crc, lse

Memory: 16k page, physical 16777216k(1150032k free), swap 0k(0k free)

vm_info: OpenJDK 64-Bit Server VM (18+36-2087) for bsd-aarch64 JRE (18+36-2087), built on Feb 15 2022 09:36:38 by "mach5one" with clang Apple LLVM 12.0.0 (clang-1200.0.32.29)

END.
