#
# A fatal error has been detected by the Java Runtime Environment:
#
#  SIGBUS (0xa) at pc=0x000000010a36d4f0, pid=1249, tid=35339
#
# JRE version: OpenJDK Runtime Environment (18.0+36) (build 18+36-2087)
# Java VM: OpenJDK 64-Bit Server VM (18+36-2087, mixed mode, sharing, tiered, compressed oops, compressed class ptrs, g1 gc, bsd-aarch64)
# Problematic frame:
# v  ~StubRoutines::SafeFetchN
#
# No core dump will be written. Core dumps have been disabled. To enable core dumping, try "ulimit -c unlimited" before starting Java again
#
# If you would like to submit a bug report, please visit:
#   https://bugreport.java.com/bugreport/crash.jsp
# The crash happened outside the Java Virtual Machine in native code.
# See problematic frame for where to report the bug.
#

---------------  S U M M A R Y ------------

Command Line: -javaagent:/Users/danielweiner/Library/Application Support/JetBrains/Toolbox/apps/IDEA-U/ch-0/221.5080.210/IntelliJ IDEA.app/Contents/lib/idea_rt.jar=49272:/Users/danielweiner/Library/Application Support/JetBrains/Toolbox/apps/IDEA-U/ch-0/221.5080.210/IntelliJ IDEA.app/Contents/bin -Dfile.encoding=UTF-8 --module-path=/Users/danielweiner/.m2/repository/org/openjfx/javafx-graphics/17.0.1/javafx-graphics-17.0.1-mac-aarch64.jar:/Users/danielweiner/Public/Drop Box/eclipse-workspace/JavaFinalProject/target/classes:/Users/danielweiner/.m2/repository/org/openjfx/javafx-base/17.0.1/javafx-base-17.0.1-mac-aarch64.jar:/Users/danielweiner/.m2/repository/org/openjfx/javafx-fxml/17.0.1/javafx-fxml-17.0.1-mac-aarch64.jar:/Users/danielweiner/.m2/repository/org/openjfx/javafx-controls/17.0.1/javafx-controls-17.0.1-mac-aarch64.jar -Djdk.module.main=com.example.javafinalproject com.example.javafinalproject/com.example.javafinalproject.Main

Host: "MacBookPro17,1" arm64, 8 cores, 16G, Darwin 21.4.0, macOS 12.3.1 (21E258)
Time: Sat May  7 16:11:06 2022 EDT elapsed time: 3.397572 seconds (0d 0h 0m 3s)

---------------  T H R E A D  ---------------

Current thread (0x000000012b855c00):  JavaThread "InvokeLaterDispatcher" daemon [_thread_in_native, id=35339, stack(0x0000000172058000,0x000000017225b000)]

Stack: [0x0000000172058000,0x000000017225b000],  sp=0x000000017225a7a0,  free space=2057k
Native frames: (J=compiled Java code, j=interpreted, Vv=VM code, C=native code)
v  ~StubRoutines::SafeFetchN
V  [libjvm.dylib+0x7cdae4]  _ZN10OopStorage7releaseEPKP7oopDesc+0x20
V  [libjvm.dylib+0x4f522c]  jni_DeleteGlobalRef+0xd4
C  [libglass.dylib+0xab08]  -[GlassRunnable dealloc]+0x34
C  [Foundation+0x85618]  -[_NSThreadPerformInfo dealloc]+0x30
C  [Foundation+0x5198c]  -[NSObject(NSThreadPerformAdditions) performSelectorOnMainThread:withObject:waitUntilDone:]+0x88
C  0x683380010a3758ac
j  com.sun.glass.ui.mac.MacApplication.submitForLaterInvocation(Ljava/lang/Runnable;)V+2 javafx.graphics
j  com.sun.glass.ui.InvokeLaterDispatcher.run()V+82 javafx.graphics
v  ~StubRoutines::call_stub
V  [libjvm.dylib+0x49c638]  _ZN9JavaCalls11call_helperEP9JavaValueRK12methodHandleP17JavaCallArgumentsP10JavaThread+0x38c
V  [libjvm.dylib+0x49b654]  _ZN9JavaCalls12call_virtualEP9JavaValueP5KlassP6SymbolS5_P17JavaCallArgumentsP10JavaThread+0x11c
V  [libjvm.dylib+0x49b720]  _ZN9JavaCalls12call_virtualEP9JavaValue6HandleP5KlassP6SymbolS6_P10JavaThread+0x64
V  [libjvm.dylib+0x54f250]  _ZL12thread_entryP10JavaThreadS0_+0x9c
V  [libjvm.dylib+0x918b50]  _ZN10JavaThread17thread_main_innerEv+0xa8
V  [libjvm.dylib+0x9174e0]  _ZN6Thread8call_runEv+0xe0
V  [libjvm.dylib+0x7d42c8]  _ZL19thread_native_entryP6Thread+0x158
C  [libsystem_pthread.dylib+0x726c]  _pthread_start+0x94

Java frames: (J=compiled Java code, j=interpreted, Vv=VM code)
j  com.sun.glass.ui.mac.MacApplication._submitForLaterInvocation(Ljava/lang/Runnable;)V+0 javafx.graphics
j  com.sun.glass.ui.mac.MacApplication.submitForLaterInvocation(Ljava/lang/Runnable;)V+2 javafx.graphics
j  com.sun.glass.ui.InvokeLaterDispatcher.run()V+82 javafx.graphics
v  ~StubRoutines::call_stub

siginfo: si_signo: 10 (SIGBUS), si_code: 1 (BUS_ADRALN), si_addr: 0x000000010a36d4f0

Register to memory mapping:

 x0=0x000000012b708108 is a global jni handle
 x1=0x0 is NULL
 x2=0x0000000702bf72a8 is an oop: com.sun.glass.ui.InvokeLaterDispatcher$Future 
{0x0000000702bf72a8} - klass: 'com/sun/glass/ui/InvokeLaterDispatcher$Future'
 - ---- fields (total size 3 words):
 - private 'done' 'Z' @12  true
 - private final 'runnable' 'Ljava/lang/Runnable;' @16  a 'com/sun/javafx/application/PlatformImpl$$Lambda$89+0x0000000800c82ba8'{0x0000000701eb11e8} (e03d623d)
 - final synthetic 'this$0' 'Lcom/sun/glass/ui/InvokeLaterDispatcher;' @20  a 'com/sun/glass/ui/InvokeLaterDispatcher'{0x000000070d017ec8} (e1a02fd9)
 x3=0x0 is NULL
 x4=0x00000000000130a8 is an unknown value
 x5=0x0 is NULL
 x6=0x0 is NULL
 x7=0x0 is NULL
 x8=0x000000010a36d4ec is at begin+0 in a stub
StubRoutines::SafeFetchN [0x000000010a36d4ec, 0x000000010a36d4f8] (12 bytes)
 x9=0x0 is NULL
x10=0x2010000030300000 is an unknown value
x11=0x0000000000000007 is an unknown value
x12=0x0000000000000004 is an unknown value
x13=0x00006000024f8a10 points into unknown readable memory: 0xf31080018c02bc40 | 40 bc 02 8c 01 80 10 f3
x14=0x0000050000000000 is an unknown value
x15=0x000000011a591f98: OBJC_CLASS_$_GlassRunnable+0 in /Users/danielweiner/.openjfx/cache/17.0.1/libglass.dylib at 0x000000011a54c000
x16=0x000000018c1950fc: pthread_getspecific+0 in /usr/lib/system/libsystem_pthread.dylib at 0x000000018c193000
x17=0x00006000021d8460 points into unknown readable memory: 0xfffffffffffffffe | fe ff ff ff ff ff ff ff
x18=0x0 is NULL
x19=0x00006000021f4540 points into unknown readable memory: 0x00006000008e83b0 | b0 83 8e 00 00 60 00 00
x20=0x000000012b707f00 points into unknown readable memory: 0x0000000000000000 | 00 00 00 00 00 00 00 00
x21=0x000000012b708108 is a global jni handle
x22=0x000000012b855c00 is a thread
x23=0x0000000000000001 is an unknown value
x24=0x000000012b7080c0 is a global jni handle
x25=0x0000000102712c98: _ZN12StubRoutines17_safefetchN_entryE+0 in /Users/danielweiner/Library/Java/JavaVirtualMachines/openjdk-18/Contents/Home/lib/server/libjvm.dylib at 0x0000000101b34000
x26=0x0000000144520000 is pointing into metadata
x27=0x0 is NULL
x28=0x000000012b855c00 is a thread


Registers:
 x0=0x000000012b708108  x1=0x0000000000000000  x2=0x0000000702bf72a8  x3=0x0000000000000000
 x4=0x00000000000130a8  x5=0x0000000000000000  x6=0x0000000000000000  x7=0x0000000000000000
 x8=0x000000010a36d4ec  x9=0x0000000000000000 x10=0x2010000030300000 x11=0x0000000000000007
x12=0x0000000000000004 x13=0x00006000024f8a10 x14=0x0000050000000000 x15=0x000000011a591f98
x16=0x000000018c1950fc x17=0x00006000021d8460 x18=0x0000000000000000 x19=0x00006000021f4540
x20=0x000000012b707f00 x21=0x000000012b708108 x22=0x000000012b855c00 x23=0x0000000000000001
x24=0x000000012b7080c0 x25=0x0000000102712c98 x26=0x0000000144520000 x27=0x0000000000000000
x28=0x000000012b855c00  fp=0x000000017225a7e0  lr=0x00000001023008d8  sp=0x000000017225a7a0
pc=0x000000010a36d4f0 cpsr=0x0000000060001000
Top of Stack: (sp=0x000000017225a7a0)
0x000000017225a7a0:   0000000144520000 0000000000000001
0x000000017225a7b0:   000000017225a9a8 0000000000000000
0x000000017225a7c0:   000000012e09c690 000000012b7080f0
0x000000017225a7d0:   000000012b7080f0 00006000021f4540
0x000000017225a7e0:   000000017225a820 0000000102301ae4
0x000000017225a7f0:   0000000000000001 000000012b7080f0
0x000000017225a800:   000000012e09c690 000000012b7080f0
0x000000017225a810:   0000000000000001 000000012e09c400
0x000000017225a820:   000000017225a860 000000010202922c
0x000000017225a830:   000000017225a9a8 00006000008f64e0
0x000000017225a840:   00006000008f6520 00000001d625abe0
0x000000017225a850:   0000000000000000 00006000008f6520
0x000000017225a860:   000000017225a890 000000011a556b08
0x000000017225a870:   db1ab25ef7af008f 0000000000000000
0x000000017225a880:   0000000000000000 0000600001f24f80
0x000000017225a890:   000000017225a8d0 000000018d162618
0x000000017225a8a0:   000000017225a9a8 00006000008f64e0
0x000000017225a8b0:   00006000008f6520 db1ab25ef7af008f
0x000000017225a8c0:   0000000000000000 0000000000000000
0x000000017225a8d0:   000000017225a910 d92d00018d12e98c
0x000000017225a8e0:   000000017225a9a8 000000010a3747c0
0x000000017225a8f0:   0000000000000000 000000010271a750
0x000000017225a900:   000000017225a920 000000010a373730
0x000000017225a910:   000000017225a980 683380010a3758ac
0x000000017225a920:   000000017225a988 00000001441c0e40
0x000000017225a930:   000000017225a930 0000000000000000
0x000000017225a940:   000000017225a9a8 0000000144520000
0x000000017225a950:   000000070d030ba8 0000000000000000
0x000000017225a960:   0000000000000000 00000001444fb8f8
0x000000017225a970:   0000000000000000 000000017225a980
0x000000017225a980:   000000017225aa00 000000010a371fc8
0x000000017225a990:   0000000000000000 0000000000000000 

Instructions: (pc=0x000000010a36d4f0)
0x000000010a36d3f0:   f2a04da9 f2c00029 6d425935 1e640886
0x000000010a36d400:   0c402d31 1e6408c7 1f5654d0 1e6c1017
0x000000010a36d410:   1f5050d0 1f504cd0 1f5048d0 1e650af6
0x000000010a36d420:   1f50d8f6 1f5694d6 1f5158f6 1e762880
0x000000010a36d430:   36000501 1e614000 14000026 2e251ca5
0x000000010a36d440:   d29e3009 f2a04da9 f2c00029 6d425d36
0x000000010a36d450:   1e600806 0c402d32 1f5758c7 1e6c101a
0x000000010a36d460:   1f4754c7 1e650805 1f4750c7 d2866668
0x000000010a36d470:   f2a7fa68 1f474cc7 1e6608c0 1f4748c7
0x000000010a36d480:   1e6e1019 eb08007f 540000ac 1f479400
0x000000010a36d490:   1f460340 1e603b20 1400000e d2a7fd29
0x000000010a36d4a0:   eb09007f 540000ac 51480069 d3607d29
0x000000010a36d4b0:   9e670121 14000002 1e6a5001 1f679417
0x000000010a36d4c0:   1f668742 1e613b23 1e773857 1e773860
0x000000010a36d4d0:   a8c17ff3 910003bf a8c17bfd d65f03c0
0x000000010a36d4e0:   b9400001 aa0103e0 d65f03c0 f9400001
0x000000010a36d4f0:   aa0103e0 d65f03c0 00000000 00000000
0x000000010a36d500:   00000000 00000000 00000000 00000000
0x000000010a36d510:   00000000 00000000 00000000 00000000
0x000000010a36d520:   00000000 00000000 00000000 00000000
0x000000010a36d530:   00000000 00000000 00000000 00000000
0x000000010a36d540:   00000000 00000000 00000000 00000000
0x000000010a36d550:   00000000 00000000 00000000 00000000
0x000000010a36d560:   00000000 00000000 00000000 00000000
0x000000010a36d570:   00000000 00000000 00000000 00000000
0x000000010a36d580:   00000000 00000000 00000000 00000000
0x000000010a36d590:   00000000 00000000 00000000 00000000
0x000000010a36d5a0:   00000000 00000000 00000000 00000000
0x000000010a36d5b0:   00000000 00000000 00000000 00000000
0x000000010a36d5c0:   00000000 00000000 00000000 00000000
0x000000010a36d5d0:   00000000 00000000 00000000 00000000
0x000000010a36d5e0:   00000000 00000000 00000000 00000000 


Stack slot to memory mapping:
stack at sp + 0 slots: 0x0000000144520000 is pointing into metadata
stack at sp + 1 slots: 0x0000000000000001 is an unknown value
stack at sp + 2 slots: 0x000000017225a9a8 is pointing into the stack for thread: 0x000000012b855c00
stack at sp + 3 slots: 0x0 is NULL
stack at sp + 4 slots: 0x000000012e09c690 points into unknown readable memory: 0x00000001026cf370 | 70 f3 6c 02 01 00 00 00
stack at sp + 5 slots: 0x000000012b7080f0 is a global jni handle
stack at sp + 6 slots: 0x000000012b7080f0 is a global jni handle
stack at sp + 7 slots: 0x00006000021f4540 points into unknown readable memory: 0x00006000008e83b0 | b0 83 8e 00 00 60 00 00

StubRoutines::SafeFetchN [0x000000010a36d4ec, 0x000000010a36d4f8] (12 bytes)
[MachCode]
  0x000000010a36d4ec: 0100 40f9 | e003 01aa | c003 5fd6 
[/MachCode]

---------------  P R O C E S S  ---------------

Threads class SMR info:
_java_thread_list=0x0000600000bdae60, length=21, elements={
0x000000012d009000, 0x000000012d808800, 0x000000012d80b000, 0x000000011f80ca00,
0x000000012a008200, 0x000000012a00aa00, 0x000000012a00b000, 0x000000012a00b600,
0x000000012a013c00, 0x000000012d80b600, 0x000000011f80d600, 0x000000011a828c00,
0x000000011f80b400, 0x000000012b855c00, 0x000000012e09c400, 0x000000012b858e00,
0x000000012b87ca00, 0x000000012d92a000, 0x000000012d8c0000, 0x000000012d8c7400,
0x000000012e3d8a00
}

Java Threads: ( => current thread )
  0x000000012d009000 JavaThread "main" [_thread_blocked, id=9987, stack(0x000000016f650000,0x000000016f853000)]
  0x000000012d808800 JavaThread "Reference Handler" daemon [_thread_blocked, id=16899, stack(0x00000001704a4000,0x00000001706a7000)]
  0x000000012d80b000 JavaThread "Finalizer" daemon [_thread_blocked, id=16643, stack(0x00000001706b0000,0x00000001708b3000)]
  0x000000011f80ca00 JavaThread "Signal Dispatcher" daemon [_thread_blocked, id=23043, stack(0x00000001709d4000,0x0000000170bd7000)]
  0x000000012a008200 JavaThread "Service Thread" daemon [_thread_blocked, id=23299, stack(0x0000000170be0000,0x0000000170de3000)]
  0x000000012a00aa00 JavaThread "Monitor Deflation Thread" daemon [_thread_blocked, id=23555, stack(0x0000000170dec000,0x0000000170fef000)]
  0x000000012a00b000 JavaThread "C2 CompilerThread0" daemon [_thread_blocked, id=41731, stack(0x0000000170ff8000,0x00000001711fb000)]
  0x000000012a00b600 JavaThread "C1 CompilerThread0" daemon [_thread_blocked, id=41475, stack(0x0000000171204000,0x0000000171407000)]
  0x000000012a013c00 JavaThread "Sweeper thread" daemon [_thread_blocked, id=24067, stack(0x0000000171410000,0x0000000171613000)]
  0x000000012d80b600 JavaThread "Common-Cleaner" daemon [_thread_blocked, id=40707, stack(0x000000017161c000,0x000000017181f000)]
  0x000000011f80d600 JavaThread "Monitor Ctrl-Break" daemon [_thread_in_native, id=24323, stack(0x0000000171828000,0x0000000171a2b000)]
  0x000000011a828c00 JavaThread "Notification Thread" daemon [_thread_blocked, id=24579, stack(0x0000000171a34000,0x0000000171c37000)]
  0x000000011f80b400 JavaThread "QuantumRenderer-0" daemon [_thread_blocked, id=25091, stack(0x0000000171e4c000,0x000000017204f000)]
=>0x000000012b855c00 JavaThread "InvokeLaterDispatcher" daemon [_thread_in_native, id=35339, stack(0x0000000172058000,0x000000017225b000)]
  0x000000012e09c400 JavaThread "JavaFX Application Thread" [_thread_in_native, id=259, stack(0x000000016edc8000,0x000000016f5c4000)]
  0x000000012b858e00 JavaThread "JavaFX-Launcher" [_thread_blocked, id=76039, stack(0x0000000172588000,0x000000017278b000)]
  0x000000012b87ca00 JavaThread "mysql-cj-abandoned-connection-cleanup" daemon [_thread_blocked, id=59139, stack(0x00000001731d0000,0x00000001733d3000)]
  0x000000012d92a000 JavaThread "Prism Font Disposer" daemon [_thread_blocked, id=60171, stack(0x00000001733dc000,0x00000001735df000)]
  0x000000012d8c0000 JavaThread "Attach Listener" daemon [_thread_blocked, id=88331, stack(0x0000000174230000,0x0000000174433000)]
  0x000000012d8c7400 JavaThread "Cleaner-0" daemon [_thread_blocked, id=51467, stack(0x000000017443c000,0x000000017463f000)]
  0x000000012e3d8a00 JavaThread "PulseTimer-CVDisplayLink thread" daemon [_thread_in_native, id=1431, stack(0x0000000172264000,0x00000001722e7000)]

Other Threads:
  0x000000011b6078b0 VMThread "VM Thread" [stack: 0x0000000170298000,0x000000017049b000] [id=17155]
  0x000000011b7169b0 WatcherThread "VM Periodic Task Thread" [stack: 0x0000000171c40000,0x0000000171e43000] [id=39939]
  0x000000011b604990 WorkerThread "GC Thread#0" [stack: 0x000000016f85c000,0x000000016fa5f000] [id=12291]
  0x000000010172f5d0 WorkerThread "GC Thread#1" [stack: 0x0000000172794000,0x0000000172997000] [id=56839]
  0x000000010172fa40 WorkerThread "GC Thread#2" [stack: 0x00000001729a0000,0x0000000172ba3000] [id=57859]
  0x00000001017302a0 WorkerThread "GC Thread#3" [stack: 0x0000000172bac000,0x0000000172daf000] [id=58115]
  0x0000000101730b00 WorkerThread "GC Thread#4" [stack: 0x0000000172db8000,0x0000000172fbb000] [id=58371]
  0x0000000101731360 WorkerThread "GC Thread#5" [stack: 0x0000000172fc4000,0x00000001731c7000] [id=72195]
  0x000000012b624ff0 WorkerThread "GC Thread#6" [stack: 0x00000001735e8000,0x00000001737eb000] [id=60419]
  0x000000012b625460 WorkerThread "GC Thread#7" [stack: 0x00000001737f4000,0x00000001739f7000] [id=60675]
  0x000000012b7056f0 ConcurrentGCThread "G1 Main Marker" [stack: 0x000000016fa68000,0x000000016fc6b000] [id=12547]
  0x000000011b604e00 WorkerThread "G1 Conc#0" [stack: 0x000000016fc74000,0x000000016fe77000] [id=13059]
  0x000000012c947ab0 WorkerThread "G1 Conc#1" [stack: 0x0000000173a00000,0x0000000173c03000] [id=70915]
  0x000000011b710700 ConcurrentGCThread "G1 Refine#0" [stack: 0x000000016fe80000,0x0000000170083000] [id=13571]
  0x000000012c80f390 ConcurrentGCThread "G1 Refine#1" [stack: 0x0000000173c0c000,0x0000000173e0f000] [id=60931]
  0x000000012b70c800 ConcurrentGCThread "G1 Refine#2" [stack: 0x0000000173e18000,0x000000017401b000] [id=61699]
  0x000000012c80fe00 ConcurrentGCThread "G1 Refine#3" [stack: 0x0000000174024000,0x0000000174227000] [id=62467]
  0x000000012b705f60 ConcurrentGCThread "G1 Service" [stack: 0x000000017008c000,0x000000017028f000] [id=14083]

Threads with active compile tasks:

VM state: not at safepoint (normal execution)

VM Mutex/Monitor currently owned by a thread: None

Heap address: 0x0000000700000000, size: 4096 MB, Compressed Oops mode: Zero based, Oop shift amount: 3

CDS archive(s) mapped at: [0x0000000800000000-0x0000000800ba8000-0x0000000800ba8000), size 12222464, SharedBaseAddress: 0x0000000800000000, ArchiveRelocationMode: 0.
Compressed class space mapped at: 0x0000000800c00000-0x0000000840c00000, reserved size: 1073741824
Narrow klass base: 0x0000000800000000, Narrow klass shift: 0, Narrow klass range: 0x100000000

GC Precious Log:
 CardTable entry size: 512
 Card Set container configuration: InlinePtr #cards 4 size 8 Array Of Cards #cards 16 size 48 Howl #buckets 8 coarsen threshold 3686 Howl Bitmap #cards 512 size 80 coarsen threshold 460 Card regions per heap region 1 cards per card region 4096
 CPUs: 8 total, 8 available
 Memory: 16384M
 Large Page Support: Disabled
 NUMA Support: Disabled
 Compressed Oops: Enabled (Zero based)
 Heap Region Size: 2M
 Heap Min Capacity: 8M
 Heap Initial Capacity: 256M
 Heap Max Capacity: 4G
 Pre-touch: Disabled
 Parallel Workers: 8
 Concurrent Workers: 2
 Concurrent Refinement Workers: 8
 Periodic GC: Disabled

Heap:
 garbage-first heap   total 61440K, used 29837K [0x0000000700000000, 0x0000000800000000)
  region size 2048K, 13 young (26624K), 4 survivors (8192K)
 Metaspace       used 24039K, committed 24448K, reserved 1114112K
  class space    used 3191K, committed 3392K, reserved 1048576K

Heap Regions: E=young(eden), S=young(survivor), O=old, HS=humongous(starts), HC=humongous(continues), CS=collection set, F=free, OA=open archive, CA=closed archive, TAMS=top-at-mark-start (previous, next)
|   0|0x0000000700000000, 0x0000000700200000, 0x0000000700200000|100%| O|  |TAMS 0x0000000700000000, 0x0000000700000000| Untracked 
|   1|0x0000000700200000, 0x000000070033b600, 0x0000000700400000| 61%| O|  |TAMS 0x0000000700200000, 0x0000000700200000| Complete 
|   2|0x0000000700400000, 0x0000000700600000, 0x0000000700600000|100%|HS|  |TAMS 0x0000000700400000, 0x0000000700400000| Complete 
|   3|0x0000000700600000, 0x0000000700600000, 0x0000000700800000|  0%| F|  |TAMS 0x0000000700600000, 0x0000000700600000| Untracked 
|   4|0x0000000700800000, 0x0000000700800000, 0x0000000700a00000|  0%| F|  |TAMS 0x0000000700800000, 0x0000000700800000| Untracked 
|   5|0x0000000700a00000, 0x0000000700a00000, 0x0000000700c00000|  0%| F|  |TAMS 0x0000000700a00000, 0x0000000700a00000| Untracked 
|   6|0x0000000700c00000, 0x0000000700c00000, 0x0000000700e00000|  0%| F|  |TAMS 0x0000000700c00000, 0x0000000700c00000| Untracked 
|   7|0x0000000700e00000, 0x0000000700e00000, 0x0000000701000000|  0%| F|  |TAMS 0x0000000700e00000, 0x0000000700e00000| Untracked 
|   8|0x0000000701000000, 0x0000000701000000, 0x0000000701200000|  0%| F|  |TAMS 0x0000000701000000, 0x0000000701000000| Untracked 
|   9|0x0000000701200000, 0x0000000701200000, 0x0000000701400000|  0%| F|  |TAMS 0x0000000701200000, 0x0000000701200000| Untracked 
|  10|0x0000000701400000, 0x0000000701400000, 0x0000000701600000|  0%| F|  |TAMS 0x0000000701400000, 0x0000000701400000| Untracked 
|  11|0x0000000701600000, 0x0000000701600000, 0x0000000701800000|  0%| F|  |TAMS 0x0000000701600000, 0x0000000701600000| Untracked 
|  12|0x0000000701800000, 0x0000000701800000, 0x0000000701a00000|  0%| F|  |TAMS 0x0000000701800000, 0x0000000701800000| Untracked 
|  13|0x0000000701a00000, 0x0000000701a00000, 0x0000000701c00000|  0%| F|  |TAMS 0x0000000701a00000, 0x0000000701a00000| Untracked 
|  14|0x0000000701c00000, 0x0000000701c00000, 0x0000000701e00000|  0%| F|  |TAMS 0x0000000701c00000, 0x0000000701c00000| Untracked 
|  15|0x0000000701e00000, 0x0000000701ebe170, 0x0000000702000000| 37%| E|  |TAMS 0x0000000701e00000, 0x0000000701e00000| Complete 
|  16|0x0000000702000000, 0x0000000702200000, 0x0000000702200000|100%| E|CS|TAMS 0x0000000702000000, 0x0000000702000000| Complete 
|  17|0x0000000702200000, 0x0000000702400000, 0x0000000702400000|100%| E|CS|TAMS 0x0000000702200000, 0x0000000702200000| Complete 
|  18|0x0000000702400000, 0x0000000702600000, 0x0000000702600000|100%| E|  |TAMS 0x0000000702400000, 0x0000000702400000| Complete 
|  19|0x0000000702600000, 0x0000000702800000, 0x0000000702800000|100%| E|CS|TAMS 0x0000000702600000, 0x0000000702600000| Complete 
|  20|0x0000000702800000, 0x0000000702a00000, 0x0000000702a00000|100%| E|CS|TAMS 0x0000000702800000, 0x0000000702800000| Complete 
|  21|0x0000000702a00000, 0x0000000702c00000, 0x0000000702c00000|100%| E|CS|TAMS 0x0000000702a00000, 0x0000000702a00000| Complete 
|  22|0x0000000702c00000, 0x0000000702e00000, 0x0000000702e00000|100%| E|CS|TAMS 0x0000000702c00000, 0x0000000702c00000| Complete 
| 101|0x000000070ca00000, 0x000000070cc00000, 0x000000070cc00000|100%| S|CS|TAMS 0x000000070ca00000, 0x000000070ca00000| Complete 
| 102|0x000000070cc00000, 0x000000070ce00000, 0x000000070ce00000|100%| S|CS|TAMS 0x000000070cc00000, 0x000000070cc00000| Complete 
| 103|0x000000070ce00000, 0x000000070d000000, 0x000000070d000000|100%| S|CS|TAMS 0x000000070ce00000, 0x000000070ce00000| Complete 
| 104|0x000000070d000000, 0x000000070d200000, 0x000000070d200000|100%| S|CS|TAMS 0x000000070d000000, 0x000000070d000000| Complete 
| 127|0x000000070fe00000, 0x0000000710000000, 0x0000000710000000|100%| E|CS|TAMS 0x000000070fe00000, 0x000000070fe00000| Complete 
|2046|0x00000007ffc00000, 0x00000007ffd74000, 0x00000007ffe00000| 72%|OA|  |TAMS 0x00000007ffd74000, 0x00000007ffc00000| Untracked 
|2047|0x00000007ffe00000, 0x00000007ffe74000, 0x0000000800000000| 22%|CA|  |TAMS 0x00000007ffe74000, 0x00000007ffe00000| Untracked 

Card table byte_map: [0x000000011936c000,0x0000000119b6c000] _byte_map_base: 0x0000000115b6c000

Marking Bits (Prev, Next): (CMBitMap*) 0x000000012c00c450, (CMBitMap*) 0x000000012c00c410
 Prev Bits: [0x0000000140000000, 0x0000000144000000)
 Next Bits: [0x000000011b800000, 0x000000011f800000)

Polling page: 0x00000001009c0000

Metaspace:

Usage:
  Non-class:     20.36 MB used.
      Class:      3.12 MB used.
       Both:     23.48 MB used.

Virtual space:
  Non-class space:       64.00 MB reserved,      20.56 MB ( 32%) committed,  1 nodes.
      Class space:        1.00 GB reserved,       3.31 MB ( <1%) committed,  1 nodes.
             Both:        1.06 GB reserved,      23.88 MB (  2%) committed. 

Chunk freelists:
   Non-Class:  3.22 MB
       Class:  633.00 KB
        Both:  3.84 MB

MaxMetaspaceSize: unlimited
CompressedClassSpaceSize: 1.00 GB
Initial GC threshold: 21.00 MB
Current GC threshold: 35.12 MB
CDS: on
MetaspaceReclaimPolicy: balanced
 - commit_granule_bytes: 65536.
 - commit_granule_words: 8192.
 - virtual_space_node_default_size: 8388608.
 - enlarge_chunks_in_place: 1.
 - new_chunks_are_fully_committed: 0.
 - uncommit_free_chunks: 1.
 - use_allocation_guard: 0.


Internal statistics:

num_allocs_failed_limit: 3.
num_arena_births: 344.
num_arena_deaths: 0.
num_vsnodes_births: 2.
num_vsnodes_deaths: 0.
num_space_committed: 382.
num_space_uncommitted: 0.
num_chunks_returned_to_freelist: 3.
num_chunks_taken_from_freelist: 966.
num_chunk_merges: 0.
num_chunk_splits: 695.
num_chunks_enlarged: 547.
num_inconsistent_stats: 0.

CodeHeap 'non-profiled nmethods': size=120032Kb used=1338Kb max_used=1338Kb free=118693Kb
 bounds [0x0000000111e34000, 0x00000001120a4000, 0x000000011936c000]
CodeHeap 'profiled nmethods': size=120016Kb used=6710Kb max_used=6710Kb free=113305Kb
 bounds [0x000000010a900000, 0x000000010af90000, 0x0000000111e34000]
CodeHeap 'non-nmethods': size=5712Kb used=1478Kb max_used=1532Kb free=4233Kb
 bounds [0x000000010a36c000, 0x000000010a5dc000, 0x000000010a900000]
 total_blobs=4099 nmethods=3225 adapters=789
 compilation: enabled
              stopped_count=0, restarted_count=0
 full_count=0

Compilation events (20 events):
Event: 3.381 Thread 0x000000012a00b600 3295       3       com.sun.marlin.TransformingPathConsumer2D$PathClipFilter::finishPath (34 bytes)
Event: 3.381 Thread 0x000000012a00b000 nmethod 3293 0x0000000111f82290 code [0x0000000111f82400, 0x0000000111f824b0]
Event: 3.381 Thread 0x000000012a00b600 nmethod 3295 0x000000010af87810 code [0x000000010af879c0, 0x000000010af87c58]
Event: 3.382 Thread 0x000000012a00b600 3296       3       com.sun.marlin.Renderer::closePath (61 bytes)
Event: 3.382 Thread 0x000000012a00b600 nmethod 3296 0x000000010af87d90 code [0x000000010af87f40, 0x000000010af88158]
Event: 3.382 Thread 0x000000012a00b600 3297       3       com.sun.marlin.IntArrayCache$Reference::putArray (55 bytes)
Event: 3.382 Thread 0x000000012a00b600 nmethod 3297 0x000000010af88210 code [0x000000010af88440, 0x000000010af88a38]
Event: 3.382 Thread 0x000000012a00b600 3300       3       com.sun.prism.es2.GLContext::pixelStorei (6 bytes)
Event: 3.383 Thread 0x000000012a00b600 nmethod 3300 0x000000010af88d10 code [0x000000010af88ec0, 0x000000010af89058]
Event: 3.383 Thread 0x000000012a00b600 3298       3       com.sun.prism.impl.BaseTexture::unlock (8 bytes)
Event: 3.383 Thread 0x000000012a00b600 nmethod 3298 0x000000010af89110 code [0x000000010af89300, 0x000000010af89618]
Event: 3.383 Thread 0x000000012a00b600 3299       3       com.sun.prism.impl.ManagedResource::unlock (15 bytes)
Event: 3.383 Thread 0x000000012a00b600 nmethod 3299 0x000000010af89790 code [0x000000010af89940, 0x000000010af89bd8]
Event: 3.384 Thread 0x000000012a00b600 3302       3       com.sun.javafx.geom.transform.AffineBase::calculateType (598 bytes)
Event: 3.385 Thread 0x000000012a00b600 nmethod 3302 0x000000010af89d10 code [0x000000010af89fc0, 0x000000010af8add8]
Event: 3.388 Thread 0x000000012a00b600 3303       3       java.util.concurrent.atomic.AtomicBoolean::set (14 bytes)
Event: 3.388 Thread 0x000000012a00b600 nmethod 3303 0x000000010af8af10 code [0x000000010af8b0c0, 0x000000010af8b268]
Event: 3.395 Thread 0x000000012a00b600 3304       3       javafx.scene.layout.Region::getBackground (11 bytes)
Event: 3.396 Thread 0x000000012a00b600 nmethod 3304 0x000000010af8b310 code [0x000000010af8b500, 0x000000010af8b998]
Event: 3.396 Thread 0x000000012a00b600 3306       3       com.sun.javafx.geom.transform.Affine3D::setTransform (101 bytes)

GC Heap History (4 events):
Event: 0.413 GC heap before
{Heap before GC invocations=0 (full 0):
 garbage-first heap   total 266240K, used 24480K [0x0000000700000000, 0x0000000800000000)
  region size 2048K, 11 young (22528K), 0 survivors (0K)
 Metaspace       used 7053K, committed 7232K, reserved 1114112K
  class space    used 868K, committed 960K, reserved 1048576K
}
Event: 0.415 GC heap after
{Heap after GC invocations=1 (full 0):
 garbage-first heap   total 266240K, used 4789K [0x0000000700000000, 0x0000000800000000)
  region size 2048K, 2 young (4096K), 2 survivors (4096K)
 Metaspace       used 7053K, committed 7232K, reserved 1114112K
  class space    used 868K, committed 960K, reserved 1048576K
}
Event: 1.065 GC heap before
{Heap before GC invocations=1 (full 0):
 garbage-first heap   total 266240K, used 43701K [0x0000000700000000, 0x0000000800000000)
  region size 2048K, 23 young (47104K), 2 survivors (4096K)
 Metaspace       used 21256K, committed 21504K, reserved 1114112K
  class space    used 2805K, committed 2944K, reserved 1048576K
}
Event: 1.070 GC heap after
{Heap after GC invocations=2 (full 0):
 garbage-first heap   total 266240K, used 13453K [0x0000000700000000, 0x0000000800000000)
  region size 2048K, 4 young (8192K), 4 survivors (8192K)
 Metaspace       used 21256K, committed 21504K, reserved 1114112K
  class space    used 2805K, committed 2944K, reserved 1048576K
}

Deoptimization events (20 events):
Event: 2.620 Thread 0x000000011f80b400 DEOPT PACKING pc=0x000000010af5fc74 sp=0x000000017204bce0
Event: 2.620 Thread 0x000000011f80b400 DEOPT UNPACKING pc=0x000000010a3aab7c sp=0x000000017204b940 mode 0
Event: 2.621 Thread 0x000000011f80b400 DEOPT PACKING pc=0x000000010af5fc74 sp=0x000000017204be00
Event: 2.621 Thread 0x000000011f80b400 DEOPT UNPACKING pc=0x000000010a3aab7c sp=0x000000017204ba60 mode 0
Event: 2.621 Thread 0x000000011f80b400 DEOPT PACKING pc=0x000000010af5fc74 sp=0x000000017204be00
Event: 2.621 Thread 0x000000011f80b400 DEOPT UNPACKING pc=0x000000010a3aab7c sp=0x000000017204ba60 mode 0
Event: 2.621 Thread 0x000000011f80b400 DEOPT PACKING pc=0x000000010af5fc74 sp=0x000000017204be00
Event: 2.621 Thread 0x000000011f80b400 DEOPT UNPACKING pc=0x000000010a3aab7c sp=0x000000017204ba60 mode 0
Event: 2.622 Thread 0x000000011f80b400 DEOPT PACKING pc=0x000000010af0ff8c sp=0x000000017204bf20
Event: 2.622 Thread 0x000000011f80b400 DEOPT UNPACKING pc=0x000000010a3aab7c sp=0x000000017204bb20 mode 0
Event: 2.622 Thread 0x000000011f80b400 DEOPT PACKING pc=0x000000010af5fc74 sp=0x000000017204be00
Event: 2.622 Thread 0x000000011f80b400 DEOPT UNPACKING pc=0x000000010a3aab7c sp=0x000000017204ba60 mode 0
Event: 2.622 Thread 0x000000011f80b400 DEOPT PACKING pc=0x000000010af5fc74 sp=0x000000017204be00
Event: 2.622 Thread 0x000000011f80b400 DEOPT UNPACKING pc=0x000000010a3aab7c sp=0x000000017204ba60 mode 0
Event: 3.066 Thread 0x000000011f80b400 DEOPT PACKING pc=0x000000010af0ff8c sp=0x000000017204d220
Event: 3.066 Thread 0x000000011f80b400 DEOPT UNPACKING pc=0x000000010a3aab7c sp=0x000000017204ce20 mode 0
Event: 3.097 Thread 0x000000011f80b400 DEOPT PACKING pc=0x000000010af0ff8c sp=0x000000017204d220
Event: 3.097 Thread 0x000000011f80b400 DEOPT UNPACKING pc=0x000000010a3aab7c sp=0x000000017204ce20 mode 0
Event: 3.382 Thread 0x000000011f80b400 DEOPT PACKING pc=0x000000010af161e0 sp=0x000000017204d340
Event: 3.382 Thread 0x000000011f80b400 DEOPT UNPACKING pc=0x000000010a3aab7c sp=0x000000017204cf60 mode 0

Classes loaded (20 events):
Event: 1.267 Loading class sun/util/locale/provider/TimeZoneNameUtility$TimeZoneNameGetter
Event: 1.267 Loading class sun/util/locale/provider/TimeZoneNameUtility$TimeZoneNameGetter done
Event: 1.267 Loading class sun/util/cldr/CLDRTimeZoneNameProviderImpl
Event: 1.268 Loading class sun/util/locale/provider/TimeZoneNameProviderImpl
Event: 1.268 Loading class sun/util/locale/provider/TimeZoneNameProviderImpl done
Event: 1.268 Loading class sun/util/cldr/CLDRTimeZoneNameProviderImpl done
Event: 1.268 Loading class sun/util/resources/cldr/TimeZoneNames
Event: 1.269 Loading class sun/util/resources/TimeZoneNamesBundle
Event: 1.269 Loading class sun/util/resources/OpenListResourceBundle
Event: 1.269 Loading class sun/util/resources/OpenListResourceBundle done
Event: 1.269 Loading class sun/util/resources/TimeZoneNamesBundle done
Event: 1.269 Loading class sun/util/resources/cldr/TimeZoneNames done
Event: 1.269 Loading class sun/util/resources/cldr/TimeZoneNames_en
Event: 1.269 Loading class sun/util/resources/cldr/TimeZoneNames_en done
Event: 1.270 Loading class sun/util/resources/cldr/TimeZoneNames_en_US
Event: 1.270 Loading class sun/util/resources/cldr/TimeZoneNames_en_US done
Event: 1.281 Loading class java/lang/FdLibm$Hypot
Event: 1.281 Loading class java/lang/FdLibm$Hypot done
Event: 1.281 Loading class java/lang/FdLibm
Event: 1.281 Loading class java/lang/FdLibm done

Classes unloaded (0 events):
No events

Classes redefined (0 events):
No events

Internal exceptions (20 events):
Event: 0.873 Thread 0x000000012e09c400 Exception <a 'java/lang/ClassNotFoundException'{0x000000070daf60c0}: com/sun/javafx/scene/control/skin/resources/controls_en> (0x000000070daf60c0) 
thrown [open/src/hotspot/share/prims/jni.cpp, line 535]
Event: 0.873 Thread 0x000000012e09c400 Exception <a 'java/lang/ClassNotFoundException'{0x000000070daf7058}: com/sun/javafx/scene/control/skin/resources/controls_en_US> (0x000000070daf7058) 
thrown [open/src/hotspot/share/prims/jni.cpp, line 535]
Event: 0.884 Thread 0x000000012e09c400 Exception <a 'java/lang/NoSuchMethodError'{0x000000070d87f818}: 'java.lang.Object java.lang.invoke.DirectMethodHandle$Holder.invokeInterface(java.lang.Object, java.lang.Object, java.lang.Object)'> (0x000000070d87f818) 
thrown [open/src/hotspot/share/interpreter/linkResolver.cpp, line 766]
Event: 0.884 Thread 0x000000012e09c400 Exception <a 'java/lang/IncompatibleClassChangeError'{0x000000070d882ed8}: Found class java.lang.Object, but interface was expected> (0x000000070d882ed8) 
thrown [open/src/hotspot/share/interpreter/linkResolver.cpp, line 833]
Event: 1.042 Thread 0x000000012e09c400 Exception <a 'java/lang/NoSuchMethodError'{0x000000070d541dc8}: 'double java.lang.invoke.DirectMethodHandle$Holder.invokeVirtual(java.lang.Object, java.lang.Object)'> (0x000000070d541dc8) 
thrown [open/src/hotspot/share/interpreter/linkResolver.cpp, line 766]
Event: 1.042 Thread 0x000000012e09c400 Exception <a 'java/lang/NoSuchMethodError'{0x000000070d546848}: 'double java.lang.invoke.DelegatingMethodHandle$Holder.reinvoke_L(java.lang.Object, java.lang.Object)'> (0x000000070d546848) 
thrown [open/src/hotspot/share/interpreter/linkResolver.cpp, line 766]
Event: 1.074 Thread 0x000000012e09c400 Exception <a 'java/lang/NoSuchMethodError'{0x000000070fe15080}: 'int java.lang.invoke.DirectMethodHandle$Holder.invokeSpecial(java.lang.Object, java.lang.Object, int)'> (0x000000070fe15080) 
thrown [open/src/hotspot/share/interpreter/linkResolver.cpp, line 766]
Event: 1.075 Thread 0x000000012e09c400 Exception <a 'java/lang/NoSuchMethodError'{0x000000070fe1c588}: 'int java.lang.invoke.DirectMethodHandle$Holder.invokeSpecial(java.lang.Object, java.lang.Object, java.lang.Object, int)'> (0x000000070fe1c588) 
thrown [open/src/hotspot/share/interpreter/linkResolver.cpp, line 766]
Event: 1.075 Thread 0x000000012e09c400 Exception <a 'java/lang/NoSuchMethodError'{0x000000070fe23f70}: 'int java.lang.invoke.DirectMethodHandle$Holder.invokeSpecial(java.lang.Object, java.lang.Object, java.lang.Object)'> (0x000000070fe23f70) 
thrown [open/src/hotspot/share/interpreter/linkResolver.cpp, line 766]
Event: 1.129 Thread 0x000000012e09c400 Exception <a 'java/lang/NoSuchMethodError'{0x0000000702b40530}: 'java.lang.Object java.lang.invoke.DirectMethodHandle$Holder.newInvokeSpecial(java.lang.Object, java.lang.Object, int)'> (0x0000000702b40530) 
thrown [open/src/hotspot/share/interpreter/linkResolver.cpp, line 766]
Event: 1.159 Thread 0x000000012e09c400 Exception <a 'java/lang/NoSuchMethodError'{0x0000000702b5daa8}: 'java.lang.Object java.lang.invoke.DirectMethodHandle$Holder.invokeSpecial(java.lang.Object, java.lang.Object, double, java.lang.Object, java.lang.Object)'> (0x0000000702b5daa8) 
thrown [open/src/hotspot/share/interpreter/linkResolver.cpp, line 766]
Event: 1.189 Thread 0x000000011f80b400 Exception <a 'java/lang/NoSuchMethodError'{0x0000000702724db8}: 'int java.lang.invoke.DirectMethodHandle$Holder.invokeStaticInit(java.lang.Object, java.lang.Object)'> (0x0000000702724db8) 
thrown [open/src/hotspot/share/interpreter/linkResolver.cpp, line 766]
Event: 1.281 Thread 0x000000011f80b400 Exception <a 'java/lang/NoSuchMethodError'{0x0000000702324b78}: 'java.lang.Object java.lang.invoke.DirectMethodHandle$Holder.invokeStaticInit(java.lang.Object, int)'> (0x0000000702324b78) 
thrown [open/src/hotspot/share/interpreter/linkResolver.cpp, line 766]
Event: 2.429 Thread 0x000000012e09c400 Exception <a 'java/lang/NoSuchMethodError'{0x0000000702109888}: 'long java.lang.invoke.DirectMethodHandle$Holder.invokeStatic(java.lang.Object, java.lang.Object, java.lang.Object)'> (0x0000000702109888) 
thrown [open/src/hotspot/share/interpreter/linkResolver.cpp, line 766]
Event: 2.429 Thread 0x000000012e09c400 Exception <a 'java/lang/NoSuchMethodError'{0x000000070210d028}: 'long java.lang.invoke.DirectMethodHandle$Holder.invokeStaticInit(java.lang.Object, java.lang.Object, java.lang.Object)'> (0x000000070210d028) 
thrown [open/src/hotspot/share/interpreter/linkResolver.cpp, line 766]
Event: 2.430 Thread 0x000000012e09c400 Exception <a 'java/lang/NoSuchMethodError'{0x0000000702125768}: 'java.lang.Object java.lang.invoke.DirectMethodHandle$Holder.newInvokeSpecial(java.lang.Object, java.lang.Object, long)'> (0x0000000702125768) 
thrown [open/src/hotspot/share/interpreter/linkResolver.cpp, line 766]
Event: 2.430 Thread 0x000000012e09c400 Exception <a 'java/lang/NoSuchMethodError'{0x0000000702129038}: 'java.lang.Object java.lang.invoke.Invokers$Holder.linkToTargetMethod(java.lang.Object, long, java.lang.Object)'> (0x0000000702129038) 
thrown [open/src/hotspot/share/interpreter/linkResolver.cpp, line 766]
Event: 2.581 Thread 0x000000012e09c400 Exception <a 'java/lang/NoSuchMethodError'{0x00000007021e8c78}: 'void java.lang.invoke.DirectMethodHandle$Holder.invokeSpecial(java.lang.Object, java.lang.Object, int)'> (0x00000007021e8c78) 
thrown [open/src/hotspot/share/interpreter/linkResolver.cpp, line 766]
Event: 2.582 Thread 0x000000012e09c400 Exception <a 'java/lang/NoSuchMethodError'{0x00000007021f0548}: 'void java.lang.invoke.DelegatingMethodHandle$Holder.reinvoke_L(java.lang.Object, java.lang.Object, int)'> (0x00000007021f0548) 
thrown [open/src/hotspot/share/interpreter/linkResolver.cpp, line 766]
Event: 2.587 Thread 0x000000012e09c400 Implicit null exception at 0x0000000111f411fc to 0x0000000111f4126c

VM Operations (20 events):
Event: 0.701 Executing VM operation: HandshakeAllThreads
Event: 0.701 Executing VM operation: HandshakeAllThreads done
Event: 1.031 Executing VM operation: HandshakeAllThreads
Event: 1.031 Executing VM operation: HandshakeAllThreads done
Event: 1.043 Executing VM operation: ICBufferFull
Event: 1.044 Executing VM operation: ICBufferFull done
Event: 1.065 Executing VM operation: CollectForMetadataAllocation
Event: 1.070 Executing VM operation: CollectForMetadataAllocation done
Event: 1.073 Executing VM operation: G1Concurrent
Event: 1.074 Executing VM operation: G1Concurrent done
Event: 1.076 Executing VM operation: G1Concurrent
Event: 1.077 Executing VM operation: G1Concurrent done
Event: 1.108 Executing VM operation: ICBufferFull
Event: 1.108 Executing VM operation: ICBufferFull done
Event: 1.249 Executing VM operation: ICBufferFull
Event: 1.249 Executing VM operation: ICBufferFull done
Event: 2.254 Executing VM operation: Cleanup
Event: 2.254 Executing VM operation: Cleanup done
Event: 2.592 Executing VM operation: ICBufferFull
Event: 2.592 Executing VM operation: ICBufferFull done

Events (20 events):
Event: 0.595 Protecting memory [0x0000000172264000,0x0000000172270000] with protection modes 3
Event: 0.595 Thread 0x000000012d900c00 Thread exited: 0x000000012d900c00
Event: 0.783 Loading shared library /Users/danielweiner/.m2/repository/org/openjfx/javafx-graphics/17.0.1/libjavafx_iio.dylib failed, dlopen(/Users/danielweiner/.m2/repository/org/openjfx/javafx-graphics/17.0.1/libjavafx_iio.dylib, 0x0001): tried: '/Users/danielweiner
Event: 0.802 Loaded shared library /Users/danielweiner/.openjfx/cache/17.0.1/libjavafx_iio.dylib
Event: 0.844 Protecting memory [0x0000000172264000,0x0000000172270000] with protection modes 0
Event: 0.844 Thread 0x000000012d904000 Thread added: 0x000000012d904000
Event: 1.036 Thread 0x000000012d92a000 Thread added: 0x000000012d92a000
Event: 1.036 Protecting memory [0x00000001733dc000,0x00000001733e8000] with protection modes 0
Event: 1.161 Thread 0x000000012d8c0000 Thread added: 0x000000012d8c0000
Event: 1.161 Protecting memory [0x0000000174230000,0x000000017423c000] with protection modes 0
Event: 1.199 Thread 0x000000012d8c7400 Thread added: 0x000000012d8c7400
Event: 1.199 Protecting memory [0x000000017443c000,0x0000000174448000] with protection modes 0
Event: 1.561 Protecting memory [0x0000000172264000,0x0000000172270000] with protection modes 3
Event: 1.561 Thread 0x000000012d904000 Thread exited: 0x000000012d904000
Event: 2.044 Protecting memory [0x0000000172264000,0x0000000172270000] with protection modes 0
Event: 2.044 Thread 0x000000012ba51000 Thread added: 0x000000012ba51000
Event: 2.328 Protecting memory [0x0000000172264000,0x0000000172270000] with protection modes 3
Event: 2.328 Thread 0x000000012ba51000 Thread exited: 0x000000012ba51000
Event: 2.428 Protecting memory [0x0000000172264000,0x0000000172270000] with protection modes 0
Event: 2.428 Thread 0x000000012e3d8a00 Thread added: 0x000000012e3d8a00


Dynamic libraries:
0x0000000100970000 	/Users/danielweiner/Library/Java/JavaVirtualMachines/openjdk-18/Contents/Home/lib/libjli.dylib
0x0000000196c28000 	/usr/lib/libz.1.dylib
0x0000000196cdf000 	/usr/lib/libSystem.B.dylib
0x0000000196cd9000 	/usr/lib/system/libcache.dylib
0x0000000196c97000 	/usr/lib/system/libcommonCrypto.dylib
0x0000000196cc0000 	/usr/lib/system/libcompiler_rt.dylib
0x0000000196cb7000 	/usr/lib/system/libcopyfile.dylib
0x000000018bf1f000 	/usr/lib/system/libcorecrypto.dylib
0x000000018bfd2000 	/usr/lib/system/libdispatch.dylib
0x000000018c1a0000 	/usr/lib/system/libdyld.dylib
0x0000000196ccf000 	/usr/lib/system/libkeymgr.dylib
0x0000000196c72000 	/usr/lib/system/libmacho.dylib
0x0000000196367000 	/usr/lib/system/libquarantine.dylib
0x0000000196ccc000 	/usr/lib/system/libremovefile.dylib
0x0000000191308000 	/usr/lib/system/libsystem_asl.dylib
0x000000018bec1000 	/usr/lib/system/libsystem_blocks.dylib
0x000000018c05a000 	/usr/lib/system/libsystem_c.dylib
0x0000000196cc4000 	/usr/lib/system/libsystem_collections.dylib
0x00000001957f5000 	/usr/lib/system/libsystem_configuration.dylib
0x0000000194a51000 	/usr/lib/system/libsystem_containermanager.dylib
0x00000001969d4000 	/usr/lib/system/libsystem_coreservices.dylib
0x000000018e8c8000 	/usr/lib/system/libsystem_darwin.dylib
0x0000000196cd0000 	/usr/lib/system/libsystem_dnssd.dylib
0x000000018c057000 	/usr/lib/system/libsystem_featureflags.dylib
0x000000018c1b5000 	/usr/lib/system/libsystem_info.dylib
0x0000000196c3a000 	/usr/lib/system/libsystem_m.dylib
0x000000018bfa7000 	/usr/lib/system/libsystem_malloc.dylib
0x0000000191297000 	/usr/lib/system/libsystem_networkextension.dylib
0x000000018ed21000 	/usr/lib/system/libsystem_notify.dylib
0x000000019d01d000 	/usr/lib/system/libsystem_product_info_filter.dylib
0x00000001957fa000 	/usr/lib/system/libsystem_sandbox.dylib
0x0000000196cc9000 	/usr/lib/system/libsystem_secinit.dylib
0x000000018c15b000 	/usr/lib/system/libsystem_kernel.dylib
0x000000018c1ad000 	/usr/lib/system/libsystem_platform.dylib
0x000000018c193000 	/usr/lib/system/libsystem_pthread.dylib
0x0000000192a60000 	/usr/lib/system/libsystem_symptoms.dylib
0x000000018bf05000 	/usr/lib/system/libsystem_trace.dylib
0x0000000196ca4000 	/usr/lib/system/libunwind.dylib
0x000000018bec3000 	/usr/lib/system/libxpc.dylib
0x000000018c143000 	/usr/lib/libc++abi.dylib
0x000000018c019000 	/usr/lib/libobjc.A.dylib
0x0000000196caf000 	/usr/lib/liboah.dylib
0x000000018c0dc000 	/usr/lib/libc++.1.dylib
0x00000001a2b36000 	/System/Library/Frameworks/Cocoa.framework/Versions/A/Cocoa
0x000000018ed82000 	/System/Library/Frameworks/AppKit.framework/Versions/C/AppKit
0x0000000192288000 	/System/Library/Frameworks/CoreData.framework/Versions/A/CoreData
0x000000018d0dd000 	/System/Library/Frameworks/Foundation.framework/Versions/C/Foundation
0x000000018fc3a000 	/System/Library/PrivateFrameworks/UIFoundation.framework/Versions/A/UIFoundation
0x000000019cd17000 	/System/Library/PrivateFrameworks/RemoteViewServices.framework/Versions/A/RemoteViewServices
0x000000019519d000 	/System/Library/PrivateFrameworks/XCTTargetBootstrap.framework/Versions/A/XCTTargetBootstrap
0x0000000198a1b000 	/System/Library/PrivateFrameworks/InternationalSupport.framework/Versions/A/InternationalSupport
0x0000000198aa4000 	/System/Library/PrivateFrameworks/UserActivity.framework/Versions/A/UserActivity
0x0000000197f16000 	/usr/lib/libspindump.dylib
0x000000018feab000 	/System/Library/Frameworks/UniformTypeIdentifiers.framework/Versions/A/UniformTypeIdentifiers
0x00000001936e8000 	/usr/lib/libapp_launch_measurement.dylib
0x0000000192c12000 	/System/Library/PrivateFrameworks/CoreAnalytics.framework/Versions/A/CoreAnalytics
0x00000001936eb000 	/System/Library/PrivateFrameworks/CoreAutoLayout.framework/Versions/A/CoreAutoLayout
0x0000000194a8e000 	/System/Library/Frameworks/Metal.framework/Versions/A/Metal
0x0000000195805000 	/usr/lib/liblangid.dylib
0x00000001951a2000 	/System/Library/PrivateFrameworks/CoreSVG.framework/Versions/A/CoreSVG
0x000000019133c000 	/System/Library/PrivateFrameworks/SkyLight.framework/Versions/A/SkyLight
0x0000000191711000 	/System/Library/Frameworks/CoreGraphics.framework/Versions/A/CoreGraphics
0x000000019d3e3000 	/System/Library/Frameworks/Accelerate.framework/Versions/A/Accelerate
0x000000019798d000 	/System/Library/PrivateFrameworks/IconServices.framework/Versions/A/IconServices
0x0000000194a70000 	/System/Library/Frameworks/IOSurface.framework/Versions/A/IOSurface
0x0000000192c43000 	/usr/lib/libDiagnosticMessagesClient.dylib
0x00000001a08e4000 	/System/Library/Frameworks/ApplicationServices.framework/Versions/A/ApplicationServices
0x0000000195185000 	/System/Library/PrivateFrameworks/DFRFoundation.framework/Versions/A/DFRFoundation
0x000000018e612000 	/usr/lib/libicucore.A.dylib
0x00000001998c7000 	/System/Library/Frameworks/AudioToolbox.framework/Versions/A/AudioToolbox
0x0000000198a27000 	/System/Library/PrivateFrameworks/DataDetectorsCore.framework/Versions/A/DataDetectorsCore
0x00000001af367000 	/System/Library/PrivateFrameworks/TextInput.framework/Versions/A/TextInput
0x00000001912b1000 	/usr/lib/libMobileGestalt.dylib
0x0000000194e51000 	/System/Library/Frameworks/Carbon.framework/Versions/A/Frameworks/HIToolbox.framework/Versions/A/HIToolbox
0x00000001930c4000 	/System/Library/Frameworks/QuartzCore.framework/Versions/A/QuartzCore
0x000000018e295000 	/System/Library/Frameworks/Security.framework/Versions/A/Security
0x000000019cd57000 	/System/Library/Frameworks/Carbon.framework/Versions/A/Frameworks/SpeechRecognition.framework/Versions/A/SpeechRecognition
0x000000019343e000 	/System/Library/PrivateFrameworks/CoreUI.framework/Versions/A/CoreUI
0x000000018db72000 	/System/Library/Frameworks/CoreAudio.framework/Versions/A/CoreAudio
0x0000000192d38000 	/System/Library/Frameworks/DiskArbitration.framework/Versions/A/DiskArbitration
0x0000000198320000 	/System/Library/PrivateFrameworks/MultitouchSupport.framework/Versions/A/MultitouchSupport
0x00000001912af000 	/usr/lib/libenergytrace.dylib
0x000000018ec4a000 	/System/Library/Frameworks/IOKit.framework/Versions/A/IOKit
0x000000019d146000 	/System/Library/Frameworks/CoreServices.framework/Versions/A/CoreServices
0x0000000193678000 	/System/Library/PrivateFrameworks/PerformanceAnalysis.framework/Versions/A/PerformanceAnalysis
0x00000001ed64f000 	/System/Library/Frameworks/OpenGL.framework/Versions/A/OpenGL
0x000000019627f000 	/System/Library/PrivateFrameworks/MobileKeyBag.framework/Versions/A/MobileKeyBag
0x0000000191d1e000 	/System/Library/Frameworks/ColorSync.framework/Versions/A/ColorSync
0x000000018c1e2000 	/System/Library/Frameworks/CoreFoundation.framework/Versions/A/CoreFoundation
0x0000000195421000 	/System/Library/Frameworks/CoreImage.framework/Versions/A/CoreImage
0x000000018d996000 	/System/Library/Frameworks/CoreText.framework/Versions/A/CoreText
0x00000001951d2000 	/System/Library/Frameworks/ImageIO.framework/Versions/A/ImageIO
0x0000000196ce5000 	/System/Library/PrivateFrameworks/SoftLinking.framework/Versions/A/SoftLinking
0x0000000193736000 	/usr/lib/libxml2.2.dylib
0x0000000196f7e000 	/usr/lib/libcompression.dylib
0x0000000198977000 	/System/Library/PrivateFrameworks/TextureIO.framework/Versions/A/TextureIO
0x00000001976a6000 	/usr/lib/libate.dylib
0x000000019756b000 	/usr/lib/liblzma.5.dylib
0x000000018cdd1000 	/System/Library/Frameworks/SystemConfiguration.framework/Versions/A/SystemConfiguration
0x0000000196ce1000 	/usr/lib/libfakelink.dylib
0x0000000190de3000 	/System/Library/Frameworks/CFNetwork.framework/Versions/A/CFNetwork
0x0000000196e27000 	/usr/lib/libarchive.2.dylib
0x0000000195801000 	/System/Library/PrivateFrameworks/AppleSystemInfo.framework/Versions/A/AppleSystemInfo
0x0000000196392000 	/usr/lib/libbsm.0.dylib
0x0000000190354000 	/usr/lib/libnetwork.dylib
0x0000000196c7b000 	/usr/lib/system/libkxld.dylib
0x0000000195fa5000 	/System/Library/PrivateFrameworks/IOMobileFramebuffer.framework/Versions/A/IOMobileFramebuffer
0x000000020af7b000 	/usr/lib/libCoreEntitlements.dylib
0x00000001969b6000 	/System/Library/PrivateFrameworks/AppleFSCompression.framework/Versions/A/AppleFSCompression
0x000000019637a000 	/usr/lib/libcoretls.dylib
0x0000000197584000 	/usr/lib/libcoretls_cfhelpers.dylib
0x0000000196f79000 	/usr/lib/libpam.2.dylib
0x0000000192677000 	/usr/lib/libsqlite3.dylib
0x00000001975ed000 	/usr/lib/libxar.1.dylib
0x00000001969c7000 	/usr/lib/libbz2.1.0.dylib
0x0000000196ce6000 	/usr/lib/libpcap.A.dylib
0x0000000192a57000 	/usr/lib/libdns_services.dylib
0x0000000196f4c000 	/usr/lib/libapple_nghttp2.dylib
0x0000000196d23000 	/usr/lib/libiconv.2.dylib
0x0000000196c71000 	/usr/lib/libcharset.1.dylib
0x00000001936b4000 	/System/Library/Frameworks/CoreServices.framework/Versions/A/Frameworks/FSEvents.framework/Versions/A/FSEvents
0x000000018e8d3000 	/System/Library/Frameworks/CoreServices.framework/Versions/A/Frameworks/CarbonCore.framework/Versions/A/CarbonCore
0x0000000192c98000 	/System/Library/Frameworks/CoreServices.framework/Versions/A/Frameworks/Metadata.framework/Versions/A/Metadata
0x00000001969da000 	/System/Library/Frameworks/CoreServices.framework/Versions/A/Frameworks/OSServices.framework/Versions/A/OSServices
0x0000000196ead000 	/System/Library/Frameworks/CoreServices.framework/Versions/A/Frameworks/SearchKit.framework/Versions/A/SearchKit
0x00000001929e6000 	/System/Library/Frameworks/CoreServices.framework/Versions/A/Frameworks/AE.framework/Versions/A/AE
0x000000018c728000 	/System/Library/Frameworks/CoreServices.framework/Versions/A/Frameworks/LaunchServices.framework/Versions/A/LaunchServices
0x0000000197514000 	/System/Library/Frameworks/CoreServices.framework/Versions/A/Frameworks/DictionaryServices.framework/Versions/A/DictionaryServices
0x00000001936c1000 	/System/Library/Frameworks/CoreServices.framework/Versions/A/Frameworks/SharedFileList.framework/Versions/A/SharedFileList
0x000000019636a000 	/usr/lib/libCheckFix.dylib
0x0000000191320000 	/System/Library/PrivateFrameworks/TCC.framework/Versions/A/TCC
0x0000000195807000 	/System/Library/PrivateFrameworks/CoreNLP.framework/Versions/A/CoreNLP
0x0000000192c46000 	/System/Library/PrivateFrameworks/MetadataUtilities.framework/Versions/A/MetadataUtilities
0x000000018ce8a000 	/usr/lib/libmecabra.dylib
0x00000001963a3000 	/usr/lib/libmecab.dylib
0x000000018ce56000 	/usr/lib/libCRFSuite.dylib
0x0000000196400000 	/usr/lib/libgermantok.dylib
0x0000000196f25000 	/usr/lib/libThaiTokenizer.dylib
0x0000000192d40000 	/System/Library/Frameworks/Accelerate.framework/Versions/A/Frameworks/vImage.framework/Versions/A/vImage
0x000000019d11d000 	/System/Library/Frameworks/Accelerate.framework/Versions/A/Frameworks/vecLib.framework/Versions/A/vecLib
0x0000000197632000 	/System/Library/Frameworks/Accelerate.framework/Versions/A/Frameworks/vecLib.framework/Versions/A/libvMisc.dylib
0x0000000195eac000 	/System/Library/Frameworks/Accelerate.framework/Versions/A/Frameworks/vecLib.framework/Versions/A/libvDSP.dylib
0x000000018cab1000 	/System/Library/Frameworks/Accelerate.framework/Versions/A/Frameworks/vecLib.framework/Versions/A/libBLAS.dylib
0x000000019704f000 	/System/Library/Frameworks/Accelerate.framework/Versions/A/Frameworks/vecLib.framework/Versions/A/libLAPACK.dylib
0x0000000196403000 	/System/Library/Frameworks/Accelerate.framework/Versions/A/Frameworks/vecLib.framework/Versions/A/libLinearAlgebra.dylib
0x0000000196f64000 	/System/Library/Frameworks/Accelerate.framework/Versions/A/Frameworks/vecLib.framework/Versions/A/libSparseBLAS.dylib
0x000000019704a000 	/System/Library/Frameworks/Accelerate.framework/Versions/A/Frameworks/vecLib.framework/Versions/A/libQuadrature.dylib
0x0000000195900000 	/System/Library/Frameworks/Accelerate.framework/Versions/A/Frameworks/vecLib.framework/Versions/A/libBNNS.dylib
0x000000018cd6f000 	/System/Library/Frameworks/Accelerate.framework/Versions/A/Frameworks/vecLib.framework/Versions/A/libSparse.dylib
0x00000001958f8000 	/System/Library/PrivateFrameworks/LinguisticData.framework/Versions/A/LinguisticData
0x000000018cd27000 	/System/Library/PrivateFrameworks/Lexicon.framework/Versions/A/Lexicon
0x000000019762a000 	/usr/lib/libChineseTokenizer.dylib
0x000000018d4ce000 	/System/Library/PrivateFrameworks/LanguageModeling.framework/Versions/A/LanguageModeling
0x0000000196f27000 	/System/Library/PrivateFrameworks/AppleSauce.framework/Versions/A/AppleSauce
0x0000000195f92000 	/System/Library/PrivateFrameworks/CoreEmoji.framework/Versions/A/CoreEmoji
0x0000000196e15000 	/usr/lib/libcmph.dylib
0x0000000193694000 	/System/Library/Frameworks/OpenDirectory.framework/Versions/A/Frameworks/CFOpenDirectory.framework/Versions/A/CFOpenDirectory
0x0000000193684000 	/System/Library/Frameworks/OpenDirectory.framework/Versions/A/OpenDirectory
0x0000000197586000 	/System/Library/PrivateFrameworks/APFS.framework/Versions/A/APFS
0x00000001962ba000 	/System/Library/Frameworks/SecurityFoundation.framework/Versions/A/SecurityFoundation
0x00000001975fc000 	/usr/lib/libutil.dylib
0x000000018ec0c000 	/System/Library/PrivateFrameworks/CoreServicesStore.framework/Versions/A/CoreServicesStore
0x0000000197600000 	/usr/lib/libxslt.1.dylib
0x000000019634e000 	/System/Library/PrivateFrameworks/BackgroundTaskManagement.framework/Versions/A/BackgroundTaskManagement
0x0000000198898000 	/System/Library/Frameworks/ImageIO.framework/Versions/A/Resources/libRadiance.dylib
0x00000001988a1000 	/System/Library/Frameworks/ImageIO.framework/Versions/A/Resources/libJPEG.dylib
0x00000001987f4000 	/System/Library/Frameworks/ImageIO.framework/Versions/A/Resources/libPng.dylib
0x0000000198816000 	/System/Library/Frameworks/ImageIO.framework/Versions/A/Resources/libTIFF.dylib
0x00000001988fc000 	/System/Library/Frameworks/ImageIO.framework/Versions/A/Resources/libGIF.dylib
0x0000000198230000 	/System/Library/Frameworks/ImageIO.framework/Versions/A/Resources/libJP2.dylib
0x0000000197952000 	/usr/lib/libexpat.1.dylib
0x00000001981eb000 	/System/Library/PrivateFrameworks/AppleJPEG.framework/Versions/A/AppleJPEG
0x0000000194d0d000 	/System/Library/PrivateFrameworks/FontServices.framework/libFontParser.dylib
0x000000019298b000 	/System/Library/PrivateFrameworks/RunningBoardServices.framework/Versions/A/RunningBoardServices
0x00000001a3209000 	/System/Library/PrivateFrameworks/IOSurfaceAccelerator.framework/Versions/A/IOSurfaceAccelerator
0x000000019831c000 	/System/Library/PrivateFrameworks/WatchdogClient.framework/Versions/A/WatchdogClient
0x000000018d5d2000 	/System/Library/Frameworks/CoreDisplay.framework/Versions/A/CoreDisplay
0x0000000194bf7000 	/System/Library/Frameworks/CoreMedia.framework/Versions/A/CoreMedia
0x0000000194a84000 	/System/Library/PrivateFrameworks/IOAccelerator.framework/Versions/A/IOAccelerator
0x0000000193824000 	/System/Library/Frameworks/CoreVideo.framework/Versions/A/CoreVideo
0x0000000196f77000 	/System/Library/Frameworks/MetalPerformanceShaders.framework/Versions/A/MetalPerformanceShaders
0x000000019835b000 	/System/Library/Frameworks/VideoToolbox.framework/Versions/A/VideoToolbox
0x00000001928cf000 	/System/Library/PrivateFrameworks/BaseBoard.framework/Versions/A/BaseBoard
0x000000019265d000 	/System/Library/PrivateFrameworks/ProtocolBuffer.framework/Versions/A/ProtocolBuffer
0x0000000198893000 	/System/Library/PrivateFrameworks/GPUWrangler.framework/Versions/A/GPUWrangler
0x0000000198873000 	/System/Library/PrivateFrameworks/IOPresentment.framework/Versions/A/IOPresentment
0x000000019889b000 	/System/Library/PrivateFrameworks/DSExternalDisplay.framework/Versions/A/DSExternalDisplay
0x00000001ed642000 	/System/Library/Frameworks/OpenGL.framework/Versions/A/Libraries/libCoreFSCache.dylib
0x00000001f7b01000 	/System/Library/PrivateFrameworks/GPUCompiler.framework/Versions/31001/Libraries/libGPUCompilerUtils.dylib
0x0000000198901000 	/System/Library/PrivateFrameworks/CMCaptureCore.framework/Versions/A/CMCaptureCore
0x0000000197f03000 	/System/Library/PrivateFrameworks/AppServerSupport.framework/Versions/A/AppServerSupport
0x000000019a184000 	/System/Library/PrivateFrameworks/perfdata.framework/Versions/A/perfdata
0x000000018d6f2000 	/System/Library/PrivateFrameworks/AudioToolboxCore.framework/Versions/A/AudioToolboxCore
0x0000000194bd0000 	/System/Library/PrivateFrameworks/caulk.framework/Versions/A/caulk
0x0000000199a79000 	/usr/lib/libAudioStatistics.dylib
0x00000001ab9ce000 	/System/Library/PrivateFrameworks/SystemPolicy.framework/Versions/A/SystemPolicy
0x0000000199ce5000 	/usr/lib/libSMC.dylib
0x00000001a2a18000 	/System/Library/Frameworks/CoreMIDI.framework/Versions/A/CoreMIDI
0x00000001987c2000 	/usr/lib/libAudioToolboxUtility.dylib
0x00000001a7a9b000 	/System/Library/PrivateFrameworks/OSAServicesClient.framework/Versions/A/OSAServicesClient
0x000000019a191000 	/usr/lib/libperfcheck.dylib
0x00000001ac4e6000 	/usr/lib/libmis.dylib
0x00000001ed6a4000 	/System/Library/Frameworks/OpenGL.framework/Versions/A/Libraries/libGLU.dylib
0x00000001ed663000 	/System/Library/Frameworks/OpenGL.framework/Versions/A/Libraries/libGFXShared.dylib
0x00000001ed850000 	/System/Library/Frameworks/OpenGL.framework/Versions/A/Libraries/libGL.dylib
0x00000001ed66c000 	/System/Library/Frameworks/OpenGL.framework/Versions/A/Libraries/libGLImage.dylib
0x00000001ed660000 	/System/Library/Frameworks/OpenGL.framework/Versions/A/Libraries/libCVMSPluginSupport.dylib
0x00000001ed649000 	/System/Library/Frameworks/OpenGL.framework/Versions/A/Libraries/libCoreVMClient.dylib
0x0000000195781000 	/System/Library/Frameworks/MetalPerformanceShaders.framework/Versions/A/Frameworks/MPSCore.framework/Versions/A/MPSCore
0x0000000196929000 	/System/Library/Frameworks/MetalPerformanceShaders.framework/Versions/A/Frameworks/MPSImage.framework/Versions/A/MPSImage
0x0000000196418000 	/System/Library/Frameworks/MetalPerformanceShaders.framework/Versions/A/Frameworks/MPSNeuralNetwork.framework/Versions/A/MPSNeuralNetwork
0x0000000196851000 	/System/Library/Frameworks/MetalPerformanceShaders.framework/Versions/A/Frameworks/MPSMatrix.framework/Versions/A/MPSMatrix
0x000000019662a000 	/System/Library/Frameworks/MetalPerformanceShaders.framework/Versions/A/Frameworks/MPSRayIntersector.framework/Versions/A/MPSRayIntersector
0x0000000196882000 	/System/Library/Frameworks/MetalPerformanceShaders.framework/Versions/A/Frameworks/MPSNDArray.framework/Versions/A/MPSNDArray
0x00000001ef7bb000 	/System/Library/Frameworks/MetalPerformanceShaders.framework/Versions/A/Frameworks/MPSFunctions.framework/Versions/A/MPSFunctions
0x000000018c988000 	/System/Library/PrivateFrameworks/MetalTools.framework/Versions/A/MetalTools
0x00000001957ff000 	/System/Library/PrivateFrameworks/AggregateDictionary.framework/Versions/A/AggregateDictionary
0x0000000197737000 	/usr/lib/libIOReport.dylib
0x00000001a1a36000 	/System/Library/PrivateFrameworks/ASEProcessing.framework/Versions/A/ASEProcessing
0x0000000197aac000 	/System/Library/PrivateFrameworks/FaceCore.framework/Versions/A/FaceCore
0x0000000197a9e000 	/System/Library/PrivateFrameworks/GraphVisualizer.framework/Versions/A/GraphVisualizer
0x00000001f7a18000 	/System/Library/PrivateFrameworks/FontServices.framework/Versions/A/FontServices
0x0000000197ebf000 	/System/Library/PrivateFrameworks/OTSVG.framework/Versions/A/OTSVG
0x00000001933ee000 	/System/Library/Frameworks/ApplicationServices.framework/Versions/A/Frameworks/ATS.framework/Versions/A/Resources/libFontRegistry.dylib
0x0000000197f0c000 	/System/Library/PrivateFrameworks/FontServices.framework/libhvf.dylib
0x00000001f7a19000 	/System/Library/PrivateFrameworks/FontServices.framework/libXTFontStaticRegistryData.dylib
0x00000001ed9f1000 	/System/Library/Frameworks/OpenCL.framework/Versions/A/OpenCL
0x0000000197906000 	/System/Library/PrivateFrameworks/AppleVA.framework/Versions/A/AppleVA
0x0000000199aa1000 	/System/Library/Frameworks/ApplicationServices.framework/Versions/A/Frameworks/ATS.framework/Versions/A/ATS
0x0000000191e1b000 	/System/Library/Frameworks/ApplicationServices.framework/Versions/A/Frameworks/HIServices.framework/Versions/A/HIServices
0x000000019890b000 	/System/Library/Frameworks/ApplicationServices.framework/Versions/A/Frameworks/PrintCore.framework/Versions/A/PrintCore
0x0000000199e38000 	/System/Library/Frameworks/ApplicationServices.framework/Versions/A/Frameworks/QD.framework/Versions/A/QD
0x0000000199e30000 	/System/Library/Frameworks/ApplicationServices.framework/Versions/A/Frameworks/ColorSyncLegacy.framework/Versions/A/ColorSyncLegacy
0x0000000199a8d000 	/System/Library/Frameworks/ApplicationServices.framework/Versions/A/Frameworks/SpeechSynthesis.framework/Versions/A/SpeechSynthesis
0x00000001988cc000 	/System/Library/Frameworks/ApplicationServices.framework/Versions/A/Frameworks/ATSUI.framework/Versions/A/ATSUI
0x0000000199dc5000 	/usr/lib/libcups.2.dylib
0x000000019a19f000 	/System/Library/Frameworks/Kerberos.framework/Versions/A/Kerberos
0x000000019a1b0000 	/System/Library/Frameworks/GSS.framework/Versions/A/GSS
0x0000000199b11000 	/usr/lib/libresolv.9.dylib
0x0000000197f1b000 	/System/Library/PrivateFrameworks/Heimdal.framework/Versions/A/Heimdal
0x00000001a0c6b000 	/System/Library/Frameworks/Kerberos.framework/Versions/A/Libraries/libHeimdalProxy.dylib
0x0000000192a69000 	/System/Library/Frameworks/Network.framework/Versions/A/Network
0x000000019796d000 	/usr/lib/libheimdal-asn1.dylib
0x000000019a200000 	/System/Library/PrivateFrameworks/CommonAuth.framework/Versions/A/CommonAuth
0x0000000199a07000 	/System/Library/PrivateFrameworks/AudioSession.framework/Versions/A/AudioSession
0x00000001979ff000 	/System/Library/PrivateFrameworks/MediaExperience.framework/Versions/A/MediaExperience
0x000000019988d000 	/System/Library/PrivateFrameworks/AudioSession.framework/libSessionUtility.dylib
0x0000000199e44000 	/System/Library/PrivateFrameworks/AudioResourceArbitration.framework/Versions/A/AudioResourceArbitration
0x000000019dffa000 	/System/Library/PrivateFrameworks/PowerLog.framework/Versions/A/PowerLog
0x0000000197977000 	/System/Library/PrivateFrameworks/IconFoundation.framework/Versions/A/IconFoundation
0x000000019cd43000 	/System/Library/PrivateFrameworks/SpeechRecognitionCore.framework/Versions/A/SpeechRecognitionCore
0x0000000101b34000 	/Users/danielweiner/Library/Java/JavaVirtualMachines/openjdk-18/Contents/Home/lib/server/libjvm.dylib
0x00000001009d4000 	/Users/danielweiner/Library/Java/JavaVirtualMachines/openjdk-18/Contents/Home/lib/libjimage.dylib
0x0000000100a00000 	/Users/danielweiner/Library/Java/JavaVirtualMachines/openjdk-18/Contents/Home/lib/libinstrument.dylib
0x0000000100a4c000 	/Users/danielweiner/Library/Java/JavaVirtualMachines/openjdk-18/Contents/Home/lib/libjava.dylib
0x0000000100ac0000 	/Users/danielweiner/Library/Java/JavaVirtualMachines/openjdk-18/Contents/Home/lib/libnio.dylib
0x0000000100ae0000 	/Users/danielweiner/Library/Java/JavaVirtualMachines/openjdk-18/Contents/Home/lib/libnet.dylib
0x0000000100a34000 	/Users/danielweiner/Library/Java/JavaVirtualMachines/openjdk-18/Contents/Home/lib/libzip.dylib
0x0000000100b00000 	/Users/danielweiner/.openjfx/cache/17.0.1/libprism_es2.dylib
0x000000018ebcf000 	/System/Library/PrivateFrameworks/CoreServicesInternal.framework/Versions/A/CoreServicesInternal
0x00000001ed85a000 	/System/Library/Frameworks/OpenGL.framework/Versions/A/Resources/GLEngine.bundle/GLEngine
0x00000001ed6e2000 	/System/Library/Frameworks/OpenGL.framework/Versions/A/Libraries/libGLProgrammability.dylib
0x0000000101a3c000 	/System/Library/Extensions/AppleMetalOpenGLRenderer.bundle/Contents/MacOS/AppleMetalOpenGLRenderer
0x00000001ed9c9000 	/System/Library/Frameworks/OpenGL.framework/Versions/A/Resources/GLRendererFloat.bundle/GLRendererFloat
0x00000001edac9000 	/System/Library/Extensions/AGXMetal13_3.bundle/Contents/MacOS/AGXMetal13_3
0x00000001ac502000 	/System/Library/PrivateFrameworks/GPURawCounter.framework/Versions/A/GPURawCounter
0x00000001a6c0c000 	/System/Library/PrivateFrameworks/IOGPU.framework/Versions/A/IOGPU
0x000000011a54c000 	/Users/danielweiner/.openjfx/cache/17.0.1/libglass.dylib
0x000000019e252000 	/System/Library/Frameworks/FileProvider.framework/Versions/A/FileProvider
0x0000000192837000 	/System/Library/Frameworks/Accounts.framework/Versions/A/Accounts
0x000000019e3d6000 	/System/Library/PrivateFrameworks/GenerationalStorage.framework/Versions/A/GenerationalStorage
0x000000019ef99000 	/System/Library/PrivateFrameworks/CoreSymbolication.framework/Versions/A/CoreSymbolication
0x000000019dfee000 	/System/Library/PrivateFrameworks/SymptomDiagnosticReporter.framework/Versions/A/SymptomDiagnosticReporter
0x000000018febf000 	/System/Library/PrivateFrameworks/DesktopServicesPriv.framework/Versions/A/DesktopServicesPriv
0x000000018ed31000 	/usr/lib/libsandbox.1.dylib
0x00000001938b2000 	/System/Library/PrivateFrameworks/UserManagement.framework/Versions/A/UserManagement
0x000000019ef56000 	/System/Library/PrivateFrameworks/DebugSymbols.framework/Versions/A/DebugSymbols
0x0000000199e23000 	/System/Library/PrivateFrameworks/NetAuth.framework/Versions/A/NetAuth
0x000000019ad41000 	/System/Library/PrivateFrameworks/Sharing.framework/Versions/A/Sharing
0x0000000193882000 	/System/Library/PrivateFrameworks/login.framework/Versions/A/Frameworks/loginsupport.framework/Versions/A/loginsupport
0x00000001a018b000 	/System/Library/PrivateFrameworks/Apple80211.framework/Versions/A/Apple80211
0x0000000196a0d000 	/System/Library/PrivateFrameworks/AuthKit.framework/Versions/A/AuthKit
0x000000019608e000 	/System/Library/PrivateFrameworks/CoreUtils.framework/Versions/A/CoreUtils
0x0000000195fb1000 	/System/Library/Frameworks/CoreWLAN.framework/Versions/A/CoreWLAN
0x000000019aeb1000 	/System/Library/Frameworks/IOBluetooth.framework/Versions/A/IOBluetooth
0x00000001a01eb000 	/System/Library/PrivateFrameworks/CoreWiFi.framework/Versions/A/CoreWiFi
0x000000019eb36000 	/System/Library/PrivateFrameworks/FrontBoardServices.framework/Versions/A/FrontBoardServices
0x000000019ebce000 	/System/Library/PrivateFrameworks/BoardServices.framework/Versions/A/BoardServices
0x00000001962a8000 	/System/Library/PrivateFrameworks/AssertionServices.framework/Versions/A/AssertionServices
0x00000001a0368000 	/System/Library/PrivateFrameworks/BackBoardServices.framework/Versions/A/BackBoardServices
0x000000019a297000 	/System/Library/PrivateFrameworks/CorePhoneNumbers.framework/Versions/A/CorePhoneNumbers
0x000000019e11e000 	/System/Library/PrivateFrameworks/DiskManagement.framework/Versions/A/DiskManagement
0x000000019e021000 	/System/Library/PrivateFrameworks/AppleIDAuthSupport.framework/Versions/A/AppleIDAuthSupport
0x00000001f1fe2000 	/System/Library/PrivateFrameworks/AAAFoundation.framework/Versions/A/AAAFoundation
0x000000019a276000 	/System/Library/PrivateFrameworks/KeychainCircle.framework/Versions/A/KeychainCircle
0x000000019e0ea000 	/System/Library/PrivateFrameworks/MediaKit.framework/Versions/A/MediaKit
0x000000019e02e000 	/System/Library/Frameworks/DiscRecording.framework/Versions/A/DiscRecording
0x0000000197882000 	/usr/lib/libCoreStorage.dylib
0x00000001a0665000 	/usr/lib/libcsfde.dylib
0x000000019af86000 	/System/Library/PrivateFrameworks/ProtectedCloudStorage.framework/Versions/A/ProtectedCloudStorage
0x00000001a065d000 	/System/Library/PrivateFrameworks/EFILogin.framework/Versions/A/EFILogin
0x000000019e3fd000 	/System/Library/PrivateFrameworks/OctagonTrust.framework/Versions/A/OctagonTrust
0x00000001f6bb3000 	/System/Library/PrivateFrameworks/CoreUtilsExtras.framework/Versions/A/CoreUtilsExtras
0x000000019df53000 	/System/Library/Frameworks/CoreBluetooth.framework/Versions/A/CoreBluetooth
0x00000001a0cf0000 	/System/Library/Frameworks/AudioUnit.framework/Versions/A/AudioUnit
0x000000019787a000 	/usr/lib/libMatch.1.dylib
0x00000001b09ae000 	/System/Library/Frameworks/Accelerate.framework/Versions/A/Frameworks/vImage.framework/Versions/A/Libraries/libCGInterfaces.dylib
0x000000011a7d4000 	/usr/lib/libobjc-trampolines.dylib
0x000000019357c000 	/System/Library/PrivateFrameworks/ViewBridge.framework/Versions/A/ViewBridge
0x00000001f2695000 	/System/Library/PrivateFrameworks/AccessibilityBundles.framework/Versions/A/AccessibilityBundles
0x0000000197fde000 	/System/Library/PrivateFrameworks/login.framework/Versions/A/login
0x000000012cfe0000 	/Users/danielweiner/.openjfx/cache/17.0.1/libjavafx_font.dylib
0x000000015ab00000 	/Users/danielweiner/.openjfx/cache/17.0.1/libjavafx_iio.dylib
0x000000020b0f9000 	/usr/lib/libRosetta.dylib


VM Arguments:
jvm_args: -javaagent:/Users/danielweiner/Library/Application Support/JetBrains/Toolbox/apps/IDEA-U/ch-0/221.5080.210/IntelliJ IDEA.app/Contents/lib/idea_rt.jar=49272:/Users/danielweiner/Library/Application Support/JetBrains/Toolbox/apps/IDEA-U/ch-0/221.5080.210/IntelliJ IDEA.app/Contents/bin -Dfile.encoding=UTF-8 --module-path=/Users/danielweiner/.m2/repository/org/openjfx/javafx-graphics/17.0.1/javafx-graphics-17.0.1-mac-aarch64.jar:/Users/danielweiner/Public/Drop Box/eclipse-workspace/JavaFinalProject/target/classes:/Users/danielweiner/.m2/repository/org/openjfx/javafx-base/17.0.1/javafx-base-17.0.1-mac-aarch64.jar:/Users/danielweiner/.m2/repository/org/openjfx/javafx-fxml/17.0.1/javafx-fxml-17.0.1-mac-aarch64.jar:/Users/danielweiner/.m2/repository/org/openjfx/javafx-controls/17.0.1/javafx-controls-17.0.1-mac-aarch64.jar -Djdk.module.main=com.example.javafinalproject 
java_command: com.example.javafinalproject/com.example.javafinalproject.Main
java_class_path (initial): /Users/danielweiner/.m2/repository/org/openjfx/javafx-controls/17.0.1/javafx-controls-17.0.1.jar:/Users/danielweiner/.m2/repository/org/openjfx/javafx-graphics/17.0.1/javafx-graphics-17.0.1.jar:/Users/danielweiner/.m2/repository/org/openjfx/javafx-base/17.0.1/javafx-base-17.0.1.jar:/Users/danielweiner/.m2/repository/org/openjfx/javafx-fxml/17.0.1/javafx-fxml-17.0.1.jar:/Users/danielweiner/Downloads/mysql-connector-java-8.0.29/mysql-connector-java-8.0.29.jar
Launcher Type: SUN_STANDARD

[Global flags]
     intx CICompilerCount                          = 4                                         {product} {ergonomic}
     uint ConcGCThreads                            = 2                                         {product} {ergonomic}
     uint G1ConcRefinementThreads                  = 8                                         {product} {ergonomic}
   size_t G1HeapRegionSize                         = 2097152                                   {product} {ergonomic}
    uintx GCDrainStackTargetSize                   = 64                                        {product} {ergonomic}
   size_t InitialHeapSize                          = 268435456                                 {product} {ergonomic}
   size_t MarkStackSize                            = 4194304                                   {product} {ergonomic}
   size_t MaxHeapSize                              = 4294967296                                {product} {ergonomic}
   size_t MaxNewSize                               = 2575302656                                {product} {ergonomic}
   size_t MinHeapDeltaBytes                        = 2097152                                   {product} {ergonomic}
   size_t MinHeapSize                              = 8388608                                   {product} {ergonomic}
    uintx NonNMethodCodeHeapSize                   = 5839564                                {pd product} {ergonomic}
    uintx NonProfiledCodeHeapSize                  = 122909338                              {pd product} {ergonomic}
    uintx ProfiledCodeHeapSize                     = 122909338                              {pd product} {ergonomic}
    uintx ReservedCodeCacheSize                    = 251658240                              {pd product} {ergonomic}
     bool SegmentedCodeCache                       = true                                      {product} {ergonomic}
   size_t SoftMaxHeapSize                          = 4294967296                             {manageable} {ergonomic}
     bool UseCompressedClassPointers               = true                           {product lp64_product} {ergonomic}
     bool UseCompressedOops                        = true                           {product lp64_product} {ergonomic}
     bool UseG1GC                                  = true                                      {product} {ergonomic}
     bool UseNUMA                                  = false                                     {product} {ergonomic}
     bool UseNUMAInterleaving                      = false                                     {product} {ergonomic}

Logging:
Log output configuration:
 #0: stdout all=warning uptime,level,tags foldmultilines=false
 #1: stderr all=off uptime,level,tags foldmultilines=false

Environment Variables:
PATH=/usr/local/bin:/usr/bin:/bin:/usr/sbin:/sbin
SHELL=/bin/zsh
LC_CTYPE=en_US.UTF-8

Signal Handlers:
   SIGSEGV: _ZL13crash_handleriP9__siginfoPv in libjvm.dylib, mask=11100110000111110111111111111111, flags=SA_RESTART|SA_SIGINFO
    SIGBUS: _ZL13crash_handleriP9__siginfoPv in libjvm.dylib, mask=11100110000111110111111111111111, flags=SA_RESTART|SA_SIGINFO
    SIGFPE: _ZL13crash_handleriP9__siginfoPv in libjvm.dylib, mask=11100110000111110111111111111111, flags=SA_RESTART|SA_SIGINFO
   SIGPIPE: _ZL17javaSignalHandleriP9__siginfoPv in libjvm.dylib, mask=11100110000111110111111111111111, flags=SA_RESTART|SA_SIGINFO
   SIGXFSZ: _ZL17javaSignalHandleriP9__siginfoPv in libjvm.dylib, mask=11100110000111110111111111111111, flags=SA_RESTART|SA_SIGINFO
    SIGILL: _ZL13crash_handleriP9__siginfoPv in libjvm.dylib, mask=11100110000111110111111111111111, flags=SA_RESTART|SA_SIGINFO
   SIGUSR2: _ZL10SR_handleriP9__siginfoP17__darwin_ucontext in libjvm.dylib, mask=00100000000000000000000000000000, flags=SA_RESTART|SA_SIGINFO
    SIGHUP: _ZL11UserHandleriPvS_ in libjvm.dylib, mask=11100110000111110111111111111111, flags=SA_RESTART|SA_SIGINFO
    SIGINT: _ZL11UserHandleriPvS_ in libjvm.dylib, mask=11100110000111110111111111111111, flags=SA_RESTART|SA_SIGINFO
   SIGTERM: _ZL11UserHandleriPvS_ in libjvm.dylib, mask=11100110000111110111111111111111, flags=SA_RESTART|SA_SIGINFO
   SIGQUIT: _ZL11UserHandleriPvS_ in libjvm.dylib, mask=11100110000111110111111111111111, flags=SA_RESTART|SA_SIGINFO
   SIGTRAP: _ZL13crash_handleriP9__siginfoPv in libjvm.dylib, mask=11100110000111110111111111111111, flags=SA_RESTART|SA_SIGINFO


---------------  S Y S T E M  ---------------

OS:
uname: Darwin 21.4.0 Darwin Kernel Version 21.4.0: Fri Mar 18 00:47:26 PDT 2022; root:xnu-8020.101.4~15/RELEASE_ARM64_T8101 arm64
OS uptime: 0 days 2:56 hours
rlimit (soft/hard): STACK 8176k/65520k , CORE 0k/infinity , NPROC 2666/4000 , NOFILE 10240/infinity , AS infinity/infinity , CPU infinity/infinity , DATA infinity/infinity , FSIZE infinity/infinity , MEMLOCK infinity/infinity , RSS infinity/infinity
load average: 2.99 1.87 1.40

CPU: total 8 (initial active 8) 0x61:0x0:0x1b588bb3:0, fp, simd, aes, pmull, crc, lse

Memory: 16k page, physical 16777216k(82336k free), swap 0k(0k free)

vm_info: OpenJDK 64-Bit Server VM (18+36-2087) for bsd-aarch64 JRE (18+36-2087), built on Feb 15 2022 09:36:38 by "mach5one" with clang Apple LLVM 12.0.0 (clang-1200.0.32.29)

END.
