#
# A fatal error has been detected by the Java Runtime Environment:
#
#  SIGBUS (0xa) at pc=0x000000010a14d4f0, pid=1530, tid=33803
#
# JRE version: OpenJDK Runtime Environment (18.0+36) (build 18+36-2087)
# Java VM: OpenJDK 64-Bit Server VM (18+36-2087, mixed mode, sharing, tiered, compressed oops, compressed class ptrs, g1 gc, bsd-aarch64)
# Problematic frame:
# v  ~StubRoutines::SafeFetchN
#
# No core dump will be written. Core dumps have been disabled. To enable core dumping, try "ulimit -c unlimited" before starting Java again
#
# If you would like to submit a bug report, please visit:
#   https://bugreport.java.com/bugreport/crash.jsp
# The crash happened outside the Java Virtual Machine in native code.
# See problematic frame for where to report the bug.
#

---------------  S U M M A R Y ------------

Command Line: -javaagent:/Users/danielweiner/Library/Application Support/JetBrains/Toolbox/apps/IDEA-U/ch-0/221.5080.210/IntelliJ IDEA.app/Contents/lib/idea_rt.jar=49474:/Users/danielweiner/Library/Application Support/JetBrains/Toolbox/apps/IDEA-U/ch-0/221.5080.210/IntelliJ IDEA.app/Contents/bin -Dfile.encoding=UTF-8 --module-path=/Users/danielweiner/.m2/repository/org/openjfx/javafx-graphics/17.0.1/javafx-graphics-17.0.1-mac-aarch64.jar:/Users/danielweiner/.m2/repository/org/openjfx/javafx-fxml/17.0.1/javafx-fxml-17.0.1-mac-aarch64.jar:/Users/danielweiner/Public/Drop Box/eclipse-workspace/JavaFinalProject/target/classes:/Users/danielweiner/.m2/repository/org/openjfx/javafx-base/17.0.1/javafx-base-17.0.1-mac-aarch64.jar:/Users/danielweiner/.m2/repository/org/openjfx/javafx-controls/17.0.1/javafx-controls-17.0.1-mac-aarch64.jar -Djdk.module.main=com.example.javafinalproject com.example.javafinalproject/com.example.javafinalproject.Main

Host: "MacBookPro17,1" arm64, 8 cores, 16G, Darwin 21.4.0, macOS 12.3.1 (21E258)
Time: Sun May  8 18:05:26 2022 EDT elapsed time: 6.166932 seconds (0d 0h 0m 6s)

---------------  T H R E A D  ---------------

Current thread (0x00000001578e3800):  JavaThread "InvokeLaterDispatcher" daemon [_thread_in_native, id=33803, stack(0x000000017259c000,0x000000017279f000)]

Stack: [0x000000017259c000,0x000000017279f000],  sp=0x000000017279e790,  free space=2057k
Native frames: (J=compiled Java code, j=interpreted, Vv=VM code, C=native code)
v  ~StubRoutines::SafeFetchN
V  [libjvm.dylib+0x7cdae4]  _ZN10OopStorage7releaseEPKP7oopDesc+0x20
V  [libjvm.dylib+0x4f522c]  jni_DeleteGlobalRef+0xd4
C  [libglass.dylib+0xab08]  -[GlassRunnable dealloc]+0x34
C  [Foundation+0x85618]  -[_NSThreadPerformInfo dealloc]+0x30
C  [Foundation+0x5198c]  -[NSObject(NSThreadPerformAdditions) performSelectorOnMainThread:withObject:waitUntilDone:]+0x88
C  0x744080010a1558ac
J 3511 c1 com.sun.glass.ui.mac.MacApplication.submitForLaterInvocation(Ljava/lang/Runnable;)V javafx.graphics (6 bytes) @ 0x000000010ade6cd8 [0x000000010ade6c40+0x0000000000000098]
C  0x000000070d00bd08

Java frames: (J=compiled Java code, j=interpreted, Vv=VM code)
j  com.sun.glass.ui.mac.MacApplication._submitForLaterInvocation(Ljava/lang/Runnable;)V+0 javafx.graphics
J 3511 c1 com.sun.glass.ui.mac.MacApplication.submitForLaterInvocation(Ljava/lang/Runnable;)V javafx.graphics (6 bytes) @ 0x000000010ade6cd8 [0x000000010ade6c40+0x0000000000000098]
j  com.sun.glass.ui.InvokeLaterDispatcher.run()V+82 javafx.graphics
v  ~StubRoutines::call_stub

siginfo: si_signo: 10 (SIGBUS), si_code: 1 (BUS_ADRALN), si_addr: 0x000000010a14d4f0

Register to memory mapping:

 x0=0x00000001376042c8 is a global jni handle
 x1=0x0 is NULL
 x2=0x0000000706403448 is an oop: com.sun.glass.ui.InvokeLaterDispatcher$Future 
{0x0000000706403448} - klass: 'com/sun/glass/ui/InvokeLaterDispatcher$Future'
 - ---- fields (total size 3 words):
 - private 'done' 'Z' @12  true
 - private final 'runnable' 'Ljava/lang/Runnable;' @16  a 'com/sun/javafx/application/PlatformImpl$$Lambda$89+0x0000000800c83150'{0x0000000705753df8} (e0aea7bf)
 - final synthetic 'this$0' 'Lcom/sun/glass/ui/InvokeLaterDispatcher;' @20  a 'com/sun/glass/ui/InvokeLaterDispatcher'{0x000000070d00bd08} (e1a017a1)
 x3=0x0 is NULL
 x4=0x00000000000130a8 is an unknown value
 x5=0x0 is NULL
 x6=0x0 is NULL
 x7=0x0 is NULL
 x8=0x000000010a14d4ec is at begin+0 in a stub
StubRoutines::SafeFetchN [0x000000010a14d4ec, 0x000000010a14d4f8] (12 bytes)
 x9=0x0 is NULL
x10=0x2010000030300000 is an unknown value
x11=0x0000000000000007 is an unknown value
x12=0x0000000000000004 is an unknown value
x13=0x000060000218c990 points into unknown readable memory: 0xb07b000190c17c40 | 40 7c c1 90 01 00 7b b0
x14=0x0000120000000000 is an unknown value
x15=0x000000012a79df98: OBJC_CLASS_$_GlassRunnable+0 in /Users/danielweiner/.openjfx/cache/17.0.1/libglass.dylib at 0x000000012a758000
x16=0x0000000190d810fc: pthread_getspecific+0 in /usr/lib/system/libsystem_pthread.dylib at 0x0000000190d7f000
x17=0x00006000024b8310 points into unknown readable memory: 0xfffffffffffffffe | fe ff ff ff ff ff ff ff
x18=0x0 is NULL
x19=0x0000600002499ab0 points into unknown readable memory: 0x0000600000d9d7c0 | c0 d7 d9 00 00 60 00 00
x20=0x00000001376040c0 points into unknown readable memory: 0x000000070cb84b08 | 08 4b b8 0c 07 00 00 00
x21=0x00000001376042c8 is a global jni handle
x22=0x00000001578e3800 is a thread
x23=0x0000000000000001 is an unknown value
x24=0x0000000137604280 is a global jni handle
x25=0x00000001024f2c98: _ZN12StubRoutines17_safefetchN_entryE+0 in /Users/danielweiner/Library/Java/JavaVirtualMachines/openjdk-18/Contents/Home/lib/server/libjvm.dylib at 0x0000000101914000
x26=0x0000000124920000 is pointing into metadata
x27=0x0 is NULL
x28=0x00000001578e3800 is a thread


Registers:
 x0=0x00000001376042c8  x1=0x0000000000000000  x2=0x0000000706403448  x3=0x0000000000000000
 x4=0x00000000000130a8  x5=0x0000000000000000  x6=0x0000000000000000  x7=0x0000000000000000
 x8=0x000000010a14d4ec  x9=0x0000000000000000 x10=0x2010000030300000 x11=0x0000000000000007
x12=0x0000000000000004 x13=0x000060000218c990 x14=0x0000120000000000 x15=0x000000012a79df98
x16=0x0000000190d810fc x17=0x00006000024b8310 x18=0x0000000000000000 x19=0x0000600002499ab0
x20=0x00000001376040c0 x21=0x00000001376042c8 x22=0x00000001578e3800 x23=0x0000000000000001
x24=0x0000000137604280 x25=0x00000001024f2c98 x26=0x0000000124920000 x27=0x0000000000000000
x28=0x00000001578e3800  fp=0x000000017279e7d0  lr=0x00000001020e08d8  sp=0x000000017279e790
pc=0x000000010a14d4f0 cpsr=0x0000000060001000
Top of Stack: (sp=0x000000017279e790)
0x000000017279e790:   0000000124920000 0000000000000001
0x000000017279e7a0:   000000017279e998 0000000000000000
0x000000017279e7b0:   00000001578e0090 00000001376042b0
0x000000017279e7c0:   00000001376042b0 0000600002499ab0
0x000000017279e7d0:   000000017279e810 00000001020e1ae4
0x000000017279e7e0:   0000000000000001 00000001376042b0
0x000000017279e7f0:   00000001578e0090 00000001376042b0
0x000000017279e800:   0000000000000001 00000001578dfe00
0x000000017279e810:   000000017279e850 0000000101e0922c
0x000000017279e820:   000000017279e998 0000600000d96540
0x000000017279e830:   0000600000d96550 00000001dae46be0
0x000000017279e840:   0000000000000000 0000600000d96550
0x000000017279e850:   000000017279e880 000000012a762b08
0x000000017279e860:   8e1a0342141400e1 0000000000000000
0x000000017279e870:   0000000000000000 0000600001a3ea80
0x000000017279e880:   000000017279e8c0 0000000191d4e618
0x000000017279e890:   000000017279e998 0000600000d96540
0x000000017279e8a0:   0000600000d96550 8e1a0342141400e1
0x000000017279e8b0:   0000000000000000 0000000000000000
0x000000017279e8c0:   000000017279e900 dd26800191d1a98c
0x000000017279e8d0:   000000017279e998 000000010a1547c0
0x000000017279e8e0:   0000000000000000 00000001024fa750
0x000000017279e8f0:   000000017279e910 000000010a153730
0x000000017279e900:   000000017279e970 744080010a1558ac
0x000000017279e910:   00000001578e3800 0000000000000000
0x000000017279e920:   000000017279e920 0000000000000000
0x000000017279e930:   000000017279e998 0000000124920000
0x000000017279e940:   000000070d1d1360 0000000000000000
0x000000017279e950:   0000000000000000 00000001248fb268
0x000000017279e960:   0000000000000000 000000017279e9a0
0x000000017279e970:   000000017279ea80 000000010ade6cd8
0x000000017279e980:   0000000000000000 0000000000000000 

Instructions: (pc=0x000000010a14d4f0)
0x000000010a14d3f0:   f2a04969 f2c00029 6d425935 1e640886
0x000000010a14d400:   0c402d31 1e6408c7 1f5654d0 1e6c1017
0x000000010a14d410:   1f5050d0 1f504cd0 1f5048d0 1e650af6
0x000000010a14d420:   1f50d8f6 1f5694d6 1f5158f6 1e762880
0x000000010a14d430:   36000501 1e614000 14000026 2e251ca5
0x000000010a14d440:   d29e3009 f2a04969 f2c00029 6d425d36
0x000000010a14d450:   1e600806 0c402d32 1f5758c7 1e6c101a
0x000000010a14d460:   1f4754c7 1e650805 1f4750c7 d2866668
0x000000010a14d470:   f2a7fa68 1f474cc7 1e6608c0 1f4748c7
0x000000010a14d480:   1e6e1019 eb08007f 540000ac 1f479400
0x000000010a14d490:   1f460340 1e603b20 1400000e d2a7fd29
0x000000010a14d4a0:   eb09007f 540000ac 51480069 d3607d29
0x000000010a14d4b0:   9e670121 14000002 1e6a5001 1f679417
0x000000010a14d4c0:   1f668742 1e613b23 1e773857 1e773860
0x000000010a14d4d0:   a8c17ff3 910003bf a8c17bfd d65f03c0
0x000000010a14d4e0:   b9400001 aa0103e0 d65f03c0 f9400001
0x000000010a14d4f0:   aa0103e0 d65f03c0 00000000 00000000
0x000000010a14d500:   00000000 00000000 00000000 00000000
0x000000010a14d510:   00000000 00000000 00000000 00000000
0x000000010a14d520:   00000000 00000000 00000000 00000000
0x000000010a14d530:   00000000 00000000 00000000 00000000
0x000000010a14d540:   00000000 00000000 00000000 00000000
0x000000010a14d550:   00000000 00000000 00000000 00000000
0x000000010a14d560:   00000000 00000000 00000000 00000000
0x000000010a14d570:   00000000 00000000 00000000 00000000
0x000000010a14d580:   00000000 00000000 00000000 00000000
0x000000010a14d590:   00000000 00000000 00000000 00000000
0x000000010a14d5a0:   00000000 00000000 00000000 00000000
0x000000010a14d5b0:   00000000 00000000 00000000 00000000
0x000000010a14d5c0:   00000000 00000000 00000000 00000000
0x000000010a14d5d0:   00000000 00000000 00000000 00000000
0x000000010a14d5e0:   00000000 00000000 00000000 00000000 


Stack slot to memory mapping:
stack at sp + 0 slots: 0x0000000124920000 is pointing into metadata
stack at sp + 1 slots: 0x0000000000000001 is an unknown value
stack at sp + 2 slots: 0x000000017279e998 is pointing into the stack for thread: 0x00000001578e3800
stack at sp + 3 slots: 0x0 is NULL
stack at sp + 4 slots: 0x00000001578e0090 points into unknown readable memory: 0x00000001024af370 | 70 f3 4a 02 01 00 00 00
stack at sp + 5 slots: 0x00000001376042b0 is a global jni handle
stack at sp + 6 slots: 0x00000001376042b0 is a global jni handle
stack at sp + 7 slots: 0x0000600002499ab0 points into unknown readable memory: 0x0000600000d9d7c0 | c0 d7 d9 00 00 60 00 00

StubRoutines::SafeFetchN [0x000000010a14d4ec, 0x000000010a14d4f8] (12 bytes)
[MachCode]
  0x000000010a14d4ec: 0100 40f9 | e003 01aa | c003 5fd6 
[/MachCode]

Compiled method (c1)    6178 3511       3       com.sun.glass.ui.mac.MacApplication::submitForLaterInvocation (6 bytes)
 total in heap  [0x000000010ade6a90,0x000000010ade6e58] = 968
 relocation     [0x000000010ade6be8,0x000000010ade6c20] = 56
 main code      [0x000000010ade6c40,0x000000010ade6d80] = 320
 stub code      [0x000000010ade6d80,0x000000010ade6dd8] = 88
 oops           [0x000000010ade6dd8,0x000000010ade6de0] = 8
 metadata       [0x000000010ade6de0,0x000000010ade6df8] = 24
 scopes data    [0x000000010ade6df8,0x000000010ade6e10] = 24
 scopes pcs     [0x000000010ade6e10,0x000000010ade6e50] = 64
 dependencies   [0x000000010ade6e50,0x000000010ade6e58] = 8

[Constant Pool (empty)]

[MachCode]
[Entry Point]
  # {method} {0x00000001248fb310} 'submitForLaterInvocation' '(Ljava/lang/Runnable;)V' in 'com/sun/glass/ui/mac/MacApplication'
  # this:     c_rarg1:c_rarg1 
                        = 'com/sun/glass/ui/mac/MacApplication'
  # parm0:    c_rarg2:c_rarg2 
                        = 'java/lang/Runnable'
  #           [sp+0x40]  (sp of caller)
  0x000000010ade6c40: 2808 40b9 | 3f01 086b | c001 0054 

  0x000000010ade6c4c: ;   {runtime_call ic_miss_stub}
  0x000000010ade6c4c: e89c ffd0 | 0801 0091 | 0001 1fd6 | 1f20 03d5 | 1f20 03d5 | 1f20 03d5 | 1f20 03d5 | 1f20 03d5 
  0x000000010ade6c6c: 1f20 03d5 | 1f20 03d5 | 1f20 03d5 | 1f20 03d5 | 1f20 03d5 
[Verified Entry Point]
  0x000000010ade6c80: 1f20 03d5 | e953 40d1 | 3f01 00f9 | ff03 01d1 | fd7b 03a9 

  0x000000010ade6c94: ;   {metadata(method data for {method} {0x00000001248fb310} 'submitForLaterInvocation' '(Ljava/lang/Runnable;)V' in 'com/sun/glass/ui/mac/MacApplication')}
  0x000000010ade6c94: 0077 9ed2 | 80b2 a4f2 | 2000 c0f2 | 03ac 40b9 | 6308 0011 | 03ac 00b9 | 6324 1f12 | 7f00 0071 
  0x000000010ade6cb4: e001 0054 | e003 01aa 

  0x000000010ade6cbc: ;   {metadata(method data for {method} {0x00000001248fb310} 'submitForLaterInvocation' '(Ljava/lang/Runnable;)V' in 'com/sun/glass/ui/mac/MacApplication')}
  0x000000010ade6cbc: 0377 9ed2 | 83b2 a4f2 | 2300 c0f2 | 6878 40f9 | 0805 0091 | 6878 00f9 

  0x000000010ade6cd4: ; ImmutableOopMap {}
                      ;*invokevirtual _submitForLaterInvocation {reexecute=0 rethrow=0 return_oop=0}
                      ; - com.sun.glass.ui.mac.MacApplication::submitForLaterInvocation@2 (line 348)
                      ;   {optimized virtual_call}
  0x000000010ade6cd4: 2b00 0094 | fd7b 43a9 | ff03 0191 

  0x000000010ade6ce0: ;   {poll_return}
  0x000000010ade6ce0: 889f 41f9 | ff63 28eb | 8801 0054 | c003 5fd6 

  0x000000010ade6cf0: ;   {metadata({method} {0x00000001248fb310} 'submitForLaterInvocation' '(Ljava/lang/Runnable;)V' in 'com/sun/glass/ui/mac/MacApplication')}
  0x000000010ade6cf0: 0862 96d2 | e891 a4f2 | 2800 c0f2 | e807 00f9 | 0800 8092 | e803 00f9 

  0x000000010ade6d08: ;   {runtime_call counter_overflow Runtime1 stub}
  0x000000010ade6d08: c8a2 ffd0 | 0801 0a91 

  0x000000010ade6d10: ; ImmutableOopMap {c_rarg1=Oop c_rarg2=Oop }
                      ;*synchronization entry
                      ; - com.sun.glass.ui.mac.MacApplication::submitForLaterInvocation@-1 (line 348)
  0x000000010ade6d10: 0001 3fd6 | e9ff ff17 

  0x000000010ade6d18: ;   {internal_word}
  0x000000010ade6d18: 48fe ff10 | 88ab 01f9 

  0x000000010ade6d20: ;   {runtime_call SafepointBlob}
  0x000000010ade6d20: 289d ff90 | 0801 1891 | 0001 1fd6 | 1f20 03d5 | 1f20 03d5 | 80e7 41f9 | 9fe7 01f9 | 9feb 01f9 
  0x000000010ade6d40: fd7b 43a9 | ff03 0191 

  0x000000010ade6d48: ;   {runtime_call unwind_exception Runtime1 stub}
  0x000000010ade6d48: 289e fff0 | 0801 2091 | 0001 1fd6 | 0000 0000 | 0000 0000 | 0000 0000 | 0000 0000 | 0000 0000 
  0x000000010ade6d68: 0000 0000 | 0000 0000 | 0000 0000 | 0000 0000 | 0000 0000 | 0000 0000 
[Stub Code]
  0x000000010ade6d80: ;   {no_reloc}
  0x000000010ade6d80: df3f 03d5 

  0x000000010ade6d84: ;   {metadata({method} {0x00000001248fb268} '_submitForLaterInvocation' '(Ljava/lang/Runnable;)V' in 'com/sun/glass/ui/mac/MacApplication')}
  0x000000010ade6d84: 0c4d 96d2 | ec91 a4f2 | 2c00 c0f2 | 0859 92d2 | 0843 a1f2 | 2800 c0f2 | 0001 1fd6 

  0x000000010ade6da0: ;   {trampoline_stub}
  0x000000010ade6da0: 4800 0058 | 0001 1fd6 | 806d de0a | 0100 0000 
[Exception Handler]
  0x000000010ade6db0: ;   {runtime_call handle_exception_from_callee Runtime1 stub}
  0x000000010ade6db0: a8a2 fff0 | 0801 1691 | 0001 3fd6 | c1d5 bbd4 | cb90 3302 | 0100 0000 
[Deopt Handler Code]
  0x000000010ade6dc8: 1e00 0010 

  0x000000010ade6dcc: ;   {runtime_call DeoptimizationBlob}
  0x000000010ade6dcc: 289d ff90 | 0801 2591 | 0001 1fd6 
[/MachCode]


---------------  P R O C E S S  ---------------

Threads class SMR info:
_java_thread_list=0x0000600000f97d00, length=21, elements={
0x0000000157813a00, 0x0000000158009c00, 0x0000000158008800, 0x0000000141008c00,
0x000000014100c400, 0x000000015800d000, 0x000000014100ca00, 0x000000015800d600,
0x0000000140808800, 0x00000001578da200, 0x000000015800b800, 0x000000013780a400,
0x000000015800a200, 0x00000001578e3800, 0x00000001578dfe00, 0x00000001579c5e00,
0x0000000141211800, 0x00000001581d5800, 0x0000000158226600, 0x0000000141222a00,
0x0000000142020e00
}

Java Threads: ( => current thread )
  0x0000000157813a00 JavaThread "main" [_thread_blocked, id=10243, stack(0x000000016f77c000,0x000000016f97f000)]
  0x0000000158009c00 JavaThread "Reference Handler" daemon [_thread_blocked, id=16643, stack(0x00000001705d0000,0x00000001707d3000)]
  0x0000000158008800 JavaThread "Finalizer" daemon [_thread_blocked, id=16899, stack(0x00000001707dc000,0x00000001709df000)]
  0x0000000141008c00 JavaThread "Signal Dispatcher" daemon [_thread_blocked, id=41731, stack(0x0000000170b00000,0x0000000170d03000)]
  0x000000014100c400 JavaThread "Service Thread" daemon [_thread_blocked, id=22275, stack(0x0000000170d0c000,0x0000000170f0f000)]
  0x000000015800d000 JavaThread "Monitor Deflation Thread" daemon [_thread_blocked, id=41219, stack(0x0000000170f18000,0x000000017111b000)]
  0x000000014100ca00 JavaThread "C2 CompilerThread0" daemon [_thread_blocked, id=22787, stack(0x0000000171124000,0x0000000171327000)]
  0x000000015800d600 JavaThread "C1 CompilerThread0" daemon [_thread_blocked, id=23299, stack(0x0000000171330000,0x0000000171533000)]
  0x0000000140808800 JavaThread "Sweeper thread" daemon [_thread_blocked, id=40451, stack(0x000000017153c000,0x000000017173f000)]
  0x00000001578da200 JavaThread "Common-Cleaner" daemon [_thread_blocked, id=40195, stack(0x0000000171748000,0x000000017194b000)]
  0x000000015800b800 JavaThread "Monitor Ctrl-Break" daemon [_thread_in_native, id=24323, stack(0x0000000171d6c000,0x0000000171f6f000)]
  0x000000013780a400 JavaThread "Notification Thread" daemon [_thread_blocked, id=38915, stack(0x0000000171f78000,0x000000017217b000)]
  0x000000015800a200 JavaThread "QuantumRenderer-0" daemon [_thread_blocked, id=38403, stack(0x0000000172390000,0x0000000172593000)]
=>0x00000001578e3800 JavaThread "InvokeLaterDispatcher" daemon [_thread_in_native, id=33803, stack(0x000000017259c000,0x000000017279f000)]
  0x00000001578dfe00 JavaThread "JavaFX Application Thread" [_thread_in_vm, id=259, stack(0x000000016eef4000,0x000000016f6f0000)]
  0x00000001579c5e00 JavaThread "JavaFX-Launcher" [_thread_blocked, id=56583, stack(0x0000000172a40000,0x0000000172c43000)]
  0x0000000141211800 JavaThread "mysql-cj-abandoned-connection-cleanup" daemon [_thread_blocked, id=72451, stack(0x0000000173714000,0x0000000173917000)]
  0x00000001581d5800 JavaThread "Prism Font Disposer" daemon [_thread_blocked, id=61707, stack(0x0000000173920000,0x0000000173b23000)]
  0x0000000158226600 JavaThread "Cleaner-0" daemon [_thread_blocked, id=88339, stack(0x0000000174568000,0x000000017476b000)]
  0x0000000141222a00 JavaThread "Attach Listener" daemon [_thread_blocked, id=88843, stack(0x0000000174774000,0x0000000174977000)]
  0x0000000142020e00 JavaThread "PulseTimer-CVDisplayLink thread" daemon [_thread_in_native, id=54055, stack(0x0000000171954000,0x00000001719d7000)]

Other Threads:
  0x000000015761a9b0 VMThread "VM Thread" [stack: 0x00000001703c4000,0x00000001705c7000] [id=16131]
  0x0000000101504950 WatcherThread "VM Periodic Task Thread" [stack: 0x0000000172184000,0x0000000172387000] [id=38659]
  0x0000000157609830 WorkerThread "GC Thread#0" [stack: 0x000000016f988000,0x000000016fb8b000] [id=12547]
  0x000000013761bcd0 WorkerThread "GC Thread#1" [stack: 0x0000000172cd8000,0x0000000172edb000] [id=60163]
  0x0000000101505ad0 WorkerThread "GC Thread#2" [stack: 0x0000000172ee4000,0x00000001730e7000] [id=73987]
  0x000000013761c140 WorkerThread "GC Thread#3" [stack: 0x00000001730f0000,0x00000001732f3000] [id=73475]
  0x0000000101505f90 WorkerThread "GC Thread#4" [stack: 0x00000001732fc000,0x00000001734ff000] [id=72963]
  0x0000000101506400 WorkerThread "GC Thread#5" [stack: 0x0000000173508000,0x000000017370b000] [id=72707]
  0x0000000137629010 WorkerThread "GC Thread#6" [stack: 0x0000000173b2c000,0x0000000173d2f000] [id=71427]
  0x0000000137629480 WorkerThread "GC Thread#7" [stack: 0x0000000173d38000,0x0000000173f3b000] [id=62211]
  0x0000000137704420 ConcurrentGCThread "G1 Main Marker" [stack: 0x000000016fb94000,0x000000016fd97000] [id=19715]
  0x0000000137704c90 WorkerThread "G1 Conc#0" [stack: 0x000000016fda0000,0x000000016ffa3000] [id=13315]
  0x000000015765ec00 WorkerThread "G1 Conc#1" [stack: 0x0000000174150000,0x0000000174353000] [id=70659]
  0x00000001576162a0 ConcurrentGCThread "G1 Refine#0" [stack: 0x000000016ffac000,0x00000001701af000] [id=14083]
  0x00000001376298f0 ConcurrentGCThread "G1 Refine#1" [stack: 0x0000000173f44000,0x0000000174147000] [id=70915]
  0x000000013770b6a0 ConcurrentGCThread "G1 Refine#2" [stack: 0x000000017435c000,0x000000017455f000] [id=63235]
  0x0000000157616b20 ConcurrentGCThread "G1 Service" [stack: 0x00000001701b8000,0x00000001703bb000] [id=14339]

Threads with active compile tasks:

VM state: not at safepoint (normal execution)

VM Mutex/Monitor currently owned by a thread: None

Heap address: 0x0000000700000000, size: 4096 MB, Compressed Oops mode: Zero based, Oop shift amount: 3

CDS archive(s) mapped at: [0x0000000800000000-0x0000000800ba8000-0x0000000800ba8000), size 12222464, SharedBaseAddress: 0x0000000800000000, ArchiveRelocationMode: 0.
Compressed class space mapped at: 0x0000000800c00000-0x0000000840c00000, reserved size: 1073741824
Narrow klass base: 0x0000000800000000, Narrow klass shift: 0, Narrow klass range: 0x100000000

GC Precious Log:
 CardTable entry size: 512
 Card Set container configuration: InlinePtr #cards 4 size 8 Array Of Cards #cards 16 size 48 Howl #buckets 8 coarsen threshold 3686 Howl Bitmap #cards 512 size 80 coarsen threshold 460 Card regions per heap region 1 cards per card region 4096
 CPUs: 8 total, 8 available
 Memory: 16384M
 Large Page Support: Disabled
 NUMA Support: Disabled
 Compressed Oops: Enabled (Zero based)
 Heap Region Size: 2M
 Heap Min Capacity: 8M
 Heap Initial Capacity: 256M
 Heap Max Capacity: 4G
 Pre-touch: Disabled
 Parallel Workers: 8
 Concurrent Workers: 2
 Concurrent Refinement Workers: 8
 Periodic GC: Disabled

Heap:
 garbage-first heap   total 122880K, used 52507K [0x0000000700000000, 0x0000000800000000)
  region size 2048K, 15 young (30720K), 4 survivors (8192K)
 Metaspace       used 24903K, committed 25280K, reserved 1114112K
  class space    used 3359K, committed 3520K, reserved 1048576K

Heap Regions: E=young(eden), S=young(survivor), O=old, HS=humongous(starts), HC=humongous(continues), CS=collection set, F=free, OA=open archive, CA=closed archive, TAMS=top-at-mark-start (previous, next)
|   0|0x0000000700000000, 0x0000000700200000, 0x0000000700200000|100%|HS|  |TAMS 0x0000000700200000, 0x0000000700000000| Complete 
|   1|0x0000000700200000, 0x0000000700400000, 0x0000000700400000|100%|HC|  |TAMS 0x0000000700400000, 0x0000000700200000| Complete 
|   2|0x0000000700400000, 0x0000000700600000, 0x0000000700600000|100%|HC|  |TAMS 0x0000000700600000, 0x0000000700400000| Complete 
|   3|0x0000000700600000, 0x0000000700800000, 0x0000000700800000|100%|HC|  |TAMS 0x0000000700800000, 0x0000000700600000| Complete 
|   4|0x0000000700800000, 0x0000000700a00000, 0x0000000700a00000|100%|HS|  |TAMS 0x0000000700a00000, 0x0000000700800000| Complete 
|   5|0x0000000700a00000, 0x0000000700c00000, 0x0000000700c00000|100%|HC|  |TAMS 0x0000000700c00000, 0x0000000700a00000| Complete 
|   6|0x0000000700c00000, 0x0000000700e00000, 0x0000000700e00000|100%|HC|  |TAMS 0x0000000700e00000, 0x0000000700c00000| Complete 
|   7|0x0000000700e00000, 0x0000000701000000, 0x0000000701000000|100%|HC|  |TAMS 0x0000000701000000, 0x0000000700e00000| Complete 
|   8|0x0000000701000000, 0x0000000701200000, 0x0000000701200000|100%|HC|  |TAMS 0x0000000701200000, 0x0000000701000000| Complete 
|   9|0x0000000701200000, 0x0000000701400000, 0x0000000701400000|100%|HC|  |TAMS 0x0000000701400000, 0x0000000701200000| Complete 
|  10|0x0000000701400000, 0x000000070155ec00, 0x0000000701600000| 68%| O|  |TAMS 0x0000000701400000, 0x0000000701400000| Complete 
|  11|0x0000000701600000, 0x0000000701800000, 0x0000000701800000|100%|HS|  |TAMS 0x0000000701600000, 0x0000000701600000| Complete 
|  12|0x0000000701800000, 0x0000000701800000, 0x0000000701a00000|  0%| F|  |TAMS 0x0000000701800000, 0x0000000701800000| Untracked 
|  13|0x0000000701a00000, 0x0000000701a00000, 0x0000000701c00000|  0%| F|  |TAMS 0x0000000701a00000, 0x0000000701a00000| Untracked 
|  14|0x0000000701c00000, 0x0000000701c00000, 0x0000000701e00000|  0%| F|  |TAMS 0x0000000701c00000, 0x0000000701c00000| Untracked 
|  15|0x0000000701e00000, 0x0000000701e00000, 0x0000000702000000|  0%| F|  |TAMS 0x0000000701e00000, 0x0000000701e00000| Untracked 
|  16|0x0000000702000000, 0x0000000702000000, 0x0000000702200000|  0%| F|  |TAMS 0x0000000702000000, 0x0000000702000000| Untracked 
|  17|0x0000000702200000, 0x0000000702200000, 0x0000000702400000|  0%| F|  |TAMS 0x0000000702200000, 0x0000000702200000| Untracked 
|  18|0x0000000702400000, 0x0000000702400000, 0x0000000702600000|  0%| F|  |TAMS 0x0000000702400000, 0x0000000702400000| Untracked 
|  19|0x0000000702600000, 0x0000000702600000, 0x0000000702800000|  0%| F|  |TAMS 0x0000000702600000, 0x0000000702600000| Untracked 
|  20|0x0000000702800000, 0x0000000702800000, 0x0000000702a00000|  0%| F|  |TAMS 0x0000000702800000, 0x0000000702800000| Untracked 
|  21|0x0000000702a00000, 0x0000000702a00000, 0x0000000702c00000|  0%| F|  |TAMS 0x0000000702a00000, 0x0000000702a00000| Untracked 
|  22|0x0000000702c00000, 0x0000000702c00000, 0x0000000702e00000|  0%| F|  |TAMS 0x0000000702c00000, 0x0000000702c00000| Untracked 
|  23|0x0000000702e00000, 0x0000000702e00000, 0x0000000703000000|  0%| F|  |TAMS 0x0000000702e00000, 0x0000000702e00000| Untracked 
|  24|0x0000000703000000, 0x0000000703000000, 0x0000000703200000|  0%| F|  |TAMS 0x0000000703000000, 0x0000000703000000| Untracked 
|  25|0x0000000703200000, 0x0000000703200000, 0x0000000703400000|  0%| F|  |TAMS 0x0000000703200000, 0x0000000703200000| Untracked 
|  26|0x0000000703400000, 0x0000000703400000, 0x0000000703600000|  0%| F|  |TAMS 0x0000000703400000, 0x0000000703400000| Untracked 
|  27|0x0000000703600000, 0x0000000703600000, 0x0000000703800000|  0%| F|  |TAMS 0x0000000703600000, 0x0000000703600000| Untracked 
|  28|0x0000000703800000, 0x0000000703800000, 0x0000000703a00000|  0%| F|  |TAMS 0x0000000703800000, 0x0000000703800000| Untracked 
|  29|0x0000000703a00000, 0x0000000703a00000, 0x0000000703c00000|  0%| F|  |TAMS 0x0000000703a00000, 0x0000000703a00000| Untracked 
|  30|0x0000000703c00000, 0x0000000703c00000, 0x0000000703e00000|  0%| F|  |TAMS 0x0000000703c00000, 0x0000000703c00000| Untracked 
|  31|0x0000000703e00000, 0x0000000703e00000, 0x0000000704000000|  0%| F|  |TAMS 0x0000000703e00000, 0x0000000703e00000| Untracked 
|  32|0x0000000704000000, 0x0000000704000000, 0x0000000704200000|  0%| F|  |TAMS 0x0000000704000000, 0x0000000704000000| Untracked 
|  33|0x0000000704200000, 0x0000000704200000, 0x0000000704400000|  0%| F|  |TAMS 0x0000000704200000, 0x0000000704200000| Untracked 
|  34|0x0000000704400000, 0x0000000704400000, 0x0000000704600000|  0%| F|  |TAMS 0x0000000704400000, 0x0000000704400000| Untracked 
|  35|0x0000000704600000, 0x0000000704600000, 0x0000000704800000|  0%| F|  |TAMS 0x0000000704600000, 0x0000000704600000| Untracked 
|  36|0x0000000704800000, 0x0000000704800000, 0x0000000704a00000|  0%| F|  |TAMS 0x0000000704800000, 0x0000000704800000| Untracked 
|  37|0x0000000704a00000, 0x0000000704a00000, 0x0000000704c00000|  0%| F|  |TAMS 0x0000000704a00000, 0x0000000704a00000| Untracked 
|  38|0x0000000704c00000, 0x0000000704c00000, 0x0000000704e00000|  0%| F|  |TAMS 0x0000000704c00000, 0x0000000704c00000| Untracked 
|  39|0x0000000704e00000, 0x0000000704e00000, 0x0000000705000000|  0%| F|  |TAMS 0x0000000704e00000, 0x0000000704e00000| Untracked 
|  40|0x0000000705000000, 0x0000000705000000, 0x0000000705200000|  0%| F|  |TAMS 0x0000000705000000, 0x0000000705000000| Untracked 
|  41|0x0000000705200000, 0x0000000705200000, 0x0000000705400000|  0%| F|  |TAMS 0x0000000705200000, 0x0000000705200000| Untracked 
|  42|0x0000000705400000, 0x0000000705400000, 0x0000000705600000|  0%| F|  |TAMS 0x0000000705400000, 0x0000000705400000| Untracked 
|  43|0x0000000705600000, 0x0000000705800000, 0x0000000705800000|100%| E|  |TAMS 0x0000000705600000, 0x0000000705600000| Complete 
|  44|0x0000000705800000, 0x0000000705a00000, 0x0000000705a00000|100%| E|CS|TAMS 0x0000000705800000, 0x0000000705800000| Complete 
|  45|0x0000000705a00000, 0x0000000705c00000, 0x0000000705c00000|100%| E|CS|TAMS 0x0000000705a00000, 0x0000000705a00000| Complete 
|  46|0x0000000705c00000, 0x0000000705e00000, 0x0000000705e00000|100%| E|CS|TAMS 0x0000000705c00000, 0x0000000705c00000| Complete 
|  47|0x0000000705e00000, 0x0000000706000000, 0x0000000706000000|100%| E|CS|TAMS 0x0000000705e00000, 0x0000000705e00000| Complete 
|  48|0x0000000706000000, 0x0000000706200000, 0x0000000706200000|100%| E|  |TAMS 0x0000000706000000, 0x0000000706000000| Complete 
|  49|0x0000000706200000, 0x0000000706400000, 0x0000000706400000|100%| E|CS|TAMS 0x0000000706200000, 0x0000000706200000| Complete 
|  50|0x0000000706400000, 0x0000000706600000, 0x0000000706600000|100%| E|CS|TAMS 0x0000000706400000, 0x0000000706400000| Complete 
|  51|0x0000000706600000, 0x0000000706800000, 0x0000000706800000|100%| E|CS|TAMS 0x0000000706600000, 0x0000000706600000| Complete 
|  52|0x0000000706800000, 0x0000000706a00000, 0x0000000706a00000|100%| E|CS|TAMS 0x0000000706800000, 0x0000000706800000| Complete 
| 101|0x000000070ca00000, 0x000000070cc00000, 0x000000070cc00000|100%| S|CS|TAMS 0x000000070ca00000, 0x000000070ca00000| Complete 
| 102|0x000000070cc00000, 0x000000070ce00000, 0x000000070ce00000|100%| S|CS|TAMS 0x000000070cc00000, 0x000000070cc00000| Complete 
| 103|0x000000070ce00000, 0x000000070d000000, 0x000000070d000000|100%| S|CS|TAMS 0x000000070ce00000, 0x000000070ce00000| Complete 
| 104|0x000000070d000000, 0x000000070d200000, 0x000000070d200000|100%| S|CS|TAMS 0x000000070d000000, 0x000000070d000000| Complete 
| 127|0x000000070fe00000, 0x0000000710000000, 0x0000000710000000|100%| E|CS|TAMS 0x000000070fe00000, 0x000000070fe00000| Complete 
|2046|0x00000007ffc00000, 0x00000007ffd74000, 0x00000007ffe00000| 72%|OA|  |TAMS 0x00000007ffd74000, 0x00000007ffc00000| Untracked 
|2047|0x00000007ffe00000, 0x00000007ffe74000, 0x0000000800000000| 22%|CA|  |TAMS 0x00000007ffe74000, 0x00000007ffe00000| Untracked 

Card table byte_map: [0x000000011914c000,0x000000011994c000] _byte_map_base: 0x000000011594c000

Marking Bits (Prev, Next): (CMBitMap*) 0x0000000137808a50, (CMBitMap*) 0x0000000137808a10
 Prev Bits: [0x000000011e14c000, 0x000000012214c000)
 Next Bits: [0x000000011a14c000, 0x000000011e14c000)

Polling page: 0x0000000100794000

Metaspace:

Usage:
  Non-class:     21.04 MB used.
      Class:      3.28 MB used.
       Both:     24.32 MB used.

Virtual space:
  Non-class space:       64.00 MB reserved,      21.25 MB ( 33%) committed,  1 nodes.
      Class space:        1.00 GB reserved,       3.44 MB ( <1%) committed,  1 nodes.
             Both:        1.06 GB reserved,      24.69 MB (  2%) committed. 

Chunk freelists:
   Non-Class:  2.59 MB
       Class:  483.00 KB
        Both:  3.07 MB

MaxMetaspaceSize: unlimited
CompressedClassSpaceSize: 1.00 GB
Initial GC threshold: 21.00 MB
Current GC threshold: 35.25 MB
CDS: on
MetaspaceReclaimPolicy: balanced
 - commit_granule_bytes: 65536.
 - commit_granule_words: 8192.
 - virtual_space_node_default_size: 8388608.
 - enlarge_chunks_in_place: 1.
 - new_chunks_are_fully_committed: 0.
 - uncommit_free_chunks: 1.
 - use_allocation_guard: 0.


Internal statistics:

num_allocs_failed_limit: 3.
num_arena_births: 362.
num_arena_deaths: 0.
num_vsnodes_births: 2.
num_vsnodes_deaths: 0.
num_space_committed: 395.
num_space_uncommitted: 0.
num_chunks_returned_to_freelist: 3.
num_chunks_taken_from_freelist: 1028.
num_chunk_merges: 0.
num_chunk_splits: 735.
num_chunks_enlarged: 571.
num_inconsistent_stats: 0.

CodeHeap 'non-profiled nmethods': size=120032Kb used=1513Kb max_used=1513Kb free=118518Kb
 bounds [0x0000000111c14000, 0x0000000111e84000, 0x000000011914c000]
CodeHeap 'profiled nmethods': size=120016Kb used=7220Kb max_used=7220Kb free=112795Kb
 bounds [0x000000010a6e0000, 0x000000010adf0000, 0x0000000111c14000]
CodeHeap 'non-nmethods': size=5712Kb used=1481Kb max_used=1534Kb free=4230Kb
 bounds [0x000000010a14c000, 0x000000010a3bc000, 0x000000010a6e0000]
 total_blobs=4324 nmethods=3448 adapters=792
 compilation: enabled
              stopped_count=0, restarted_count=0
 full_count=0

Compilation events (20 events):
Event: 5.799 Thread 0x000000015800d600 3505       1       com.sun.marlin.Renderer::getOutpixMinX (5 bytes)
Event: 5.799 Thread 0x000000015800d600 nmethod 3505 0x0000000111d8bc10 code [0x0000000111d8bd80, 0x0000000111d8be68]
Event: 5.799 Thread 0x000000015800d600 3506       1       com.sun.marlin.Renderer::getOutpixMaxX (5 bytes)
Event: 5.799 Thread 0x000000015800d600 nmethod 3506 0x0000000111d8bf10 code [0x0000000111d8c080, 0x0000000111d8c168]
Event: 5.799 Thread 0x000000015800d600 3507       1       com.sun.marlin.Renderer::getOutpixMinY (5 bytes)
Event: 5.799 Thread 0x000000015800d600 nmethod 3507 0x0000000111d8c210 code [0x0000000111d8c380, 0x0000000111d8c468]
Event: 5.799 Thread 0x000000015800d600 3508       1       com.sun.marlin.Renderer::getOutpixMaxY (5 bytes)
Event: 5.799 Thread 0x000000015800d600 nmethod 3508 0x0000000111d8c510 code [0x0000000111d8c680, 0x0000000111d8c768]
Event: 5.863 Thread 0x000000015800d600 3510   !   3       java.util.concurrent.LinkedBlockingDeque::offerLast (53 bytes)
Event: 5.865 Thread 0x000000015800d600 nmethod 3510 0x000000010ade5590 code [0x000000010ade5880, 0x000000010ade65e8]
Event: 5.865 Thread 0x000000015800d600 3511       3       com.sun.glass.ui.mac.MacApplication::submitForLaterInvocation (6 bytes)
Event: 5.865 Thread 0x000000015800d600 nmethod 3511 0x000000010ade6a90 code [0x000000010ade6c40, 0x000000010ade6dd8]
Event: 6.156 Thread 0x000000015800d600 3512       3       com.sun.javafx.scene.control.inputmap.InputMap::testInterceptor (20 bytes)
Event: 6.157 Thread 0x000000015800d600 nmethod 3512 0x000000010ade6e90 code [0x000000010ade7040, 0x000000010ade72d8]
Event: 6.157 Thread 0x000000015800d600 3513       3       javafx.scene.Node::addToSceneDirtyList (30 bytes)
Event: 6.157 Thread 0x000000015800d600 nmethod 3513 0x000000010ade7390 code [0x000000010ade75c0, 0x000000010ade7d78]
Event: 6.157 Thread 0x000000015800d600 3514       3       javafx.collections.ListChangeBuilder$SingleChange::getRemoved (12 bytes)
Event: 6.157 Thread 0x000000015800d600 nmethod 3514 0x000000010ade7f90 code [0x000000010ade8140, 0x000000010ade83d8]
Event: 6.164 Thread 0x000000014100ca00 3515       4       java.util.WeakHashMap$HashIterator::hasNext (95 bytes)
Event: 6.164 Thread 0x000000015800d600 3516       3       javafx.scene.Node::getTransformedBounds (248 bytes)

GC Heap History (4 events):
Event: 0.329 GC heap before
{Heap before GC invocations=0 (full 0):
 garbage-first heap   total 266240K, used 24480K [0x0000000700000000, 0x0000000800000000)
  region size 2048K, 11 young (22528K), 0 survivors (0K)
 Metaspace       used 7054K, committed 7232K, reserved 1114112K
  class space    used 868K, committed 960K, reserved 1048576K
}
Event: 0.332 GC heap after
{Heap after GC invocations=1 (full 0):
 garbage-first heap   total 266240K, used 4786K [0x0000000700000000, 0x0000000800000000)
  region size 2048K, 2 young (4096K), 2 survivors (4096K)
 Metaspace       used 7054K, committed 7232K, reserved 1114112K
  class space    used 868K, committed 960K, reserved 1048576K
}
Event: 0.906 GC heap before
{Heap before GC invocations=1 (full 0):
 garbage-first heap   total 266240K, used 64178K [0x0000000700000000, 0x0000000800000000)
  region size 2048K, 23 young (47104K), 2 survivors (4096K)
 Metaspace       used 21241K, committed 21504K, reserved 1114112K
  class space    used 2805K, committed 2944K, reserved 1048576K
}
Event: 0.910 GC heap after
{Heap after GC invocations=2 (full 0):
 garbage-first heap   total 266240K, used 32027K [0x0000000700000000, 0x0000000800000000)
  region size 2048K, 4 young (8192K), 4 survivors (8192K)
 Metaspace       used 21241K, committed 21504K, reserved 1114112K
  class space    used 2805K, committed 2944K, reserved 1048576K
}

Deoptimization events (20 events):
Event: 3.650 Thread 0x00000001578dfe00 Uncommon trap: trap_request=0xffffff45 fr.pc=0x0000000111c27544 relative=0x00000000000002c4
Event: 3.650 Thread 0x00000001578dfe00 Uncommon trap: reason=unstable_if action=reinterpret pc=0x0000000111c27544 method=java.lang.StringLatin1.newString([BII)Ljava/lang/String; @ 1 c2
Event: 3.650 Thread 0x00000001578dfe00 DEOPT PACKING pc=0x0000000111c27544 sp=0x000000016f6ea620
Event: 3.650 Thread 0x00000001578dfe00 DEOPT UNPACKING pc=0x000000010a18ad1c sp=0x000000016f6ea5b0 mode 2
Event: 3.650 Thread 0x00000001578dfe00 Uncommon trap: trap_request=0xffffffc6 fr.pc=0x0000000111d2080c relative=0x000000000000010c
Event: 3.650 Thread 0x00000001578dfe00 Uncommon trap: reason=bimorphic_or_optimized_type_check action=maybe_recompile pc=0x0000000111d2080c method=javafx.beans.property.DoublePropertyBase.get()D @ 23 c2
Event: 3.650 Thread 0x00000001578dfe00 DEOPT PACKING pc=0x0000000111d2080c sp=0x000000016f6eae00
Event: 3.650 Thread 0x00000001578dfe00 DEOPT UNPACKING pc=0x000000010a18ad1c sp=0x000000016f6ead80 mode 2
Event: 3.650 Thread 0x00000001578dfe00 Uncommon trap: trap_request=0xffffffc6 fr.pc=0x0000000111d2080c relative=0x000000000000010c
Event: 3.650 Thread 0x00000001578dfe00 Uncommon trap: reason=bimorphic_or_optimized_type_check action=maybe_recompile pc=0x0000000111d2080c method=javafx.beans.property.DoublePropertyBase.get()D @ 23 c2
Event: 3.650 Thread 0x00000001578dfe00 DEOPT PACKING pc=0x0000000111d2080c sp=0x000000016f6eae00
Event: 3.650 Thread 0x00000001578dfe00 DEOPT UNPACKING pc=0x000000010a18ad1c sp=0x000000016f6ead80 mode 2
Event: 3.650 Thread 0x00000001578dfe00 Uncommon trap: trap_request=0xffffffc6 fr.pc=0x0000000111d2080c relative=0x000000000000010c
Event: 3.650 Thread 0x00000001578dfe00 Uncommon trap: reason=bimorphic_or_optimized_type_check action=maybe_recompile pc=0x0000000111d2080c method=javafx.beans.property.DoublePropertyBase.get()D @ 23 c2
Event: 3.650 Thread 0x00000001578dfe00 DEOPT PACKING pc=0x0000000111d2080c sp=0x000000016f6ead80
Event: 3.650 Thread 0x00000001578dfe00 DEOPT UNPACKING pc=0x000000010a18ad1c sp=0x000000016f6ead00 mode 2
Event: 3.650 Thread 0x00000001578dfe00 Uncommon trap: trap_request=0xffffffc6 fr.pc=0x0000000111d2080c relative=0x000000000000010c
Event: 3.650 Thread 0x00000001578dfe00 Uncommon trap: reason=bimorphic_or_optimized_type_check action=maybe_recompile pc=0x0000000111d2080c method=javafx.beans.property.DoublePropertyBase.get()D @ 23 c2
Event: 3.650 Thread 0x00000001578dfe00 DEOPT PACKING pc=0x0000000111d2080c sp=0x000000016f6ea900
Event: 3.650 Thread 0x00000001578dfe00 DEOPT UNPACKING pc=0x000000010a18ad1c sp=0x000000016f6ea890 mode 2

Classes loaded (20 events):
Event: 1.151 Loading class sun/nio/cs/ISO_8859_1$Encoder
Event: 1.151 Loading class sun/nio/cs/ISO_8859_1$Encoder done
Event: 1.151 Loading class sun/util/locale/provider/TimeZoneNameUtility
Event: 1.151 Loading class sun/util/locale/provider/TimeZoneNameUtility done
Event: 1.151 Loading class sun/util/locale/provider/TimeZoneNameUtility$TimeZoneNameGetter
Event: 1.151 Loading class sun/util/locale/provider/TimeZoneNameUtility$TimeZoneNameGetter done
Event: 1.151 Loading class sun/util/cldr/CLDRTimeZoneNameProviderImpl
Event: 1.151 Loading class sun/util/locale/provider/TimeZoneNameProviderImpl
Event: 1.151 Loading class sun/util/locale/provider/TimeZoneNameProviderImpl done
Event: 1.151 Loading class sun/util/cldr/CLDRTimeZoneNameProviderImpl done
Event: 1.152 Loading class sun/util/resources/cldr/TimeZoneNames
Event: 1.152 Loading class sun/util/resources/TimeZoneNamesBundle
Event: 1.152 Loading class sun/util/resources/OpenListResourceBundle
Event: 1.152 Loading class sun/util/resources/OpenListResourceBundle done
Event: 1.152 Loading class sun/util/resources/TimeZoneNamesBundle done
Event: 1.152 Loading class sun/util/resources/cldr/TimeZoneNames done
Event: 1.152 Loading class sun/util/resources/cldr/TimeZoneNames_en
Event: 1.152 Loading class sun/util/resources/cldr/TimeZoneNames_en done
Event: 1.152 Loading class sun/util/resources/cldr/TimeZoneNames_en_US
Event: 1.152 Loading class sun/util/resources/cldr/TimeZoneNames_en_US done

Classes unloaded (0 events):
No events

Classes redefined (0 events):
No events

Internal exceptions (20 events):
Event: 0.734 Thread 0x00000001578dfe00 Exception <a 'java/lang/ClassNotFoundException'{0x000000070da2ee38}: com/sun/javafx/scene/control/skin/resources/controls_en> (0x000000070da2ee38) 
thrown [open/src/hotspot/share/prims/jni.cpp, line 535]
Event: 0.734 Thread 0x00000001578dfe00 Exception <a 'java/lang/ClassNotFoundException'{0x000000070da2fdd0}: com/sun/javafx/scene/control/skin/resources/controls_en_US> (0x000000070da2fdd0) 
thrown [open/src/hotspot/share/prims/jni.cpp, line 535]
Event: 0.745 Thread 0x00000001578dfe00 Exception <a 'java/lang/NoSuchMethodError'{0x000000070dbb6f00}: 'java.lang.Object java.lang.invoke.DirectMethodHandle$Holder.invokeInterface(java.lang.Object, java.lang.Object, java.lang.Object)'> (0x000000070dbb6f00) 
thrown [open/src/hotspot/share/interpreter/linkResolver.cpp, line 766]
Event: 0.745 Thread 0x00000001578dfe00 Exception <a 'java/lang/IncompatibleClassChangeError'{0x000000070dbba9c8}: Found class java.lang.Object, but interface was expected> (0x000000070dbba9c8) 
thrown [open/src/hotspot/share/interpreter/linkResolver.cpp, line 833]
Event: 0.885 Thread 0x00000001578dfe00 Exception <a 'java/lang/NoSuchMethodError'{0x000000070d47b6b0}: 'double java.lang.invoke.DirectMethodHandle$Holder.invokeVirtual(java.lang.Object, java.lang.Object)'> (0x000000070d47b6b0) 
thrown [open/src/hotspot/share/interpreter/linkResolver.cpp, line 766]
Event: 0.885 Thread 0x00000001578dfe00 Exception <a 'java/lang/NoSuchMethodError'{0x000000070d480070}: 'double java.lang.invoke.DelegatingMethodHandle$Holder.reinvoke_L(java.lang.Object, java.lang.Object)'> (0x000000070d480070) 
thrown [open/src/hotspot/share/interpreter/linkResolver.cpp, line 766]
Event: 0.913 Thread 0x00000001578dfe00 Exception <a 'java/lang/NoSuchMethodError'{0x000000070fe07a88}: 'int java.lang.invoke.DirectMethodHandle$Holder.invokeSpecial(java.lang.Object, java.lang.Object, int)'> (0x000000070fe07a88) 
thrown [open/src/hotspot/share/interpreter/linkResolver.cpp, line 766]
Event: 0.913 Thread 0x00000001578dfe00 Exception <a 'java/lang/NoSuchMethodError'{0x000000070fe0ef90}: 'int java.lang.invoke.DirectMethodHandle$Holder.invokeSpecial(java.lang.Object, java.lang.Object, java.lang.Object, int)'> (0x000000070fe0ef90) 
thrown [open/src/hotspot/share/interpreter/linkResolver.cpp, line 766]
Event: 0.914 Thread 0x00000001578dfe00 Exception <a 'java/lang/NoSuchMethodError'{0x000000070fe16978}: 'int java.lang.invoke.DirectMethodHandle$Holder.invokeSpecial(java.lang.Object, java.lang.Object, java.lang.Object)'> (0x000000070fe16978) 
thrown [open/src/hotspot/share/interpreter/linkResolver.cpp, line 766]
Event: 0.975 Thread 0x00000001578dfe00 Exception <a 'java/lang/NoSuchMethodError'{0x00000007067345c0}: 'java.lang.Object java.lang.invoke.DirectMethodHandle$Holder.newInvokeSpecial(java.lang.Object, java.lang.Object, int)'> (0x00000007067345c0) 
thrown [open/src/hotspot/share/interpreter/linkResolver.cpp, line 766]
Event: 1.003 Thread 0x00000001578dfe00 Exception <a 'java/lang/NoSuchMethodError'{0x0000000706751b38}: 'java.lang.Object java.lang.invoke.DirectMethodHandle$Holder.invokeSpecial(java.lang.Object, java.lang.Object, double, java.lang.Object, java.lang.Object)'> (0x0000000706751b38) 
thrown [open/src/hotspot/share/interpreter/linkResolver.cpp, line 766]
Event: 1.034 Thread 0x000000015800a200 Exception <a 'java/lang/NoSuchMethodError'{0x0000000706264c40}: 'int java.lang.invoke.DirectMethodHandle$Holder.invokeStaticInit(java.lang.Object, java.lang.Object)'> (0x0000000706264c40) 
thrown [open/src/hotspot/share/interpreter/linkResolver.cpp, line 766]
Event: 1.121 Thread 0x000000015800a200 Exception <a 'java/lang/NoSuchMethodError'{0x0000000705f41d90}: 'java.lang.Object java.lang.invoke.DirectMethodHandle$Holder.invokeStaticInit(java.lang.Object, int)'> (0x0000000705f41d90) 
thrown [open/src/hotspot/share/interpreter/linkResolver.cpp, line 766]
Event: 2.215 Thread 0x00000001578dfe00 Exception <a 'java/lang/NoSuchMethodError'{0x0000000705cc6a20}: 'long java.lang.invoke.DirectMethodHandle$Holder.invokeStatic(java.lang.Object, java.lang.Object, java.lang.Object)'> (0x0000000705cc6a20) 
thrown [open/src/hotspot/share/interpreter/linkResolver.cpp, line 766]
Event: 2.216 Thread 0x00000001578dfe00 Exception <a 'java/lang/NoSuchMethodError'{0x0000000705cca1c0}: 'long java.lang.invoke.DirectMethodHandle$Holder.invokeStaticInit(java.lang.Object, java.lang.Object, java.lang.Object)'> (0x0000000705cca1c0) 
thrown [open/src/hotspot/share/interpreter/linkResolver.cpp, line 766]
Event: 2.218 Thread 0x00000001578dfe00 Exception <a 'java/lang/NoSuchMethodError'{0x0000000705ce2900}: 'java.lang.Object java.lang.invoke.DirectMethodHandle$Holder.newInvokeSpecial(java.lang.Object, java.lang.Object, long)'> (0x0000000705ce2900) 
thrown [open/src/hotspot/share/interpreter/linkResolver.cpp, line 766]
Event: 2.218 Thread 0x00000001578dfe00 Exception <a 'java/lang/NoSuchMethodError'{0x0000000705ce61d0}: 'java.lang.Object java.lang.invoke.Invokers$Holder.linkToTargetMethod(java.lang.Object, long, java.lang.Object)'> (0x0000000705ce61d0) 
thrown [open/src/hotspot/share/interpreter/linkResolver.cpp, line 766]
Event: 2.318 Thread 0x00000001578dfe00 Exception <a 'java/lang/NoSuchMethodError'{0x0000000705dbadf0}: 'void java.lang.invoke.DirectMethodHandle$Holder.invokeSpecial(java.lang.Object, java.lang.Object, int)'> (0x0000000705dbadf0) 
thrown [open/src/hotspot/share/interpreter/linkResolver.cpp, line 766]
Event: 2.318 Thread 0x00000001578dfe00 Exception <a 'java/lang/NoSuchMethodError'{0x0000000705dc26c0}: 'void java.lang.invoke.DelegatingMethodHandle$Holder.reinvoke_L(java.lang.Object, java.lang.Object, int)'> (0x0000000705dc26c0) 
thrown [open/src/hotspot/share/interpreter/linkResolver.cpp, line 766]
Event: 3.625 Thread 0x00000001578dfe00 Exception <a 'java/lang/NoSuchMethodError'{0x0000000705634078}: 'void java.lang.invoke.DirectMethodHandle$Holder.invokeSpecial(java.lang.Object, java.lang.Object, java.lang.Object, java.lang.Object, java.lang.Object, java.lang.Object)'> (0x0000000705634078) 
thrown [open/src/hotspot/share/interpreter/linkResolver.cpp, line 766]

VM Operations (20 events):
Event: 0.958 Executing VM operation: ICBufferFull
Event: 0.958 Executing VM operation: ICBufferFull done
Event: 1.039 Executing VM operation: ICBufferFull
Event: 1.039 Executing VM operation: ICBufferFull done
Event: 2.051 Executing VM operation: Cleanup
Event: 2.051 Executing VM operation: Cleanup done
Event: 2.334 Executing VM operation: ICBufferFull
Event: 2.334 Executing VM operation: ICBufferFull done
Event: 2.856 Executing VM operation: HandshakeAllThreads
Event: 2.856 Executing VM operation: HandshakeAllThreads done
Event: 3.593 Executing VM operation: HandshakeAllThreads
Event: 3.593 Executing VM operation: HandshakeAllThreads done
Event: 3.593 Executing VM operation: Cleanup
Event: 3.593 Executing VM operation: Cleanup done
Event: 3.594 Executing VM operation: HandshakeAllThreads
Event: 3.594 Executing VM operation: HandshakeAllThreads done
Event: 4.599 Executing VM operation: Cleanup
Event: 4.599 Executing VM operation: Cleanup done
Event: 5.604 Executing VM operation: Cleanup
Event: 5.604 Executing VM operation: Cleanup done

Events (20 events):
Event: 1.239 Protecting memory [0x0000000171b60000,0x0000000171b6c000] with protection modes 3
Event: 1.239 Thread 0x000000014100a200 Thread exited: 0x000000014100a200
Event: 1.287 Protecting memory [0x0000000171954000,0x0000000171960000] with protection modes 3
Event: 1.287 Thread 0x0000000141818a00 Thread exited: 0x0000000141818a00
Event: 1.414 Protecting memory [0x00000001727a8000,0x00000001727b4000] with protection modes 3
Event: 1.414 Thread 0x00000001581cc800 Thread exited: 0x00000001581cc800
Event: 1.580 Protecting memory [0x0000000171954000,0x0000000171960000] with protection modes 0
Event: 1.580 Thread 0x0000000142029800 Thread added: 0x0000000142029800
Event: 1.864 Protecting memory [0x0000000171954000,0x0000000171960000] with protection modes 3
Event: 1.864 Thread 0x0000000142029800 Thread exited: 0x0000000142029800
Event: 2.214 Protecting memory [0x0000000171954000,0x0000000171960000] with protection modes 0
Event: 2.214 Thread 0x0000000157aca600 Thread added: 0x0000000157aca600
Event: 2.980 Protecting memory [0x0000000171954000,0x0000000171960000] with protection modes 3
Event: 2.980 Thread 0x0000000157aca600 Thread exited: 0x0000000157aca600
Event: 3.113 Protecting memory [0x0000000171954000,0x0000000171960000] with protection modes 0
Event: 3.113 Thread 0x0000000141808200 Thread added: 0x0000000141808200
Event: 3.397 Protecting memory [0x0000000171954000,0x0000000171960000] with protection modes 3
Event: 3.397 Thread 0x0000000141808200 Thread exited: 0x0000000141808200
Event: 3.463 Protecting memory [0x0000000171954000,0x0000000171960000] with protection modes 0
Event: 3.463 Thread 0x0000000142020e00 Thread added: 0x0000000142020e00


Dynamic libraries:
0x0000000100744000 	/Users/danielweiner/Library/Java/JavaVirtualMachines/openjdk-18/Contents/Home/lib/libjli.dylib
0x000000019b814000 	/usr/lib/libz.1.dylib
0x000000019b8cb000 	/usr/lib/libSystem.B.dylib
0x000000019b8c5000 	/usr/lib/system/libcache.dylib
0x000000019b883000 	/usr/lib/system/libcommonCrypto.dylib
0x000000019b8ac000 	/usr/lib/system/libcompiler_rt.dylib
0x000000019b8a3000 	/usr/lib/system/libcopyfile.dylib
0x0000000190b0b000 	/usr/lib/system/libcorecrypto.dylib
0x0000000190bbe000 	/usr/lib/system/libdispatch.dylib
0x0000000190d8c000 	/usr/lib/system/libdyld.dylib
0x000000019b8bb000 	/usr/lib/system/libkeymgr.dylib
0x000000019b85e000 	/usr/lib/system/libmacho.dylib
0x000000019af53000 	/usr/lib/system/libquarantine.dylib
0x000000019b8b8000 	/usr/lib/system/libremovefile.dylib
0x0000000195ef4000 	/usr/lib/system/libsystem_asl.dylib
0x0000000190aad000 	/usr/lib/system/libsystem_blocks.dylib
0x0000000190c46000 	/usr/lib/system/libsystem_c.dylib
0x000000019b8b0000 	/usr/lib/system/libsystem_collections.dylib
0x000000019a3e1000 	/usr/lib/system/libsystem_configuration.dylib
0x000000019963d000 	/usr/lib/system/libsystem_containermanager.dylib
0x000000019b5c0000 	/usr/lib/system/libsystem_coreservices.dylib
0x00000001934b4000 	/usr/lib/system/libsystem_darwin.dylib
0x000000019b8bc000 	/usr/lib/system/libsystem_dnssd.dylib
0x0000000190c43000 	/usr/lib/system/libsystem_featureflags.dylib
0x0000000190da1000 	/usr/lib/system/libsystem_info.dylib
0x000000019b826000 	/usr/lib/system/libsystem_m.dylib
0x0000000190b93000 	/usr/lib/system/libsystem_malloc.dylib
0x0000000195e83000 	/usr/lib/system/libsystem_networkextension.dylib
0x000000019390d000 	/usr/lib/system/libsystem_notify.dylib
0x00000001a1c09000 	/usr/lib/system/libsystem_product_info_filter.dylib
0x000000019a3e6000 	/usr/lib/system/libsystem_sandbox.dylib
0x000000019b8b5000 	/usr/lib/system/libsystem_secinit.dylib
0x0000000190d47000 	/usr/lib/system/libsystem_kernel.dylib
0x0000000190d99000 	/usr/lib/system/libsystem_platform.dylib
0x0000000190d7f000 	/usr/lib/system/libsystem_pthread.dylib
0x000000019764c000 	/usr/lib/system/libsystem_symptoms.dylib
0x0000000190af1000 	/usr/lib/system/libsystem_trace.dylib
0x000000019b890000 	/usr/lib/system/libunwind.dylib
0x0000000190aaf000 	/usr/lib/system/libxpc.dylib
0x0000000190d2f000 	/usr/lib/libc++abi.dylib
0x0000000190c05000 	/usr/lib/libobjc.A.dylib
0x000000019b89b000 	/usr/lib/liboah.dylib
0x0000000190cc8000 	/usr/lib/libc++.1.dylib
0x00000001a7722000 	/System/Library/Frameworks/Cocoa.framework/Versions/A/Cocoa
0x000000019396e000 	/System/Library/Frameworks/AppKit.framework/Versions/C/AppKit
0x0000000196e74000 	/System/Library/Frameworks/CoreData.framework/Versions/A/CoreData
0x0000000191cc9000 	/System/Library/Frameworks/Foundation.framework/Versions/C/Foundation
0x0000000194826000 	/System/Library/PrivateFrameworks/UIFoundation.framework/Versions/A/UIFoundation
0x00000001a1903000 	/System/Library/PrivateFrameworks/RemoteViewServices.framework/Versions/A/RemoteViewServices
0x0000000199d89000 	/System/Library/PrivateFrameworks/XCTTargetBootstrap.framework/Versions/A/XCTTargetBootstrap
0x000000019d607000 	/System/Library/PrivateFrameworks/InternationalSupport.framework/Versions/A/InternationalSupport
0x000000019d690000 	/System/Library/PrivateFrameworks/UserActivity.framework/Versions/A/UserActivity
0x000000019cb02000 	/usr/lib/libspindump.dylib
0x0000000194a97000 	/System/Library/Frameworks/UniformTypeIdentifiers.framework/Versions/A/UniformTypeIdentifiers
0x00000001982d4000 	/usr/lib/libapp_launch_measurement.dylib
0x00000001977fe000 	/System/Library/PrivateFrameworks/CoreAnalytics.framework/Versions/A/CoreAnalytics
0x00000001982d7000 	/System/Library/PrivateFrameworks/CoreAutoLayout.framework/Versions/A/CoreAutoLayout
0x000000019967a000 	/System/Library/Frameworks/Metal.framework/Versions/A/Metal
0x000000019a3f1000 	/usr/lib/liblangid.dylib
0x0000000199d8e000 	/System/Library/PrivateFrameworks/CoreSVG.framework/Versions/A/CoreSVG
0x0000000195f28000 	/System/Library/PrivateFrameworks/SkyLight.framework/Versions/A/SkyLight
0x00000001962fd000 	/System/Library/Frameworks/CoreGraphics.framework/Versions/A/CoreGraphics
0x00000001a1fcf000 	/System/Library/Frameworks/Accelerate.framework/Versions/A/Accelerate
0x000000019c579000 	/System/Library/PrivateFrameworks/IconServices.framework/Versions/A/IconServices
0x000000019965c000 	/System/Library/Frameworks/IOSurface.framework/Versions/A/IOSurface
0x000000019782f000 	/usr/lib/libDiagnosticMessagesClient.dylib
0x00000001a54d0000 	/System/Library/Frameworks/ApplicationServices.framework/Versions/A/ApplicationServices
0x0000000199d71000 	/System/Library/PrivateFrameworks/DFRFoundation.framework/Versions/A/DFRFoundation
0x00000001931fe000 	/usr/lib/libicucore.A.dylib
0x000000019e4b3000 	/System/Library/Frameworks/AudioToolbox.framework/Versions/A/AudioToolbox
0x000000019d613000 	/System/Library/PrivateFrameworks/DataDetectorsCore.framework/Versions/A/DataDetectorsCore
0x00000001b3f53000 	/System/Library/PrivateFrameworks/TextInput.framework/Versions/A/TextInput
0x0000000195e9d000 	/usr/lib/libMobileGestalt.dylib
0x0000000199a3d000 	/System/Library/Frameworks/Carbon.framework/Versions/A/Frameworks/HIToolbox.framework/Versions/A/HIToolbox
0x0000000197cb0000 	/System/Library/Frameworks/QuartzCore.framework/Versions/A/QuartzCore
0x0000000192e81000 	/System/Library/Frameworks/Security.framework/Versions/A/Security
0x00000001a1943000 	/System/Library/Frameworks/Carbon.framework/Versions/A/Frameworks/SpeechRecognition.framework/Versions/A/SpeechRecognition
0x000000019802a000 	/System/Library/PrivateFrameworks/CoreUI.framework/Versions/A/CoreUI
0x000000019275e000 	/System/Library/Frameworks/CoreAudio.framework/Versions/A/CoreAudio
0x0000000197924000 	/System/Library/Frameworks/DiskArbitration.framework/Versions/A/DiskArbitration
0x000000019cf0c000 	/System/Library/PrivateFrameworks/MultitouchSupport.framework/Versions/A/MultitouchSupport
0x0000000195e9b000 	/usr/lib/libenergytrace.dylib
0x0000000193836000 	/System/Library/Frameworks/IOKit.framework/Versions/A/IOKit
0x00000001a1d32000 	/System/Library/Frameworks/CoreServices.framework/Versions/A/CoreServices
0x0000000198264000 	/System/Library/PrivateFrameworks/PerformanceAnalysis.framework/Versions/A/PerformanceAnalysis
0x00000001f223b000 	/System/Library/Frameworks/OpenGL.framework/Versions/A/OpenGL
0x000000019ae6b000 	/System/Library/PrivateFrameworks/MobileKeyBag.framework/Versions/A/MobileKeyBag
0x000000019690a000 	/System/Library/Frameworks/ColorSync.framework/Versions/A/ColorSync
0x0000000190dce000 	/System/Library/Frameworks/CoreFoundation.framework/Versions/A/CoreFoundation
0x000000019a00d000 	/System/Library/Frameworks/CoreImage.framework/Versions/A/CoreImage
0x0000000192582000 	/System/Library/Frameworks/CoreText.framework/Versions/A/CoreText
0x0000000199dbe000 	/System/Library/Frameworks/ImageIO.framework/Versions/A/ImageIO
0x000000019b8d1000 	/System/Library/PrivateFrameworks/SoftLinking.framework/Versions/A/SoftLinking
0x0000000198322000 	/usr/lib/libxml2.2.dylib
0x000000019bb6a000 	/usr/lib/libcompression.dylib
0x000000019d563000 	/System/Library/PrivateFrameworks/TextureIO.framework/Versions/A/TextureIO
0x000000019c292000 	/usr/lib/libate.dylib
0x000000019c157000 	/usr/lib/liblzma.5.dylib
0x00000001919bd000 	/System/Library/Frameworks/SystemConfiguration.framework/Versions/A/SystemConfiguration
0x000000019b8cd000 	/usr/lib/libfakelink.dylib
0x00000001959cf000 	/System/Library/Frameworks/CFNetwork.framework/Versions/A/CFNetwork
0x000000019ba13000 	/usr/lib/libarchive.2.dylib
0x000000019a3ed000 	/System/Library/PrivateFrameworks/AppleSystemInfo.framework/Versions/A/AppleSystemInfo
0x000000019af7e000 	/usr/lib/libbsm.0.dylib
0x0000000194f40000 	/usr/lib/libnetwork.dylib
0x000000019b867000 	/usr/lib/system/libkxld.dylib
0x000000019ab91000 	/System/Library/PrivateFrameworks/IOMobileFramebuffer.framework/Versions/A/IOMobileFramebuffer
0x000000020fb67000 	/usr/lib/libCoreEntitlements.dylib
0x000000019b5a2000 	/System/Library/PrivateFrameworks/AppleFSCompression.framework/Versions/A/AppleFSCompression
0x000000019af66000 	/usr/lib/libcoretls.dylib
0x000000019c170000 	/usr/lib/libcoretls_cfhelpers.dylib
0x000000019bb65000 	/usr/lib/libpam.2.dylib
0x0000000197263000 	/usr/lib/libsqlite3.dylib
0x000000019c1d9000 	/usr/lib/libxar.1.dylib
0x000000019b5b3000 	/usr/lib/libbz2.1.0.dylib
0x000000019b8d2000 	/usr/lib/libpcap.A.dylib
0x0000000197643000 	/usr/lib/libdns_services.dylib
0x000000019bb38000 	/usr/lib/libapple_nghttp2.dylib
0x000000019b90f000 	/usr/lib/libiconv.2.dylib
0x000000019b85d000 	/usr/lib/libcharset.1.dylib
0x00000001982a0000 	/System/Library/Frameworks/CoreServices.framework/Versions/A/Frameworks/FSEvents.framework/Versions/A/FSEvents
0x00000001934bf000 	/System/Library/Frameworks/CoreServices.framework/Versions/A/Frameworks/CarbonCore.framework/Versions/A/CarbonCore
0x0000000197884000 	/System/Library/Frameworks/CoreServices.framework/Versions/A/Frameworks/Metadata.framework/Versions/A/Metadata
0x000000019b5c6000 	/System/Library/Frameworks/CoreServices.framework/Versions/A/Frameworks/OSServices.framework/Versions/A/OSServices
0x000000019ba99000 	/System/Library/Frameworks/CoreServices.framework/Versions/A/Frameworks/SearchKit.framework/Versions/A/SearchKit
0x00000001975d2000 	/System/Library/Frameworks/CoreServices.framework/Versions/A/Frameworks/AE.framework/Versions/A/AE
0x0000000191314000 	/System/Library/Frameworks/CoreServices.framework/Versions/A/Frameworks/LaunchServices.framework/Versions/A/LaunchServices
0x000000019c100000 	/System/Library/Frameworks/CoreServices.framework/Versions/A/Frameworks/DictionaryServices.framework/Versions/A/DictionaryServices
0x00000001982ad000 	/System/Library/Frameworks/CoreServices.framework/Versions/A/Frameworks/SharedFileList.framework/Versions/A/SharedFileList
0x000000019af56000 	/usr/lib/libCheckFix.dylib
0x0000000195f0c000 	/System/Library/PrivateFrameworks/TCC.framework/Versions/A/TCC
0x000000019a3f3000 	/System/Library/PrivateFrameworks/CoreNLP.framework/Versions/A/CoreNLP
0x0000000197832000 	/System/Library/PrivateFrameworks/MetadataUtilities.framework/Versions/A/MetadataUtilities
0x0000000191a76000 	/usr/lib/libmecabra.dylib
0x000000019af8f000 	/usr/lib/libmecab.dylib
0x0000000191a42000 	/usr/lib/libCRFSuite.dylib
0x000000019afec000 	/usr/lib/libgermantok.dylib
0x000000019bb11000 	/usr/lib/libThaiTokenizer.dylib
0x000000019792c000 	/System/Library/Frameworks/Accelerate.framework/Versions/A/Frameworks/vImage.framework/Versions/A/vImage
0x00000001a1d09000 	/System/Library/Frameworks/Accelerate.framework/Versions/A/Frameworks/vecLib.framework/Versions/A/vecLib
0x000000019c21e000 	/System/Library/Frameworks/Accelerate.framework/Versions/A/Frameworks/vecLib.framework/Versions/A/libvMisc.dylib
0x000000019aa98000 	/System/Library/Frameworks/Accelerate.framework/Versions/A/Frameworks/vecLib.framework/Versions/A/libvDSP.dylib
0x000000019169d000 	/System/Library/Frameworks/Accelerate.framework/Versions/A/Frameworks/vecLib.framework/Versions/A/libBLAS.dylib
0x000000019bc3b000 	/System/Library/Frameworks/Accelerate.framework/Versions/A/Frameworks/vecLib.framework/Versions/A/libLAPACK.dylib
0x000000019afef000 	/System/Library/Frameworks/Accelerate.framework/Versions/A/Frameworks/vecLib.framework/Versions/A/libLinearAlgebra.dylib
0x000000019bb50000 	/System/Library/Frameworks/Accelerate.framework/Versions/A/Frameworks/vecLib.framework/Versions/A/libSparseBLAS.dylib
0x000000019bc36000 	/System/Library/Frameworks/Accelerate.framework/Versions/A/Frameworks/vecLib.framework/Versions/A/libQuadrature.dylib
0x000000019a4ec000 	/System/Library/Frameworks/Accelerate.framework/Versions/A/Frameworks/vecLib.framework/Versions/A/libBNNS.dylib
0x000000019195b000 	/System/Library/Frameworks/Accelerate.framework/Versions/A/Frameworks/vecLib.framework/Versions/A/libSparse.dylib
0x000000019a4e4000 	/System/Library/PrivateFrameworks/LinguisticData.framework/Versions/A/LinguisticData
0x0000000191913000 	/System/Library/PrivateFrameworks/Lexicon.framework/Versions/A/Lexicon
0x000000019c216000 	/usr/lib/libChineseTokenizer.dylib
0x00000001920ba000 	/System/Library/PrivateFrameworks/LanguageModeling.framework/Versions/A/LanguageModeling
0x000000019bb13000 	/System/Library/PrivateFrameworks/AppleSauce.framework/Versions/A/AppleSauce
0x000000019ab7e000 	/System/Library/PrivateFrameworks/CoreEmoji.framework/Versions/A/CoreEmoji
0x000000019ba01000 	/usr/lib/libcmph.dylib
0x0000000198280000 	/System/Library/Frameworks/OpenDirectory.framework/Versions/A/Frameworks/CFOpenDirectory.framework/Versions/A/CFOpenDirectory
0x0000000198270000 	/System/Library/Frameworks/OpenDirectory.framework/Versions/A/OpenDirectory
0x000000019c172000 	/System/Library/PrivateFrameworks/APFS.framework/Versions/A/APFS
0x000000019aea6000 	/System/Library/Frameworks/SecurityFoundation.framework/Versions/A/SecurityFoundation
0x000000019c1e8000 	/usr/lib/libutil.dylib
0x00000001937f8000 	/System/Library/PrivateFrameworks/CoreServicesStore.framework/Versions/A/CoreServicesStore
0x000000019c1ec000 	/usr/lib/libxslt.1.dylib
0x000000019af3a000 	/System/Library/PrivateFrameworks/BackgroundTaskManagement.framework/Versions/A/BackgroundTaskManagement
0x000000019d484000 	/System/Library/Frameworks/ImageIO.framework/Versions/A/Resources/libRadiance.dylib
0x000000019d48d000 	/System/Library/Frameworks/ImageIO.framework/Versions/A/Resources/libJPEG.dylib
0x000000019d3e0000 	/System/Library/Frameworks/ImageIO.framework/Versions/A/Resources/libPng.dylib
0x000000019d402000 	/System/Library/Frameworks/ImageIO.framework/Versions/A/Resources/libTIFF.dylib
0x000000019d4e8000 	/System/Library/Frameworks/ImageIO.framework/Versions/A/Resources/libGIF.dylib
0x000000019ce1c000 	/System/Library/Frameworks/ImageIO.framework/Versions/A/Resources/libJP2.dylib
0x000000019c53e000 	/usr/lib/libexpat.1.dylib
0x000000019cdd7000 	/System/Library/PrivateFrameworks/AppleJPEG.framework/Versions/A/AppleJPEG
0x00000001998f9000 	/System/Library/PrivateFrameworks/FontServices.framework/libFontParser.dylib
0x0000000197577000 	/System/Library/PrivateFrameworks/RunningBoardServices.framework/Versions/A/RunningBoardServices
0x00000001a7df5000 	/System/Library/PrivateFrameworks/IOSurfaceAccelerator.framework/Versions/A/IOSurfaceAccelerator
0x000000019cf08000 	/System/Library/PrivateFrameworks/WatchdogClient.framework/Versions/A/WatchdogClient
0x00000001921be000 	/System/Library/Frameworks/CoreDisplay.framework/Versions/A/CoreDisplay
0x00000001997e3000 	/System/Library/Frameworks/CoreMedia.framework/Versions/A/CoreMedia
0x0000000199670000 	/System/Library/PrivateFrameworks/IOAccelerator.framework/Versions/A/IOAccelerator
0x0000000198410000 	/System/Library/Frameworks/CoreVideo.framework/Versions/A/CoreVideo
0x000000019bb63000 	/System/Library/Frameworks/MetalPerformanceShaders.framework/Versions/A/MetalPerformanceShaders
0x000000019cf47000 	/System/Library/Frameworks/VideoToolbox.framework/Versions/A/VideoToolbox
0x00000001974bb000 	/System/Library/PrivateFrameworks/BaseBoard.framework/Versions/A/BaseBoard
0x0000000197249000 	/System/Library/PrivateFrameworks/ProtocolBuffer.framework/Versions/A/ProtocolBuffer
0x000000019d47f000 	/System/Library/PrivateFrameworks/GPUWrangler.framework/Versions/A/GPUWrangler
0x000000019d45f000 	/System/Library/PrivateFrameworks/IOPresentment.framework/Versions/A/IOPresentment
0x000000019d487000 	/System/Library/PrivateFrameworks/DSExternalDisplay.framework/Versions/A/DSExternalDisplay
0x00000001f222e000 	/System/Library/Frameworks/OpenGL.framework/Versions/A/Libraries/libCoreFSCache.dylib
0x00000001fc6ed000 	/System/Library/PrivateFrameworks/GPUCompiler.framework/Versions/31001/Libraries/libGPUCompilerUtils.dylib
0x000000019d4ed000 	/System/Library/PrivateFrameworks/CMCaptureCore.framework/Versions/A/CMCaptureCore
0x000000019caef000 	/System/Library/PrivateFrameworks/AppServerSupport.framework/Versions/A/AppServerSupport
0x000000019ed70000 	/System/Library/PrivateFrameworks/perfdata.framework/Versions/A/perfdata
0x00000001922de000 	/System/Library/PrivateFrameworks/AudioToolboxCore.framework/Versions/A/AudioToolboxCore
0x00000001997bc000 	/System/Library/PrivateFrameworks/caulk.framework/Versions/A/caulk
0x000000019e665000 	/usr/lib/libAudioStatistics.dylib
0x00000001b05ba000 	/System/Library/PrivateFrameworks/SystemPolicy.framework/Versions/A/SystemPolicy
0x000000019e8d1000 	/usr/lib/libSMC.dylib
0x00000001a7604000 	/System/Library/Frameworks/CoreMIDI.framework/Versions/A/CoreMIDI
0x000000019d3ae000 	/usr/lib/libAudioToolboxUtility.dylib
0x00000001ac687000 	/System/Library/PrivateFrameworks/OSAServicesClient.framework/Versions/A/OSAServicesClient
0x000000019ed7d000 	/usr/lib/libperfcheck.dylib
0x00000001b10d2000 	/usr/lib/libmis.dylib
0x00000001f2290000 	/System/Library/Frameworks/OpenGL.framework/Versions/A/Libraries/libGLU.dylib
0x00000001f224f000 	/System/Library/Frameworks/OpenGL.framework/Versions/A/Libraries/libGFXShared.dylib
0x00000001f243c000 	/System/Library/Frameworks/OpenGL.framework/Versions/A/Libraries/libGL.dylib
0x00000001f2258000 	/System/Library/Frameworks/OpenGL.framework/Versions/A/Libraries/libGLImage.dylib
0x00000001f224c000 	/System/Library/Frameworks/OpenGL.framework/Versions/A/Libraries/libCVMSPluginSupport.dylib
0x00000001f2235000 	/System/Library/Frameworks/OpenGL.framework/Versions/A/Libraries/libCoreVMClient.dylib
0x000000019a36d000 	/System/Library/Frameworks/MetalPerformanceShaders.framework/Versions/A/Frameworks/MPSCore.framework/Versions/A/MPSCore
0x000000019b515000 	/System/Library/Frameworks/MetalPerformanceShaders.framework/Versions/A/Frameworks/MPSImage.framework/Versions/A/MPSImage
0x000000019b004000 	/System/Library/Frameworks/MetalPerformanceShaders.framework/Versions/A/Frameworks/MPSNeuralNetwork.framework/Versions/A/MPSNeuralNetwork
0x000000019b43d000 	/System/Library/Frameworks/MetalPerformanceShaders.framework/Versions/A/Frameworks/MPSMatrix.framework/Versions/A/MPSMatrix
0x000000019b216000 	/System/Library/Frameworks/MetalPerformanceShaders.framework/Versions/A/Frameworks/MPSRayIntersector.framework/Versions/A/MPSRayIntersector
0x000000019b46e000 	/System/Library/Frameworks/MetalPerformanceShaders.framework/Versions/A/Frameworks/MPSNDArray.framework/Versions/A/MPSNDArray
0x00000001f43a7000 	/System/Library/Frameworks/MetalPerformanceShaders.framework/Versions/A/Frameworks/MPSFunctions.framework/Versions/A/MPSFunctions
0x0000000191574000 	/System/Library/PrivateFrameworks/MetalTools.framework/Versions/A/MetalTools
0x000000019a3eb000 	/System/Library/PrivateFrameworks/AggregateDictionary.framework/Versions/A/AggregateDictionary
0x000000019c323000 	/usr/lib/libIOReport.dylib
0x00000001a6622000 	/System/Library/PrivateFrameworks/ASEProcessing.framework/Versions/A/ASEProcessing
0x000000019c698000 	/System/Library/PrivateFrameworks/FaceCore.framework/Versions/A/FaceCore
0x000000019c68a000 	/System/Library/PrivateFrameworks/GraphVisualizer.framework/Versions/A/GraphVisualizer
0x00000001fc604000 	/System/Library/PrivateFrameworks/FontServices.framework/Versions/A/FontServices
0x000000019caab000 	/System/Library/PrivateFrameworks/OTSVG.framework/Versions/A/OTSVG
0x0000000197fda000 	/System/Library/Frameworks/ApplicationServices.framework/Versions/A/Frameworks/ATS.framework/Versions/A/Resources/libFontRegistry.dylib
0x000000019caf8000 	/System/Library/PrivateFrameworks/FontServices.framework/libhvf.dylib
0x00000001fc605000 	/System/Library/PrivateFrameworks/FontServices.framework/libXTFontStaticRegistryData.dylib
0x00000001f25dd000 	/System/Library/Frameworks/OpenCL.framework/Versions/A/OpenCL
0x000000019c4f2000 	/System/Library/PrivateFrameworks/AppleVA.framework/Versions/A/AppleVA
0x000000019e68d000 	/System/Library/Frameworks/ApplicationServices.framework/Versions/A/Frameworks/ATS.framework/Versions/A/ATS
0x0000000196a07000 	/System/Library/Frameworks/ApplicationServices.framework/Versions/A/Frameworks/HIServices.framework/Versions/A/HIServices
0x000000019d4f7000 	/System/Library/Frameworks/ApplicationServices.framework/Versions/A/Frameworks/PrintCore.framework/Versions/A/PrintCore
0x000000019ea24000 	/System/Library/Frameworks/ApplicationServices.framework/Versions/A/Frameworks/QD.framework/Versions/A/QD
0x000000019ea1c000 	/System/Library/Frameworks/ApplicationServices.framework/Versions/A/Frameworks/ColorSyncLegacy.framework/Versions/A/ColorSyncLegacy
0x000000019e679000 	/System/Library/Frameworks/ApplicationServices.framework/Versions/A/Frameworks/SpeechSynthesis.framework/Versions/A/SpeechSynthesis
0x000000019d4b8000 	/System/Library/Frameworks/ApplicationServices.framework/Versions/A/Frameworks/ATSUI.framework/Versions/A/ATSUI
0x000000019e9b1000 	/usr/lib/libcups.2.dylib
0x000000019ed8b000 	/System/Library/Frameworks/Kerberos.framework/Versions/A/Kerberos
0x000000019ed9c000 	/System/Library/Frameworks/GSS.framework/Versions/A/GSS
0x000000019e6fd000 	/usr/lib/libresolv.9.dylib
0x000000019cb07000 	/System/Library/PrivateFrameworks/Heimdal.framework/Versions/A/Heimdal
0x00000001a5857000 	/System/Library/Frameworks/Kerberos.framework/Versions/A/Libraries/libHeimdalProxy.dylib
0x0000000197655000 	/System/Library/Frameworks/Network.framework/Versions/A/Network
0x000000019c559000 	/usr/lib/libheimdal-asn1.dylib
0x000000019edec000 	/System/Library/PrivateFrameworks/CommonAuth.framework/Versions/A/CommonAuth
0x000000019e5f3000 	/System/Library/PrivateFrameworks/AudioSession.framework/Versions/A/AudioSession
0x000000019c5eb000 	/System/Library/PrivateFrameworks/MediaExperience.framework/Versions/A/MediaExperience
0x000000019e479000 	/System/Library/PrivateFrameworks/AudioSession.framework/libSessionUtility.dylib
0x000000019ea30000 	/System/Library/PrivateFrameworks/AudioResourceArbitration.framework/Versions/A/AudioResourceArbitration
0x00000001a2be6000 	/System/Library/PrivateFrameworks/PowerLog.framework/Versions/A/PowerLog
0x000000019c563000 	/System/Library/PrivateFrameworks/IconFoundation.framework/Versions/A/IconFoundation
0x00000001a192f000 	/System/Library/PrivateFrameworks/SpeechRecognitionCore.framework/Versions/A/SpeechRecognitionCore
0x0000000101914000 	/Users/danielweiner/Library/Java/JavaVirtualMachines/openjdk-18/Contents/Home/lib/server/libjvm.dylib
0x00000001007a8000 	/Users/danielweiner/Library/Java/JavaVirtualMachines/openjdk-18/Contents/Home/lib/libjimage.dylib
0x00000001007d4000 	/Users/danielweiner/Library/Java/JavaVirtualMachines/openjdk-18/Contents/Home/lib/libinstrument.dylib
0x00000001009e0000 	/Users/danielweiner/Library/Java/JavaVirtualMachines/openjdk-18/Contents/Home/lib/libjava.dylib
0x0000000101494000 	/Users/danielweiner/Library/Java/JavaVirtualMachines/openjdk-18/Contents/Home/lib/libnio.dylib
0x00000001014b4000 	/Users/danielweiner/Library/Java/JavaVirtualMachines/openjdk-18/Contents/Home/lib/libnet.dylib
0x00000001009c4000 	/Users/danielweiner/Library/Java/JavaVirtualMachines/openjdk-18/Contents/Home/lib/libzip.dylib
0x00000001014d4000 	/Users/danielweiner/.openjfx/cache/17.0.1/libprism_es2.dylib
0x00000001937bb000 	/System/Library/PrivateFrameworks/CoreServicesInternal.framework/Versions/A/CoreServicesInternal
0x00000001f2446000 	/System/Library/Frameworks/OpenGL.framework/Versions/A/Resources/GLEngine.bundle/GLEngine
0x00000001f22ce000 	/System/Library/Frameworks/OpenGL.framework/Versions/A/Libraries/libGLProgrammability.dylib
0x000000012414c000 	/System/Library/Extensions/AppleMetalOpenGLRenderer.bundle/Contents/MacOS/AppleMetalOpenGLRenderer
0x00000001f25b5000 	/System/Library/Frameworks/OpenGL.framework/Versions/A/Resources/GLRendererFloat.bundle/GLRendererFloat
0x00000001f26b5000 	/System/Library/Extensions/AGXMetal13_3.bundle/Contents/MacOS/AGXMetal13_3
0x00000001b10ee000 	/System/Library/PrivateFrameworks/GPURawCounter.framework/Versions/A/GPURawCounter
0x00000001ab7f8000 	/System/Library/PrivateFrameworks/IOGPU.framework/Versions/A/IOGPU
0x000000012a758000 	/Users/danielweiner/.openjfx/cache/17.0.1/libglass.dylib
0x00000001a2e3e000 	/System/Library/Frameworks/FileProvider.framework/Versions/A/FileProvider
0x0000000197423000 	/System/Library/Frameworks/Accounts.framework/Versions/A/Accounts
0x00000001a2fc2000 	/System/Library/PrivateFrameworks/GenerationalStorage.framework/Versions/A/GenerationalStorage
0x00000001a3b85000 	/System/Library/PrivateFrameworks/CoreSymbolication.framework/Versions/A/CoreSymbolication
0x00000001a2bda000 	/System/Library/PrivateFrameworks/SymptomDiagnosticReporter.framework/Versions/A/SymptomDiagnosticReporter
0x0000000194aab000 	/System/Library/PrivateFrameworks/DesktopServicesPriv.framework/Versions/A/DesktopServicesPriv
0x000000019391d000 	/usr/lib/libsandbox.1.dylib
0x000000019849e000 	/System/Library/PrivateFrameworks/UserManagement.framework/Versions/A/UserManagement
0x00000001a3b42000 	/System/Library/PrivateFrameworks/DebugSymbols.framework/Versions/A/DebugSymbols
0x000000019ea0f000 	/System/Library/PrivateFrameworks/NetAuth.framework/Versions/A/NetAuth
0x000000019f92d000 	/System/Library/PrivateFrameworks/Sharing.framework/Versions/A/Sharing
0x000000019846e000 	/System/Library/PrivateFrameworks/login.framework/Versions/A/Frameworks/loginsupport.framework/Versions/A/loginsupport
0x00000001a4d77000 	/System/Library/PrivateFrameworks/Apple80211.framework/Versions/A/Apple80211
0x000000019b5f9000 	/System/Library/PrivateFrameworks/AuthKit.framework/Versions/A/AuthKit
0x000000019ac7a000 	/System/Library/PrivateFrameworks/CoreUtils.framework/Versions/A/CoreUtils
0x000000019ab9d000 	/System/Library/Frameworks/CoreWLAN.framework/Versions/A/CoreWLAN
0x000000019fa9d000 	/System/Library/Frameworks/IOBluetooth.framework/Versions/A/IOBluetooth
0x00000001a4dd7000 	/System/Library/PrivateFrameworks/CoreWiFi.framework/Versions/A/CoreWiFi
0x00000001a3722000 	/System/Library/PrivateFrameworks/FrontBoardServices.framework/Versions/A/FrontBoardServices
0x00000001a37ba000 	/System/Library/PrivateFrameworks/BoardServices.framework/Versions/A/BoardServices
0x000000019ae94000 	/System/Library/PrivateFrameworks/AssertionServices.framework/Versions/A/AssertionServices
0x00000001a4f54000 	/System/Library/PrivateFrameworks/BackBoardServices.framework/Versions/A/BackBoardServices
0x000000019ee83000 	/System/Library/PrivateFrameworks/CorePhoneNumbers.framework/Versions/A/CorePhoneNumbers
0x00000001a2d0a000 	/System/Library/PrivateFrameworks/DiskManagement.framework/Versions/A/DiskManagement
0x00000001a2c0d000 	/System/Library/PrivateFrameworks/AppleIDAuthSupport.framework/Versions/A/AppleIDAuthSupport
0x00000001f6bce000 	/System/Library/PrivateFrameworks/AAAFoundation.framework/Versions/A/AAAFoundation
0x000000019ee62000 	/System/Library/PrivateFrameworks/KeychainCircle.framework/Versions/A/KeychainCircle
0x00000001a2cd6000 	/System/Library/PrivateFrameworks/MediaKit.framework/Versions/A/MediaKit
0x00000001a2c1a000 	/System/Library/Frameworks/DiscRecording.framework/Versions/A/DiscRecording
0x000000019c46e000 	/usr/lib/libCoreStorage.dylib
0x00000001a5251000 	/usr/lib/libcsfde.dylib
0x000000019fb72000 	/System/Library/PrivateFrameworks/ProtectedCloudStorage.framework/Versions/A/ProtectedCloudStorage
0x00000001a5249000 	/System/Library/PrivateFrameworks/EFILogin.framework/Versions/A/EFILogin
0x00000001a2fe9000 	/System/Library/PrivateFrameworks/OctagonTrust.framework/Versions/A/OctagonTrust
0x00000001fb79f000 	/System/Library/PrivateFrameworks/CoreUtilsExtras.framework/Versions/A/CoreUtilsExtras
0x00000001a2b3f000 	/System/Library/Frameworks/CoreBluetooth.framework/Versions/A/CoreBluetooth
0x00000001a58dc000 	/System/Library/Frameworks/AudioUnit.framework/Versions/A/AudioUnit
0x000000019c466000 	/usr/lib/libMatch.1.dylib
0x00000001b559a000 	/System/Library/Frameworks/Accelerate.framework/Versions/A/Frameworks/vImage.framework/Versions/A/Libraries/libCGInterfaces.dylib
0x000000012c2a0000 	/usr/lib/libobjc-trampolines.dylib
0x0000000198168000 	/System/Library/PrivateFrameworks/ViewBridge.framework/Versions/A/ViewBridge
0x00000001f7281000 	/System/Library/PrivateFrameworks/AccessibilityBundles.framework/Versions/A/AccessibilityBundles
0x000000019cbca000 	/System/Library/PrivateFrameworks/login.framework/Versions/A/login
0x000000019c32c000 	/System/Library/PrivateFrameworks/CrashReporterSupport.framework/Versions/A/CrashReporterSupport
0x00000001bd013000 	/System/Library/PrivateFrameworks/OSAnalytics.framework/Versions/A/OSAnalytics
0x00000001c8311000 	/System/Library/PrivateFrameworks/Symbolication.framework/Versions/A/Symbolication
0x00000001b10af000 	/System/Library/PrivateFrameworks/MallocStackLogging.framework/Versions/A/MallocStackLogging
0x000000012d5bc000 	/Users/danielweiner/.openjfx/cache/17.0.1/libjavafx_font.dylib
0x000000020fce5000 	/usr/lib/libRosetta.dylib
0x000000012ec00000 	/Users/danielweiner/.openjfx/cache/17.0.1/libjavafx_iio.dylib
0x00000001a2058000 	/System/Library/PrivateFrameworks/SystemAdministration.framework/Versions/A/SystemAdministration
0x000000019d6fe000 	/System/Library/Frameworks/MediaToolbox.framework/Versions/A/MediaToolbox
0x00000001a18f7000 	/System/Library/Frameworks/DirectoryService.framework/Versions/A/DirectoryService
0x00000001a50de000 	/System/Library/PrivateFrameworks/DiskImages.framework/Versions/A/DiskImages
0x000000019af45000 	/System/Library/Frameworks/ServiceManagement.framework/Versions/A/ServiceManagement
0x00000001a52c7000 	/System/Library/PrivateFrameworks/LoginUIKit.framework/Versions/A/Frameworks/LoginUICore.framework/Versions/A/LoginUICore
0x000000019cd80000 	/usr/lib/libodfde.dylib
0x00000001a2e0a000 	/System/Library/PrivateFrameworks/CoreAVCHD.framework/Versions/A/CoreAVCHD
0x00000001a201a000 	/System/Library/Frameworks/MediaAccessibility.framework/Versions/A/MediaAccessibility
0x00000001a2e06000 	/System/Library/PrivateFrameworks/Mangrove.framework/Versions/A/Mangrove
0x00000001a2027000 	/System/Library/PrivateFrameworks/AlgosScoreFramework.framework/Versions/A/AlgosScoreFramework
0x00000001f888a000 	/System/Library/PrivateFrameworks/CMPhoto.framework/Versions/A/CMPhoto
0x00000001a2dfa000 	/System/Library/PrivateFrameworks/CoreAUC.framework/Versions/A/CoreAUC
0x00000001a525d000 	/usr/lib/libcurl.4.dylib
0x000000021008d000 	/usr/lib/libcrypto.46.dylib
0x0000000210532000 	/usr/lib/libssl.48.dylib
0x00000001a4f74000 	/System/Library/Frameworks/LDAP.framework/Versions/A/LDAP
0x00000001a4fb0000 	/System/Library/PrivateFrameworks/TrustEvaluationAgent.framework/Versions/A/TrustEvaluationAgent
0x000000019e716000 	/usr/lib/libsasl2.2.dylib
0x00000001a204d000 	/System/Library/PrivateFrameworks/CoreDaemon.framework/Versions/B/CoreDaemon
0x00000001a2047000 	/System/Library/PrivateFrameworks/AppleSRP.framework/Versions/A/AppleSRP


VM Arguments:
jvm_args: -javaagent:/Users/danielweiner/Library/Application Support/JetBrains/Toolbox/apps/IDEA-U/ch-0/221.5080.210/IntelliJ IDEA.app/Contents/lib/idea_rt.jar=49474:/Users/danielweiner/Library/Application Support/JetBrains/Toolbox/apps/IDEA-U/ch-0/221.5080.210/IntelliJ IDEA.app/Contents/bin -Dfile.encoding=UTF-8 --module-path=/Users/danielweiner/.m2/repository/org/openjfx/javafx-graphics/17.0.1/javafx-graphics-17.0.1-mac-aarch64.jar:/Users/danielweiner/.m2/repository/org/openjfx/javafx-fxml/17.0.1/javafx-fxml-17.0.1-mac-aarch64.jar:/Users/danielweiner/Public/Drop Box/eclipse-workspace/JavaFinalProject/target/classes:/Users/danielweiner/.m2/repository/org/openjfx/javafx-base/17.0.1/javafx-base-17.0.1-mac-aarch64.jar:/Users/danielweiner/.m2/repository/org/openjfx/javafx-controls/17.0.1/javafx-controls-17.0.1-mac-aarch64.jar -Djdk.module.main=com.example.javafinalproject 
java_command: com.example.javafinalproject/com.example.javafinalproject.Main
java_class_path (initial): /Users/danielweiner/.m2/repository/org/openjfx/javafx-controls/17.0.1/javafx-controls-17.0.1.jar:/Users/danielweiner/.m2/repository/org/openjfx/javafx-graphics/17.0.1/javafx-graphics-17.0.1.jar:/Users/danielweiner/.m2/repository/org/openjfx/javafx-base/17.0.1/javafx-base-17.0.1.jar:/Users/danielweiner/.m2/repository/org/openjfx/javafx-fxml/17.0.1/javafx-fxml-17.0.1.jar:/Users/danielweiner/Downloads/mysql-connector-java-8.0.29/mysql-connector-java-8.0.29.jar
Launcher Type: SUN_STANDARD

[Global flags]
     intx CICompilerCount                          = 4                                         {product} {ergonomic}
     uint ConcGCThreads                            = 2                                         {product} {ergonomic}
     uint G1ConcRefinementThreads                  = 8                                         {product} {ergonomic}
   size_t G1HeapRegionSize                         = 2097152                                   {product} {ergonomic}
    uintx GCDrainStackTargetSize                   = 64                                        {product} {ergonomic}
   size_t InitialHeapSize                          = 268435456                                 {product} {ergonomic}
   size_t MarkStackSize                            = 4194304                                   {product} {ergonomic}
   size_t MaxHeapSize                              = 4294967296                                {product} {ergonomic}
   size_t MaxNewSize                               = 2575302656                                {product} {ergonomic}
   size_t MinHeapDeltaBytes                        = 2097152                                   {product} {ergonomic}
   size_t MinHeapSize                              = 8388608                                   {product} {ergonomic}
    uintx NonNMethodCodeHeapSize                   = 5839564                                {pd product} {ergonomic}
    uintx NonProfiledCodeHeapSize                  = 122909338                              {pd product} {ergonomic}
    uintx ProfiledCodeHeapSize                     = 122909338                              {pd product} {ergonomic}
    uintx ReservedCodeCacheSize                    = 251658240                              {pd product} {ergonomic}
     bool SegmentedCodeCache                       = true                                      {product} {ergonomic}
   size_t SoftMaxHeapSize                          = 4294967296                             {manageable} {ergonomic}
     bool UseCompressedClassPointers               = true                           {product lp64_product} {ergonomic}
     bool UseCompressedOops                        = true                           {product lp64_product} {ergonomic}
     bool UseG1GC                                  = true                                      {product} {ergonomic}
     bool UseNUMA                                  = false                                     {product} {ergonomic}
     bool UseNUMAInterleaving                      = false                                     {product} {ergonomic}

Logging:
Log output configuration:
 #0: stdout all=warning uptime,level,tags foldmultilines=false
 #1: stderr all=off uptime,level,tags foldmultilines=false

Environment Variables:
PATH=/usr/local/bin:/usr/bin:/bin:/usr/sbin:/sbin
SHELL=/bin/zsh
LC_CTYPE=en_US.UTF-8

Signal Handlers:
   SIGSEGV: _ZL13crash_handleriP9__siginfoPv in libjvm.dylib, mask=11100110000111110111111111111111, flags=SA_RESTART|SA_SIGINFO
    SIGBUS: _ZL13crash_handleriP9__siginfoPv in libjvm.dylib, mask=11100110000111110111111111111111, flags=SA_RESTART|SA_SIGINFO
    SIGFPE: _ZL13crash_handleriP9__siginfoPv in libjvm.dylib, mask=11100110000111110111111111111111, flags=SA_RESTART|SA_SIGINFO
   SIGPIPE: _ZL17javaSignalHandleriP9__siginfoPv in libjvm.dylib, mask=11100110000111110111111111111111, flags=SA_RESTART|SA_SIGINFO
   SIGXFSZ: _ZL17javaSignalHandleriP9__siginfoPv in libjvm.dylib, mask=11100110000111110111111111111111, flags=SA_RESTART|SA_SIGINFO
    SIGILL: _ZL13crash_handleriP9__siginfoPv in libjvm.dylib, mask=11100110000111110111111111111111, flags=SA_RESTART|SA_SIGINFO
   SIGUSR2: _ZL10SR_handleriP9__siginfoP17__darwin_ucontext in libjvm.dylib, mask=00100000000000000000000000000000, flags=SA_RESTART|SA_SIGINFO
    SIGHUP: _ZL11UserHandleriPvS_ in libjvm.dylib, mask=11100110000111110111111111111111, flags=SA_RESTART|SA_SIGINFO
    SIGINT: _ZL11UserHandleriPvS_ in libjvm.dylib, mask=11100110000111110111111111111111, flags=SA_RESTART|SA_SIGINFO
   SIGTERM: _ZL11UserHandleriPvS_ in libjvm.dylib, mask=11100110000111110111111111111111, flags=SA_RESTART|SA_SIGINFO
   SIGQUIT: _ZL11UserHandleriPvS_ in libjvm.dylib, mask=11100110000111110111111111111111, flags=SA_RESTART|SA_SIGINFO
   SIGTRAP: _ZL13crash_handleriP9__siginfoPv in libjvm.dylib, mask=11100110000111110111111111111111, flags=SA_RESTART|SA_SIGINFO


---------------  S Y S T E M  ---------------

OS:
uname: Darwin 21.4.0 Darwin Kernel Version 21.4.0: Fri Mar 18 00:47:26 PDT 2022; root:xnu-8020.101.4~15/RELEASE_ARM64_T8101 arm64
OS uptime: 0 days 2:03 hours
rlimit (soft/hard): STACK 8176k/65520k , CORE 0k/infinity , NPROC 2666/4000 , NOFILE 10240/infinity , AS infinity/infinity , CPU infinity/infinity , DATA infinity/infinity , FSIZE infinity/infinity , MEMLOCK infinity/infinity , RSS infinity/infinity
load average: 1.70 2.62 2.57

CPU: total 8 (initial active 8) 0x61:0x0:0x1b588bb3:0, fp, simd, aes, pmull, crc, lse

Memory: 16k page, physical 16777216k(118272k free), swap 0k(0k free)

vm_info: OpenJDK 64-Bit Server VM (18+36-2087) for bsd-aarch64 JRE (18+36-2087), built on Feb 15 2022 09:36:38 by "mach5one" with clang Apple LLVM 12.0.0 (clang-1200.0.32.29)

END.
