#
# A fatal error has been detected by the Java Runtime Environment:
#
#  SIGBUS (0xa) at pc=0x0000000109a394f0, pid=1559, tid=34823
#
# JRE version: OpenJDK Runtime Environment (17.0.2+8) (build 17.0.2+8-86)
# Java VM: OpenJDK 64-Bit Server VM (17.0.2+8-86, mixed mode, sharing, tiered, compressed oops, compressed class ptrs, g1 gc, bsd-aarch64)
# Problematic frame:
# v  ~StubRoutines::SafeFetchN
#
# No core dump will be written. Core dumps have been disabled. To enable core dumping, try "ulimit -c unlimited" before starting Java again
#
# If you would like to submit a bug report, please visit:
#   https://bugreport.java.com/bugreport/crash.jsp
# The crash happened outside the Java Virtual Machine in native code.
# See problematic frame for where to report the bug.
#

---------------  S U M M A R Y ------------

Command Line: -javaagent:/Users/danielweiner/Library/Application Support/JetBrains/Toolbox/apps/IDEA-U/ch-0/221.5080.210/IntelliJ IDEA.app/Contents/lib/idea_rt.jar=49433:/Users/danielweiner/Library/Application Support/JetBrains/Toolbox/apps/IDEA-U/ch-0/221.5080.210/IntelliJ IDEA.app/Contents/bin -Dfile.encoding=UTF-8 --module-path=/Users/danielweiner/.m2/repository/org/openjfx/javafx-fxml/17.0.1/javafx-fxml-17.0.1-mac-aarch64.jar:/Users/danielweiner/Public/Drop Box/eclipse-workspace/JavaFinalProject/target/classes:/Users/danielweiner/.m2/repository/org/openjfx/javafx-base/17.0.1/javafx-base-17.0.1-mac-aarch64.jar:/Users/danielweiner/.m2/repository/org/openjfx/javafx-graphics/17.0.1/javafx-graphics-17.0.1-mac-aarch64.jar:/Users/danielweiner/.m2/repository/org/openjfx/javafx-controls/17.0.1/javafx-controls-17.0.1-mac-aarch64.jar -Djdk.module.main=com.example.javafinalproject com.example.javafinalproject/com.example.javafinalproject.SignUp

Host: "MacBookPro17,1" arm64 1 MHz, 8 cores, 16G, Darwin 21.4.0, macOS 12.3.1 (21E258)
Time: Tue Apr 26 12:04:41 2022 EDT elapsed time: 3.425362 seconds (0d 0h 0m 3s)

---------------  T H R E A D  ---------------

Current thread (0x000000013c144400):  JavaThread "InvokeLaterDispatcher" daemon [_thread_in_native, id=34823, stack(0x0000000172694000,0x0000000172897000)]

Stack: [0x0000000172694000,0x0000000172897000],  sp=0x0000000172896780,  free space=2057k
Native frames: (J=compiled Java code, j=interpreted, Vv=VM code, C=native code)
v  ~StubRoutines::SafeFetchN
V  [libjvm.dylib+0x7a6bcc]  OopStorage::release(oopDesc* const*)+0x20
V  [libjvm.dylib+0x4ba824]  jni_DeleteGlobalRef+0xd8
C  [libglass.dylib+0xab08]  -[GlassRunnable dealloc]+0x34
C  [Foundation+0x85618]  -[_NSThreadPerformInfo dealloc]+0x30
C  [Foundation+0x5198c]  -[NSObject(NSThreadPerformAdditions) performSelectorOnMainThread:withObject:waitUntilDone:]+0x88
C  0x1c18000109a418ac
j  com.sun.glass.ui.mac.MacApplication.submitForLaterInvocation(Ljava/lang/Runnable;)V+2 javafx.graphics
j  com.sun.glass.ui.InvokeLaterDispatcher.run()V+82 javafx.graphics
v  ~StubRoutines::call_stub
V  [libjvm.dylib+0x461d08]  JavaCalls::call_helper(JavaValue*, methodHandle const&, JavaCallArguments*, JavaThread*)+0x38c
V  [libjvm.dylib+0x460d24]  JavaCalls::call_virtual(JavaValue*, Klass*, Symbol*, Symbol*, JavaCallArguments*, JavaThread*)+0x11c
V  [libjvm.dylib+0x460df0]  JavaCalls::call_virtual(JavaValue*, Handle, Klass*, Symbol*, Symbol*, JavaThread*)+0x64
V  [libjvm.dylib+0x515f04]  thread_entry(JavaThread*, JavaThread*)+0xc4
V  [libjvm.dylib+0x9071ac]  JavaThread::thread_main_inner()+0x13c
V  [libjvm.dylib+0x9058c0]  Thread::call_run()+0x128
V  [libjvm.dylib+0x7ad7c8]  thread_native_entry(Thread*)+0x158
C  [libsystem_pthread.dylib+0x726c]  _pthread_start+0x94

Java frames: (J=compiled Java code, j=interpreted, Vv=VM code)
j  com.sun.glass.ui.mac.MacApplication._submitForLaterInvocation(Ljava/lang/Runnable;)V+0 javafx.graphics
j  com.sun.glass.ui.mac.MacApplication.submitForLaterInvocation(Ljava/lang/Runnable;)V+2 javafx.graphics
j  com.sun.glass.ui.InvokeLaterDispatcher.run()V+82 javafx.graphics
v  ~StubRoutines::call_stub

siginfo: si_signo: 10 (SIGBUS), si_code: 1 (BUS_ADRALN), si_addr: 0x0000000109a394f0

Register to memory mapping:

 x0=0x000000013a805188 is a global jni handle
 x1=0x0 is NULL
 x2=0x000000070e2bbee0 is an oop: com.sun.glass.ui.InvokeLaterDispatcher$Future 
{0x000000070e2bbee0} - klass: 'com/sun/glass/ui/InvokeLaterDispatcher$Future'
 - ---- fields (total size 3 words):
 - private 'done' 'Z' @12  true
 - private final 'runnable' 'Ljava/lang/Runnable;' @16  a 'com/sun/javafx/tk/quantum/QuantumToolkit$$Lambda$85+0x0000000800c397a0'{0x000000070e8f6c78} (e1d1ed8f)
 - final synthetic 'this$0' 'Lcom/sun/glass/ui/InvokeLaterDispatcher;' @20  a 'com/sun/glass/ui/InvokeLaterDispatcher'{0x000000070e80ac60} (e1d0158c)
 x3=0x0 is NULL
 x4=0x00000000000130a8 is an unknown value
 x5=0x0 is NULL
 x6=0x0 is NULL
 x7=0x0 is NULL
 x8=0x0000000109a394ec is at begin+0 in a stub
StubRoutines::SafeFetchN [0x0000000109a394ec, 0x0000000109a394f8] (12 bytes)
 x9=0x0 is NULL
x10=0x2010000030300000 is an unknown value
x11=0x0000000000000007 is an unknown value
x12=0x0000000000000004 is an unknown value
x13=0x0000600002bd0410 points into unknown readable memory: 0x641b8001970dbc40 | 40 bc 0d 97 01 80 1b 64
x14=0x0000150000000000 is an unknown value
x15=0x00000001267b9f98: OBJC_CLASS_$_GlassRunnable+0 in /Users/danielweiner/.openjfx/cache/17.0.1/libglass.dylib at 0x0000000126774000
x16=0x00000001972450fc: pthread_getspecific+0 in /usr/lib/system/libsystem_pthread.dylib at 0x0000000197243000
x17=0x00006000021d3300 points into unknown readable memory: 0xfffffffffffffffe | fe ff ff ff ff ff ff ff
x18=0x0 is NULL
x19=0x0000600002ec5810 points into unknown readable memory: 0x00006000007c1770 | 70 17 7c 00 00 60 00 00
x20=0x000000013a804f80 points into unknown readable memory: 0x00000001f06cb1e8 | e8 b1 6c f0 01 00 00 00
x21=0x000000013a805188 is a global jni handle
x22=0x000000013c144400 is a thread
x23=0x0000000000000001 is an unknown value
x24=0x000000013a805140 is a global jni handle
x25=0x0000000101ef95e8: _ZN12StubRoutines17_safefetchN_entryE+0 in /Users/danielweiner/Library/Java/JavaVirtualMachines/openjdk-17.0.2/Contents/Home/lib/server/libjvm.dylib at 0x0000000101348000
x26=0x0000000124118318 is pointing into metadata
x27=0x0 is NULL
x28=0x000000013c144400 is a thread


Registers:
 x0=0x000000013a805188  x1=0x0000000000000000  x2=0x000000070e2bbee0  x3=0x0000000000000000
 x4=0x00000000000130a8  x5=0x0000000000000000  x6=0x0000000000000000  x7=0x0000000000000000
 x8=0x0000000109a394ec  x9=0x0000000000000000 x10=0x2010000030300000 x11=0x0000000000000007
x12=0x0000000000000004 x13=0x0000600002bd0410 x14=0x0000150000000000 x15=0x00000001267b9f98
x16=0x00000001972450fc x17=0x00006000021d3300 x18=0x0000000000000000 x19=0x0000600002ec5810
x20=0x000000013a804f80 x21=0x000000013a805188 x22=0x000000013c144400 x23=0x0000000000000001
x24=0x000000013a805140 x25=0x0000000101ef95e8 x26=0x0000000124118318 x27=0x0000000000000000
x28=0x000000013c144400  fp=0x00000001728967c0  lr=0x0000000101aed99c  sp=0x0000000172896780
pc=0x0000000109a394f0 cpsr=0x0000000060001000
Top of Stack: (sp=0x0000000172896780)
0x0000000172896780:   0000000124118318 0000000000000001
0x0000000172896790:   0000000172896988 0000000000000000
0x00000001728967a0:   000000013c816ea8 000000013a805178
0x00000001728967b0:   000000013a805178 0000600002ec5810
0x00000001728967c0:   0000000172896800 0000000101aeebcc
0x00000001728967d0:   0000000000000001 000000013a805178
0x00000001728967e0:   000000013c816ea8 000000013a805178
0x00000001728967f0:   0000000000000001 000000013c816c00
0x0000000172896800:   0000000172896840 0000000101802824
0x0000000172896810:   0000000172896988 00006000007ca430
0x0000000172896820:   00006000007ca450 00000001e130abe0
0x0000000172896830:   0000000000000000 00006000007ca450
0x0000000172896840:   0000000172896870 000000012677eb08
0x0000000172896850:   30ec36d4ca6500e2 0000000000000000
0x0000000172896860:   0000000000000000 000060000107c340
0x0000000172896870:   00000001728968b0 0000000198212618
0x0000000172896880:   0000000172896988 00006000007ca430
0x0000000172896890:   00006000007ca450 30ec36d4ca6500e2
0x00000001728968a0:   0000000000000000 0000000000000000
0x00000001728968b0:   00000001728968f0 47350001981de98c
0x00000001728968c0:   0000000172896988 0000000109a407c0
0x00000001728968d0:   0000000000000000 0000000101f00fa8
0x00000001728968e0:   0000000172896900 0000000109a3f730
0x00000001728968f0:   0000000172896960 1c18000109a418ac
0x0000000172896900:   0000000000000000 000000070e904f88
0x0000000172896910:   0000000172896910 0000000000000000
0x0000000172896920:   0000000172896988 0000000124118318
0x0000000172896930:   000000070e840390 0000000000000000
0x0000000172896940:   0000000000000000 00000001240f7138
0x0000000172896950:   0000000000000000 0000000172896960
0x0000000172896960:   00000001728969e0 0000000109a3dfc8
0x0000000172896970:   0000000000000000 0000000000000000 

Instructions: (pc=0x0000000109a394f0)
0x0000000109a393f0:   f2a03d89 f2c00029 6d425935 1e640886
0x0000000109a39400:   0c402d31 1e6408c7 1f5654d0 1e6c1017
0x0000000109a39410:   1f5050d0 1f504cd0 1f5048d0 1e650af6
0x0000000109a39420:   1f50d8f6 1f5694d6 1f5158f6 1e762880
0x0000000109a39430:   36000501 1e614000 14000026 2e251ca5
0x0000000109a39440:   d28c3009 f2a03d89 f2c00029 6d425d36
0x0000000109a39450:   1e600806 0c402d32 1f5758c7 1e6c101a
0x0000000109a39460:   1f4754c7 1e650805 1f4750c7 d2866668
0x0000000109a39470:   f2a7fa68 1f474cc7 1e6608c0 1f4748c7
0x0000000109a39480:   1e6e1019 eb08007f 540000ac 1f479400
0x0000000109a39490:   1f460340 1e603b20 1400000e d2a7fd29
0x0000000109a394a0:   eb09007f 540000ac 51480069 d3607d29
0x0000000109a394b0:   9e670121 14000002 1e6a5001 1f679417
0x0000000109a394c0:   1f668742 1e613b23 1e773857 1e773860
0x0000000109a394d0:   a8c17ff3 910003bf a8c17bfd d65f03c0
0x0000000109a394e0:   b9400001 aa0103e0 d65f03c0 f9400001
0x0000000109a394f0:   aa0103e0 d65f03c0 00000000 00000000
0x0000000109a39500:   00000000 00000000 00000000 00000000
0x0000000109a39510:   00000000 00000000 00000000 00000000
0x0000000109a39520:   00000000 00000000 00000000 00000000
0x0000000109a39530:   00000000 00000000 00000000 00000000
0x0000000109a39540:   00000000 00000000 00000000 00000000
0x0000000109a39550:   00000000 00000000 00000000 00000000
0x0000000109a39560:   00000000 00000000 00000000 00000000
0x0000000109a39570:   00000000 00000000 00000000 00000000
0x0000000109a39580:   00000000 00000000 00000000 00000000
0x0000000109a39590:   00000000 00000000 00000000 00000000
0x0000000109a395a0:   00000000 00000000 00000000 00000000
0x0000000109a395b0:   00000000 00000000 00000000 00000000
0x0000000109a395c0:   00000000 00000000 00000000 00000000
0x0000000109a395d0:   00000000 00000000 00000000 00000000
0x0000000109a395e0:   00000000 00000000 00000000 00000000 


Stack slot to memory mapping:
stack at sp + 0 slots: 0x0000000124118318 is pointing into metadata
stack at sp + 1 slots: 0x0000000000000001 is an unknown value
stack at sp + 2 slots: 0x0000000172896988 is pointing into the stack for thread: 0x000000013c144400
stack at sp + 3 slots: 0x0 is NULL
stack at sp + 4 slots: 0x000000013c816ea8 points into unknown readable memory: 0x0000000101eb6738 | 38 67 eb 01 01 00 00 00
stack at sp + 5 slots: 0x000000013a805178 is a global jni handle
stack at sp + 6 slots: 0x000000013a805178 is a global jni handle
stack at sp + 7 slots: 0x0000600002ec5810 points into unknown readable memory: 0x00006000007c1770 | 70 17 7c 00 00 60 00 00

StubRoutines::SafeFetchN [0x0000000109a394ec, 0x0000000109a394f8] (12 bytes)
[MachCode]
  0x0000000109a394ec: 0100 40f9 | e003 01aa | c003 5fd6 
[/MachCode]

---------------  P R O C E S S  ---------------

Threads class SMR info:
_java_thread_list=0x00006000005119e0, length=20, elements={
0x000000013a00d600, 0x000000013a064400, 0x000000013d0baa00, 0x000000012a80ec00,
0x000000012a80fc00, 0x000000012a810200, 0x000000012a812e00, 0x000000012a813400,
0x000000012a813a00, 0x000000013d0ba400, 0x000000012a82f800, 0x000000013c809e00,
0x000000012a82fe00, 0x000000013c144400, 0x000000013c816c00, 0x000000013c19b600,
0x000000013a1ee400, 0x000000013d264c00, 0x000000012a8a8e00, 0x000000013d2ecc00
}

Java Threads: ( => current thread )
  0x000000013a00d600 JavaThread "main" [_thread_blocked, id=10499, stack(0x000000016fc8c000,0x000000016fe8f000)]
  0x000000013a064400 JavaThread "Reference Handler" daemon [_thread_blocked, id=15619, stack(0x0000000170ae0000,0x0000000170ce3000)]
  0x000000013d0baa00 JavaThread "Finalizer" daemon [_thread_blocked, id=15875, stack(0x0000000170cec000,0x0000000170eef000)]
  0x000000012a80ec00 JavaThread "Signal Dispatcher" daemon [_thread_blocked, id=42243, stack(0x0000000171010000,0x0000000171213000)]
  0x000000012a80fc00 JavaThread "Service Thread" daemon [_thread_blocked, id=22787, stack(0x000000017121c000,0x000000017141f000)]
  0x000000012a810200 JavaThread "Monitor Deflation Thread" daemon [_thread_blocked, id=23299, stack(0x0000000171428000,0x000000017162b000)]
  0x000000012a812e00 JavaThread "C2 CompilerThread0" daemon [_thread_blocked, id=23811, stack(0x0000000171634000,0x0000000171837000)]
  0x000000012a813400 JavaThread "C1 CompilerThread0" daemon [_thread_blocked, id=24323, stack(0x0000000171840000,0x0000000171a43000)]
  0x000000012a813a00 JavaThread "Sweeper thread" daemon [_thread_blocked, id=41475, stack(0x0000000171a4c000,0x0000000171c4f000)]
  0x000000013d0ba400 JavaThread "Common-Cleaner" daemon [_thread_blocked, id=24835, stack(0x0000000171c58000,0x0000000171e5b000)]
  0x000000012a82f800 JavaThread "Monitor Ctrl-Break" daemon [_thread_in_native, id=25347, stack(0x0000000171e64000,0x0000000172067000)]
  0x000000013c809e00 JavaThread "Notification Thread" daemon [_thread_blocked, id=40963, stack(0x0000000172070000,0x0000000172273000)]
  0x000000012a82fe00 JavaThread "QuantumRenderer-0" daemon [_thread_blocked, id=40707, stack(0x0000000172488000,0x000000017268b000)]
=>0x000000013c144400 JavaThread "InvokeLaterDispatcher" daemon [_thread_in_native, id=34823, stack(0x0000000172694000,0x0000000172897000)]
  0x000000013c816c00 JavaThread "JavaFX Application Thread" [_thread_in_vm, id=259, stack(0x000000016f404000,0x000000016fc00000)]
  0x000000013c19b600 JavaThread "PulseTimer-CVDisplayLink thread" daemon [_thread_in_native, id=79623, stack(0x00000001728a0000,0x0000000172923000)]
  0x000000013a1ee400 JavaThread "JavaFX-Launcher" [_thread_blocked, id=77575, stack(0x0000000172bc4000,0x0000000172dc7000)]
  0x000000013d264c00 JavaThread "Prism Font Disposer" daemon [_thread_blocked, id=60683, stack(0x000000017380c000,0x0000000173a0f000)]
  0x000000012a8a8e00 JavaThread "Cleaner-0" daemon [_thread_blocked, id=67343, stack(0x0000000173aa4000,0x0000000173ca7000)]
  0x000000013d2ecc00 JavaThread "Attach Listener" daemon [_thread_blocked, id=73559, stack(0x0000000173cb0000,0x0000000173eb3000)]

Other Threads:
  0x0000000139e0cfd0 VMThread "VM Thread" [stack: 0x00000001708d4000,0x0000000170ad7000] [id=17411]
  0x000000013aa04590 WatcherThread [stack: 0x000000017227c000,0x000000017247f000] [id=25859]
  0x0000000139e08f00 GCTaskThread "GC Thread#0" [stack: 0x000000016fe98000,0x000000017009b000] [id=19715]
  0x000000013a81e390 GCTaskThread "GC Thread#1" [stack: 0x0000000172dd0000,0x0000000172fd3000] [id=58119]
  0x000000013a81e970 GCTaskThread "GC Thread#2" [stack: 0x0000000172fdc000,0x00000001731df000] [id=58883]
  0x000000013a81f1e0 GCTaskThread "GC Thread#3" [stack: 0x00000001731e8000,0x00000001733eb000] [id=59139]
  0x000000013a81fa50 GCTaskThread "GC Thread#4" [stack: 0x00000001733f4000,0x00000001735f7000] [id=59651]
  0x000000013a8202c0 GCTaskThread "GC Thread#5" [stack: 0x0000000173600000,0x0000000173803000] [id=73731]
  0x000000013ab042b0 ConcurrentGCThread "G1 Main Marker" [stack: 0x00000001700a4000,0x00000001702a7000] [id=12547]
  0x000000013ab04b30 ConcurrentGCThread "G1 Conc#0" [stack: 0x00000001702b0000,0x00000001704b3000] [id=18691]
  0x000000013ab069a0 ConcurrentGCThread "G1 Refine#0" [stack: 0x00000001704bc000,0x00000001706bf000] [id=13315]
  0x0000000139e09380 ConcurrentGCThread "G1 Service" [stack: 0x00000001706c8000,0x00000001708cb000] [id=13571]

Threads with active compile tasks:

VM state: not at safepoint (normal execution)

VM Mutex/Monitor currently owned by a thread: None

Heap address: 0x0000000700000000, size: 4096 MB, Compressed Oops mode: Zero based, Oop shift amount: 3

CDS archive(s) mapped at: [0x0000000800000000-0x0000000800bd4000-0x0000000800bd4000), size 12402688, SharedBaseAddress: 0x0000000800000000, ArchiveRelocationMode: 0.
Compressed class space mapped at: 0x0000000800c00000-0x0000000840c00000, reserved size: 1073741824
Narrow klass base: 0x0000000800000000, Narrow klass shift: 0, Narrow klass range: 0x100000000

GC Precious Log:
 CPUs: 8 total, 8 available
 Memory: 16384M
 Large Page Support: Disabled
 NUMA Support: Disabled
 Compressed Oops: Enabled (Zero based)
 Heap Region Size: 2M
 Heap Min Capacity: 8M
 Heap Initial Capacity: 256M
 Heap Max Capacity: 4G
 Pre-touch: Disabled
 Parallel Workers: 8
 Concurrent Workers: 2
 Concurrent Refinement Workers: 8
 Periodic GC: Disabled

Heap:
 garbage-first heap   total 266240K, used 40138K [0x0000000700000000, 0x0000000800000000)
  region size 2048K, 19 young (38912K), 2 survivors (4096K)
 Metaspace       used 14459K, committed 14720K, reserved 1064960K
  class space    used 2115K, committed 2240K, reserved 1048576K

Heap Regions: E=young(eden), S=young(survivor), O=old, HS=humongous(starts), HC=humongous(continues), CS=collection set, F=free, OA=open archive, CA=closed archive, TAMS=top-at-mark-start (previous, next)
|   0|0x0000000700000000, 0x0000000700200000, 0x0000000700200000|100%|HS|  |TAMS 0x0000000700000000, 0x0000000700000000| Complete 
|   1|0x0000000700200000, 0x0000000700200000, 0x0000000700400000|  0%| F|  |TAMS 0x0000000700200000, 0x0000000700200000| Untracked 
|   2|0x0000000700400000, 0x0000000700400000, 0x0000000700600000|  0%| F|  |TAMS 0x0000000700400000, 0x0000000700400000| Untracked 
|   3|0x0000000700600000, 0x0000000700600000, 0x0000000700800000|  0%| F|  |TAMS 0x0000000700600000, 0x0000000700600000| Untracked 
|   4|0x0000000700800000, 0x0000000700800000, 0x0000000700a00000|  0%| F|  |TAMS 0x0000000700800000, 0x0000000700800000| Untracked 
|   5|0x0000000700a00000, 0x0000000700a00000, 0x0000000700c00000|  0%| F|  |TAMS 0x0000000700a00000, 0x0000000700a00000| Untracked 
|   6|0x0000000700c00000, 0x0000000700c00000, 0x0000000700e00000|  0%| F|  |TAMS 0x0000000700c00000, 0x0000000700c00000| Untracked 
|   7|0x0000000700e00000, 0x0000000700e00000, 0x0000000701000000|  0%| F|  |TAMS 0x0000000700e00000, 0x0000000700e00000| Untracked 
|   8|0x0000000701000000, 0x0000000701000000, 0x0000000701200000|  0%| F|  |TAMS 0x0000000701000000, 0x0000000701000000| Untracked 
|   9|0x0000000701200000, 0x0000000701200000, 0x0000000701400000|  0%| F|  |TAMS 0x0000000701200000, 0x0000000701200000| Untracked 
|  10|0x0000000701400000, 0x0000000701400000, 0x0000000701600000|  0%| F|  |TAMS 0x0000000701400000, 0x0000000701400000| Untracked 
|  11|0x0000000701600000, 0x0000000701600000, 0x0000000701800000|  0%| F|  |TAMS 0x0000000701600000, 0x0000000701600000| Untracked 
|  12|0x0000000701800000, 0x0000000701800000, 0x0000000701a00000|  0%| F|  |TAMS 0x0000000701800000, 0x0000000701800000| Untracked 
|  13|0x0000000701a00000, 0x0000000701a00000, 0x0000000701c00000|  0%| F|  |TAMS 0x0000000701a00000, 0x0000000701a00000| Untracked 
|  14|0x0000000701c00000, 0x0000000701c00000, 0x0000000701e00000|  0%| F|  |TAMS 0x0000000701c00000, 0x0000000701c00000| Untracked 
|  15|0x0000000701e00000, 0x0000000701e00000, 0x0000000702000000|  0%| F|  |TAMS 0x0000000701e00000, 0x0000000701e00000| Untracked 
|  16|0x0000000702000000, 0x0000000702000000, 0x0000000702200000|  0%| F|  |TAMS 0x0000000702000000, 0x0000000702000000| Untracked 
|  17|0x0000000702200000, 0x0000000702200000, 0x0000000702400000|  0%| F|  |TAMS 0x0000000702200000, 0x0000000702200000| Untracked 
|  18|0x0000000702400000, 0x0000000702400000, 0x0000000702600000|  0%| F|  |TAMS 0x0000000702400000, 0x0000000702400000| Untracked 
|  19|0x0000000702600000, 0x0000000702600000, 0x0000000702800000|  0%| F|  |TAMS 0x0000000702600000, 0x0000000702600000| Untracked 
|  20|0x0000000702800000, 0x0000000702800000, 0x0000000702a00000|  0%| F|  |TAMS 0x0000000702800000, 0x0000000702800000| Untracked 
|  21|0x0000000702a00000, 0x0000000702a00000, 0x0000000702c00000|  0%| F|  |TAMS 0x0000000702a00000, 0x0000000702a00000| Untracked 
|  22|0x0000000702c00000, 0x0000000702c00000, 0x0000000702e00000|  0%| F|  |TAMS 0x0000000702c00000, 0x0000000702c00000| Untracked 
|  23|0x0000000702e00000, 0x0000000702e00000, 0x0000000703000000|  0%| F|  |TAMS 0x0000000702e00000, 0x0000000702e00000| Untracked 
|  24|0x0000000703000000, 0x0000000703000000, 0x0000000703200000|  0%| F|  |TAMS 0x0000000703000000, 0x0000000703000000| Untracked 
|  25|0x0000000703200000, 0x0000000703200000, 0x0000000703400000|  0%| F|  |TAMS 0x0000000703200000, 0x0000000703200000| Untracked 
|  26|0x0000000703400000, 0x0000000703400000, 0x0000000703600000|  0%| F|  |TAMS 0x0000000703400000, 0x0000000703400000| Untracked 
|  27|0x0000000703600000, 0x0000000703600000, 0x0000000703800000|  0%| F|  |TAMS 0x0000000703600000, 0x0000000703600000| Untracked 
|  28|0x0000000703800000, 0x0000000703800000, 0x0000000703a00000|  0%| F|  |TAMS 0x0000000703800000, 0x0000000703800000| Untracked 
|  29|0x0000000703a00000, 0x0000000703a00000, 0x0000000703c00000|  0%| F|  |TAMS 0x0000000703a00000, 0x0000000703a00000| Untracked 
|  30|0x0000000703c00000, 0x0000000703c00000, 0x0000000703e00000|  0%| F|  |TAMS 0x0000000703c00000, 0x0000000703c00000| Untracked 
|  31|0x0000000703e00000, 0x0000000703e00000, 0x0000000704000000|  0%| F|  |TAMS 0x0000000703e00000, 0x0000000703e00000| Untracked 
|  32|0x0000000704000000, 0x0000000704000000, 0x0000000704200000|  0%| F|  |TAMS 0x0000000704000000, 0x0000000704000000| Untracked 
|  33|0x0000000704200000, 0x0000000704200000, 0x0000000704400000|  0%| F|  |TAMS 0x0000000704200000, 0x0000000704200000| Untracked 
|  34|0x0000000704400000, 0x0000000704400000, 0x0000000704600000|  0%| F|  |TAMS 0x0000000704400000, 0x0000000704400000| Untracked 
|  35|0x0000000704600000, 0x0000000704600000, 0x0000000704800000|  0%| F|  |TAMS 0x0000000704600000, 0x0000000704600000| Untracked 
|  36|0x0000000704800000, 0x0000000704800000, 0x0000000704a00000|  0%| F|  |TAMS 0x0000000704800000, 0x0000000704800000| Untracked 
|  37|0x0000000704a00000, 0x0000000704a00000, 0x0000000704c00000|  0%| F|  |TAMS 0x0000000704a00000, 0x0000000704a00000| Untracked 
|  38|0x0000000704c00000, 0x0000000704c00000, 0x0000000704e00000|  0%| F|  |TAMS 0x0000000704c00000, 0x0000000704c00000| Untracked 
|  39|0x0000000704e00000, 0x0000000704e00000, 0x0000000705000000|  0%| F|  |TAMS 0x0000000704e00000, 0x0000000704e00000| Untracked 
|  40|0x0000000705000000, 0x0000000705000000, 0x0000000705200000|  0%| F|  |TAMS 0x0000000705000000, 0x0000000705000000| Untracked 
|  41|0x0000000705200000, 0x0000000705200000, 0x0000000705400000|  0%| F|  |TAMS 0x0000000705200000, 0x0000000705200000| Untracked 
|  42|0x0000000705400000, 0x0000000705400000, 0x0000000705600000|  0%| F|  |TAMS 0x0000000705400000, 0x0000000705400000| Untracked 
|  43|0x0000000705600000, 0x0000000705600000, 0x0000000705800000|  0%| F|  |TAMS 0x0000000705600000, 0x0000000705600000| Untracked 
|  44|0x0000000705800000, 0x0000000705800000, 0x0000000705a00000|  0%| F|  |TAMS 0x0000000705800000, 0x0000000705800000| Untracked 
|  45|0x0000000705a00000, 0x0000000705a00000, 0x0000000705c00000|  0%| F|  |TAMS 0x0000000705a00000, 0x0000000705a00000| Untracked 
|  46|0x0000000705c00000, 0x0000000705c00000, 0x0000000705e00000|  0%| F|  |TAMS 0x0000000705c00000, 0x0000000705c00000| Untracked 
|  47|0x0000000705e00000, 0x0000000705e00000, 0x0000000706000000|  0%| F|  |TAMS 0x0000000705e00000, 0x0000000705e00000| Untracked 
|  48|0x0000000706000000, 0x0000000706000000, 0x0000000706200000|  0%| F|  |TAMS 0x0000000706000000, 0x0000000706000000| Untracked 
|  49|0x0000000706200000, 0x0000000706200000, 0x0000000706400000|  0%| F|  |TAMS 0x0000000706200000, 0x0000000706200000| Untracked 
|  50|0x0000000706400000, 0x0000000706400000, 0x0000000706600000|  0%| F|  |TAMS 0x0000000706400000, 0x0000000706400000| Untracked 
|  51|0x0000000706600000, 0x0000000706600000, 0x0000000706800000|  0%| F|  |TAMS 0x0000000706600000, 0x0000000706600000| Untracked 
|  52|0x0000000706800000, 0x0000000706800000, 0x0000000706a00000|  0%| F|  |TAMS 0x0000000706800000, 0x0000000706800000| Untracked 
|  53|0x0000000706a00000, 0x0000000706a00000, 0x0000000706c00000|  0%| F|  |TAMS 0x0000000706a00000, 0x0000000706a00000| Untracked 
|  54|0x0000000706c00000, 0x0000000706c00000, 0x0000000706e00000|  0%| F|  |TAMS 0x0000000706c00000, 0x0000000706c00000| Untracked 
|  55|0x0000000706e00000, 0x0000000706e00000, 0x0000000707000000|  0%| F|  |TAMS 0x0000000706e00000, 0x0000000706e00000| Untracked 
|  56|0x0000000707000000, 0x0000000707000000, 0x0000000707200000|  0%| F|  |TAMS 0x0000000707000000, 0x0000000707000000| Untracked 
|  57|0x0000000707200000, 0x0000000707200000, 0x0000000707400000|  0%| F|  |TAMS 0x0000000707200000, 0x0000000707200000| Untracked 
|  58|0x0000000707400000, 0x0000000707400000, 0x0000000707600000|  0%| F|  |TAMS 0x0000000707400000, 0x0000000707400000| Untracked 
|  59|0x0000000707600000, 0x0000000707600000, 0x0000000707800000|  0%| F|  |TAMS 0x0000000707600000, 0x0000000707600000| Untracked 
|  60|0x0000000707800000, 0x0000000707800000, 0x0000000707a00000|  0%| F|  |TAMS 0x0000000707800000, 0x0000000707800000| Untracked 
|  61|0x0000000707a00000, 0x0000000707a00000, 0x0000000707c00000|  0%| F|  |TAMS 0x0000000707a00000, 0x0000000707a00000| Untracked 
|  62|0x0000000707c00000, 0x0000000707c00000, 0x0000000707e00000|  0%| F|  |TAMS 0x0000000707c00000, 0x0000000707c00000| Untracked 
|  63|0x0000000707e00000, 0x0000000707e00000, 0x0000000708000000|  0%| F|  |TAMS 0x0000000707e00000, 0x0000000707e00000| Untracked 
|  64|0x0000000708000000, 0x0000000708000000, 0x0000000708200000|  0%| F|  |TAMS 0x0000000708000000, 0x0000000708000000| Untracked 
|  65|0x0000000708200000, 0x0000000708200000, 0x0000000708400000|  0%| F|  |TAMS 0x0000000708200000, 0x0000000708200000| Untracked 
|  66|0x0000000708400000, 0x0000000708400000, 0x0000000708600000|  0%| F|  |TAMS 0x0000000708400000, 0x0000000708400000| Untracked 
|  67|0x0000000708600000, 0x0000000708600000, 0x0000000708800000|  0%| F|  |TAMS 0x0000000708600000, 0x0000000708600000| Untracked 
|  68|0x0000000708800000, 0x0000000708800000, 0x0000000708a00000|  0%| F|  |TAMS 0x0000000708800000, 0x0000000708800000| Untracked 
|  69|0x0000000708a00000, 0x0000000708a00000, 0x0000000708c00000|  0%| F|  |TAMS 0x0000000708a00000, 0x0000000708a00000| Untracked 
|  70|0x0000000708c00000, 0x0000000708c00000, 0x0000000708e00000|  0%| F|  |TAMS 0x0000000708c00000, 0x0000000708c00000| Untracked 
|  71|0x0000000708e00000, 0x0000000708e00000, 0x0000000709000000|  0%| F|  |TAMS 0x0000000708e00000, 0x0000000708e00000| Untracked 
|  72|0x0000000709000000, 0x0000000709000000, 0x0000000709200000|  0%| F|  |TAMS 0x0000000709000000, 0x0000000709000000| Untracked 
|  73|0x0000000709200000, 0x0000000709200000, 0x0000000709400000|  0%| F|  |TAMS 0x0000000709200000, 0x0000000709200000| Untracked 
|  74|0x0000000709400000, 0x0000000709400000, 0x0000000709600000|  0%| F|  |TAMS 0x0000000709400000, 0x0000000709400000| Untracked 
|  75|0x0000000709600000, 0x0000000709600000, 0x0000000709800000|  0%| F|  |TAMS 0x0000000709600000, 0x0000000709600000| Untracked 
|  76|0x0000000709800000, 0x0000000709800000, 0x0000000709a00000|  0%| F|  |TAMS 0x0000000709800000, 0x0000000709800000| Untracked 
|  77|0x0000000709a00000, 0x0000000709a00000, 0x0000000709c00000|  0%| F|  |TAMS 0x0000000709a00000, 0x0000000709a00000| Untracked 
|  78|0x0000000709c00000, 0x0000000709c00000, 0x0000000709e00000|  0%| F|  |TAMS 0x0000000709c00000, 0x0000000709c00000| Untracked 
|  79|0x0000000709e00000, 0x0000000709e00000, 0x000000070a000000|  0%| F|  |TAMS 0x0000000709e00000, 0x0000000709e00000| Untracked 
|  80|0x000000070a000000, 0x000000070a000000, 0x000000070a200000|  0%| F|  |TAMS 0x000000070a000000, 0x000000070a000000| Untracked 
|  81|0x000000070a200000, 0x000000070a200000, 0x000000070a400000|  0%| F|  |TAMS 0x000000070a200000, 0x000000070a200000| Untracked 
|  82|0x000000070a400000, 0x000000070a400000, 0x000000070a600000|  0%| F|  |TAMS 0x000000070a400000, 0x000000070a400000| Untracked 
|  83|0x000000070a600000, 0x000000070a600000, 0x000000070a800000|  0%| F|  |TAMS 0x000000070a600000, 0x000000070a600000| Untracked 
|  84|0x000000070a800000, 0x000000070a800000, 0x000000070aa00000|  0%| F|  |TAMS 0x000000070a800000, 0x000000070a800000| Untracked 
|  85|0x000000070aa00000, 0x000000070aa00000, 0x000000070ac00000|  0%| F|  |TAMS 0x000000070aa00000, 0x000000070aa00000| Untracked 
|  86|0x000000070ac00000, 0x000000070ac00000, 0x000000070ae00000|  0%| F|  |TAMS 0x000000070ac00000, 0x000000070ac00000| Untracked 
|  87|0x000000070ae00000, 0x000000070ae00000, 0x000000070b000000|  0%| F|  |TAMS 0x000000070ae00000, 0x000000070ae00000| Untracked 
|  88|0x000000070b000000, 0x000000070b000000, 0x000000070b200000|  0%| F|  |TAMS 0x000000070b000000, 0x000000070b000000| Untracked 
|  89|0x000000070b200000, 0x000000070b200000, 0x000000070b400000|  0%| F|  |TAMS 0x000000070b200000, 0x000000070b200000| Untracked 
|  90|0x000000070b400000, 0x000000070b400000, 0x000000070b600000|  0%| F|  |TAMS 0x000000070b400000, 0x000000070b400000| Untracked 
|  91|0x000000070b600000, 0x000000070b600000, 0x000000070b800000|  0%| F|  |TAMS 0x000000070b600000, 0x000000070b600000| Untracked 
|  92|0x000000070b800000, 0x000000070b800000, 0x000000070ba00000|  0%| F|  |TAMS 0x000000070b800000, 0x000000070b800000| Untracked 
|  93|0x000000070ba00000, 0x000000070ba00000, 0x000000070bc00000|  0%| F|  |TAMS 0x000000070ba00000, 0x000000070ba00000| Untracked 
|  94|0x000000070bc00000, 0x000000070bc00000, 0x000000070be00000|  0%| F|  |TAMS 0x000000070bc00000, 0x000000070bc00000| Untracked 
|  95|0x000000070be00000, 0x000000070be00000, 0x000000070c000000|  0%| F|  |TAMS 0x000000070be00000, 0x000000070be00000| Untracked 
|  96|0x000000070c000000, 0x000000070c000000, 0x000000070c200000|  0%| F|  |TAMS 0x000000070c000000, 0x000000070c000000| Untracked 
|  97|0x000000070c200000, 0x000000070c200000, 0x000000070c400000|  0%| F|  |TAMS 0x000000070c200000, 0x000000070c200000| Untracked 
|  98|0x000000070c400000, 0x000000070c400000, 0x000000070c600000|  0%| F|  |TAMS 0x000000070c400000, 0x000000070c400000| Untracked 
|  99|0x000000070c600000, 0x000000070c600000, 0x000000070c800000|  0%| F|  |TAMS 0x000000070c600000, 0x000000070c600000| Untracked 
| 100|0x000000070c800000, 0x000000070c800000, 0x000000070ca00000|  0%| F|  |TAMS 0x000000070c800000, 0x000000070c800000| Untracked 
| 101|0x000000070ca00000, 0x000000070ca00000, 0x000000070cc00000|  0%| F|  |TAMS 0x000000070ca00000, 0x000000070ca00000| Untracked 
| 102|0x000000070cc00000, 0x000000070cc00000, 0x000000070ce00000|  0%| F|  |TAMS 0x000000070cc00000, 0x000000070cc00000| Untracked 
| 103|0x000000070ce00000, 0x000000070ce00000, 0x000000070d000000|  0%| F|  |TAMS 0x000000070ce00000, 0x000000070ce00000| Untracked 
| 104|0x000000070d000000, 0x000000070d000000, 0x000000070d200000|  0%| F|  |TAMS 0x000000070d000000, 0x000000070d000000| Untracked 
| 105|0x000000070d200000, 0x000000070d200000, 0x000000070d400000|  0%| F|  |TAMS 0x000000070d200000, 0x000000070d200000| Untracked 
| 106|0x000000070d400000, 0x000000070d400000, 0x000000070d600000|  0%| F|  |TAMS 0x000000070d400000, 0x000000070d400000| Untracked 
| 107|0x000000070d600000, 0x000000070d600000, 0x000000070d800000|  0%| F|  |TAMS 0x000000070d600000, 0x000000070d600000| Untracked 
| 108|0x000000070d800000, 0x000000070d800000, 0x000000070da00000|  0%| F|  |TAMS 0x000000070d800000, 0x000000070d800000| Untracked 
| 109|0x000000070da00000, 0x000000070dabb4c8, 0x000000070dc00000| 36%| E|  |TAMS 0x000000070da00000, 0x000000070da00000| Complete 
| 110|0x000000070dc00000, 0x000000070de00000, 0x000000070de00000|100%| E|CS|TAMS 0x000000070dc00000, 0x000000070dc00000| Complete 
| 111|0x000000070de00000, 0x000000070e000000, 0x000000070e000000|100%| E|CS|TAMS 0x000000070de00000, 0x000000070de00000| Complete 
| 112|0x000000070e000000, 0x000000070e200000, 0x000000070e200000|100%| E|CS|TAMS 0x000000070e000000, 0x000000070e000000| Complete 
| 113|0x000000070e200000, 0x000000070e400000, 0x000000070e400000|100%| E|CS|TAMS 0x000000070e200000, 0x000000070e200000| Complete 
| 114|0x000000070e400000, 0x000000070e600000, 0x000000070e600000|100%| E|CS|TAMS 0x000000070e400000, 0x000000070e400000| Complete 
| 115|0x000000070e600000, 0x000000070e73aa70, 0x000000070e800000| 61%| S|CS|TAMS 0x000000070e600000, 0x000000070e600000| Complete 
| 116|0x000000070e800000, 0x000000070ea00000, 0x000000070ea00000|100%| S|CS|TAMS 0x000000070e800000, 0x000000070e800000| Complete 
| 117|0x000000070ea00000, 0x000000070ec00000, 0x000000070ec00000|100%| E|CS|TAMS 0x000000070ea00000, 0x000000070ea00000| Complete 
| 118|0x000000070ec00000, 0x000000070ee00000, 0x000000070ee00000|100%| E|CS|TAMS 0x000000070ec00000, 0x000000070ec00000| Complete 
| 119|0x000000070ee00000, 0x000000070f000000, 0x000000070f000000|100%| E|CS|TAMS 0x000000070ee00000, 0x000000070ee00000| Complete 
| 120|0x000000070f000000, 0x000000070f200000, 0x000000070f200000|100%| E|CS|TAMS 0x000000070f000000, 0x000000070f000000| Complete 
| 121|0x000000070f200000, 0x000000070f400000, 0x000000070f400000|100%| E|CS|TAMS 0x000000070f200000, 0x000000070f200000| Complete 
| 122|0x000000070f400000, 0x000000070f600000, 0x000000070f600000|100%| E|CS|TAMS 0x000000070f400000, 0x000000070f400000| Complete 
| 123|0x000000070f600000, 0x000000070f800000, 0x000000070f800000|100%| E|CS|TAMS 0x000000070f600000, 0x000000070f600000| Complete 
| 124|0x000000070f800000, 0x000000070fa00000, 0x000000070fa00000|100%| E|CS|TAMS 0x000000070f800000, 0x000000070f800000| Complete 
| 125|0x000000070fa00000, 0x000000070fc00000, 0x000000070fc00000|100%| E|CS|TAMS 0x000000070fa00000, 0x000000070fa00000| Complete 
| 126|0x000000070fc00000, 0x000000070fe00000, 0x000000070fe00000|100%| E|CS|TAMS 0x000000070fc00000, 0x000000070fc00000| Complete 
| 127|0x000000070fe00000, 0x0000000710000000, 0x0000000710000000|100%| E|CS|TAMS 0x000000070fe00000, 0x000000070fe00000| Complete 
|2046|0x00000007ffc00000, 0x00000007ffd78000, 0x00000007ffe00000| 73%|OA|  |TAMS 0x00000007ffc00000, 0x00000007ffc00000| Untracked 
|2047|0x00000007ffe00000, 0x00000007ffe80000, 0x0000000800000000| 25%|CA|  |TAMS 0x00000007ffe00000, 0x00000007ffe00000| Untracked 

Card table byte_map: [0x0000000118a38000,0x0000000119238000] _byte_map_base: 0x0000000115238000

Marking Bits (Prev, Next): (CMBitMap*) 0x000000013d008210, (CMBitMap*) 0x000000013d008250
 Prev Bits: [0x0000000119a38000, 0x000000011da38000)
 Next Bits: [0x000000011da38000, 0x0000000121a38000)

Polling page: 0x000000010043c000

Metaspace:

Usage:
  Non-class:     12.05 MB used.
      Class:      2.07 MB used.
       Both:     14.12 MB used.

Virtual space:
  Non-class space:       16.00 MB reserved,      12.19 MB ( 76%) committed,  2 nodes.
      Class space:        1.00 GB reserved,       2.19 MB ( <1%) committed,  1 nodes.
             Both:        1.02 GB reserved,      14.38 MB (  1%) committed. 

Chunk freelists:
   Non-Class:  2.92 MB
       Class:  1.83 MB
        Both:  4.75 MB

MaxMetaspaceSize: unlimited
CompressedClassSpaceSize: 1.00 GB
Initial GC threshold: 21.00 MB
Current GC threshold: 21.00 MB
CDS: on
MetaspaceReclaimPolicy: balanced
 - commit_granule_bytes: 65536.
 - commit_granule_words: 8192.
 - virtual_space_node_default_size: 1048576.
 - enlarge_chunks_in_place: 1.
 - new_chunks_are_fully_committed: 0.
 - uncommit_free_chunks: 1.
 - use_allocation_guard: 0.
 - handle_deallocations: 1.


Internal statistics:

num_allocs_failed_limit: 0.
num_arena_births: 190.
num_arena_deaths: 0.
num_vsnodes_births: 3.
num_vsnodes_deaths: 0.
num_space_committed: 230.
num_space_uncommitted: 0.
num_chunks_returned_to_freelist: 0.
num_chunks_taken_from_freelist: 627.
num_chunk_merges: 0.
num_chunk_splits: 442.
num_chunks_enlarged: 353.
num_purges: 0.
num_inconsistent_stats: 0.

CodeHeap 'non-profiled nmethods': size=120032Kb used=663Kb max_used=663Kb free=119369Kb
 bounds [0x0000000111500000, 0x0000000111770000, 0x0000000118a38000]
CodeHeap 'profiled nmethods': size=120016Kb used=3648Kb max_used=3648Kb free=116368Kb
 bounds [0x0000000109fcc000, 0x000000010a35c000, 0x0000000111500000]
CodeHeap 'non-nmethods': size=5712Kb used=1371Kb max_used=1408Kb free=4340Kb
 bounds [0x0000000109a38000, 0x0000000109ca8000, 0x0000000109fcc000]
 total_blobs=2739 nmethods=1979 adapters=677
 compilation: enabled
              stopped_count=0, restarted_count=0
 full_count=0

Compilation events (20 events):
Event: 2.744 Thread 0x000000012a813400 2029       1       com.sun.javafx.geom.transform.BaseTransform::getMzt (2 bytes)
Event: 2.745 Thread 0x000000012a813400 nmethod 2029 0x00000001115a5310 code [0x00000001115a5480, 0x00000001115a5568]
Event: 2.823 Thread 0x000000012a813400 2030   !   3       com.sun.scenario.animation.shared.AnimationAccessor::getDefault (66 bytes)
Event: 2.824 Thread 0x000000012a813400 nmethod 2030 0x000000010a356d10 code [0x000000010a356f00, 0x000000010a357248]
Event: 2.905 Thread 0x000000012a813400 2031       3       com.sun.scenario.animation.AbstractPrimaryTimer::nanos (37 bytes)
Event: 2.906 Thread 0x000000012a813400 nmethod 2031 0x000000010a357410 code [0x000000010a3575c0, 0x000000010a357828]
Event: 2.906 Thread 0x000000012a813400 2032       3       com.sun.javafx.tk.Toolkit::runPulse (26 bytes)
Event: 2.908 Thread 0x000000012a813400 nmethod 2032 0x000000010a357910 code [0x000000010a357c00, 0x000000010a3587c8]
Event: 2.908 Thread 0x000000012a813400 2033       3       com.sun.javafx.tk.Toolkit$$Lambda$354/0x0000000800e0c6f0::<init> (10 bytes)
Event: 2.908 Thread 0x000000012a813400 nmethod 2033 0x000000010a358c10 code [0x000000010a358dc0, 0x000000010a358fa8]
Event: 2.908 Thread 0x000000012a813400 2034       1       javafx.scene.Scene::isFocusDirty (5 bytes)
Event: 2.908 Thread 0x000000012a813400 nmethod 2034 0x00000001115a5610 code [0x00000001115a5780, 0x00000001115a5868]
Event: 3.241 Thread 0x000000012a813400 2035       1       com.sun.javafx.sg.prism.NGNode::getNodeBlendMode (5 bytes)
Event: 3.241 Thread 0x000000012a813400 nmethod 2035 0x00000001115a5910 code [0x00000001115a5a80, 0x00000001115a5b68]
Event: 3.241 Thread 0x000000012a813400 2036       3       com.sun.prism.es2.ES2Pipeline::is3DSupported (4 bytes)
Event: 3.241 Thread 0x000000012a813400 nmethod 2036 0x000000010a359090 code [0x000000010a359240, 0x000000010a359368]
Event: 3.243 Thread 0x000000012a813400 2037       3       com.sun.javafx.sg.prism.NGNode::clearDirty (26 bytes)
Event: 3.244 Thread 0x000000012a813400 nmethod 2037 0x000000010a359410 code [0x000000010a3595c0, 0x000000010a359858]
Event: 3.244 Thread 0x000000012a813400 2038       3       com.sun.javafx.geom.transform.Affine3D::concatenate (561 bytes)
Event: 3.245 Thread 0x000000012a813400 nmethod 2038 0x000000010a359990 code [0x000000010a359d80, 0x000000010a35b5b8]

GC Heap History (2 events):
Event: 0.374 GC heap before
{Heap before GC invocations=0 (full 0):
 garbage-first heap   total 266240K, used 24544K [0x0000000700000000, 0x0000000800000000)
  region size 2048K, 11 young (22528K), 0 survivors (0K)
 Metaspace       used 7395K, committed 7616K, reserved 1056768K
  class space    used 948K, committed 1024K, reserved 1048576K
}
Event: 0.376 GC heap after
{Heap after GC invocations=1 (full 0):
 garbage-first heap   total 266240K, used 5322K [0x0000000700000000, 0x0000000800000000)
  region size 2048K, 2 young (4096K), 2 survivors (4096K)
 Metaspace       used 7395K, committed 7616K, reserved 1056768K
  class space    used 948K, committed 1024K, reserved 1048576K
}

Deoptimization events (20 events):
Event: 0.799 Thread 0x000000012a82fe00 DEOPT PACKING pc=0x000000010a2babcc sp=0x00000001726891a0
Event: 0.799 Thread 0x000000012a82fe00 DEOPT UNPACKING pc=0x0000000109a76b7c sp=0x0000000172688e00 mode 0
Event: 0.799 Thread 0x000000012a82fe00 DEOPT PACKING pc=0x000000010a2bacb8 sp=0x00000001726891a0
Event: 0.799 Thread 0x000000012a82fe00 DEOPT UNPACKING pc=0x0000000109a76b7c sp=0x0000000172688e00 mode 0
Event: 0.799 Thread 0x000000012a82fe00 DEOPT PACKING pc=0x000000010a2bacb8 sp=0x00000001726891a0
Event: 0.799 Thread 0x000000012a82fe00 DEOPT UNPACKING pc=0x0000000109a76b7c sp=0x0000000172688e00 mode 0
Event: 0.800 Thread 0x000000012a82fe00 DEOPT PACKING pc=0x000000010a2bacb8 sp=0x00000001726891a0
Event: 0.800 Thread 0x000000012a82fe00 DEOPT UNPACKING pc=0x0000000109a76b7c sp=0x0000000172688e00 mode 0
Event: 0.800 Thread 0x000000012a82fe00 DEOPT PACKING pc=0x000000010a2bacb8 sp=0x00000001726891a0
Event: 0.800 Thread 0x000000012a82fe00 DEOPT UNPACKING pc=0x0000000109a76b7c sp=0x0000000172688e00 mode 0
Event: 0.800 Thread 0x000000012a82fe00 DEOPT PACKING pc=0x000000010a2bacb8 sp=0x00000001726891a0
Event: 0.800 Thread 0x000000012a82fe00 DEOPT UNPACKING pc=0x0000000109a76b7c sp=0x0000000172688e00 mode 0
Event: 0.800 Thread 0x000000012a82fe00 DEOPT PACKING pc=0x000000010a2bacb8 sp=0x00000001726891a0
Event: 0.800 Thread 0x000000012a82fe00 DEOPT UNPACKING pc=0x0000000109a76b7c sp=0x0000000172688e00 mode 0
Event: 0.800 Thread 0x000000012a82fe00 DEOPT PACKING pc=0x000000010a2babcc sp=0x00000001726891a0
Event: 0.800 Thread 0x000000012a82fe00 DEOPT UNPACKING pc=0x0000000109a76b7c sp=0x0000000172688e00 mode 0
Event: 1.180 Thread 0x000000013d2ecc00 Uncommon trap: trap_request=0xffffff45 fr.pc=0x0000000111544018 relative=0x0000000000000e58
Event: 1.180 Thread 0x000000013d2ecc00 Uncommon trap: reason=unstable_if action=reinterpret pc=0x0000000111544018 method=java.util.concurrent.ConcurrentHashMap.putVal(Ljava/lang/Object;Ljava/lang/Object;Z)Ljava/lang/Object; @ 148 c2
Event: 1.180 Thread 0x000000013d2ecc00 DEOPT PACKING pc=0x0000000111544018 sp=0x0000000173eb18c0
Event: 1.180 Thread 0x000000013d2ecc00 DEOPT UNPACKING pc=0x0000000109a76d1c sp=0x0000000173eb17d0 mode 2

Classes unloaded (0 events):
No events

Classes redefined (0 events):
No events

Internal exceptions (20 events):
Event: 0.367 Thread 0x000000013c816c00 Exception <a 'java/lang/NoSuchMethodError'{0x000000070eb822c8}: 'java.lang.Object java.lang.invoke.DirectMethodHandle$Holder.invokeStatic(java.lang.Object, int, java.lang.Object)'> (0x000000070eb822c8) 
thrown [open/src/hotspot/share/interpreter/linkResolver.cpp, line 766]
Event: 0.369 Thread 0x000000013c816c00 Exception <a 'java/lang/ClassNotFoundException'{0x000000070eb95a20}: sun/util/logging/resources/spi/loggingProvider> (0x000000070eb95a20) 
thrown [open/src/hotspot/share/classfile/systemDictionary.cpp, line 256]
Event: 0.381 Thread 0x000000013c816c00 Exception <a 'java/lang/NoSuchMethodError'{0x000000070ff06128}: 'java.lang.Object java.lang.invoke.DirectMethodHandle$Holder.invokeSpecial(java.lang.Object, java.lang.Object, java.lang.Object, int, java.lang.Object)'> (0x000000070ff06128) 
thrown [open/src/hotspot/share/interpreter/linkResolver.cpp, line 766]
Event: 0.419 Thread 0x000000013c816c00 Exception <a 'java/lang/NoSuchMethodError'{0x000000070f950d90}: 'void java.lang.invoke.DirectMethodHandle$Holder.invokeStaticInit(java.lang.Object, java.lang.Object)'> (0x000000070f950d90) 
thrown [open/src/hotspot/share/interpreter/linkResolver.cpp, line 766]
Event: 0.423 Thread 0x000000013c816c00 Exception <a 'java/lang/NoSuchMethodError'{0x000000070f9d3760}: 'void java.lang.invoke.DirectMethodHandle$Holder.invokeSpecial(java.lang.Object, java.lang.Object, java.lang.Object, java.lang.Object, java.lang.Object)'> (0x000000070f9d3760) 
thrown [open/src/hotspot/share/interpreter/linkResolver.cpp, line 766]
Event: 0.444 Thread 0x000000013c816c00 Implicit null exception at 0x00000001115414f8 to 0x0000000111541588
Event: 0.448 Thread 0x000000013c816c00 Implicit null exception at 0x0000000111551d10 to 0x00000001115521cc
Event: 0.448 Thread 0x000000013c816c00 Implicit null exception at 0x000000011154be90 to 0x000000011154c33c
Event: 0.493 Thread 0x000000013c816c00 Exception <a 'java/lang/ClassNotFoundException'{0x000000070f132fa8}: com/sun/javafx/scene/control/skin/resources/controls> (0x000000070f132fa8) 
thrown [open/src/hotspot/share/prims/jni.cpp, line 535]
Event: 0.493 Thread 0x000000013c816c00 Exception <a 'java/lang/ClassNotFoundException'{0x000000070f140f48}: com/sun/javafx/scene/control/skin/resources/controls_en> (0x000000070f140f48) 
thrown [open/src/hotspot/share/prims/jni.cpp, line 535]
Event: 0.493 Thread 0x000000013c816c00 Exception <a 'java/lang/ClassNotFoundException'{0x000000070f141ee0}: com/sun/javafx/scene/control/skin/resources/controls_en_US> (0x000000070f141ee0) 
thrown [open/src/hotspot/share/prims/jni.cpp, line 535]
Event: 0.506 Thread 0x000000013c816c00 Exception <a 'java/lang/NoSuchMethodError'{0x000000070ef01370}: 'void java.lang.invoke.DirectMethodHandle$Holder.invokeSpecial(java.lang.Object, java.lang.Object, java.lang.Object, java.lang.Object, java.lang.Object, java.lang.Object)'> (0x000000070ef01370) 
thrown [open/src/hotspot/share/interpreter/linkResolver.cpp, line 766]
Event: 0.644 Thread 0x000000013c816c00 Exception <a 'java/lang/NoSuchMethodError'{0x000000070eb13a58}: 'java.lang.Object java.lang.invoke.DirectMethodHandle$Holder.invokeInterface(java.lang.Object, java.lang.Object, java.lang.Object)'> (0x000000070eb13a58) 
thrown [open/src/hotspot/share/interpreter/linkResolver.cpp, line 766]
Event: 0.644 Thread 0x000000013c816c00 Exception <a 'java/lang/IncompatibleClassChangeError'{0x000000070eb173e0}: Found class java.lang.Object, but interface was expected> (0x000000070eb173e0) 
thrown [open/src/hotspot/share/interpreter/linkResolver.cpp, line 833]
Event: 0.691 Thread 0x000000013c816c00 Exception <a 'java/lang/NoSuchMethodError'{0x000000070e285d78}: 'java.lang.Object java.lang.invoke.DirectMethodHandle$Holder.newInvokeSpecial(java.lang.Object, java.lang.Object, int)'> (0x000000070e285d78) 
thrown [open/src/hotspot/share/interpreter/linkResolver.cpp, line 766]
Event: 0.733 Thread 0x000000012a82fe00 Exception <a 'java/lang/NoSuchMethodError'{0x000000070e066ca0}: 'int java.lang.invoke.DirectMethodHandle$Holder.invokeStaticInit(java.lang.Object, java.lang.Object)'> (0x000000070e066ca0) 
thrown [open/src/hotspot/share/interpreter/linkResolver.cpp, line 766]
Event: 0.740 Thread 0x000000013c816c00 Exception <a 'java/lang/NoSuchMethodError'{0x000000070e3f7648}: 'long java.lang.invoke.DirectMethodHandle$Holder.invokeStatic(java.lang.Object, java.lang.Object, java.lang.Object)'> (0x000000070e3f7648) 
thrown [open/src/hotspot/share/interpreter/linkResolver.cpp, line 766]
Event: 0.740 Thread 0x000000013c816c00 Exception <a 'java/lang/NoSuchMethodError'{0x000000070e3fadf0}: 'long java.lang.invoke.DirectMethodHandle$Holder.invokeStaticInit(java.lang.Object, java.lang.Object, java.lang.Object)'> (0x000000070e3fadf0) 
thrown [open/src/hotspot/share/interpreter/linkResolver.cpp, line 766]
Event: 0.741 Thread 0x000000013c816c00 Exception <a 'java/lang/NoSuchMethodError'{0x000000070e1dacb8}: 'java.lang.Object java.lang.invoke.DirectMethodHandle$Holder.newInvokeSpecial(java.lang.Object, java.lang.Object, long)'> (0x000000070e1dacb8) 
thrown [open/src/hotspot/share/interpreter/linkResolver.cpp, line 766]
Event: 0.741 Thread 0x000000013c816c00 Exception <a 'java/lang/NoSuchMethodError'{0x000000070e1de580}: 'java.lang.Object java.lang.invoke.Invokers$Holder.linkToTargetMethod(java.lang.Object, long, java.lang.Object)'> (0x000000070e1de580) 
thrown [open/src/hotspot/share/interpreter/linkResolver.cpp, line 766]

VM Operations (20 events):
Event: 0.069 Executing VM operation: HandshakeAllThreads
Event: 0.069 Executing VM operation: HandshakeAllThreads done
Event: 0.291 Executing VM operation: ICBufferFull
Event: 0.291 Executing VM operation: ICBufferFull done
Event: 0.374 Executing VM operation: G1CollectForAllocation
Event: 0.376 Executing VM operation: G1CollectForAllocation done
Event: 0.397 Executing VM operation: HandshakeAllThreads
Event: 0.397 Executing VM operation: HandshakeAllThreads done
Event: 0.479 Executing VM operation: ICBufferFull
Event: 0.479 Executing VM operation: ICBufferFull done
Event: 0.628 Executing VM operation: HandshakeAllThreads
Event: 0.628 Executing VM operation: HandshakeAllThreads done
Event: 0.670 Executing VM operation: ICBufferFull
Event: 0.670 Executing VM operation: ICBufferFull done
Event: 0.919 Executing VM operation: ICBufferFull
Event: 0.919 Executing VM operation: ICBufferFull done
Event: 2.074 Executing VM operation: Cleanup
Event: 2.074 Executing VM operation: Cleanup done
Event: 3.079 Executing VM operation: Cleanup
Event: 3.079 Executing VM operation: Cleanup done

Events (20 events):
Event: 1.179 loading class sun/util/locale/provider/TimeZoneNameUtility
Event: 1.179 loading class sun/util/locale/provider/TimeZoneNameUtility done
Event: 1.179 loading class sun/util/locale/provider/TimeZoneNameUtility$TimeZoneNameGetter
Event: 1.179 loading class sun/util/locale/provider/TimeZoneNameUtility$TimeZoneNameGetter done
Event: 1.179 loading class sun/util/cldr/CLDRTimeZoneNameProviderImpl
Event: 1.179 loading class sun/util/locale/provider/TimeZoneNameProviderImpl
Event: 1.179 loading class sun/util/locale/provider/TimeZoneNameProviderImpl done
Event: 1.179 loading class sun/util/cldr/CLDRTimeZoneNameProviderImpl done
Event: 1.180 loading class sun/util/locale/provider/BaseLocaleDataMetaInfo
Event: 1.180 loading class sun/util/locale/provider/BaseLocaleDataMetaInfo done
Event: 1.181 loading class sun/util/resources/cldr/TimeZoneNames
Event: 1.181 loading class sun/util/resources/TimeZoneNamesBundle
Event: 1.181 loading class sun/util/resources/OpenListResourceBundle
Event: 1.181 loading class sun/util/resources/OpenListResourceBundle done
Event: 1.181 loading class sun/util/resources/TimeZoneNamesBundle done
Event: 1.181 loading class sun/util/resources/cldr/TimeZoneNames done
Event: 1.181 loading class sun/util/resources/cldr/TimeZoneNames_en
Event: 1.181 loading class sun/util/resources/cldr/TimeZoneNames_en done
Event: 1.181 loading class sun/util/resources/cldr/TimeZoneNames_en_US
Event: 1.181 loading class sun/util/resources/cldr/TimeZoneNames_en_US done


Dynamic libraries:
0x0000000100334000 	/Users/danielweiner/Library/Java/JavaVirtualMachines/openjdk-17.0.2/Contents/Home/lib/libjli.dylib
0x00000001a1cd8000 	/usr/lib/libz.1.dylib
0x00000001a1d8f000 	/usr/lib/libSystem.B.dylib
0x00000001a1d89000 	/usr/lib/system/libcache.dylib
0x00000001a1d47000 	/usr/lib/system/libcommonCrypto.dylib
0x00000001a1d70000 	/usr/lib/system/libcompiler_rt.dylib
0x00000001a1d67000 	/usr/lib/system/libcopyfile.dylib
0x0000000196fcf000 	/usr/lib/system/libcorecrypto.dylib
0x0000000197082000 	/usr/lib/system/libdispatch.dylib
0x0000000197250000 	/usr/lib/system/libdyld.dylib
0x00000001a1d7f000 	/usr/lib/system/libkeymgr.dylib
0x00000001a1d22000 	/usr/lib/system/libmacho.dylib
0x00000001a1417000 	/usr/lib/system/libquarantine.dylib
0x00000001a1d7c000 	/usr/lib/system/libremovefile.dylib
0x000000019c3b8000 	/usr/lib/system/libsystem_asl.dylib
0x0000000196f71000 	/usr/lib/system/libsystem_blocks.dylib
0x000000019710a000 	/usr/lib/system/libsystem_c.dylib
0x00000001a1d74000 	/usr/lib/system/libsystem_collections.dylib
0x00000001a08a5000 	/usr/lib/system/libsystem_configuration.dylib
0x000000019fb01000 	/usr/lib/system/libsystem_containermanager.dylib
0x00000001a1a84000 	/usr/lib/system/libsystem_coreservices.dylib
0x0000000199978000 	/usr/lib/system/libsystem_darwin.dylib
0x00000001a1d80000 	/usr/lib/system/libsystem_dnssd.dylib
0x0000000197107000 	/usr/lib/system/libsystem_featureflags.dylib
0x0000000197265000 	/usr/lib/system/libsystem_info.dylib
0x00000001a1cea000 	/usr/lib/system/libsystem_m.dylib
0x0000000197057000 	/usr/lib/system/libsystem_malloc.dylib
0x000000019c347000 	/usr/lib/system/libsystem_networkextension.dylib
0x0000000199dd1000 	/usr/lib/system/libsystem_notify.dylib
0x00000001a80cd000 	/usr/lib/system/libsystem_product_info_filter.dylib
0x00000001a08aa000 	/usr/lib/system/libsystem_sandbox.dylib
0x00000001a1d79000 	/usr/lib/system/libsystem_secinit.dylib
0x000000019720b000 	/usr/lib/system/libsystem_kernel.dylib
0x000000019725d000 	/usr/lib/system/libsystem_platform.dylib
0x0000000197243000 	/usr/lib/system/libsystem_pthread.dylib
0x000000019db10000 	/usr/lib/system/libsystem_symptoms.dylib
0x0000000196fb5000 	/usr/lib/system/libsystem_trace.dylib
0x00000001a1d54000 	/usr/lib/system/libunwind.dylib
0x0000000196f73000 	/usr/lib/system/libxpc.dylib
0x00000001971f3000 	/usr/lib/libc++abi.dylib
0x00000001970c9000 	/usr/lib/libobjc.A.dylib
0x00000001a1d5f000 	/usr/lib/liboah.dylib
0x000000019718c000 	/usr/lib/libc++.1.dylib
0x00000001adbe6000 	/System/Library/Frameworks/Cocoa.framework/Versions/A/Cocoa
0x0000000199e32000 	/System/Library/Frameworks/AppKit.framework/Versions/C/AppKit
0x000000019d338000 	/System/Library/Frameworks/CoreData.framework/Versions/A/CoreData
0x000000019818d000 	/System/Library/Frameworks/Foundation.framework/Versions/C/Foundation
0x000000019acea000 	/System/Library/PrivateFrameworks/UIFoundation.framework/Versions/A/UIFoundation
0x00000001a7dc7000 	/System/Library/PrivateFrameworks/RemoteViewServices.framework/Versions/A/RemoteViewServices
0x00000001a024d000 	/System/Library/PrivateFrameworks/XCTTargetBootstrap.framework/Versions/A/XCTTargetBootstrap
0x00000001a3acb000 	/System/Library/PrivateFrameworks/InternationalSupport.framework/Versions/A/InternationalSupport
0x00000001a3b54000 	/System/Library/PrivateFrameworks/UserActivity.framework/Versions/A/UserActivity
0x00000001a2fc6000 	/usr/lib/libspindump.dylib
0x000000019af5b000 	/System/Library/Frameworks/UniformTypeIdentifiers.framework/Versions/A/UniformTypeIdentifiers
0x000000019e798000 	/usr/lib/libapp_launch_measurement.dylib
0x000000019dcc2000 	/System/Library/PrivateFrameworks/CoreAnalytics.framework/Versions/A/CoreAnalytics
0x000000019e79b000 	/System/Library/PrivateFrameworks/CoreAutoLayout.framework/Versions/A/CoreAutoLayout
0x000000019fb3e000 	/System/Library/Frameworks/Metal.framework/Versions/A/Metal
0x00000001a08b5000 	/usr/lib/liblangid.dylib
0x00000001a0252000 	/System/Library/PrivateFrameworks/CoreSVG.framework/Versions/A/CoreSVG
0x000000019c3ec000 	/System/Library/PrivateFrameworks/SkyLight.framework/Versions/A/SkyLight
0x000000019c7c1000 	/System/Library/Frameworks/CoreGraphics.framework/Versions/A/CoreGraphics
0x00000001a8493000 	/System/Library/Frameworks/Accelerate.framework/Versions/A/Accelerate
0x00000001a2a3d000 	/System/Library/PrivateFrameworks/IconServices.framework/Versions/A/IconServices
0x000000019fb20000 	/System/Library/Frameworks/IOSurface.framework/Versions/A/IOSurface
0x000000019dcf3000 	/usr/lib/libDiagnosticMessagesClient.dylib
0x00000001ab994000 	/System/Library/Frameworks/ApplicationServices.framework/Versions/A/ApplicationServices
0x00000001a0235000 	/System/Library/PrivateFrameworks/DFRFoundation.framework/Versions/A/DFRFoundation
0x00000001996c2000 	/usr/lib/libicucore.A.dylib
0x00000001a4977000 	/System/Library/Frameworks/AudioToolbox.framework/Versions/A/AudioToolbox
0x00000001a3ad7000 	/System/Library/PrivateFrameworks/DataDetectorsCore.framework/Versions/A/DataDetectorsCore
0x00000001ba417000 	/System/Library/PrivateFrameworks/TextInput.framework/Versions/A/TextInput
0x000000019c361000 	/usr/lib/libMobileGestalt.dylib
0x000000019ff01000 	/System/Library/Frameworks/Carbon.framework/Versions/A/Frameworks/HIToolbox.framework/Versions/A/HIToolbox
0x000000019e174000 	/System/Library/Frameworks/QuartzCore.framework/Versions/A/QuartzCore
0x0000000199345000 	/System/Library/Frameworks/Security.framework/Versions/A/Security
0x00000001a7e07000 	/System/Library/Frameworks/Carbon.framework/Versions/A/Frameworks/SpeechRecognition.framework/Versions/A/SpeechRecognition
0x000000019e4ee000 	/System/Library/PrivateFrameworks/CoreUI.framework/Versions/A/CoreUI
0x0000000198c22000 	/System/Library/Frameworks/CoreAudio.framework/Versions/A/CoreAudio
0x000000019dde8000 	/System/Library/Frameworks/DiskArbitration.framework/Versions/A/DiskArbitration
0x00000001a33d0000 	/System/Library/PrivateFrameworks/MultitouchSupport.framework/Versions/A/MultitouchSupport
0x000000019c35f000 	/usr/lib/libenergytrace.dylib
0x0000000199cfa000 	/System/Library/Frameworks/IOKit.framework/Versions/A/IOKit
0x00000001a81f6000 	/System/Library/Frameworks/CoreServices.framework/Versions/A/CoreServices
0x000000019e728000 	/System/Library/PrivateFrameworks/PerformanceAnalysis.framework/Versions/A/PerformanceAnalysis
0x00000001f86ff000 	/System/Library/Frameworks/OpenGL.framework/Versions/A/OpenGL
0x00000001a132f000 	/System/Library/PrivateFrameworks/MobileKeyBag.framework/Versions/A/MobileKeyBag
0x000000019cdce000 	/System/Library/Frameworks/ColorSync.framework/Versions/A/ColorSync
0x0000000197292000 	/System/Library/Frameworks/CoreFoundation.framework/Versions/A/CoreFoundation
0x00000001a04d1000 	/System/Library/Frameworks/CoreImage.framework/Versions/A/CoreImage
0x0000000198a46000 	/System/Library/Frameworks/CoreText.framework/Versions/A/CoreText
0x00000001a0282000 	/System/Library/Frameworks/ImageIO.framework/Versions/A/ImageIO
0x00000001a1d95000 	/System/Library/PrivateFrameworks/SoftLinking.framework/Versions/A/SoftLinking
0x000000019e7e6000 	/usr/lib/libxml2.2.dylib
0x00000001a202e000 	/usr/lib/libcompression.dylib
0x00000001a3a27000 	/System/Library/PrivateFrameworks/TextureIO.framework/Versions/A/TextureIO
0x00000001a2756000 	/usr/lib/libate.dylib
0x00000001a261b000 	/usr/lib/liblzma.5.dylib
0x0000000197e81000 	/System/Library/Frameworks/SystemConfiguration.framework/Versions/A/SystemConfiguration
0x00000001a1d91000 	/usr/lib/libfakelink.dylib
0x000000019be93000 	/System/Library/Frameworks/CFNetwork.framework/Versions/A/CFNetwork
0x00000001a1ed7000 	/usr/lib/libarchive.2.dylib
0x00000001a08b1000 	/System/Library/PrivateFrameworks/AppleSystemInfo.framework/Versions/A/AppleSystemInfo
0x00000001a1442000 	/usr/lib/libbsm.0.dylib
0x000000019b404000 	/usr/lib/libnetwork.dylib
0x00000001a1d2b000 	/usr/lib/system/libkxld.dylib
0x00000001a1055000 	/System/Library/PrivateFrameworks/IOMobileFramebuffer.framework/Versions/A/IOMobileFramebuffer
0x000000021602b000 	/usr/lib/libCoreEntitlements.dylib
0x00000001a1a66000 	/System/Library/PrivateFrameworks/AppleFSCompression.framework/Versions/A/AppleFSCompression
0x00000001a142a000 	/usr/lib/libcoretls.dylib
0x00000001a2634000 	/usr/lib/libcoretls_cfhelpers.dylib
0x00000001a2029000 	/usr/lib/libpam.2.dylib
0x000000019d727000 	/usr/lib/libsqlite3.dylib
0x00000001a269d000 	/usr/lib/libxar.1.dylib
0x00000001a1a77000 	/usr/lib/libbz2.1.0.dylib
0x00000001a1d96000 	/usr/lib/libpcap.A.dylib
0x000000019db07000 	/usr/lib/libdns_services.dylib
0x00000001a1ffc000 	/usr/lib/libapple_nghttp2.dylib
0x00000001a1dd3000 	/usr/lib/libiconv.2.dylib
0x00000001a1d21000 	/usr/lib/libcharset.1.dylib
0x000000019e764000 	/System/Library/Frameworks/CoreServices.framework/Versions/A/Frameworks/FSEvents.framework/Versions/A/FSEvents
0x0000000199983000 	/System/Library/Frameworks/CoreServices.framework/Versions/A/Frameworks/CarbonCore.framework/Versions/A/CarbonCore
0x000000019dd48000 	/System/Library/Frameworks/CoreServices.framework/Versions/A/Frameworks/Metadata.framework/Versions/A/Metadata
0x00000001a1a8a000 	/System/Library/Frameworks/CoreServices.framework/Versions/A/Frameworks/OSServices.framework/Versions/A/OSServices
0x00000001a1f5d000 	/System/Library/Frameworks/CoreServices.framework/Versions/A/Frameworks/SearchKit.framework/Versions/A/SearchKit
0x000000019da96000 	/System/Library/Frameworks/CoreServices.framework/Versions/A/Frameworks/AE.framework/Versions/A/AE
0x00000001977d8000 	/System/Library/Frameworks/CoreServices.framework/Versions/A/Frameworks/LaunchServices.framework/Versions/A/LaunchServices
0x00000001a25c4000 	/System/Library/Frameworks/CoreServices.framework/Versions/A/Frameworks/DictionaryServices.framework/Versions/A/DictionaryServices
0x000000019e771000 	/System/Library/Frameworks/CoreServices.framework/Versions/A/Frameworks/SharedFileList.framework/Versions/A/SharedFileList
0x00000001a141a000 	/usr/lib/libCheckFix.dylib
0x000000019c3d0000 	/System/Library/PrivateFrameworks/TCC.framework/Versions/A/TCC
0x00000001a08b7000 	/System/Library/PrivateFrameworks/CoreNLP.framework/Versions/A/CoreNLP
0x000000019dcf6000 	/System/Library/PrivateFrameworks/MetadataUtilities.framework/Versions/A/MetadataUtilities
0x0000000197f3a000 	/usr/lib/libmecabra.dylib
0x00000001a1453000 	/usr/lib/libmecab.dylib
0x0000000197f06000 	/usr/lib/libCRFSuite.dylib
0x00000001a14b0000 	/usr/lib/libgermantok.dylib
0x00000001a1fd5000 	/usr/lib/libThaiTokenizer.dylib
0x000000019ddf0000 	/System/Library/Frameworks/Accelerate.framework/Versions/A/Frameworks/vImage.framework/Versions/A/vImage
0x00000001a81cd000 	/System/Library/Frameworks/Accelerate.framework/Versions/A/Frameworks/vecLib.framework/Versions/A/vecLib
0x00000001a26e2000 	/System/Library/Frameworks/Accelerate.framework/Versions/A/Frameworks/vecLib.framework/Versions/A/libvMisc.dylib
0x00000001a0f5c000 	/System/Library/Frameworks/Accelerate.framework/Versions/A/Frameworks/vecLib.framework/Versions/A/libvDSP.dylib
0x0000000197b61000 	/System/Library/Frameworks/Accelerate.framework/Versions/A/Frameworks/vecLib.framework/Versions/A/libBLAS.dylib
0x00000001a20ff000 	/System/Library/Frameworks/Accelerate.framework/Versions/A/Frameworks/vecLib.framework/Versions/A/libLAPACK.dylib
0x00000001a14b3000 	/System/Library/Frameworks/Accelerate.framework/Versions/A/Frameworks/vecLib.framework/Versions/A/libLinearAlgebra.dylib
0x00000001a2014000 	/System/Library/Frameworks/Accelerate.framework/Versions/A/Frameworks/vecLib.framework/Versions/A/libSparseBLAS.dylib
0x00000001a20fa000 	/System/Library/Frameworks/Accelerate.framework/Versions/A/Frameworks/vecLib.framework/Versions/A/libQuadrature.dylib
0x00000001a09b0000 	/System/Library/Frameworks/Accelerate.framework/Versions/A/Frameworks/vecLib.framework/Versions/A/libBNNS.dylib
0x0000000197e1f000 	/System/Library/Frameworks/Accelerate.framework/Versions/A/Frameworks/vecLib.framework/Versions/A/libSparse.dylib
0x00000001a09a8000 	/System/Library/PrivateFrameworks/LinguisticData.framework/Versions/A/LinguisticData
0x0000000197dd7000 	/System/Library/PrivateFrameworks/Lexicon.framework/Versions/A/Lexicon
0x00000001a26da000 	/usr/lib/libChineseTokenizer.dylib
0x000000019857e000 	/System/Library/PrivateFrameworks/LanguageModeling.framework/Versions/A/LanguageModeling
0x00000001a1fd7000 	/System/Library/PrivateFrameworks/AppleSauce.framework/Versions/A/AppleSauce
0x00000001a1042000 	/System/Library/PrivateFrameworks/CoreEmoji.framework/Versions/A/CoreEmoji
0x00000001a1ec5000 	/usr/lib/libcmph.dylib
0x000000019e744000 	/System/Library/Frameworks/OpenDirectory.framework/Versions/A/Frameworks/CFOpenDirectory.framework/Versions/A/CFOpenDirectory
0x000000019e734000 	/System/Library/Frameworks/OpenDirectory.framework/Versions/A/OpenDirectory
0x00000001a2636000 	/System/Library/PrivateFrameworks/APFS.framework/Versions/A/APFS
0x00000001a136a000 	/System/Library/Frameworks/SecurityFoundation.framework/Versions/A/SecurityFoundation
0x00000001a26ac000 	/usr/lib/libutil.dylib
0x0000000199cbc000 	/System/Library/PrivateFrameworks/CoreServicesStore.framework/Versions/A/CoreServicesStore
0x00000001a26b0000 	/usr/lib/libxslt.1.dylib
0x00000001a13fe000 	/System/Library/PrivateFrameworks/BackgroundTaskManagement.framework/Versions/A/BackgroundTaskManagement
0x00000001a3948000 	/System/Library/Frameworks/ImageIO.framework/Versions/A/Resources/libRadiance.dylib
0x00000001a3951000 	/System/Library/Frameworks/ImageIO.framework/Versions/A/Resources/libJPEG.dylib
0x00000001a38a4000 	/System/Library/Frameworks/ImageIO.framework/Versions/A/Resources/libPng.dylib
0x00000001a38c6000 	/System/Library/Frameworks/ImageIO.framework/Versions/A/Resources/libTIFF.dylib
0x00000001a39ac000 	/System/Library/Frameworks/ImageIO.framework/Versions/A/Resources/libGIF.dylib
0x00000001a32e0000 	/System/Library/Frameworks/ImageIO.framework/Versions/A/Resources/libJP2.dylib
0x00000001a2a02000 	/usr/lib/libexpat.1.dylib
0x00000001a329b000 	/System/Library/PrivateFrameworks/AppleJPEG.framework/Versions/A/AppleJPEG
0x000000019fdbd000 	/System/Library/PrivateFrameworks/FontServices.framework/libFontParser.dylib
0x000000019da3b000 	/System/Library/PrivateFrameworks/RunningBoardServices.framework/Versions/A/RunningBoardServices
0x00000001ae2b9000 	/System/Library/PrivateFrameworks/IOSurfaceAccelerator.framework/Versions/A/IOSurfaceAccelerator
0x00000001a33cc000 	/System/Library/PrivateFrameworks/WatchdogClient.framework/Versions/A/WatchdogClient
0x0000000198682000 	/System/Library/Frameworks/CoreDisplay.framework/Versions/A/CoreDisplay
0x000000019fca7000 	/System/Library/Frameworks/CoreMedia.framework/Versions/A/CoreMedia
0x000000019fb34000 	/System/Library/PrivateFrameworks/IOAccelerator.framework/Versions/A/IOAccelerator
0x000000019e8d4000 	/System/Library/Frameworks/CoreVideo.framework/Versions/A/CoreVideo
0x00000001a2027000 	/System/Library/Frameworks/MetalPerformanceShaders.framework/Versions/A/MetalPerformanceShaders
0x00000001a340b000 	/System/Library/Frameworks/VideoToolbox.framework/Versions/A/VideoToolbox
0x000000019d97f000 	/System/Library/PrivateFrameworks/BaseBoard.framework/Versions/A/BaseBoard
0x000000019d70d000 	/System/Library/PrivateFrameworks/ProtocolBuffer.framework/Versions/A/ProtocolBuffer
0x00000001a3943000 	/System/Library/PrivateFrameworks/GPUWrangler.framework/Versions/A/GPUWrangler
0x00000001a3923000 	/System/Library/PrivateFrameworks/IOPresentment.framework/Versions/A/IOPresentment
0x00000001a394b000 	/System/Library/PrivateFrameworks/DSExternalDisplay.framework/Versions/A/DSExternalDisplay
0x00000001f86f2000 	/System/Library/Frameworks/OpenGL.framework/Versions/A/Libraries/libCoreFSCache.dylib
0x0000000202bb1000 	/System/Library/PrivateFrameworks/GPUCompiler.framework/Versions/31001/Libraries/libGPUCompilerUtils.dylib
0x00000001a39b1000 	/System/Library/PrivateFrameworks/CMCaptureCore.framework/Versions/A/CMCaptureCore
0x00000001a2fb3000 	/System/Library/PrivateFrameworks/AppServerSupport.framework/Versions/A/AppServerSupport
0x00000001a5234000 	/System/Library/PrivateFrameworks/perfdata.framework/Versions/A/perfdata
0x00000001987a2000 	/System/Library/PrivateFrameworks/AudioToolboxCore.framework/Versions/A/AudioToolboxCore
0x000000019fc80000 	/System/Library/PrivateFrameworks/caulk.framework/Versions/A/caulk
0x00000001a4b29000 	/usr/lib/libAudioStatistics.dylib
0x00000001b6a7e000 	/System/Library/PrivateFrameworks/SystemPolicy.framework/Versions/A/SystemPolicy
0x00000001a4d95000 	/usr/lib/libSMC.dylib
0x00000001adac8000 	/System/Library/Frameworks/CoreMIDI.framework/Versions/A/CoreMIDI
0x00000001a3872000 	/usr/lib/libAudioToolboxUtility.dylib
0x00000001b2b4b000 	/System/Library/PrivateFrameworks/OSAServicesClient.framework/Versions/A/OSAServicesClient
0x00000001a5241000 	/usr/lib/libperfcheck.dylib
0x00000001b7596000 	/usr/lib/libmis.dylib
0x00000001f8754000 	/System/Library/Frameworks/OpenGL.framework/Versions/A/Libraries/libGLU.dylib
0x00000001f8713000 	/System/Library/Frameworks/OpenGL.framework/Versions/A/Libraries/libGFXShared.dylib
0x00000001f8900000 	/System/Library/Frameworks/OpenGL.framework/Versions/A/Libraries/libGL.dylib
0x00000001f871c000 	/System/Library/Frameworks/OpenGL.framework/Versions/A/Libraries/libGLImage.dylib
0x00000001f8710000 	/System/Library/Frameworks/OpenGL.framework/Versions/A/Libraries/libCVMSPluginSupport.dylib
0x00000001f86f9000 	/System/Library/Frameworks/OpenGL.framework/Versions/A/Libraries/libCoreVMClient.dylib
0x00000001a0831000 	/System/Library/Frameworks/MetalPerformanceShaders.framework/Versions/A/Frameworks/MPSCore.framework/Versions/A/MPSCore
0x00000001a19d9000 	/System/Library/Frameworks/MetalPerformanceShaders.framework/Versions/A/Frameworks/MPSImage.framework/Versions/A/MPSImage
0x00000001a14c8000 	/System/Library/Frameworks/MetalPerformanceShaders.framework/Versions/A/Frameworks/MPSNeuralNetwork.framework/Versions/A/MPSNeuralNetwork
0x00000001a1901000 	/System/Library/Frameworks/MetalPerformanceShaders.framework/Versions/A/Frameworks/MPSMatrix.framework/Versions/A/MPSMatrix
0x00000001a16da000 	/System/Library/Frameworks/MetalPerformanceShaders.framework/Versions/A/Frameworks/MPSRayIntersector.framework/Versions/A/MPSRayIntersector
0x00000001a1932000 	/System/Library/Frameworks/MetalPerformanceShaders.framework/Versions/A/Frameworks/MPSNDArray.framework/Versions/A/MPSNDArray
0x00000001fa86b000 	/System/Library/Frameworks/MetalPerformanceShaders.framework/Versions/A/Frameworks/MPSFunctions.framework/Versions/A/MPSFunctions
0x0000000197a38000 	/System/Library/PrivateFrameworks/MetalTools.framework/Versions/A/MetalTools
0x00000001a08af000 	/System/Library/PrivateFrameworks/AggregateDictionary.framework/Versions/A/AggregateDictionary
0x00000001a27e7000 	/usr/lib/libIOReport.dylib
0x00000001acae6000 	/System/Library/PrivateFrameworks/ASEProcessing.framework/Versions/A/ASEProcessing
0x00000001a2b5c000 	/System/Library/PrivateFrameworks/FaceCore.framework/Versions/A/FaceCore
0x00000001a2b4e000 	/System/Library/PrivateFrameworks/GraphVisualizer.framework/Versions/A/GraphVisualizer
0x0000000202ac8000 	/System/Library/PrivateFrameworks/FontServices.framework/Versions/A/FontServices
0x00000001a2f6f000 	/System/Library/PrivateFrameworks/OTSVG.framework/Versions/A/OTSVG
0x000000019e49e000 	/System/Library/Frameworks/ApplicationServices.framework/Versions/A/Frameworks/ATS.framework/Versions/A/Resources/libFontRegistry.dylib
0x00000001a2fbc000 	/System/Library/PrivateFrameworks/FontServices.framework/libhvf.dylib
0x0000000202ac9000 	/System/Library/PrivateFrameworks/FontServices.framework/libXTFontStaticRegistryData.dylib
0x00000001f8aa1000 	/System/Library/Frameworks/OpenCL.framework/Versions/A/OpenCL
0x00000001a29b6000 	/System/Library/PrivateFrameworks/AppleVA.framework/Versions/A/AppleVA
0x00000001a4b51000 	/System/Library/Frameworks/ApplicationServices.framework/Versions/A/Frameworks/ATS.framework/Versions/A/ATS
0x000000019cecb000 	/System/Library/Frameworks/ApplicationServices.framework/Versions/A/Frameworks/HIServices.framework/Versions/A/HIServices
0x00000001a39bb000 	/System/Library/Frameworks/ApplicationServices.framework/Versions/A/Frameworks/PrintCore.framework/Versions/A/PrintCore
0x00000001a4ee8000 	/System/Library/Frameworks/ApplicationServices.framework/Versions/A/Frameworks/QD.framework/Versions/A/QD
0x00000001a4ee0000 	/System/Library/Frameworks/ApplicationServices.framework/Versions/A/Frameworks/ColorSyncLegacy.framework/Versions/A/ColorSyncLegacy
0x00000001a4b3d000 	/System/Library/Frameworks/ApplicationServices.framework/Versions/A/Frameworks/SpeechSynthesis.framework/Versions/A/SpeechSynthesis
0x00000001a397c000 	/System/Library/Frameworks/ApplicationServices.framework/Versions/A/Frameworks/ATSUI.framework/Versions/A/ATSUI
0x00000001a4e75000 	/usr/lib/libcups.2.dylib
0x00000001a524f000 	/System/Library/Frameworks/Kerberos.framework/Versions/A/Kerberos
0x00000001a5260000 	/System/Library/Frameworks/GSS.framework/Versions/A/GSS
0x00000001a4bc1000 	/usr/lib/libresolv.9.dylib
0x00000001a2fcb000 	/System/Library/PrivateFrameworks/Heimdal.framework/Versions/A/Heimdal
0x00000001abd1b000 	/System/Library/Frameworks/Kerberos.framework/Versions/A/Libraries/libHeimdalProxy.dylib
0x000000019db19000 	/System/Library/Frameworks/Network.framework/Versions/A/Network
0x00000001a2a1d000 	/usr/lib/libheimdal-asn1.dylib
0x00000001a52b0000 	/System/Library/PrivateFrameworks/CommonAuth.framework/Versions/A/CommonAuth
0x00000001a4ab7000 	/System/Library/PrivateFrameworks/AudioSession.framework/Versions/A/AudioSession
0x00000001a2aaf000 	/System/Library/PrivateFrameworks/MediaExperience.framework/Versions/A/MediaExperience
0x00000001a493d000 	/System/Library/PrivateFrameworks/AudioSession.framework/libSessionUtility.dylib
0x00000001a4ef4000 	/System/Library/PrivateFrameworks/AudioResourceArbitration.framework/Versions/A/AudioResourceArbitration
0x00000001a90aa000 	/System/Library/PrivateFrameworks/PowerLog.framework/Versions/A/PowerLog
0x00000001a2a27000 	/System/Library/PrivateFrameworks/IconFoundation.framework/Versions/A/IconFoundation
0x00000001a7df3000 	/System/Library/PrivateFrameworks/SpeechRecognitionCore.framework/Versions/A/SpeechRecognitionCore
0x0000000101348000 	/Users/danielweiner/Library/Java/JavaVirtualMachines/openjdk-17.0.2/Contents/Home/lib/server/libjvm.dylib
0x0000000100450000 	/Users/danielweiner/Library/Java/JavaVirtualMachines/openjdk-17.0.2/Contents/Home/lib/libjimage.dylib
0x000000010047c000 	/Users/danielweiner/Library/Java/JavaVirtualMachines/openjdk-17.0.2/Contents/Home/lib/libinstrument.dylib
0x00000001004c8000 	/Users/danielweiner/Library/Java/JavaVirtualMachines/openjdk-17.0.2/Contents/Home/lib/libjava.dylib
0x0000000100f7c000 	/Users/danielweiner/Library/Java/JavaVirtualMachines/openjdk-17.0.2/Contents/Home/lib/libnio.dylib
0x0000000100f9c000 	/Users/danielweiner/Library/Java/JavaVirtualMachines/openjdk-17.0.2/Contents/Home/lib/libnet.dylib
0x00000001004ac000 	/Users/danielweiner/Library/Java/JavaVirtualMachines/openjdk-17.0.2/Contents/Home/lib/libzip.dylib
0x0000000100fc0000 	/Users/danielweiner/.openjfx/cache/17.0.1/libprism_es2.dylib
0x0000000199c7f000 	/System/Library/PrivateFrameworks/CoreServicesInternal.framework/Versions/A/CoreServicesInternal
0x00000001f890a000 	/System/Library/Frameworks/OpenGL.framework/Versions/A/Resources/GLEngine.bundle/GLEngine
0x00000001f8792000 	/System/Library/Frameworks/OpenGL.framework/Versions/A/Libraries/libGLProgrammability.dylib
0x0000000123a38000 	/System/Library/Extensions/AppleMetalOpenGLRenderer.bundle/Contents/MacOS/AppleMetalOpenGLRenderer
0x00000001f8a79000 	/System/Library/Frameworks/OpenGL.framework/Versions/A/Resources/GLRendererFloat.bundle/GLRendererFloat
0x00000001f8b79000 	/System/Library/Extensions/AGXMetal13_3.bundle/Contents/MacOS/AGXMetal13_3
0x00000001b75b2000 	/System/Library/PrivateFrameworks/GPURawCounter.framework/Versions/A/GPURawCounter
0x00000001b1cbc000 	/System/Library/PrivateFrameworks/IOGPU.framework/Versions/A/IOGPU
0x0000000126774000 	/Users/danielweiner/.openjfx/cache/17.0.1/libglass.dylib
0x00000001a9302000 	/System/Library/Frameworks/FileProvider.framework/Versions/A/FileProvider
0x000000019d8e7000 	/System/Library/Frameworks/Accounts.framework/Versions/A/Accounts
0x00000001a9486000 	/System/Library/PrivateFrameworks/GenerationalStorage.framework/Versions/A/GenerationalStorage
0x00000001aa049000 	/System/Library/PrivateFrameworks/CoreSymbolication.framework/Versions/A/CoreSymbolication
0x00000001a909e000 	/System/Library/PrivateFrameworks/SymptomDiagnosticReporter.framework/Versions/A/SymptomDiagnosticReporter
0x000000019af6f000 	/System/Library/PrivateFrameworks/DesktopServicesPriv.framework/Versions/A/DesktopServicesPriv
0x0000000199de1000 	/usr/lib/libsandbox.1.dylib
0x000000019e962000 	/System/Library/PrivateFrameworks/UserManagement.framework/Versions/A/UserManagement
0x00000001aa006000 	/System/Library/PrivateFrameworks/DebugSymbols.framework/Versions/A/DebugSymbols
0x00000001a4ed3000 	/System/Library/PrivateFrameworks/NetAuth.framework/Versions/A/NetAuth
0x00000001a5df1000 	/System/Library/PrivateFrameworks/Sharing.framework/Versions/A/Sharing
0x000000019e932000 	/System/Library/PrivateFrameworks/login.framework/Versions/A/Frameworks/loginsupport.framework/Versions/A/loginsupport
0x00000001ab23b000 	/System/Library/PrivateFrameworks/Apple80211.framework/Versions/A/Apple80211
0x00000001a1abd000 	/System/Library/PrivateFrameworks/AuthKit.framework/Versions/A/AuthKit
0x00000001a113e000 	/System/Library/PrivateFrameworks/CoreUtils.framework/Versions/A/CoreUtils
0x00000001a1061000 	/System/Library/Frameworks/CoreWLAN.framework/Versions/A/CoreWLAN
0x00000001a5f61000 	/System/Library/Frameworks/IOBluetooth.framework/Versions/A/IOBluetooth
0x00000001ab29b000 	/System/Library/PrivateFrameworks/CoreWiFi.framework/Versions/A/CoreWiFi
0x00000001a9be6000 	/System/Library/PrivateFrameworks/FrontBoardServices.framework/Versions/A/FrontBoardServices
0x00000001a9c7e000 	/System/Library/PrivateFrameworks/BoardServices.framework/Versions/A/BoardServices
0x00000001a1358000 	/System/Library/PrivateFrameworks/AssertionServices.framework/Versions/A/AssertionServices
0x00000001ab418000 	/System/Library/PrivateFrameworks/BackBoardServices.framework/Versions/A/BackBoardServices
0x00000001a5347000 	/System/Library/PrivateFrameworks/CorePhoneNumbers.framework/Versions/A/CorePhoneNumbers
0x00000001a91ce000 	/System/Library/PrivateFrameworks/DiskManagement.framework/Versions/A/DiskManagement
0x00000001a90d1000 	/System/Library/PrivateFrameworks/AppleIDAuthSupport.framework/Versions/A/AppleIDAuthSupport
0x00000001fd092000 	/System/Library/PrivateFrameworks/AAAFoundation.framework/Versions/A/AAAFoundation
0x00000001a5326000 	/System/Library/PrivateFrameworks/KeychainCircle.framework/Versions/A/KeychainCircle
0x00000001a919a000 	/System/Library/PrivateFrameworks/MediaKit.framework/Versions/A/MediaKit
0x00000001a90de000 	/System/Library/Frameworks/DiscRecording.framework/Versions/A/DiscRecording
0x00000001a2932000 	/usr/lib/libCoreStorage.dylib
0x00000001ab715000 	/usr/lib/libcsfde.dylib
0x00000001a6036000 	/System/Library/PrivateFrameworks/ProtectedCloudStorage.framework/Versions/A/ProtectedCloudStorage
0x00000001ab70d000 	/System/Library/PrivateFrameworks/EFILogin.framework/Versions/A/EFILogin
0x00000001a94ad000 	/System/Library/PrivateFrameworks/OctagonTrust.framework/Versions/A/OctagonTrust
0x0000000201c63000 	/System/Library/PrivateFrameworks/CoreUtilsExtras.framework/Versions/A/CoreUtilsExtras
0x00000001a9003000 	/System/Library/Frameworks/CoreBluetooth.framework/Versions/A/CoreBluetooth
0x00000001abda0000 	/System/Library/Frameworks/AudioUnit.framework/Versions/A/AudioUnit
0x00000001a292a000 	/usr/lib/libMatch.1.dylib
0x00000001bba5e000 	/System/Library/Frameworks/Accelerate.framework/Versions/A/Frameworks/vImage.framework/Versions/A/Libraries/libCGInterfaces.dylib
0x0000000127ae0000 	/usr/lib/libobjc-trampolines.dylib
0x000000019e62c000 	/System/Library/PrivateFrameworks/ViewBridge.framework/Versions/A/ViewBridge
0x00000001fd745000 	/System/Library/PrivateFrameworks/AccessibilityBundles.framework/Versions/A/AccessibilityBundles
0x00000001a308e000 	/System/Library/PrivateFrameworks/login.framework/Versions/A/login
0x00000001a27f0000 	/System/Library/PrivateFrameworks/CrashReporterSupport.framework/Versions/A/CrashReporterSupport
0x00000001c34d7000 	/System/Library/PrivateFrameworks/OSAnalytics.framework/Versions/A/OSAnalytics
0x00000001ce7d5000 	/System/Library/PrivateFrameworks/Symbolication.framework/Versions/A/Symbolication
0x00000001b7573000 	/System/Library/PrivateFrameworks/MallocStackLogging.framework/Versions/A/MallocStackLogging
0x0000000129d30000 	/Users/danielweiner/.openjfx/cache/17.0.1/libjavafx_font.dylib
0x00000002161a9000 	/usr/lib/libRosetta.dylib


VM Arguments:
jvm_args: -javaagent:/Users/danielweiner/Library/Application Support/JetBrains/Toolbox/apps/IDEA-U/ch-0/221.5080.210/IntelliJ IDEA.app/Contents/lib/idea_rt.jar=49433:/Users/danielweiner/Library/Application Support/JetBrains/Toolbox/apps/IDEA-U/ch-0/221.5080.210/IntelliJ IDEA.app/Contents/bin -Dfile.encoding=UTF-8 --module-path=/Users/danielweiner/.m2/repository/org/openjfx/javafx-fxml/17.0.1/javafx-fxml-17.0.1-mac-aarch64.jar:/Users/danielweiner/Public/Drop Box/eclipse-workspace/JavaFinalProject/target/classes:/Users/danielweiner/.m2/repository/org/openjfx/javafx-base/17.0.1/javafx-base-17.0.1-mac-aarch64.jar:/Users/danielweiner/.m2/repository/org/openjfx/javafx-graphics/17.0.1/javafx-graphics-17.0.1-mac-aarch64.jar:/Users/danielweiner/.m2/repository/org/openjfx/javafx-controls/17.0.1/javafx-controls-17.0.1-mac-aarch64.jar -Djdk.module.main=com.example.javafinalproject 
java_command: com.example.javafinalproject/com.example.javafinalproject.SignUp
java_class_path (initial): /Users/danielweiner/.m2/repository/org/openjfx/javafx-controls/17.0.1/javafx-controls-17.0.1.jar:/Users/danielweiner/.m2/repository/org/openjfx/javafx-graphics/17.0.1/javafx-graphics-17.0.1.jar:/Users/danielweiner/.m2/repository/org/openjfx/javafx-base/17.0.1/javafx-base-17.0.1.jar:/Users/danielweiner/.m2/repository/org/openjfx/javafx-fxml/17.0.1/javafx-fxml-17.0.1.jar
Launcher Type: SUN_STANDARD

[Global flags]
     intx CICompilerCount                          = 4                                         {product} {ergonomic}
     uint ConcGCThreads                            = 2                                         {product} {ergonomic}
     uint G1ConcRefinementThreads                  = 8                                         {product} {ergonomic}
   size_t G1HeapRegionSize                         = 2097152                                   {product} {ergonomic}
    uintx GCDrainStackTargetSize                   = 64                                        {product} {ergonomic}
   size_t InitialHeapSize                          = 268435456                                 {product} {ergonomic}
   size_t MarkStackSize                            = 4194304                                   {product} {ergonomic}
   size_t MaxHeapSize                              = 4294967296                                {product} {ergonomic}
   size_t MaxNewSize                               = 2575302656                                {product} {ergonomic}
   size_t MinHeapDeltaBytes                        = 2097152                                   {product} {ergonomic}
   size_t MinHeapSize                              = 8388608                                   {product} {ergonomic}
    uintx NonNMethodCodeHeapSize                   = 5839564                                {pd product} {ergonomic}
    uintx NonProfiledCodeHeapSize                  = 122909338                              {pd product} {ergonomic}
    uintx ProfiledCodeHeapSize                     = 122909338                              {pd product} {ergonomic}
    uintx ReservedCodeCacheSize                    = 251658240                              {pd product} {ergonomic}
     bool SegmentedCodeCache                       = true                                      {product} {ergonomic}
   size_t SoftMaxHeapSize                          = 4294967296                             {manageable} {ergonomic}
     bool UseCompressedClassPointers               = true                           {product lp64_product} {ergonomic}
     bool UseCompressedOops                        = true                           {product lp64_product} {ergonomic}
     bool UseG1GC                                  = true                                      {product} {ergonomic}
     bool UseNUMA                                  = false                                     {product} {ergonomic}
     bool UseNUMAInterleaving                      = false                                     {product} {ergonomic}

Logging:
Log output configuration:
 #0: stdout all=warning uptime,level,tags
 #1: stderr all=off uptime,level,tags

Environment Variables:
PATH=/usr/local/bin:/usr/bin:/bin:/usr/sbin:/sbin
SHELL=/bin/zsh
LC_CTYPE=en_US.UTF-8

Signal Handlers:
   SIGSEGV: crash_handler in libjvm.dylib, mask=11100110000111110111111111111111, flags=SA_RESTART|SA_SIGINFO
    SIGBUS: crash_handler in libjvm.dylib, mask=11100110000111110111111111111111, flags=SA_RESTART|SA_SIGINFO
    SIGFPE: crash_handler in libjvm.dylib, mask=11100110000111110111111111111111, flags=SA_RESTART|SA_SIGINFO
   SIGPIPE: javaSignalHandler in libjvm.dylib, mask=11100110000111110111111111111111, flags=SA_RESTART|SA_SIGINFO
   SIGXFSZ: javaSignalHandler in libjvm.dylib, mask=11100110000111110111111111111111, flags=SA_RESTART|SA_SIGINFO
    SIGILL: crash_handler in libjvm.dylib, mask=11100110000111110111111111111111, flags=SA_RESTART|SA_SIGINFO
   SIGUSR2: SR_handler in libjvm.dylib, mask=00100000000000000000000000000000, flags=SA_RESTART|SA_SIGINFO
    SIGHUP: UserHandler in libjvm.dylib, mask=11100110000111110111111111111111, flags=SA_RESTART|SA_SIGINFO
    SIGINT: UserHandler in libjvm.dylib, mask=11100110000111110111111111111111, flags=SA_RESTART|SA_SIGINFO
   SIGTERM: UserHandler in libjvm.dylib, mask=11100110000111110111111111111111, flags=SA_RESTART|SA_SIGINFO
   SIGQUIT: UserHandler in libjvm.dylib, mask=11100110000111110111111111111111, flags=SA_RESTART|SA_SIGINFO
   SIGTRAP: crash_handler in libjvm.dylib, mask=11100110000111110111111111111111, flags=SA_RESTART|SA_SIGINFO


---------------  S Y S T E M  ---------------

OS:
uname: Darwin 21.4.0 Darwin Kernel Version 21.4.0: Fri Mar 18 00:47:26 PDT 2022; root:xnu-8020.101.4~15/RELEASE_ARM64_T8101 arm64
OS uptime: 0 days 0:56 hours
rlimit (soft/hard): STACK 8176k/65520k , CORE 0k/infinity , NPROC 2666/4000 , NOFILE 10240/infinity , AS infinity/infinity , CPU infinity/infinity , DATA infinity/infinity , FSIZE infinity/infinity , MEMLOCK infinity/infinity , RSS infinity/infinity
load average: 2.50 1.76 1.82

CPU: total 8 (initial active 8) 0x61:0x0:0x1b588bb3:0, fp, simd, crc, lse

Memory: 16k page, physical 16777216k(81936k free), swap 0k(0k free)

vm_info: OpenJDK 64-Bit Server VM (17.0.2+8-86) for bsd-aarch64 JRE (17.0.2+8-86), built on Dec  7 2021 21:45:06 by "mach5one" with clang Apple LLVM 12.0.0 (clang-1200.0.32.29)

END.
