#
# A fatal error has been detected by the Java Runtime Environment:
#
#  SIGBUS (0xa) at pc=0x000000010db214f0, pid=1697, tid=34567
#
# JRE version: OpenJDK Runtime Environment (17.0.2+8) (build 17.0.2+8-86)
# Java VM: OpenJDK 64-Bit Server VM (17.0.2+8-86, mixed mode, sharing, tiered, compressed oops, compressed class ptrs, g1 gc, bsd-aarch64)
# Problematic frame:
# v  ~StubRoutines::SafeFetchN
#
# No core dump will be written. Core dumps have been disabled. To enable core dumping, try "ulimit -c unlimited" before starting Java again
#
# If you would like to submit a bug report, please visit:
#   https://bugreport.java.com/bugreport/crash.jsp
# The crash happened outside the Java Virtual Machine in native code.
# See problematic frame for where to report the bug.
#

---------------  S U M M A R Y ------------

Command Line: -javaagent:/Users/danielweiner/Library/Application Support/JetBrains/Toolbox/apps/IDEA-U/ch-0/221.5080.210/IntelliJ IDEA.app/Contents/lib/idea_rt.jar=49479:/Users/danielweiner/Library/Application Support/JetBrains/Toolbox/apps/IDEA-U/ch-0/221.5080.210/IntelliJ IDEA.app/Contents/bin -Dfile.encoding=UTF-8 --module-path=/Users/danielweiner/.m2/repository/org/openjfx/javafx-controls/17.0.1/javafx-controls-17.0.1-mac-aarch64.jar:/Users/danielweiner/Public/Drop Box/eclipse-workspace/JavaFinalProject/target/classes:/Users/danielweiner/.m2/repository/org/openjfx/javafx-fxml/17.0.1/javafx-fxml-17.0.1-mac-aarch64.jar:/Users/danielweiner/.m2/repository/org/openjfx/javafx-graphics/17.0.1/javafx-graphics-17.0.1-mac-aarch64.jar:/Users/danielweiner/.m2/repository/org/openjfx/javafx-base/17.0.1/javafx-base-17.0.1-mac-aarch64.jar -Djdk.module.main=com.example.javafinalproject com.example.javafinalproject/com.example.javafinalproject.LogIn

Host: "MacBookPro17,1" arm64 1 MHz, 8 cores, 16G, Darwin 21.4.0, macOS 12.3.1 (21E258)
Time: Fri Apr 15 13:17:50 2022 EDT elapsed time: 7.429399 seconds (0d 0h 0m 7s)

---------------  T H R E A D  ---------------

Current thread (0x000000014ba61a00):  JavaThread "InvokeLaterDispatcher" daemon [_thread_in_native, id=34567, stack(0x000000016e810000,0x000000016ea13000)]

Stack: [0x000000016e810000,0x000000016ea13000],  sp=0x000000016ea12780,  free space=2057k
Native frames: (J=compiled Java code, j=interpreted, Vv=VM code, C=native code)
v  ~StubRoutines::SafeFetchN
V  [libjvm.dylib+0x7a6bcc]  _ZN10OopStorage7releaseEPKP7oopDesc+0x20
V  [libjvm.dylib+0x4ba824]  jni_DeleteGlobalRef+0xd8
C  [libglass.dylib+0xab08]  -[GlassRunnable dealloc]+0x34
C  [Foundation+0x85618]  -[_NSThreadPerformInfo dealloc]+0x30
C  [Foundation+0x5198c]  -[NSObject(NSThreadPerformAdditions) performSelectorOnMainThread:withObject:waitUntilDone:]+0x88
C  0x194080010db298ac
j  com.sun.glass.ui.mac.MacApplication.submitForLaterInvocation(Ljava/lang/Runnable;)V+2 javafx.graphics
j  com.sun.glass.ui.InvokeLaterDispatcher.run()V+82 javafx.graphics
v  ~StubRoutines::call_stub
V  [libjvm.dylib+0x461d08]  _ZN9JavaCalls11call_helperEP9JavaValueRK12methodHandleP17JavaCallArgumentsP10JavaThread+0x38c
V  [libjvm.dylib+0x460d24]  _ZN9JavaCalls12call_virtualEP9JavaValueP5KlassP6SymbolS5_P17JavaCallArgumentsP10JavaThread+0x11c
V  [libjvm.dylib+0x460df0]  _ZN9JavaCalls12call_virtualEP9JavaValue6HandleP5KlassP6SymbolS6_P10JavaThread+0x64
V  [libjvm.dylib+0x515f04]  _ZL12thread_entryP10JavaThreadS0_+0xc4
V  [libjvm.dylib+0x9071ac]  _ZN10JavaThread17thread_main_innerEv+0x13c
V  [libjvm.dylib+0x9058c0]  _ZN6Thread8call_runEv+0x128
V  [libjvm.dylib+0x7ad7c8]  _ZL19thread_native_entryP6Thread+0x158
C  [libsystem_pthread.dylib+0x726c]  _pthread_start+0x94

Java frames: (J=compiled Java code, j=interpreted, Vv=VM code)
j  com.sun.glass.ui.mac.MacApplication._submitForLaterInvocation(Ljava/lang/Runnable;)V+0 javafx.graphics
j  com.sun.glass.ui.mac.MacApplication.submitForLaterInvocation(Ljava/lang/Runnable;)V+2 javafx.graphics
j  com.sun.glass.ui.InvokeLaterDispatcher.run()V+82 javafx.graphics
v  ~StubRoutines::call_stub

siginfo: si_signo: 10 (SIGBUS), si_code: 1 (BUS_ADRALN), si_addr: 0x000000010db214f0

Register to memory mapping:

 x0=0x000000014b107a88 is a global jni handle
 x1=0x0 is NULL
 x2=0x000000070e58c660 is an oop: com.sun.glass.ui.InvokeLaterDispatcher$Future 
{0x000000070e58c660} - klass: 'com/sun/glass/ui/InvokeLaterDispatcher$Future'
 - ---- fields (total size 3 words):
 - private 'done' 'Z' @12  true
 - private final 'runnable' 'Ljava/lang/Runnable;' @16  a 'com/sun/javafx/tk/quantum/ViewScene$$Lambda$356+0x0000000800e0bdb0'{0x000000070dd1cec0} (e1ba39d8)
 - final synthetic 'this$0' 'Lcom/sun/glass/ui/InvokeLaterDispatcher;' @20  a 'com/sun/glass/ui/InvokeLaterDispatcher'{0x000000070e80ac18} (e1d01583)
 x3=0x0 is NULL
 x4=0x00000000000130a8 is an unknown value
 x5=0x0 is NULL
 x6=0x0 is NULL
 x7=0x0 is NULL
 x8=0x000000010db214ec is at begin+0 in a stub
StubRoutines::SafeFetchN [0x000000010db214ec, 0x000000010db214f8] (12 bytes)
 x9=0x0 is NULL
x10=0x2010000030300000 is an unknown value
x11=0x0000000000000007 is an unknown value
x12=0x0000000000000004 is an unknown value
x13=0x00006000024b0390 points into unknown readable memory: 0x3e2f800199597c40 | 40 7c 59 99 01 80 2f 3e
x14=0x0000190000000000 is an unknown value
x15=0x00000001053a1f98: OBJC_CLASS_$_GlassRunnable+0 in /Users/danielweiner/.openjfx/cache/17.0.1/libglass.dylib at 0x000000010535c000
x16=0x00000001997010fc: pthread_getspecific+0 in /usr/lib/system/libsystem_pthread.dylib at 0x00000001996ff000
x17=0x0000600002ea1800 points into unknown readable memory: 0xfffffffffffffffe | fe ff ff ff ff ff ff ff
x18=0x0 is NULL
x19=0x00006000021b53b0 points into unknown readable memory: 0x00006000008b13b0 | b0 13 8b 00 00 60 00 00
x20=0x000000014b107880 points into unknown readable memory: 0x0000000100000000 | 00 00 00 00 01 00 00 00
x21=0x000000014b107a88 is a global jni handle
x22=0x000000014ba61a00 is a thread
x23=0x0000000000000001 is an unknown value
x24=0x000000014b107a40 is a global jni handle
x25=0x0000000105fe15e8: _ZN12StubRoutines17_safefetchN_entryE+0 in /Users/danielweiner/Library/Java/JavaVirtualMachines/openjdk-17.0.2/Contents/Home/lib/server/libjvm.dylib at 0x0000000105430000
x26=0x00000001281182d8 is pointing into metadata
x27=0x0 is NULL
x28=0x000000014ba61a00 is a thread


Registers:
 x0=0x000000014b107a88  x1=0x0000000000000000  x2=0x000000070e58c660  x3=0x0000000000000000
 x4=0x00000000000130a8  x5=0x0000000000000000  x6=0x0000000000000000  x7=0x0000000000000000
 x8=0x000000010db214ec  x9=0x0000000000000000 x10=0x2010000030300000 x11=0x0000000000000007
x12=0x0000000000000004 x13=0x00006000024b0390 x14=0x0000190000000000 x15=0x00000001053a1f98
x16=0x00000001997010fc x17=0x0000600002ea1800 x18=0x0000000000000000 x19=0x00006000021b53b0
x20=0x000000014b107880 x21=0x000000014b107a88 x22=0x000000014ba61a00 x23=0x0000000000000001
x24=0x000000014b107a40 x25=0x0000000105fe15e8 x26=0x00000001281182d8 x27=0x0000000000000000
x28=0x000000014ba61a00  fp=0x000000016ea127c0  lr=0x0000000105bd599c  sp=0x000000016ea12780
pc=0x000000010db214f0 cpsr=0x0000000060001000
Top of Stack: (sp=0x000000016ea12780)
0x000000016ea12780:   00000001281182d8 0000000000000001
0x000000016ea12790:   000000016ea12988 0000000000000000
0x000000016ea127a0:   000000014c80e0a8 000000014b107a78
0x000000016ea127b0:   000000014b107a78 00006000021b53b0
0x000000016ea127c0:   000000016ea12800 0000000105bd6bcc
0x000000016ea127d0:   0000000000000001 000000014b107a78
0x000000016ea127e0:   000000014c80e0a8 000000014b107a78
0x000000016ea127f0:   0000000000000001 000000014c80de00
0x000000016ea12800:   000000016ea12840 00000001058ea824
0x000000016ea12810:   000000016ea12988 0000600000895550
0x000000016ea12820:   0000600000895560 00000001e37c6be0
0x000000016ea12830:   0000000000000000 0000600000895560
0x000000016ea12840:   000000016ea12870 0000000105366b08
0x000000016ea12850:   f9b0041aea1a0031 0000000000000000
0x000000016ea12860:   0000000000000000 0000600001f29940
0x000000016ea12870:   000000016ea128b0 000000019a6ce618
0x000000016ea12880:   000000016ea12988 0000600000895550
0x000000016ea12890:   0000600000895560 f9b0041aea1a0031
0x000000016ea128a0:   0000000000000000 0000000000000000
0x000000016ea128b0:   000000016ea128f0 aa3d80019a69a98c
0x000000016ea128c0:   000000016ea12988 000000010db287c0
0x000000016ea128d0:   0000000000000000 0000000105fe8fa8
0x000000016ea128e0:   000000016ea12900 000000010db27730
0x000000016ea128f0:   000000016ea12960 194080010db298ac
0x000000016ea12900:   0000000000000000 000000070e644340
0x000000016ea12910:   000000016ea12910 0000000000000000
0x000000016ea12920:   000000016ea12988 00000001281182d8
0x000000016ea12930:   000000070e83c030 0000000000000000
0x000000016ea12940:   0000000000000000 00000001280f7138
0x000000016ea12950:   0000000000000000 000000016ea12960
0x000000016ea12960:   000000016ea129e0 000000010db25fc8
0x000000016ea12970:   0000000000000000 0000000000000000 

Instructions: (pc=0x000000010db214f0)
0x000000010db213f0:   f2a0bf49 f2c00029 6d425935 1e640886
0x000000010db21400:   0c402d31 1e6408c7 1f5654d0 1e6c1017
0x000000010db21410:   1f5050d0 1f504cd0 1f5048d0 1e650af6
0x000000010db21420:   1f50d8f6 1f5694d6 1f5158f6 1e762880
0x000000010db21430:   36000501 1e614000 14000026 2e251ca5
0x000000010db21440:   d29c3009 f2a0bf49 f2c00029 6d425d36
0x000000010db21450:   1e600806 0c402d32 1f5758c7 1e6c101a
0x000000010db21460:   1f4754c7 1e650805 1f4750c7 d2866668
0x000000010db21470:   f2a7fa68 1f474cc7 1e6608c0 1f4748c7
0x000000010db21480:   1e6e1019 eb08007f 540000ac 1f479400
0x000000010db21490:   1f460340 1e603b20 1400000e d2a7fd29
0x000000010db214a0:   eb09007f 540000ac 51480069 d3607d29
0x000000010db214b0:   9e670121 14000002 1e6a5001 1f679417
0x000000010db214c0:   1f668742 1e613b23 1e773857 1e773860
0x000000010db214d0:   a8c17ff3 910003bf a8c17bfd d65f03c0
0x000000010db214e0:   b9400001 aa0103e0 d65f03c0 f9400001
0x000000010db214f0:   aa0103e0 d65f03c0 00000000 00000000
0x000000010db21500:   00000000 00000000 00000000 00000000
0x000000010db21510:   00000000 00000000 00000000 00000000
0x000000010db21520:   00000000 00000000 00000000 00000000
0x000000010db21530:   00000000 00000000 00000000 00000000
0x000000010db21540:   00000000 00000000 00000000 00000000
0x000000010db21550:   00000000 00000000 00000000 00000000
0x000000010db21560:   00000000 00000000 00000000 00000000
0x000000010db21570:   00000000 00000000 00000000 00000000
0x000000010db21580:   00000000 00000000 00000000 00000000
0x000000010db21590:   00000000 00000000 00000000 00000000
0x000000010db215a0:   00000000 00000000 00000000 00000000
0x000000010db215b0:   00000000 00000000 00000000 00000000
0x000000010db215c0:   00000000 00000000 00000000 00000000
0x000000010db215d0:   00000000 00000000 00000000 00000000
0x000000010db215e0:   00000000 00000000 00000000 00000000 


Stack slot to memory mapping:
stack at sp + 0 slots: 0x00000001281182d8 is pointing into metadata
stack at sp + 1 slots: 0x0000000000000001 is an unknown value
stack at sp + 2 slots: 0x000000016ea12988 is pointing into the stack for thread: 0x000000014ba61a00
stack at sp + 3 slots: 0x0 is NULL
stack at sp + 4 slots: 0x000000014c80e0a8 points into unknown readable memory: 0x0000000105f9e738 | 38 e7 f9 05 01 00 00 00
stack at sp + 5 slots: 0x000000014b107a78 is a global jni handle
stack at sp + 6 slots: 0x000000014b107a78 is a global jni handle
stack at sp + 7 slots: 0x00006000021b53b0 points into unknown readable memory: 0x00006000008b13b0 | b0 13 8b 00 00 60 00 00

StubRoutines::SafeFetchN [0x000000010db214ec, 0x000000010db214f8] (12 bytes)
[MachCode]
  0x000000010db214ec: 0100 40f9 | e003 01aa | c003 5fd6 
[/MachCode]

---------------  P R O C E S S  ---------------

Threads class SMR info:
_java_thread_list=0x0000600000abf160, length=19, elements={
0x000000014a809200, 0x000000014c036e00, 0x000000012a87ca00, 0x000000014c037a00,
0x000000014c00b000, 0x000000012900a400, 0x000000014c808200, 0x000000014d008200,
0x000000014d00aa00, 0x000000014a86ee00, 0x000000014b889e00, 0x000000014c869e00,
0x000000012a883e00, 0x000000014ba61a00, 0x000000014c80de00, 0x000000014c103000,
0x000000014c116200, 0x000000014a9d1800, 0x000000014c139e00
}

Java Threads: ( => current thread )
  0x000000014a809200 JavaThread "main" [_thread_blocked, id=6147, stack(0x000000016be08000,0x000000016c00b000)]
  0x000000014c036e00 JavaThread "Reference Handler" daemon [_thread_blocked, id=15875, stack(0x000000016cc5c000,0x000000016ce5f000)]
  0x000000012a87ca00 JavaThread "Finalizer" daemon [_thread_blocked, id=15363, stack(0x000000016ce68000,0x000000016d06b000)]
  0x000000014c037a00 JavaThread "Signal Dispatcher" daemon [_thread_blocked, id=41987, stack(0x000000016d18c000,0x000000016d38f000)]
  0x000000014c00b000 JavaThread "Service Thread" daemon [_thread_blocked, id=41731, stack(0x000000016d398000,0x000000016d59b000)]
  0x000000012900a400 JavaThread "Monitor Deflation Thread" daemon [_thread_blocked, id=22787, stack(0x000000016d5a4000,0x000000016d7a7000)]
  0x000000014c808200 JavaThread "C2 CompilerThread0" daemon [_thread_blocked, id=23043, stack(0x000000016d7b0000,0x000000016d9b3000)]
  0x000000014d008200 JavaThread "C1 CompilerThread0" daemon [_thread_blocked, id=40963, stack(0x000000016d9bc000,0x000000016dbbf000)]
  0x000000014d00aa00 JavaThread "Sweeper thread" daemon [_thread_blocked, id=40707, stack(0x000000016dbc8000,0x000000016ddcb000)]
  0x000000014a86ee00 JavaThread "Common-Cleaner" daemon [_thread_blocked, id=40195, stack(0x000000016ddd4000,0x000000016dfd7000)]
  0x000000014b889e00 JavaThread "Monitor Ctrl-Break" daemon [_thread_in_native, id=39683, stack(0x000000016dfe0000,0x000000016e1e3000)]
  0x000000014c869e00 JavaThread "Notification Thread" daemon [_thread_blocked, id=39171, stack(0x000000016e1ec000,0x000000016e3ef000)]
  0x000000012a883e00 JavaThread "QuantumRenderer-0" daemon [_thread_blocked, id=24323, stack(0x000000016e604000,0x000000016e807000)]
=>0x000000014ba61a00 JavaThread "InvokeLaterDispatcher" daemon [_thread_in_native, id=34567, stack(0x000000016e810000,0x000000016ea13000)]
  0x000000014c80de00 JavaThread "JavaFX Application Thread" [_thread_in_native, id=259, stack(0x000000016b580000,0x000000016bd7c000)]
  0x000000014c103000 JavaThread "JavaFX-Launcher" [_thread_blocked, id=77063, stack(0x000000016ecb4000,0x000000016eeb7000)]
  0x000000014c116200 JavaThread "Prism Font Disposer" daemon [_thread_blocked, id=72203, stack(0x000000016f8fc000,0x000000016faff000)]
  0x000000014a9d1800 JavaThread "Cleaner-0" daemon [_thread_blocked, id=67595, stack(0x000000016fc20000,0x000000016fe23000)]
  0x000000014c139e00 JavaThread "Attach Listener" daemon [_thread_blocked, id=1311, stack(0x0000000288004000,0x0000000288207000)]

Other Threads:
  0x000000014a6096d0 VMThread "VM Thread" [stack: 0x000000016ca50000,0x000000016cc53000] [id=16131]
  0x000000014a61f3d0 WatcherThread [stack: 0x000000016e3f8000,0x000000016e5fb000] [id=23811]
  0x000000012a605ad0 GCTaskThread "GC Thread#0" [stack: 0x000000016c014000,0x000000016c217000] [id=19971]
  0x000000012a622b10 GCTaskThread "GC Thread#1" [stack: 0x000000016eec0000,0x000000016f0c3000] [id=57091]
  0x000000014b223090 GCTaskThread "GC Thread#2" [stack: 0x000000016f0cc000,0x000000016f2cf000] [id=74243]
  0x000000014b223510 GCTaskThread "GC Thread#3" [stack: 0x000000016f2d8000,0x000000016f4db000] [id=57859]
  0x000000014a6301b0 GCTaskThread "GC Thread#4" [stack: 0x000000016f4e4000,0x000000016f6e7000] [id=73987]
  0x000000014a630850 GCTaskThread "GC Thread#5" [stack: 0x000000016f6f0000,0x000000016f8f3000] [id=73475]
  0x000000012a606180 ConcurrentGCThread "G1 Main Marker" [stack: 0x000000016c220000,0x000000016c423000] [id=19459]
  0x000000012a704080 ConcurrentGCThread "G1 Conc#0" [stack: 0x000000016c42c000,0x000000016c62f000] [id=18691]
  0x000000012a606a00 ConcurrentGCThread "G1 Refine#0" [stack: 0x000000016c638000,0x000000016c83b000] [id=18179]
  0x000000012a6072a0 ConcurrentGCThread "G1 Service" [stack: 0x000000016c844000,0x000000016ca47000] [id=17667]

Threads with active compile tasks:

VM state: not at safepoint (normal execution)

VM Mutex/Monitor currently owned by a thread: None

Heap address: 0x0000000700000000, size: 4096 MB, Compressed Oops mode: Zero based, Oop shift amount: 3

CDS archive(s) mapped at: [0x0000000800000000-0x0000000800bd4000-0x0000000800bd4000), size 12402688, SharedBaseAddress: 0x0000000800000000, ArchiveRelocationMode: 0.
Compressed class space mapped at: 0x0000000800c00000-0x0000000840c00000, reserved size: 1073741824
Narrow klass base: 0x0000000800000000, Narrow klass shift: 0, Narrow klass range: 0x100000000

GC Precious Log:
 CPUs: 8 total, 8 available
 Memory: 16384M
 Large Page Support: Disabled
 NUMA Support: Disabled
 Compressed Oops: Enabled (Zero based)
 Heap Region Size: 2M
 Heap Min Capacity: 8M
 Heap Initial Capacity: 256M
 Heap Max Capacity: 4G
 Pre-touch: Disabled
 Parallel Workers: 8
 Concurrent Workers: 2
 Concurrent Refinement Workers: 8
 Periodic GC: Disabled

Heap:
 garbage-first heap   total 266240K, used 38047K [0x0000000700000000, 0x0000000800000000)
  region size 2048K, 18 young (36864K), 2 survivors (4096K)
 Metaspace       used 14647K, committed 14912K, reserved 1064960K
  class space    used 2166K, committed 2304K, reserved 1048576K

Heap Regions: E=young(eden), S=young(survivor), O=old, HS=humongous(starts), HC=humongous(continues), CS=collection set, F=free, OA=open archive, CA=closed archive, TAMS=top-at-mark-start (previous, next)
|   0|0x0000000700000000, 0x0000000700200000, 0x0000000700200000|100%|HS|  |TAMS 0x0000000700000000, 0x0000000700000000| Complete 
|   1|0x0000000700200000, 0x0000000700200000, 0x0000000700400000|  0%| F|  |TAMS 0x0000000700200000, 0x0000000700200000| Untracked 
|   2|0x0000000700400000, 0x0000000700400000, 0x0000000700600000|  0%| F|  |TAMS 0x0000000700400000, 0x0000000700400000| Untracked 
|   3|0x0000000700600000, 0x0000000700600000, 0x0000000700800000|  0%| F|  |TAMS 0x0000000700600000, 0x0000000700600000| Untracked 
|   4|0x0000000700800000, 0x0000000700800000, 0x0000000700a00000|  0%| F|  |TAMS 0x0000000700800000, 0x0000000700800000| Untracked 
|   5|0x0000000700a00000, 0x0000000700a00000, 0x0000000700c00000|  0%| F|  |TAMS 0x0000000700a00000, 0x0000000700a00000| Untracked 
|   6|0x0000000700c00000, 0x0000000700c00000, 0x0000000700e00000|  0%| F|  |TAMS 0x0000000700c00000, 0x0000000700c00000| Untracked 
|   7|0x0000000700e00000, 0x0000000700e00000, 0x0000000701000000|  0%| F|  |TAMS 0x0000000700e00000, 0x0000000700e00000| Untracked 
|   8|0x0000000701000000, 0x0000000701000000, 0x0000000701200000|  0%| F|  |TAMS 0x0000000701000000, 0x0000000701000000| Untracked 
|   9|0x0000000701200000, 0x0000000701200000, 0x0000000701400000|  0%| F|  |TAMS 0x0000000701200000, 0x0000000701200000| Untracked 
|  10|0x0000000701400000, 0x0000000701400000, 0x0000000701600000|  0%| F|  |TAMS 0x0000000701400000, 0x0000000701400000| Untracked 
|  11|0x0000000701600000, 0x0000000701600000, 0x0000000701800000|  0%| F|  |TAMS 0x0000000701600000, 0x0000000701600000| Untracked 
|  12|0x0000000701800000, 0x0000000701800000, 0x0000000701a00000|  0%| F|  |TAMS 0x0000000701800000, 0x0000000701800000| Untracked 
|  13|0x0000000701a00000, 0x0000000701a00000, 0x0000000701c00000|  0%| F|  |TAMS 0x0000000701a00000, 0x0000000701a00000| Untracked 
|  14|0x0000000701c00000, 0x0000000701c00000, 0x0000000701e00000|  0%| F|  |TAMS 0x0000000701c00000, 0x0000000701c00000| Untracked 
|  15|0x0000000701e00000, 0x0000000701e00000, 0x0000000702000000|  0%| F|  |TAMS 0x0000000701e00000, 0x0000000701e00000| Untracked 
|  16|0x0000000702000000, 0x0000000702000000, 0x0000000702200000|  0%| F|  |TAMS 0x0000000702000000, 0x0000000702000000| Untracked 
|  17|0x0000000702200000, 0x0000000702200000, 0x0000000702400000|  0%| F|  |TAMS 0x0000000702200000, 0x0000000702200000| Untracked 
|  18|0x0000000702400000, 0x0000000702400000, 0x0000000702600000|  0%| F|  |TAMS 0x0000000702400000, 0x0000000702400000| Untracked 
|  19|0x0000000702600000, 0x0000000702600000, 0x0000000702800000|  0%| F|  |TAMS 0x0000000702600000, 0x0000000702600000| Untracked 
|  20|0x0000000702800000, 0x0000000702800000, 0x0000000702a00000|  0%| F|  |TAMS 0x0000000702800000, 0x0000000702800000| Untracked 
|  21|0x0000000702a00000, 0x0000000702a00000, 0x0000000702c00000|  0%| F|  |TAMS 0x0000000702a00000, 0x0000000702a00000| Untracked 
|  22|0x0000000702c00000, 0x0000000702c00000, 0x0000000702e00000|  0%| F|  |TAMS 0x0000000702c00000, 0x0000000702c00000| Untracked 
|  23|0x0000000702e00000, 0x0000000702e00000, 0x0000000703000000|  0%| F|  |TAMS 0x0000000702e00000, 0x0000000702e00000| Untracked 
|  24|0x0000000703000000, 0x0000000703000000, 0x0000000703200000|  0%| F|  |TAMS 0x0000000703000000, 0x0000000703000000| Untracked 
|  25|0x0000000703200000, 0x0000000703200000, 0x0000000703400000|  0%| F|  |TAMS 0x0000000703200000, 0x0000000703200000| Untracked 
|  26|0x0000000703400000, 0x0000000703400000, 0x0000000703600000|  0%| F|  |TAMS 0x0000000703400000, 0x0000000703400000| Untracked 
|  27|0x0000000703600000, 0x0000000703600000, 0x0000000703800000|  0%| F|  |TAMS 0x0000000703600000, 0x0000000703600000| Untracked 
|  28|0x0000000703800000, 0x0000000703800000, 0x0000000703a00000|  0%| F|  |TAMS 0x0000000703800000, 0x0000000703800000| Untracked 
|  29|0x0000000703a00000, 0x0000000703a00000, 0x0000000703c00000|  0%| F|  |TAMS 0x0000000703a00000, 0x0000000703a00000| Untracked 
|  30|0x0000000703c00000, 0x0000000703c00000, 0x0000000703e00000|  0%| F|  |TAMS 0x0000000703c00000, 0x0000000703c00000| Untracked 
|  31|0x0000000703e00000, 0x0000000703e00000, 0x0000000704000000|  0%| F|  |TAMS 0x0000000703e00000, 0x0000000703e00000| Untracked 
|  32|0x0000000704000000, 0x0000000704000000, 0x0000000704200000|  0%| F|  |TAMS 0x0000000704000000, 0x0000000704000000| Untracked 
|  33|0x0000000704200000, 0x0000000704200000, 0x0000000704400000|  0%| F|  |TAMS 0x0000000704200000, 0x0000000704200000| Untracked 
|  34|0x0000000704400000, 0x0000000704400000, 0x0000000704600000|  0%| F|  |TAMS 0x0000000704400000, 0x0000000704400000| Untracked 
|  35|0x0000000704600000, 0x0000000704600000, 0x0000000704800000|  0%| F|  |TAMS 0x0000000704600000, 0x0000000704600000| Untracked 
|  36|0x0000000704800000, 0x0000000704800000, 0x0000000704a00000|  0%| F|  |TAMS 0x0000000704800000, 0x0000000704800000| Untracked 
|  37|0x0000000704a00000, 0x0000000704a00000, 0x0000000704c00000|  0%| F|  |TAMS 0x0000000704a00000, 0x0000000704a00000| Untracked 
|  38|0x0000000704c00000, 0x0000000704c00000, 0x0000000704e00000|  0%| F|  |TAMS 0x0000000704c00000, 0x0000000704c00000| Untracked 
|  39|0x0000000704e00000, 0x0000000704e00000, 0x0000000705000000|  0%| F|  |TAMS 0x0000000704e00000, 0x0000000704e00000| Untracked 
|  40|0x0000000705000000, 0x0000000705000000, 0x0000000705200000|  0%| F|  |TAMS 0x0000000705000000, 0x0000000705000000| Untracked 
|  41|0x0000000705200000, 0x0000000705200000, 0x0000000705400000|  0%| F|  |TAMS 0x0000000705200000, 0x0000000705200000| Untracked 
|  42|0x0000000705400000, 0x0000000705400000, 0x0000000705600000|  0%| F|  |TAMS 0x0000000705400000, 0x0000000705400000| Untracked 
|  43|0x0000000705600000, 0x0000000705600000, 0x0000000705800000|  0%| F|  |TAMS 0x0000000705600000, 0x0000000705600000| Untracked 
|  44|0x0000000705800000, 0x0000000705800000, 0x0000000705a00000|  0%| F|  |TAMS 0x0000000705800000, 0x0000000705800000| Untracked 
|  45|0x0000000705a00000, 0x0000000705a00000, 0x0000000705c00000|  0%| F|  |TAMS 0x0000000705a00000, 0x0000000705a00000| Untracked 
|  46|0x0000000705c00000, 0x0000000705c00000, 0x0000000705e00000|  0%| F|  |TAMS 0x0000000705c00000, 0x0000000705c00000| Untracked 
|  47|0x0000000705e00000, 0x0000000705e00000, 0x0000000706000000|  0%| F|  |TAMS 0x0000000705e00000, 0x0000000705e00000| Untracked 
|  48|0x0000000706000000, 0x0000000706000000, 0x0000000706200000|  0%| F|  |TAMS 0x0000000706000000, 0x0000000706000000| Untracked 
|  49|0x0000000706200000, 0x0000000706200000, 0x0000000706400000|  0%| F|  |TAMS 0x0000000706200000, 0x0000000706200000| Untracked 
|  50|0x0000000706400000, 0x0000000706400000, 0x0000000706600000|  0%| F|  |TAMS 0x0000000706400000, 0x0000000706400000| Untracked 
|  51|0x0000000706600000, 0x0000000706600000, 0x0000000706800000|  0%| F|  |TAMS 0x0000000706600000, 0x0000000706600000| Untracked 
|  52|0x0000000706800000, 0x0000000706800000, 0x0000000706a00000|  0%| F|  |TAMS 0x0000000706800000, 0x0000000706800000| Untracked 
|  53|0x0000000706a00000, 0x0000000706a00000, 0x0000000706c00000|  0%| F|  |TAMS 0x0000000706a00000, 0x0000000706a00000| Untracked 
|  54|0x0000000706c00000, 0x0000000706c00000, 0x0000000706e00000|  0%| F|  |TAMS 0x0000000706c00000, 0x0000000706c00000| Untracked 
|  55|0x0000000706e00000, 0x0000000706e00000, 0x0000000707000000|  0%| F|  |TAMS 0x0000000706e00000, 0x0000000706e00000| Untracked 
|  56|0x0000000707000000, 0x0000000707000000, 0x0000000707200000|  0%| F|  |TAMS 0x0000000707000000, 0x0000000707000000| Untracked 
|  57|0x0000000707200000, 0x0000000707200000, 0x0000000707400000|  0%| F|  |TAMS 0x0000000707200000, 0x0000000707200000| Untracked 
|  58|0x0000000707400000, 0x0000000707400000, 0x0000000707600000|  0%| F|  |TAMS 0x0000000707400000, 0x0000000707400000| Untracked 
|  59|0x0000000707600000, 0x0000000707600000, 0x0000000707800000|  0%| F|  |TAMS 0x0000000707600000, 0x0000000707600000| Untracked 
|  60|0x0000000707800000, 0x0000000707800000, 0x0000000707a00000|  0%| F|  |TAMS 0x0000000707800000, 0x0000000707800000| Untracked 
|  61|0x0000000707a00000, 0x0000000707a00000, 0x0000000707c00000|  0%| F|  |TAMS 0x0000000707a00000, 0x0000000707a00000| Untracked 
|  62|0x0000000707c00000, 0x0000000707c00000, 0x0000000707e00000|  0%| F|  |TAMS 0x0000000707c00000, 0x0000000707c00000| Untracked 
|  63|0x0000000707e00000, 0x0000000707e00000, 0x0000000708000000|  0%| F|  |TAMS 0x0000000707e00000, 0x0000000707e00000| Untracked 
|  64|0x0000000708000000, 0x0000000708000000, 0x0000000708200000|  0%| F|  |TAMS 0x0000000708000000, 0x0000000708000000| Untracked 
|  65|0x0000000708200000, 0x0000000708200000, 0x0000000708400000|  0%| F|  |TAMS 0x0000000708200000, 0x0000000708200000| Untracked 
|  66|0x0000000708400000, 0x0000000708400000, 0x0000000708600000|  0%| F|  |TAMS 0x0000000708400000, 0x0000000708400000| Untracked 
|  67|0x0000000708600000, 0x0000000708600000, 0x0000000708800000|  0%| F|  |TAMS 0x0000000708600000, 0x0000000708600000| Untracked 
|  68|0x0000000708800000, 0x0000000708800000, 0x0000000708a00000|  0%| F|  |TAMS 0x0000000708800000, 0x0000000708800000| Untracked 
|  69|0x0000000708a00000, 0x0000000708a00000, 0x0000000708c00000|  0%| F|  |TAMS 0x0000000708a00000, 0x0000000708a00000| Untracked 
|  70|0x0000000708c00000, 0x0000000708c00000, 0x0000000708e00000|  0%| F|  |TAMS 0x0000000708c00000, 0x0000000708c00000| Untracked 
|  71|0x0000000708e00000, 0x0000000708e00000, 0x0000000709000000|  0%| F|  |TAMS 0x0000000708e00000, 0x0000000708e00000| Untracked 
|  72|0x0000000709000000, 0x0000000709000000, 0x0000000709200000|  0%| F|  |TAMS 0x0000000709000000, 0x0000000709000000| Untracked 
|  73|0x0000000709200000, 0x0000000709200000, 0x0000000709400000|  0%| F|  |TAMS 0x0000000709200000, 0x0000000709200000| Untracked 
|  74|0x0000000709400000, 0x0000000709400000, 0x0000000709600000|  0%| F|  |TAMS 0x0000000709400000, 0x0000000709400000| Untracked 
|  75|0x0000000709600000, 0x0000000709600000, 0x0000000709800000|  0%| F|  |TAMS 0x0000000709600000, 0x0000000709600000| Untracked 
|  76|0x0000000709800000, 0x0000000709800000, 0x0000000709a00000|  0%| F|  |TAMS 0x0000000709800000, 0x0000000709800000| Untracked 
|  77|0x0000000709a00000, 0x0000000709a00000, 0x0000000709c00000|  0%| F|  |TAMS 0x0000000709a00000, 0x0000000709a00000| Untracked 
|  78|0x0000000709c00000, 0x0000000709c00000, 0x0000000709e00000|  0%| F|  |TAMS 0x0000000709c00000, 0x0000000709c00000| Untracked 
|  79|0x0000000709e00000, 0x0000000709e00000, 0x000000070a000000|  0%| F|  |TAMS 0x0000000709e00000, 0x0000000709e00000| Untracked 
|  80|0x000000070a000000, 0x000000070a000000, 0x000000070a200000|  0%| F|  |TAMS 0x000000070a000000, 0x000000070a000000| Untracked 
|  81|0x000000070a200000, 0x000000070a200000, 0x000000070a400000|  0%| F|  |TAMS 0x000000070a200000, 0x000000070a200000| Untracked 
|  82|0x000000070a400000, 0x000000070a400000, 0x000000070a600000|  0%| F|  |TAMS 0x000000070a400000, 0x000000070a400000| Untracked 
|  83|0x000000070a600000, 0x000000070a600000, 0x000000070a800000|  0%| F|  |TAMS 0x000000070a600000, 0x000000070a600000| Untracked 
|  84|0x000000070a800000, 0x000000070a800000, 0x000000070aa00000|  0%| F|  |TAMS 0x000000070a800000, 0x000000070a800000| Untracked 
|  85|0x000000070aa00000, 0x000000070aa00000, 0x000000070ac00000|  0%| F|  |TAMS 0x000000070aa00000, 0x000000070aa00000| Untracked 
|  86|0x000000070ac00000, 0x000000070ac00000, 0x000000070ae00000|  0%| F|  |TAMS 0x000000070ac00000, 0x000000070ac00000| Untracked 
|  87|0x000000070ae00000, 0x000000070ae00000, 0x000000070b000000|  0%| F|  |TAMS 0x000000070ae00000, 0x000000070ae00000| Untracked 
|  88|0x000000070b000000, 0x000000070b000000, 0x000000070b200000|  0%| F|  |TAMS 0x000000070b000000, 0x000000070b000000| Untracked 
|  89|0x000000070b200000, 0x000000070b200000, 0x000000070b400000|  0%| F|  |TAMS 0x000000070b200000, 0x000000070b200000| Untracked 
|  90|0x000000070b400000, 0x000000070b400000, 0x000000070b600000|  0%| F|  |TAMS 0x000000070b400000, 0x000000070b400000| Untracked 
|  91|0x000000070b600000, 0x000000070b600000, 0x000000070b800000|  0%| F|  |TAMS 0x000000070b600000, 0x000000070b600000| Untracked 
|  92|0x000000070b800000, 0x000000070b800000, 0x000000070ba00000|  0%| F|  |TAMS 0x000000070b800000, 0x000000070b800000| Untracked 
|  93|0x000000070ba00000, 0x000000070ba00000, 0x000000070bc00000|  0%| F|  |TAMS 0x000000070ba00000, 0x000000070ba00000| Untracked 
|  94|0x000000070bc00000, 0x000000070bc00000, 0x000000070be00000|  0%| F|  |TAMS 0x000000070bc00000, 0x000000070bc00000| Untracked 
|  95|0x000000070be00000, 0x000000070be00000, 0x000000070c000000|  0%| F|  |TAMS 0x000000070be00000, 0x000000070be00000| Untracked 
|  96|0x000000070c000000, 0x000000070c000000, 0x000000070c200000|  0%| F|  |TAMS 0x000000070c000000, 0x000000070c000000| Untracked 
|  97|0x000000070c200000, 0x000000070c200000, 0x000000070c400000|  0%| F|  |TAMS 0x000000070c200000, 0x000000070c200000| Untracked 
|  98|0x000000070c400000, 0x000000070c400000, 0x000000070c600000|  0%| F|  |TAMS 0x000000070c400000, 0x000000070c400000| Untracked 
|  99|0x000000070c600000, 0x000000070c600000, 0x000000070c800000|  0%| F|  |TAMS 0x000000070c600000, 0x000000070c600000| Untracked 
| 100|0x000000070c800000, 0x000000070c800000, 0x000000070ca00000|  0%| F|  |TAMS 0x000000070c800000, 0x000000070c800000| Untracked 
| 101|0x000000070ca00000, 0x000000070ca00000, 0x000000070cc00000|  0%| F|  |TAMS 0x000000070ca00000, 0x000000070ca00000| Untracked 
| 102|0x000000070cc00000, 0x000000070cc00000, 0x000000070ce00000|  0%| F|  |TAMS 0x000000070cc00000, 0x000000070cc00000| Untracked 
| 103|0x000000070ce00000, 0x000000070ce00000, 0x000000070d000000|  0%| F|  |TAMS 0x000000070ce00000, 0x000000070ce00000| Untracked 
| 104|0x000000070d000000, 0x000000070d000000, 0x000000070d200000|  0%| F|  |TAMS 0x000000070d000000, 0x000000070d000000| Untracked 
| 105|0x000000070d200000, 0x000000070d200000, 0x000000070d400000|  0%| F|  |TAMS 0x000000070d200000, 0x000000070d200000| Untracked 
| 106|0x000000070d400000, 0x000000070d400000, 0x000000070d600000|  0%| F|  |TAMS 0x000000070d400000, 0x000000070d400000| Untracked 
| 107|0x000000070d600000, 0x000000070d600000, 0x000000070d800000|  0%| F|  |TAMS 0x000000070d600000, 0x000000070d600000| Untracked 
| 108|0x000000070d800000, 0x000000070d800000, 0x000000070da00000|  0%| F|  |TAMS 0x000000070d800000, 0x000000070d800000| Untracked 
| 109|0x000000070da00000, 0x000000070da00000, 0x000000070dc00000|  0%| F|  |TAMS 0x000000070da00000, 0x000000070da00000| Untracked 
| 110|0x000000070dc00000, 0x000000070dd8db50, 0x000000070de00000| 77%| E|  |TAMS 0x000000070dc00000, 0x000000070dc00000| Complete 
| 111|0x000000070de00000, 0x000000070e000000, 0x000000070e000000|100%| E|CS|TAMS 0x000000070de00000, 0x000000070de00000| Complete 
| 112|0x000000070e000000, 0x000000070e200000, 0x000000070e200000|100%| E|CS|TAMS 0x000000070e000000, 0x000000070e000000| Complete 
| 113|0x000000070e200000, 0x000000070e400000, 0x000000070e400000|100%| E|CS|TAMS 0x000000070e200000, 0x000000070e200000| Complete 
| 114|0x000000070e400000, 0x000000070e600000, 0x000000070e600000|100%| E|CS|TAMS 0x000000070e400000, 0x000000070e400000| Complete 
| 115|0x000000070e600000, 0x000000070e72fce8, 0x000000070e800000| 59%| S|CS|TAMS 0x000000070e600000, 0x000000070e600000| Complete 
| 116|0x000000070e800000, 0x000000070ea00000, 0x000000070ea00000|100%| S|CS|TAMS 0x000000070e800000, 0x000000070e800000| Complete 
| 117|0x000000070ea00000, 0x000000070ec00000, 0x000000070ec00000|100%| E|CS|TAMS 0x000000070ea00000, 0x000000070ea00000| Complete 
| 118|0x000000070ec00000, 0x000000070ee00000, 0x000000070ee00000|100%| E|CS|TAMS 0x000000070ec00000, 0x000000070ec00000| Complete 
| 119|0x000000070ee00000, 0x000000070f000000, 0x000000070f000000|100%| E|CS|TAMS 0x000000070ee00000, 0x000000070ee00000| Complete 
| 120|0x000000070f000000, 0x000000070f200000, 0x000000070f200000|100%| E|CS|TAMS 0x000000070f000000, 0x000000070f000000| Complete 
| 121|0x000000070f200000, 0x000000070f400000, 0x000000070f400000|100%| E|CS|TAMS 0x000000070f200000, 0x000000070f200000| Complete 
| 122|0x000000070f400000, 0x000000070f600000, 0x000000070f600000|100%| E|CS|TAMS 0x000000070f400000, 0x000000070f400000| Complete 
| 123|0x000000070f600000, 0x000000070f800000, 0x000000070f800000|100%| E|CS|TAMS 0x000000070f600000, 0x000000070f600000| Complete 
| 124|0x000000070f800000, 0x000000070fa00000, 0x000000070fa00000|100%| E|CS|TAMS 0x000000070f800000, 0x000000070f800000| Complete 
| 125|0x000000070fa00000, 0x000000070fc00000, 0x000000070fc00000|100%| E|CS|TAMS 0x000000070fa00000, 0x000000070fa00000| Complete 
| 126|0x000000070fc00000, 0x000000070fe00000, 0x000000070fe00000|100%| E|CS|TAMS 0x000000070fc00000, 0x000000070fc00000| Complete 
| 127|0x000000070fe00000, 0x0000000710000000, 0x0000000710000000|100%| E|CS|TAMS 0x000000070fe00000, 0x000000070fe00000| Complete 
|2046|0x00000007ffc00000, 0x00000007ffd78000, 0x00000007ffe00000| 73%|OA|  |TAMS 0x00000007ffc00000, 0x00000007ffc00000| Untracked 
|2047|0x00000007ffe00000, 0x00000007ffe80000, 0x0000000800000000| 25%|CA|  |TAMS 0x00000007ffe00000, 0x00000007ffe00000| Untracked 

Card table byte_map: [0x000000011cb20000,0x000000011d320000] _byte_map_base: 0x0000000119320000

Marking Bits (Prev, Next): (CMBitMap*) 0x000000012a829210, (CMBitMap*) 0x000000012a829250
 Prev Bits: [0x000000011db20000, 0x0000000121b20000)
 Next Bits: [0x0000000121b20000, 0x0000000125b20000)

Polling page: 0x0000000104208000

Metaspace:

Usage:
  Non-class:     12.19 MB used.
      Class:      2.12 MB used.
       Both:     14.30 MB used.

Virtual space:
  Non-class space:       16.00 MB reserved,      12.31 MB ( 77%) committed,  2 nodes.
      Class space:        1.00 GB reserved,       2.25 MB ( <1%) committed,  1 nodes.
             Both:        1.02 GB reserved,      14.56 MB (  1%) committed. 

Chunk freelists:
   Non-Class:  2.75 MB
       Class:  1.77 MB
        Both:  4.52 MB

MaxMetaspaceSize: unlimited
CompressedClassSpaceSize: 1.00 GB
Initial GC threshold: 21.00 MB
Current GC threshold: 21.00 MB
CDS: on
MetaspaceReclaimPolicy: balanced
 - commit_granule_bytes: 65536.
 - commit_granule_words: 8192.
 - virtual_space_node_default_size: 1048576.
 - enlarge_chunks_in_place: 1.
 - new_chunks_are_fully_committed: 0.
 - uncommit_free_chunks: 1.
 - use_allocation_guard: 0.
 - handle_deallocations: 1.


Internal statistics:

num_allocs_failed_limit: 0.
num_arena_births: 190.
num_arena_deaths: 0.
num_vsnodes_births: 3.
num_vsnodes_deaths: 0.
num_space_committed: 233.
num_space_uncommitted: 0.
num_chunks_returned_to_freelist: 0.
num_chunks_taken_from_freelist: 632.
num_chunk_merges: 0.
num_chunk_splits: 443.
num_chunks_enlarged: 353.
num_purges: 0.
num_inconsistent_stats: 0.

CodeHeap 'non-profiled nmethods': size=120032Kb used=624Kb max_used=624Kb free=119407Kb
 bounds [0x00000001155e8000, 0x0000000115858000, 0x000000011cb20000]
CodeHeap 'profiled nmethods': size=120016Kb used=3713Kb max_used=3713Kb free=116302Kb
 bounds [0x000000010e0b4000, 0x000000010e464000, 0x00000001155e8000]
CodeHeap 'non-nmethods': size=5712Kb used=1372Kb max_used=1404Kb free=4339Kb
 bounds [0x000000010db20000, 0x000000010dd90000, 0x000000010e0b4000]
 total_blobs=2648 nmethods=1887 adapters=677
 compilation: enabled
              stopped_count=0, restarted_count=0
 full_count=0

Compilation events (20 events):
Event: 5.810 Thread 0x000000014d008200 1937       3       java.util.EventObject::<init> (24 bytes)
Event: 5.810 Thread 0x000000014d008200 nmethod 1937 0x000000010e44fd90 code [0x000000010e44ff40, 0x000000010e450218]
Event: 7.257 Thread 0x000000014d008200 1939       3       com.sun.javafx.event.CompositeEventDispatcher::dispatchCapturingEvent (35 bytes)
Event: 7.258 Thread 0x000000014d008200 nmethod 1939 0x000000010e450310 code [0x000000010e450500, 0x000000010e450a08]
Event: 7.258 Thread 0x000000014d008200 1938       3       com.sun.javafx.event.BasicEventDispatcher::dispatchEvent (44 bytes)
Event: 7.258 Thread 0x000000014d008200 nmethod 1938 0x000000010e450b90 code [0x000000010e450d80, 0x000000010e4513b8]
Event: 7.264 Thread 0x000000014d008200 1940       3       javafx.scene.input.MouseEvent::<init> (45 bytes)
Event: 7.265 Thread 0x000000014d008200 nmethod 1940 0x000000010e451590 code [0x000000010e451740, 0x000000010e451998]
Event: 7.265 Thread 0x000000014d008200 1941       3       javafx.scene.input.MouseEvent::<init> (208 bytes)
Event: 7.266 Thread 0x000000014d008200 nmethod 1941 0x000000010e451b10 code [0x000000010e451d40, 0x000000010e4524b8]
Event: 7.305 Thread 0x000000014d008200 1942       3       javafx.scene.Node::localToScene (17 bytes)
Event: 7.306 Thread 0x000000014d008200 nmethod 1942 0x000000010e452890 code [0x000000010e452a40, 0x000000010e452cd8]
Event: 7.369 Thread 0x000000014d008200 1943       3       javafx.scene.Parent::pickChildrenNode (53 bytes)
Event: 7.370 Thread 0x000000014d008200 nmethod 1943 0x000000010e452e10 code [0x000000010e453040, 0x000000010e453668]
Event: 7.393 Thread 0x000000014d008200 1944       3       com.sun.javafx.geom.Vec3d::<init> (5 bytes)
Event: 7.394 Thread 0x000000014d008200 nmethod 1944 0x000000010e453890 code [0x000000010e453a40, 0x000000010e453be8]
Event: 7.410 Thread 0x000000014d008200 1945       1       com.sun.javafx.stage.WindowEventDispatcher::getFirstDispatcher (5 bytes)
Event: 7.411 Thread 0x000000014d008200 nmethod 1945 0x0000000115683b90 code [0x0000000115683d00, 0x0000000115683de8]
Event: 7.411 Thread 0x000000014d008200 1946       1       com.sun.javafx.scene.SceneEventDispatcher::getFirstDispatcher (5 bytes)
Event: 7.411 Thread 0x000000014d008200 nmethod 1946 0x0000000115683e90 code [0x0000000115684000, 0x00000001156840e8]

GC Heap History (2 events):
Event: 0.363 GC heap before
{Heap before GC invocations=0 (full 0):
 garbage-first heap   total 266240K, used 24544K [0x0000000700000000, 0x0000000800000000)
  region size 2048K, 11 young (22528K), 0 survivors (0K)
 Metaspace       used 7256K, committed 7424K, reserved 1056768K
  class space    used 930K, committed 1024K, reserved 1048576K
}
Event: 0.365 GC heap after
{Heap after GC invocations=1 (full 0):
 garbage-first heap   total 266240K, used 5279K [0x0000000700000000, 0x0000000800000000)
  region size 2048K, 2 young (4096K), 2 survivors (4096K)
 Metaspace       used 7256K, committed 7424K, reserved 1056768K
  class space    used 930K, committed 1024K, reserved 1048576K
}

Deoptimization events (20 events):
Event: 0.562 Thread 0x000000014c80de00 Uncommon trap: trap_request=0xffffffde fr.pc=0x00000001156465e4 relative=0x0000000000000da4
Event: 0.562 Thread 0x000000014c80de00 Uncommon trap: reason=class_check action=maybe_recompile pc=0x00000001156465e4 method=java.util.concurrent.ConcurrentHashMap.putVal(Ljava/lang/Object;Ljava/lang/Object;Z)Ljava/lang/Object; @ 159 c2
Event: 0.562 Thread 0x000000014c80de00 DEOPT PACKING pc=0x00000001156465e4 sp=0x000000016bd75680
Event: 0.562 Thread 0x000000014c80de00 DEOPT UNPACKING pc=0x000000010db5ed1c sp=0x000000016bd75590 mode 2
Event: 0.584 Thread 0x000000014c80de00 Uncommon trap: trap_request=0xffffff45 fr.pc=0x000000011563a1dc relative=0x000000000000019c
Event: 0.584 Thread 0x000000014c80de00 Uncommon trap: reason=unstable_if action=reinterpret pc=0x000000011563a1dc method=java.io.ByteArrayInputStream.read()I @ 8 c2
Event: 0.584 Thread 0x000000014c80de00 DEOPT PACKING pc=0x000000011563a1dc sp=0x000000016bd74eb0
Event: 0.584 Thread 0x000000014c80de00 DEOPT UNPACKING pc=0x000000010db5ed1c sp=0x000000016bd74e30 mode 2
Event: 0.632 Thread 0x000000012a883e00 DEOPT PACKING pc=0x000000010e1eeb14 sp=0x000000016e8055d0
Event: 0.632 Thread 0x000000012a883e00 DEOPT UNPACKING pc=0x000000010db5eb7c sp=0x000000016e8052a0 mode 3
Event: 0.632 Thread 0x000000012a883e00 DEOPT PACKING pc=0x000000010e20c760 sp=0x000000016e805630
Event: 0.632 Thread 0x000000012a883e00 DEOPT UNPACKING pc=0x000000010db5eb7c sp=0x000000016e805300 mode 3
Event: 1.141 Thread 0x000000014c139e00 Uncommon trap: trap_request=0xffffff45 fr.pc=0x0000000115646678 relative=0x0000000000000e38
Event: 1.141 Thread 0x000000014c139e00 Uncommon trap: reason=unstable_if action=reinterpret pc=0x0000000115646678 method=java.util.concurrent.ConcurrentHashMap.putVal(Ljava/lang/Object;Ljava/lang/Object;Z)Ljava/lang/Object; @ 148 c2
Event: 1.141 Thread 0x000000014c139e00 DEOPT PACKING pc=0x0000000115646678 sp=0x00000002882058c0
Event: 1.141 Thread 0x000000014c139e00 DEOPT UNPACKING pc=0x000000010db5ed1c sp=0x00000002882057d0 mode 2
Event: 4.180 Thread 0x000000012a883e00 DEOPT PACKING pc=0x000000010e392038 sp=0x000000016e8051a0
Event: 4.180 Thread 0x000000012a883e00 DEOPT UNPACKING pc=0x000000010db5eb7c sp=0x000000016e804e00 mode 0
Event: 4.182 Thread 0x000000012a883e00 DEOPT PACKING pc=0x000000010e392038 sp=0x000000016e8051a0
Event: 4.182 Thread 0x000000012a883e00 DEOPT UNPACKING pc=0x000000010db5eb7c sp=0x000000016e804e00 mode 0

Classes unloaded (0 events):
No events

Classes redefined (0 events):
No events

Internal exceptions (20 events):
Event: 0.362 Thread 0x000000014c80de00 Exception <a 'java/lang/NoSuchMethodError'{0x000000070ebf4910}: 'java.lang.Object java.lang.invoke.DirectMethodHandle$Holder.invokeStatic(java.lang.Object, int, java.lang.Object)'> (0x000000070ebf4910) 
thrown [open/src/hotspot/share/interpreter/linkResolver.cpp, line 766]
Event: 0.366 Thread 0x000000014c80de00 Exception <a 'java/lang/ClassNotFoundException'{0x000000070fe08c50}: sun/util/logging/resources/spi/loggingProvider> (0x000000070fe08c50) 
thrown [open/src/hotspot/share/classfile/systemDictionary.cpp, line 256]
Event: 0.377 Thread 0x000000014c80de00 Exception <a 'java/lang/NoSuchMethodError'{0x000000070ff78a90}: 'java.lang.Object java.lang.invoke.DirectMethodHandle$Holder.invokeSpecial(java.lang.Object, java.lang.Object, java.lang.Object, int, java.lang.Object)'> (0x000000070ff78a90) 
thrown [open/src/hotspot/share/interpreter/linkResolver.cpp, line 766]
Event: 0.418 Thread 0x000000014c80de00 Exception <a 'java/lang/NoSuchMethodError'{0x000000070f988ae0}: 'void java.lang.invoke.DirectMethodHandle$Holder.invokeStaticInit(java.lang.Object, java.lang.Object)'> (0x000000070f988ae0) 
thrown [open/src/hotspot/share/interpreter/linkResolver.cpp, line 766]
Event: 0.422 Thread 0x000000014c80de00 Exception <a 'java/lang/NoSuchMethodError'{0x000000070f60b9f0}: 'void java.lang.invoke.DirectMethodHandle$Holder.invokeSpecial(java.lang.Object, java.lang.Object, java.lang.Object, java.lang.Object, java.lang.Object)'> (0x000000070f60b9f0) 
thrown [open/src/hotspot/share/interpreter/linkResolver.cpp, line 766]
Event: 0.440 Thread 0x000000014c80de00 Implicit null exception at 0x000000011562fcf8 to 0x000000011562fd88
Event: 0.444 Thread 0x000000014c80de00 Implicit null exception at 0x000000011563f954 to 0x000000011563fc64
Event: 0.444 Thread 0x000000014c80de00 Implicit null exception at 0x00000001156397d4 to 0x0000000115639aa8
Event: 0.486 Thread 0x000000014c80de00 Exception <a 'java/lang/ClassNotFoundException'{0x000000070f13e9f0}: com/sun/javafx/scene/control/skin/resources/controls> (0x000000070f13e9f0) 
thrown [open/src/hotspot/share/prims/jni.cpp, line 535]
Event: 0.487 Thread 0x000000014c80de00 Exception <a 'java/lang/ClassNotFoundException'{0x000000070f14c990}: com/sun/javafx/scene/control/skin/resources/controls_en> (0x000000070f14c990) 
thrown [open/src/hotspot/share/prims/jni.cpp, line 535]
Event: 0.487 Thread 0x000000014c80de00 Exception <a 'java/lang/ClassNotFoundException'{0x000000070f14d928}: com/sun/javafx/scene/control/skin/resources/controls_en_US> (0x000000070f14d928) 
thrown [open/src/hotspot/share/prims/jni.cpp, line 535]
Event: 0.500 Thread 0x000000014c80de00 Exception <a 'java/lang/NoSuchMethodError'{0x000000070ef0b790}: 'void java.lang.invoke.DirectMethodHandle$Holder.invokeSpecial(java.lang.Object, java.lang.Object, java.lang.Object, java.lang.Object, java.lang.Object, java.lang.Object)'> (0x000000070ef0b790) 
thrown [open/src/hotspot/share/interpreter/linkResolver.cpp, line 766]
Event: 0.563 Thread 0x000000014c80de00 Exception <a 'java/lang/NoSuchMethodError'{0x000000070eabcd80}: 'java.lang.Object java.lang.invoke.DirectMethodHandle$Holder.invokeInterface(java.lang.Object, java.lang.Object, java.lang.Object)'> (0x000000070eabcd80) 
thrown [open/src/hotspot/share/interpreter/linkResolver.cpp, line 766]
Event: 0.563 Thread 0x000000014c80de00 Exception <a 'java/lang/IncompatibleClassChangeError'{0x000000070eac0708}: Found class java.lang.Object, but interface was expected> (0x000000070eac0708) 
thrown [open/src/hotspot/share/interpreter/linkResolver.cpp, line 833]
Event: 0.591 Thread 0x000000014c80de00 Exception <a 'java/lang/NoSuchMethodError'{0x000000070e530920}: 'java.lang.Object java.lang.invoke.DirectMethodHandle$Holder.newInvokeSpecial(java.lang.Object, java.lang.Object, int)'> (0x000000070e530920) 
thrown [open/src/hotspot/share/interpreter/linkResolver.cpp, line 766]
Event: 0.629 Thread 0x000000012a883e00 Exception <a 'java/lang/NoSuchMethodError'{0x000000070e2670a0}: 'int java.lang.invoke.DirectMethodHandle$Holder.invokeStaticInit(java.lang.Object, java.lang.Object)'> (0x000000070e2670a0) 
thrown [open/src/hotspot/share/interpreter/linkResolver.cpp, line 766]
Event: 0.633 Thread 0x000000014c80de00 Exception <a 'java/lang/NoSuchMethodError'{0x000000070e57ee40}: 'long java.lang.invoke.DirectMethodHandle$Holder.invokeStatic(java.lang.Object, java.lang.Object, java.lang.Object)'> (0x000000070e57ee40) 
thrown [open/src/hotspot/share/interpreter/linkResolver.cpp, line 766]
Event: 0.633 Thread 0x000000014c80de00 Exception <a 'java/lang/NoSuchMethodError'{0x000000070e5825e8}: 'long java.lang.invoke.DirectMethodHandle$Holder.invokeStaticInit(java.lang.Object, java.lang.Object, java.lang.Object)'> (0x000000070e5825e8) 
thrown [open/src/hotspot/share/interpreter/linkResolver.cpp, line 766]
Event: 0.633 Thread 0x000000014c80de00 Exception <a 'java/lang/NoSuchMethodError'{0x000000070e353400}: 'java.lang.Object java.lang.invoke.DirectMethodHandle$Holder.newInvokeSpecial(java.lang.Object, java.lang.Object, long)'> (0x000000070e353400) 
thrown [open/src/hotspot/share/interpreter/linkResolver.cpp, line 766]
Event: 0.633 Thread 0x000000014c80de00 Exception <a 'java/lang/NoSuchMethodError'{0x000000070e356cc8}: 'java.lang.Object java.lang.invoke.Invokers$Holder.linkToTargetMethod(java.lang.Object, long, java.lang.Object)'> (0x000000070e356cc8) 
thrown [open/src/hotspot/share/interpreter/linkResolver.cpp, line 766]

VM Operations (20 events):
Event: 0.363 Executing VM operation: G1CollectForAllocation
Event: 0.365 Executing VM operation: G1CollectForAllocation done
Event: 0.397 Executing VM operation: HandshakeAllThreads
Event: 0.397 Executing VM operation: HandshakeAllThreads done
Event: 0.423 Executing VM operation: ICBufferFull
Event: 0.423 Executing VM operation: ICBufferFull done
Event: 0.549 Executing VM operation: HandshakeAllThreads
Event: 0.549 Executing VM operation: HandshakeAllThreads done
Event: 0.577 Executing VM operation: ICBufferFull
Event: 0.577 Executing VM operation: ICBufferFull done
Event: 2.038 Executing VM operation: Cleanup
Event: 2.039 Executing VM operation: Cleanup done
Event: 3.044 Executing VM operation: Cleanup
Event: 3.044 Executing VM operation: Cleanup done
Event: 4.046 Executing VM operation: Cleanup
Event: 4.046 Executing VM operation: Cleanup done
Event: 5.051 Executing VM operation: Cleanup
Event: 5.052 Executing VM operation: Cleanup done
Event: 6.055 Executing VM operation: Cleanup
Event: 6.055 Executing VM operation: Cleanup done

Events (20 events):
Event: 1.140 loading class sun/util/locale/provider/TimeZoneNameProviderImpl done
Event: 1.140 loading class sun/util/cldr/CLDRTimeZoneNameProviderImpl done
Event: 1.140 loading class sun/util/locale/provider/BaseLocaleDataMetaInfo
Event: 1.140 loading class sun/util/locale/provider/BaseLocaleDataMetaInfo done
Event: 1.141 loading class sun/util/resources/cldr/TimeZoneNames
Event: 1.141 loading class sun/util/resources/TimeZoneNamesBundle
Event: 1.141 loading class sun/util/resources/OpenListResourceBundle
Event: 1.141 loading class sun/util/resources/OpenListResourceBundle done
Event: 1.141 loading class sun/util/resources/TimeZoneNamesBundle done
Event: 1.141 loading class sun/util/resources/cldr/TimeZoneNames done
Event: 1.141 loading class sun/util/resources/cldr/TimeZoneNames_en
Event: 1.141 loading class sun/util/resources/cldr/TimeZoneNames_en done
Event: 1.142 loading class sun/util/resources/cldr/TimeZoneNames_en_US
Event: 1.142 loading class sun/util/resources/cldr/TimeZoneNames_en_US done
Event: 4.611 Protecting memory [0x000000016ea1c000,0x000000016ea28000] with protection modes 3
Event: 4.611 Thread 0x000000014ba86400 Thread exited: 0x000000014ba86400
Event: 5.343 Protecting memory [0x000000016ea1c000,0x000000016ea28000] with protection modes 0
Event: 5.343 Thread 0x000000012a910000 Thread added: 0x000000012a910000
Event: 5.643 Protecting memory [0x000000016ea1c000,0x000000016ea28000] with protection modes 3
Event: 5.643 Thread 0x000000012a910000 Thread exited: 0x000000012a910000


Dynamic libraries:
0x00000001041b8000 	/Users/danielweiner/Library/Java/JavaVirtualMachines/openjdk-17.0.2/Contents/Home/lib/libjli.dylib
0x00000001a4194000 	/usr/lib/libz.1.dylib
0x00000001a424b000 	/usr/lib/libSystem.B.dylib
0x00000001a4245000 	/usr/lib/system/libcache.dylib
0x00000001a4203000 	/usr/lib/system/libcommonCrypto.dylib
0x00000001a422c000 	/usr/lib/system/libcompiler_rt.dylib
0x00000001a4223000 	/usr/lib/system/libcopyfile.dylib
0x000000019948b000 	/usr/lib/system/libcorecrypto.dylib
0x000000019953e000 	/usr/lib/system/libdispatch.dylib
0x000000019970c000 	/usr/lib/system/libdyld.dylib
0x00000001a423b000 	/usr/lib/system/libkeymgr.dylib
0x00000001a41de000 	/usr/lib/system/libmacho.dylib
0x00000001a38d3000 	/usr/lib/system/libquarantine.dylib
0x00000001a4238000 	/usr/lib/system/libremovefile.dylib
0x000000019e874000 	/usr/lib/system/libsystem_asl.dylib
0x000000019942d000 	/usr/lib/system/libsystem_blocks.dylib
0x00000001995c6000 	/usr/lib/system/libsystem_c.dylib
0x00000001a4230000 	/usr/lib/system/libsystem_collections.dylib
0x00000001a2d61000 	/usr/lib/system/libsystem_configuration.dylib
0x00000001a1fbd000 	/usr/lib/system/libsystem_containermanager.dylib
0x00000001a3f40000 	/usr/lib/system/libsystem_coreservices.dylib
0x000000019be34000 	/usr/lib/system/libsystem_darwin.dylib
0x00000001a423c000 	/usr/lib/system/libsystem_dnssd.dylib
0x00000001995c3000 	/usr/lib/system/libsystem_featureflags.dylib
0x0000000199721000 	/usr/lib/system/libsystem_info.dylib
0x00000001a41a6000 	/usr/lib/system/libsystem_m.dylib
0x0000000199513000 	/usr/lib/system/libsystem_malloc.dylib
0x000000019e803000 	/usr/lib/system/libsystem_networkextension.dylib
0x000000019c28d000 	/usr/lib/system/libsystem_notify.dylib
0x00000001aa589000 	/usr/lib/system/libsystem_product_info_filter.dylib
0x00000001a2d66000 	/usr/lib/system/libsystem_sandbox.dylib
0x00000001a4235000 	/usr/lib/system/libsystem_secinit.dylib
0x00000001996c7000 	/usr/lib/system/libsystem_kernel.dylib
0x0000000199719000 	/usr/lib/system/libsystem_platform.dylib
0x00000001996ff000 	/usr/lib/system/libsystem_pthread.dylib
0x000000019ffcc000 	/usr/lib/system/libsystem_symptoms.dylib
0x0000000199471000 	/usr/lib/system/libsystem_trace.dylib
0x00000001a4210000 	/usr/lib/system/libunwind.dylib
0x000000019942f000 	/usr/lib/system/libxpc.dylib
0x00000001996af000 	/usr/lib/libc++abi.dylib
0x0000000199585000 	/usr/lib/libobjc.A.dylib
0x00000001a421b000 	/usr/lib/liboah.dylib
0x0000000199648000 	/usr/lib/libc++.1.dylib
0x00000001b00a2000 	/System/Library/Frameworks/Cocoa.framework/Versions/A/Cocoa
0x000000019c2ee000 	/System/Library/Frameworks/AppKit.framework/Versions/C/AppKit
0x000000019f7f4000 	/System/Library/Frameworks/CoreData.framework/Versions/A/CoreData
0x000000019a649000 	/System/Library/Frameworks/Foundation.framework/Versions/C/Foundation
0x000000019d1a6000 	/System/Library/PrivateFrameworks/UIFoundation.framework/Versions/A/UIFoundation
0x00000001aa283000 	/System/Library/PrivateFrameworks/RemoteViewServices.framework/Versions/A/RemoteViewServices
0x00000001a2709000 	/System/Library/PrivateFrameworks/XCTTargetBootstrap.framework/Versions/A/XCTTargetBootstrap
0x00000001a5f87000 	/System/Library/PrivateFrameworks/InternationalSupport.framework/Versions/A/InternationalSupport
0x00000001a6010000 	/System/Library/PrivateFrameworks/UserActivity.framework/Versions/A/UserActivity
0x00000001a5482000 	/usr/lib/libspindump.dylib
0x000000019d417000 	/System/Library/Frameworks/UniformTypeIdentifiers.framework/Versions/A/UniformTypeIdentifiers
0x00000001a0c54000 	/usr/lib/libapp_launch_measurement.dylib
0x00000001a017e000 	/System/Library/PrivateFrameworks/CoreAnalytics.framework/Versions/A/CoreAnalytics
0x00000001a0c57000 	/System/Library/PrivateFrameworks/CoreAutoLayout.framework/Versions/A/CoreAutoLayout
0x00000001a1ffa000 	/System/Library/Frameworks/Metal.framework/Versions/A/Metal
0x00000001a2d71000 	/usr/lib/liblangid.dylib
0x00000001a270e000 	/System/Library/PrivateFrameworks/CoreSVG.framework/Versions/A/CoreSVG
0x000000019e8a8000 	/System/Library/PrivateFrameworks/SkyLight.framework/Versions/A/SkyLight
0x000000019ec7d000 	/System/Library/Frameworks/CoreGraphics.framework/Versions/A/CoreGraphics
0x00000001aa94f000 	/System/Library/Frameworks/Accelerate.framework/Versions/A/Accelerate
0x00000001a4ef9000 	/System/Library/PrivateFrameworks/IconServices.framework/Versions/A/IconServices
0x00000001a1fdc000 	/System/Library/Frameworks/IOSurface.framework/Versions/A/IOSurface
0x00000001a01af000 	/usr/lib/libDiagnosticMessagesClient.dylib
0x00000001ade50000 	/System/Library/Frameworks/ApplicationServices.framework/Versions/A/ApplicationServices
0x00000001a26f1000 	/System/Library/PrivateFrameworks/DFRFoundation.framework/Versions/A/DFRFoundation
0x000000019bb7e000 	/usr/lib/libicucore.A.dylib
0x00000001a6e33000 	/System/Library/Frameworks/AudioToolbox.framework/Versions/A/AudioToolbox
0x00000001a5f93000 	/System/Library/PrivateFrameworks/DataDetectorsCore.framework/Versions/A/DataDetectorsCore
0x00000001bc8d3000 	/System/Library/PrivateFrameworks/TextInput.framework/Versions/A/TextInput
0x000000019e81d000 	/usr/lib/libMobileGestalt.dylib
0x00000001a23bd000 	/System/Library/Frameworks/Carbon.framework/Versions/A/Frameworks/HIToolbox.framework/Versions/A/HIToolbox
0x00000001a0630000 	/System/Library/Frameworks/QuartzCore.framework/Versions/A/QuartzCore
0x000000019b801000 	/System/Library/Frameworks/Security.framework/Versions/A/Security
0x00000001aa2c3000 	/System/Library/Frameworks/Carbon.framework/Versions/A/Frameworks/SpeechRecognition.framework/Versions/A/SpeechRecognition
0x00000001a09aa000 	/System/Library/PrivateFrameworks/CoreUI.framework/Versions/A/CoreUI
0x000000019b0de000 	/System/Library/Frameworks/CoreAudio.framework/Versions/A/CoreAudio
0x00000001a02a4000 	/System/Library/Frameworks/DiskArbitration.framework/Versions/A/DiskArbitration
0x00000001a588c000 	/System/Library/PrivateFrameworks/MultitouchSupport.framework/Versions/A/MultitouchSupport
0x000000019e81b000 	/usr/lib/libenergytrace.dylib
0x000000019c1b6000 	/System/Library/Frameworks/IOKit.framework/Versions/A/IOKit
0x00000001aa6b2000 	/System/Library/Frameworks/CoreServices.framework/Versions/A/CoreServices
0x00000001a0be4000 	/System/Library/PrivateFrameworks/PerformanceAnalysis.framework/Versions/A/PerformanceAnalysis
0x00000001fabbb000 	/System/Library/Frameworks/OpenGL.framework/Versions/A/OpenGL
0x00000001a37eb000 	/System/Library/PrivateFrameworks/MobileKeyBag.framework/Versions/A/MobileKeyBag
0x000000019f28a000 	/System/Library/Frameworks/ColorSync.framework/Versions/A/ColorSync
0x000000019974e000 	/System/Library/Frameworks/CoreFoundation.framework/Versions/A/CoreFoundation
0x00000001a298d000 	/System/Library/Frameworks/CoreImage.framework/Versions/A/CoreImage
0x000000019af02000 	/System/Library/Frameworks/CoreText.framework/Versions/A/CoreText
0x00000001a273e000 	/System/Library/Frameworks/ImageIO.framework/Versions/A/ImageIO
0x00000001a4251000 	/System/Library/PrivateFrameworks/SoftLinking.framework/Versions/A/SoftLinking
0x00000001a0ca2000 	/usr/lib/libxml2.2.dylib
0x00000001a44ea000 	/usr/lib/libcompression.dylib
0x00000001a5ee3000 	/System/Library/PrivateFrameworks/TextureIO.framework/Versions/A/TextureIO
0x00000001a4c12000 	/usr/lib/libate.dylib
0x00000001a4ad7000 	/usr/lib/liblzma.5.dylib
0x000000019a33d000 	/System/Library/Frameworks/SystemConfiguration.framework/Versions/A/SystemConfiguration
0x00000001a424d000 	/usr/lib/libfakelink.dylib
0x000000019e34f000 	/System/Library/Frameworks/CFNetwork.framework/Versions/A/CFNetwork
0x00000001a4393000 	/usr/lib/libarchive.2.dylib
0x00000001a2d6d000 	/System/Library/PrivateFrameworks/AppleSystemInfo.framework/Versions/A/AppleSystemInfo
0x00000001a38fe000 	/usr/lib/libbsm.0.dylib
0x000000019d8c0000 	/usr/lib/libnetwork.dylib
0x00000001a41e7000 	/usr/lib/system/libkxld.dylib
0x00000001a3511000 	/System/Library/PrivateFrameworks/IOMobileFramebuffer.framework/Versions/A/IOMobileFramebuffer
0x00000002184e7000 	/usr/lib/libCoreEntitlements.dylib
0x00000001a3f22000 	/System/Library/PrivateFrameworks/AppleFSCompression.framework/Versions/A/AppleFSCompression
0x00000001a38e6000 	/usr/lib/libcoretls.dylib
0x00000001a4af0000 	/usr/lib/libcoretls_cfhelpers.dylib
0x00000001a44e5000 	/usr/lib/libpam.2.dylib
0x000000019fbe3000 	/usr/lib/libsqlite3.dylib
0x00000001a4b59000 	/usr/lib/libxar.1.dylib
0x00000001a3f33000 	/usr/lib/libbz2.1.0.dylib
0x00000001a4252000 	/usr/lib/libpcap.A.dylib
0x000000019ffc3000 	/usr/lib/libdns_services.dylib
0x00000001a44b8000 	/usr/lib/libapple_nghttp2.dylib
0x00000001a428f000 	/usr/lib/libiconv.2.dylib
0x00000001a41dd000 	/usr/lib/libcharset.1.dylib
0x00000001a0c20000 	/System/Library/Frameworks/CoreServices.framework/Versions/A/Frameworks/FSEvents.framework/Versions/A/FSEvents
0x000000019be3f000 	/System/Library/Frameworks/CoreServices.framework/Versions/A/Frameworks/CarbonCore.framework/Versions/A/CarbonCore
0x00000001a0204000 	/System/Library/Frameworks/CoreServices.framework/Versions/A/Frameworks/Metadata.framework/Versions/A/Metadata
0x00000001a3f46000 	/System/Library/Frameworks/CoreServices.framework/Versions/A/Frameworks/OSServices.framework/Versions/A/OSServices
0x00000001a4419000 	/System/Library/Frameworks/CoreServices.framework/Versions/A/Frameworks/SearchKit.framework/Versions/A/SearchKit
0x000000019ff52000 	/System/Library/Frameworks/CoreServices.framework/Versions/A/Frameworks/AE.framework/Versions/A/AE
0x0000000199c94000 	/System/Library/Frameworks/CoreServices.framework/Versions/A/Frameworks/LaunchServices.framework/Versions/A/LaunchServices
0x00000001a4a80000 	/System/Library/Frameworks/CoreServices.framework/Versions/A/Frameworks/DictionaryServices.framework/Versions/A/DictionaryServices
0x00000001a0c2d000 	/System/Library/Frameworks/CoreServices.framework/Versions/A/Frameworks/SharedFileList.framework/Versions/A/SharedFileList
0x00000001a38d6000 	/usr/lib/libCheckFix.dylib
0x000000019e88c000 	/System/Library/PrivateFrameworks/TCC.framework/Versions/A/TCC
0x00000001a2d73000 	/System/Library/PrivateFrameworks/CoreNLP.framework/Versions/A/CoreNLP
0x00000001a01b2000 	/System/Library/PrivateFrameworks/MetadataUtilities.framework/Versions/A/MetadataUtilities
0x000000019a3f6000 	/usr/lib/libmecabra.dylib
0x00000001a390f000 	/usr/lib/libmecab.dylib
0x000000019a3c2000 	/usr/lib/libCRFSuite.dylib
0x00000001a396c000 	/usr/lib/libgermantok.dylib
0x00000001a4491000 	/usr/lib/libThaiTokenizer.dylib
0x00000001a02ac000 	/System/Library/Frameworks/Accelerate.framework/Versions/A/Frameworks/vImage.framework/Versions/A/vImage
0x00000001aa689000 	/System/Library/Frameworks/Accelerate.framework/Versions/A/Frameworks/vecLib.framework/Versions/A/vecLib
0x00000001a4b9e000 	/System/Library/Frameworks/Accelerate.framework/Versions/A/Frameworks/vecLib.framework/Versions/A/libvMisc.dylib
0x00000001a3418000 	/System/Library/Frameworks/Accelerate.framework/Versions/A/Frameworks/vecLib.framework/Versions/A/libvDSP.dylib
0x000000019a01d000 	/System/Library/Frameworks/Accelerate.framework/Versions/A/Frameworks/vecLib.framework/Versions/A/libBLAS.dylib
0x00000001a45bb000 	/System/Library/Frameworks/Accelerate.framework/Versions/A/Frameworks/vecLib.framework/Versions/A/libLAPACK.dylib
0x00000001a396f000 	/System/Library/Frameworks/Accelerate.framework/Versions/A/Frameworks/vecLib.framework/Versions/A/libLinearAlgebra.dylib
0x00000001a44d0000 	/System/Library/Frameworks/Accelerate.framework/Versions/A/Frameworks/vecLib.framework/Versions/A/libSparseBLAS.dylib
0x00000001a45b6000 	/System/Library/Frameworks/Accelerate.framework/Versions/A/Frameworks/vecLib.framework/Versions/A/libQuadrature.dylib
0x00000001a2e6c000 	/System/Library/Frameworks/Accelerate.framework/Versions/A/Frameworks/vecLib.framework/Versions/A/libBNNS.dylib
0x000000019a2db000 	/System/Library/Frameworks/Accelerate.framework/Versions/A/Frameworks/vecLib.framework/Versions/A/libSparse.dylib
0x00000001a2e64000 	/System/Library/PrivateFrameworks/LinguisticData.framework/Versions/A/LinguisticData
0x000000019a293000 	/System/Library/PrivateFrameworks/Lexicon.framework/Versions/A/Lexicon
0x00000001a4b96000 	/usr/lib/libChineseTokenizer.dylib
0x000000019aa3a000 	/System/Library/PrivateFrameworks/LanguageModeling.framework/Versions/A/LanguageModeling
0x00000001a4493000 	/System/Library/PrivateFrameworks/AppleSauce.framework/Versions/A/AppleSauce
0x00000001a34fe000 	/System/Library/PrivateFrameworks/CoreEmoji.framework/Versions/A/CoreEmoji
0x00000001a4381000 	/usr/lib/libcmph.dylib
0x00000001a0c00000 	/System/Library/Frameworks/OpenDirectory.framework/Versions/A/Frameworks/CFOpenDirectory.framework/Versions/A/CFOpenDirectory
0x00000001a0bf0000 	/System/Library/Frameworks/OpenDirectory.framework/Versions/A/OpenDirectory
0x00000001a4af2000 	/System/Library/PrivateFrameworks/APFS.framework/Versions/A/APFS
0x00000001a3826000 	/System/Library/Frameworks/SecurityFoundation.framework/Versions/A/SecurityFoundation
0x00000001a4b68000 	/usr/lib/libutil.dylib
0x000000019c178000 	/System/Library/PrivateFrameworks/CoreServicesStore.framework/Versions/A/CoreServicesStore
0x00000001a4b6c000 	/usr/lib/libxslt.1.dylib
0x00000001a38ba000 	/System/Library/PrivateFrameworks/BackgroundTaskManagement.framework/Versions/A/BackgroundTaskManagement
0x00000001a5e04000 	/System/Library/Frameworks/ImageIO.framework/Versions/A/Resources/libRadiance.dylib
0x00000001a5e0d000 	/System/Library/Frameworks/ImageIO.framework/Versions/A/Resources/libJPEG.dylib
0x00000001a5d60000 	/System/Library/Frameworks/ImageIO.framework/Versions/A/Resources/libPng.dylib
0x00000001a5d82000 	/System/Library/Frameworks/ImageIO.framework/Versions/A/Resources/libTIFF.dylib
0x00000001a5e68000 	/System/Library/Frameworks/ImageIO.framework/Versions/A/Resources/libGIF.dylib
0x00000001a579c000 	/System/Library/Frameworks/ImageIO.framework/Versions/A/Resources/libJP2.dylib
0x00000001a4ebe000 	/usr/lib/libexpat.1.dylib
0x00000001a5757000 	/System/Library/PrivateFrameworks/AppleJPEG.framework/Versions/A/AppleJPEG
0x00000001a2279000 	/System/Library/PrivateFrameworks/FontServices.framework/libFontParser.dylib
0x000000019fef7000 	/System/Library/PrivateFrameworks/RunningBoardServices.framework/Versions/A/RunningBoardServices
0x00000001b0775000 	/System/Library/PrivateFrameworks/IOSurfaceAccelerator.framework/Versions/A/IOSurfaceAccelerator
0x00000001a5888000 	/System/Library/PrivateFrameworks/WatchdogClient.framework/Versions/A/WatchdogClient
0x000000019ab3e000 	/System/Library/Frameworks/CoreDisplay.framework/Versions/A/CoreDisplay
0x00000001a2163000 	/System/Library/Frameworks/CoreMedia.framework/Versions/A/CoreMedia
0x00000001a1ff0000 	/System/Library/PrivateFrameworks/IOAccelerator.framework/Versions/A/IOAccelerator
0x00000001a0d90000 	/System/Library/Frameworks/CoreVideo.framework/Versions/A/CoreVideo
0x00000001a44e3000 	/System/Library/Frameworks/MetalPerformanceShaders.framework/Versions/A/MetalPerformanceShaders
0x00000001a58c7000 	/System/Library/Frameworks/VideoToolbox.framework/Versions/A/VideoToolbox
0x000000019fe3b000 	/System/Library/PrivateFrameworks/BaseBoard.framework/Versions/A/BaseBoard
0x000000019fbc9000 	/System/Library/PrivateFrameworks/ProtocolBuffer.framework/Versions/A/ProtocolBuffer
0x00000001a5dff000 	/System/Library/PrivateFrameworks/GPUWrangler.framework/Versions/A/GPUWrangler
0x00000001a5ddf000 	/System/Library/PrivateFrameworks/IOPresentment.framework/Versions/A/IOPresentment
0x00000001a5e07000 	/System/Library/PrivateFrameworks/DSExternalDisplay.framework/Versions/A/DSExternalDisplay
0x00000001fabae000 	/System/Library/Frameworks/OpenGL.framework/Versions/A/Libraries/libCoreFSCache.dylib
0x000000020506d000 	/System/Library/PrivateFrameworks/GPUCompiler.framework/Versions/31001/Libraries/libGPUCompilerUtils.dylib
0x00000001a5e6d000 	/System/Library/PrivateFrameworks/CMCaptureCore.framework/Versions/A/CMCaptureCore
0x00000001a546f000 	/System/Library/PrivateFrameworks/AppServerSupport.framework/Versions/A/AppServerSupport
0x00000001a76f0000 	/System/Library/PrivateFrameworks/perfdata.framework/Versions/A/perfdata
0x000000019ac5e000 	/System/Library/PrivateFrameworks/AudioToolboxCore.framework/Versions/A/AudioToolboxCore
0x00000001a213c000 	/System/Library/PrivateFrameworks/caulk.framework/Versions/A/caulk
0x00000001a6fe5000 	/usr/lib/libAudioStatistics.dylib
0x00000001b8f3a000 	/System/Library/PrivateFrameworks/SystemPolicy.framework/Versions/A/SystemPolicy
0x00000001a7251000 	/usr/lib/libSMC.dylib
0x00000001aff84000 	/System/Library/Frameworks/CoreMIDI.framework/Versions/A/CoreMIDI
0x00000001a5d2e000 	/usr/lib/libAudioToolboxUtility.dylib
0x00000001b5007000 	/System/Library/PrivateFrameworks/OSAServicesClient.framework/Versions/A/OSAServicesClient
0x00000001a76fd000 	/usr/lib/libperfcheck.dylib
0x00000001b9a52000 	/usr/lib/libmis.dylib
0x00000001fac10000 	/System/Library/Frameworks/OpenGL.framework/Versions/A/Libraries/libGLU.dylib
0x00000001fabcf000 	/System/Library/Frameworks/OpenGL.framework/Versions/A/Libraries/libGFXShared.dylib
0x00000001fadbc000 	/System/Library/Frameworks/OpenGL.framework/Versions/A/Libraries/libGL.dylib
0x00000001fabd8000 	/System/Library/Frameworks/OpenGL.framework/Versions/A/Libraries/libGLImage.dylib
0x00000001fabcc000 	/System/Library/Frameworks/OpenGL.framework/Versions/A/Libraries/libCVMSPluginSupport.dylib
0x00000001fabb5000 	/System/Library/Frameworks/OpenGL.framework/Versions/A/Libraries/libCoreVMClient.dylib
0x00000001a2ced000 	/System/Library/Frameworks/MetalPerformanceShaders.framework/Versions/A/Frameworks/MPSCore.framework/Versions/A/MPSCore
0x00000001a3e95000 	/System/Library/Frameworks/MetalPerformanceShaders.framework/Versions/A/Frameworks/MPSImage.framework/Versions/A/MPSImage
0x00000001a3984000 	/System/Library/Frameworks/MetalPerformanceShaders.framework/Versions/A/Frameworks/MPSNeuralNetwork.framework/Versions/A/MPSNeuralNetwork
0x00000001a3dbd000 	/System/Library/Frameworks/MetalPerformanceShaders.framework/Versions/A/Frameworks/MPSMatrix.framework/Versions/A/MPSMatrix
0x00000001a3b96000 	/System/Library/Frameworks/MetalPerformanceShaders.framework/Versions/A/Frameworks/MPSRayIntersector.framework/Versions/A/MPSRayIntersector
0x00000001a3dee000 	/System/Library/Frameworks/MetalPerformanceShaders.framework/Versions/A/Frameworks/MPSNDArray.framework/Versions/A/MPSNDArray
0x00000001fcd27000 	/System/Library/Frameworks/MetalPerformanceShaders.framework/Versions/A/Frameworks/MPSFunctions.framework/Versions/A/MPSFunctions
0x0000000199ef4000 	/System/Library/PrivateFrameworks/MetalTools.framework/Versions/A/MetalTools
0x00000001a2d6b000 	/System/Library/PrivateFrameworks/AggregateDictionary.framework/Versions/A/AggregateDictionary
0x00000001a4ca3000 	/usr/lib/libIOReport.dylib
0x00000001aefa2000 	/System/Library/PrivateFrameworks/ASEProcessing.framework/Versions/A/ASEProcessing
0x00000001a5018000 	/System/Library/PrivateFrameworks/FaceCore.framework/Versions/A/FaceCore
0x00000001a500a000 	/System/Library/PrivateFrameworks/GraphVisualizer.framework/Versions/A/GraphVisualizer
0x0000000204f84000 	/System/Library/PrivateFrameworks/FontServices.framework/Versions/A/FontServices
0x00000001a542b000 	/System/Library/PrivateFrameworks/OTSVG.framework/Versions/A/OTSVG
0x00000001a095a000 	/System/Library/Frameworks/ApplicationServices.framework/Versions/A/Frameworks/ATS.framework/Versions/A/Resources/libFontRegistry.dylib
0x00000001a5478000 	/System/Library/PrivateFrameworks/FontServices.framework/libhvf.dylib
0x0000000204f85000 	/System/Library/PrivateFrameworks/FontServices.framework/libXTFontStaticRegistryData.dylib
0x00000001faf5d000 	/System/Library/Frameworks/OpenCL.framework/Versions/A/OpenCL
0x00000001a4e72000 	/System/Library/PrivateFrameworks/AppleVA.framework/Versions/A/AppleVA
0x00000001a700d000 	/System/Library/Frameworks/ApplicationServices.framework/Versions/A/Frameworks/ATS.framework/Versions/A/ATS
0x000000019f387000 	/System/Library/Frameworks/ApplicationServices.framework/Versions/A/Frameworks/HIServices.framework/Versions/A/HIServices
0x00000001a5e77000 	/System/Library/Frameworks/ApplicationServices.framework/Versions/A/Frameworks/PrintCore.framework/Versions/A/PrintCore
0x00000001a73a4000 	/System/Library/Frameworks/ApplicationServices.framework/Versions/A/Frameworks/QD.framework/Versions/A/QD
0x00000001a739c000 	/System/Library/Frameworks/ApplicationServices.framework/Versions/A/Frameworks/ColorSyncLegacy.framework/Versions/A/ColorSyncLegacy
0x00000001a6ff9000 	/System/Library/Frameworks/ApplicationServices.framework/Versions/A/Frameworks/SpeechSynthesis.framework/Versions/A/SpeechSynthesis
0x00000001a5e38000 	/System/Library/Frameworks/ApplicationServices.framework/Versions/A/Frameworks/ATSUI.framework/Versions/A/ATSUI
0x00000001a7331000 	/usr/lib/libcups.2.dylib
0x00000001a770b000 	/System/Library/Frameworks/Kerberos.framework/Versions/A/Kerberos
0x00000001a771c000 	/System/Library/Frameworks/GSS.framework/Versions/A/GSS
0x00000001a707d000 	/usr/lib/libresolv.9.dylib
0x00000001a5487000 	/System/Library/PrivateFrameworks/Heimdal.framework/Versions/A/Heimdal
0x00000001ae1d7000 	/System/Library/Frameworks/Kerberos.framework/Versions/A/Libraries/libHeimdalProxy.dylib
0x000000019ffd5000 	/System/Library/Frameworks/Network.framework/Versions/A/Network
0x00000001a4ed9000 	/usr/lib/libheimdal-asn1.dylib
0x00000001a776c000 	/System/Library/PrivateFrameworks/CommonAuth.framework/Versions/A/CommonAuth
0x00000001a6f73000 	/System/Library/PrivateFrameworks/AudioSession.framework/Versions/A/AudioSession
0x00000001a4f6b000 	/System/Library/PrivateFrameworks/MediaExperience.framework/Versions/A/MediaExperience
0x00000001a6df9000 	/System/Library/PrivateFrameworks/AudioSession.framework/libSessionUtility.dylib
0x00000001a73b0000 	/System/Library/PrivateFrameworks/AudioResourceArbitration.framework/Versions/A/AudioResourceArbitration
0x00000001ab566000 	/System/Library/PrivateFrameworks/PowerLog.framework/Versions/A/PowerLog
0x00000001a4ee3000 	/System/Library/PrivateFrameworks/IconFoundation.framework/Versions/A/IconFoundation
0x00000001aa2af000 	/System/Library/PrivateFrameworks/SpeechRecognitionCore.framework/Versions/A/SpeechRecognitionCore
0x0000000105430000 	/Users/danielweiner/Library/Java/JavaVirtualMachines/openjdk-17.0.2/Contents/Home/lib/server/libjvm.dylib
0x000000010421c000 	/Users/danielweiner/Library/Java/JavaVirtualMachines/openjdk-17.0.2/Contents/Home/lib/libjimage.dylib
0x0000000104248000 	/Users/danielweiner/Library/Java/JavaVirtualMachines/openjdk-17.0.2/Contents/Home/lib/libinstrument.dylib
0x0000000104294000 	/Users/danielweiner/Library/Java/JavaVirtualMachines/openjdk-17.0.2/Contents/Home/lib/libjava.dylib
0x0000000104e10000 	/Users/danielweiner/Library/Java/JavaVirtualMachines/openjdk-17.0.2/Contents/Home/lib/libnio.dylib
0x0000000104e30000 	/Users/danielweiner/Library/Java/JavaVirtualMachines/openjdk-17.0.2/Contents/Home/lib/libnet.dylib
0x000000010427c000 	/Users/danielweiner/Library/Java/JavaVirtualMachines/openjdk-17.0.2/Contents/Home/lib/libzip.dylib
0x0000000104e54000 	/Users/danielweiner/.openjfx/cache/17.0.1/libprism_es2.dylib
0x000000019c13b000 	/System/Library/PrivateFrameworks/CoreServicesInternal.framework/Versions/A/CoreServicesInternal
0x00000001fadc6000 	/System/Library/Frameworks/OpenGL.framework/Versions/A/Resources/GLEngine.bundle/GLEngine
0x00000001fac4e000 	/System/Library/Frameworks/OpenGL.framework/Versions/A/Libraries/libGLProgrammability.dylib
0x0000000105148000 	/System/Library/Extensions/AppleMetalOpenGLRenderer.bundle/Contents/MacOS/AppleMetalOpenGLRenderer
0x00000001faf35000 	/System/Library/Frameworks/OpenGL.framework/Versions/A/Resources/GLRendererFloat.bundle/GLRendererFloat
0x00000001fb035000 	/System/Library/Extensions/AGXMetal13_3.bundle/Contents/MacOS/AGXMetal13_3
0x00000001b9a6e000 	/System/Library/PrivateFrameworks/GPURawCounter.framework/Versions/A/GPURawCounter
0x00000001b4178000 	/System/Library/PrivateFrameworks/IOGPU.framework/Versions/A/IOGPU
0x000000010535c000 	/Users/danielweiner/.openjfx/cache/17.0.1/libglass.dylib
0x00000001ab7be000 	/System/Library/Frameworks/FileProvider.framework/Versions/A/FileProvider
0x000000019fda3000 	/System/Library/Frameworks/Accounts.framework/Versions/A/Accounts
0x00000001ab942000 	/System/Library/PrivateFrameworks/GenerationalStorage.framework/Versions/A/GenerationalStorage
0x00000001ac505000 	/System/Library/PrivateFrameworks/CoreSymbolication.framework/Versions/A/CoreSymbolication
0x00000001ab55a000 	/System/Library/PrivateFrameworks/SymptomDiagnosticReporter.framework/Versions/A/SymptomDiagnosticReporter
0x000000019d42b000 	/System/Library/PrivateFrameworks/DesktopServicesPriv.framework/Versions/A/DesktopServicesPriv
0x000000019c29d000 	/usr/lib/libsandbox.1.dylib
0x00000001a0e1e000 	/System/Library/PrivateFrameworks/UserManagement.framework/Versions/A/UserManagement
0x00000001ac4c2000 	/System/Library/PrivateFrameworks/DebugSymbols.framework/Versions/A/DebugSymbols
0x00000001a738f000 	/System/Library/PrivateFrameworks/NetAuth.framework/Versions/A/NetAuth
0x00000001a82ad000 	/System/Library/PrivateFrameworks/Sharing.framework/Versions/A/Sharing
0x00000001a0dee000 	/System/Library/PrivateFrameworks/login.framework/Versions/A/Frameworks/loginsupport.framework/Versions/A/loginsupport
0x00000001ad6f7000 	/System/Library/PrivateFrameworks/Apple80211.framework/Versions/A/Apple80211
0x00000001a3f79000 	/System/Library/PrivateFrameworks/AuthKit.framework/Versions/A/AuthKit
0x00000001a35fa000 	/System/Library/PrivateFrameworks/CoreUtils.framework/Versions/A/CoreUtils
0x00000001a351d000 	/System/Library/Frameworks/CoreWLAN.framework/Versions/A/CoreWLAN
0x00000001a841d000 	/System/Library/Frameworks/IOBluetooth.framework/Versions/A/IOBluetooth
0x00000001ad757000 	/System/Library/PrivateFrameworks/CoreWiFi.framework/Versions/A/CoreWiFi
0x00000001ac0a2000 	/System/Library/PrivateFrameworks/FrontBoardServices.framework/Versions/A/FrontBoardServices
0x00000001ac13a000 	/System/Library/PrivateFrameworks/BoardServices.framework/Versions/A/BoardServices
0x00000001a3814000 	/System/Library/PrivateFrameworks/AssertionServices.framework/Versions/A/AssertionServices
0x00000001ad8d4000 	/System/Library/PrivateFrameworks/BackBoardServices.framework/Versions/A/BackBoardServices
0x00000001a7803000 	/System/Library/PrivateFrameworks/CorePhoneNumbers.framework/Versions/A/CorePhoneNumbers
0x00000001ab68a000 	/System/Library/PrivateFrameworks/DiskManagement.framework/Versions/A/DiskManagement
0x00000001ab58d000 	/System/Library/PrivateFrameworks/AppleIDAuthSupport.framework/Versions/A/AppleIDAuthSupport
0x00000001ff54e000 	/System/Library/PrivateFrameworks/AAAFoundation.framework/Versions/A/AAAFoundation
0x00000001a77e2000 	/System/Library/PrivateFrameworks/KeychainCircle.framework/Versions/A/KeychainCircle
0x00000001ab656000 	/System/Library/PrivateFrameworks/MediaKit.framework/Versions/A/MediaKit
0x00000001ab59a000 	/System/Library/Frameworks/DiscRecording.framework/Versions/A/DiscRecording
0x00000001a4dee000 	/usr/lib/libCoreStorage.dylib
0x00000001adbd1000 	/usr/lib/libcsfde.dylib
0x00000001a84f2000 	/System/Library/PrivateFrameworks/ProtectedCloudStorage.framework/Versions/A/ProtectedCloudStorage
0x00000001adbc9000 	/System/Library/PrivateFrameworks/EFILogin.framework/Versions/A/EFILogin
0x00000001ab969000 	/System/Library/PrivateFrameworks/OctagonTrust.framework/Versions/A/OctagonTrust
0x000000020411f000 	/System/Library/PrivateFrameworks/CoreUtilsExtras.framework/Versions/A/CoreUtilsExtras
0x00000001ab4bf000 	/System/Library/Frameworks/CoreBluetooth.framework/Versions/A/CoreBluetooth
0x00000001ae25c000 	/System/Library/Frameworks/AudioUnit.framework/Versions/A/AudioUnit
0x00000001a4de6000 	/usr/lib/libMatch.1.dylib
0x00000001bdf1a000 	/System/Library/Frameworks/Accelerate.framework/Versions/A/Frameworks/vImage.framework/Versions/A/Libraries/libCGInterfaces.dylib
0x0000000127bec000 	/usr/lib/libobjc-trampolines.dylib
0x00000001a0ae8000 	/System/Library/PrivateFrameworks/ViewBridge.framework/Versions/A/ViewBridge
0x00000001ffc01000 	/System/Library/PrivateFrameworks/AccessibilityBundles.framework/Versions/A/AccessibilityBundles
0x00000001a554a000 	/System/Library/PrivateFrameworks/login.framework/Versions/A/login
0x00000001a4cac000 	/System/Library/PrivateFrameworks/CrashReporterSupport.framework/Versions/A/CrashReporterSupport
0x00000001c5993000 	/System/Library/PrivateFrameworks/OSAnalytics.framework/Versions/A/OSAnalytics
0x00000001d0c91000 	/System/Library/PrivateFrameworks/Symbolication.framework/Versions/A/Symbolication
0x00000001b9a2f000 	/System/Library/PrivateFrameworks/MallocStackLogging.framework/Versions/A/MallocStackLogging
0x000000012e73c000 	/Users/danielweiner/.openjfx/cache/17.0.1/libjavafx_font.dylib
0x0000000218665000 	/usr/lib/libRosetta.dylib


VM Arguments:
jvm_args: -javaagent:/Users/danielweiner/Library/Application Support/JetBrains/Toolbox/apps/IDEA-U/ch-0/221.5080.210/IntelliJ IDEA.app/Contents/lib/idea_rt.jar=49479:/Users/danielweiner/Library/Application Support/JetBrains/Toolbox/apps/IDEA-U/ch-0/221.5080.210/IntelliJ IDEA.app/Contents/bin -Dfile.encoding=UTF-8 --module-path=/Users/danielweiner/.m2/repository/org/openjfx/javafx-controls/17.0.1/javafx-controls-17.0.1-mac-aarch64.jar:/Users/danielweiner/Public/Drop Box/eclipse-workspace/JavaFinalProject/target/classes:/Users/danielweiner/.m2/repository/org/openjfx/javafx-fxml/17.0.1/javafx-fxml-17.0.1-mac-aarch64.jar:/Users/danielweiner/.m2/repository/org/openjfx/javafx-graphics/17.0.1/javafx-graphics-17.0.1-mac-aarch64.jar:/Users/danielweiner/.m2/repository/org/openjfx/javafx-base/17.0.1/javafx-base-17.0.1-mac-aarch64.jar -Djdk.module.main=com.example.javafinalproject 
java_command: com.example.javafinalproject/com.example.javafinalproject.LogIn
java_class_path (initial): /Users/danielweiner/.m2/repository/org/openjfx/javafx-controls/17.0.1/javafx-controls-17.0.1.jar:/Users/danielweiner/.m2/repository/org/openjfx/javafx-graphics/17.0.1/javafx-graphics-17.0.1.jar:/Users/danielweiner/.m2/repository/org/openjfx/javafx-base/17.0.1/javafx-base-17.0.1.jar:/Users/danielweiner/.m2/repository/org/openjfx/javafx-fxml/17.0.1/javafx-fxml-17.0.1.jar
Launcher Type: SUN_STANDARD

[Global flags]
     intx CICompilerCount                          = 4                                         {product} {ergonomic}
     uint ConcGCThreads                            = 2                                         {product} {ergonomic}
     uint G1ConcRefinementThreads                  = 8                                         {product} {ergonomic}
   size_t G1HeapRegionSize                         = 2097152                                   {product} {ergonomic}
    uintx GCDrainStackTargetSize                   = 64                                        {product} {ergonomic}
   size_t InitialHeapSize                          = 268435456                                 {product} {ergonomic}
   size_t MarkStackSize                            = 4194304                                   {product} {ergonomic}
   size_t MaxHeapSize                              = 4294967296                                {product} {ergonomic}
   size_t MaxNewSize                               = 2575302656                                {product} {ergonomic}
   size_t MinHeapDeltaBytes                        = 2097152                                   {product} {ergonomic}
   size_t MinHeapSize                              = 8388608                                   {product} {ergonomic}
    uintx NonNMethodCodeHeapSize                   = 5839564                                {pd product} {ergonomic}
    uintx NonProfiledCodeHeapSize                  = 122909338                              {pd product} {ergonomic}
    uintx ProfiledCodeHeapSize                     = 122909338                              {pd product} {ergonomic}
    uintx ReservedCodeCacheSize                    = 251658240                              {pd product} {ergonomic}
     bool SegmentedCodeCache                       = true                                      {product} {ergonomic}
   size_t SoftMaxHeapSize                          = 4294967296                             {manageable} {ergonomic}
     bool UseCompressedClassPointers               = true                           {product lp64_product} {ergonomic}
     bool UseCompressedOops                        = true                           {product lp64_product} {ergonomic}
     bool UseG1GC                                  = true                                      {product} {ergonomic}
     bool UseNUMA                                  = false                                     {product} {ergonomic}
     bool UseNUMAInterleaving                      = false                                     {product} {ergonomic}

Logging:
Log output configuration:
 #0: stdout all=warning uptime,level,tags
 #1: stderr all=off uptime,level,tags

Environment Variables:
PATH=/usr/local/bin:/usr/bin:/bin:/usr/sbin:/sbin
SHELL=/bin/zsh
LC_CTYPE=en_US.UTF-8

Signal Handlers:
   SIGSEGV: _ZL13crash_handleriP9__siginfoPv in libjvm.dylib, mask=11100110000111110111111111111111, flags=SA_RESTART|SA_SIGINFO
    SIGBUS: _ZL13crash_handleriP9__siginfoPv in libjvm.dylib, mask=11100110000111110111111111111111, flags=SA_RESTART|SA_SIGINFO
    SIGFPE: _ZL13crash_handleriP9__siginfoPv in libjvm.dylib, mask=11100110000111110111111111111111, flags=SA_RESTART|SA_SIGINFO
   SIGPIPE: _ZL17javaSignalHandleriP9__siginfoPv in libjvm.dylib, mask=11100110000111110111111111111111, flags=SA_RESTART|SA_SIGINFO
   SIGXFSZ: _ZL17javaSignalHandleriP9__siginfoPv in libjvm.dylib, mask=11100110000111110111111111111111, flags=SA_RESTART|SA_SIGINFO
    SIGILL: _ZL13crash_handleriP9__siginfoPv in libjvm.dylib, mask=11100110000111110111111111111111, flags=SA_RESTART|SA_SIGINFO
   SIGUSR2: _ZL10SR_handleriP9__siginfoP17__darwin_ucontext in libjvm.dylib, mask=00100000000000000000000000000000, flags=SA_RESTART|SA_SIGINFO
    SIGHUP: _ZL11UserHandleriPvS_ in libjvm.dylib, mask=11100110000111110111111111111111, flags=SA_RESTART|SA_SIGINFO
    SIGINT: _ZL11UserHandleriPvS_ in libjvm.dylib, mask=11100110000111110111111111111111, flags=SA_RESTART|SA_SIGINFO
   SIGTERM: _ZL11UserHandleriPvS_ in libjvm.dylib, mask=11100110000111110111111111111111, flags=SA_RESTART|SA_SIGINFO
   SIGQUIT: _ZL11UserHandleriPvS_ in libjvm.dylib, mask=11100110000111110111111111111111, flags=SA_RESTART|SA_SIGINFO
   SIGTRAP: _ZL13crash_handleriP9__siginfoPv in libjvm.dylib, mask=11100110000111110111111111111111, flags=SA_RESTART|SA_SIGINFO


---------------  S Y S T E M  ---------------

OS:
uname: Darwin 21.4.0 Darwin Kernel Version 21.4.0: Fri Mar 18 00:47:26 PDT 2022; root:xnu-8020.101.4~15/RELEASE_ARM64_T8101 arm64
OS uptime: 0 days 1:47 hours
rlimit (soft/hard): STACK 8176k/65520k , CORE 0k/infinity , NPROC 2666/4000 , NOFILE 10240/infinity , AS infinity/infinity , CPU infinity/infinity , DATA infinity/infinity , FSIZE infinity/infinity , MEMLOCK infinity/infinity , RSS infinity/infinity
load average: 1.32 2.10 2.09

CPU: total 8 (initial active 8) 0x61:0x0:0x1b588bb3:0, fp, simd, crc, lse

Memory: 16k page, physical 16777216k(245328k free), swap 0k(0k free)

vm_info: OpenJDK 64-Bit Server VM (17.0.2+8-86) for bsd-aarch64 JRE (17.0.2+8-86), built on Dec  7 2021 21:45:06 by "mach5one" with clang Apple LLVM 12.0.0 (clang-1200.0.32.29)

END.
