#
# A fatal error has been detected by the Java Runtime Environment:
#
#  SIGBUS (0xa) at pc=0x000000010a8f14f0, pid=1274, tid=33799
#
# JRE version: OpenJDK Runtime Environment (18.0+36) (build 18+36-2087)
# Java VM: OpenJDK 64-Bit Server VM (18+36-2087, mixed mode, sharing, tiered, compressed oops, compressed class ptrs, g1 gc, bsd-aarch64)
# Problematic frame:
# v  ~StubRoutines::SafeFetchN
#
# No core dump will be written. Core dumps have been disabled. To enable core dumping, try "ulimit -c unlimited" before starting Java again
#
# If you would like to submit a bug report, please visit:
#   https://bugreport.java.com/bugreport/crash.jsp
# The crash happened outside the Java Virtual Machine in native code.
# See problematic frame for where to report the bug.
#

---------------  S U M M A R Y ------------

Command Line: -javaagent:/Users/danielweiner/Library/Application Support/JetBrains/Toolbox/apps/IDEA-U/ch-0/221.5080.210/IntelliJ IDEA.app/Contents/lib/idea_rt.jar=49402:/Users/danielweiner/Library/Application Support/JetBrains/Toolbox/apps/IDEA-U/ch-0/221.5080.210/IntelliJ IDEA.app/Contents/bin -Dfile.encoding=UTF-8 --module-path=/Users/danielweiner/.m2/repository/org/openjfx/javafx-graphics/17.0.1/javafx-graphics-17.0.1-mac-aarch64.jar:/Users/danielweiner/.m2/repository/org/openjfx/javafx-fxml/17.0.1/javafx-fxml-17.0.1-mac-aarch64.jar:/Users/danielweiner/Public/Drop Box/eclipse-workspace/JavaFinalProject/target/classes:/Users/danielweiner/.m2/repository/org/openjfx/javafx-base/17.0.1/javafx-base-17.0.1-mac-aarch64.jar:/Users/danielweiner/.m2/repository/org/openjfx/javafx-controls/17.0.1/javafx-controls-17.0.1-mac-aarch64.jar -Djdk.module.main=com.example.javafinalproject com.example.javafinalproject/com.example.javafinalproject.Main

Host: "MacBookPro17,1" arm64, 8 cores, 16G, Darwin 21.4.0, macOS 12.3.1 (21E258)
Time: Sun May  8 17:53:28 2022 EDT elapsed time: 6.111727 seconds (0d 0h 0m 6s)

---------------  T H R E A D  ---------------

Current thread (0x000000013397ae00):  JavaThread "InvokeLaterDispatcher" daemon [_thread_in_native, id=33799, stack(0x0000000171d90000,0x0000000171f93000)]

Stack: [0x0000000171d90000,0x0000000171f93000],  sp=0x0000000171f927a0,  free space=2057k
Native frames: (J=compiled Java code, j=interpreted, Vv=VM code, C=native code)
v  ~StubRoutines::SafeFetchN
V  [libjvm.dylib+0x7cdae4]  _ZN10OopStorage7releaseEPKP7oopDesc+0x20
V  [libjvm.dylib+0x4f522c]  jni_DeleteGlobalRef+0xd4
C  [libglass.dylib+0xab08]  -[GlassRunnable dealloc]+0x34
C  [Foundation+0x85618]  -[_NSThreadPerformInfo dealloc]+0x30
C  [Foundation+0x5198c]  -[NSObject(NSThreadPerformAdditions) performSelectorOnMainThread:withObject:waitUntilDone:]+0x88
C  0x074780010a8f98ac
j  com.sun.glass.ui.mac.MacApplication.submitForLaterInvocation(Ljava/lang/Runnable;)V+2 javafx.graphics
j  com.sun.glass.ui.InvokeLaterDispatcher.run()V+82 javafx.graphics
v  ~StubRoutines::call_stub
V  [libjvm.dylib+0x49c638]  _ZN9JavaCalls11call_helperEP9JavaValueRK12methodHandleP17JavaCallArgumentsP10JavaThread+0x38c
V  [libjvm.dylib+0x49b654]  _ZN9JavaCalls12call_virtualEP9JavaValueP5KlassP6SymbolS5_P17JavaCallArgumentsP10JavaThread+0x11c
V  [libjvm.dylib+0x49b720]  _ZN9JavaCalls12call_virtualEP9JavaValue6HandleP5KlassP6SymbolS6_P10JavaThread+0x64
V  [libjvm.dylib+0x54f250]  _ZL12thread_entryP10JavaThreadS0_+0x9c
V  [libjvm.dylib+0x918b50]  _ZN10JavaThread17thread_main_innerEv+0xa8
V  [libjvm.dylib+0x9174e0]  _ZN6Thread8call_runEv+0xe0
V  [libjvm.dylib+0x7d42c8]  _ZL19thread_native_entryP6Thread+0x158
C  [libsystem_pthread.dylib+0x726c]  _pthread_start+0x94

Java frames: (J=compiled Java code, j=interpreted, Vv=VM code)
j  com.sun.glass.ui.mac.MacApplication._submitForLaterInvocation(Ljava/lang/Runnable;)V+0 javafx.graphics
j  com.sun.glass.ui.mac.MacApplication.submitForLaterInvocation(Ljava/lang/Runnable;)V+2 javafx.graphics
j  com.sun.glass.ui.InvokeLaterDispatcher.run()V+82 javafx.graphics
v  ~StubRoutines::call_stub

siginfo: si_signo: 10 (SIGBUS), si_code: 1 (BUS_ADRALN), si_addr: 0x000000010a8f14f0

Register to memory mapping:

 x0=0x0000000101e04788 is a global jni handle
 x1=0x0 is NULL
 x2=0x0000000702800120 is an oop: com.sun.glass.ui.InvokeLaterDispatcher$Future 
{0x0000000702800120} - klass: 'com/sun/glass/ui/InvokeLaterDispatcher$Future'
 - ---- fields (total size 3 words):
 - private 'done' 'Z' @12  true
 - private final 'runnable' 'Ljava/lang/Runnable;' @16  a 'com/sun/javafx/application/PlatformImpl$$Lambda$89+0x0000000800c834d0'{0x0000000702095450} (e0412a8a)
 - final synthetic 'this$0' 'Lcom/sun/glass/ui/InvokeLaterDispatcher;' @20  a 'com/sun/glass/ui/InvokeLaterDispatcher'{0x000000070d030a20} (e1a06144)
 x3=0x0 is NULL
 x4=0x00000000000130a8 is an unknown value
 x5=0x0 is NULL
 x6=0x0 is NULL
 x7=0x0 is NULL
 x8=0x000000010a8f14ec is at begin+0 in a stub
StubRoutines::SafeFetchN [0x000000010a8f14ec, 0x000000010a8f14f8] (12 bytes)
 x9=0x0 is NULL
x10=0x2010000030300000 is an unknown value
x11=0x0000000000000007 is an unknown value
x12=0x0000000000000004 is an unknown value
x13=0x0000600001a44390 points into unknown readable memory: 0x4514000190c17c40 | 40 7c c1 90 01 00 14 45
x14=0x0000090000000000 is an unknown value
x15=0x0000000127439f98: OBJC_CLASS_$_GlassRunnable+0 in /Users/danielweiner/.openjfx/cache/17.0.1/libglass.dylib at 0x00000001273f4000
x16=0x0000000190d810fc: pthread_getspecific+0 in /usr/lib/system/libsystem_pthread.dylib at 0x0000000190d7f000
x17=0x0000600001f5e060 points into unknown readable memory: 0xfffffffffffffffe | fe ff ff ff ff ff ff ff
x18=0x0 is NULL
x19=0x0000600001f5d3b0 points into unknown readable memory: 0x0000600003658280 | 80 82 65 03 00 60 00 00
x20=0x0000000101e04580 points into unknown readable memory: 0x0000000100000002 | 02 00 00 00 01 00 00 00
x21=0x0000000101e04788 is a global jni handle
x22=0x000000013397ae00 is a thread
x23=0x0000000000000001 is an unknown value
x24=0x0000000101e04740 is a global jni handle
x25=0x0000000102c96c98: _ZN12StubRoutines17_safefetchN_entryE+0 in /Users/danielweiner/Library/Java/JavaVirtualMachines/openjdk-18/Contents/Home/lib/server/libjvm.dylib at 0x00000001020b8000
x26=0x0000000148520000 is pointing into metadata
x27=0x0 is NULL
x28=0x000000013397ae00 is a thread


Registers:
 x0=0x0000000101e04788  x1=0x0000000000000000  x2=0x0000000702800120  x3=0x0000000000000000
 x4=0x00000000000130a8  x5=0x0000000000000000  x6=0x0000000000000000  x7=0x0000000000000000
 x8=0x000000010a8f14ec  x9=0x0000000000000000 x10=0x2010000030300000 x11=0x0000000000000007
x12=0x0000000000000004 x13=0x0000600001a44390 x14=0x0000090000000000 x15=0x0000000127439f98
x16=0x0000000190d810fc x17=0x0000600001f5e060 x18=0x0000000000000000 x19=0x0000600001f5d3b0
x20=0x0000000101e04580 x21=0x0000000101e04788 x22=0x000000013397ae00 x23=0x0000000000000001
x24=0x0000000101e04740 x25=0x0000000102c96c98 x26=0x0000000148520000 x27=0x0000000000000000
x28=0x000000013397ae00  fp=0x0000000171f927e0  lr=0x00000001028848d8  sp=0x0000000171f927a0
pc=0x000000010a8f14f0 cpsr=0x0000000060001000
Top of Stack: (sp=0x0000000171f927a0)
0x0000000171f927a0:   0000000148520000 0000000000000001
0x0000000171f927b0:   0000000171f929a8 0000000000000000
0x0000000171f927c0:   0000000133987890 0000000101e04770
0x0000000171f927d0:   0000000101e04770 0000600001f5d3b0
0x0000000171f927e0:   0000000171f92820 0000000102885ae4
0x0000000171f927f0:   0000000000000001 0000000101e04770
0x0000000171f92800:   0000000133987890 0000000101e04770
0x0000000171f92810:   0000000000000001 0000000133987600
0x0000000171f92820:   0000000171f92860 00000001025ad22c
0x0000000171f92830:   0000000171f929a8 0000600003649a20
0x0000000171f92840:   0000600003649a30 00000001dae46be0
0x0000000171f92850:   0000000000000000 0000600003649a30
0x0000000171f92860:   0000000171f92890 00000001273feb08
0x0000000171f92870:   35a9b63003ef0051 0000000000000000
0x0000000171f92880:   0000000000000000 00006000021b9500
0x0000000171f92890:   0000000171f928d0 0000000191d4e618
0x0000000171f928a0:   0000000171f929a8 0000600003649a20
0x0000000171f928b0:   0000600003649a30 35a9b63003ef0051
0x0000000171f928c0:   0000000000000000 0000000000000000
0x0000000171f928d0:   0000000171f92910 bd1e000191d1a98c
0x0000000171f928e0:   0000000171f929a8 000000010a8f87c0
0x0000000171f928f0:   0000000000000000 0000000102c9e750
0x0000000171f92900:   0000000171f92920 000000010a8f7730
0x0000000171f92910:   0000000171f92980 074780010a8f98ac
0x0000000171f92920:   0000000171f92920 00000008007cf575
0x0000000171f92930:   0000000171f92930 0000000000000000
0x0000000171f92940:   0000000171f929a8 0000000148520000
0x0000000171f92950:   000000070d013ec8 0000000000000000
0x0000000171f92960:   0000000000000000 00000001484fb920
0x0000000171f92970:   0000000000000000 0000000171f92980
0x0000000171f92980:   0000000171f92a00 000000010a8f5fc8
0x0000000171f92990:   0000000000000000 0000000000000000 

Instructions: (pc=0x000000010a8f14f0)
0x000000010a8f13f0:   f2a058c9 f2c00029 6d425935 1e640886
0x000000010a8f1400:   0c402d31 1e6408c7 1f5654d0 1e6c1017
0x000000010a8f1410:   1f5050d0 1f504cd0 1f5048d0 1e650af6
0x000000010a8f1420:   1f50d8f6 1f5694d6 1f5158f6 1e762880
0x000000010a8f1430:   36000501 1e614000 14000026 2e251ca5
0x000000010a8f1440:   d2863009 f2a058c9 f2c00029 6d425d36
0x000000010a8f1450:   1e600806 0c402d32 1f5758c7 1e6c101a
0x000000010a8f1460:   1f4754c7 1e650805 1f4750c7 d2866668
0x000000010a8f1470:   f2a7fa68 1f474cc7 1e6608c0 1f4748c7
0x000000010a8f1480:   1e6e1019 eb08007f 540000ac 1f479400
0x000000010a8f1490:   1f460340 1e603b20 1400000e d2a7fd29
0x000000010a8f14a0:   eb09007f 540000ac 51480069 d3607d29
0x000000010a8f14b0:   9e670121 14000002 1e6a5001 1f679417
0x000000010a8f14c0:   1f668742 1e613b23 1e773857 1e773860
0x000000010a8f14d0:   a8c17ff3 910003bf a8c17bfd d65f03c0
0x000000010a8f14e0:   b9400001 aa0103e0 d65f03c0 f9400001
0x000000010a8f14f0:   aa0103e0 d65f03c0 00000000 00000000
0x000000010a8f1500:   00000000 00000000 00000000 00000000
0x000000010a8f1510:   00000000 00000000 00000000 00000000
0x000000010a8f1520:   00000000 00000000 00000000 00000000
0x000000010a8f1530:   00000000 00000000 00000000 00000000
0x000000010a8f1540:   00000000 00000000 00000000 00000000
0x000000010a8f1550:   00000000 00000000 00000000 00000000
0x000000010a8f1560:   00000000 00000000 00000000 00000000
0x000000010a8f1570:   00000000 00000000 00000000 00000000
0x000000010a8f1580:   00000000 00000000 00000000 00000000
0x000000010a8f1590:   00000000 00000000 00000000 00000000
0x000000010a8f15a0:   00000000 00000000 00000000 00000000
0x000000010a8f15b0:   00000000 00000000 00000000 00000000
0x000000010a8f15c0:   00000000 00000000 00000000 00000000
0x000000010a8f15d0:   00000000 00000000 00000000 00000000
0x000000010a8f15e0:   00000000 00000000 00000000 00000000 


Stack slot to memory mapping:
stack at sp + 0 slots: 0x0000000148520000 is pointing into metadata
stack at sp + 1 slots: 0x0000000000000001 is an unknown value
stack at sp + 2 slots: 0x0000000171f929a8 is pointing into the stack for thread: 0x000000013397ae00
stack at sp + 3 slots: 0x0 is NULL
stack at sp + 4 slots: 0x0000000133987890 points into unknown readable memory: 0x0000000102c53370 | 70 33 c5 02 01 00 00 00
stack at sp + 5 slots: 0x0000000101e04770 is a global jni handle
stack at sp + 6 slots: 0x0000000101e04770 is a global jni handle
stack at sp + 7 slots: 0x0000600001f5d3b0 points into unknown readable memory: 0x0000600003658280 | 80 82 65 03 00 60 00 00

StubRoutines::SafeFetchN [0x000000010a8f14ec, 0x000000010a8f14f8] (12 bytes)
[MachCode]
  0x000000010a8f14ec: 0100 40f9 | e003 01aa | c003 5fd6 
[/MachCode]

---------------  P R O C E S S  ---------------

Threads class SMR info:
_java_thread_list=0x0000600003570800, length=21, elements={
0x000000013481d000, 0x0000000134009c00, 0x0000000135826800, 0x0000000126009400,
0x000000012600aa00, 0x000000012600b000, 0x000000012600b600, 0x000000012600bc00,
0x000000012600c200, 0x0000000133823800, 0x000000013405ca00, 0x000000012502b400,
0x000000013405d000, 0x000000013397ae00, 0x0000000133987600, 0x00000001348b7e00,
0x000000013415ac00, 0x0000000133ac4e00, 0x000000012622a600, 0x0000000133bd8400,
0x0000000125808200
}

Java Threads: ( => current thread )
  0x000000013481d000 JavaThread "main" [_thread_blocked, id=6403, stack(0x000000016ef70000,0x000000016f173000)]
  0x0000000134009c00 JavaThread "Reference Handler" daemon [_thread_blocked, id=15875, stack(0x000000016fdc4000,0x000000016ffc7000)]
  0x0000000135826800 JavaThread "Finalizer" daemon [_thread_blocked, id=16899, stack(0x000000016ffd0000,0x00000001701d3000)]
  0x0000000126009400 JavaThread "Signal Dispatcher" daemon [_thread_blocked, id=42499, stack(0x00000001702f4000,0x00000001704f7000)]
  0x000000012600aa00 JavaThread "Service Thread" daemon [_thread_blocked, id=23043, stack(0x0000000170500000,0x0000000170703000)]
  0x000000012600b000 JavaThread "Monitor Deflation Thread" daemon [_thread_blocked, id=41731, stack(0x000000017070c000,0x000000017090f000)]
  0x000000012600b600 JavaThread "C2 CompilerThread0" daemon [_thread_in_native, id=41219, stack(0x0000000170918000,0x0000000170b1b000)]
  0x000000012600bc00 JavaThread "C1 CompilerThread0" daemon [_thread_in_native, id=23555, stack(0x0000000170b24000,0x0000000170d27000)]
  0x000000012600c200 JavaThread "Sweeper thread" daemon [_thread_blocked, id=24067, stack(0x0000000170d30000,0x0000000170f33000)]
  0x0000000133823800 JavaThread "Common-Cleaner" daemon [_thread_blocked, id=24323, stack(0x0000000170f3c000,0x000000017113f000)]
  0x000000013405ca00 JavaThread "Monitor Ctrl-Break" daemon [_thread_in_native, id=39939, stack(0x0000000171560000,0x0000000171763000)]
  0x000000012502b400 JavaThread "Notification Thread" daemon [_thread_blocked, id=39683, stack(0x000000017176c000,0x000000017196f000)]
  0x000000013405d000 JavaThread "QuantumRenderer-0" daemon [_thread_blocked, id=25603, stack(0x0000000171b84000,0x0000000171d87000)]
=>0x000000013397ae00 JavaThread "InvokeLaterDispatcher" daemon [_thread_in_native, id=33799, stack(0x0000000171d90000,0x0000000171f93000)]
  0x0000000133987600 JavaThread "JavaFX Application Thread" [_thread_in_native, id=259, stack(0x000000016e6e8000,0x000000016eee4000)]
  0x00000001348b7e00 JavaThread "JavaFX-Launcher" [_thread_blocked, id=55555, stack(0x0000000172234000,0x0000000172437000)]
  0x000000013415ac00 JavaThread "mysql-cj-abandoned-connection-cleanup" daemon [_thread_blocked, id=58371, stack(0x0000000172e7c000,0x000000017307f000)]
  0x0000000133ac4e00 JavaThread "Prism Font Disposer" daemon [_thread_blocked, id=59147, stack(0x00000001778e8000,0x0000000177aeb000)]
  0x000000012622a600 JavaThread "Cleaner-0" daemon [_thread_blocked, id=55815, stack(0x0000000288b58000,0x0000000288d5b000)]
  0x0000000133bd8400 JavaThread "Attach Listener" daemon [_thread_blocked, id=170499, stack(0x0000000288d64000,0x0000000288f67000)]
  0x0000000125808200 JavaThread "PulseTimer-CVDisplayLink thread" daemon [_thread_in_native, id=63255, stack(0x0000000171148000,0x00000001711cb000)]

Other Threads:
  0x0000000133608470 VMThread "VM Thread" [stack: 0x000000016fbb8000,0x000000016fdbb000] [id=15363]
  0x0000000101d05900 WatcherThread "VM Periodic Task Thread" [stack: 0x0000000171978000,0x0000000171b7b000] [id=39171]
  0x0000000135008320 WorkerThread "GC Thread#0" [stack: 0x000000016f17c000,0x000000016f37f000] [id=12547]
  0x000000013372f270 WorkerThread "GC Thread#1" [stack: 0x0000000172440000,0x0000000172643000] [id=70915]
  0x0000000124907f00 WorkerThread "GC Thread#2" [stack: 0x000000017264c000,0x000000017284f000] [id=56579]
  0x000000013372f6e0 WorkerThread "GC Thread#3" [stack: 0x0000000172858000,0x0000000172a5b000] [id=57091]
  0x0000000135109310 WorkerThread "GC Thread#4" [stack: 0x0000000172a64000,0x0000000172c67000] [id=57603]
  0x0000000135109780 WorkerThread "GC Thread#5" [stack: 0x0000000172c70000,0x0000000172e73000] [id=58115]
  0x000000013505fa90 WorkerThread "GC Thread#6" [stack: 0x0000000177af4000,0x0000000177cf7000] [id=69891]
  0x0000000133633530 WorkerThread "GC Thread#7" [stack: 0x0000000177d00000,0x0000000177f03000] [id=59395]
  0x00000001351042b0 ConcurrentGCThread "G1 Main Marker" [stack: 0x000000016f388000,0x000000016f58b000] [id=19971]
  0x0000000135104b20 WorkerThread "G1 Conc#0" [stack: 0x000000016f594000,0x000000016f797000] [id=13571]
  0x0000000101e37b00 WorkerThread "G1 Conc#1" [stack: 0x0000000288004000,0x0000000288207000] [id=59651]
  0x0000000135014c50 ConcurrentGCThread "G1 Refine#0" [stack: 0x000000016f7a0000,0x000000016f9a3000] [id=19203]
  0x0000000101d08a00 ConcurrentGCThread "G1 Refine#1" [stack: 0x0000000288210000,0x0000000288413000] [id=68867]
  0x0000000124909e80 ConcurrentGCThread "G1 Refine#2" [stack: 0x000000028841c000,0x000000028861f000] [id=60419]
  0x000000013374e300 ConcurrentGCThread "G1 Refine#3" [stack: 0x0000000288628000,0x000000028882b000] [id=60931]
  0x000000013510ac40 ConcurrentGCThread "G1 Refine#4" [stack: 0x0000000288834000,0x0000000288a37000] [id=61443]
  0x00000001350154d0 ConcurrentGCThread "G1 Service" [stack: 0x000000016f9ac000,0x000000016fbaf000] [id=14339]

Threads with active compile tasks:
C2 CompilerThread0     6125 3121       4       javafx.scene.CssStyleHelper::resolveLookups (463 bytes)
C1 CompilerThread0     6125 3131       3       com.sun.prism.impl.ps.BaseShaderContext::setRenderTarget (278 bytes)

VM state: not at safepoint (normal execution)

VM Mutex/Monitor currently owned by a thread: None

Heap address: 0x0000000700000000, size: 4096 MB, Compressed Oops mode: Zero based, Oop shift amount: 3

CDS archive(s) mapped at: [0x0000000800000000-0x0000000800ba8000-0x0000000800ba8000), size 12222464, SharedBaseAddress: 0x0000000800000000, ArchiveRelocationMode: 0.
Compressed class space mapped at: 0x0000000800c00000-0x0000000840c00000, reserved size: 1073741824
Narrow klass base: 0x0000000800000000, Narrow klass shift: 0, Narrow klass range: 0x100000000

GC Precious Log:
 CardTable entry size: 512
 Card Set container configuration: InlinePtr #cards 4 size 8 Array Of Cards #cards 16 size 48 Howl #buckets 8 coarsen threshold 3686 Howl Bitmap #cards 512 size 80 coarsen threshold 460 Card regions per heap region 1 cards per card region 4096
 CPUs: 8 total, 8 available
 Memory: 16384M
 Large Page Support: Disabled
 NUMA Support: Disabled
 Compressed Oops: Enabled (Zero based)
 Heap Region Size: 2M
 Heap Min Capacity: 8M
 Heap Initial Capacity: 256M
 Heap Max Capacity: 4G
 Pre-touch: Disabled
 Parallel Workers: 8
 Concurrent Workers: 2
 Concurrent Refinement Workers: 8
 Periodic GC: Disabled

Heap:
 garbage-first heap   total 61440K, used 29463K [0x0000000700000000, 0x0000000800000000)
  region size 2048K, 12 young (24576K), 4 survivors (8192K)
 Metaspace       used 23731K, committed 24064K, reserved 1114112K
  class space    used 3142K, committed 3264K, reserved 1048576K

Heap Regions: E=young(eden), S=young(survivor), O=old, HS=humongous(starts), HC=humongous(continues), CS=collection set, F=free, OA=open archive, CA=closed archive, TAMS=top-at-mark-start (previous, next)
|   0|0x0000000700000000, 0x0000000700200000, 0x0000000700200000|100%| O|  |TAMS 0x0000000700000000, 0x0000000700000000| Untracked 
|   1|0x0000000700200000, 0x00000007002dde00, 0x0000000700400000| 43%| O|  |TAMS 0x0000000700200000, 0x0000000700200000| Complete 
|   2|0x0000000700400000, 0x0000000700600000, 0x0000000700600000|100%|HS|  |TAMS 0x0000000700400000, 0x0000000700400000| Complete 
|   3|0x0000000700600000, 0x0000000700600000, 0x0000000700800000|  0%| F|  |TAMS 0x0000000700600000, 0x0000000700600000| Untracked 
|   4|0x0000000700800000, 0x0000000700800000, 0x0000000700a00000|  0%| F|  |TAMS 0x0000000700800000, 0x0000000700800000| Untracked 
|   5|0x0000000700a00000, 0x0000000700a00000, 0x0000000700c00000|  0%| F|  |TAMS 0x0000000700a00000, 0x0000000700a00000| Untracked 
|   6|0x0000000700c00000, 0x0000000700c00000, 0x0000000700e00000|  0%| F|  |TAMS 0x0000000700c00000, 0x0000000700c00000| Untracked 
|   7|0x0000000700e00000, 0x0000000700e00000, 0x0000000701000000|  0%| F|  |TAMS 0x0000000700e00000, 0x0000000700e00000| Untracked 
|   8|0x0000000701000000, 0x0000000701000000, 0x0000000701200000|  0%| F|  |TAMS 0x0000000701000000, 0x0000000701000000| Untracked 
|   9|0x0000000701200000, 0x0000000701200000, 0x0000000701400000|  0%| F|  |TAMS 0x0000000701200000, 0x0000000701200000| Untracked 
|  10|0x0000000701400000, 0x0000000701400000, 0x0000000701600000|  0%| F|  |TAMS 0x0000000701400000, 0x0000000701400000| Untracked 
|  11|0x0000000701600000, 0x0000000701600000, 0x0000000701800000|  0%| F|  |TAMS 0x0000000701600000, 0x0000000701600000| Untracked 
|  12|0x0000000701800000, 0x0000000701800000, 0x0000000701a00000|  0%| F|  |TAMS 0x0000000701800000, 0x0000000701800000| Untracked 
|  13|0x0000000701a00000, 0x0000000701a00000, 0x0000000701c00000|  0%| F|  |TAMS 0x0000000701a00000, 0x0000000701a00000| Untracked 
|  14|0x0000000701c00000, 0x0000000701c00000, 0x0000000701e00000|  0%| F|  |TAMS 0x0000000701c00000, 0x0000000701c00000| Untracked 
|  15|0x0000000701e00000, 0x0000000701e00000, 0x0000000702000000|  0%| F|  |TAMS 0x0000000701e00000, 0x0000000701e00000| Untracked 
|  16|0x0000000702000000, 0x00000007020dae08, 0x0000000702200000| 42%| E|  |TAMS 0x0000000702000000, 0x0000000702000000| Complete 
|  17|0x0000000702200000, 0x0000000702400000, 0x0000000702400000|100%| E|CS|TAMS 0x0000000702200000, 0x0000000702200000| Complete 
|  18|0x0000000702400000, 0x0000000702600000, 0x0000000702600000|100%| E|CS|TAMS 0x0000000702400000, 0x0000000702400000| Complete 
|  19|0x0000000702600000, 0x0000000702800000, 0x0000000702800000|100%| E|CS|TAMS 0x0000000702600000, 0x0000000702600000| Complete 
|  20|0x0000000702800000, 0x0000000702a00000, 0x0000000702a00000|100%| E|CS|TAMS 0x0000000702800000, 0x0000000702800000| Complete 
|  21|0x0000000702a00000, 0x0000000702c00000, 0x0000000702c00000|100%| E|CS|TAMS 0x0000000702a00000, 0x0000000702a00000| Complete 
|  22|0x0000000702c00000, 0x0000000702e00000, 0x0000000702e00000|100%| E|CS|TAMS 0x0000000702c00000, 0x0000000702c00000| Complete 
| 101|0x000000070ca00000, 0x000000070cc00000, 0x000000070cc00000|100%| S|CS|TAMS 0x000000070ca00000, 0x000000070ca00000| Complete 
| 102|0x000000070cc00000, 0x000000070ce00000, 0x000000070ce00000|100%| S|CS|TAMS 0x000000070cc00000, 0x000000070cc00000| Complete 
| 103|0x000000070ce00000, 0x000000070d000000, 0x000000070d000000|100%| S|CS|TAMS 0x000000070ce00000, 0x000000070ce00000| Complete 
| 104|0x000000070d000000, 0x000000070d200000, 0x000000070d200000|100%| S|CS|TAMS 0x000000070d000000, 0x000000070d000000| Complete 
| 127|0x000000070fe00000, 0x0000000710000000, 0x0000000710000000|100%| E|CS|TAMS 0x000000070fe00000, 0x000000070fe00000| Complete 
|2046|0x00000007ffc00000, 0x00000007ffd74000, 0x00000007ffe00000| 72%|OA|  |TAMS 0x00000007ffd74000, 0x00000007ffc00000| Untracked 
|2047|0x00000007ffe00000, 0x00000007ffe74000, 0x0000000800000000| 22%|CA|  |TAMS 0x00000007ffe74000, 0x00000007ffe00000| Untracked 

Card table byte_map: [0x00000001198f0000,0x000000011a0f0000] _byte_map_base: 0x00000001160f0000

Marking Bits (Prev, Next): (CMBitMap*) 0x0000000135808250, (CMBitMap*) 0x0000000135808210
 Prev Bits: [0x000000011e8f0000, 0x00000001228f0000)
 Next Bits: [0x000000011a8f0000, 0x000000011e8f0000)

Polling page: 0x0000000101154000

Metaspace:

Usage:
  Non-class:     20.11 MB used.
      Class:      3.07 MB used.
       Both:     23.18 MB used.

Virtual space:
  Non-class space:       64.00 MB reserved,      20.31 MB ( 32%) committed,  1 nodes.
      Class space:        1.00 GB reserved,       3.19 MB ( <1%) committed,  1 nodes.
             Both:        1.06 GB reserved,      23.50 MB (  2%) committed. 

Chunk freelists:
   Non-Class:  3.48 MB
       Class:  704.00 KB
        Both:  4.17 MB

MaxMetaspaceSize: unlimited
CompressedClassSpaceSize: 1.00 GB
Initial GC threshold: 21.00 MB
Current GC threshold: 35.25 MB
CDS: on
MetaspaceReclaimPolicy: balanced
 - commit_granule_bytes: 65536.
 - commit_granule_words: 8192.
 - virtual_space_node_default_size: 8388608.
 - enlarge_chunks_in_place: 1.
 - new_chunks_are_fully_committed: 0.
 - uncommit_free_chunks: 1.
 - use_allocation_guard: 0.


Internal statistics:

num_allocs_failed_limit: 3.
num_arena_births: 318.
num_arena_deaths: 0.
num_vsnodes_births: 2.
num_vsnodes_deaths: 0.
num_space_committed: 376.
num_space_uncommitted: 0.
num_chunks_returned_to_freelist: 3.
num_chunks_taken_from_freelist: 925.
num_chunk_merges: 0.
num_chunk_splits: 666.
num_chunks_enlarged: 532.
num_inconsistent_stats: 0.

CodeHeap 'non-profiled nmethods': size=120032Kb used=1267Kb max_used=1267Kb free=118764Kb
 bounds [0x00000001123b8000, 0x0000000112628000, 0x00000001198f0000]
CodeHeap 'profiled nmethods': size=120016Kb used=6355Kb max_used=6355Kb free=113660Kb
 bounds [0x000000010ae84000, 0x000000010b4c4000, 0x00000001123b8000]
CodeHeap 'non-nmethods': size=5712Kb used=1473Kb max_used=1524Kb free=4238Kb
 bounds [0x000000010a8f0000, 0x000000010ab60000, 0x000000010ae84000]
 total_blobs=3937 nmethods=3064 adapters=789
 compilation: enabled
              stopped_count=0, restarted_count=0
 full_count=0

Compilation events (20 events):
Event: 6.049 Thread 0x000000012600bc00 3114       3       com.sun.javafx.tk.quantum.GlassViewEventHandler::handleMouseEvent (108 bytes)
Event: 6.050 Thread 0x000000012600bc00 nmethod 3114 0x000000010b4a5610 code [0x000000010b4a5880, 0x000000010b4a5fc8]
Event: 6.050 Thread 0x000000012600bc00 3115       3       com.sun.javafx.tk.quantum.GlassViewEventHandler$$Lambda$548/0x0000000800f277b0::<init> (10 bytes)
Event: 6.050 Thread 0x000000012600bc00 nmethod 3115 0x000000010b4a6310 code [0x000000010b4a64c0, 0x000000010b4a66a8]
Event: 6.050 Thread 0x000000012600bc00 3116       3       com.sun.javafx.tk.quantum.GlassViewEventHandler$$Lambda$548/0x0000000800f277b0::get (8 bytes)
Event: 6.051 Thread 0x000000012600bc00 nmethod 3116 0x000000010b4a6790 code [0x000000010b4a6a00, 0x000000010b4a70d8]
Event: 6.051 Thread 0x000000012600bc00 3117       3       javafx.scene.Scene$ScenePeerListener::mouseEvent (54 bytes)
Event: 6.051 Thread 0x000000012600bc00 nmethod 3117 0x000000010b4a7410 code [0x000000010b4a7600, 0x000000010b4a7a08]
Event: 6.098 Thread 0x000000012600b600 3118       4       jdk.internal.org.objectweb.asm.MethodWriter::visitCode (1 bytes)
Event: 6.098 Thread 0x000000012600b600 nmethod 3118 0x00000001124f2b10 code [0x00000001124f2c80, 0x00000001124f2d20]
Event: 6.108 Thread 0x000000012600bc00 3119       3       java.util.WeakHashMap::get (75 bytes)
Event: 6.108 Thread 0x000000012600b600 3120       4       java.util.WeakHashMap::indexFor (6 bytes)
Event: 6.109 Thread 0x000000012600b600 nmethod 3120 0x00000001124f2e10 code [0x00000001124f2f80, 0x00000001124f2fe0]
Event: 6.109 Thread 0x000000012600b600 3121       4       javafx.scene.CssStyleHelper::resolveLookups (463 bytes)
Event: 6.109 Thread 0x000000012600bc00 nmethod 3119 0x000000010b4a7c90 code [0x000000010b4a7f00, 0x000000010b4a88a8]
Event: 6.109 Thread 0x000000012600bc00 3124       3       javafx.scene.paint.Color::hashCode (66 bytes)
Event: 6.109 Thread 0x000000012600bc00 nmethod 3124 0x000000010b4a8c90 code [0x000000010b4a8ec0, 0x000000010b4a9218]
Event: 6.109 Thread 0x000000012600bc00 3125       3       javafx.scene.paint.Color::to32BitInteger (45 bytes)
Event: 6.109 Thread 0x000000012600bc00 nmethod 3125 0x000000010b4a9390 code [0x000000010b4a9540, 0x000000010b4a9668]
Event: 6.110 Thread 0x000000012600bc00 3126       3       javafx.scene.Node::updateBounds (174 bytes)

GC Heap History (4 events):
Event: 0.326 GC heap before
{Heap before GC invocations=0 (full 0):
 garbage-first heap   total 266240K, used 24480K [0x0000000700000000, 0x0000000800000000)
  region size 2048K, 11 young (22528K), 0 survivors (0K)
 Metaspace       used 7045K, committed 7232K, reserved 1114112K
  class space    used 867K, committed 960K, reserved 1048576K
}
Event: 0.329 GC heap after
{Heap after GC invocations=1 (full 0):
 garbage-first heap   total 266240K, used 4831K [0x0000000700000000, 0x0000000800000000)
  region size 2048K, 2 young (4096K), 2 survivors (4096K)
 Metaspace       used 7045K, committed 7232K, reserved 1114112K
  class space    used 867K, committed 960K, reserved 1048576K
}
Event: 0.869 GC heap before
{Heap before GC invocations=1 (full 0):
 garbage-first heap   total 266240K, used 43743K [0x0000000700000000, 0x0000000800000000)
  region size 2048K, 23 young (47104K), 2 survivors (4096K)
 Metaspace       used 21237K, committed 21504K, reserved 1114112K
  class space    used 2802K, committed 2944K, reserved 1048576K
}
Event: 0.873 GC heap after
{Heap after GC invocations=2 (full 0):
 garbage-first heap   total 266240K, used 13079K [0x0000000700000000, 0x0000000800000000)
  region size 2048K, 4 young (8192K), 4 survivors (8192K)
 Metaspace       used 21237K, committed 21504K, reserved 1114112K
  class space    used 2802K, committed 2944K, reserved 1048576K
}

Deoptimization events (20 events):
Event: 1.098 Thread 0x000000013405d000 DEOPT PACKING pc=0x000000010b3fe4c8 sp=0x0000000171d854d0
Event: 1.098 Thread 0x000000013405d000 DEOPT UNPACKING pc=0x000000010a92eb7c sp=0x0000000171d85130 mode 0
Event: 1.098 Thread 0x000000013405d000 DEOPT PACKING pc=0x000000010b3fe4c8 sp=0x0000000171d854d0
Event: 1.098 Thread 0x000000013405d000 DEOPT UNPACKING pc=0x000000010a92eb7c sp=0x0000000171d85130 mode 0
Event: 1.098 Thread 0x000000013405d000 DEOPT PACKING pc=0x000000010b3fe4c8 sp=0x0000000171d854d0
Event: 1.098 Thread 0x000000013405d000 DEOPT UNPACKING pc=0x000000010a92eb7c sp=0x0000000171d85130 mode 0
Event: 1.098 Thread 0x000000013405d000 DEOPT PACKING pc=0x000000010b3fe4c8 sp=0x0000000171d854d0
Event: 1.098 Thread 0x000000013405d000 DEOPT UNPACKING pc=0x000000010a92eb7c sp=0x0000000171d85130 mode 0
Event: 1.098 Thread 0x000000013405d000 DEOPT PACKING pc=0x000000010b3fe4c8 sp=0x0000000171d854d0
Event: 1.098 Thread 0x000000013405d000 DEOPT UNPACKING pc=0x000000010a92eb7c sp=0x0000000171d85130 mode 0
Event: 1.098 Thread 0x000000013405d000 DEOPT PACKING pc=0x000000010b3fe4c8 sp=0x0000000171d854d0
Event: 1.098 Thread 0x000000013405d000 DEOPT UNPACKING pc=0x000000010a92eb7c sp=0x0000000171d85130 mode 0
Event: 1.098 Thread 0x000000013405d000 DEOPT PACKING pc=0x000000010b3fe4c8 sp=0x0000000171d854d0
Event: 1.098 Thread 0x000000013405d000 DEOPT UNPACKING pc=0x000000010a92eb7c sp=0x0000000171d85130 mode 0
Event: 1.098 Thread 0x000000013405d000 DEOPT PACKING pc=0x000000010b3fe4c8 sp=0x0000000171d854d0
Event: 1.098 Thread 0x000000013405d000 DEOPT UNPACKING pc=0x000000010a92eb7c sp=0x0000000171d85130 mode 0
Event: 1.151 Thread 0x0000000133bd8400 DEOPT PACKING pc=0x000000010b2a1d24 sp=0x0000000288f65ce0
Event: 1.151 Thread 0x0000000133bd8400 DEOPT UNPACKING pc=0x000000010a92eb7c sp=0x0000000288f65a40 mode 3
Event: 1.151 Thread 0x0000000133bd8400 DEOPT PACKING pc=0x000000010b276a58 sp=0x0000000288f65840
Event: 1.151 Thread 0x0000000133bd8400 DEOPT UNPACKING pc=0x000000010a92eb7c sp=0x0000000288f65590 mode 3

Classes loaded (20 events):
Event: 1.149 Loading class sun/nio/cs/ISO_8859_1$Encoder
Event: 1.149 Loading class sun/nio/cs/ISO_8859_1$Encoder done
Event: 1.149 Loading class sun/util/locale/provider/TimeZoneNameUtility
Event: 1.149 Loading class sun/util/locale/provider/TimeZoneNameUtility done
Event: 1.149 Loading class sun/util/locale/provider/TimeZoneNameUtility$TimeZoneNameGetter
Event: 1.149 Loading class sun/util/locale/provider/TimeZoneNameUtility$TimeZoneNameGetter done
Event: 1.149 Loading class sun/util/cldr/CLDRTimeZoneNameProviderImpl
Event: 1.149 Loading class sun/util/locale/provider/TimeZoneNameProviderImpl
Event: 1.149 Loading class sun/util/locale/provider/TimeZoneNameProviderImpl done
Event: 1.149 Loading class sun/util/cldr/CLDRTimeZoneNameProviderImpl done
Event: 1.150 Loading class sun/util/resources/cldr/TimeZoneNames
Event: 1.150 Loading class sun/util/resources/TimeZoneNamesBundle
Event: 1.150 Loading class sun/util/resources/OpenListResourceBundle
Event: 1.150 Loading class sun/util/resources/OpenListResourceBundle done
Event: 1.150 Loading class sun/util/resources/TimeZoneNamesBundle done
Event: 1.150 Loading class sun/util/resources/cldr/TimeZoneNames done
Event: 1.150 Loading class sun/util/resources/cldr/TimeZoneNames_en
Event: 1.150 Loading class sun/util/resources/cldr/TimeZoneNames_en done
Event: 1.150 Loading class sun/util/resources/cldr/TimeZoneNames_en_US
Event: 1.150 Loading class sun/util/resources/cldr/TimeZoneNames_en_US done

Classes unloaded (0 events):
No events

Classes redefined (0 events):
No events

Internal exceptions (20 events):
Event: 0.455 Thread 0x0000000133987600 Exception <a 'sun/nio/fs/UnixException'{0x000000070f0b6590}> (0x000000070f0b6590) 
thrown [open/src/hotspot/share/prims/jni.cpp, line 516]
Event: 0.484 Thread 0x0000000133987600 Exception <a 'sun/nio/fs/UnixException'{0x000000070ef0cea8}> (0x000000070ef0cea8) 
thrown [open/src/hotspot/share/prims/jni.cpp, line 516]
Event: 0.508 Thread 0x0000000133987600 Exception <a 'sun/nio/fs/UnixException'{0x000000070ecf66e0}> (0x000000070ecf66e0) 
thrown [open/src/hotspot/share/prims/jni.cpp, line 516]
Event: 0.646 Thread 0x0000000133987600 Implicit null exception at 0x00000001123f8df8 to 0x00000001123f8e88
Event: 0.680 Thread 0x0000000133987600 Implicit null exception at 0x0000000112459a54 to 0x0000000112459c44
Event: 0.680 Thread 0x0000000133987600 Implicit null exception at 0x000000011240bf54 to 0x000000011240bfc0
Event: 0.691 Thread 0x0000000133987600 Exception <a 'java/lang/ClassNotFoundException'{0x000000070db26528}: com/sun/javafx/scene/control/skin/resources/controls> (0x000000070db26528) 
thrown [open/src/hotspot/share/prims/jni.cpp, line 535]
Event: 0.692 Thread 0x0000000133987600 Exception <a 'java/lang/ClassNotFoundException'{0x000000070db344c8}: com/sun/javafx/scene/control/skin/resources/controls_en> (0x000000070db344c8) 
thrown [open/src/hotspot/share/prims/jni.cpp, line 535]
Event: 0.692 Thread 0x0000000133987600 Exception <a 'java/lang/ClassNotFoundException'{0x000000070db35460}: com/sun/javafx/scene/control/skin/resources/controls_en_US> (0x000000070db35460) 
thrown [open/src/hotspot/share/prims/jni.cpp, line 535]
Event: 0.702 Thread 0x0000000133987600 Exception <a 'java/lang/NoSuchMethodError'{0x000000070d8bcfb0}: 'java.lang.Object java.lang.invoke.DirectMethodHandle$Holder.invokeInterface(java.lang.Object, java.lang.Object, java.lang.Object)'> (0x000000070d8bcfb0) 
thrown [open/src/hotspot/share/interpreter/linkResolver.cpp, line 766]
Event: 0.702 Thread 0x0000000133987600 Exception <a 'java/lang/IncompatibleClassChangeError'{0x000000070d8c0670}: Found class java.lang.Object, but interface was expected> (0x000000070d8c0670) 
thrown [open/src/hotspot/share/interpreter/linkResolver.cpp, line 833]
Event: 0.848 Thread 0x0000000133987600 Exception <a 'java/lang/NoSuchMethodError'{0x000000070d57ea20}: 'double java.lang.invoke.DirectMethodHandle$Holder.invokeVirtual(java.lang.Object, java.lang.Object)'> (0x000000070d57ea20) 
thrown [open/src/hotspot/share/interpreter/linkResolver.cpp, line 766]
Event: 0.848 Thread 0x0000000133987600 Exception <a 'java/lang/NoSuchMethodError'{0x000000070d5833c8}: 'double java.lang.invoke.DelegatingMethodHandle$Holder.reinvoke_L(java.lang.Object, java.lang.Object)'> (0x000000070d5833c8) 
thrown [open/src/hotspot/share/interpreter/linkResolver.cpp, line 766]
Event: 0.878 Thread 0x0000000133987600 Exception <a 'java/lang/NoSuchMethodError'{0x000000070fe167e0}: 'int java.lang.invoke.DirectMethodHandle$Holder.invokeSpecial(java.lang.Object, java.lang.Object, int)'> (0x000000070fe167e0) 
thrown [open/src/hotspot/share/interpreter/linkResolver.cpp, line 766]
Event: 0.878 Thread 0x0000000133987600 Exception <a 'java/lang/NoSuchMethodError'{0x000000070fe1dce8}: 'int java.lang.invoke.DirectMethodHandle$Holder.invokeSpecial(java.lang.Object, java.lang.Object, java.lang.Object, int)'> (0x000000070fe1dce8) 
thrown [open/src/hotspot/share/interpreter/linkResolver.cpp, line 766]
Event: 0.878 Thread 0x0000000133987600 Exception <a 'java/lang/NoSuchMethodError'{0x000000070fe256d0}: 'int java.lang.invoke.DirectMethodHandle$Holder.invokeSpecial(java.lang.Object, java.lang.Object, java.lang.Object)'> (0x000000070fe256d0) 
thrown [open/src/hotspot/share/interpreter/linkResolver.cpp, line 766]
Event: 0.936 Thread 0x0000000133987600 Exception <a 'java/lang/NoSuchMethodError'{0x0000000702b430c8}: 'java.lang.Object java.lang.invoke.DirectMethodHandle$Holder.newInvokeSpecial(java.lang.Object, java.lang.Object, int)'> (0x0000000702b430c8) 
thrown [open/src/hotspot/share/interpreter/linkResolver.cpp, line 766]
Event: 0.964 Thread 0x0000000133987600 Exception <a 'java/lang/NoSuchMethodError'{0x0000000702b60100}: 'java.lang.Object java.lang.invoke.DirectMethodHandle$Holder.invokeSpecial(java.lang.Object, java.lang.Object, double, java.lang.Object, java.lang.Object)'> (0x0000000702b60100) 
thrown [open/src/hotspot/share/interpreter/linkResolver.cpp, line 766]
Event: 0.996 Thread 0x000000013405d000 Exception <a 'java/lang/NoSuchMethodError'{0x0000000702666778}: 'int java.lang.invoke.DirectMethodHandle$Holder.invokeStaticInit(java.lang.Object, java.lang.Object)'> (0x0000000702666778) 
thrown [open/src/hotspot/share/interpreter/linkResolver.cpp, line 766]
Event: 1.082 Thread 0x000000013405d000 Exception <a 'java/lang/NoSuchMethodError'{0x0000000702266778}: 'java.lang.Object java.lang.invoke.DirectMethodHandle$Holder.invokeStaticInit(java.lang.Object, int)'> (0x0000000702266778) 
thrown [open/src/hotspot/share/interpreter/linkResolver.cpp, line 766]

VM Operations (20 events):
Event: 0.869 Executing VM operation: CollectForMetadataAllocation
Event: 0.873 Executing VM operation: CollectForMetadataAllocation done
Event: 0.876 Executing VM operation: G1Concurrent
Event: 0.877 Executing VM operation: G1Concurrent done
Event: 0.879 Executing VM operation: G1Concurrent
Event: 0.879 Executing VM operation: G1Concurrent done
Event: 0.920 Executing VM operation: ICBufferFull
Event: 0.921 Executing VM operation: ICBufferFull done
Event: 1.080 Executing VM operation: ICBufferFull
Event: 1.080 Executing VM operation: ICBufferFull done
Event: 2.085 Executing VM operation: Cleanup
Event: 2.086 Executing VM operation: Cleanup done
Event: 3.086 Executing VM operation: Cleanup
Event: 3.086 Executing VM operation: Cleanup done
Event: 4.091 Executing VM operation: Cleanup
Event: 4.091 Executing VM operation: Cleanup done
Event: 5.094 Executing VM operation: Cleanup
Event: 5.094 Executing VM operation: Cleanup done
Event: 6.095 Executing VM operation: Cleanup
Event: 6.095 Executing VM operation: Cleanup done

Events (20 events):
Event: 0.541 Protecting memory [0x0000000171f9c000,0x0000000171fa8000] with protection modes 3
Event: 0.541 Thread 0x0000000126133200 Thread exited: 0x0000000126133200
Event: 0.622 Loading shared library /Users/danielweiner/.m2/repository/org/openjfx/javafx-graphics/17.0.1/libjavafx_iio.dylib failed, dlopen(/Users/danielweiner/.m2/repository/org/openjfx/javafx-graphics/17.0.1/libjavafx_iio.dylib, 0x0001): tried: '/Users/danielweiner
Event: 0.625 Loaded shared library /Users/danielweiner/.openjfx/cache/17.0.1/libjavafx_iio.dylib
Event: 0.673 Protecting memory [0x0000000171f9c000,0x0000000171fa8000] with protection modes 0
Event: 0.673 Thread 0x0000000134a5f600 Thread added: 0x0000000134a5f600
Event: 0.842 Thread 0x0000000133ac4e00 Thread added: 0x0000000133ac4e00
Event: 0.842 Protecting memory [0x00000001778e8000,0x00000001778f4000] with protection modes 0
Event: 1.003 Thread 0x000000012622a600 Thread added: 0x000000012622a600
Event: 1.003 Protecting memory [0x0000000288b58000,0x0000000288b64000] with protection modes 0
Event: 1.044 Thread 0x0000000133bd8400 Thread added: 0x0000000133bd8400
Event: 1.044 Protecting memory [0x0000000288d64000,0x0000000288d70000] with protection modes 0
Event: 1.337 Protecting memory [0x0000000171354000,0x0000000171360000] with protection modes 3
Event: 1.337 Thread 0x0000000125008c00 Thread exited: 0x0000000125008c00
Event: 1.345 Protecting memory [0x0000000171148000,0x0000000171154000] with protection modes 3
Event: 1.345 Thread 0x000000013380d600 Thread exited: 0x000000013380d600
Event: 1.374 Protecting memory [0x0000000171f9c000,0x0000000171fa8000] with protection modes 3
Event: 1.374 Thread 0x0000000134a5f600 Thread exited: 0x0000000134a5f600
Event: 6.107 Protecting memory [0x0000000171148000,0x0000000171154000] with protection modes 0
Event: 6.107 Thread 0x0000000125808200 Thread added: 0x0000000125808200


Dynamic libraries:
0x0000000101104000 	/Users/danielweiner/Library/Java/JavaVirtualMachines/openjdk-18/Contents/Home/lib/libjli.dylib
0x000000019b814000 	/usr/lib/libz.1.dylib
0x000000019b8cb000 	/usr/lib/libSystem.B.dylib
0x000000019b8c5000 	/usr/lib/system/libcache.dylib
0x000000019b883000 	/usr/lib/system/libcommonCrypto.dylib
0x000000019b8ac000 	/usr/lib/system/libcompiler_rt.dylib
0x000000019b8a3000 	/usr/lib/system/libcopyfile.dylib
0x0000000190b0b000 	/usr/lib/system/libcorecrypto.dylib
0x0000000190bbe000 	/usr/lib/system/libdispatch.dylib
0x0000000190d8c000 	/usr/lib/system/libdyld.dylib
0x000000019b8bb000 	/usr/lib/system/libkeymgr.dylib
0x000000019b85e000 	/usr/lib/system/libmacho.dylib
0x000000019af53000 	/usr/lib/system/libquarantine.dylib
0x000000019b8b8000 	/usr/lib/system/libremovefile.dylib
0x0000000195ef4000 	/usr/lib/system/libsystem_asl.dylib
0x0000000190aad000 	/usr/lib/system/libsystem_blocks.dylib
0x0000000190c46000 	/usr/lib/system/libsystem_c.dylib
0x000000019b8b0000 	/usr/lib/system/libsystem_collections.dylib
0x000000019a3e1000 	/usr/lib/system/libsystem_configuration.dylib
0x000000019963d000 	/usr/lib/system/libsystem_containermanager.dylib
0x000000019b5c0000 	/usr/lib/system/libsystem_coreservices.dylib
0x00000001934b4000 	/usr/lib/system/libsystem_darwin.dylib
0x000000019b8bc000 	/usr/lib/system/libsystem_dnssd.dylib
0x0000000190c43000 	/usr/lib/system/libsystem_featureflags.dylib
0x0000000190da1000 	/usr/lib/system/libsystem_info.dylib
0x000000019b826000 	/usr/lib/system/libsystem_m.dylib
0x0000000190b93000 	/usr/lib/system/libsystem_malloc.dylib
0x0000000195e83000 	/usr/lib/system/libsystem_networkextension.dylib
0x000000019390d000 	/usr/lib/system/libsystem_notify.dylib
0x00000001a1c09000 	/usr/lib/system/libsystem_product_info_filter.dylib
0x000000019a3e6000 	/usr/lib/system/libsystem_sandbox.dylib
0x000000019b8b5000 	/usr/lib/system/libsystem_secinit.dylib
0x0000000190d47000 	/usr/lib/system/libsystem_kernel.dylib
0x0000000190d99000 	/usr/lib/system/libsystem_platform.dylib
0x0000000190d7f000 	/usr/lib/system/libsystem_pthread.dylib
0x000000019764c000 	/usr/lib/system/libsystem_symptoms.dylib
0x0000000190af1000 	/usr/lib/system/libsystem_trace.dylib
0x000000019b890000 	/usr/lib/system/libunwind.dylib
0x0000000190aaf000 	/usr/lib/system/libxpc.dylib
0x0000000190d2f000 	/usr/lib/libc++abi.dylib
0x0000000190c05000 	/usr/lib/libobjc.A.dylib
0x000000019b89b000 	/usr/lib/liboah.dylib
0x0000000190cc8000 	/usr/lib/libc++.1.dylib
0x00000001a7722000 	/System/Library/Frameworks/Cocoa.framework/Versions/A/Cocoa
0x000000019396e000 	/System/Library/Frameworks/AppKit.framework/Versions/C/AppKit
0x0000000196e74000 	/System/Library/Frameworks/CoreData.framework/Versions/A/CoreData
0x0000000191cc9000 	/System/Library/Frameworks/Foundation.framework/Versions/C/Foundation
0x0000000194826000 	/System/Library/PrivateFrameworks/UIFoundation.framework/Versions/A/UIFoundation
0x00000001a1903000 	/System/Library/PrivateFrameworks/RemoteViewServices.framework/Versions/A/RemoteViewServices
0x0000000199d89000 	/System/Library/PrivateFrameworks/XCTTargetBootstrap.framework/Versions/A/XCTTargetBootstrap
0x000000019d607000 	/System/Library/PrivateFrameworks/InternationalSupport.framework/Versions/A/InternationalSupport
0x000000019d690000 	/System/Library/PrivateFrameworks/UserActivity.framework/Versions/A/UserActivity
0x000000019cb02000 	/usr/lib/libspindump.dylib
0x0000000194a97000 	/System/Library/Frameworks/UniformTypeIdentifiers.framework/Versions/A/UniformTypeIdentifiers
0x00000001982d4000 	/usr/lib/libapp_launch_measurement.dylib
0x00000001977fe000 	/System/Library/PrivateFrameworks/CoreAnalytics.framework/Versions/A/CoreAnalytics
0x00000001982d7000 	/System/Library/PrivateFrameworks/CoreAutoLayout.framework/Versions/A/CoreAutoLayout
0x000000019967a000 	/System/Library/Frameworks/Metal.framework/Versions/A/Metal
0x000000019a3f1000 	/usr/lib/liblangid.dylib
0x0000000199d8e000 	/System/Library/PrivateFrameworks/CoreSVG.framework/Versions/A/CoreSVG
0x0000000195f28000 	/System/Library/PrivateFrameworks/SkyLight.framework/Versions/A/SkyLight
0x00000001962fd000 	/System/Library/Frameworks/CoreGraphics.framework/Versions/A/CoreGraphics
0x00000001a1fcf000 	/System/Library/Frameworks/Accelerate.framework/Versions/A/Accelerate
0x000000019c579000 	/System/Library/PrivateFrameworks/IconServices.framework/Versions/A/IconServices
0x000000019965c000 	/System/Library/Frameworks/IOSurface.framework/Versions/A/IOSurface
0x000000019782f000 	/usr/lib/libDiagnosticMessagesClient.dylib
0x00000001a54d0000 	/System/Library/Frameworks/ApplicationServices.framework/Versions/A/ApplicationServices
0x0000000199d71000 	/System/Library/PrivateFrameworks/DFRFoundation.framework/Versions/A/DFRFoundation
0x00000001931fe000 	/usr/lib/libicucore.A.dylib
0x000000019e4b3000 	/System/Library/Frameworks/AudioToolbox.framework/Versions/A/AudioToolbox
0x000000019d613000 	/System/Library/PrivateFrameworks/DataDetectorsCore.framework/Versions/A/DataDetectorsCore
0x00000001b3f53000 	/System/Library/PrivateFrameworks/TextInput.framework/Versions/A/TextInput
0x0000000195e9d000 	/usr/lib/libMobileGestalt.dylib
0x0000000199a3d000 	/System/Library/Frameworks/Carbon.framework/Versions/A/Frameworks/HIToolbox.framework/Versions/A/HIToolbox
0x0000000197cb0000 	/System/Library/Frameworks/QuartzCore.framework/Versions/A/QuartzCore
0x0000000192e81000 	/System/Library/Frameworks/Security.framework/Versions/A/Security
0x00000001a1943000 	/System/Library/Frameworks/Carbon.framework/Versions/A/Frameworks/SpeechRecognition.framework/Versions/A/SpeechRecognition
0x000000019802a000 	/System/Library/PrivateFrameworks/CoreUI.framework/Versions/A/CoreUI
0x000000019275e000 	/System/Library/Frameworks/CoreAudio.framework/Versions/A/CoreAudio
0x0000000197924000 	/System/Library/Frameworks/DiskArbitration.framework/Versions/A/DiskArbitration
0x000000019cf0c000 	/System/Library/PrivateFrameworks/MultitouchSupport.framework/Versions/A/MultitouchSupport
0x0000000195e9b000 	/usr/lib/libenergytrace.dylib
0x0000000193836000 	/System/Library/Frameworks/IOKit.framework/Versions/A/IOKit
0x00000001a1d32000 	/System/Library/Frameworks/CoreServices.framework/Versions/A/CoreServices
0x0000000198264000 	/System/Library/PrivateFrameworks/PerformanceAnalysis.framework/Versions/A/PerformanceAnalysis
0x00000001f223b000 	/System/Library/Frameworks/OpenGL.framework/Versions/A/OpenGL
0x000000019ae6b000 	/System/Library/PrivateFrameworks/MobileKeyBag.framework/Versions/A/MobileKeyBag
0x000000019690a000 	/System/Library/Frameworks/ColorSync.framework/Versions/A/ColorSync
0x0000000190dce000 	/System/Library/Frameworks/CoreFoundation.framework/Versions/A/CoreFoundation
0x000000019a00d000 	/System/Library/Frameworks/CoreImage.framework/Versions/A/CoreImage
0x0000000192582000 	/System/Library/Frameworks/CoreText.framework/Versions/A/CoreText
0x0000000199dbe000 	/System/Library/Frameworks/ImageIO.framework/Versions/A/ImageIO
0x000000019b8d1000 	/System/Library/PrivateFrameworks/SoftLinking.framework/Versions/A/SoftLinking
0x0000000198322000 	/usr/lib/libxml2.2.dylib
0x000000019bb6a000 	/usr/lib/libcompression.dylib
0x000000019d563000 	/System/Library/PrivateFrameworks/TextureIO.framework/Versions/A/TextureIO
0x000000019c292000 	/usr/lib/libate.dylib
0x000000019c157000 	/usr/lib/liblzma.5.dylib
0x00000001919bd000 	/System/Library/Frameworks/SystemConfiguration.framework/Versions/A/SystemConfiguration
0x000000019b8cd000 	/usr/lib/libfakelink.dylib
0x00000001959cf000 	/System/Library/Frameworks/CFNetwork.framework/Versions/A/CFNetwork
0x000000019ba13000 	/usr/lib/libarchive.2.dylib
0x000000019a3ed000 	/System/Library/PrivateFrameworks/AppleSystemInfo.framework/Versions/A/AppleSystemInfo
0x000000019af7e000 	/usr/lib/libbsm.0.dylib
0x0000000194f40000 	/usr/lib/libnetwork.dylib
0x000000019b867000 	/usr/lib/system/libkxld.dylib
0x000000019ab91000 	/System/Library/PrivateFrameworks/IOMobileFramebuffer.framework/Versions/A/IOMobileFramebuffer
0x000000020fb67000 	/usr/lib/libCoreEntitlements.dylib
0x000000019b5a2000 	/System/Library/PrivateFrameworks/AppleFSCompression.framework/Versions/A/AppleFSCompression
0x000000019af66000 	/usr/lib/libcoretls.dylib
0x000000019c170000 	/usr/lib/libcoretls_cfhelpers.dylib
0x000000019bb65000 	/usr/lib/libpam.2.dylib
0x0000000197263000 	/usr/lib/libsqlite3.dylib
0x000000019c1d9000 	/usr/lib/libxar.1.dylib
0x000000019b5b3000 	/usr/lib/libbz2.1.0.dylib
0x000000019b8d2000 	/usr/lib/libpcap.A.dylib
0x0000000197643000 	/usr/lib/libdns_services.dylib
0x000000019bb38000 	/usr/lib/libapple_nghttp2.dylib
0x000000019b90f000 	/usr/lib/libiconv.2.dylib
0x000000019b85d000 	/usr/lib/libcharset.1.dylib
0x00000001982a0000 	/System/Library/Frameworks/CoreServices.framework/Versions/A/Frameworks/FSEvents.framework/Versions/A/FSEvents
0x00000001934bf000 	/System/Library/Frameworks/CoreServices.framework/Versions/A/Frameworks/CarbonCore.framework/Versions/A/CarbonCore
0x0000000197884000 	/System/Library/Frameworks/CoreServices.framework/Versions/A/Frameworks/Metadata.framework/Versions/A/Metadata
0x000000019b5c6000 	/System/Library/Frameworks/CoreServices.framework/Versions/A/Frameworks/OSServices.framework/Versions/A/OSServices
0x000000019ba99000 	/System/Library/Frameworks/CoreServices.framework/Versions/A/Frameworks/SearchKit.framework/Versions/A/SearchKit
0x00000001975d2000 	/System/Library/Frameworks/CoreServices.framework/Versions/A/Frameworks/AE.framework/Versions/A/AE
0x0000000191314000 	/System/Library/Frameworks/CoreServices.framework/Versions/A/Frameworks/LaunchServices.framework/Versions/A/LaunchServices
0x000000019c100000 	/System/Library/Frameworks/CoreServices.framework/Versions/A/Frameworks/DictionaryServices.framework/Versions/A/DictionaryServices
0x00000001982ad000 	/System/Library/Frameworks/CoreServices.framework/Versions/A/Frameworks/SharedFileList.framework/Versions/A/SharedFileList
0x000000019af56000 	/usr/lib/libCheckFix.dylib
0x0000000195f0c000 	/System/Library/PrivateFrameworks/TCC.framework/Versions/A/TCC
0x000000019a3f3000 	/System/Library/PrivateFrameworks/CoreNLP.framework/Versions/A/CoreNLP
0x0000000197832000 	/System/Library/PrivateFrameworks/MetadataUtilities.framework/Versions/A/MetadataUtilities
0x0000000191a76000 	/usr/lib/libmecabra.dylib
0x000000019af8f000 	/usr/lib/libmecab.dylib
0x0000000191a42000 	/usr/lib/libCRFSuite.dylib
0x000000019afec000 	/usr/lib/libgermantok.dylib
0x000000019bb11000 	/usr/lib/libThaiTokenizer.dylib
0x000000019792c000 	/System/Library/Frameworks/Accelerate.framework/Versions/A/Frameworks/vImage.framework/Versions/A/vImage
0x00000001a1d09000 	/System/Library/Frameworks/Accelerate.framework/Versions/A/Frameworks/vecLib.framework/Versions/A/vecLib
0x000000019c21e000 	/System/Library/Frameworks/Accelerate.framework/Versions/A/Frameworks/vecLib.framework/Versions/A/libvMisc.dylib
0x000000019aa98000 	/System/Library/Frameworks/Accelerate.framework/Versions/A/Frameworks/vecLib.framework/Versions/A/libvDSP.dylib
0x000000019169d000 	/System/Library/Frameworks/Accelerate.framework/Versions/A/Frameworks/vecLib.framework/Versions/A/libBLAS.dylib
0x000000019bc3b000 	/System/Library/Frameworks/Accelerate.framework/Versions/A/Frameworks/vecLib.framework/Versions/A/libLAPACK.dylib
0x000000019afef000 	/System/Library/Frameworks/Accelerate.framework/Versions/A/Frameworks/vecLib.framework/Versions/A/libLinearAlgebra.dylib
0x000000019bb50000 	/System/Library/Frameworks/Accelerate.framework/Versions/A/Frameworks/vecLib.framework/Versions/A/libSparseBLAS.dylib
0x000000019bc36000 	/System/Library/Frameworks/Accelerate.framework/Versions/A/Frameworks/vecLib.framework/Versions/A/libQuadrature.dylib
0x000000019a4ec000 	/System/Library/Frameworks/Accelerate.framework/Versions/A/Frameworks/vecLib.framework/Versions/A/libBNNS.dylib
0x000000019195b000 	/System/Library/Frameworks/Accelerate.framework/Versions/A/Frameworks/vecLib.framework/Versions/A/libSparse.dylib
0x000000019a4e4000 	/System/Library/PrivateFrameworks/LinguisticData.framework/Versions/A/LinguisticData
0x0000000191913000 	/System/Library/PrivateFrameworks/Lexicon.framework/Versions/A/Lexicon
0x000000019c216000 	/usr/lib/libChineseTokenizer.dylib
0x00000001920ba000 	/System/Library/PrivateFrameworks/LanguageModeling.framework/Versions/A/LanguageModeling
0x000000019bb13000 	/System/Library/PrivateFrameworks/AppleSauce.framework/Versions/A/AppleSauce
0x000000019ab7e000 	/System/Library/PrivateFrameworks/CoreEmoji.framework/Versions/A/CoreEmoji
0x000000019ba01000 	/usr/lib/libcmph.dylib
0x0000000198280000 	/System/Library/Frameworks/OpenDirectory.framework/Versions/A/Frameworks/CFOpenDirectory.framework/Versions/A/CFOpenDirectory
0x0000000198270000 	/System/Library/Frameworks/OpenDirectory.framework/Versions/A/OpenDirectory
0x000000019c172000 	/System/Library/PrivateFrameworks/APFS.framework/Versions/A/APFS
0x000000019aea6000 	/System/Library/Frameworks/SecurityFoundation.framework/Versions/A/SecurityFoundation
0x000000019c1e8000 	/usr/lib/libutil.dylib
0x00000001937f8000 	/System/Library/PrivateFrameworks/CoreServicesStore.framework/Versions/A/CoreServicesStore
0x000000019c1ec000 	/usr/lib/libxslt.1.dylib
0x000000019af3a000 	/System/Library/PrivateFrameworks/BackgroundTaskManagement.framework/Versions/A/BackgroundTaskManagement
0x000000019d484000 	/System/Library/Frameworks/ImageIO.framework/Versions/A/Resources/libRadiance.dylib
0x000000019d48d000 	/System/Library/Frameworks/ImageIO.framework/Versions/A/Resources/libJPEG.dylib
0x000000019d3e0000 	/System/Library/Frameworks/ImageIO.framework/Versions/A/Resources/libPng.dylib
0x000000019d402000 	/System/Library/Frameworks/ImageIO.framework/Versions/A/Resources/libTIFF.dylib
0x000000019d4e8000 	/System/Library/Frameworks/ImageIO.framework/Versions/A/Resources/libGIF.dylib
0x000000019ce1c000 	/System/Library/Frameworks/ImageIO.framework/Versions/A/Resources/libJP2.dylib
0x000000019c53e000 	/usr/lib/libexpat.1.dylib
0x000000019cdd7000 	/System/Library/PrivateFrameworks/AppleJPEG.framework/Versions/A/AppleJPEG
0x00000001998f9000 	/System/Library/PrivateFrameworks/FontServices.framework/libFontParser.dylib
0x0000000197577000 	/System/Library/PrivateFrameworks/RunningBoardServices.framework/Versions/A/RunningBoardServices
0x00000001a7df5000 	/System/Library/PrivateFrameworks/IOSurfaceAccelerator.framework/Versions/A/IOSurfaceAccelerator
0x000000019cf08000 	/System/Library/PrivateFrameworks/WatchdogClient.framework/Versions/A/WatchdogClient
0x00000001921be000 	/System/Library/Frameworks/CoreDisplay.framework/Versions/A/CoreDisplay
0x00000001997e3000 	/System/Library/Frameworks/CoreMedia.framework/Versions/A/CoreMedia
0x0000000199670000 	/System/Library/PrivateFrameworks/IOAccelerator.framework/Versions/A/IOAccelerator
0x0000000198410000 	/System/Library/Frameworks/CoreVideo.framework/Versions/A/CoreVideo
0x000000019bb63000 	/System/Library/Frameworks/MetalPerformanceShaders.framework/Versions/A/MetalPerformanceShaders
0x000000019cf47000 	/System/Library/Frameworks/VideoToolbox.framework/Versions/A/VideoToolbox
0x00000001974bb000 	/System/Library/PrivateFrameworks/BaseBoard.framework/Versions/A/BaseBoard
0x0000000197249000 	/System/Library/PrivateFrameworks/ProtocolBuffer.framework/Versions/A/ProtocolBuffer
0x000000019d47f000 	/System/Library/PrivateFrameworks/GPUWrangler.framework/Versions/A/GPUWrangler
0x000000019d45f000 	/System/Library/PrivateFrameworks/IOPresentment.framework/Versions/A/IOPresentment
0x000000019d487000 	/System/Library/PrivateFrameworks/DSExternalDisplay.framework/Versions/A/DSExternalDisplay
0x00000001f222e000 	/System/Library/Frameworks/OpenGL.framework/Versions/A/Libraries/libCoreFSCache.dylib
0x00000001fc6ed000 	/System/Library/PrivateFrameworks/GPUCompiler.framework/Versions/31001/Libraries/libGPUCompilerUtils.dylib
0x000000019d4ed000 	/System/Library/PrivateFrameworks/CMCaptureCore.framework/Versions/A/CMCaptureCore
0x000000019caef000 	/System/Library/PrivateFrameworks/AppServerSupport.framework/Versions/A/AppServerSupport
0x000000019ed70000 	/System/Library/PrivateFrameworks/perfdata.framework/Versions/A/perfdata
0x00000001922de000 	/System/Library/PrivateFrameworks/AudioToolboxCore.framework/Versions/A/AudioToolboxCore
0x00000001997bc000 	/System/Library/PrivateFrameworks/caulk.framework/Versions/A/caulk
0x000000019e665000 	/usr/lib/libAudioStatistics.dylib
0x00000001b05ba000 	/System/Library/PrivateFrameworks/SystemPolicy.framework/Versions/A/SystemPolicy
0x000000019e8d1000 	/usr/lib/libSMC.dylib
0x00000001a7604000 	/System/Library/Frameworks/CoreMIDI.framework/Versions/A/CoreMIDI
0x000000019d3ae000 	/usr/lib/libAudioToolboxUtility.dylib
0x00000001ac687000 	/System/Library/PrivateFrameworks/OSAServicesClient.framework/Versions/A/OSAServicesClient
0x000000019ed7d000 	/usr/lib/libperfcheck.dylib
0x00000001b10d2000 	/usr/lib/libmis.dylib
0x00000001f2290000 	/System/Library/Frameworks/OpenGL.framework/Versions/A/Libraries/libGLU.dylib
0x00000001f224f000 	/System/Library/Frameworks/OpenGL.framework/Versions/A/Libraries/libGFXShared.dylib
0x00000001f243c000 	/System/Library/Frameworks/OpenGL.framework/Versions/A/Libraries/libGL.dylib
0x00000001f2258000 	/System/Library/Frameworks/OpenGL.framework/Versions/A/Libraries/libGLImage.dylib
0x00000001f224c000 	/System/Library/Frameworks/OpenGL.framework/Versions/A/Libraries/libCVMSPluginSupport.dylib
0x00000001f2235000 	/System/Library/Frameworks/OpenGL.framework/Versions/A/Libraries/libCoreVMClient.dylib
0x000000019a36d000 	/System/Library/Frameworks/MetalPerformanceShaders.framework/Versions/A/Frameworks/MPSCore.framework/Versions/A/MPSCore
0x000000019b515000 	/System/Library/Frameworks/MetalPerformanceShaders.framework/Versions/A/Frameworks/MPSImage.framework/Versions/A/MPSImage
0x000000019b004000 	/System/Library/Frameworks/MetalPerformanceShaders.framework/Versions/A/Frameworks/MPSNeuralNetwork.framework/Versions/A/MPSNeuralNetwork
0x000000019b43d000 	/System/Library/Frameworks/MetalPerformanceShaders.framework/Versions/A/Frameworks/MPSMatrix.framework/Versions/A/MPSMatrix
0x000000019b216000 	/System/Library/Frameworks/MetalPerformanceShaders.framework/Versions/A/Frameworks/MPSRayIntersector.framework/Versions/A/MPSRayIntersector
0x000000019b46e000 	/System/Library/Frameworks/MetalPerformanceShaders.framework/Versions/A/Frameworks/MPSNDArray.framework/Versions/A/MPSNDArray
0x00000001f43a7000 	/System/Library/Frameworks/MetalPerformanceShaders.framework/Versions/A/Frameworks/MPSFunctions.framework/Versions/A/MPSFunctions
0x0000000191574000 	/System/Library/PrivateFrameworks/MetalTools.framework/Versions/A/MetalTools
0x000000019a3eb000 	/System/Library/PrivateFrameworks/AggregateDictionary.framework/Versions/A/AggregateDictionary
0x000000019c323000 	/usr/lib/libIOReport.dylib
0x00000001a6622000 	/System/Library/PrivateFrameworks/ASEProcessing.framework/Versions/A/ASEProcessing
0x000000019c698000 	/System/Library/PrivateFrameworks/FaceCore.framework/Versions/A/FaceCore
0x000000019c68a000 	/System/Library/PrivateFrameworks/GraphVisualizer.framework/Versions/A/GraphVisualizer
0x00000001fc604000 	/System/Library/PrivateFrameworks/FontServices.framework/Versions/A/FontServices
0x000000019caab000 	/System/Library/PrivateFrameworks/OTSVG.framework/Versions/A/OTSVG
0x0000000197fda000 	/System/Library/Frameworks/ApplicationServices.framework/Versions/A/Frameworks/ATS.framework/Versions/A/Resources/libFontRegistry.dylib
0x000000019caf8000 	/System/Library/PrivateFrameworks/FontServices.framework/libhvf.dylib
0x00000001fc605000 	/System/Library/PrivateFrameworks/FontServices.framework/libXTFontStaticRegistryData.dylib
0x00000001f25dd000 	/System/Library/Frameworks/OpenCL.framework/Versions/A/OpenCL
0x000000019c4f2000 	/System/Library/PrivateFrameworks/AppleVA.framework/Versions/A/AppleVA
0x000000019e68d000 	/System/Library/Frameworks/ApplicationServices.framework/Versions/A/Frameworks/ATS.framework/Versions/A/ATS
0x0000000196a07000 	/System/Library/Frameworks/ApplicationServices.framework/Versions/A/Frameworks/HIServices.framework/Versions/A/HIServices
0x000000019d4f7000 	/System/Library/Frameworks/ApplicationServices.framework/Versions/A/Frameworks/PrintCore.framework/Versions/A/PrintCore
0x000000019ea24000 	/System/Library/Frameworks/ApplicationServices.framework/Versions/A/Frameworks/QD.framework/Versions/A/QD
0x000000019ea1c000 	/System/Library/Frameworks/ApplicationServices.framework/Versions/A/Frameworks/ColorSyncLegacy.framework/Versions/A/ColorSyncLegacy
0x000000019e679000 	/System/Library/Frameworks/ApplicationServices.framework/Versions/A/Frameworks/SpeechSynthesis.framework/Versions/A/SpeechSynthesis
0x000000019d4b8000 	/System/Library/Frameworks/ApplicationServices.framework/Versions/A/Frameworks/ATSUI.framework/Versions/A/ATSUI
0x000000019e9b1000 	/usr/lib/libcups.2.dylib
0x000000019ed8b000 	/System/Library/Frameworks/Kerberos.framework/Versions/A/Kerberos
0x000000019ed9c000 	/System/Library/Frameworks/GSS.framework/Versions/A/GSS
0x000000019e6fd000 	/usr/lib/libresolv.9.dylib
0x000000019cb07000 	/System/Library/PrivateFrameworks/Heimdal.framework/Versions/A/Heimdal
0x00000001a5857000 	/System/Library/Frameworks/Kerberos.framework/Versions/A/Libraries/libHeimdalProxy.dylib
0x0000000197655000 	/System/Library/Frameworks/Network.framework/Versions/A/Network
0x000000019c559000 	/usr/lib/libheimdal-asn1.dylib
0x000000019edec000 	/System/Library/PrivateFrameworks/CommonAuth.framework/Versions/A/CommonAuth
0x000000019e5f3000 	/System/Library/PrivateFrameworks/AudioSession.framework/Versions/A/AudioSession
0x000000019c5eb000 	/System/Library/PrivateFrameworks/MediaExperience.framework/Versions/A/MediaExperience
0x000000019e479000 	/System/Library/PrivateFrameworks/AudioSession.framework/libSessionUtility.dylib
0x000000019ea30000 	/System/Library/PrivateFrameworks/AudioResourceArbitration.framework/Versions/A/AudioResourceArbitration
0x00000001a2be6000 	/System/Library/PrivateFrameworks/PowerLog.framework/Versions/A/PowerLog
0x000000019c563000 	/System/Library/PrivateFrameworks/IconFoundation.framework/Versions/A/IconFoundation
0x00000001a192f000 	/System/Library/PrivateFrameworks/SpeechRecognitionCore.framework/Versions/A/SpeechRecognitionCore
0x00000001020b8000 	/Users/danielweiner/Library/Java/JavaVirtualMachines/openjdk-18/Contents/Home/lib/server/libjvm.dylib
0x0000000101168000 	/Users/danielweiner/Library/Java/JavaVirtualMachines/openjdk-18/Contents/Home/lib/libjimage.dylib
0x0000000101194000 	/Users/danielweiner/Library/Java/JavaVirtualMachines/openjdk-18/Contents/Home/lib/libinstrument.dylib
0x00000001011e0000 	/Users/danielweiner/Library/Java/JavaVirtualMachines/openjdk-18/Contents/Home/lib/libjava.dylib
0x0000000101c94000 	/Users/danielweiner/Library/Java/JavaVirtualMachines/openjdk-18/Contents/Home/lib/libnio.dylib
0x0000000101cb4000 	/Users/danielweiner/Library/Java/JavaVirtualMachines/openjdk-18/Contents/Home/lib/libnet.dylib
0x00000001011c8000 	/Users/danielweiner/Library/Java/JavaVirtualMachines/openjdk-18/Contents/Home/lib/libzip.dylib
0x0000000101cd4000 	/Users/danielweiner/.openjfx/cache/17.0.1/libprism_es2.dylib
0x00000001937bb000 	/System/Library/PrivateFrameworks/CoreServicesInternal.framework/Versions/A/CoreServicesInternal
0x00000001f2446000 	/System/Library/Frameworks/OpenGL.framework/Versions/A/Resources/GLEngine.bundle/GLEngine
0x00000001f22ce000 	/System/Library/Frameworks/OpenGL.framework/Versions/A/Libraries/libGLProgrammability.dylib
0x000000012713c000 	/System/Library/Extensions/AppleMetalOpenGLRenderer.bundle/Contents/MacOS/AppleMetalOpenGLRenderer
0x00000001f25b5000 	/System/Library/Frameworks/OpenGL.framework/Versions/A/Resources/GLRendererFloat.bundle/GLRendererFloat
0x00000001f26b5000 	/System/Library/Extensions/AGXMetal13_3.bundle/Contents/MacOS/AGXMetal13_3
0x00000001b10ee000 	/System/Library/PrivateFrameworks/GPURawCounter.framework/Versions/A/GPURawCounter
0x00000001ab7f8000 	/System/Library/PrivateFrameworks/IOGPU.framework/Versions/A/IOGPU
0x00000001273f4000 	/Users/danielweiner/.openjfx/cache/17.0.1/libglass.dylib
0x00000001a2e3e000 	/System/Library/Frameworks/FileProvider.framework/Versions/A/FileProvider
0x0000000197423000 	/System/Library/Frameworks/Accounts.framework/Versions/A/Accounts
0x00000001a2fc2000 	/System/Library/PrivateFrameworks/GenerationalStorage.framework/Versions/A/GenerationalStorage
0x00000001a3b85000 	/System/Library/PrivateFrameworks/CoreSymbolication.framework/Versions/A/CoreSymbolication
0x00000001a2bda000 	/System/Library/PrivateFrameworks/SymptomDiagnosticReporter.framework/Versions/A/SymptomDiagnosticReporter
0x0000000194aab000 	/System/Library/PrivateFrameworks/DesktopServicesPriv.framework/Versions/A/DesktopServicesPriv
0x000000019391d000 	/usr/lib/libsandbox.1.dylib
0x000000019849e000 	/System/Library/PrivateFrameworks/UserManagement.framework/Versions/A/UserManagement
0x00000001a3b42000 	/System/Library/PrivateFrameworks/DebugSymbols.framework/Versions/A/DebugSymbols
0x000000019ea0f000 	/System/Library/PrivateFrameworks/NetAuth.framework/Versions/A/NetAuth
0x000000019f92d000 	/System/Library/PrivateFrameworks/Sharing.framework/Versions/A/Sharing
0x000000019846e000 	/System/Library/PrivateFrameworks/login.framework/Versions/A/Frameworks/loginsupport.framework/Versions/A/loginsupport
0x00000001a4d77000 	/System/Library/PrivateFrameworks/Apple80211.framework/Versions/A/Apple80211
0x000000019b5f9000 	/System/Library/PrivateFrameworks/AuthKit.framework/Versions/A/AuthKit
0x000000019ac7a000 	/System/Library/PrivateFrameworks/CoreUtils.framework/Versions/A/CoreUtils
0x000000019ab9d000 	/System/Library/Frameworks/CoreWLAN.framework/Versions/A/CoreWLAN
0x000000019fa9d000 	/System/Library/Frameworks/IOBluetooth.framework/Versions/A/IOBluetooth
0x00000001a4dd7000 	/System/Library/PrivateFrameworks/CoreWiFi.framework/Versions/A/CoreWiFi
0x00000001a3722000 	/System/Library/PrivateFrameworks/FrontBoardServices.framework/Versions/A/FrontBoardServices
0x00000001a37ba000 	/System/Library/PrivateFrameworks/BoardServices.framework/Versions/A/BoardServices
0x000000019ae94000 	/System/Library/PrivateFrameworks/AssertionServices.framework/Versions/A/AssertionServices
0x00000001a4f54000 	/System/Library/PrivateFrameworks/BackBoardServices.framework/Versions/A/BackBoardServices
0x000000019ee83000 	/System/Library/PrivateFrameworks/CorePhoneNumbers.framework/Versions/A/CorePhoneNumbers
0x00000001a2d0a000 	/System/Library/PrivateFrameworks/DiskManagement.framework/Versions/A/DiskManagement
0x00000001a2c0d000 	/System/Library/PrivateFrameworks/AppleIDAuthSupport.framework/Versions/A/AppleIDAuthSupport
0x00000001f6bce000 	/System/Library/PrivateFrameworks/AAAFoundation.framework/Versions/A/AAAFoundation
0x000000019ee62000 	/System/Library/PrivateFrameworks/KeychainCircle.framework/Versions/A/KeychainCircle
0x00000001a2cd6000 	/System/Library/PrivateFrameworks/MediaKit.framework/Versions/A/MediaKit
0x00000001a2c1a000 	/System/Library/Frameworks/DiscRecording.framework/Versions/A/DiscRecording
0x000000019c46e000 	/usr/lib/libCoreStorage.dylib
0x00000001a5251000 	/usr/lib/libcsfde.dylib
0x000000019fb72000 	/System/Library/PrivateFrameworks/ProtectedCloudStorage.framework/Versions/A/ProtectedCloudStorage
0x00000001a5249000 	/System/Library/PrivateFrameworks/EFILogin.framework/Versions/A/EFILogin
0x00000001a2fe9000 	/System/Library/PrivateFrameworks/OctagonTrust.framework/Versions/A/OctagonTrust
0x00000001fb79f000 	/System/Library/PrivateFrameworks/CoreUtilsExtras.framework/Versions/A/CoreUtilsExtras
0x00000001a2b3f000 	/System/Library/Frameworks/CoreBluetooth.framework/Versions/A/CoreBluetooth
0x00000001a58dc000 	/System/Library/Frameworks/AudioUnit.framework/Versions/A/AudioUnit
0x000000019c466000 	/usr/lib/libMatch.1.dylib
0x00000001b559a000 	/System/Library/Frameworks/Accelerate.framework/Versions/A/Frameworks/vImage.framework/Versions/A/Libraries/libCGInterfaces.dylib
0x00000001324a0000 	/usr/lib/libobjc-trampolines.dylib
0x0000000198168000 	/System/Library/PrivateFrameworks/ViewBridge.framework/Versions/A/ViewBridge
0x00000001f7281000 	/System/Library/PrivateFrameworks/AccessibilityBundles.framework/Versions/A/AccessibilityBundles
0x000000019cbca000 	/System/Library/PrivateFrameworks/login.framework/Versions/A/login
0x000000020fce5000 	/usr/lib/libRosetta.dylib
0x00000001357d4000 	/Users/danielweiner/.openjfx/cache/17.0.1/libjavafx_font.dylib
0x0000000137200000 	/Users/danielweiner/.openjfx/cache/17.0.1/libjavafx_iio.dylib


VM Arguments:
jvm_args: -javaagent:/Users/danielweiner/Library/Application Support/JetBrains/Toolbox/apps/IDEA-U/ch-0/221.5080.210/IntelliJ IDEA.app/Contents/lib/idea_rt.jar=49402:/Users/danielweiner/Library/Application Support/JetBrains/Toolbox/apps/IDEA-U/ch-0/221.5080.210/IntelliJ IDEA.app/Contents/bin -Dfile.encoding=UTF-8 --module-path=/Users/danielweiner/.m2/repository/org/openjfx/javafx-graphics/17.0.1/javafx-graphics-17.0.1-mac-aarch64.jar:/Users/danielweiner/.m2/repository/org/openjfx/javafx-fxml/17.0.1/javafx-fxml-17.0.1-mac-aarch64.jar:/Users/danielweiner/Public/Drop Box/eclipse-workspace/JavaFinalProject/target/classes:/Users/danielweiner/.m2/repository/org/openjfx/javafx-base/17.0.1/javafx-base-17.0.1-mac-aarch64.jar:/Users/danielweiner/.m2/repository/org/openjfx/javafx-controls/17.0.1/javafx-controls-17.0.1-mac-aarch64.jar -Djdk.module.main=com.example.javafinalproject 
java_command: com.example.javafinalproject/com.example.javafinalproject.Main
java_class_path (initial): /Users/danielweiner/.m2/repository/org/openjfx/javafx-controls/17.0.1/javafx-controls-17.0.1.jar:/Users/danielweiner/.m2/repository/org/openjfx/javafx-graphics/17.0.1/javafx-graphics-17.0.1.jar:/Users/danielweiner/.m2/repository/org/openjfx/javafx-base/17.0.1/javafx-base-17.0.1.jar:/Users/danielweiner/.m2/repository/org/openjfx/javafx-fxml/17.0.1/javafx-fxml-17.0.1.jar:/Users/danielweiner/Downloads/mysql-connector-java-8.0.29/mysql-connector-java-8.0.29.jar
Launcher Type: SUN_STANDARD

[Global flags]
     intx CICompilerCount                          = 4                                         {product} {ergonomic}
     uint ConcGCThreads                            = 2                                         {product} {ergonomic}
     uint G1ConcRefinementThreads                  = 8                                         {product} {ergonomic}
   size_t G1HeapRegionSize                         = 2097152                                   {product} {ergonomic}
    uintx GCDrainStackTargetSize                   = 64                                        {product} {ergonomic}
   size_t InitialHeapSize                          = 268435456                                 {product} {ergonomic}
   size_t MarkStackSize                            = 4194304                                   {product} {ergonomic}
   size_t MaxHeapSize                              = 4294967296                                {product} {ergonomic}
   size_t MaxNewSize                               = 2575302656                                {product} {ergonomic}
   size_t MinHeapDeltaBytes                        = 2097152                                   {product} {ergonomic}
   size_t MinHeapSize                              = 8388608                                   {product} {ergonomic}
    uintx NonNMethodCodeHeapSize                   = 5839564                                {pd product} {ergonomic}
    uintx NonProfiledCodeHeapSize                  = 122909338                              {pd product} {ergonomic}
    uintx ProfiledCodeHeapSize                     = 122909338                              {pd product} {ergonomic}
    uintx ReservedCodeCacheSize                    = 251658240                              {pd product} {ergonomic}
     bool SegmentedCodeCache                       = true                                      {product} {ergonomic}
   size_t SoftMaxHeapSize                          = 4294967296                             {manageable} {ergonomic}
     bool UseCompressedClassPointers               = true                           {product lp64_product} {ergonomic}
     bool UseCompressedOops                        = true                           {product lp64_product} {ergonomic}
     bool UseG1GC                                  = true                                      {product} {ergonomic}
     bool UseNUMA                                  = false                                     {product} {ergonomic}
     bool UseNUMAInterleaving                      = false                                     {product} {ergonomic}

Logging:
Log output configuration:
 #0: stdout all=warning uptime,level,tags foldmultilines=false
 #1: stderr all=off uptime,level,tags foldmultilines=false

Environment Variables:
PATH=/usr/local/bin:/usr/bin:/bin:/usr/sbin:/sbin
SHELL=/bin/zsh
LC_CTYPE=en_US.UTF-8

Signal Handlers:
   SIGSEGV: _ZL13crash_handleriP9__siginfoPv in libjvm.dylib, mask=11100110000111110111111111111111, flags=SA_RESTART|SA_SIGINFO
    SIGBUS: _ZL13crash_handleriP9__siginfoPv in libjvm.dylib, mask=11100110000111110111111111111111, flags=SA_RESTART|SA_SIGINFO
    SIGFPE: _ZL13crash_handleriP9__siginfoPv in libjvm.dylib, mask=11100110000111110111111111111111, flags=SA_RESTART|SA_SIGINFO
   SIGPIPE: _ZL17javaSignalHandleriP9__siginfoPv in libjvm.dylib, mask=11100110000111110111111111111111, flags=SA_RESTART|SA_SIGINFO
   SIGXFSZ: _ZL17javaSignalHandleriP9__siginfoPv in libjvm.dylib, mask=11100110000111110111111111111111, flags=SA_RESTART|SA_SIGINFO
    SIGILL: _ZL13crash_handleriP9__siginfoPv in libjvm.dylib, mask=11100110000111110111111111111111, flags=SA_RESTART|SA_SIGINFO
   SIGUSR2: _ZL10SR_handleriP9__siginfoP17__darwin_ucontext in libjvm.dylib, mask=00100000000000000000000000000000, flags=SA_RESTART|SA_SIGINFO
    SIGHUP: _ZL11UserHandleriPvS_ in libjvm.dylib, mask=11100110000111110111111111111111, flags=SA_RESTART|SA_SIGINFO
    SIGINT: _ZL11UserHandleriPvS_ in libjvm.dylib, mask=11100110000111110111111111111111, flags=SA_RESTART|SA_SIGINFO
   SIGTERM: _ZL11UserHandleriPvS_ in libjvm.dylib, mask=11100110000111110111111111111111, flags=SA_RESTART|SA_SIGINFO
   SIGQUIT: _ZL11UserHandleriPvS_ in libjvm.dylib, mask=11100110000111110111111111111111, flags=SA_RESTART|SA_SIGINFO
   SIGTRAP: _ZL13crash_handleriP9__siginfoPv in libjvm.dylib, mask=11100110000111110111111111111111, flags=SA_RESTART|SA_SIGINFO


---------------  S Y S T E M  ---------------

OS:
uname: Darwin 21.4.0 Darwin Kernel Version 21.4.0: Fri Mar 18 00:47:26 PDT 2022; root:xnu-8020.101.4~15/RELEASE_ARM64_T8101 arm64
OS uptime: 0 days 1:51 hours
rlimit (soft/hard): STACK 8176k/65520k , CORE 0k/infinity , NPROC 2666/4000 , NOFILE 10240/infinity , AS infinity/infinity , CPU infinity/infinity , DATA infinity/infinity , FSIZE infinity/infinity , MEMLOCK infinity/infinity , RSS infinity/infinity
load average: 1.70 1.78 1.67

CPU: total 8 (initial active 8) 0x61:0x0:0x1b588bb3:0, fp, simd, aes, pmull, crc, lse

Memory: 16k page, physical 16777216k(137920k free), swap 0k(0k free)

vm_info: OpenJDK 64-Bit Server VM (18+36-2087) for bsd-aarch64 JRE (18+36-2087), built on Feb 15 2022 09:36:38 by "mach5one" with clang Apple LLVM 12.0.0 (clang-1200.0.32.29)

END.
