#
# A fatal error has been detected by the Java Runtime Environment:
#
#  SIGBUS (0xa) at pc=0x00000001290014f0, pid=1206, tid=33803
#
# JRE version: OpenJDK Runtime Environment (17.0.2+8) (build 17.0.2+8-86)
# Java VM: OpenJDK 64-Bit Server VM (17.0.2+8-86, mixed mode, sharing, tiered, compressed oops, compressed class ptrs, g1 gc, bsd-aarch64)
# Problematic frame:
# v  ~StubRoutines::SafeFetchN
#
# No core dump will be written. Core dumps have been disabled. To enable core dumping, try "ulimit -c unlimited" before starting Java again
#
# If you would like to submit a bug report, please visit:
#   https://bugreport.java.com/bugreport/crash.jsp
# The crash happened outside the Java Virtual Machine in native code.
# See problematic frame for where to report the bug.
#

---------------  S U M M A R Y ------------

Command Line: -javaagent:/Users/danielweiner/Library/Application Support/JetBrains/Toolbox/apps/IDEA-U/ch-0/221.5080.210/IntelliJ IDEA.app/Contents/lib/idea_rt.jar=49493:/Users/danielweiner/Library/Application Support/JetBrains/Toolbox/apps/IDEA-U/ch-0/221.5080.210/IntelliJ IDEA.app/Contents/bin -Dfile.encoding=UTF-8 --module-path=/Users/danielweiner/.m2/repository/org/openjfx/javafx-fxml/17.0.1/javafx-fxml-17.0.1-mac-aarch64.jar:/Users/danielweiner/.m2/repository/org/openjfx/javafx-controls/17.0.1/javafx-controls-17.0.1-mac-aarch64.jar:/Users/danielweiner/.m2/repository/org/openjfx/javafx-graphics/17.0.1/javafx-graphics-17.0.1-mac-aarch64.jar:/Users/danielweiner/Public/Drop Box/eclipse-workspace/JavaFinalProject/target/classes:/Users/danielweiner/.m2/repository/org/openjfx/javafx-base/17.0.1/javafx-base-17.0.1-mac-aarch64.jar -Djdk.module.main=com.example.javafinalproject com.example.javafinalproject/com.example.javafinalproject.Main

Host: "MacBookPro17,1" arm64 1 MHz, 8 cores, 16G, Darwin 21.4.0, macOS 12.3.1 (21E258)
Time: Mon May  9 13:01:55 2022 EDT elapsed time: 2.423893 seconds (0d 0h 0m 2s)

---------------  T H R E A D  ---------------

Current thread (0x0000000128afba00):  JavaThread "InvokeLaterDispatcher" daemon [_thread_in_native, id=33803, stack(0x000000016e5a8000,0x000000016e7ab000)]

Stack: [0x000000016e5a8000,0x000000016e7ab000],  sp=0x000000016e7aa780,  free space=2057k
Native frames: (J=compiled Java code, j=interpreted, Vv=VM code, C=native code)
v  ~StubRoutines::SafeFetchN
V  [libjvm.dylib+0x7a6bcc]  _ZN10OopStorage7releaseEPKP7oopDesc+0x20
V  [libjvm.dylib+0x4ba824]  jni_DeleteGlobalRef+0xd8
C  [libglass.dylib+0xab08]  -[GlassRunnable dealloc]+0x34
C  [Foundation+0x85618]  -[_NSThreadPerformInfo dealloc]+0x30
C  [Foundation+0x5198c]  -[NSObject(NSThreadPerformAdditions) performSelectorOnMainThread:withObject:waitUntilDone:]+0x88
C  0x1a178001290098ac
j  com.sun.glass.ui.mac.MacApplication.submitForLaterInvocation(Ljava/lang/Runnable;)V+2 javafx.graphics
j  com.sun.glass.ui.InvokeLaterDispatcher.run()V+82 javafx.graphics
v  ~StubRoutines::call_stub
V  [libjvm.dylib+0x461d08]  _ZN9JavaCalls11call_helperEP9JavaValueRK12methodHandleP17JavaCallArgumentsP10JavaThread+0x38c
V  [libjvm.dylib+0x460d24]  _ZN9JavaCalls12call_virtualEP9JavaValueP5KlassP6SymbolS5_P17JavaCallArgumentsP10JavaThread+0x11c
V  [libjvm.dylib+0x460df0]  _ZN9JavaCalls12call_virtualEP9JavaValue6HandleP5KlassP6SymbolS6_P10JavaThread+0x64
V  [libjvm.dylib+0x515f04]  _ZL12thread_entryP10JavaThreadS0_+0xc4
V  [libjvm.dylib+0x9071ac]  _ZN10JavaThread17thread_main_innerEv+0x13c
V  [libjvm.dylib+0x9058c0]  _ZN6Thread8call_runEv+0x128
V  [libjvm.dylib+0x7ad7c8]  _ZL19thread_native_entryP6Thread+0x158
C  [libsystem_pthread.dylib+0x726c]  _pthread_start+0x94

Java frames: (J=compiled Java code, j=interpreted, Vv=VM code)
j  com.sun.glass.ui.mac.MacApplication._submitForLaterInvocation(Ljava/lang/Runnable;)V+0 javafx.graphics
j  com.sun.glass.ui.mac.MacApplication.submitForLaterInvocation(Ljava/lang/Runnable;)V+2 javafx.graphics
j  com.sun.glass.ui.InvokeLaterDispatcher.run()V+82 javafx.graphics
v  ~StubRoutines::call_stub

siginfo: si_signo: 10 (SIGBUS), si_code: 1 (BUS_ADRALN), si_addr: 0x00000001290014f0

Register to memory mapping:

 x0=0x000000010ea04148 is a global jni handle
 x1=0x0 is NULL
 x2=0x0000000706757938 is an oop: com.sun.glass.ui.InvokeLaterDispatcher$Future 
{0x0000000706757938} - klass: 'com/sun/glass/ui/InvokeLaterDispatcher$Future'
 - ---- fields (total size 3 words):
 - private 'done' 'Z' @12  true
 - private final 'runnable' 'Ljava/lang/Runnable;' @16  a 'com/sun/javafx/application/PlatformImpl$$Lambda$92+0x0000000800c81f50'{0x00000007065c5850} (e0cb8b0a)
 - final synthetic 'this$0' 'Lcom/sun/glass/ui/InvokeLaterDispatcher;' @20  a 'com/sun/glass/ui/InvokeLaterDispatcher'{0x000000070d043560} (e1a086ac)
 x3=0x0 is NULL
 x4=0x00000000000130a8 is an unknown value
 x5=0x0 is NULL
 x6=0x0 is NULL
 x7=0x0 is NULL
 x8=0x00000001290014ec is at begin+0 in a stub
StubRoutines::SafeFetchN [0x00000001290014ec, 0x00000001290014f8] (12 bytes)
 x9=0x0 is NULL
x10=0x2010000030300000 is an unknown value
x11=0x0000000000000007 is an unknown value
x12=0x0000000000000004 is an unknown value
x13=0x00006000018f0110 points into unknown readable memory: 0xb0590001c2743c40 | 40 3c 74 c2 01 00 59 b0
x14=0x0000060000000000 is an unknown value
x15=0x000000010ee65f98: OBJC_CLASS_$_GlassRunnable+0 in /Users/danielweiner/.openjfx/cache/17.0.1/libglass.dylib at 0x000000010ee20000
x16=0x00000001c28ad0fc: pthread_getspecific+0 in /usr/lib/system/libsystem_pthread.dylib at 0x00000001c28ab000
x17=0x00006000012e7a20 points into unknown readable memory: 0xfffffffffffffffe | fe ff ff ff ff ff ff ff
x18=0x0 is NULL
x19=0x0000600001ded340 points into unknown readable memory: 0x00006000034e82f0 | f0 82 4e 03 00 60 00 00
x20=0x000000010ea03f40 points into unknown readable memory: 0x17da512012466902 | 02 69 46 12 20 51 da 17
x21=0x000000010ea04148 is a global jni handle
x22=0x0000000128afba00 is a thread
x23=0x0000000000000001 is an unknown value
x24=0x000000010ea04100 is a global jni handle
x25=0x00000001063f55e8: _ZN12StubRoutines17_safefetchN_entryE+0 in /Users/danielweiner/Library/Java/JavaVirtualMachines/openjdk-17.0.2/Contents/Home/lib/server/libjvm.dylib at 0x0000000105844000
x26=0x0000000126d18418 is pointing into metadata
x27=0x0 is NULL
x28=0x0000000128afba00 is a thread


Registers:
 x0=0x000000010ea04148  x1=0x0000000000000000  x2=0x0000000706757938  x3=0x0000000000000000
 x4=0x00000000000130a8  x5=0x0000000000000000  x6=0x0000000000000000  x7=0x0000000000000000
 x8=0x00000001290014ec  x9=0x0000000000000000 x10=0x2010000030300000 x11=0x0000000000000007
x12=0x0000000000000004 x13=0x00006000018f0110 x14=0x0000060000000000 x15=0x000000010ee65f98
x16=0x00000001c28ad0fc x17=0x00006000012e7a20 x18=0x0000000000000000 x19=0x0000600001ded340
x20=0x000000010ea03f40 x21=0x000000010ea04148 x22=0x0000000128afba00 x23=0x0000000000000001
x24=0x000000010ea04100 x25=0x00000001063f55e8 x26=0x0000000126d18418 x27=0x0000000000000000
x28=0x0000000128afba00  fp=0x000000016e7aa7c0  lr=0x0000000105fe999c  sp=0x000000016e7aa780
pc=0x00000001290014f0 cpsr=0x0000000060001000
Top of Stack: (sp=0x000000016e7aa780)
0x000000016e7aa780:   0000000126d18418 0000000000000001
0x000000016e7aa790:   000000016e7aa988 0000000000000000
0x000000016e7aa7a0:   00000001278210a8 000000010ea04130
0x000000016e7aa7b0:   000000010ea04130 0000600001ded340
0x000000016e7aa7c0:   000000016e7aa800 0000000105feabcc
0x000000016e7aa7d0:   0000000000000001 000000010ea04130
0x000000016e7aa7e0:   00000001278210a8 000000010ea04130
0x000000016e7aa7f0:   0000000000000001 0000000127820e00
0x000000016e7aa800:   000000016e7aa840 0000000105cfe824
0x000000016e7aa810:   000000016e7aa988 00006000034f0b20
0x000000016e7aa820:   00006000034f0b10 000000020c972be0
0x000000016e7aa830:   0000000000000000 00006000034f0b10
0x000000016e7aa840:   000000016e7aa870 000000010ee2ab08
0x000000016e7aa850:   1abb10affce8003d 0000000000000000
0x000000016e7aa860:   0000000000000000 00006000023ce440
0x000000016e7aa870:   000000016e7aa8b0 00000001c387a618
0x000000016e7aa880:   000000016e7aa988 00006000034f0b20
0x000000016e7aa890:   00006000034f0b10 1abb10affce8003d
0x000000016e7aa8a0:   0000000000000000 0000000000000000
0x000000016e7aa8b0:   000000016e7aa8f0 8d2b0001c384698c
0x000000016e7aa8c0:   000000016e7aa988 00000001290087c0
0x000000016e7aa8d0:   0000000000000000 00000001063fcfa8
0x000000016e7aa8e0:   000000016e7aa900 0000000129007730
0x000000016e7aa8f0:   000000016e7aa960 1a178001290098ac
0x000000016e7aa900:   000000016e7aa968 00000001269c33d0
0x000000016e7aa910:   000000016e7aa910 0000000000000000
0x000000016e7aa920:   000000016e7aa988 0000000126d18418
0x000000016e7aa930:   000000070d01b858 0000000000000000
0x000000016e7aa940:   0000000000000000 0000000126cf7138
0x000000016e7aa950:   0000000000000000 000000016e7aa960
0x000000016e7aa960:   000000016e7aa9e0 0000000129005fc8
0x000000016e7aa970:   0000000000000000 0000000000000000 

Instructions: (pc=0x00000001290014f0)
0x00000001290013f0:   f2a0c789 f2c00029 6d425935 1e640886
0x0000000129001400:   0c402d31 1e6408c7 1f5654d0 1e6c1017
0x0000000129001410:   1f5050d0 1f504cd0 1f5048d0 1e650af6
0x0000000129001420:   1f50d8f6 1f5694d6 1f5158f6 1e762880
0x0000000129001430:   36000501 1e614000 14000026 2e251ca5
0x0000000129001440:   d2843009 f2a0c789 f2c00029 6d425d36
0x0000000129001450:   1e600806 0c402d32 1f5758c7 1e6c101a
0x0000000129001460:   1f4754c7 1e650805 1f4750c7 d2866668
0x0000000129001470:   f2a7fa68 1f474cc7 1e6608c0 1f4748c7
0x0000000129001480:   1e6e1019 eb08007f 540000ac 1f479400
0x0000000129001490:   1f460340 1e603b20 1400000e d2a7fd29
0x00000001290014a0:   eb09007f 540000ac 51480069 d3607d29
0x00000001290014b0:   9e670121 14000002 1e6a5001 1f679417
0x00000001290014c0:   1f668742 1e613b23 1e773857 1e773860
0x00000001290014d0:   a8c17ff3 910003bf a8c17bfd d65f03c0
0x00000001290014e0:   b9400001 aa0103e0 d65f03c0 f9400001
0x00000001290014f0:   aa0103e0 d65f03c0 00000000 00000000
0x0000000129001500:   00000000 00000000 00000000 00000000
0x0000000129001510:   00000000 00000000 00000000 00000000
0x0000000129001520:   00000000 00000000 00000000 00000000
0x0000000129001530:   00000000 00000000 00000000 00000000
0x0000000129001540:   00000000 00000000 00000000 00000000
0x0000000129001550:   00000000 00000000 00000000 00000000
0x0000000129001560:   00000000 00000000 00000000 00000000
0x0000000129001570:   00000000 00000000 00000000 00000000
0x0000000129001580:   00000000 00000000 00000000 00000000
0x0000000129001590:   00000000 00000000 00000000 00000000
0x00000001290015a0:   00000000 00000000 00000000 00000000
0x00000001290015b0:   00000000 00000000 00000000 00000000
0x00000001290015c0:   00000000 00000000 00000000 00000000
0x00000001290015d0:   00000000 00000000 00000000 00000000
0x00000001290015e0:   00000000 00000000 00000000 00000000 


Stack slot to memory mapping:
stack at sp + 0 slots: 0x0000000126d18418 is pointing into metadata
stack at sp + 1 slots: 0x0000000000000001 is an unknown value
stack at sp + 2 slots: 0x000000016e7aa988 is pointing into the stack for thread: 0x0000000128afba00
stack at sp + 3 slots: 0x0 is NULL
stack at sp + 4 slots: 0x00000001278210a8 points into unknown readable memory: 0x00000001063b2738 | 38 27 3b 06 01 00 00 00
stack at sp + 5 slots: 0x000000010ea04130 is a global jni handle
stack at sp + 6 slots: 0x000000010ea04130 is a global jni handle
stack at sp + 7 slots: 0x0000600001ded340 points into unknown readable memory: 0x00006000034e82f0 | f0 82 4e 03 00 60 00 00

StubRoutines::SafeFetchN [0x00000001290014ec, 0x00000001290014f8] (12 bytes)
[MachCode]
  0x00000001290014ec: 0100 40f9 | e003 01aa | c003 5fd6 
[/MachCode]

---------------  P R O C E S S  ---------------

Threads class SMR info:
_java_thread_list=0x00006000037cca00, length=21, elements={
0x0000000128808800, 0x0000000127820200, 0x0000000127813400, 0x0000000146809400,
0x000000014680bc00, 0x000000014680c200, 0x000000014680c800, 0x000000010e013c00,
0x0000000146814e00, 0x00000001288f9e00, 0x000000010e044800, 0x000000014680b600,
0x000000010e046400, 0x0000000128afba00, 0x0000000127820e00, 0x000000010e0af800,
0x0000000127993e00, 0x0000000146d5ca00, 0x0000000146916200, 0x0000000146d56c00,
0x0000000146a9d600
}

Java Threads: ( => current thread )
  0x0000000128808800 JavaThread "main" [_thread_blocked, id=6659, stack(0x000000016b788000,0x000000016b98b000)]
  0x0000000127820200 JavaThread "Reference Handler" daemon [_thread_blocked, id=16131, stack(0x000000016c5dc000,0x000000016c7df000)]
  0x0000000127813400 JavaThread "Finalizer" daemon [_thread_blocked, id=17411, stack(0x000000016c7e8000,0x000000016c9eb000)]
  0x0000000146809400 JavaThread "Signal Dispatcher" daemon [_thread_blocked, id=42499, stack(0x000000016cb0c000,0x000000016cd0f000)]
  0x000000014680bc00 JavaThread "Service Thread" daemon [_thread_blocked, id=42243, stack(0x000000016cd18000,0x000000016cf1b000)]
  0x000000014680c200 JavaThread "Monitor Deflation Thread" daemon [_thread_blocked, id=41987, stack(0x000000016cf24000,0x000000016d127000)]
  0x000000014680c800 JavaThread "C2 CompilerThread0" daemon [_thread_in_native, id=23555, stack(0x000000016d130000,0x000000016d333000)]
  0x000000010e013c00 JavaThread "C1 CompilerThread0" daemon [_thread_blocked, id=41219, stack(0x000000016d33c000,0x000000016d53f000)]
  0x0000000146814e00 JavaThread "Sweeper thread" daemon [_thread_blocked, id=40963, stack(0x000000016d548000,0x000000016d74b000)]
  0x00000001288f9e00 JavaThread "Common-Cleaner" daemon [_thread_blocked, id=24067, stack(0x000000016d754000,0x000000016d957000)]
  0x000000010e044800 JavaThread "Monitor Ctrl-Break" daemon [_thread_in_native, id=39939, stack(0x000000016dd78000,0x000000016df7b000)]
  0x000000014680b600 JavaThread "Notification Thread" daemon [_thread_blocked, id=39427, stack(0x000000016df84000,0x000000016e187000)]
  0x000000010e046400 JavaThread "QuantumRenderer-0" daemon [_thread_blocked, id=25091, stack(0x000000016e39c000,0x000000016e59f000)]
=>0x0000000128afba00 JavaThread "InvokeLaterDispatcher" daemon [_thread_in_native, id=33803, stack(0x000000016e5a8000,0x000000016e7ab000)]
  0x0000000127820e00 JavaThread "JavaFX Application Thread" [_thread_in_native, id=259, stack(0x000000016af00000,0x000000016b6fc000)]
  0x000000010e0af800 JavaThread "JavaFX-Launcher" [_thread_blocked, id=57859, stack(0x000000016ead8000,0x000000016ecdb000)]
  0x0000000127993e00 JavaThread "mysql-cj-abandoned-connection-cleanup" daemon [_thread_blocked, id=59651, stack(0x000000016f720000,0x000000016f923000)]
  0x0000000146d5ca00 JavaThread "Prism Font Disposer" daemon [_thread_blocked, id=24839, stack(0x000000016db6c000,0x000000016dd6f000)]
  0x0000000146916200 JavaThread "Cleaner-0" daemon [_thread_blocked, id=51979, stack(0x0000000284a70000,0x0000000284c73000)]
  0x0000000146d56c00 JavaThread "Attach Listener" daemon [_thread_blocked, id=170243, stack(0x0000000284c7c000,0x0000000284e7f000)]
  0x0000000146a9d600 JavaThread "PulseTimer-CVDisplayLink thread" daemon [_thread_in_native, id=59911, stack(0x000000016d960000,0x000000016d9e3000)]

Other Threads:
  0x0000000127607b30 VMThread "VM Thread" [stack: 0x000000016c3d0000,0x000000016c5d3000] [id=15619]
  0x000000010ea09f20 WatcherThread [stack: 0x000000016e190000,0x000000016e393000] [id=38915]
  0x00000001280083c0 GCTaskThread "GC Thread#0" [stack: 0x000000016b994000,0x000000016bb97000] [id=19971]
  0x000000010ea23450 GCTaskThread "GC Thread#1" [stack: 0x000000016ece4000,0x000000016eee7000] [id=58115]
  0x000000010ea238d0 GCTaskThread "GC Thread#2" [stack: 0x000000016eef0000,0x000000016f0f3000] [id=72707]
  0x000000010ea23d50 GCTaskThread "GC Thread#3" [stack: 0x000000016f0fc000,0x000000016f2ff000] [id=58883]
  0x000000010ea241d0 GCTaskThread "GC Thread#4" [stack: 0x000000016f308000,0x000000016f50b000] [id=72195]
  0x0000000128045d00 GCTaskThread "GC Thread#5" [stack: 0x000000016f514000,0x000000016f717000] [id=59139]
  0x000000012805e380 GCTaskThread "GC Thread#6" [stack: 0x000000016f92c000,0x000000016fb2f000] [id=60427]
  0x000000010ea50310 GCTaskThread "GC Thread#7" [stack: 0x000000016fb38000,0x000000016fd3b000] [id=70659]
  0x0000000128008a70 ConcurrentGCThread "G1 Main Marker" [stack: 0x000000016bba0000,0x000000016bda3000] [id=19459]
  0x00000001280092f0 ConcurrentGCThread "G1 Conc#0" [stack: 0x000000016bdac000,0x000000016bfaf000] [id=13059]
  0x000000012805e800 ConcurrentGCThread "G1 Conc#1" [stack: 0x000000016fd44000,0x000000016ff47000] [id=70147]
  0x000000012800b160 ConcurrentGCThread "G1 Refine#0" [stack: 0x000000016bfb8000,0x000000016c1bb000] [id=13571]
  0x000000012800ba00 ConcurrentGCThread "G1 Service" [stack: 0x000000016c1c4000,0x000000016c3c7000] [id=18435]

Threads with active compile tasks:
C2 CompilerThread0     2438 2988       4       com.sun.javafx.css.ParsedValueImpl::containsFontRelativeSize (231 bytes)

VM state: not at safepoint (normal execution)

VM Mutex/Monitor currently owned by a thread: None

Heap address: 0x0000000700000000, size: 4096 MB, Compressed Oops mode: Zero based, Oop shift amount: 3

CDS archive(s) mapped at: [0x0000000800000000-0x0000000800bd4000-0x0000000800bd4000), size 12402688, SharedBaseAddress: 0x0000000800000000, ArchiveRelocationMode: 0.
Compressed class space mapped at: 0x0000000800c00000-0x0000000840c00000, reserved size: 1073741824
Narrow klass base: 0x0000000800000000, Narrow klass shift: 0, Narrow klass range: 0x100000000

GC Precious Log:
 CPUs: 8 total, 8 available
 Memory: 16384M
 Large Page Support: Disabled
 NUMA Support: Disabled
 Compressed Oops: Enabled (Zero based)
 Heap Region Size: 2M
 Heap Min Capacity: 8M
 Heap Initial Capacity: 256M
 Heap Max Capacity: 4G
 Pre-touch: Disabled
 Parallel Workers: 8
 Concurrent Workers: 2
 Concurrent Refinement Workers: 8
 Periodic GC: Disabled

Heap:
 garbage-first heap   total 122880K, used 48463K [0x0000000700000000, 0x0000000800000000)
  region size 2048K, 12 young (24576K), 4 survivors (8192K)
 Metaspace       used 23558K, committed 23808K, reserved 1073152K
  class space    used 3242K, committed 3328K, reserved 1048576K

Heap Regions: E=young(eden), S=young(survivor), O=old, HS=humongous(starts), HC=humongous(continues), CS=collection set, F=free, OA=open archive, CA=closed archive, TAMS=top-at-mark-start (previous, next)
|   0|0x0000000700000000, 0x0000000700200000, 0x0000000700200000|100%|HS|  |TAMS 0x0000000700200000, 0x0000000700000000| Complete 
|   1|0x0000000700200000, 0x0000000700400000, 0x0000000700400000|100%|HC|  |TAMS 0x0000000700400000, 0x0000000700200000| Complete 
|   2|0x0000000700400000, 0x0000000700600000, 0x0000000700600000|100%|HC|  |TAMS 0x0000000700600000, 0x0000000700400000| Complete 
|   3|0x0000000700600000, 0x0000000700800000, 0x0000000700800000|100%|HC|  |TAMS 0x0000000700800000, 0x0000000700600000| Complete 
|   4|0x0000000700800000, 0x0000000700a00000, 0x0000000700a00000|100%|HS|  |TAMS 0x0000000700a00000, 0x0000000700800000| Complete 
|   5|0x0000000700a00000, 0x0000000700c00000, 0x0000000700c00000|100%|HC|  |TAMS 0x0000000700c00000, 0x0000000700a00000| Complete 
|   6|0x0000000700c00000, 0x0000000700e00000, 0x0000000700e00000|100%|HC|  |TAMS 0x0000000700e00000, 0x0000000700c00000| Complete 
|   7|0x0000000700e00000, 0x0000000701000000, 0x0000000701000000|100%|HC|  |TAMS 0x0000000701000000, 0x0000000700e00000| Complete 
|   8|0x0000000701000000, 0x0000000701200000, 0x0000000701200000|100%|HC|  |TAMS 0x0000000701200000, 0x0000000701000000| Complete 
|   9|0x0000000701200000, 0x0000000701400000, 0x0000000701400000|100%|HC|  |TAMS 0x0000000701400000, 0x0000000701200000| Complete 
|  10|0x0000000701400000, 0x000000070155bc00, 0x0000000701600000| 67%| O|  |TAMS 0x0000000701400000, 0x0000000701400000| Complete 
|  11|0x0000000701600000, 0x0000000701800000, 0x0000000701800000|100%|HS|  |TAMS 0x0000000701600000, 0x0000000701600000| Complete 
|  12|0x0000000701800000, 0x0000000701800000, 0x0000000701a00000|  0%| F|  |TAMS 0x0000000701800000, 0x0000000701800000| Untracked 
|  13|0x0000000701a00000, 0x0000000701a00000, 0x0000000701c00000|  0%| F|  |TAMS 0x0000000701a00000, 0x0000000701a00000| Untracked 
|  14|0x0000000701c00000, 0x0000000701c00000, 0x0000000701e00000|  0%| F|  |TAMS 0x0000000701c00000, 0x0000000701c00000| Untracked 
|  15|0x0000000701e00000, 0x0000000701e00000, 0x0000000702000000|  0%| F|  |TAMS 0x0000000701e00000, 0x0000000701e00000| Untracked 
|  16|0x0000000702000000, 0x0000000702000000, 0x0000000702200000|  0%| F|  |TAMS 0x0000000702000000, 0x0000000702000000| Untracked 
|  17|0x0000000702200000, 0x0000000702200000, 0x0000000702400000|  0%| F|  |TAMS 0x0000000702200000, 0x0000000702200000| Untracked 
|  18|0x0000000702400000, 0x0000000702400000, 0x0000000702600000|  0%| F|  |TAMS 0x0000000702400000, 0x0000000702400000| Untracked 
|  19|0x0000000702600000, 0x0000000702600000, 0x0000000702800000|  0%| F|  |TAMS 0x0000000702600000, 0x0000000702600000| Untracked 
|  20|0x0000000702800000, 0x0000000702800000, 0x0000000702a00000|  0%| F|  |TAMS 0x0000000702800000, 0x0000000702800000| Untracked 
|  21|0x0000000702a00000, 0x0000000702a00000, 0x0000000702c00000|  0%| F|  |TAMS 0x0000000702a00000, 0x0000000702a00000| Untracked 
|  22|0x0000000702c00000, 0x0000000702c00000, 0x0000000702e00000|  0%| F|  |TAMS 0x0000000702c00000, 0x0000000702c00000| Untracked 
|  23|0x0000000702e00000, 0x0000000702e00000, 0x0000000703000000|  0%| F|  |TAMS 0x0000000702e00000, 0x0000000702e00000| Untracked 
|  24|0x0000000703000000, 0x0000000703000000, 0x0000000703200000|  0%| F|  |TAMS 0x0000000703000000, 0x0000000703000000| Untracked 
|  25|0x0000000703200000, 0x0000000703200000, 0x0000000703400000|  0%| F|  |TAMS 0x0000000703200000, 0x0000000703200000| Untracked 
|  26|0x0000000703400000, 0x0000000703400000, 0x0000000703600000|  0%| F|  |TAMS 0x0000000703400000, 0x0000000703400000| Untracked 
|  27|0x0000000703600000, 0x0000000703600000, 0x0000000703800000|  0%| F|  |TAMS 0x0000000703600000, 0x0000000703600000| Untracked 
|  28|0x0000000703800000, 0x0000000703800000, 0x0000000703a00000|  0%| F|  |TAMS 0x0000000703800000, 0x0000000703800000| Untracked 
|  29|0x0000000703a00000, 0x0000000703a00000, 0x0000000703c00000|  0%| F|  |TAMS 0x0000000703a00000, 0x0000000703a00000| Untracked 
|  30|0x0000000703c00000, 0x0000000703c00000, 0x0000000703e00000|  0%| F|  |TAMS 0x0000000703c00000, 0x0000000703c00000| Untracked 
|  31|0x0000000703e00000, 0x0000000703e00000, 0x0000000704000000|  0%| F|  |TAMS 0x0000000703e00000, 0x0000000703e00000| Untracked 
|  32|0x0000000704000000, 0x0000000704000000, 0x0000000704200000|  0%| F|  |TAMS 0x0000000704000000, 0x0000000704000000| Untracked 
|  33|0x0000000704200000, 0x0000000704200000, 0x0000000704400000|  0%| F|  |TAMS 0x0000000704200000, 0x0000000704200000| Untracked 
|  34|0x0000000704400000, 0x0000000704400000, 0x0000000704600000|  0%| F|  |TAMS 0x0000000704400000, 0x0000000704400000| Untracked 
|  35|0x0000000704600000, 0x0000000704600000, 0x0000000704800000|  0%| F|  |TAMS 0x0000000704600000, 0x0000000704600000| Untracked 
|  36|0x0000000704800000, 0x0000000704800000, 0x0000000704a00000|  0%| F|  |TAMS 0x0000000704800000, 0x0000000704800000| Untracked 
|  37|0x0000000704a00000, 0x0000000704a00000, 0x0000000704c00000|  0%| F|  |TAMS 0x0000000704a00000, 0x0000000704a00000| Untracked 
|  38|0x0000000704c00000, 0x0000000704c00000, 0x0000000704e00000|  0%| F|  |TAMS 0x0000000704c00000, 0x0000000704c00000| Untracked 
|  39|0x0000000704e00000, 0x0000000704e00000, 0x0000000705000000|  0%| F|  |TAMS 0x0000000704e00000, 0x0000000704e00000| Untracked 
|  40|0x0000000705000000, 0x0000000705000000, 0x0000000705200000|  0%| F|  |TAMS 0x0000000705000000, 0x0000000705000000| Untracked 
|  41|0x0000000705200000, 0x0000000705200000, 0x0000000705400000|  0%| F|  |TAMS 0x0000000705200000, 0x0000000705200000| Untracked 
|  42|0x0000000705400000, 0x0000000705400000, 0x0000000705600000|  0%| F|  |TAMS 0x0000000705400000, 0x0000000705400000| Untracked 
|  43|0x0000000705600000, 0x0000000705600000, 0x0000000705800000|  0%| F|  |TAMS 0x0000000705600000, 0x0000000705600000| Untracked 
|  44|0x0000000705800000, 0x0000000705800000, 0x0000000705a00000|  0%| F|  |TAMS 0x0000000705800000, 0x0000000705800000| Untracked 
|  45|0x0000000705a00000, 0x0000000705a00000, 0x0000000705c00000|  0%| F|  |TAMS 0x0000000705a00000, 0x0000000705a00000| Untracked 
|  46|0x0000000705c00000, 0x0000000705ca08d0, 0x0000000705e00000| 31%| E|  |TAMS 0x0000000705c00000, 0x0000000705c00000| Complete 
|  47|0x0000000705e00000, 0x0000000706000000, 0x0000000706000000|100%| E|CS|TAMS 0x0000000705e00000, 0x0000000705e00000| Complete 
|  48|0x0000000706000000, 0x0000000706200000, 0x0000000706200000|100%| E|CS|TAMS 0x0000000706000000, 0x0000000706000000| Complete 
|  49|0x0000000706200000, 0x0000000706400000, 0x0000000706400000|100%| E|CS|TAMS 0x0000000706200000, 0x0000000706200000| Complete 
|  50|0x0000000706400000, 0x0000000706600000, 0x0000000706600000|100%| E|CS|TAMS 0x0000000706400000, 0x0000000706400000| Complete 
|  51|0x0000000706600000, 0x0000000706800000, 0x0000000706800000|100%| E|CS|TAMS 0x0000000706600000, 0x0000000706600000| Complete 
|  52|0x0000000706800000, 0x0000000706a00000, 0x0000000706a00000|100%| E|CS|TAMS 0x0000000706800000, 0x0000000706800000| Complete 
| 101|0x000000070ca00000, 0x000000070cc00000, 0x000000070cc00000|100%| S|CS|TAMS 0x000000070ca00000, 0x000000070ca00000| Complete 
| 102|0x000000070cc00000, 0x000000070ce00000, 0x000000070ce00000|100%| S|CS|TAMS 0x000000070cc00000, 0x000000070cc00000| Complete 
| 103|0x000000070ce00000, 0x000000070d000000, 0x000000070d000000|100%| S|CS|TAMS 0x000000070ce00000, 0x000000070ce00000| Complete 
| 104|0x000000070d000000, 0x000000070d200000, 0x000000070d200000|100%| S|CS|TAMS 0x000000070d000000, 0x000000070d000000| Complete 
| 127|0x000000070fe00000, 0x0000000710000000, 0x0000000710000000|100%| E|CS|TAMS 0x000000070fe00000, 0x000000070fe00000| Complete 
|2046|0x00000007ffc00000, 0x00000007ffd78000, 0x00000007ffe00000| 73%|OA|  |TAMS 0x00000007ffd78000, 0x00000007ffc00000| Untracked 
|2047|0x00000007ffe00000, 0x00000007ffe80000, 0x0000000800000000| 25%|CA|  |TAMS 0x00000007ffe80000, 0x00000007ffe00000| Untracked 

Card table byte_map: [0x000000010f800000,0x0000000110000000] _byte_map_base: 0x000000010c000000

Marking Bits (Prev, Next): (CMBitMap*) 0x0000000128833450, (CMBitMap*) 0x0000000128833410
 Prev Bits: [0x0000000140000000, 0x0000000144000000)
 Next Bits: [0x0000000120800000, 0x0000000124800000)

Polling page: 0x000000010493c000

Metaspace:

Usage:
  Non-class:     19.84 MB used.
      Class:      3.17 MB used.
       Both:     23.01 MB used.

Virtual space:
  Non-class space:       24.00 MB reserved,      20.00 MB ( 83%) committed,  3 nodes.
      Class space:        1.00 GB reserved,       3.25 MB ( <1%) committed,  1 nodes.
             Both:        1.02 GB reserved,      23.25 MB (  2%) committed. 

Chunk freelists:
   Non-Class:  3.98 MB
       Class:  656.00 KB
        Both:  4.62 MB

MaxMetaspaceSize: unlimited
CompressedClassSpaceSize: 1.00 GB
Initial GC threshold: 21.00 MB
Current GC threshold: 35.12 MB
CDS: on
MetaspaceReclaimPolicy: balanced
 - commit_granule_bytes: 65536.
 - commit_granule_words: 8192.
 - virtual_space_node_default_size: 1048576.
 - enlarge_chunks_in_place: 1.
 - new_chunks_are_fully_committed: 0.
 - uncommit_free_chunks: 1.
 - use_allocation_guard: 0.
 - handle_deallocations: 1.


Internal statistics:

num_allocs_failed_limit: 3.
num_arena_births: 210.
num_arena_deaths: 0.
num_vsnodes_births: 4.
num_vsnodes_deaths: 0.
num_space_committed: 372.
num_space_uncommitted: 0.
num_chunks_returned_to_freelist: 3.
num_chunks_taken_from_freelist: 835.
num_chunk_merges: 3.
num_chunk_splits: 594.
num_chunks_enlarged: 469.
num_purges: 0.
num_inconsistent_stats: 0.

CodeHeap 'non-profiled nmethods': size=120032Kb used=1310Kb max_used=1310Kb free=118721Kb
 bounds [0x0000000130ac8000, 0x0000000130d38000, 0x0000000138000000]
CodeHeap 'profiled nmethods': size=120016Kb used=5882Kb max_used=5882Kb free=114133Kb
 bounds [0x0000000129594000, 0x0000000129b54000, 0x0000000130ac8000]
CodeHeap 'non-nmethods': size=5712Kb used=1463Kb max_used=1505Kb free=4248Kb
 bounds [0x0000000129000000, 0x0000000129270000, 0x0000000129594000]
 total_blobs=3796 nmethods=2928 adapters=784
 compilation: enabled
              stopped_count=0, restarted_count=0
 full_count=0

Compilation events (20 events):
Event: 2.332 Thread 0x000000010e013c00 nmethod 2980 0x0000000129b4ab90 code [0x0000000129b4ad80, 0x0000000129b4b258]
Event: 2.332 Thread 0x000000010e013c00 2981       3       java.util.EventObject::<init> (24 bytes)
Event: 2.332 Thread 0x000000010e013c00 nmethod 2981 0x0000000129b4b410 code [0x0000000129b4b5c0, 0x0000000129b4b898]
Event: 2.338 Thread 0x000000010e013c00 2982       3       javafx.scene.input.MouseEvent::<init> (45 bytes)
Event: 2.338 Thread 0x000000010e013c00 nmethod 2982 0x0000000129b4b990 code [0x0000000129b4bb40, 0x0000000129b4bd98]
Event: 2.338 Thread 0x000000010e013c00 2983       3       javafx.scene.input.MouseEvent::<init> (208 bytes)
Event: 2.339 Thread 0x000000010e013c00 nmethod 2983 0x0000000129b4bf10 code [0x0000000129b4c140, 0x0000000129b4c8b8]
Event: 2.346 Thread 0x000000010e013c00 2984       3       com.sun.javafx.tk.Toolkit::isFxUserThread (15 bytes)
Event: 2.346 Thread 0x000000010e013c00 nmethod 2984 0x0000000129b4cc90 code [0x0000000129b4ce40, 0x0000000129b4cfe8]
Event: 2.410 Thread 0x000000010e013c00 2985       3       com.sun.javafx.scene.shape.ShapeHelper::configShape (12 bytes)
Event: 2.411 Thread 0x000000010e013c00 nmethod 2985 0x0000000129b4d090 code [0x0000000129b4d280, 0x0000000129b4d5c8]
Event: 2.418 Thread 0x000000010e013c00 2986       3       com.sun.javafx.scene.NodeHelper::computeIntersects (11 bytes)
Event: 2.418 Thread 0x000000010e013c00 nmethod 2986 0x0000000129b4d710 code [0x0000000129b4d900, 0x0000000129b4dc88]
Event: 2.418 Thread 0x000000010e013c00 2987       3       com.sun.javafx.scene.NodeHelper::computeIntersectsImpl (12 bytes)
Event: 2.419 Thread 0x000000010e013c00 nmethod 2987 0x0000000129b4de90 code [0x0000000129b4e040, 0x0000000129b4e2d8]
Event: 2.421 Thread 0x000000014680c800 2988       4       com.sun.javafx.css.ParsedValueImpl::containsFontRelativeSize (231 bytes)
Event: 2.421 Thread 0x000000010e013c00 2989       3       javafx.css.converter.InsetsConverter::getInstance (4 bytes)
Event: 2.421 Thread 0x000000010e013c00 nmethod 2989 0x0000000129b4e490 code [0x0000000129b4e640, 0x0000000129b4e728]
Event: 2.421 Thread 0x000000010e013c00 2991       1       javafx.scene.paint.LinearGradient::isOpaque (5 bytes)
Event: 2.421 Thread 0x000000010e013c00 nmethod 2991 0x0000000130c0f890 code [0x0000000130c0fa00, 0x0000000130c0fae8]

GC Heap History (4 events):
Event: 0.297 GC heap before
{Heap before GC invocations=0 (full 0):
 garbage-first heap   total 266240K, used 24544K [0x0000000700000000, 0x0000000800000000)
  region size 2048K, 11 young (22528K), 0 survivors (0K)
 Metaspace       used 7080K, committed 7296K, reserved 1056768K
  class space    used 895K, committed 1024K, reserved 1048576K
}
Event: 0.299 GC heap after
{Heap after GC invocations=1 (full 0):
 garbage-first heap   total 266240K, used 5023K [0x0000000700000000, 0x0000000800000000)
  region size 2048K, 2 young (4096K), 2 survivors (4096K)
 Metaspace       used 7080K, committed 7296K, reserved 1056768K
  class space    used 895K, committed 1024K, reserved 1048576K
}
Event: 0.844 GC heap before
{Heap before GC invocations=1 (full 0):
 garbage-first heap   total 266240K, used 66463K [0x0000000700000000, 0x0000000800000000)
  region size 2048K, 23 young (47104K), 2 survivors (4096K)
 Metaspace       used 21307K, committed 21504K, reserved 1073152K
  class space    used 2907K, committed 3008K, reserved 1048576K
}
Event: 0.848 GC heap after
{Heap after GC invocations=2 (full 0):
 garbage-first heap   total 266240K, used 32079K [0x0000000700000000, 0x0000000800000000)
  region size 2048K, 4 young (8192K), 4 survivors (8192K)
 Metaspace       used 21307K, committed 21504K, reserved 1073152K
  class space    used 2907K, committed 3008K, reserved 1048576K
}

Deoptimization events (20 events):
Event: 1.016 Thread 0x000000010e046400 DEOPT PACKING pc=0x0000000129ac7bb8 sp=0x000000016e59d4b0
Event: 1.016 Thread 0x000000010e046400 DEOPT UNPACKING pc=0x000000012903eb7c sp=0x000000016e59d110 mode 0
Event: 1.016 Thread 0x000000010e046400 DEOPT PACKING pc=0x0000000129ac7bb8 sp=0x000000016e59d4b0
Event: 1.016 Thread 0x000000010e046400 DEOPT UNPACKING pc=0x000000012903eb7c sp=0x000000016e59d110 mode 0
Event: 1.048 Thread 0x000000010e046400 Uncommon trap: trap_request=0xffffff45 fr.pc=0x0000000130bd3630 relative=0x0000000000000170
Event: 1.048 Thread 0x000000010e046400 Uncommon trap: reason=unstable_if action=reinterpret pc=0x0000000130bd3630 method=java.util.WeakHashMap.matchesKey(Ljava/util/WeakHashMap$Entry;Ljava/lang/Object;)Z @ 5 c2
Event: 1.048 Thread 0x000000010e046400 DEOPT PACKING pc=0x0000000130bd3630 sp=0x000000016e59cec0
Event: 1.048 Thread 0x000000010e046400 DEOPT UNPACKING pc=0x000000012903ed1c sp=0x000000016e59cdd0 mode 2
Event: 1.066 Thread 0x000000010e046400 Uncommon trap: trap_request=0xffffff45 fr.pc=0x0000000130bed53c relative=0x00000000000005bc
Event: 1.066 Thread 0x000000010e046400 Uncommon trap: reason=unstable_if action=reinterpret pc=0x0000000130bed53c method=com.sun.marlin.MaskMarlinAlphaConsumer.setAndClearRelativeAlphas([I[IIII)V @ 369 c2
Event: 1.066 Thread 0x000000010e046400 DEOPT PACKING pc=0x0000000130bed53c sp=0x000000016e59bfa0
Event: 1.066 Thread 0x000000010e046400 DEOPT UNPACKING pc=0x000000012903ed1c sp=0x000000016e59be90 mode 2
Event: 1.070 Thread 0x000000010e046400 DEOPT PACKING pc=0x00000001297cafdc sp=0x000000016e59b1a0
Event: 1.070 Thread 0x000000010e046400 DEOPT UNPACKING pc=0x000000012903eb7c sp=0x000000016e59ae40 mode 0
Event: 1.086 Thread 0x000000010e046400 DEOPT PACKING pc=0x0000000129ad284c sp=0x000000016e59bf40
Event: 1.086 Thread 0x000000010e046400 DEOPT UNPACKING pc=0x000000012903eb7c sp=0x000000016e59bba0 mode 0
Event: 1.086 Thread 0x000000010e046400 DEOPT PACKING pc=0x0000000129ad284c sp=0x000000016e59bf40
Event: 1.086 Thread 0x000000010e046400 DEOPT UNPACKING pc=0x000000012903eb7c sp=0x000000016e59bba0 mode 0
Event: 1.087 Thread 0x000000010e046400 DEOPT PACKING pc=0x0000000129ad284c sp=0x000000016e59bf40
Event: 1.087 Thread 0x000000010e046400 DEOPT UNPACKING pc=0x000000012903eb7c sp=0x000000016e59bba0 mode 0

Classes unloaded (0 events):
No events

Classes redefined (0 events):
No events

Internal exceptions (20 events):
Event: 0.384 Thread 0x0000000127820e00 Exception <a 'sun/nio/fs/UnixException'{0x000000070f25be08}> (0x000000070f25be08) 
thrown [open/src/hotspot/share/prims/jni.cpp, line 516]
Event: 0.386 Thread 0x0000000127820e00 Exception <a 'java/lang/NoSuchMethodError'{0x000000070f26b930}: 'java.lang.Object java.lang.invoke.DirectMethodHandle$Holder.invokeVirtual(java.lang.Object, java.lang.Object, java.lang.Object)'> (0x000000070f26b930) 
thrown [open/src/hotspot/share/interpreter/linkResolver.cpp, line 766]
Event: 0.434 Thread 0x0000000127820e00 Exception <a 'sun/nio/fs/UnixException'{0x000000070efaca58}> (0x000000070efaca58) 
thrown [open/src/hotspot/share/prims/jni.cpp, line 516]
Event: 0.450 Thread 0x0000000127820e00 Exception <a 'sun/nio/fs/UnixException'{0x000000070ecc6a28}> (0x000000070ecc6a28) 
thrown [open/src/hotspot/share/prims/jni.cpp, line 516]
Event: 0.452 Thread 0x0000000127820e00 Exception <a 'java/lang/NoSuchMethodError'{0x000000070ecd2658}: 'int java.lang.invoke.DirectMethodHandle$Holder.invokeStatic(java.lang.Object, java.lang.Object, java.lang.Object, java.lang.Object)'> (0x000000070ecd2658) 
thrown [open/src/hotspot/share/interpreter/linkResolver.cpp, line 766]
Event: 0.452 Thread 0x0000000127820e00 Exception <a 'java/lang/NoSuchMethodError'{0x000000070ecd5e60}: 'int java.lang.invoke.DirectMethodHandle$Holder.invokeStaticInit(java.lang.Object, java.lang.Object, java.lang.Object, java.lang.Object)'> (0x000000070ecd5e60) 
thrown [open/src/hotspot/share/interpreter/linkResolver.cpp, line 766]
Event: 0.452 Thread 0x0000000127820e00 Exception <a 'java/lang/IncompatibleClassChangeError'{0x000000070ecdf040}: Found class java.lang.Object, but interface was expected> (0x000000070ecdf040) 
thrown [open/src/hotspot/share/interpreter/linkResolver.cpp, line 833]
Event: 0.453 Thread 0x0000000127820e00 Exception <a 'java/lang/NoSuchMethodError'{0x000000070ece4568}: 'int java.lang.invoke.DirectMethodHandle$Holder.invokeStaticInit(java.lang.Object, java.lang.Object)'> (0x000000070ece4568) 
thrown [open/src/hotspot/share/interpreter/linkResolver.cpp, line 766]
Event: 0.634 Thread 0x0000000127820e00 Implicit null exception at 0x0000000130b0a9f8 to 0x0000000130b0aa88
Event: 0.662 Thread 0x0000000127820e00 Implicit null exception at 0x0000000130b63dd4 to 0x0000000130b63f90
Event: 0.662 Thread 0x0000000127820e00 Implicit null exception at 0x0000000130b1ed54 to 0x0000000130b1edc0
Event: 0.670 Thread 0x0000000127820e00 Exception <a 'java/lang/NoSuchMethodError'{0x000000070db5ce10}: 'void java.lang.invoke.DirectMethodHandle$Holder.invokeSpecial(java.lang.Object, java.lang.Object, java.lang.Object, java.lang.Object, java.lang.Object)'> (0x000000070db5ce10) 
thrown [open/src/hotspot/share/interpreter/linkResolver.cpp, line 766]
Event: 0.671 Thread 0x0000000127820e00 Exception <a 'java/lang/ClassNotFoundException'{0x000000070db7af30}: com/sun/javafx/scene/control/skin/resources/controls> (0x000000070db7af30) 
thrown [open/src/hotspot/share/prims/jni.cpp, line 535]
Event: 0.671 Thread 0x0000000127820e00 Exception <a 'java/lang/ClassNotFoundException'{0x000000070db892e0}: com/sun/javafx/scene/control/skin/resources/controls_en> (0x000000070db892e0) 
thrown [open/src/hotspot/share/prims/jni.cpp, line 535]
Event: 0.672 Thread 0x0000000127820e00 Exception <a 'java/lang/ClassNotFoundException'{0x000000070db8a310}: com/sun/javafx/scene/control/skin/resources/controls_en_US> (0x000000070db8a310) 
thrown [open/src/hotspot/share/prims/jni.cpp, line 535]
Event: 0.681 Thread 0x0000000127820e00 Exception <a 'java/lang/NoSuchMethodError'{0x000000070d911ed8}: 'java.lang.Object java.lang.invoke.DirectMethodHandle$Holder.invokeInterface(java.lang.Object, java.lang.Object, java.lang.Object)'> (0x000000070d911ed8) 
thrown [open/src/hotspot/share/interpreter/linkResolver.cpp, line 766]
Event: 0.681 Thread 0x0000000127820e00 Exception <a 'java/lang/IncompatibleClassChangeError'{0x000000070d9155a0}: Found class java.lang.Object, but interface was expected> (0x000000070d9155a0) 
thrown [open/src/hotspot/share/interpreter/linkResolver.cpp, line 833]
Event: 0.915 Thread 0x0000000127820e00 Exception <a 'java/lang/NoSuchMethodError'{0x00000007066b7020}: 'java.lang.Object java.lang.invoke.DirectMethodHandle$Holder.newInvokeSpecial(java.lang.Object, java.lang.Object, int)'> (0x00000007066b7020) 
thrown [open/src/hotspot/share/interpreter/linkResolver.cpp, line 766]
Event: 0.949 Thread 0x0000000127820e00 Exception <a 'java/lang/NoSuchMethodError'{0x00000007067deb10}: 'java.lang.Object java.lang.invoke.DirectMethodHandle$Holder.invokeSpecial(java.lang.Object, java.lang.Object, double, java.lang.Object, java.lang.Object)'> (0x00000007067deb10) 
thrown [open/src/hotspot/share/interpreter/linkResolver.cpp, line 766]
Event: 1.090 Thread 0x000000010e046400 Exception <a 'java/lang/NoSuchMethodError'{0x0000000705e930e8}: 'java.lang.Object java.lang.invoke.DirectMethodHandle$Holder.invokeStaticInit(java.lang.Object, int)'> (0x0000000705e930e8) 
thrown [open/src/hotspot/share/interpreter/linkResolver.cpp, line 766]

VM Operations (20 events):
Event: 0.519 Executing VM operation: ICBufferFull
Event: 0.519 Executing VM operation: ICBufferFull done
Event: 0.628 Executing VM operation: ICBufferFull
Event: 0.629 Executing VM operation: ICBufferFull done
Event: 0.811 Executing VM operation: HandshakeAllThreads
Event: 0.811 Executing VM operation: HandshakeAllThreads done
Event: 0.830 Executing VM operation: ICBufferFull
Event: 0.830 Executing VM operation: ICBufferFull done
Event: 0.844 Executing VM operation: CollectForMetadataAllocation
Event: 0.848 Executing VM operation: CollectForMetadataAllocation done
Event: 0.852 Executing VM operation: G1Concurrent
Event: 0.853 Executing VM operation: G1Concurrent done
Event: 0.854 Executing VM operation: G1Concurrent
Event: 0.854 Executing VM operation: G1Concurrent done
Event: 0.907 Executing VM operation: ICBufferFull
Event: 0.908 Executing VM operation: ICBufferFull done
Event: 1.211 Executing VM operation: ICBufferFull
Event: 1.211 Executing VM operation: ICBufferFull done
Event: 2.216 Executing VM operation: Cleanup
Event: 2.216 Executing VM operation: Cleanup done

Events (20 events):
Event: 1.146 loading class sun/util/locale/provider/TimeZoneNameProviderImpl done
Event: 1.146 loading class sun/util/cldr/CLDRTimeZoneNameProviderImpl done
Event: 1.147 loading class sun/util/resources/cldr/TimeZoneNames
Event: 1.147 loading class sun/util/resources/TimeZoneNamesBundle
Event: 1.147 loading class sun/util/resources/OpenListResourceBundle
Event: 1.147 loading class sun/util/resources/OpenListResourceBundle done
Event: 1.147 loading class sun/util/resources/TimeZoneNamesBundle done
Event: 1.147 loading class sun/util/resources/cldr/TimeZoneNames done
Event: 1.147 loading class sun/util/resources/cldr/TimeZoneNames_en
Event: 1.147 loading class sun/util/resources/cldr/TimeZoneNames_en done
Event: 1.147 loading class sun/util/resources/cldr/TimeZoneNames_en_US
Event: 1.147 loading class sun/util/resources/cldr/TimeZoneNames_en_US done
Event: 1.203 Protecting memory [0x0000000284864000,0x0000000284870000] with protection modes 3
Event: 1.203 Thread 0x000000014603aa00 Thread exited: 0x000000014603aa00
Event: 1.211 Protecting memory [0x000000016d960000,0x000000016d96c000] with protection modes 3
Event: 1.211 Thread 0x0000000127823600 Thread exited: 0x0000000127823600
Event: 1.887 Protecting memory [0x000000016e7b4000,0x000000016e7c0000] with protection modes 3
Event: 1.887 Thread 0x0000000146a9d600 Thread exited: 0x0000000146a9d600
Event: 2.320 Protecting memory [0x000000016d960000,0x000000016d96c000] with protection modes 0
Event: 2.320 Thread 0x0000000146a9d600 Thread added: 0x0000000146a9d600


Dynamic libraries:
0x0000000104738000 	/Users/danielweiner/Library/Java/JavaVirtualMachines/openjdk-17.0.2/Contents/Home/lib/libjli.dylib
0x00000001cd340000 	/usr/lib/libz.1.dylib
0x00000001cd3f7000 	/usr/lib/libSystem.B.dylib
0x00000001cd3f1000 	/usr/lib/system/libcache.dylib
0x00000001cd3af000 	/usr/lib/system/libcommonCrypto.dylib
0x00000001cd3d8000 	/usr/lib/system/libcompiler_rt.dylib
0x00000001cd3cf000 	/usr/lib/system/libcopyfile.dylib
0x00000001c2637000 	/usr/lib/system/libcorecrypto.dylib
0x00000001c26ea000 	/usr/lib/system/libdispatch.dylib
0x00000001c28b8000 	/usr/lib/system/libdyld.dylib
0x00000001cd3e7000 	/usr/lib/system/libkeymgr.dylib
0x00000001cd38a000 	/usr/lib/system/libmacho.dylib
0x00000001cca7f000 	/usr/lib/system/libquarantine.dylib
0x00000001cd3e4000 	/usr/lib/system/libremovefile.dylib
0x00000001c7a20000 	/usr/lib/system/libsystem_asl.dylib
0x00000001c25d9000 	/usr/lib/system/libsystem_blocks.dylib
0x00000001c2772000 	/usr/lib/system/libsystem_c.dylib
0x00000001cd3dc000 	/usr/lib/system/libsystem_collections.dylib
0x00000001cbf0d000 	/usr/lib/system/libsystem_configuration.dylib
0x00000001cb169000 	/usr/lib/system/libsystem_containermanager.dylib
0x00000001cd0ec000 	/usr/lib/system/libsystem_coreservices.dylib
0x00000001c4fe0000 	/usr/lib/system/libsystem_darwin.dylib
0x00000001cd3e8000 	/usr/lib/system/libsystem_dnssd.dylib
0x00000001c276f000 	/usr/lib/system/libsystem_featureflags.dylib
0x00000001c28cd000 	/usr/lib/system/libsystem_info.dylib
0x00000001cd352000 	/usr/lib/system/libsystem_m.dylib
0x00000001c26bf000 	/usr/lib/system/libsystem_malloc.dylib
0x00000001c79af000 	/usr/lib/system/libsystem_networkextension.dylib
0x00000001c5439000 	/usr/lib/system/libsystem_notify.dylib
0x00000001d3735000 	/usr/lib/system/libsystem_product_info_filter.dylib
0x00000001cbf12000 	/usr/lib/system/libsystem_sandbox.dylib
0x00000001cd3e1000 	/usr/lib/system/libsystem_secinit.dylib
0x00000001c2873000 	/usr/lib/system/libsystem_kernel.dylib
0x00000001c28c5000 	/usr/lib/system/libsystem_platform.dylib
0x00000001c28ab000 	/usr/lib/system/libsystem_pthread.dylib
0x00000001c9178000 	/usr/lib/system/libsystem_symptoms.dylib
0x00000001c261d000 	/usr/lib/system/libsystem_trace.dylib
0x00000001cd3bc000 	/usr/lib/system/libunwind.dylib
0x00000001c25db000 	/usr/lib/system/libxpc.dylib
0x00000001c285b000 	/usr/lib/libc++abi.dylib
0x00000001c2731000 	/usr/lib/libobjc.A.dylib
0x00000001cd3c7000 	/usr/lib/liboah.dylib
0x00000001c27f4000 	/usr/lib/libc++.1.dylib
0x00000001d924e000 	/System/Library/Frameworks/Cocoa.framework/Versions/A/Cocoa
0x00000001c549a000 	/System/Library/Frameworks/AppKit.framework/Versions/C/AppKit
0x00000001c89a0000 	/System/Library/Frameworks/CoreData.framework/Versions/A/CoreData
0x00000001c37f5000 	/System/Library/Frameworks/Foundation.framework/Versions/C/Foundation
0x00000001c6352000 	/System/Library/PrivateFrameworks/UIFoundation.framework/Versions/A/UIFoundation
0x00000001d342f000 	/System/Library/PrivateFrameworks/RemoteViewServices.framework/Versions/A/RemoteViewServices
0x00000001cb8b5000 	/System/Library/PrivateFrameworks/XCTTargetBootstrap.framework/Versions/A/XCTTargetBootstrap
0x00000001cf133000 	/System/Library/PrivateFrameworks/InternationalSupport.framework/Versions/A/InternationalSupport
0x00000001cf1bc000 	/System/Library/PrivateFrameworks/UserActivity.framework/Versions/A/UserActivity
0x00000001ce62e000 	/usr/lib/libspindump.dylib
0x00000001c65c3000 	/System/Library/Frameworks/UniformTypeIdentifiers.framework/Versions/A/UniformTypeIdentifiers
0x00000001c9e00000 	/usr/lib/libapp_launch_measurement.dylib
0x00000001c932a000 	/System/Library/PrivateFrameworks/CoreAnalytics.framework/Versions/A/CoreAnalytics
0x00000001c9e03000 	/System/Library/PrivateFrameworks/CoreAutoLayout.framework/Versions/A/CoreAutoLayout
0x00000001cb1a6000 	/System/Library/Frameworks/Metal.framework/Versions/A/Metal
0x00000001cbf1d000 	/usr/lib/liblangid.dylib
0x00000001cb8ba000 	/System/Library/PrivateFrameworks/CoreSVG.framework/Versions/A/CoreSVG
0x00000001c7a54000 	/System/Library/PrivateFrameworks/SkyLight.framework/Versions/A/SkyLight
0x00000001c7e29000 	/System/Library/Frameworks/CoreGraphics.framework/Versions/A/CoreGraphics
0x00000001d3afb000 	/System/Library/Frameworks/Accelerate.framework/Versions/A/Accelerate
0x00000001ce0a5000 	/System/Library/PrivateFrameworks/IconServices.framework/Versions/A/IconServices
0x00000001cb188000 	/System/Library/Frameworks/IOSurface.framework/Versions/A/IOSurface
0x00000001c935b000 	/usr/lib/libDiagnosticMessagesClient.dylib
0x00000001d6ffc000 	/System/Library/Frameworks/ApplicationServices.framework/Versions/A/ApplicationServices
0x00000001cb89d000 	/System/Library/PrivateFrameworks/DFRFoundation.framework/Versions/A/DFRFoundation
0x00000001c4d2a000 	/usr/lib/libicucore.A.dylib
0x00000001cffdf000 	/System/Library/Frameworks/AudioToolbox.framework/Versions/A/AudioToolbox
0x00000001cf13f000 	/System/Library/PrivateFrameworks/DataDetectorsCore.framework/Versions/A/DataDetectorsCore
0x00000001e5a7f000 	/System/Library/PrivateFrameworks/TextInput.framework/Versions/A/TextInput
0x00000001c79c9000 	/usr/lib/libMobileGestalt.dylib
0x00000001cb569000 	/System/Library/Frameworks/Carbon.framework/Versions/A/Frameworks/HIToolbox.framework/Versions/A/HIToolbox
0x00000001c97dc000 	/System/Library/Frameworks/QuartzCore.framework/Versions/A/QuartzCore
0x00000001c49ad000 	/System/Library/Frameworks/Security.framework/Versions/A/Security
0x00000001d346f000 	/System/Library/Frameworks/Carbon.framework/Versions/A/Frameworks/SpeechRecognition.framework/Versions/A/SpeechRecognition
0x00000001c9b56000 	/System/Library/PrivateFrameworks/CoreUI.framework/Versions/A/CoreUI
0x00000001c428a000 	/System/Library/Frameworks/CoreAudio.framework/Versions/A/CoreAudio
0x00000001c9450000 	/System/Library/Frameworks/DiskArbitration.framework/Versions/A/DiskArbitration
0x00000001cea38000 	/System/Library/PrivateFrameworks/MultitouchSupport.framework/Versions/A/MultitouchSupport
0x00000001c79c7000 	/usr/lib/libenergytrace.dylib
0x00000001c5362000 	/System/Library/Frameworks/IOKit.framework/Versions/A/IOKit
0x00000001d385e000 	/System/Library/Frameworks/CoreServices.framework/Versions/A/CoreServices
0x00000001c9d90000 	/System/Library/PrivateFrameworks/PerformanceAnalysis.framework/Versions/A/PerformanceAnalysis
0x0000000223d67000 	/System/Library/Frameworks/OpenGL.framework/Versions/A/OpenGL
0x00000001cc997000 	/System/Library/PrivateFrameworks/MobileKeyBag.framework/Versions/A/MobileKeyBag
0x00000001c8436000 	/System/Library/Frameworks/ColorSync.framework/Versions/A/ColorSync
0x00000001c28fa000 	/System/Library/Frameworks/CoreFoundation.framework/Versions/A/CoreFoundation
0x00000001cbb39000 	/System/Library/Frameworks/CoreImage.framework/Versions/A/CoreImage
0x00000001c40ae000 	/System/Library/Frameworks/CoreText.framework/Versions/A/CoreText
0x00000001cb8ea000 	/System/Library/Frameworks/ImageIO.framework/Versions/A/ImageIO
0x00000001cd3fd000 	/System/Library/PrivateFrameworks/SoftLinking.framework/Versions/A/SoftLinking
0x00000001c9e4e000 	/usr/lib/libxml2.2.dylib
0x00000001cd696000 	/usr/lib/libcompression.dylib
0x00000001cf08f000 	/System/Library/PrivateFrameworks/TextureIO.framework/Versions/A/TextureIO
0x00000001cddbe000 	/usr/lib/libate.dylib
0x00000001cdc83000 	/usr/lib/liblzma.5.dylib
0x00000001c34e9000 	/System/Library/Frameworks/SystemConfiguration.framework/Versions/A/SystemConfiguration
0x00000001cd3f9000 	/usr/lib/libfakelink.dylib
0x00000001c74fb000 	/System/Library/Frameworks/CFNetwork.framework/Versions/A/CFNetwork
0x00000001cd53f000 	/usr/lib/libarchive.2.dylib
0x00000001cbf19000 	/System/Library/PrivateFrameworks/AppleSystemInfo.framework/Versions/A/AppleSystemInfo
0x00000001ccaaa000 	/usr/lib/libbsm.0.dylib
0x00000001c6a6c000 	/usr/lib/libnetwork.dylib
0x00000001cd393000 	/usr/lib/system/libkxld.dylib
0x00000001cc6bd000 	/System/Library/PrivateFrameworks/IOMobileFramebuffer.framework/Versions/A/IOMobileFramebuffer
0x0000000241693000 	/usr/lib/libCoreEntitlements.dylib
0x00000001cd0ce000 	/System/Library/PrivateFrameworks/AppleFSCompression.framework/Versions/A/AppleFSCompression
0x00000001cca92000 	/usr/lib/libcoretls.dylib
0x00000001cdc9c000 	/usr/lib/libcoretls_cfhelpers.dylib
0x00000001cd691000 	/usr/lib/libpam.2.dylib
0x00000001c8d8f000 	/usr/lib/libsqlite3.dylib
0x00000001cdd05000 	/usr/lib/libxar.1.dylib
0x00000001cd0df000 	/usr/lib/libbz2.1.0.dylib
0x00000001cd3fe000 	/usr/lib/libpcap.A.dylib
0x00000001c916f000 	/usr/lib/libdns_services.dylib
0x00000001cd664000 	/usr/lib/libapple_nghttp2.dylib
0x00000001cd43b000 	/usr/lib/libiconv.2.dylib
0x00000001cd389000 	/usr/lib/libcharset.1.dylib
0x00000001c9dcc000 	/System/Library/Frameworks/CoreServices.framework/Versions/A/Frameworks/FSEvents.framework/Versions/A/FSEvents
0x00000001c4feb000 	/System/Library/Frameworks/CoreServices.framework/Versions/A/Frameworks/CarbonCore.framework/Versions/A/CarbonCore
0x00000001c93b0000 	/System/Library/Frameworks/CoreServices.framework/Versions/A/Frameworks/Metadata.framework/Versions/A/Metadata
0x00000001cd0f2000 	/System/Library/Frameworks/CoreServices.framework/Versions/A/Frameworks/OSServices.framework/Versions/A/OSServices
0x00000001cd5c5000 	/System/Library/Frameworks/CoreServices.framework/Versions/A/Frameworks/SearchKit.framework/Versions/A/SearchKit
0x00000001c90fe000 	/System/Library/Frameworks/CoreServices.framework/Versions/A/Frameworks/AE.framework/Versions/A/AE
0x00000001c2e40000 	/System/Library/Frameworks/CoreServices.framework/Versions/A/Frameworks/LaunchServices.framework/Versions/A/LaunchServices
0x00000001cdc2c000 	/System/Library/Frameworks/CoreServices.framework/Versions/A/Frameworks/DictionaryServices.framework/Versions/A/DictionaryServices
0x00000001c9dd9000 	/System/Library/Frameworks/CoreServices.framework/Versions/A/Frameworks/SharedFileList.framework/Versions/A/SharedFileList
0x00000001cca82000 	/usr/lib/libCheckFix.dylib
0x00000001c7a38000 	/System/Library/PrivateFrameworks/TCC.framework/Versions/A/TCC
0x00000001cbf1f000 	/System/Library/PrivateFrameworks/CoreNLP.framework/Versions/A/CoreNLP
0x00000001c935e000 	/System/Library/PrivateFrameworks/MetadataUtilities.framework/Versions/A/MetadataUtilities
0x00000001c35a2000 	/usr/lib/libmecabra.dylib
0x00000001ccabb000 	/usr/lib/libmecab.dylib
0x00000001c356e000 	/usr/lib/libCRFSuite.dylib
0x00000001ccb18000 	/usr/lib/libgermantok.dylib
0x00000001cd63d000 	/usr/lib/libThaiTokenizer.dylib
0x00000001c9458000 	/System/Library/Frameworks/Accelerate.framework/Versions/A/Frameworks/vImage.framework/Versions/A/vImage
0x00000001d3835000 	/System/Library/Frameworks/Accelerate.framework/Versions/A/Frameworks/vecLib.framework/Versions/A/vecLib
0x00000001cdd4a000 	/System/Library/Frameworks/Accelerate.framework/Versions/A/Frameworks/vecLib.framework/Versions/A/libvMisc.dylib
0x00000001cc5c4000 	/System/Library/Frameworks/Accelerate.framework/Versions/A/Frameworks/vecLib.framework/Versions/A/libvDSP.dylib
0x00000001c31c9000 	/System/Library/Frameworks/Accelerate.framework/Versions/A/Frameworks/vecLib.framework/Versions/A/libBLAS.dylib
0x00000001cd767000 	/System/Library/Frameworks/Accelerate.framework/Versions/A/Frameworks/vecLib.framework/Versions/A/libLAPACK.dylib
0x00000001ccb1b000 	/System/Library/Frameworks/Accelerate.framework/Versions/A/Frameworks/vecLib.framework/Versions/A/libLinearAlgebra.dylib
0x00000001cd67c000 	/System/Library/Frameworks/Accelerate.framework/Versions/A/Frameworks/vecLib.framework/Versions/A/libSparseBLAS.dylib
0x00000001cd762000 	/System/Library/Frameworks/Accelerate.framework/Versions/A/Frameworks/vecLib.framework/Versions/A/libQuadrature.dylib
0x00000001cc018000 	/System/Library/Frameworks/Accelerate.framework/Versions/A/Frameworks/vecLib.framework/Versions/A/libBNNS.dylib
0x00000001c3487000 	/System/Library/Frameworks/Accelerate.framework/Versions/A/Frameworks/vecLib.framework/Versions/A/libSparse.dylib
0x00000001cc010000 	/System/Library/PrivateFrameworks/LinguisticData.framework/Versions/A/LinguisticData
0x00000001c343f000 	/System/Library/PrivateFrameworks/Lexicon.framework/Versions/A/Lexicon
0x00000001cdd42000 	/usr/lib/libChineseTokenizer.dylib
0x00000001c3be6000 	/System/Library/PrivateFrameworks/LanguageModeling.framework/Versions/A/LanguageModeling
0x00000001cd63f000 	/System/Library/PrivateFrameworks/AppleSauce.framework/Versions/A/AppleSauce
0x00000001cc6aa000 	/System/Library/PrivateFrameworks/CoreEmoji.framework/Versions/A/CoreEmoji
0x00000001cd52d000 	/usr/lib/libcmph.dylib
0x00000001c9dac000 	/System/Library/Frameworks/OpenDirectory.framework/Versions/A/Frameworks/CFOpenDirectory.framework/Versions/A/CFOpenDirectory
0x00000001c9d9c000 	/System/Library/Frameworks/OpenDirectory.framework/Versions/A/OpenDirectory
0x00000001cdc9e000 	/System/Library/PrivateFrameworks/APFS.framework/Versions/A/APFS
0x00000001cc9d2000 	/System/Library/Frameworks/SecurityFoundation.framework/Versions/A/SecurityFoundation
0x00000001cdd14000 	/usr/lib/libutil.dylib
0x00000001c5324000 	/System/Library/PrivateFrameworks/CoreServicesStore.framework/Versions/A/CoreServicesStore
0x00000001cdd18000 	/usr/lib/libxslt.1.dylib
0x00000001cca66000 	/System/Library/PrivateFrameworks/BackgroundTaskManagement.framework/Versions/A/BackgroundTaskManagement
0x00000001cefb0000 	/System/Library/Frameworks/ImageIO.framework/Versions/A/Resources/libRadiance.dylib
0x00000001cefb9000 	/System/Library/Frameworks/ImageIO.framework/Versions/A/Resources/libJPEG.dylib
0x00000001cef0c000 	/System/Library/Frameworks/ImageIO.framework/Versions/A/Resources/libPng.dylib
0x00000001cef2e000 	/System/Library/Frameworks/ImageIO.framework/Versions/A/Resources/libTIFF.dylib
0x00000001cf014000 	/System/Library/Frameworks/ImageIO.framework/Versions/A/Resources/libGIF.dylib
0x00000001ce948000 	/System/Library/Frameworks/ImageIO.framework/Versions/A/Resources/libJP2.dylib
0x00000001ce06a000 	/usr/lib/libexpat.1.dylib
0x00000001ce903000 	/System/Library/PrivateFrameworks/AppleJPEG.framework/Versions/A/AppleJPEG
0x00000001cb425000 	/System/Library/PrivateFrameworks/FontServices.framework/libFontParser.dylib
0x00000001c90a3000 	/System/Library/PrivateFrameworks/RunningBoardServices.framework/Versions/A/RunningBoardServices
0x00000001d9921000 	/System/Library/PrivateFrameworks/IOSurfaceAccelerator.framework/Versions/A/IOSurfaceAccelerator
0x00000001cea34000 	/System/Library/PrivateFrameworks/WatchdogClient.framework/Versions/A/WatchdogClient
0x00000001c3cea000 	/System/Library/Frameworks/CoreDisplay.framework/Versions/A/CoreDisplay
0x00000001cb30f000 	/System/Library/Frameworks/CoreMedia.framework/Versions/A/CoreMedia
0x00000001cb19c000 	/System/Library/PrivateFrameworks/IOAccelerator.framework/Versions/A/IOAccelerator
0x00000001c9f3c000 	/System/Library/Frameworks/CoreVideo.framework/Versions/A/CoreVideo
0x00000001cd68f000 	/System/Library/Frameworks/MetalPerformanceShaders.framework/Versions/A/MetalPerformanceShaders
0x00000001cea73000 	/System/Library/Frameworks/VideoToolbox.framework/Versions/A/VideoToolbox
0x00000001c8fe7000 	/System/Library/PrivateFrameworks/BaseBoard.framework/Versions/A/BaseBoard
0x00000001c8d75000 	/System/Library/PrivateFrameworks/ProtocolBuffer.framework/Versions/A/ProtocolBuffer
0x00000001cefab000 	/System/Library/PrivateFrameworks/GPUWrangler.framework/Versions/A/GPUWrangler
0x00000001cef8b000 	/System/Library/PrivateFrameworks/IOPresentment.framework/Versions/A/IOPresentment
0x00000001cefb3000 	/System/Library/PrivateFrameworks/DSExternalDisplay.framework/Versions/A/DSExternalDisplay
0x0000000223d5a000 	/System/Library/Frameworks/OpenGL.framework/Versions/A/Libraries/libCoreFSCache.dylib
0x000000022e219000 	/System/Library/PrivateFrameworks/GPUCompiler.framework/Versions/31001/Libraries/libGPUCompilerUtils.dylib
0x00000001cf019000 	/System/Library/PrivateFrameworks/CMCaptureCore.framework/Versions/A/CMCaptureCore
0x00000001ce61b000 	/System/Library/PrivateFrameworks/AppServerSupport.framework/Versions/A/AppServerSupport
0x00000001d089c000 	/System/Library/PrivateFrameworks/perfdata.framework/Versions/A/perfdata
0x00000001c3e0a000 	/System/Library/PrivateFrameworks/AudioToolboxCore.framework/Versions/A/AudioToolboxCore
0x00000001cb2e8000 	/System/Library/PrivateFrameworks/caulk.framework/Versions/A/caulk
0x00000001d0191000 	/usr/lib/libAudioStatistics.dylib
0x00000001e20e6000 	/System/Library/PrivateFrameworks/SystemPolicy.framework/Versions/A/SystemPolicy
0x00000001d03fd000 	/usr/lib/libSMC.dylib
0x00000001d9130000 	/System/Library/Frameworks/CoreMIDI.framework/Versions/A/CoreMIDI
0x00000001ceeda000 	/usr/lib/libAudioToolboxUtility.dylib
0x00000001de1b3000 	/System/Library/PrivateFrameworks/OSAServicesClient.framework/Versions/A/OSAServicesClient
0x00000001d08a9000 	/usr/lib/libperfcheck.dylib
0x00000001e2bfe000 	/usr/lib/libmis.dylib
0x0000000223dbc000 	/System/Library/Frameworks/OpenGL.framework/Versions/A/Libraries/libGLU.dylib
0x0000000223d7b000 	/System/Library/Frameworks/OpenGL.framework/Versions/A/Libraries/libGFXShared.dylib
0x0000000223f68000 	/System/Library/Frameworks/OpenGL.framework/Versions/A/Libraries/libGL.dylib
0x0000000223d84000 	/System/Library/Frameworks/OpenGL.framework/Versions/A/Libraries/libGLImage.dylib
0x0000000223d78000 	/System/Library/Frameworks/OpenGL.framework/Versions/A/Libraries/libCVMSPluginSupport.dylib
0x0000000223d61000 	/System/Library/Frameworks/OpenGL.framework/Versions/A/Libraries/libCoreVMClient.dylib
0x00000001cbe99000 	/System/Library/Frameworks/MetalPerformanceShaders.framework/Versions/A/Frameworks/MPSCore.framework/Versions/A/MPSCore
0x00000001cd041000 	/System/Library/Frameworks/MetalPerformanceShaders.framework/Versions/A/Frameworks/MPSImage.framework/Versions/A/MPSImage
0x00000001ccb30000 	/System/Library/Frameworks/MetalPerformanceShaders.framework/Versions/A/Frameworks/MPSNeuralNetwork.framework/Versions/A/MPSNeuralNetwork
0x00000001ccf69000 	/System/Library/Frameworks/MetalPerformanceShaders.framework/Versions/A/Frameworks/MPSMatrix.framework/Versions/A/MPSMatrix
0x00000001ccd42000 	/System/Library/Frameworks/MetalPerformanceShaders.framework/Versions/A/Frameworks/MPSRayIntersector.framework/Versions/A/MPSRayIntersector
0x00000001ccf9a000 	/System/Library/Frameworks/MetalPerformanceShaders.framework/Versions/A/Frameworks/MPSNDArray.framework/Versions/A/MPSNDArray
0x0000000225ed3000 	/System/Library/Frameworks/MetalPerformanceShaders.framework/Versions/A/Frameworks/MPSFunctions.framework/Versions/A/MPSFunctions
0x00000001c30a0000 	/System/Library/PrivateFrameworks/MetalTools.framework/Versions/A/MetalTools
0x00000001cbf17000 	/System/Library/PrivateFrameworks/AggregateDictionary.framework/Versions/A/AggregateDictionary
0x00000001cde4f000 	/usr/lib/libIOReport.dylib
0x00000001d814e000 	/System/Library/PrivateFrameworks/ASEProcessing.framework/Versions/A/ASEProcessing
0x00000001ce1c4000 	/System/Library/PrivateFrameworks/FaceCore.framework/Versions/A/FaceCore
0x00000001ce1b6000 	/System/Library/PrivateFrameworks/GraphVisualizer.framework/Versions/A/GraphVisualizer
0x000000022e130000 	/System/Library/PrivateFrameworks/FontServices.framework/Versions/A/FontServices
0x00000001ce5d7000 	/System/Library/PrivateFrameworks/OTSVG.framework/Versions/A/OTSVG
0x00000001c9b06000 	/System/Library/Frameworks/ApplicationServices.framework/Versions/A/Frameworks/ATS.framework/Versions/A/Resources/libFontRegistry.dylib
0x00000001ce624000 	/System/Library/PrivateFrameworks/FontServices.framework/libhvf.dylib
0x000000022e131000 	/System/Library/PrivateFrameworks/FontServices.framework/libXTFontStaticRegistryData.dylib
0x0000000224109000 	/System/Library/Frameworks/OpenCL.framework/Versions/A/OpenCL
0x00000001ce01e000 	/System/Library/PrivateFrameworks/AppleVA.framework/Versions/A/AppleVA
0x00000001d01b9000 	/System/Library/Frameworks/ApplicationServices.framework/Versions/A/Frameworks/ATS.framework/Versions/A/ATS
0x00000001c8533000 	/System/Library/Frameworks/ApplicationServices.framework/Versions/A/Frameworks/HIServices.framework/Versions/A/HIServices
0x00000001cf023000 	/System/Library/Frameworks/ApplicationServices.framework/Versions/A/Frameworks/PrintCore.framework/Versions/A/PrintCore
0x00000001d0550000 	/System/Library/Frameworks/ApplicationServices.framework/Versions/A/Frameworks/QD.framework/Versions/A/QD
0x00000001d0548000 	/System/Library/Frameworks/ApplicationServices.framework/Versions/A/Frameworks/ColorSyncLegacy.framework/Versions/A/ColorSyncLegacy
0x00000001d01a5000 	/System/Library/Frameworks/ApplicationServices.framework/Versions/A/Frameworks/SpeechSynthesis.framework/Versions/A/SpeechSynthesis
0x00000001cefe4000 	/System/Library/Frameworks/ApplicationServices.framework/Versions/A/Frameworks/ATSUI.framework/Versions/A/ATSUI
0x00000001d04dd000 	/usr/lib/libcups.2.dylib
0x00000001d08b7000 	/System/Library/Frameworks/Kerberos.framework/Versions/A/Kerberos
0x00000001d08c8000 	/System/Library/Frameworks/GSS.framework/Versions/A/GSS
0x00000001d0229000 	/usr/lib/libresolv.9.dylib
0x00000001ce633000 	/System/Library/PrivateFrameworks/Heimdal.framework/Versions/A/Heimdal
0x00000001d7383000 	/System/Library/Frameworks/Kerberos.framework/Versions/A/Libraries/libHeimdalProxy.dylib
0x00000001c9181000 	/System/Library/Frameworks/Network.framework/Versions/A/Network
0x00000001ce085000 	/usr/lib/libheimdal-asn1.dylib
0x00000001d0918000 	/System/Library/PrivateFrameworks/CommonAuth.framework/Versions/A/CommonAuth
0x00000001d011f000 	/System/Library/PrivateFrameworks/AudioSession.framework/Versions/A/AudioSession
0x00000001ce117000 	/System/Library/PrivateFrameworks/MediaExperience.framework/Versions/A/MediaExperience
0x00000001cffa5000 	/System/Library/PrivateFrameworks/AudioSession.framework/libSessionUtility.dylib
0x00000001d055c000 	/System/Library/PrivateFrameworks/AudioResourceArbitration.framework/Versions/A/AudioResourceArbitration
0x00000001d4712000 	/System/Library/PrivateFrameworks/PowerLog.framework/Versions/A/PowerLog
0x00000001ce08f000 	/System/Library/PrivateFrameworks/IconFoundation.framework/Versions/A/IconFoundation
0x00000001d345b000 	/System/Library/PrivateFrameworks/SpeechRecognitionCore.framework/Versions/A/SpeechRecognitionCore
0x0000000105844000 	/Users/danielweiner/Library/Java/JavaVirtualMachines/openjdk-17.0.2/Contents/Home/lib/server/libjvm.dylib
0x0000000104950000 	/Users/danielweiner/Library/Java/JavaVirtualMachines/openjdk-17.0.2/Contents/Home/lib/libjimage.dylib
0x000000010497c000 	/Users/danielweiner/Library/Java/JavaVirtualMachines/openjdk-17.0.2/Contents/Home/lib/libinstrument.dylib
0x00000001049c8000 	/Users/danielweiner/Library/Java/JavaVirtualMachines/openjdk-17.0.2/Contents/Home/lib/libjava.dylib
0x000000010547c000 	/Users/danielweiner/Library/Java/JavaVirtualMachines/openjdk-17.0.2/Contents/Home/lib/libnio.dylib
0x000000010549c000 	/Users/danielweiner/Library/Java/JavaVirtualMachines/openjdk-17.0.2/Contents/Home/lib/libnet.dylib
0x00000001049b0000 	/Users/danielweiner/Library/Java/JavaVirtualMachines/openjdk-17.0.2/Contents/Home/lib/libzip.dylib
0x00000001054c0000 	/Users/danielweiner/.openjfx/cache/17.0.1/libprism_es2.dylib
0x00000001c52e7000 	/System/Library/PrivateFrameworks/CoreServicesInternal.framework/Versions/A/CoreServicesInternal
0x0000000223f72000 	/System/Library/Frameworks/OpenGL.framework/Versions/A/Resources/GLEngine.bundle/GLEngine
0x0000000223dfa000 	/System/Library/Frameworks/OpenGL.framework/Versions/A/Libraries/libGLProgrammability.dylib
0x000000010578c000 	/System/Library/Extensions/AppleMetalOpenGLRenderer.bundle/Contents/MacOS/AppleMetalOpenGLRenderer
0x00000002240e1000 	/System/Library/Frameworks/OpenGL.framework/Versions/A/Resources/GLRendererFloat.bundle/GLRendererFloat
0x00000002241e1000 	/System/Library/Extensions/AGXMetal13_3.bundle/Contents/MacOS/AGXMetal13_3
0x00000001e2c1a000 	/System/Library/PrivateFrameworks/GPURawCounter.framework/Versions/A/GPURawCounter
0x00000001dd324000 	/System/Library/PrivateFrameworks/IOGPU.framework/Versions/A/IOGPU
0x000000010ee20000 	/Users/danielweiner/.openjfx/cache/17.0.1/libglass.dylib
0x00000001d496a000 	/System/Library/Frameworks/FileProvider.framework/Versions/A/FileProvider
0x00000001c8f4f000 	/System/Library/Frameworks/Accounts.framework/Versions/A/Accounts
0x00000001d4aee000 	/System/Library/PrivateFrameworks/GenerationalStorage.framework/Versions/A/GenerationalStorage
0x00000001d56b1000 	/System/Library/PrivateFrameworks/CoreSymbolication.framework/Versions/A/CoreSymbolication
0x00000001d4706000 	/System/Library/PrivateFrameworks/SymptomDiagnosticReporter.framework/Versions/A/SymptomDiagnosticReporter
0x00000001c65d7000 	/System/Library/PrivateFrameworks/DesktopServicesPriv.framework/Versions/A/DesktopServicesPriv
0x00000001c5449000 	/usr/lib/libsandbox.1.dylib
0x00000001c9fca000 	/System/Library/PrivateFrameworks/UserManagement.framework/Versions/A/UserManagement
0x00000001d566e000 	/System/Library/PrivateFrameworks/DebugSymbols.framework/Versions/A/DebugSymbols
0x00000001d053b000 	/System/Library/PrivateFrameworks/NetAuth.framework/Versions/A/NetAuth
0x00000001d1459000 	/System/Library/PrivateFrameworks/Sharing.framework/Versions/A/Sharing
0x00000001c9f9a000 	/System/Library/PrivateFrameworks/login.framework/Versions/A/Frameworks/loginsupport.framework/Versions/A/loginsupport
0x00000001d68a3000 	/System/Library/PrivateFrameworks/Apple80211.framework/Versions/A/Apple80211
0x00000001cd125000 	/System/Library/PrivateFrameworks/AuthKit.framework/Versions/A/AuthKit
0x00000001cc7a6000 	/System/Library/PrivateFrameworks/CoreUtils.framework/Versions/A/CoreUtils
0x00000001cc6c9000 	/System/Library/Frameworks/CoreWLAN.framework/Versions/A/CoreWLAN
0x00000001d15c9000 	/System/Library/Frameworks/IOBluetooth.framework/Versions/A/IOBluetooth
0x00000001d6903000 	/System/Library/PrivateFrameworks/CoreWiFi.framework/Versions/A/CoreWiFi
0x00000001d524e000 	/System/Library/PrivateFrameworks/FrontBoardServices.framework/Versions/A/FrontBoardServices
0x00000001d52e6000 	/System/Library/PrivateFrameworks/BoardServices.framework/Versions/A/BoardServices
0x00000001cc9c0000 	/System/Library/PrivateFrameworks/AssertionServices.framework/Versions/A/AssertionServices
0x00000001d6a80000 	/System/Library/PrivateFrameworks/BackBoardServices.framework/Versions/A/BackBoardServices
0x00000001d09af000 	/System/Library/PrivateFrameworks/CorePhoneNumbers.framework/Versions/A/CorePhoneNumbers
0x00000001d4836000 	/System/Library/PrivateFrameworks/DiskManagement.framework/Versions/A/DiskManagement
0x00000001d4739000 	/System/Library/PrivateFrameworks/AppleIDAuthSupport.framework/Versions/A/AppleIDAuthSupport
0x00000002286fa000 	/System/Library/PrivateFrameworks/AAAFoundation.framework/Versions/A/AAAFoundation
0x00000001d098e000 	/System/Library/PrivateFrameworks/KeychainCircle.framework/Versions/A/KeychainCircle
0x00000001d4802000 	/System/Library/PrivateFrameworks/MediaKit.framework/Versions/A/MediaKit
0x00000001d4746000 	/System/Library/Frameworks/DiscRecording.framework/Versions/A/DiscRecording
0x00000001cdf9a000 	/usr/lib/libCoreStorage.dylib
0x00000001d6d7d000 	/usr/lib/libcsfde.dylib
0x00000001d169e000 	/System/Library/PrivateFrameworks/ProtectedCloudStorage.framework/Versions/A/ProtectedCloudStorage
0x00000001d6d75000 	/System/Library/PrivateFrameworks/EFILogin.framework/Versions/A/EFILogin
0x00000001d4b15000 	/System/Library/PrivateFrameworks/OctagonTrust.framework/Versions/A/OctagonTrust
0x000000022d2cb000 	/System/Library/PrivateFrameworks/CoreUtilsExtras.framework/Versions/A/CoreUtilsExtras
0x00000001d466b000 	/System/Library/Frameworks/CoreBluetooth.framework/Versions/A/CoreBluetooth
0x00000001d7408000 	/System/Library/Frameworks/AudioUnit.framework/Versions/A/AudioUnit
0x00000001cdf92000 	/usr/lib/libMatch.1.dylib
0x00000001e70c6000 	/System/Library/Frameworks/Accelerate.framework/Versions/A/Frameworks/vImage.framework/Versions/A/Libraries/libCGInterfaces.dylib
0x0000000145d8c000 	/usr/lib/libobjc-trampolines.dylib
0x00000001c9c94000 	/System/Library/PrivateFrameworks/ViewBridge.framework/Versions/A/ViewBridge
0x0000000228dad000 	/System/Library/PrivateFrameworks/AccessibilityBundles.framework/Versions/A/AccessibilityBundles
0x00000001ce6f6000 	/System/Library/PrivateFrameworks/login.framework/Versions/A/login
0x0000000162d60000 	/Users/danielweiner/.openjfx/cache/17.0.1/libjavafx_font.dylib
0x0000000241811000 	/usr/lib/libRosetta.dylib
0x0000000163100000 	/Users/danielweiner/.openjfx/cache/17.0.1/libjavafx_iio.dylib


VM Arguments:
jvm_args: -javaagent:/Users/danielweiner/Library/Application Support/JetBrains/Toolbox/apps/IDEA-U/ch-0/221.5080.210/IntelliJ IDEA.app/Contents/lib/idea_rt.jar=49493:/Users/danielweiner/Library/Application Support/JetBrains/Toolbox/apps/IDEA-U/ch-0/221.5080.210/IntelliJ IDEA.app/Contents/bin -Dfile.encoding=UTF-8 --module-path=/Users/danielweiner/.m2/repository/org/openjfx/javafx-fxml/17.0.1/javafx-fxml-17.0.1-mac-aarch64.jar:/Users/danielweiner/.m2/repository/org/openjfx/javafx-controls/17.0.1/javafx-controls-17.0.1-mac-aarch64.jar:/Users/danielweiner/.m2/repository/org/openjfx/javafx-graphics/17.0.1/javafx-graphics-17.0.1-mac-aarch64.jar:/Users/danielweiner/Public/Drop Box/eclipse-workspace/JavaFinalProject/target/classes:/Users/danielweiner/.m2/repository/org/openjfx/javafx-base/17.0.1/javafx-base-17.0.1-mac-aarch64.jar -Djdk.module.main=com.example.javafinalproject 
java_command: com.example.javafinalproject/com.example.javafinalproject.Main
java_class_path (initial): /Users/danielweiner/.m2/repository/org/openjfx/javafx-controls/17.0.1/javafx-controls-17.0.1.jar:/Users/danielweiner/.m2/repository/org/openjfx/javafx-graphics/17.0.1/javafx-graphics-17.0.1.jar:/Users/danielweiner/.m2/repository/org/openjfx/javafx-base/17.0.1/javafx-base-17.0.1.jar:/Users/danielweiner/.m2/repository/org/openjfx/javafx-fxml/17.0.1/javafx-fxml-17.0.1.jar:/Users/danielweiner/Downloads/mysql-connector-java-8.0.29/mysql-connector-java-8.0.29.jar
Launcher Type: SUN_STANDARD

[Global flags]
     intx CICompilerCount                          = 4                                         {product} {ergonomic}
     uint ConcGCThreads                            = 2                                         {product} {ergonomic}
     uint G1ConcRefinementThreads                  = 8                                         {product} {ergonomic}
   size_t G1HeapRegionSize                         = 2097152                                   {product} {ergonomic}
    uintx GCDrainStackTargetSize                   = 64                                        {product} {ergonomic}
   size_t InitialHeapSize                          = 268435456                                 {product} {ergonomic}
   size_t MarkStackSize                            = 4194304                                   {product} {ergonomic}
   size_t MaxHeapSize                              = 4294967296                                {product} {ergonomic}
   size_t MaxNewSize                               = 2575302656                                {product} {ergonomic}
   size_t MinHeapDeltaBytes                        = 2097152                                   {product} {ergonomic}
   size_t MinHeapSize                              = 8388608                                   {product} {ergonomic}
    uintx NonNMethodCodeHeapSize                   = 5839564                                {pd product} {ergonomic}
    uintx NonProfiledCodeHeapSize                  = 122909338                              {pd product} {ergonomic}
    uintx ProfiledCodeHeapSize                     = 122909338                              {pd product} {ergonomic}
    uintx ReservedCodeCacheSize                    = 251658240                              {pd product} {ergonomic}
     bool SegmentedCodeCache                       = true                                      {product} {ergonomic}
   size_t SoftMaxHeapSize                          = 4294967296                             {manageable} {ergonomic}
     bool UseCompressedClassPointers               = true                           {product lp64_product} {ergonomic}
     bool UseCompressedOops                        = true                           {product lp64_product} {ergonomic}
     bool UseG1GC                                  = true                                      {product} {ergonomic}
     bool UseNUMA                                  = false                                     {product} {ergonomic}
     bool UseNUMAInterleaving                      = false                                     {product} {ergonomic}

Logging:
Log output configuration:
 #0: stdout all=warning uptime,level,tags
 #1: stderr all=off uptime,level,tags

Environment Variables:
PATH=/usr/local/bin:/usr/bin:/bin:/usr/sbin:/sbin
SHELL=/bin/zsh
LC_CTYPE=en_US.UTF-8

Signal Handlers:
   SIGSEGV: _ZL13crash_handleriP9__siginfoPv in libjvm.dylib, mask=11100110000111110111111111111111, flags=SA_RESTART|SA_SIGINFO
    SIGBUS: _ZL13crash_handleriP9__siginfoPv in libjvm.dylib, mask=11100110000111110111111111111111, flags=SA_RESTART|SA_SIGINFO
    SIGFPE: _ZL13crash_handleriP9__siginfoPv in libjvm.dylib, mask=11100110000111110111111111111111, flags=SA_RESTART|SA_SIGINFO
   SIGPIPE: _ZL17javaSignalHandleriP9__siginfoPv in libjvm.dylib, mask=11100110000111110111111111111111, flags=SA_RESTART|SA_SIGINFO
   SIGXFSZ: _ZL17javaSignalHandleriP9__siginfoPv in libjvm.dylib, mask=11100110000111110111111111111111, flags=SA_RESTART|SA_SIGINFO
    SIGILL: _ZL13crash_handleriP9__siginfoPv in libjvm.dylib, mask=11100110000111110111111111111111, flags=SA_RESTART|SA_SIGINFO
   SIGUSR2: _ZL10SR_handleriP9__siginfoP17__darwin_ucontext in libjvm.dylib, mask=00100000000000000000000000000000, flags=SA_RESTART|SA_SIGINFO
    SIGHUP: _ZL11UserHandleriPvS_ in libjvm.dylib, mask=11100110000111110111111111111111, flags=SA_RESTART|SA_SIGINFO
    SIGINT: _ZL11UserHandleriPvS_ in libjvm.dylib, mask=11100110000111110111111111111111, flags=SA_RESTART|SA_SIGINFO
   SIGTERM: _ZL11UserHandleriPvS_ in libjvm.dylib, mask=11100110000111110111111111111111, flags=SA_RESTART|SA_SIGINFO
   SIGQUIT: _ZL11UserHandleriPvS_ in libjvm.dylib, mask=11100110000111110111111111111111, flags=SA_RESTART|SA_SIGINFO
   SIGTRAP: _ZL13crash_handleriP9__siginfoPv in libjvm.dylib, mask=11100110000111110111111111111111, flags=SA_RESTART|SA_SIGINFO


---------------  S Y S T E M  ---------------

OS:
uname: Darwin 21.4.0 Darwin Kernel Version 21.4.0: Fri Mar 18 00:47:26 PDT 2022; root:xnu-8020.101.4~15/RELEASE_ARM64_T8101 arm64
OS uptime: 0 days 0:41 hours
rlimit (soft/hard): STACK 8176k/65520k , CORE 0k/infinity , NPROC 2666/4000 , NOFILE 10240/infinity , AS infinity/infinity , CPU infinity/infinity , DATA infinity/infinity , FSIZE infinity/infinity , MEMLOCK infinity/infinity , RSS infinity/infinity
load average: 1.63 1.72 1.87

CPU: total 8 (initial active 8) 0x61:0x0:0x1b588bb3:0, fp, simd, crc, lse

Memory: 16k page, physical 16777216k(853808k free), swap 0k(0k free)

vm_info: OpenJDK 64-Bit Server VM (17.0.2+8-86) for bsd-aarch64 JRE (17.0.2+8-86), built on Dec  7 2021 21:45:06 by "mach5one" with clang Apple LLVM 12.0.0 (clang-1200.0.32.29)

END.
