#
# A fatal error has been detected by the Java Runtime Environment:
#
#  SIGBUS (0xa) at pc=0x0000000109e394f0, pid=1252, tid=35851
#
# JRE version: OpenJDK Runtime Environment (17.0.2+8) (build 17.0.2+8-86)
# Java VM: OpenJDK 64-Bit Server VM (17.0.2+8-86, mixed mode, sharing, tiered, compressed oops, compressed class ptrs, g1 gc, bsd-aarch64)
# Problematic frame:
# v  ~StubRoutines::SafeFetchN
#
# No core dump will be written. Core dumps have been disabled. To enable core dumping, try "ulimit -c unlimited" before starting Java again
#
# If you would like to submit a bug report, please visit:
#   https://bugreport.java.com/bugreport/crash.jsp
# The crash happened outside the Java Virtual Machine in native code.
# See problematic frame for where to report the bug.
#

---------------  S U M M A R Y ------------

Command Line: -javaagent:/Users/danielweiner/Library/Application Support/JetBrains/Toolbox/apps/IDEA-U/ch-0/221.5080.210/IntelliJ IDEA.app/Contents/lib/idea_rt.jar=49529:/Users/danielweiner/Library/Application Support/JetBrains/Toolbox/apps/IDEA-U/ch-0/221.5080.210/IntelliJ IDEA.app/Contents/bin -Dfile.encoding=UTF-8 --module-path=/Users/danielweiner/.m2/repository/org/openjfx/javafx-fxml/17.0.1/javafx-fxml-17.0.1-mac-aarch64.jar:/Users/danielweiner/.m2/repository/org/openjfx/javafx-controls/17.0.1/javafx-controls-17.0.1-mac-aarch64.jar:/Users/danielweiner/.m2/repository/org/openjfx/javafx-graphics/17.0.1/javafx-graphics-17.0.1-mac-aarch64.jar:/Users/danielweiner/Public/Drop Box/eclipse-workspace/JavaFinalProject/target/classes:/Users/danielweiner/.m2/repository/org/openjfx/javafx-base/17.0.1/javafx-base-17.0.1-mac-aarch64.jar -Djdk.module.main=com.example.javafinalproject com.example.javafinalproject/com.example.javafinalproject.Main

Host: "MacBookPro17,1" arm64 1 MHz, 8 cores, 16G, Darwin 21.4.0, macOS 12.3.1 (21E258)
Time: Mon May  9 13:10:06 2022 EDT elapsed time: 15.869197 seconds (0d 0h 0m 15s)

---------------  T H R E A D  ---------------

Current thread (0x00000001268be600):  JavaThread "InvokeLaterDispatcher" daemon [_thread_in_native, id=35851, stack(0x000000017241c000,0x000000017261f000)]

Stack: [0x000000017241c000,0x000000017261f000],  sp=0x000000017261e780,  free space=2057k
Native frames: (J=compiled Java code, j=interpreted, Vv=VM code, C=native code)
v  ~StubRoutines::SafeFetchN
V  [libjvm.dylib+0x7a6bcc]  _ZN10OopStorage7releaseEPKP7oopDesc+0x20
V  [libjvm.dylib+0x4ba824]  jni_DeleteGlobalRef+0xd8
C  [libglass.dylib+0xab08]  -[GlassRunnable dealloc]+0x34
C  [Foundation+0x85618]  -[_NSThreadPerformInfo dealloc]+0x30
C  [Foundation+0x5198c]  -[NSObject(NSThreadPerformAdditions) performSelectorOnMainThread:withObject:waitUntilDone:]+0x88
C  0x1d39000109e418ac
j  com.sun.glass.ui.mac.MacApplication.submitForLaterInvocation(Ljava/lang/Runnable;)V+2 javafx.graphics
j  com.sun.glass.ui.InvokeLaterDispatcher.run()V+82 javafx.graphics
v  ~StubRoutines::call_stub
V  [libjvm.dylib+0x461d08]  _ZN9JavaCalls11call_helperEP9JavaValueRK12methodHandleP17JavaCallArgumentsP10JavaThread+0x38c
V  [libjvm.dylib+0x460d24]  _ZN9JavaCalls12call_virtualEP9JavaValueP5KlassP6SymbolS5_P17JavaCallArgumentsP10JavaThread+0x11c
V  [libjvm.dylib+0x460df0]  _ZN9JavaCalls12call_virtualEP9JavaValue6HandleP5KlassP6SymbolS6_P10JavaThread+0x64
V  [libjvm.dylib+0x515f04]  _ZL12thread_entryP10JavaThreadS0_+0xc4
V  [libjvm.dylib+0x9071ac]  _ZN10JavaThread17thread_main_innerEv+0x13c
V  [libjvm.dylib+0x9058c0]  _ZN6Thread8call_runEv+0x128
V  [libjvm.dylib+0x7ad7c8]  _ZL19thread_native_entryP6Thread+0x158
C  [libsystem_pthread.dylib+0x726c]  _pthread_start+0x94

Java frames: (J=compiled Java code, j=interpreted, Vv=VM code)
j  com.sun.glass.ui.mac.MacApplication._submitForLaterInvocation(Ljava/lang/Runnable;)V+0 javafx.graphics
j  com.sun.glass.ui.mac.MacApplication.submitForLaterInvocation(Ljava/lang/Runnable;)V+2 javafx.graphics
j  com.sun.glass.ui.InvokeLaterDispatcher.run()V+82 javafx.graphics
v  ~StubRoutines::call_stub

siginfo: si_signo: 10 (SIGBUS), si_code: 1 (BUS_ADRALN), si_addr: 0x0000000109e394f0

Register to memory mapping:

 x0=0x0000000147f097c8 is a global jni handle
 x1=0x0 is NULL
 x2=0x0000000705ad5578 is an oop: com.sun.glass.ui.InvokeLaterDispatcher$Future 
{0x0000000705ad5578} - klass: 'com/sun/glass/ui/InvokeLaterDispatcher$Future'
 - ---- fields (total size 3 words):
 - private 'done' 'Z' @12  true
 - private final 'runnable' 'Ljava/lang/Runnable;' @16  a 'com/sun/javafx/application/PlatformImpl$$Lambda$92+0x0000000800c821c8'{0x00000007057f1ad0} (e0afe35a)
 - final synthetic 'this$0' 'Lcom/sun/glass/ui/InvokeLaterDispatcher;' @20  a 'com/sun/glass/ui/InvokeLaterDispatcher'{0x000000070d00e140} (e1a01c28)
 x3=0x0 is NULL
 x4=0x00000000000130a8 is an unknown value
 x5=0x0 is NULL
 x6=0x0 is NULL
 x7=0x0 is NULL
 x8=0x0000000109e394ec is at begin+0 in a stub
StubRoutines::SafeFetchN [0x0000000109e394ec, 0x0000000109e394f8] (12 bytes)
 x9=0x0 is NULL
x10=0x2010000030300000 is an unknown value
x11=0x0000000000000007 is an unknown value
x12=0x0000000000000004 is an unknown value
x13=0x0000600001ecc210 points into unknown readable memory: 0x3e058001c2743c40 | 40 3c 74 c2 01 80 05 3e
x14=0x00000f0000000000 is an unknown value
x15=0x00000001316ddf98: OBJC_CLASS_$_GlassRunnable+0 in /Users/danielweiner/.openjfx/cache/17.0.1/libglass.dylib at 0x0000000131698000
x16=0x00000001c28ad0fc: pthread_getspecific+0 in /usr/lib/system/libsystem_pthread.dylib at 0x00000001c28ab000
x17=0x00006000014c5560 points into unknown readable memory: 0xfffffffffffffffe | fe ff ff ff ff ff ff ff
x18=0x0 is NULL
x19=0x0000600001bdc150 points into unknown readable memory: 0x00006000032d81f0 | f0 81 2d 03 00 60 00 00
x20=0x0000000147f095c0 points into unknown readable memory: 0x000000021bcd0608 | 08 06 cd 1b 02 00 00 00
x21=0x0000000147f097c8 is a global jni handle
x22=0x00000001268be600 is a thread
x23=0x0000000000000001 is an unknown value
x24=0x0000000147f09780 is a global jni handle
x25=0x00000001022f95e8: _ZN12StubRoutines17_safefetchN_entryE+0 in /Users/danielweiner/Library/Java/JavaVirtualMachines/openjdk-17.0.2/Contents/Home/lib/server/libjvm.dylib at 0x0000000101748000
x26=0x0000000124518418 is pointing into metadata
x27=0x0 is NULL
x28=0x00000001268be600 is a thread


Registers:
 x0=0x0000000147f097c8  x1=0x0000000000000000  x2=0x0000000705ad5578  x3=0x0000000000000000
 x4=0x00000000000130a8  x5=0x0000000000000000  x6=0x0000000000000000  x7=0x0000000000000000
 x8=0x0000000109e394ec  x9=0x0000000000000000 x10=0x2010000030300000 x11=0x0000000000000007
x12=0x0000000000000004 x13=0x0000600001ecc210 x14=0x00000f0000000000 x15=0x00000001316ddf98
x16=0x00000001c28ad0fc x17=0x00006000014c5560 x18=0x0000000000000000 x19=0x0000600001bdc150
x20=0x0000000147f095c0 x21=0x0000000147f097c8 x22=0x00000001268be600 x23=0x0000000000000001
x24=0x0000000147f09780 x25=0x00000001022f95e8 x26=0x0000000124518418 x27=0x0000000000000000
x28=0x00000001268be600  fp=0x000000017261e7c0  lr=0x0000000101eed99c  sp=0x000000017261e780
pc=0x0000000109e394f0 cpsr=0x0000000060001000
Top of Stack: (sp=0x000000017261e780)
0x000000017261e780:   0000000124518418 0000000000000001
0x000000017261e790:   000000017261e988 0000000000000000
0x000000017261e7a0:   00000001268ca2a8 0000000147f097b8
0x000000017261e7b0:   0000000147f097b8 0000600001bdc150
0x000000017261e7c0:   000000017261e800 0000000101eeebcc
0x000000017261e7d0:   0000000000000001 0000000147f097b8
0x000000017261e7e0:   00000001268ca2a8 0000000147f097b8
0x000000017261e7f0:   0000000000000001 00000001268ca000
0x000000017261e800:   000000017261e840 0000000101c02824
0x000000017261e810:   000000017261e988 00006000032c1080
0x000000017261e820:   00006000032c16f0 000000020c972be0
0x000000017261e830:   0000000000000000 00006000032c16f0
0x000000017261e840:   000000017261e870 00000001316a2b08
0x000000017261e850:   e3241b95efcc0099 0000000000000000
0x000000017261e860:   0000000000000000 000060000252e580
0x000000017261e870:   000000017261e8b0 00000001c387a618
0x000000017261e880:   000000017261e988 00006000032c1080
0x000000017261e890:   00006000032c16f0 e3241b95efcc0099
0x000000017261e8a0:   0000000000000000 0000000000000000
0x000000017261e8b0:   000000017261e8f0 70750001c384698c
0x000000017261e8c0:   000000017261e988 0000000109e407c0
0x000000017261e8d0:   0000000000000000 0000000102300fa8
0x000000017261e8e0:   000000017261e900 0000000109e3f730
0x000000017261e8f0:   000000017261e960 1d39000109e418ac
0x000000017261e900:   000000012451aa60 0000000000000001
0x000000017261e910:   000000017261e910 0000000000000000
0x000000017261e920:   000000017261e988 0000000124518418
0x000000017261e930:   000000070d0a15b0 0000000000000000
0x000000017261e940:   0000000000000000 00000001244f78c8
0x000000017261e950:   0000000000000000 000000017261e960
0x000000017261e960:   000000017261e9e0 0000000109e3dfc8
0x000000017261e970:   0000000000000000 0000000000000000 

Instructions: (pc=0x0000000109e394f0)
0x0000000109e393f0:   f2a04589 f2c00029 6d425935 1e640886
0x0000000109e39400:   0c402d31 1e6408c7 1f5654d0 1e6c1017
0x0000000109e39410:   1f5050d0 1f504cd0 1f5048d0 1e650af6
0x0000000109e39420:   1f50d8f6 1f5694d6 1f5158f6 1e762880
0x0000000109e39430:   36000501 1e614000 14000026 2e251ca5
0x0000000109e39440:   d28c3009 f2a04589 f2c00029 6d425d36
0x0000000109e39450:   1e600806 0c402d32 1f5758c7 1e6c101a
0x0000000109e39460:   1f4754c7 1e650805 1f4750c7 d2866668
0x0000000109e39470:   f2a7fa68 1f474cc7 1e6608c0 1f4748c7
0x0000000109e39480:   1e6e1019 eb08007f 540000ac 1f479400
0x0000000109e39490:   1f460340 1e603b20 1400000e d2a7fd29
0x0000000109e394a0:   eb09007f 540000ac 51480069 d3607d29
0x0000000109e394b0:   9e670121 14000002 1e6a5001 1f679417
0x0000000109e394c0:   1f668742 1e613b23 1e773857 1e773860
0x0000000109e394d0:   a8c17ff3 910003bf a8c17bfd d65f03c0
0x0000000109e394e0:   b9400001 aa0103e0 d65f03c0 f9400001
0x0000000109e394f0:   aa0103e0 d65f03c0 00000000 00000000
0x0000000109e39500:   00000000 00000000 00000000 00000000
0x0000000109e39510:   00000000 00000000 00000000 00000000
0x0000000109e39520:   00000000 00000000 00000000 00000000
0x0000000109e39530:   00000000 00000000 00000000 00000000
0x0000000109e39540:   00000000 00000000 00000000 00000000
0x0000000109e39550:   00000000 00000000 00000000 00000000
0x0000000109e39560:   00000000 00000000 00000000 00000000
0x0000000109e39570:   00000000 00000000 00000000 00000000
0x0000000109e39580:   00000000 00000000 00000000 00000000
0x0000000109e39590:   00000000 00000000 00000000 00000000
0x0000000109e395a0:   00000000 00000000 00000000 00000000
0x0000000109e395b0:   00000000 00000000 00000000 00000000
0x0000000109e395c0:   00000000 00000000 00000000 00000000
0x0000000109e395d0:   00000000 00000000 00000000 00000000
0x0000000109e395e0:   00000000 00000000 00000000 00000000 


Stack slot to memory mapping:
stack at sp + 0 slots: 0x0000000124518418 is pointing into metadata
stack at sp + 1 slots: 0x0000000000000001 is an unknown value
stack at sp + 2 slots: 0x000000017261e988 is pointing into the stack for thread: 0x00000001268be600
stack at sp + 3 slots: 0x0 is NULL
stack at sp + 4 slots: 0x00000001268ca2a8 points into unknown readable memory: 0x00000001022b6738 | 38 67 2b 02 01 00 00 00
stack at sp + 5 slots: 0x0000000147f097b8 is a global jni handle
stack at sp + 6 slots: 0x0000000147f097b8 is a global jni handle
stack at sp + 7 slots: 0x0000600001bdc150 points into unknown readable memory: 0x00006000032d81f0 | f0 81 2d 03 00 60 00 00

StubRoutines::SafeFetchN [0x0000000109e394ec, 0x0000000109e394f8] (12 bytes)
[MachCode]
  0x0000000109e394ec: 0100 40f9 | e003 01aa | c003 5fd6 
[/MachCode]

---------------  P R O C E S S  ---------------

Threads class SMR info:
_java_thread_list=0x00006000031cdda0, length=21, elements={
0x000000014800de00, 0x0000000140024c00, 0x0000000148828a00, 0x0000000148827400,
0x00000001480e0000, 0x00000001480e0600, 0x00000001480e0c00, 0x000000012680a400,
0x0000000126812a00, 0x000000014003dc00, 0x0000000148828200, 0x0000000148827a00,
0x0000000148835e00, 0x00000001268be600, 0x00000001268ca000, 0x000000014886b000,
0x0000000148878600, 0x000000014016f600, 0x00000001488f9800, 0x000000012700f400,
0x000000013006aa00
}

Java Threads: ( => current thread )
  0x000000014800de00 JavaThread "main" [_thread_blocked, id=6659, stack(0x000000016fa14000,0x000000016fc17000)]
  0x0000000140024c00 JavaThread "Reference Handler" daemon [_thread_blocked, id=16387, stack(0x0000000170868000,0x0000000170a6b000)]
  0x0000000148828a00 JavaThread "Finalizer" daemon [_thread_blocked, id=16131, stack(0x0000000170a74000,0x0000000170c77000)]
  0x0000000148827400 JavaThread "Signal Dispatcher" daemon [_thread_blocked, id=23043, stack(0x0000000170d98000,0x0000000170f9b000)]
  0x00000001480e0000 JavaThread "Service Thread" daemon [_thread_blocked, id=23299, stack(0x0000000170fa4000,0x00000001711a7000)]
  0x00000001480e0600 JavaThread "Monitor Deflation Thread" daemon [_thread_blocked, id=41987, stack(0x00000001711b0000,0x00000001713b3000)]
  0x00000001480e0c00 JavaThread "C2 CompilerThread0" daemon [_thread_blocked, id=41475, stack(0x00000001713bc000,0x00000001715bf000)]
  0x000000012680a400 JavaThread "C1 CompilerThread0" daemon [_thread_blocked, id=23811, stack(0x00000001715c8000,0x00000001717cb000)]
  0x0000000126812a00 JavaThread "Sweeper thread" daemon [_thread_blocked, id=40963, stack(0x00000001717d4000,0x00000001719d7000)]
  0x000000014003dc00 JavaThread "Common-Cleaner" daemon [_thread_blocked, id=24323, stack(0x00000001719e0000,0x0000000171be3000)]
  0x0000000148828200 JavaThread "Monitor Ctrl-Break" daemon [_thread_in_native, id=40451, stack(0x0000000171bec000,0x0000000171def000)]
  0x0000000148827a00 JavaThread "Notification Thread" daemon [_thread_blocked, id=24579, stack(0x0000000171df8000,0x0000000171ffb000)]
  0x0000000148835e00 JavaThread "QuantumRenderer-0" daemon [_thread_blocked, id=25347, stack(0x0000000172210000,0x0000000172413000)]
=>0x00000001268be600 JavaThread "InvokeLaterDispatcher" daemon [_thread_in_native, id=35851, stack(0x000000017241c000,0x000000017261f000)]
  0x00000001268ca000 JavaThread "JavaFX Application Thread" [_thread_in_native, id=259, stack(0x000000016f18c000,0x000000016f988000)]
  0x000000014886b000 JavaThread "JavaFX-Launcher" [_thread_blocked, id=54791, stack(0x00000001728c0000,0x0000000172ac3000)]
  0x0000000148878600 JavaThread "mysql-cj-abandoned-connection-cleanup" daemon [_thread_blocked, id=59139, stack(0x0000000173508000,0x000000017370b000)]
  0x000000014016f600 JavaThread "Prism Font Disposer" daemon [_thread_blocked, id=59915, stack(0x0000000173714000,0x0000000173917000)]
  0x00000001488f9800 JavaThread "Cleaner-0" daemon [_thread_blocked, id=52491, stack(0x0000000174680000,0x0000000174883000)]
  0x000000012700f400 JavaThread "Attach Listener" daemon [_thread_blocked, id=168963, stack(0x000000017488c000,0x0000000174a8f000)]
  0x000000013006aa00 JavaThread "PulseTimer-CVDisplayLink thread" daemon [_thread_in_native, id=63323, stack(0x0000000170c80000,0x0000000170d03000)]

Other Threads:
  0x0000000147f07a50 VMThread "VM Thread" [stack: 0x000000017065c000,0x000000017085f000] [id=16643]
  0x0000000147f21430 WatcherThread [stack: 0x0000000172004000,0x0000000172207000] [id=24835]
  0x0000000147e08ad0 GCTaskThread "GC Thread#0" [stack: 0x000000016fc20000,0x000000016fe23000] [id=19715]
  0x0000000147f44110 GCTaskThread "GC Thread#1" [stack: 0x0000000172acc000,0x0000000172ccf000] [id=76043]
  0x000000010131ab70 GCTaskThread "GC Thread#2" [stack: 0x0000000172cd8000,0x0000000172edb000] [id=72963]
  0x000000010131b3e0 GCTaskThread "GC Thread#3" [stack: 0x0000000172ee4000,0x00000001730e7000] [id=72707]
  0x000000010131bc50 GCTaskThread "GC Thread#4" [stack: 0x00000001730f0000,0x00000001732f3000] [id=72451]
  0x000000010131c4c0 GCTaskThread "GC Thread#5" [stack: 0x00000001732fc000,0x00000001734ff000] [id=72195]
  0x0000000137e25450 GCTaskThread "GC Thread#6" [stack: 0x0000000173920000,0x0000000173b23000] [id=70915]
  0x00000001013350f0 GCTaskThread "GC Thread#7" [stack: 0x0000000173b2c000,0x0000000173d2f000] [id=70659]
  0x0000000137e05050 ConcurrentGCThread "G1 Main Marker" [stack: 0x000000016fe2c000,0x000000017002f000] [id=19203]
  0x0000000137e058d0 ConcurrentGCThread "G1 Conc#0" [stack: 0x0000000170038000,0x000000017023b000] [id=12803]
  0x0000000137e24ee0 ConcurrentGCThread "G1 Conc#1" [stack: 0x0000000173d38000,0x0000000173f3b000] [id=70147]
  0x0000000147e0a690 ConcurrentGCThread "G1 Refine#0" [stack: 0x0000000170244000,0x0000000170447000] [id=13315]
  0x0000000147f708d0 ConcurrentGCThread "G1 Refine#1" [stack: 0x0000000173f44000,0x0000000174147000] [id=69891]
  0x0000000101505b90 ConcurrentGCThread "G1 Refine#2" [stack: 0x0000000174150000,0x0000000174353000] [id=68867]
  0x0000000137e06140 ConcurrentGCThread "G1 Service" [stack: 0x0000000170450000,0x0000000170653000] [id=18435]

Threads with active compile tasks:

VM state: not at safepoint (normal execution)

VM Mutex/Monitor currently owned by a thread: None

Heap address: 0x0000000700000000, size: 4096 MB, Compressed Oops mode: Zero based, Oop shift amount: 3

CDS archive(s) mapped at: [0x0000000800000000-0x0000000800bd4000-0x0000000800bd4000), size 12402688, SharedBaseAddress: 0x0000000800000000, ArchiveRelocationMode: 0.
Compressed class space mapped at: 0x0000000800c00000-0x0000000840c00000, reserved size: 1073741824
Narrow klass base: 0x0000000800000000, Narrow klass shift: 0, Narrow klass range: 0x100000000

GC Precious Log:
 CPUs: 8 total, 8 available
 Memory: 16384M
 Large Page Support: Disabled
 NUMA Support: Disabled
 Compressed Oops: Enabled (Zero based)
 Heap Region Size: 2M
 Heap Min Capacity: 8M
 Heap Initial Capacity: 256M
 Heap Max Capacity: 4G
 Pre-touch: Disabled
 Parallel Workers: 8
 Concurrent Workers: 2
 Concurrent Refinement Workers: 8
 Periodic GC: Disabled

Heap:
 garbage-first heap   total 122880K, used 60813K [0x0000000700000000, 0x0000000800000000)
  region size 2048K, 15 young (30720K), 4 survivors (8192K)
 Metaspace       used 25022K, committed 25280K, reserved 1073152K
  class space    used 3463K, committed 3584K, reserved 1048576K

Heap Regions: E=young(eden), S=young(survivor), O=old, HS=humongous(starts), HC=humongous(continues), CS=collection set, F=free, OA=open archive, CA=closed archive, TAMS=top-at-mark-start (previous, next)
|   0|0x0000000700000000, 0x0000000700200000, 0x0000000700200000|100%|HS|  |TAMS 0x0000000700200000, 0x0000000700000000| Complete 
|   1|0x0000000700200000, 0x0000000700400000, 0x0000000700400000|100%|HC|  |TAMS 0x0000000700400000, 0x0000000700200000| Complete 
|   2|0x0000000700400000, 0x0000000700600000, 0x0000000700600000|100%|HC|  |TAMS 0x0000000700600000, 0x0000000700400000| Complete 
|   3|0x0000000700600000, 0x0000000700800000, 0x0000000700800000|100%|HC|  |TAMS 0x0000000700800000, 0x0000000700600000| Complete 
|   4|0x0000000700800000, 0x0000000700a00000, 0x0000000700a00000|100%|HS|  |TAMS 0x0000000700a00000, 0x0000000700800000| Complete 
|   5|0x0000000700a00000, 0x0000000700c00000, 0x0000000700c00000|100%|HC|  |TAMS 0x0000000700c00000, 0x0000000700a00000| Complete 
|   6|0x0000000700c00000, 0x0000000700e00000, 0x0000000700e00000|100%|HC|  |TAMS 0x0000000700e00000, 0x0000000700c00000| Complete 
|   7|0x0000000700e00000, 0x0000000701000000, 0x0000000701000000|100%|HC|  |TAMS 0x0000000701000000, 0x0000000700e00000| Complete 
|   8|0x0000000701000000, 0x0000000701200000, 0x0000000701200000|100%|HC|  |TAMS 0x0000000701200000, 0x0000000701000000| Complete 
|   9|0x0000000701200000, 0x0000000701400000, 0x0000000701400000|100%|HC|  |TAMS 0x0000000701400000, 0x0000000701200000| Complete 
|  10|0x0000000701400000, 0x000000070156b400, 0x0000000701600000| 70%| O|  |TAMS 0x0000000701400000, 0x0000000701400000| Complete 
|  11|0x0000000701600000, 0x0000000701800000, 0x0000000701800000|100%|HS|  |TAMS 0x0000000701600000, 0x0000000701600000| Complete 
|  12|0x0000000701800000, 0x0000000701a00000, 0x0000000701a00000|100%|HS|  |TAMS 0x0000000701800000, 0x0000000701800000| Complete 
|  13|0x0000000701a00000, 0x0000000701c00000, 0x0000000701c00000|100%|HC|  |TAMS 0x0000000701a00000, 0x0000000701a00000| Complete 
|  14|0x0000000701c00000, 0x0000000701e00000, 0x0000000701e00000|100%|HC|  |TAMS 0x0000000701c00000, 0x0000000701c00000| Complete 
|  15|0x0000000701e00000, 0x0000000702000000, 0x0000000702000000|100%|HC|  |TAMS 0x0000000701e00000, 0x0000000701e00000| Complete 
|  16|0x0000000702000000, 0x0000000702000000, 0x0000000702200000|  0%| F|  |TAMS 0x0000000702000000, 0x0000000702000000| Untracked 
|  17|0x0000000702200000, 0x0000000702200000, 0x0000000702400000|  0%| F|  |TAMS 0x0000000702200000, 0x0000000702200000| Untracked 
|  18|0x0000000702400000, 0x0000000702400000, 0x0000000702600000|  0%| F|  |TAMS 0x0000000702400000, 0x0000000702400000| Untracked 
|  19|0x0000000702600000, 0x0000000702600000, 0x0000000702800000|  0%| F|  |TAMS 0x0000000702600000, 0x0000000702600000| Untracked 
|  20|0x0000000702800000, 0x0000000702800000, 0x0000000702a00000|  0%| F|  |TAMS 0x0000000702800000, 0x0000000702800000| Untracked 
|  21|0x0000000702a00000, 0x0000000702a00000, 0x0000000702c00000|  0%| F|  |TAMS 0x0000000702a00000, 0x0000000702a00000| Untracked 
|  22|0x0000000702c00000, 0x0000000702c00000, 0x0000000702e00000|  0%| F|  |TAMS 0x0000000702c00000, 0x0000000702c00000| Untracked 
|  23|0x0000000702e00000, 0x0000000702e00000, 0x0000000703000000|  0%| F|  |TAMS 0x0000000702e00000, 0x0000000702e00000| Untracked 
|  24|0x0000000703000000, 0x0000000703000000, 0x0000000703200000|  0%| F|  |TAMS 0x0000000703000000, 0x0000000703000000| Untracked 
|  25|0x0000000703200000, 0x0000000703200000, 0x0000000703400000|  0%| F|  |TAMS 0x0000000703200000, 0x0000000703200000| Untracked 
|  26|0x0000000703400000, 0x0000000703400000, 0x0000000703600000|  0%| F|  |TAMS 0x0000000703400000, 0x0000000703400000| Untracked 
|  27|0x0000000703600000, 0x0000000703600000, 0x0000000703800000|  0%| F|  |TAMS 0x0000000703600000, 0x0000000703600000| Untracked 
|  28|0x0000000703800000, 0x0000000703800000, 0x0000000703a00000|  0%| F|  |TAMS 0x0000000703800000, 0x0000000703800000| Untracked 
|  29|0x0000000703a00000, 0x0000000703a00000, 0x0000000703c00000|  0%| F|  |TAMS 0x0000000703a00000, 0x0000000703a00000| Untracked 
|  30|0x0000000703c00000, 0x0000000703c00000, 0x0000000703e00000|  0%| F|  |TAMS 0x0000000703c00000, 0x0000000703c00000| Untracked 
|  31|0x0000000703e00000, 0x0000000703e00000, 0x0000000704000000|  0%| F|  |TAMS 0x0000000703e00000, 0x0000000703e00000| Untracked 
|  32|0x0000000704000000, 0x0000000704000000, 0x0000000704200000|  0%| F|  |TAMS 0x0000000704000000, 0x0000000704000000| Untracked 
|  33|0x0000000704200000, 0x0000000704200000, 0x0000000704400000|  0%| F|  |TAMS 0x0000000704200000, 0x0000000704200000| Untracked 
|  34|0x0000000704400000, 0x0000000704400000, 0x0000000704600000|  0%| F|  |TAMS 0x0000000704400000, 0x0000000704400000| Untracked 
|  35|0x0000000704600000, 0x0000000704600000, 0x0000000704800000|  0%| F|  |TAMS 0x0000000704600000, 0x0000000704600000| Untracked 
|  36|0x0000000704800000, 0x0000000704800000, 0x0000000704a00000|  0%| F|  |TAMS 0x0000000704800000, 0x0000000704800000| Untracked 
|  37|0x0000000704a00000, 0x0000000704a00000, 0x0000000704c00000|  0%| F|  |TAMS 0x0000000704a00000, 0x0000000704a00000| Untracked 
|  38|0x0000000704c00000, 0x0000000704c00000, 0x0000000704e00000|  0%| F|  |TAMS 0x0000000704c00000, 0x0000000704c00000| Untracked 
|  39|0x0000000704e00000, 0x0000000704e00000, 0x0000000705000000|  0%| F|  |TAMS 0x0000000704e00000, 0x0000000704e00000| Untracked 
|  40|0x0000000705000000, 0x0000000705000000, 0x0000000705200000|  0%| F|  |TAMS 0x0000000705000000, 0x0000000705000000| Untracked 
|  41|0x0000000705200000, 0x0000000705200000, 0x0000000705400000|  0%| F|  |TAMS 0x0000000705200000, 0x0000000705200000| Untracked 
|  42|0x0000000705400000, 0x0000000705400000, 0x0000000705600000|  0%| F|  |TAMS 0x0000000705400000, 0x0000000705400000| Untracked 
|  43|0x0000000705600000, 0x0000000705800000, 0x0000000705800000|100%| E|  |TAMS 0x0000000705600000, 0x0000000705600000| Complete 
|  44|0x0000000705800000, 0x0000000705a00000, 0x0000000705a00000|100%| E|CS|TAMS 0x0000000705800000, 0x0000000705800000| Complete 
|  45|0x0000000705a00000, 0x0000000705c00000, 0x0000000705c00000|100%| E|CS|TAMS 0x0000000705a00000, 0x0000000705a00000| Complete 
|  46|0x0000000705c00000, 0x0000000705e00000, 0x0000000705e00000|100%| E|CS|TAMS 0x0000000705c00000, 0x0000000705c00000| Complete 
|  47|0x0000000705e00000, 0x0000000706000000, 0x0000000706000000|100%| E|CS|TAMS 0x0000000705e00000, 0x0000000705e00000| Complete 
|  48|0x0000000706000000, 0x0000000706200000, 0x0000000706200000|100%| E|  |TAMS 0x0000000706000000, 0x0000000706000000| Complete 
|  49|0x0000000706200000, 0x0000000706400000, 0x0000000706400000|100%| E|CS|TAMS 0x0000000706200000, 0x0000000706200000| Complete 
|  50|0x0000000706400000, 0x0000000706600000, 0x0000000706600000|100%| E|CS|TAMS 0x0000000706400000, 0x0000000706400000| Complete 
|  51|0x0000000706600000, 0x0000000706800000, 0x0000000706800000|100%| E|CS|TAMS 0x0000000706600000, 0x0000000706600000| Complete 
|  52|0x0000000706800000, 0x0000000706a00000, 0x0000000706a00000|100%| E|CS|TAMS 0x0000000706800000, 0x0000000706800000| Complete 
| 101|0x000000070ca00000, 0x000000070cc00000, 0x000000070cc00000|100%| S|CS|TAMS 0x000000070ca00000, 0x000000070ca00000| Complete 
| 102|0x000000070cc00000, 0x000000070ce00000, 0x000000070ce00000|100%| S|CS|TAMS 0x000000070cc00000, 0x000000070cc00000| Complete 
| 103|0x000000070ce00000, 0x000000070d000000, 0x000000070d000000|100%| S|CS|TAMS 0x000000070ce00000, 0x000000070ce00000| Complete 
| 104|0x000000070d000000, 0x000000070d200000, 0x000000070d200000|100%| S|CS|TAMS 0x000000070d000000, 0x000000070d000000| Complete 
| 127|0x000000070fe00000, 0x0000000710000000, 0x0000000710000000|100%| E|CS|TAMS 0x000000070fe00000, 0x000000070fe00000| Complete 
|2046|0x00000007ffc00000, 0x00000007ffd78000, 0x00000007ffe00000| 73%|OA|  |TAMS 0x00000007ffd78000, 0x00000007ffc00000| Untracked 
|2047|0x00000007ffe00000, 0x00000007ffe80000, 0x0000000800000000| 25%|CA|  |TAMS 0x00000007ffe80000, 0x00000007ffe00000| Untracked 

Card table byte_map: [0x0000000118e38000,0x0000000119638000] _byte_map_base: 0x0000000115638000

Marking Bits (Prev, Next): (CMBitMap*) 0x0000000140014650, (CMBitMap*) 0x0000000140014610
 Prev Bits: [0x000000011de38000, 0x0000000121e38000)
 Next Bits: [0x0000000119e38000, 0x000000011de38000)

Polling page: 0x00000001005fc000

Metaspace:

Usage:
  Non-class:     21.05 MB used.
      Class:      3.38 MB used.
       Both:     24.44 MB used.

Virtual space:
  Non-class space:       24.00 MB reserved,      21.19 MB ( 88%) committed,  3 nodes.
      Class space:        1.00 GB reserved,       3.50 MB ( <1%) committed,  1 nodes.
             Both:        1.02 GB reserved,      24.69 MB (  2%) committed. 

Chunk freelists:
   Non-Class:  2.80 MB
       Class:  432.00 KB
        Both:  3.22 MB

MaxMetaspaceSize: unlimited
CompressedClassSpaceSize: 1.00 GB
Initial GC threshold: 21.00 MB
Current GC threshold: 35.12 MB
CDS: on
MetaspaceReclaimPolicy: balanced
 - commit_granule_bytes: 65536.
 - commit_granule_words: 8192.
 - virtual_space_node_default_size: 1048576.
 - enlarge_chunks_in_place: 1.
 - new_chunks_are_fully_committed: 0.
 - uncommit_free_chunks: 1.
 - use_allocation_guard: 0.
 - handle_deallocations: 1.


Internal statistics:

num_allocs_failed_limit: 3.
num_arena_births: 220.
num_arena_deaths: 0.
num_vsnodes_births: 4.
num_vsnodes_deaths: 0.
num_space_committed: 395.
num_space_uncommitted: 0.
num_chunks_returned_to_freelist: 3.
num_chunks_taken_from_freelist: 896.
num_chunk_merges: 3.
num_chunk_splits: 639.
num_chunks_enlarged: 515.
num_purges: 0.
num_inconsistent_stats: 0.

CodeHeap 'non-profiled nmethods': size=120032Kb used=1453Kb max_used=1453Kb free=118578Kb
 bounds [0x0000000111900000, 0x0000000111b70000, 0x0000000118e38000]
CodeHeap 'profiled nmethods': size=120016Kb used=7360Kb max_used=7360Kb free=112655Kb
 bounds [0x000000010a3cc000, 0x000000010ab0c000, 0x0000000111900000]
CodeHeap 'non-nmethods': size=5712Kb used=1462Kb max_used=1511Kb free=4249Kb
 bounds [0x0000000109e38000, 0x000000010a0a8000, 0x000000010a3cc000]
 total_blobs=4395 nmethods=3522 adapters=788
 compilation: enabled
              stopped_count=0, restarted_count=0
 full_count=0

Compilation events (20 events):
Event: 15.684 Thread 0x000000012680a400 nmethod 3586 0x000000010aaf3710 code [0x000000010aaf38c0, 0x000000010aaf3ad8]
Event: 15.684 Thread 0x000000012680a400 3588   !   3       java.util.concurrent.LinkedBlockingDeque::takeFirst (47 bytes)
Event: 15.685 Thread 0x000000012680a400 nmethod 3588 0x000000010aaf3b90 code [0x000000010aaf3e80, 0x000000010aaf4ae8]
Event: 15.685 Thread 0x000000012680a400 3587       3       jdk.internal.misc.Unsafe::putIntOpaque (9 bytes)
Event: 15.686 Thread 0x000000012680a400 nmethod 3587 0x000000010aaf4f90 code [0x000000010aaf5140, 0x000000010aaf5268]
Event: 15.700 Thread 0x000000012680a400 3589       3       java.util.concurrent.LinkedBlockingDeque$Node::<init> (10 bytes)
Event: 15.700 Thread 0x000000012680a400 nmethod 3589 0x000000010aaf5310 code [0x000000010aaf54c0, 0x000000010aaf56a8]
Event: 15.700 Thread 0x000000012680a400 3590       3       java.util.concurrent.LinkedBlockingDeque::linkLast (69 bytes)
Event: 15.700 Thread 0x000000012680a400 nmethod 3590 0x000000010aaf5790 code [0x000000010aaf59c0, 0x000000010aaf60b8]
Event: 15.700 Thread 0x000000012680a400 3591       3       com.sun.glass.ui.InvokeLaterDispatcher$Future::<init> (20 bytes)
Event: 15.701 Thread 0x000000012680a400 nmethod 3591 0x000000010aaf6310 code [0x000000010aaf64c0, 0x000000010aaf6728]
Event: 15.749 Thread 0x000000012680a400 3592   !   3       javafx.scene.Node::sceneToLocal (13 bytes)
Event: 15.750 Thread 0x000000012680a400 nmethod 3592 0x000000010aaf6810 code [0x000000010aaf69c0, 0x000000010aaf6b98]
Event: 15.767 Thread 0x000000012680a400 3593       3       java.util.concurrent.locks.AbstractQueuedSynchronizer$ConditionNode::<init> (5 bytes)
Event: 15.767 Thread 0x000000012680a400 nmethod 3593 0x000000010aaf6c90 code [0x000000010aaf6e40, 0x000000010aaf7068]
Event: 15.767 Thread 0x000000012680a400 3594       3       java.util.concurrent.locks.AbstractQueuedSynchronizer$ConditionObject::enableWait (84 bytes)
Event: 15.768 Thread 0x000000012680a400 nmethod 3594 0x000000010aaf7190 code [0x000000010aaf7400, 0x000000010aaf7c58]
Event: 15.800 Thread 0x000000012680a400 3595       3       java.util.concurrent.locks.ReentrantLock$NonfairSync::tryAcquire (27 bytes)
Event: 15.800 Thread 0x000000012680a400 nmethod 3595 0x000000010aaf7f10 code [0x000000010aaf80c0, 0x000000010aaf8398]
Event: 15.866 Thread 0x000000012680a400 3596   !   3       java.util.concurrent.locks.AbstractQueuedSynchronizer::acquire (407 bytes)

GC Heap History (4 events):
Event: 0.300 GC heap before
{Heap before GC invocations=0 (full 0):
 garbage-first heap   total 266240K, used 24544K [0x0000000700000000, 0x0000000800000000)
  region size 2048K, 11 young (22528K), 0 survivors (0K)
 Metaspace       used 7077K, committed 7296K, reserved 1056768K
  class space    used 895K, committed 1024K, reserved 1048576K
}
Event: 0.302 GC heap after
{Heap after GC invocations=1 (full 0):
 garbage-first heap   total 266240K, used 4997K [0x0000000700000000, 0x0000000800000000)
  region size 2048K, 2 young (4096K), 2 survivors (4096K)
 Metaspace       used 7077K, committed 7296K, reserved 1056768K
  class space    used 895K, committed 1024K, reserved 1048576K
}
Event: 0.853 GC heap before
{Heap before GC invocations=1 (full 0):
 garbage-first heap   total 266240K, used 66437K [0x0000000700000000, 0x0000000800000000)
  region size 2048K, 23 young (47104K), 2 survivors (4096K)
 Metaspace       used 21324K, committed 21504K, reserved 1073152K
  class space    used 2906K, committed 3008K, reserved 1048576K
}
Event: 0.858 GC heap after
{Heap after GC invocations=2 (full 0):
 garbage-first heap   total 266240K, used 32141K [0x0000000700000000, 0x0000000800000000)
  region size 2048K, 4 young (8192K), 4 survivors (8192K)
 Metaspace       used 21324K, committed 21504K, reserved 1073152K
  class space    used 2906K, committed 3008K, reserved 1048576K
}

Deoptimization events (20 events):
Event: 12.867 Thread 0x00000001268ca000 Uncommon trap: trap_request=0xffffff45 fr.pc=0x0000000111a31074 relative=0x0000000000000634
Event: 12.867 Thread 0x00000001268ca000 Uncommon trap: reason=unstable_if action=reinterpret pc=0x0000000111a31074 method=com.sun.javafx.css.StyleManager.getStyleMap(Ljavafx/css/Styleable;Ljavafx/scene/SubScene;I)Lcom/sun/javafx/css/StyleMap; @ 2 c2
Event: 12.867 Thread 0x00000001268ca000 DEOPT PACKING pc=0x0000000111a31074 sp=0x000000016f980ec0
Event: 12.867 Thread 0x00000001268ca000 DEOPT UNPACKING pc=0x0000000109e76d1c sp=0x000000016f980dd0 mode 2
Event: 12.886 Thread 0x00000001268ca000 Uncommon trap: trap_request=0xffffffc6 fr.pc=0x0000000111a1ff94 relative=0x0000000000000154
Event: 12.886 Thread 0x00000001268ca000 Uncommon trap: reason=bimorphic_or_optimized_type_check action=maybe_recompile pc=0x0000000111a1ff94 method=javafx.beans.property.DoublePropertyBase.get()D @ 23 c2
Event: 12.886 Thread 0x00000001268ca000 DEOPT PACKING pc=0x0000000111a1ff94 sp=0x000000016f982db0
Event: 12.886 Thread 0x00000001268ca000 DEOPT UNPACKING pc=0x0000000109e76d1c sp=0x000000016f982d40 mode 2
Event: 12.886 Thread 0x00000001268ca000 Uncommon trap: trap_request=0xffffffc6 fr.pc=0x0000000111a1ff94 relative=0x0000000000000154
Event: 12.886 Thread 0x00000001268ca000 Uncommon trap: reason=bimorphic_or_optimized_type_check action=maybe_recompile pc=0x0000000111a1ff94 method=javafx.beans.property.DoublePropertyBase.get()D @ 23 c2
Event: 12.886 Thread 0x00000001268ca000 DEOPT PACKING pc=0x0000000111a1ff94 sp=0x000000016f982db0
Event: 12.886 Thread 0x00000001268ca000 DEOPT UNPACKING pc=0x0000000109e76d1c sp=0x000000016f982d40 mode 2
Event: 12.886 Thread 0x00000001268ca000 Uncommon trap: trap_request=0xffffffc6 fr.pc=0x0000000111a1ff94 relative=0x0000000000000154
Event: 12.886 Thread 0x00000001268ca000 Uncommon trap: reason=bimorphic_or_optimized_type_check action=maybe_recompile pc=0x0000000111a1ff94 method=javafx.beans.property.DoublePropertyBase.get()D @ 23 c2
Event: 12.886 Thread 0x00000001268ca000 DEOPT PACKING pc=0x0000000111a1ff94 sp=0x000000016f982d60
Event: 12.886 Thread 0x00000001268ca000 DEOPT UNPACKING pc=0x0000000109e76d1c sp=0x000000016f982cf0 mode 2
Event: 12.886 Thread 0x00000001268ca000 Uncommon trap: trap_request=0xffffffc6 fr.pc=0x0000000111a1ff94 relative=0x0000000000000154
Event: 12.886 Thread 0x00000001268ca000 Uncommon trap: reason=bimorphic_or_optimized_type_check action=maybe_recompile pc=0x0000000111a1ff94 method=javafx.beans.property.DoublePropertyBase.get()D @ 23 c2
Event: 12.886 Thread 0x00000001268ca000 DEOPT PACKING pc=0x0000000111a1ff94 sp=0x000000016f9828f0
Event: 12.886 Thread 0x00000001268ca000 DEOPT UNPACKING pc=0x0000000109e76d1c sp=0x000000016f982880 mode 2

Classes unloaded (0 events):
No events

Classes redefined (0 events):
No events

Internal exceptions (20 events):
Event: 0.445 Thread 0x00000001268ca000 Exception <a 'java/lang/IncompatibleClassChangeError'{0x000000070ec11070}: Found class java.lang.Object, but interface was expected> (0x000000070ec11070) 
thrown [open/src/hotspot/share/interpreter/linkResolver.cpp, line 833]
Event: 0.446 Thread 0x00000001268ca000 Exception <a 'java/lang/NoSuchMethodError'{0x000000070ec16578}: 'int java.lang.invoke.DirectMethodHandle$Holder.invokeStaticInit(java.lang.Object, java.lang.Object)'> (0x000000070ec16578) 
thrown [open/src/hotspot/share/interpreter/linkResolver.cpp, line 766]
Event: 0.626 Thread 0x00000001268ca000 Implicit null exception at 0x0000000111940b78 to 0x0000000111940c08
Event: 0.660 Thread 0x00000001268ca000 Implicit null exception at 0x000000011196aed4 to 0x000000011196b1e4
Event: 0.661 Thread 0x00000001268ca000 Implicit null exception at 0x000000011198fd54 to 0x0000000111990058
Event: 0.671 Thread 0x00000001268ca000 Exception <a 'java/lang/NoSuchMethodError'{0x000000070da3e368}: 'void java.lang.invoke.DirectMethodHandle$Holder.invokeSpecial(java.lang.Object, java.lang.Object, java.lang.Object, java.lang.Object, java.lang.Object)'> (0x000000070da3e368) 
thrown [open/src/hotspot/share/interpreter/linkResolver.cpp, line 766]
Event: 0.672 Thread 0x00000001268ca000 Exception <a 'java/lang/ClassNotFoundException'{0x000000070da5c488}: com/sun/javafx/scene/control/skin/resources/controls> (0x000000070da5c488) 
thrown [open/src/hotspot/share/prims/jni.cpp, line 535]
Event: 0.672 Thread 0x00000001268ca000 Exception <a 'java/lang/ClassNotFoundException'{0x000000070da6a428}: com/sun/javafx/scene/control/skin/resources/controls_en> (0x000000070da6a428) 
thrown [open/src/hotspot/share/prims/jni.cpp, line 535]
Event: 0.672 Thread 0x00000001268ca000 Exception <a 'java/lang/ClassNotFoundException'{0x000000070da6b458}: com/sun/javafx/scene/control/skin/resources/controls_en_US> (0x000000070da6b458) 
thrown [open/src/hotspot/share/prims/jni.cpp, line 535]
Event: 0.683 Thread 0x00000001268ca000 Exception <a 'java/lang/NoSuchMethodError'{0x000000070dbf0590}: 'java.lang.Object java.lang.invoke.DirectMethodHandle$Holder.invokeInterface(java.lang.Object, java.lang.Object, java.lang.Object)'> (0x000000070dbf0590) 
thrown [open/src/hotspot/share/interpreter/linkResolver.cpp, line 766]
Event: 0.683 Thread 0x00000001268ca000 Exception <a 'java/lang/IncompatibleClassChangeError'{0x000000070dbf3c58}: Found class java.lang.Object, but interface was expected> (0x000000070dbf3c58) 
thrown [open/src/hotspot/share/interpreter/linkResolver.cpp, line 833]
Event: 0.919 Thread 0x00000001268ca000 Exception <a 'java/lang/NoSuchMethodError'{0x00000007067171e0}: 'java.lang.Object java.lang.invoke.DirectMethodHandle$Holder.newInvokeSpecial(java.lang.Object, java.lang.Object, int)'> (0x00000007067171e0) 
thrown [open/src/hotspot/share/interpreter/linkResolver.cpp, line 766]
Event: 0.954 Thread 0x00000001268ca000 Exception <a 'java/lang/NoSuchMethodError'{0x0000000706734398}: 'java.lang.Object java.lang.invoke.DirectMethodHandle$Holder.invokeSpecial(java.lang.Object, java.lang.Object, double, java.lang.Object, java.lang.Object)'> (0x0000000706734398) 
thrown [open/src/hotspot/share/interpreter/linkResolver.cpp, line 766]
Event: 1.119 Thread 0x0000000148835e00 Exception <a 'java/lang/NoSuchMethodError'{0x0000000705f0f4f8}: 'java.lang.Object java.lang.invoke.DirectMethodHandle$Holder.invokeStaticInit(java.lang.Object, int)'> (0x0000000705f0f4f8) 
thrown [open/src/hotspot/share/interpreter/linkResolver.cpp, line 766]
Event: 2.253 Thread 0x00000001268ca000 Exception <a 'java/lang/NoSuchMethodError'{0x0000000705cf1e68}: 'long java.lang.invoke.DirectMethodHandle$Holder.invokeStatic(java.lang.Object, java.lang.Object, java.lang.Object)'> (0x0000000705cf1e68) 
thrown [open/src/hotspot/share/interpreter/linkResolver.cpp, line 766]
Event: 2.253 Thread 0x00000001268ca000 Exception <a 'java/lang/NoSuchMethodError'{0x0000000705cf5610}: 'long java.lang.invoke.DirectMethodHandle$Holder.invokeStaticInit(java.lang.Object, java.lang.Object, java.lang.Object)'> (0x0000000705cf5610) 
thrown [open/src/hotspot/share/interpreter/linkResolver.cpp, line 766]
Event: 2.255 Thread 0x00000001268ca000 Exception <a 'java/lang/NoSuchMethodError'{0x0000000705d0d218}: 'java.lang.Object java.lang.invoke.DirectMethodHandle$Holder.newInvokeSpecial(java.lang.Object, java.lang.Object, long)'> (0x0000000705d0d218) 
thrown [open/src/hotspot/share/interpreter/linkResolver.cpp, line 766]
Event: 2.255 Thread 0x00000001268ca000 Exception <a 'java/lang/NoSuchMethodError'{0x0000000705d10ae0}: 'java.lang.Object java.lang.invoke.Invokers$Holder.linkToTargetMethod(java.lang.Object, long, java.lang.Object)'> (0x0000000705d10ae0) 
thrown [open/src/hotspot/share/interpreter/linkResolver.cpp, line 766]
Event: 2.379 Thread 0x00000001268ca000 Exception <a 'java/io/FileNotFoundException'{0x0000000705a2e518}> (0x0000000705a2e518) 
thrown [open/src/hotspot/share/prims/jni.cpp, line 516]
Event: 12.862 Thread 0x00000001268ca000 Exception <a 'java/lang/NoSuchMethodError'{0x00000007056af1a0}: 'void java.lang.invoke.DirectMethodHandle$Holder.invokeSpecial(java.lang.Object, java.lang.Object, java.lang.Object, java.lang.Object, java.lang.Object, java.lang.Object)'> (0x00000007056af1a0) 
thrown [open/src/hotspot/share/interpreter/linkResolver.cpp, line 766]

VM Operations (20 events):
Event: 4.377 Executing VM operation: Cleanup
Event: 4.377 Executing VM operation: Cleanup done
Event: 5.382 Executing VM operation: Cleanup
Event: 5.382 Executing VM operation: Cleanup done
Event: 6.387 Executing VM operation: Cleanup
Event: 6.387 Executing VM operation: Cleanup done
Event: 10.407 Executing VM operation: Cleanup
Event: 10.407 Executing VM operation: Cleanup done
Event: 11.412 Executing VM operation: Cleanup
Event: 11.412 Executing VM operation: Cleanup done
Event: 12.417 Executing VM operation: Cleanup
Event: 12.418 Executing VM operation: Cleanup done
Event: 12.830 Executing VM operation: HandshakeAllThreads
Event: 12.830 Executing VM operation: HandshakeAllThreads done
Event: 13.835 Executing VM operation: Cleanup
Event: 13.835 Executing VM operation: Cleanup done
Event: 14.840 Executing VM operation: Cleanup
Event: 14.840 Executing VM operation: Cleanup done
Event: 15.845 Executing VM operation: Cleanup
Event: 15.845 Executing VM operation: Cleanup done

Events (20 events):
Event: 1.700 Protecting memory [0x0000000172628000,0x0000000172634000] with protection modes 3
Event: 1.700 Thread 0x0000000126bad200 Thread exited: 0x0000000126bad200
Event: 1.717 Protecting memory [0x0000000172628000,0x0000000172634000] with protection modes 0
Event: 1.717 Thread 0x0000000130808200 Thread added: 0x0000000130808200
Event: 2.000 Protecting memory [0x0000000172628000,0x0000000172634000] with protection modes 3
Event: 2.000 Thread 0x0000000130808200 Thread exited: 0x0000000130808200
Event: 2.250 Protecting memory [0x0000000172628000,0x0000000172634000] with protection modes 0
Event: 2.250 Thread 0x000000013000aa00 Thread added: 0x000000013000aa00
Event: 3.017 Protecting memory [0x0000000172628000,0x0000000172634000] with protection modes 3
Event: 3.017 Thread 0x000000013000aa00 Thread exited: 0x000000013000aa00
Event: 11.334 Protecting memory [0x0000000170c80000,0x0000000170c8c000] with protection modes 0
Event: 11.334 Thread 0x000000012700c600 Thread added: 0x000000012700c600
Event: 12.250 Protecting memory [0x0000000170c80000,0x0000000170c8c000] with protection modes 3
Event: 12.250 Thread 0x000000012700c600 Thread exited: 0x000000012700c600
Event: 12.333 Protecting memory [0x0000000170c80000,0x0000000170c8c000] with protection modes 0
Event: 12.333 Thread 0x0000000148a2f200 Thread added: 0x0000000148a2f200
Event: 12.617 Protecting memory [0x0000000170c80000,0x0000000170c8c000] with protection modes 3
Event: 12.617 Thread 0x0000000148a2f200 Thread exited: 0x0000000148a2f200
Event: 12.701 Protecting memory [0x0000000170c80000,0x0000000170c8c000] with protection modes 0
Event: 12.701 Thread 0x000000013006aa00 Thread added: 0x000000013006aa00


Dynamic libraries:
0x00000001005ac000 	/Users/danielweiner/Library/Java/JavaVirtualMachines/openjdk-17.0.2/Contents/Home/lib/libjli.dylib
0x00000001cd340000 	/usr/lib/libz.1.dylib
0x00000001cd3f7000 	/usr/lib/libSystem.B.dylib
0x00000001cd3f1000 	/usr/lib/system/libcache.dylib
0x00000001cd3af000 	/usr/lib/system/libcommonCrypto.dylib
0x00000001cd3d8000 	/usr/lib/system/libcompiler_rt.dylib
0x00000001cd3cf000 	/usr/lib/system/libcopyfile.dylib
0x00000001c2637000 	/usr/lib/system/libcorecrypto.dylib
0x00000001c26ea000 	/usr/lib/system/libdispatch.dylib
0x00000001c28b8000 	/usr/lib/system/libdyld.dylib
0x00000001cd3e7000 	/usr/lib/system/libkeymgr.dylib
0x00000001cd38a000 	/usr/lib/system/libmacho.dylib
0x00000001cca7f000 	/usr/lib/system/libquarantine.dylib
0x00000001cd3e4000 	/usr/lib/system/libremovefile.dylib
0x00000001c7a20000 	/usr/lib/system/libsystem_asl.dylib
0x00000001c25d9000 	/usr/lib/system/libsystem_blocks.dylib
0x00000001c2772000 	/usr/lib/system/libsystem_c.dylib
0x00000001cd3dc000 	/usr/lib/system/libsystem_collections.dylib
0x00000001cbf0d000 	/usr/lib/system/libsystem_configuration.dylib
0x00000001cb169000 	/usr/lib/system/libsystem_containermanager.dylib
0x00000001cd0ec000 	/usr/lib/system/libsystem_coreservices.dylib
0x00000001c4fe0000 	/usr/lib/system/libsystem_darwin.dylib
0x00000001cd3e8000 	/usr/lib/system/libsystem_dnssd.dylib
0x00000001c276f000 	/usr/lib/system/libsystem_featureflags.dylib
0x00000001c28cd000 	/usr/lib/system/libsystem_info.dylib
0x00000001cd352000 	/usr/lib/system/libsystem_m.dylib
0x00000001c26bf000 	/usr/lib/system/libsystem_malloc.dylib
0x00000001c79af000 	/usr/lib/system/libsystem_networkextension.dylib
0x00000001c5439000 	/usr/lib/system/libsystem_notify.dylib
0x00000001d3735000 	/usr/lib/system/libsystem_product_info_filter.dylib
0x00000001cbf12000 	/usr/lib/system/libsystem_sandbox.dylib
0x00000001cd3e1000 	/usr/lib/system/libsystem_secinit.dylib
0x00000001c2873000 	/usr/lib/system/libsystem_kernel.dylib
0x00000001c28c5000 	/usr/lib/system/libsystem_platform.dylib
0x00000001c28ab000 	/usr/lib/system/libsystem_pthread.dylib
0x00000001c9178000 	/usr/lib/system/libsystem_symptoms.dylib
0x00000001c261d000 	/usr/lib/system/libsystem_trace.dylib
0x00000001cd3bc000 	/usr/lib/system/libunwind.dylib
0x00000001c25db000 	/usr/lib/system/libxpc.dylib
0x00000001c285b000 	/usr/lib/libc++abi.dylib
0x00000001c2731000 	/usr/lib/libobjc.A.dylib
0x00000001cd3c7000 	/usr/lib/liboah.dylib
0x00000001c27f4000 	/usr/lib/libc++.1.dylib
0x00000001d924e000 	/System/Library/Frameworks/Cocoa.framework/Versions/A/Cocoa
0x00000001c549a000 	/System/Library/Frameworks/AppKit.framework/Versions/C/AppKit
0x00000001c89a0000 	/System/Library/Frameworks/CoreData.framework/Versions/A/CoreData
0x00000001c37f5000 	/System/Library/Frameworks/Foundation.framework/Versions/C/Foundation
0x00000001c6352000 	/System/Library/PrivateFrameworks/UIFoundation.framework/Versions/A/UIFoundation
0x00000001d342f000 	/System/Library/PrivateFrameworks/RemoteViewServices.framework/Versions/A/RemoteViewServices
0x00000001cb8b5000 	/System/Library/PrivateFrameworks/XCTTargetBootstrap.framework/Versions/A/XCTTargetBootstrap
0x00000001cf133000 	/System/Library/PrivateFrameworks/InternationalSupport.framework/Versions/A/InternationalSupport
0x00000001cf1bc000 	/System/Library/PrivateFrameworks/UserActivity.framework/Versions/A/UserActivity
0x00000001ce62e000 	/usr/lib/libspindump.dylib
0x00000001c65c3000 	/System/Library/Frameworks/UniformTypeIdentifiers.framework/Versions/A/UniformTypeIdentifiers
0x00000001c9e00000 	/usr/lib/libapp_launch_measurement.dylib
0x00000001c932a000 	/System/Library/PrivateFrameworks/CoreAnalytics.framework/Versions/A/CoreAnalytics
0x00000001c9e03000 	/System/Library/PrivateFrameworks/CoreAutoLayout.framework/Versions/A/CoreAutoLayout
0x00000001cb1a6000 	/System/Library/Frameworks/Metal.framework/Versions/A/Metal
0x00000001cbf1d000 	/usr/lib/liblangid.dylib
0x00000001cb8ba000 	/System/Library/PrivateFrameworks/CoreSVG.framework/Versions/A/CoreSVG
0x00000001c7a54000 	/System/Library/PrivateFrameworks/SkyLight.framework/Versions/A/SkyLight
0x00000001c7e29000 	/System/Library/Frameworks/CoreGraphics.framework/Versions/A/CoreGraphics
0x00000001d3afb000 	/System/Library/Frameworks/Accelerate.framework/Versions/A/Accelerate
0x00000001ce0a5000 	/System/Library/PrivateFrameworks/IconServices.framework/Versions/A/IconServices
0x00000001cb188000 	/System/Library/Frameworks/IOSurface.framework/Versions/A/IOSurface
0x00000001c935b000 	/usr/lib/libDiagnosticMessagesClient.dylib
0x00000001d6ffc000 	/System/Library/Frameworks/ApplicationServices.framework/Versions/A/ApplicationServices
0x00000001cb89d000 	/System/Library/PrivateFrameworks/DFRFoundation.framework/Versions/A/DFRFoundation
0x00000001c4d2a000 	/usr/lib/libicucore.A.dylib
0x00000001cffdf000 	/System/Library/Frameworks/AudioToolbox.framework/Versions/A/AudioToolbox
0x00000001cf13f000 	/System/Library/PrivateFrameworks/DataDetectorsCore.framework/Versions/A/DataDetectorsCore
0x00000001e5a7f000 	/System/Library/PrivateFrameworks/TextInput.framework/Versions/A/TextInput
0x00000001c79c9000 	/usr/lib/libMobileGestalt.dylib
0x00000001cb569000 	/System/Library/Frameworks/Carbon.framework/Versions/A/Frameworks/HIToolbox.framework/Versions/A/HIToolbox
0x00000001c97dc000 	/System/Library/Frameworks/QuartzCore.framework/Versions/A/QuartzCore
0x00000001c49ad000 	/System/Library/Frameworks/Security.framework/Versions/A/Security
0x00000001d346f000 	/System/Library/Frameworks/Carbon.framework/Versions/A/Frameworks/SpeechRecognition.framework/Versions/A/SpeechRecognition
0x00000001c9b56000 	/System/Library/PrivateFrameworks/CoreUI.framework/Versions/A/CoreUI
0x00000001c428a000 	/System/Library/Frameworks/CoreAudio.framework/Versions/A/CoreAudio
0x00000001c9450000 	/System/Library/Frameworks/DiskArbitration.framework/Versions/A/DiskArbitration
0x00000001cea38000 	/System/Library/PrivateFrameworks/MultitouchSupport.framework/Versions/A/MultitouchSupport
0x00000001c79c7000 	/usr/lib/libenergytrace.dylib
0x00000001c5362000 	/System/Library/Frameworks/IOKit.framework/Versions/A/IOKit
0x00000001d385e000 	/System/Library/Frameworks/CoreServices.framework/Versions/A/CoreServices
0x00000001c9d90000 	/System/Library/PrivateFrameworks/PerformanceAnalysis.framework/Versions/A/PerformanceAnalysis
0x0000000223d67000 	/System/Library/Frameworks/OpenGL.framework/Versions/A/OpenGL
0x00000001cc997000 	/System/Library/PrivateFrameworks/MobileKeyBag.framework/Versions/A/MobileKeyBag
0x00000001c8436000 	/System/Library/Frameworks/ColorSync.framework/Versions/A/ColorSync
0x00000001c28fa000 	/System/Library/Frameworks/CoreFoundation.framework/Versions/A/CoreFoundation
0x00000001cbb39000 	/System/Library/Frameworks/CoreImage.framework/Versions/A/CoreImage
0x00000001c40ae000 	/System/Library/Frameworks/CoreText.framework/Versions/A/CoreText
0x00000001cb8ea000 	/System/Library/Frameworks/ImageIO.framework/Versions/A/ImageIO
0x00000001cd3fd000 	/System/Library/PrivateFrameworks/SoftLinking.framework/Versions/A/SoftLinking
0x00000001c9e4e000 	/usr/lib/libxml2.2.dylib
0x00000001cd696000 	/usr/lib/libcompression.dylib
0x00000001cf08f000 	/System/Library/PrivateFrameworks/TextureIO.framework/Versions/A/TextureIO
0x00000001cddbe000 	/usr/lib/libate.dylib
0x00000001cdc83000 	/usr/lib/liblzma.5.dylib
0x00000001c34e9000 	/System/Library/Frameworks/SystemConfiguration.framework/Versions/A/SystemConfiguration
0x00000001cd3f9000 	/usr/lib/libfakelink.dylib
0x00000001c74fb000 	/System/Library/Frameworks/CFNetwork.framework/Versions/A/CFNetwork
0x00000001cd53f000 	/usr/lib/libarchive.2.dylib
0x00000001cbf19000 	/System/Library/PrivateFrameworks/AppleSystemInfo.framework/Versions/A/AppleSystemInfo
0x00000001ccaaa000 	/usr/lib/libbsm.0.dylib
0x00000001c6a6c000 	/usr/lib/libnetwork.dylib
0x00000001cd393000 	/usr/lib/system/libkxld.dylib
0x00000001cc6bd000 	/System/Library/PrivateFrameworks/IOMobileFramebuffer.framework/Versions/A/IOMobileFramebuffer
0x0000000241693000 	/usr/lib/libCoreEntitlements.dylib
0x00000001cd0ce000 	/System/Library/PrivateFrameworks/AppleFSCompression.framework/Versions/A/AppleFSCompression
0x00000001cca92000 	/usr/lib/libcoretls.dylib
0x00000001cdc9c000 	/usr/lib/libcoretls_cfhelpers.dylib
0x00000001cd691000 	/usr/lib/libpam.2.dylib
0x00000001c8d8f000 	/usr/lib/libsqlite3.dylib
0x00000001cdd05000 	/usr/lib/libxar.1.dylib
0x00000001cd0df000 	/usr/lib/libbz2.1.0.dylib
0x00000001cd3fe000 	/usr/lib/libpcap.A.dylib
0x00000001c916f000 	/usr/lib/libdns_services.dylib
0x00000001cd664000 	/usr/lib/libapple_nghttp2.dylib
0x00000001cd43b000 	/usr/lib/libiconv.2.dylib
0x00000001cd389000 	/usr/lib/libcharset.1.dylib
0x00000001c9dcc000 	/System/Library/Frameworks/CoreServices.framework/Versions/A/Frameworks/FSEvents.framework/Versions/A/FSEvents
0x00000001c4feb000 	/System/Library/Frameworks/CoreServices.framework/Versions/A/Frameworks/CarbonCore.framework/Versions/A/CarbonCore
0x00000001c93b0000 	/System/Library/Frameworks/CoreServices.framework/Versions/A/Frameworks/Metadata.framework/Versions/A/Metadata
0x00000001cd0f2000 	/System/Library/Frameworks/CoreServices.framework/Versions/A/Frameworks/OSServices.framework/Versions/A/OSServices
0x00000001cd5c5000 	/System/Library/Frameworks/CoreServices.framework/Versions/A/Frameworks/SearchKit.framework/Versions/A/SearchKit
0x00000001c90fe000 	/System/Library/Frameworks/CoreServices.framework/Versions/A/Frameworks/AE.framework/Versions/A/AE
0x00000001c2e40000 	/System/Library/Frameworks/CoreServices.framework/Versions/A/Frameworks/LaunchServices.framework/Versions/A/LaunchServices
0x00000001cdc2c000 	/System/Library/Frameworks/CoreServices.framework/Versions/A/Frameworks/DictionaryServices.framework/Versions/A/DictionaryServices
0x00000001c9dd9000 	/System/Library/Frameworks/CoreServices.framework/Versions/A/Frameworks/SharedFileList.framework/Versions/A/SharedFileList
0x00000001cca82000 	/usr/lib/libCheckFix.dylib
0x00000001c7a38000 	/System/Library/PrivateFrameworks/TCC.framework/Versions/A/TCC
0x00000001cbf1f000 	/System/Library/PrivateFrameworks/CoreNLP.framework/Versions/A/CoreNLP
0x00000001c935e000 	/System/Library/PrivateFrameworks/MetadataUtilities.framework/Versions/A/MetadataUtilities
0x00000001c35a2000 	/usr/lib/libmecabra.dylib
0x00000001ccabb000 	/usr/lib/libmecab.dylib
0x00000001c356e000 	/usr/lib/libCRFSuite.dylib
0x00000001ccb18000 	/usr/lib/libgermantok.dylib
0x00000001cd63d000 	/usr/lib/libThaiTokenizer.dylib
0x00000001c9458000 	/System/Library/Frameworks/Accelerate.framework/Versions/A/Frameworks/vImage.framework/Versions/A/vImage
0x00000001d3835000 	/System/Library/Frameworks/Accelerate.framework/Versions/A/Frameworks/vecLib.framework/Versions/A/vecLib
0x00000001cdd4a000 	/System/Library/Frameworks/Accelerate.framework/Versions/A/Frameworks/vecLib.framework/Versions/A/libvMisc.dylib
0x00000001cc5c4000 	/System/Library/Frameworks/Accelerate.framework/Versions/A/Frameworks/vecLib.framework/Versions/A/libvDSP.dylib
0x00000001c31c9000 	/System/Library/Frameworks/Accelerate.framework/Versions/A/Frameworks/vecLib.framework/Versions/A/libBLAS.dylib
0x00000001cd767000 	/System/Library/Frameworks/Accelerate.framework/Versions/A/Frameworks/vecLib.framework/Versions/A/libLAPACK.dylib
0x00000001ccb1b000 	/System/Library/Frameworks/Accelerate.framework/Versions/A/Frameworks/vecLib.framework/Versions/A/libLinearAlgebra.dylib
0x00000001cd67c000 	/System/Library/Frameworks/Accelerate.framework/Versions/A/Frameworks/vecLib.framework/Versions/A/libSparseBLAS.dylib
0x00000001cd762000 	/System/Library/Frameworks/Accelerate.framework/Versions/A/Frameworks/vecLib.framework/Versions/A/libQuadrature.dylib
0x00000001cc018000 	/System/Library/Frameworks/Accelerate.framework/Versions/A/Frameworks/vecLib.framework/Versions/A/libBNNS.dylib
0x00000001c3487000 	/System/Library/Frameworks/Accelerate.framework/Versions/A/Frameworks/vecLib.framework/Versions/A/libSparse.dylib
0x00000001cc010000 	/System/Library/PrivateFrameworks/LinguisticData.framework/Versions/A/LinguisticData
0x00000001c343f000 	/System/Library/PrivateFrameworks/Lexicon.framework/Versions/A/Lexicon
0x00000001cdd42000 	/usr/lib/libChineseTokenizer.dylib
0x00000001c3be6000 	/System/Library/PrivateFrameworks/LanguageModeling.framework/Versions/A/LanguageModeling
0x00000001cd63f000 	/System/Library/PrivateFrameworks/AppleSauce.framework/Versions/A/AppleSauce
0x00000001cc6aa000 	/System/Library/PrivateFrameworks/CoreEmoji.framework/Versions/A/CoreEmoji
0x00000001cd52d000 	/usr/lib/libcmph.dylib
0x00000001c9dac000 	/System/Library/Frameworks/OpenDirectory.framework/Versions/A/Frameworks/CFOpenDirectory.framework/Versions/A/CFOpenDirectory
0x00000001c9d9c000 	/System/Library/Frameworks/OpenDirectory.framework/Versions/A/OpenDirectory
0x00000001cdc9e000 	/System/Library/PrivateFrameworks/APFS.framework/Versions/A/APFS
0x00000001cc9d2000 	/System/Library/Frameworks/SecurityFoundation.framework/Versions/A/SecurityFoundation
0x00000001cdd14000 	/usr/lib/libutil.dylib
0x00000001c5324000 	/System/Library/PrivateFrameworks/CoreServicesStore.framework/Versions/A/CoreServicesStore
0x00000001cdd18000 	/usr/lib/libxslt.1.dylib
0x00000001cca66000 	/System/Library/PrivateFrameworks/BackgroundTaskManagement.framework/Versions/A/BackgroundTaskManagement
0x00000001cefb0000 	/System/Library/Frameworks/ImageIO.framework/Versions/A/Resources/libRadiance.dylib
0x00000001cefb9000 	/System/Library/Frameworks/ImageIO.framework/Versions/A/Resources/libJPEG.dylib
0x00000001cef0c000 	/System/Library/Frameworks/ImageIO.framework/Versions/A/Resources/libPng.dylib
0x00000001cef2e000 	/System/Library/Frameworks/ImageIO.framework/Versions/A/Resources/libTIFF.dylib
0x00000001cf014000 	/System/Library/Frameworks/ImageIO.framework/Versions/A/Resources/libGIF.dylib
0x00000001ce948000 	/System/Library/Frameworks/ImageIO.framework/Versions/A/Resources/libJP2.dylib
0x00000001ce06a000 	/usr/lib/libexpat.1.dylib
0x00000001ce903000 	/System/Library/PrivateFrameworks/AppleJPEG.framework/Versions/A/AppleJPEG
0x00000001cb425000 	/System/Library/PrivateFrameworks/FontServices.framework/libFontParser.dylib
0x00000001c90a3000 	/System/Library/PrivateFrameworks/RunningBoardServices.framework/Versions/A/RunningBoardServices
0x00000001d9921000 	/System/Library/PrivateFrameworks/IOSurfaceAccelerator.framework/Versions/A/IOSurfaceAccelerator
0x00000001cea34000 	/System/Library/PrivateFrameworks/WatchdogClient.framework/Versions/A/WatchdogClient
0x00000001c3cea000 	/System/Library/Frameworks/CoreDisplay.framework/Versions/A/CoreDisplay
0x00000001cb30f000 	/System/Library/Frameworks/CoreMedia.framework/Versions/A/CoreMedia
0x00000001cb19c000 	/System/Library/PrivateFrameworks/IOAccelerator.framework/Versions/A/IOAccelerator
0x00000001c9f3c000 	/System/Library/Frameworks/CoreVideo.framework/Versions/A/CoreVideo
0x00000001cd68f000 	/System/Library/Frameworks/MetalPerformanceShaders.framework/Versions/A/MetalPerformanceShaders
0x00000001cea73000 	/System/Library/Frameworks/VideoToolbox.framework/Versions/A/VideoToolbox
0x00000001c8fe7000 	/System/Library/PrivateFrameworks/BaseBoard.framework/Versions/A/BaseBoard
0x00000001c8d75000 	/System/Library/PrivateFrameworks/ProtocolBuffer.framework/Versions/A/ProtocolBuffer
0x00000001cefab000 	/System/Library/PrivateFrameworks/GPUWrangler.framework/Versions/A/GPUWrangler
0x00000001cef8b000 	/System/Library/PrivateFrameworks/IOPresentment.framework/Versions/A/IOPresentment
0x00000001cefb3000 	/System/Library/PrivateFrameworks/DSExternalDisplay.framework/Versions/A/DSExternalDisplay
0x0000000223d5a000 	/System/Library/Frameworks/OpenGL.framework/Versions/A/Libraries/libCoreFSCache.dylib
0x000000022e219000 	/System/Library/PrivateFrameworks/GPUCompiler.framework/Versions/31001/Libraries/libGPUCompilerUtils.dylib
0x00000001cf019000 	/System/Library/PrivateFrameworks/CMCaptureCore.framework/Versions/A/CMCaptureCore
0x00000001ce61b000 	/System/Library/PrivateFrameworks/AppServerSupport.framework/Versions/A/AppServerSupport
0x00000001d089c000 	/System/Library/PrivateFrameworks/perfdata.framework/Versions/A/perfdata
0x00000001c3e0a000 	/System/Library/PrivateFrameworks/AudioToolboxCore.framework/Versions/A/AudioToolboxCore
0x00000001cb2e8000 	/System/Library/PrivateFrameworks/caulk.framework/Versions/A/caulk
0x00000001d0191000 	/usr/lib/libAudioStatistics.dylib
0x00000001e20e6000 	/System/Library/PrivateFrameworks/SystemPolicy.framework/Versions/A/SystemPolicy
0x00000001d03fd000 	/usr/lib/libSMC.dylib
0x00000001d9130000 	/System/Library/Frameworks/CoreMIDI.framework/Versions/A/CoreMIDI
0x00000001ceeda000 	/usr/lib/libAudioToolboxUtility.dylib
0x00000001de1b3000 	/System/Library/PrivateFrameworks/OSAServicesClient.framework/Versions/A/OSAServicesClient
0x00000001d08a9000 	/usr/lib/libperfcheck.dylib
0x00000001e2bfe000 	/usr/lib/libmis.dylib
0x0000000223dbc000 	/System/Library/Frameworks/OpenGL.framework/Versions/A/Libraries/libGLU.dylib
0x0000000223d7b000 	/System/Library/Frameworks/OpenGL.framework/Versions/A/Libraries/libGFXShared.dylib
0x0000000223f68000 	/System/Library/Frameworks/OpenGL.framework/Versions/A/Libraries/libGL.dylib
0x0000000223d84000 	/System/Library/Frameworks/OpenGL.framework/Versions/A/Libraries/libGLImage.dylib
0x0000000223d78000 	/System/Library/Frameworks/OpenGL.framework/Versions/A/Libraries/libCVMSPluginSupport.dylib
0x0000000223d61000 	/System/Library/Frameworks/OpenGL.framework/Versions/A/Libraries/libCoreVMClient.dylib
0x00000001cbe99000 	/System/Library/Frameworks/MetalPerformanceShaders.framework/Versions/A/Frameworks/MPSCore.framework/Versions/A/MPSCore
0x00000001cd041000 	/System/Library/Frameworks/MetalPerformanceShaders.framework/Versions/A/Frameworks/MPSImage.framework/Versions/A/MPSImage
0x00000001ccb30000 	/System/Library/Frameworks/MetalPerformanceShaders.framework/Versions/A/Frameworks/MPSNeuralNetwork.framework/Versions/A/MPSNeuralNetwork
0x00000001ccf69000 	/System/Library/Frameworks/MetalPerformanceShaders.framework/Versions/A/Frameworks/MPSMatrix.framework/Versions/A/MPSMatrix
0x00000001ccd42000 	/System/Library/Frameworks/MetalPerformanceShaders.framework/Versions/A/Frameworks/MPSRayIntersector.framework/Versions/A/MPSRayIntersector
0x00000001ccf9a000 	/System/Library/Frameworks/MetalPerformanceShaders.framework/Versions/A/Frameworks/MPSNDArray.framework/Versions/A/MPSNDArray
0x0000000225ed3000 	/System/Library/Frameworks/MetalPerformanceShaders.framework/Versions/A/Frameworks/MPSFunctions.framework/Versions/A/MPSFunctions
0x00000001c30a0000 	/System/Library/PrivateFrameworks/MetalTools.framework/Versions/A/MetalTools
0x00000001cbf17000 	/System/Library/PrivateFrameworks/AggregateDictionary.framework/Versions/A/AggregateDictionary
0x00000001cde4f000 	/usr/lib/libIOReport.dylib
0x00000001d814e000 	/System/Library/PrivateFrameworks/ASEProcessing.framework/Versions/A/ASEProcessing
0x00000001ce1c4000 	/System/Library/PrivateFrameworks/FaceCore.framework/Versions/A/FaceCore
0x00000001ce1b6000 	/System/Library/PrivateFrameworks/GraphVisualizer.framework/Versions/A/GraphVisualizer
0x000000022e130000 	/System/Library/PrivateFrameworks/FontServices.framework/Versions/A/FontServices
0x00000001ce5d7000 	/System/Library/PrivateFrameworks/OTSVG.framework/Versions/A/OTSVG
0x00000001c9b06000 	/System/Library/Frameworks/ApplicationServices.framework/Versions/A/Frameworks/ATS.framework/Versions/A/Resources/libFontRegistry.dylib
0x00000001ce624000 	/System/Library/PrivateFrameworks/FontServices.framework/libhvf.dylib
0x000000022e131000 	/System/Library/PrivateFrameworks/FontServices.framework/libXTFontStaticRegistryData.dylib
0x0000000224109000 	/System/Library/Frameworks/OpenCL.framework/Versions/A/OpenCL
0x00000001ce01e000 	/System/Library/PrivateFrameworks/AppleVA.framework/Versions/A/AppleVA
0x00000001d01b9000 	/System/Library/Frameworks/ApplicationServices.framework/Versions/A/Frameworks/ATS.framework/Versions/A/ATS
0x00000001c8533000 	/System/Library/Frameworks/ApplicationServices.framework/Versions/A/Frameworks/HIServices.framework/Versions/A/HIServices
0x00000001cf023000 	/System/Library/Frameworks/ApplicationServices.framework/Versions/A/Frameworks/PrintCore.framework/Versions/A/PrintCore
0x00000001d0550000 	/System/Library/Frameworks/ApplicationServices.framework/Versions/A/Frameworks/QD.framework/Versions/A/QD
0x00000001d0548000 	/System/Library/Frameworks/ApplicationServices.framework/Versions/A/Frameworks/ColorSyncLegacy.framework/Versions/A/ColorSyncLegacy
0x00000001d01a5000 	/System/Library/Frameworks/ApplicationServices.framework/Versions/A/Frameworks/SpeechSynthesis.framework/Versions/A/SpeechSynthesis
0x00000001cefe4000 	/System/Library/Frameworks/ApplicationServices.framework/Versions/A/Frameworks/ATSUI.framework/Versions/A/ATSUI
0x00000001d04dd000 	/usr/lib/libcups.2.dylib
0x00000001d08b7000 	/System/Library/Frameworks/Kerberos.framework/Versions/A/Kerberos
0x00000001d08c8000 	/System/Library/Frameworks/GSS.framework/Versions/A/GSS
0x00000001d0229000 	/usr/lib/libresolv.9.dylib
0x00000001ce633000 	/System/Library/PrivateFrameworks/Heimdal.framework/Versions/A/Heimdal
0x00000001d7383000 	/System/Library/Frameworks/Kerberos.framework/Versions/A/Libraries/libHeimdalProxy.dylib
0x00000001c9181000 	/System/Library/Frameworks/Network.framework/Versions/A/Network
0x00000001ce085000 	/usr/lib/libheimdal-asn1.dylib
0x00000001d0918000 	/System/Library/PrivateFrameworks/CommonAuth.framework/Versions/A/CommonAuth
0x00000001d011f000 	/System/Library/PrivateFrameworks/AudioSession.framework/Versions/A/AudioSession
0x00000001ce117000 	/System/Library/PrivateFrameworks/MediaExperience.framework/Versions/A/MediaExperience
0x00000001cffa5000 	/System/Library/PrivateFrameworks/AudioSession.framework/libSessionUtility.dylib
0x00000001d055c000 	/System/Library/PrivateFrameworks/AudioResourceArbitration.framework/Versions/A/AudioResourceArbitration
0x00000001d4712000 	/System/Library/PrivateFrameworks/PowerLog.framework/Versions/A/PowerLog
0x00000001ce08f000 	/System/Library/PrivateFrameworks/IconFoundation.framework/Versions/A/IconFoundation
0x00000001d345b000 	/System/Library/PrivateFrameworks/SpeechRecognitionCore.framework/Versions/A/SpeechRecognitionCore
0x0000000101748000 	/Users/danielweiner/Library/Java/JavaVirtualMachines/openjdk-17.0.2/Contents/Home/lib/server/libjvm.dylib
0x0000000100610000 	/Users/danielweiner/Library/Java/JavaVirtualMachines/openjdk-17.0.2/Contents/Home/lib/libjimage.dylib
0x000000010063c000 	/Users/danielweiner/Library/Java/JavaVirtualMachines/openjdk-17.0.2/Contents/Home/lib/libinstrument.dylib
0x0000000100688000 	/Users/danielweiner/Library/Java/JavaVirtualMachines/openjdk-17.0.2/Contents/Home/lib/libjava.dylib
0x0000000100764000 	/Users/danielweiner/Library/Java/JavaVirtualMachines/openjdk-17.0.2/Contents/Home/lib/libnio.dylib
0x0000000101214000 	/Users/danielweiner/Library/Java/JavaVirtualMachines/openjdk-17.0.2/Contents/Home/lib/libnet.dylib
0x0000000100670000 	/Users/danielweiner/Library/Java/JavaVirtualMachines/openjdk-17.0.2/Contents/Home/lib/libzip.dylib
0x0000000101238000 	/Users/danielweiner/.openjfx/cache/17.0.1/libprism_es2.dylib
0x00000001c52e7000 	/System/Library/PrivateFrameworks/CoreServicesInternal.framework/Versions/A/CoreServicesInternal
0x0000000223f72000 	/System/Library/Frameworks/OpenGL.framework/Versions/A/Resources/GLEngine.bundle/GLEngine
0x0000000223dfa000 	/System/Library/Frameworks/OpenGL.framework/Versions/A/Libraries/libGLProgrammability.dylib
0x0000000123e38000 	/System/Library/Extensions/AppleMetalOpenGLRenderer.bundle/Contents/MacOS/AppleMetalOpenGLRenderer
0x00000002240e1000 	/System/Library/Frameworks/OpenGL.framework/Versions/A/Resources/GLRendererFloat.bundle/GLRendererFloat
0x00000002241e1000 	/System/Library/Extensions/AGXMetal13_3.bundle/Contents/MacOS/AGXMetal13_3
0x00000001e2c1a000 	/System/Library/PrivateFrameworks/GPURawCounter.framework/Versions/A/GPURawCounter
0x00000001dd324000 	/System/Library/PrivateFrameworks/IOGPU.framework/Versions/A/IOGPU
0x0000000131698000 	/Users/danielweiner/.openjfx/cache/17.0.1/libglass.dylib
0x00000001d496a000 	/System/Library/Frameworks/FileProvider.framework/Versions/A/FileProvider
0x00000001c8f4f000 	/System/Library/Frameworks/Accounts.framework/Versions/A/Accounts
0x00000001d4aee000 	/System/Library/PrivateFrameworks/GenerationalStorage.framework/Versions/A/GenerationalStorage
0x00000001d56b1000 	/System/Library/PrivateFrameworks/CoreSymbolication.framework/Versions/A/CoreSymbolication
0x00000001d4706000 	/System/Library/PrivateFrameworks/SymptomDiagnosticReporter.framework/Versions/A/SymptomDiagnosticReporter
0x00000001c65d7000 	/System/Library/PrivateFrameworks/DesktopServicesPriv.framework/Versions/A/DesktopServicesPriv
0x00000001c5449000 	/usr/lib/libsandbox.1.dylib
0x00000001c9fca000 	/System/Library/PrivateFrameworks/UserManagement.framework/Versions/A/UserManagement
0x00000001d566e000 	/System/Library/PrivateFrameworks/DebugSymbols.framework/Versions/A/DebugSymbols
0x00000001d053b000 	/System/Library/PrivateFrameworks/NetAuth.framework/Versions/A/NetAuth
0x00000001d1459000 	/System/Library/PrivateFrameworks/Sharing.framework/Versions/A/Sharing
0x00000001c9f9a000 	/System/Library/PrivateFrameworks/login.framework/Versions/A/Frameworks/loginsupport.framework/Versions/A/loginsupport
0x00000001d68a3000 	/System/Library/PrivateFrameworks/Apple80211.framework/Versions/A/Apple80211
0x00000001cd125000 	/System/Library/PrivateFrameworks/AuthKit.framework/Versions/A/AuthKit
0x00000001cc7a6000 	/System/Library/PrivateFrameworks/CoreUtils.framework/Versions/A/CoreUtils
0x00000001cc6c9000 	/System/Library/Frameworks/CoreWLAN.framework/Versions/A/CoreWLAN
0x00000001d15c9000 	/System/Library/Frameworks/IOBluetooth.framework/Versions/A/IOBluetooth
0x00000001d6903000 	/System/Library/PrivateFrameworks/CoreWiFi.framework/Versions/A/CoreWiFi
0x00000001d524e000 	/System/Library/PrivateFrameworks/FrontBoardServices.framework/Versions/A/FrontBoardServices
0x00000001d52e6000 	/System/Library/PrivateFrameworks/BoardServices.framework/Versions/A/BoardServices
0x00000001cc9c0000 	/System/Library/PrivateFrameworks/AssertionServices.framework/Versions/A/AssertionServices
0x00000001d6a80000 	/System/Library/PrivateFrameworks/BackBoardServices.framework/Versions/A/BackBoardServices
0x00000001d09af000 	/System/Library/PrivateFrameworks/CorePhoneNumbers.framework/Versions/A/CorePhoneNumbers
0x00000001d4836000 	/System/Library/PrivateFrameworks/DiskManagement.framework/Versions/A/DiskManagement
0x00000001d4739000 	/System/Library/PrivateFrameworks/AppleIDAuthSupport.framework/Versions/A/AppleIDAuthSupport
0x00000002286fa000 	/System/Library/PrivateFrameworks/AAAFoundation.framework/Versions/A/AAAFoundation
0x00000001d098e000 	/System/Library/PrivateFrameworks/KeychainCircle.framework/Versions/A/KeychainCircle
0x00000001d4802000 	/System/Library/PrivateFrameworks/MediaKit.framework/Versions/A/MediaKit
0x00000001d4746000 	/System/Library/Frameworks/DiscRecording.framework/Versions/A/DiscRecording
0x00000001cdf9a000 	/usr/lib/libCoreStorage.dylib
0x00000001d6d7d000 	/usr/lib/libcsfde.dylib
0x00000001d169e000 	/System/Library/PrivateFrameworks/ProtectedCloudStorage.framework/Versions/A/ProtectedCloudStorage
0x00000001d6d75000 	/System/Library/PrivateFrameworks/EFILogin.framework/Versions/A/EFILogin
0x00000001d4b15000 	/System/Library/PrivateFrameworks/OctagonTrust.framework/Versions/A/OctagonTrust
0x000000022d2cb000 	/System/Library/PrivateFrameworks/CoreUtilsExtras.framework/Versions/A/CoreUtilsExtras
0x00000001d466b000 	/System/Library/Frameworks/CoreBluetooth.framework/Versions/A/CoreBluetooth
0x00000001d7408000 	/System/Library/Frameworks/AudioUnit.framework/Versions/A/AudioUnit
0x00000001cdf92000 	/usr/lib/libMatch.1.dylib
0x00000001e70c6000 	/System/Library/Frameworks/Accelerate.framework/Versions/A/Frameworks/vImage.framework/Versions/A/Libraries/libCGInterfaces.dylib
0x0000000132a1c000 	/usr/lib/libobjc-trampolines.dylib
0x00000001c9c94000 	/System/Library/PrivateFrameworks/ViewBridge.framework/Versions/A/ViewBridge
0x0000000228dad000 	/System/Library/PrivateFrameworks/AccessibilityBundles.framework/Versions/A/AccessibilityBundles
0x00000001ce6f6000 	/System/Library/PrivateFrameworks/login.framework/Versions/A/login
0x00000001cde58000 	/System/Library/PrivateFrameworks/CrashReporterSupport.framework/Versions/A/CrashReporterSupport
0x00000001eeb3f000 	/System/Library/PrivateFrameworks/OSAnalytics.framework/Versions/A/OSAnalytics
0x00000001f9e3d000 	/System/Library/PrivateFrameworks/Symbolication.framework/Versions/A/Symbolication
0x00000001e2bdb000 	/System/Library/PrivateFrameworks/MallocStackLogging.framework/Versions/A/MallocStackLogging
0x0000000134fd8000 	/Users/danielweiner/.openjfx/cache/17.0.1/libjavafx_font.dylib
0x0000000135350000 	/Users/danielweiner/.openjfx/cache/17.0.1/libjavafx_iio.dylib
0x0000000241811000 	/usr/lib/libRosetta.dylib
0x00000001d3b84000 	/System/Library/PrivateFrameworks/SystemAdministration.framework/Versions/A/SystemAdministration
0x00000001cf22a000 	/System/Library/Frameworks/MediaToolbox.framework/Versions/A/MediaToolbox
0x00000001d3423000 	/System/Library/Frameworks/DirectoryService.framework/Versions/A/DirectoryService
0x00000001d6c0a000 	/System/Library/PrivateFrameworks/DiskImages.framework/Versions/A/DiskImages
0x00000001cca71000 	/System/Library/Frameworks/ServiceManagement.framework/Versions/A/ServiceManagement
0x00000001d6df3000 	/System/Library/PrivateFrameworks/LoginUIKit.framework/Versions/A/Frameworks/LoginUICore.framework/Versions/A/LoginUICore
0x00000001ce8ac000 	/usr/lib/libodfde.dylib
0x00000001d4936000 	/System/Library/PrivateFrameworks/CoreAVCHD.framework/Versions/A/CoreAVCHD
0x00000001d3b46000 	/System/Library/Frameworks/MediaAccessibility.framework/Versions/A/MediaAccessibility
0x00000001d4932000 	/System/Library/PrivateFrameworks/Mangrove.framework/Versions/A/Mangrove
0x00000001d3b53000 	/System/Library/PrivateFrameworks/AlgosScoreFramework.framework/Versions/A/AlgosScoreFramework
0x000000022a3b6000 	/System/Library/PrivateFrameworks/CMPhoto.framework/Versions/A/CMPhoto
0x00000001d4926000 	/System/Library/PrivateFrameworks/CoreAUC.framework/Versions/A/CoreAUC
0x00000001d6d89000 	/usr/lib/libcurl.4.dylib
0x0000000241bb9000 	/usr/lib/libcrypto.46.dylib
0x000000024205e000 	/usr/lib/libssl.48.dylib
0x00000001d6aa0000 	/System/Library/Frameworks/LDAP.framework/Versions/A/LDAP
0x00000001d6adc000 	/System/Library/PrivateFrameworks/TrustEvaluationAgent.framework/Versions/A/TrustEvaluationAgent
0x00000001d0242000 	/usr/lib/libsasl2.2.dylib
0x00000001d3b79000 	/System/Library/PrivateFrameworks/CoreDaemon.framework/Versions/B/CoreDaemon
0x00000001d3b73000 	/System/Library/PrivateFrameworks/AppleSRP.framework/Versions/A/AppleSRP


VM Arguments:
jvm_args: -javaagent:/Users/danielweiner/Library/Application Support/JetBrains/Toolbox/apps/IDEA-U/ch-0/221.5080.210/IntelliJ IDEA.app/Contents/lib/idea_rt.jar=49529:/Users/danielweiner/Library/Application Support/JetBrains/Toolbox/apps/IDEA-U/ch-0/221.5080.210/IntelliJ IDEA.app/Contents/bin -Dfile.encoding=UTF-8 --module-path=/Users/danielweiner/.m2/repository/org/openjfx/javafx-fxml/17.0.1/javafx-fxml-17.0.1-mac-aarch64.jar:/Users/danielweiner/.m2/repository/org/openjfx/javafx-controls/17.0.1/javafx-controls-17.0.1-mac-aarch64.jar:/Users/danielweiner/.m2/repository/org/openjfx/javafx-graphics/17.0.1/javafx-graphics-17.0.1-mac-aarch64.jar:/Users/danielweiner/Public/Drop Box/eclipse-workspace/JavaFinalProject/target/classes:/Users/danielweiner/.m2/repository/org/openjfx/javafx-base/17.0.1/javafx-base-17.0.1-mac-aarch64.jar -Djdk.module.main=com.example.javafinalproject 
java_command: com.example.javafinalproject/com.example.javafinalproject.Main
java_class_path (initial): /Users/danielweiner/.m2/repository/org/openjfx/javafx-controls/17.0.1/javafx-controls-17.0.1.jar:/Users/danielweiner/.m2/repository/org/openjfx/javafx-graphics/17.0.1/javafx-graphics-17.0.1.jar:/Users/danielweiner/.m2/repository/org/openjfx/javafx-base/17.0.1/javafx-base-17.0.1.jar:/Users/danielweiner/.m2/repository/org/openjfx/javafx-fxml/17.0.1/javafx-fxml-17.0.1.jar:/Users/danielweiner/Downloads/mysql-connector-java-8.0.29/mysql-connector-java-8.0.29.jar
Launcher Type: SUN_STANDARD

[Global flags]
     intx CICompilerCount                          = 4                                         {product} {ergonomic}
     uint ConcGCThreads                            = 2                                         {product} {ergonomic}
     uint G1ConcRefinementThreads                  = 8                                         {product} {ergonomic}
   size_t G1HeapRegionSize                         = 2097152                                   {product} {ergonomic}
    uintx GCDrainStackTargetSize                   = 64                                        {product} {ergonomic}
   size_t InitialHeapSize                          = 268435456                                 {product} {ergonomic}
   size_t MarkStackSize                            = 4194304                                   {product} {ergonomic}
   size_t MaxHeapSize                              = 4294967296                                {product} {ergonomic}
   size_t MaxNewSize                               = 2575302656                                {product} {ergonomic}
   size_t MinHeapDeltaBytes                        = 2097152                                   {product} {ergonomic}
   size_t MinHeapSize                              = 8388608                                   {product} {ergonomic}
    uintx NonNMethodCodeHeapSize                   = 5839564                                {pd product} {ergonomic}
    uintx NonProfiledCodeHeapSize                  = 122909338                              {pd product} {ergonomic}
    uintx ProfiledCodeHeapSize                     = 122909338                              {pd product} {ergonomic}
    uintx ReservedCodeCacheSize                    = 251658240                              {pd product} {ergonomic}
     bool SegmentedCodeCache                       = true                                      {product} {ergonomic}
   size_t SoftMaxHeapSize                          = 4294967296                             {manageable} {ergonomic}
     bool UseCompressedClassPointers               = true                           {product lp64_product} {ergonomic}
     bool UseCompressedOops                        = true                           {product lp64_product} {ergonomic}
     bool UseG1GC                                  = true                                      {product} {ergonomic}
     bool UseNUMA                                  = false                                     {product} {ergonomic}
     bool UseNUMAInterleaving                      = false                                     {product} {ergonomic}

Logging:
Log output configuration:
 #0: stdout all=warning uptime,level,tags
 #1: stderr all=off uptime,level,tags

Environment Variables:
PATH=/usr/local/bin:/usr/bin:/bin:/usr/sbin:/sbin
SHELL=/bin/zsh
LC_CTYPE=en_US.UTF-8

Signal Handlers:
   SIGSEGV: _ZL13crash_handleriP9__siginfoPv in libjvm.dylib, mask=11100110000111110111111111111111, flags=SA_RESTART|SA_SIGINFO
    SIGBUS: _ZL13crash_handleriP9__siginfoPv in libjvm.dylib, mask=11100110000111110111111111111111, flags=SA_RESTART|SA_SIGINFO
    SIGFPE: _ZL13crash_handleriP9__siginfoPv in libjvm.dylib, mask=11100110000111110111111111111111, flags=SA_RESTART|SA_SIGINFO
   SIGPIPE: _ZL17javaSignalHandleriP9__siginfoPv in libjvm.dylib, mask=11100110000111110111111111111111, flags=SA_RESTART|SA_SIGINFO
   SIGXFSZ: _ZL17javaSignalHandleriP9__siginfoPv in libjvm.dylib, mask=11100110000111110111111111111111, flags=SA_RESTART|SA_SIGINFO
    SIGILL: _ZL13crash_handleriP9__siginfoPv in libjvm.dylib, mask=11100110000111110111111111111111, flags=SA_RESTART|SA_SIGINFO
   SIGUSR2: _ZL10SR_handleriP9__siginfoP17__darwin_ucontext in libjvm.dylib, mask=00100000000000000000000000000000, flags=SA_RESTART|SA_SIGINFO
    SIGHUP: _ZL11UserHandleriPvS_ in libjvm.dylib, mask=11100110000111110111111111111111, flags=SA_RESTART|SA_SIGINFO
    SIGINT: _ZL11UserHandleriPvS_ in libjvm.dylib, mask=11100110000111110111111111111111, flags=SA_RESTART|SA_SIGINFO
   SIGTERM: _ZL11UserHandleriPvS_ in libjvm.dylib, mask=11100110000111110111111111111111, flags=SA_RESTART|SA_SIGINFO
   SIGQUIT: _ZL11UserHandleriPvS_ in libjvm.dylib, mask=11100110000111110111111111111111, flags=SA_RESTART|SA_SIGINFO
   SIGTRAP: _ZL13crash_handleriP9__siginfoPv in libjvm.dylib, mask=11100110000111110111111111111111, flags=SA_RESTART|SA_SIGINFO


---------------  S Y S T E M  ---------------

OS:
uname: Darwin 21.4.0 Darwin Kernel Version 21.4.0: Fri Mar 18 00:47:26 PDT 2022; root:xnu-8020.101.4~15/RELEASE_ARM64_T8101 arm64
OS uptime: 0 days 0:49 hours
rlimit (soft/hard): STACK 8176k/65520k , CORE 0k/infinity , NPROC 2666/4000 , NOFILE 10240/infinity , AS infinity/infinity , CPU infinity/infinity , DATA infinity/infinity , FSIZE infinity/infinity , MEMLOCK infinity/infinity , RSS infinity/infinity
load average: 1.25 1.57 1.72

CPU: total 8 (initial active 8) 0x61:0x0:0x1b588bb3:0, fp, simd, crc, lse

Memory: 16k page, physical 16777216k(270016k free), swap 0k(0k free)

vm_info: OpenJDK 64-Bit Server VM (17.0.2+8-86) for bsd-aarch64 JRE (17.0.2+8-86), built on Dec  7 2021 21:45:06 by "mach5one" with clang Apple LLVM 12.0.0 (clang-1200.0.32.29)

END.
