#
# A fatal error has been detected by the Java Runtime Environment:
#
#  SIGBUS (0xa) at pc=0x000000010e8b94f0, pid=1234, tid=29959
#
# JRE version: OpenJDK Runtime Environment (18.0+36) (build 18+36-2087)
# Java VM: OpenJDK 64-Bit Server VM (18+36-2087, mixed mode, sharing, tiered, compressed oops, compressed class ptrs, g1 gc, bsd-aarch64)
# Problematic frame:
# v  ~StubRoutines::SafeFetchN
#
# No core dump will be written. Core dumps have been disabled. To enable core dumping, try "ulimit -c unlimited" before starting Java again
#
# If you would like to submit a bug report, please visit:
#   https://bugreport.java.com/bugreport/crash.jsp
# The crash happened outside the Java Virtual Machine in native code.
# See problematic frame for where to report the bug.
#

---------------  S U M M A R Y ------------

Command Line: -javaagent:/Users/danielweiner/Library/Application Support/JetBrains/Toolbox/apps/IDEA-U/ch-0/221.5080.210/IntelliJ IDEA.app/Contents/lib/idea_rt.jar=49370:/Users/danielweiner/Library/Application Support/JetBrains/Toolbox/apps/IDEA-U/ch-0/221.5080.210/IntelliJ IDEA.app/Contents/bin -Dfile.encoding=UTF-8 --module-path=/Users/danielweiner/.m2/repository/org/openjfx/javafx-graphics/17.0.1/javafx-graphics-17.0.1-mac-aarch64.jar:/Users/danielweiner/.m2/repository/org/openjfx/javafx-fxml/17.0.1/javafx-fxml-17.0.1-mac-aarch64.jar:/Users/danielweiner/Public/Drop Box/eclipse-workspace/JavaFinalProject/target/classes:/Users/danielweiner/.m2/repository/org/openjfx/javafx-base/17.0.1/javafx-base-17.0.1-mac-aarch64.jar:/Users/danielweiner/.m2/repository/org/openjfx/javafx-controls/17.0.1/javafx-controls-17.0.1-mac-aarch64.jar -Djdk.module.main=com.example.javafinalproject com.example.javafinalproject/com.example.javafinalproject.Main

Host: "MacBookPro17,1" arm64, 8 cores, 16G, Darwin 21.4.0, macOS 12.3.1 (21E258)
Time: Sun May  8 17:50:28 2022 EDT elapsed time: 1.710982 seconds (0d 0h 0m 1s)

---------------  T H R E A D  ---------------

Current thread (0x0000000151808800):  JavaThread "InvokeLaterDispatcher" daemon [_thread_in_native, id=29959, stack(0x000000016de0c000,0x000000016e00f000)]

Stack: [0x000000016de0c000,0x000000016e00f000],  sp=0x000000016e00e7a0,  free space=2057k
Native frames: (J=compiled Java code, j=interpreted, Vv=VM code, C=native code)
v  ~StubRoutines::SafeFetchN
V  [libjvm.dylib+0x7cdae4]  _ZN10OopStorage7releaseEPKP7oopDesc+0x20
V  [libjvm.dylib+0x4f522c]  jni_DeleteGlobalRef+0xd4
C  [libglass.dylib+0xab08]  -[GlassRunnable dealloc]+0x34
C  [Foundation+0x85618]  -[_NSThreadPerformInfo dealloc]+0x30
C  [Foundation+0x5198c]  -[NSObject(NSThreadPerformAdditions) performSelectorOnMainThread:withObject:waitUntilDone:]+0x88
C  0xf43400010e8c18ac
j  com.sun.glass.ui.mac.MacApplication.submitForLaterInvocation(Ljava/lang/Runnable;)V+2 javafx.graphics
j  com.sun.glass.ui.InvokeLaterDispatcher.run()V+82 javafx.graphics
v  ~StubRoutines::call_stub
V  [libjvm.dylib+0x49c638]  _ZN9JavaCalls11call_helperEP9JavaValueRK12methodHandleP17JavaCallArgumentsP10JavaThread+0x38c
V  [libjvm.dylib+0x49b654]  _ZN9JavaCalls12call_virtualEP9JavaValueP5KlassP6SymbolS5_P17JavaCallArgumentsP10JavaThread+0x11c
V  [libjvm.dylib+0x49b720]  _ZN9JavaCalls12call_virtualEP9JavaValue6HandleP5KlassP6SymbolS6_P10JavaThread+0x64
V  [libjvm.dylib+0x54f250]  _ZL12thread_entryP10JavaThreadS0_+0x9c
V  [libjvm.dylib+0x918b50]  _ZN10JavaThread17thread_main_innerEv+0xa8
V  [libjvm.dylib+0x9174e0]  _ZN6Thread8call_runEv+0xe0
V  [libjvm.dylib+0x7d42c8]  _ZL19thread_native_entryP6Thread+0x158
C  [libsystem_pthread.dylib+0x726c]  _pthread_start+0x94

Java frames: (J=compiled Java code, j=interpreted, Vv=VM code)
j  com.sun.glass.ui.mac.MacApplication._submitForLaterInvocation(Ljava/lang/Runnable;)V+0 javafx.graphics
j  com.sun.glass.ui.mac.MacApplication.submitForLaterInvocation(Ljava/lang/Runnable;)V+2 javafx.graphics
j  com.sun.glass.ui.InvokeLaterDispatcher.run()V+82 javafx.graphics
v  ~StubRoutines::call_stub

siginfo: si_signo: 10 (SIGBUS), si_code: 1 (BUS_ADRALN), si_addr: 0x000000010e8b94f0

Register to memory mapping:

 x0=0x000000014ff08e08 is a global jni handle
 x1=0x0 is NULL
 x2=0x0000000702b7be30 is an oop: com.sun.glass.ui.InvokeLaterDispatcher$Future 
{0x0000000702b7be30} - klass: 'com/sun/glass/ui/InvokeLaterDispatcher$Future'
 - ---- fields (total size 3 words):
 - private 'done' 'Z' @12  true
 - private final 'runnable' 'Ljava/lang/Runnable;' @16  a 'com/sun/javafx/application/PlatformImpl$$Lambda$89+0x0000000800c83560'{0x0000000702640e68} (e04c81cd)
 - final synthetic 'this$0' 'Lcom/sun/glass/ui/InvokeLaterDispatcher;' @20  a 'com/sun/glass/ui/InvokeLaterDispatcher'{0x000000070d0170a8} (e1a02e15)
 x3=0x0 is NULL
 x4=0x00000000000130a8 is an unknown value
 x5=0x0 is NULL
 x6=0x0 is NULL
 x7=0x0 is NULL
 x8=0x000000010e8b94ec is at begin+0 in a stub
StubRoutines::SafeFetchN [0x000000010e8b94ec, 0x000000010e8b94f8] (12 bytes)
 x9=0x0 is NULL
x10=0x2010000030300000 is an unknown value
x11=0x0000000000000007 is an unknown value
x12=0x0000000000000004 is an unknown value
x13=0x0000600002586310 points into unknown readable memory: 0x6b75000190c17c40 | 40 7c c1 90 01 00 75 6b
x14=0x0000040000000000 is an unknown value
x15=0x0000000128ef1f98: OBJC_CLASS_$_GlassRunnable+0 in /Users/danielweiner/.openjfx/cache/17.0.1/libglass.dylib at 0x0000000128eac000
x16=0x0000000190d810fc: pthread_getspecific+0 in /usr/lib/system/libsystem_pthread.dylib at 0x0000000190d7f000
x17=0x00006000020bc1c0 points into unknown readable memory: 0xfffffffffffffffe | fe ff ff ff ff ff ff ff
x18=0x0 is NULL
x19=0x00006000020a0310 points into unknown readable memory: 0x00006000009a8400 | 00 84 9a 00 00 60 00 00
x20=0x000000014ff08c00 points into unknown readable memory: 0x0000000000000000 | 00 00 00 00 00 00 00 00
x21=0x000000014ff08e08 is a global jni handle
x22=0x0000000151808800 is a thread
x23=0x0000000000000001 is an unknown value
x24=0x000000014ff08dc0 is a global jni handle
x25=0x0000000106c5ec98: _ZN12StubRoutines17_safefetchN_entryE+0 in /Users/danielweiner/Library/Java/JavaVirtualMachines/openjdk-18/Contents/Home/lib/server/libjvm.dylib at 0x0000000106080000
x26=0x0000000129d20000 is pointing into metadata
x27=0x0 is NULL
x28=0x0000000151808800 is a thread


Registers:
 x0=0x000000014ff08e08  x1=0x0000000000000000  x2=0x0000000702b7be30  x3=0x0000000000000000
 x4=0x00000000000130a8  x5=0x0000000000000000  x6=0x0000000000000000  x7=0x0000000000000000
 x8=0x000000010e8b94ec  x9=0x0000000000000000 x10=0x2010000030300000 x11=0x0000000000000007
x12=0x0000000000000004 x13=0x0000600002586310 x14=0x0000040000000000 x15=0x0000000128ef1f98
x16=0x0000000190d810fc x17=0x00006000020bc1c0 x18=0x0000000000000000 x19=0x00006000020a0310
x20=0x000000014ff08c00 x21=0x000000014ff08e08 x22=0x0000000151808800 x23=0x0000000000000001
x24=0x000000014ff08dc0 x25=0x0000000106c5ec98 x26=0x0000000129d20000 x27=0x0000000000000000
x28=0x0000000151808800  fp=0x000000016e00e7e0  lr=0x000000010684c8d8  sp=0x000000016e00e7a0
pc=0x000000010e8b94f0 cpsr=0x0000000060001000
Top of Stack: (sp=0x000000016e00e7a0)
0x000000016e00e7a0:   0000000129d20000 0000000000000001
0x000000016e00e7b0:   000000016e00e9a8 0000000000000000
0x000000016e00e7c0:   0000000150892e90 000000014ff08df8
0x000000016e00e7d0:   000000014ff08df8 00006000020a0310
0x000000016e00e7e0:   000000016e00e820 000000010684dae4
0x000000016e00e7f0:   0000000000000001 000000014ff08df8
0x000000016e00e800:   0000000150892e90 000000014ff08df8
0x000000016e00e810:   0000000000000001 0000000150892c00
0x000000016e00e820:   000000016e00e860 000000010657522c
0x000000016e00e830:   000000016e00e9a8 00006000009a0c00
0x000000016e00e840:   00006000009a0bf0 00000001dae46be0
0x000000016e00e850:   0000000000000000 00006000009a0bf0
0x000000016e00e860:   000000016e00e890 0000000128eb6b08
0x000000016e00e870:   57d64dd9bab600d2 0000000000000000
0x000000016e00e880:   0000000000000000 0000600001ea6f00
0x000000016e00e890:   000000016e00e8d0 0000000191d4e618
0x000000016e00e8a0:   000000016e00e9a8 00006000009a0c00
0x000000016e00e8b0:   00006000009a0bf0 57d64dd9bab600d2
0x000000016e00e8c0:   0000000000000000 0000000000000000
0x000000016e00e8d0:   000000016e00e910 0f39800191d1a98c
0x000000016e00e8e0:   000000016e00e9a8 000000010e8c07c0
0x000000016e00e8f0:   0000000000000000 0000000106c66750
0x000000016e00e900:   000000016e00e920 000000010e8bf730
0x000000016e00e910:   000000016e00e980 f43400010e8c18ac
0x000000016e00e920:   000000016e00e920 00000008007cf575
0x000000016e00e930:   000000016e00e930 0000000000000000
0x000000016e00e940:   000000016e00e9a8 0000000129d20000
0x000000016e00e950:   000000070d018620 0000000000000000
0x000000016e00e960:   0000000000000000 0000000129cfb8f8
0x000000016e00e970:   0000000000000000 000000016e00e980
0x000000016e00e980:   000000016e00ea00 000000010e8bdfc8
0x000000016e00e990:   0000000000000000 0000000000000000 

Instructions: (pc=0x000000010e8b94f0)
0x000000010e8b93f0:   f2a0d849 f2c00029 6d425935 1e640886
0x000000010e8b9400:   0c402d31 1e6408c7 1f5654d0 1e6c1017
0x000000010e8b9410:   1f5050d0 1f504cd0 1f5048d0 1e650af6
0x000000010e8b9420:   1f50d8f6 1f5694d6 1f5158f6 1e762880
0x000000010e8b9430:   36000501 1e614000 14000026 2e251ca5
0x000000010e8b9440:   d2963009 f2a0d849 f2c00029 6d425d36
0x000000010e8b9450:   1e600806 0c402d32 1f5758c7 1e6c101a
0x000000010e8b9460:   1f4754c7 1e650805 1f4750c7 d2866668
0x000000010e8b9470:   f2a7fa68 1f474cc7 1e6608c0 1f4748c7
0x000000010e8b9480:   1e6e1019 eb08007f 540000ac 1f479400
0x000000010e8b9490:   1f460340 1e603b20 1400000e d2a7fd29
0x000000010e8b94a0:   eb09007f 540000ac 51480069 d3607d29
0x000000010e8b94b0:   9e670121 14000002 1e6a5001 1f679417
0x000000010e8b94c0:   1f668742 1e613b23 1e773857 1e773860
0x000000010e8b94d0:   a8c17ff3 910003bf a8c17bfd d65f03c0
0x000000010e8b94e0:   b9400001 aa0103e0 d65f03c0 f9400001
0x000000010e8b94f0:   aa0103e0 d65f03c0 00000000 00000000
0x000000010e8b9500:   00000000 00000000 00000000 00000000
0x000000010e8b9510:   00000000 00000000 00000000 00000000
0x000000010e8b9520:   00000000 00000000 00000000 00000000
0x000000010e8b9530:   00000000 00000000 00000000 00000000
0x000000010e8b9540:   00000000 00000000 00000000 00000000
0x000000010e8b9550:   00000000 00000000 00000000 00000000
0x000000010e8b9560:   00000000 00000000 00000000 00000000
0x000000010e8b9570:   00000000 00000000 00000000 00000000
0x000000010e8b9580:   00000000 00000000 00000000 00000000
0x000000010e8b9590:   00000000 00000000 00000000 00000000
0x000000010e8b95a0:   00000000 00000000 00000000 00000000
0x000000010e8b95b0:   00000000 00000000 00000000 00000000
0x000000010e8b95c0:   00000000 00000000 00000000 00000000
0x000000010e8b95d0:   00000000 00000000 00000000 00000000
0x000000010e8b95e0:   00000000 00000000 00000000 00000000 


Stack slot to memory mapping:
stack at sp + 0 slots: 0x0000000129d20000 is pointing into metadata
stack at sp + 1 slots: 0x0000000000000001 is an unknown value
stack at sp + 2 slots: 0x000000016e00e9a8 is pointing into the stack for thread: 0x0000000151808800
stack at sp + 3 slots: 0x0 is NULL
stack at sp + 4 slots: 0x0000000150892e90 points into unknown readable memory: 0x0000000106c1b370 | 70 b3 c1 06 01 00 00 00
stack at sp + 5 slots: 0x000000014ff08df8 is a global jni handle
stack at sp + 6 slots: 0x000000014ff08df8 is a global jni handle
stack at sp + 7 slots: 0x00006000020a0310 points into unknown readable memory: 0x00006000009a8400 | 00 84 9a 00 00 60 00 00

StubRoutines::SafeFetchN [0x000000010e8b94ec, 0x000000010e8b94f8] (12 bytes)
[MachCode]
  0x000000010e8b94ec: 0100 40f9 | e003 01aa | c003 5fd6 
[/MachCode]

---------------  P R O C E S S  ---------------

Threads class SMR info:
_java_thread_list=0x0000600000bbafa0, length=21, elements={
0x000000015080de00, 0x0000000150036c00, 0x0000000150039400, 0x000000015083c200,
0x000000015083ea00, 0x000000015083f000, 0x000000015083f600, 0x000000015083fc00,
0x0000000150848200, 0x000000012e818200, 0x000000012902fc00, 0x0000000129030200,
0x000000015080e400, 0x0000000151808800, 0x0000000150892c00, 0x00000001290d6000,
0x00000001290ed800, 0x00000001290e4e00, 0x0000000129250a00, 0x000000012ebee800,
0x000000012e02be00
}

Java Threads: ( => current thread )
  0x000000015080de00 JavaThread "main" [_thread_blocked, id=9987, stack(0x000000016b1f8000,0x000000016b3fb000)]
  0x0000000150036c00 JavaThread "Reference Handler" daemon [_thread_blocked, id=15875, stack(0x000000016c04c000,0x000000016c24f000)]
  0x0000000150039400 JavaThread "Finalizer" daemon [_thread_blocked, id=15363, stack(0x000000016c258000,0x000000016c45b000)]
  0x000000015083c200 JavaThread "Signal Dispatcher" daemon [_thread_blocked, id=23043, stack(0x000000016c57c000,0x000000016c77f000)]
  0x000000015083ea00 JavaThread "Service Thread" daemon [_thread_blocked, id=42499, stack(0x000000016c788000,0x000000016c98b000)]
  0x000000015083f000 JavaThread "Monitor Deflation Thread" daemon [_thread_blocked, id=23555, stack(0x000000016c994000,0x000000016cb97000)]
  0x000000015083f600 JavaThread "C2 CompilerThread0" daemon [_thread_in_native, id=41731, stack(0x000000016cba0000,0x000000016cda3000)]
  0x000000015083fc00 JavaThread "C1 CompilerThread0" daemon [_thread_in_native, id=24067, stack(0x000000016cdac000,0x000000016cfaf000)]
  0x0000000150848200 JavaThread "Sweeper thread" daemon [_thread_blocked, id=24579, stack(0x000000016cfb8000,0x000000016d1bb000)]
  0x000000012e818200 JavaThread "Common-Cleaner" daemon [_thread_blocked, id=24835, stack(0x000000016d1c4000,0x000000016d3c7000)]
  0x000000012902fc00 JavaThread "Monitor Ctrl-Break" daemon [_thread_in_native, id=40707, stack(0x000000016d5dc000,0x000000016d7df000)]
  0x0000000129030200 JavaThread "Notification Thread" daemon [_thread_blocked, id=25347, stack(0x000000016d7e8000,0x000000016d9eb000)]
  0x000000015080e400 JavaThread "QuantumRenderer-0" daemon [_thread_blocked, id=39427, stack(0x000000016dc00000,0x000000016de03000)]
=>0x0000000151808800 JavaThread "InvokeLaterDispatcher" daemon [_thread_in_native, id=29959, stack(0x000000016de0c000,0x000000016e00f000)]
  0x0000000150892c00 JavaThread "JavaFX Application Thread" [_thread_in_native, id=259, stack(0x000000016a970000,0x000000016b16c000)]
  0x00000001290d6000 JavaThread "JavaFX-Launcher" [_thread_blocked, id=76035, stack(0x000000016e2b0000,0x000000016e4b3000)]
  0x00000001290ed800 JavaThread "mysql-cj-abandoned-connection-cleanup" daemon [_thread_blocked, id=59651, stack(0x000000016eef8000,0x000000016f0fb000)]
  0x00000001290e4e00 JavaThread "Prism Font Disposer" daemon [_thread_blocked, id=71435, stack(0x000000016f104000,0x000000016f307000)]
  0x0000000129250a00 JavaThread "Cleaner-0" daemon [_thread_blocked, id=89619, stack(0x0000000298328000,0x000000029852b000)]
  0x000000012ebee800 JavaThread "Attach Listener" daemon [_thread_blocked, id=172555, stack(0x0000000298534000,0x0000000298737000)]
  0x000000012e02be00 JavaThread "PulseTimer-CVDisplayLink thread" daemon [_thread_in_native, id=51723, stack(0x000000016d3d0000,0x000000016d453000)]

Other Threads:
  0x000000014fe08940 VMThread "VM Thread" [stack: 0x000000016be40000,0x000000016c043000] [id=16387]
  0x000000013fe07d20 WatcherThread "VM Periodic Task Thread" [stack: 0x000000016d9f4000,0x000000016dbf7000] [id=39939]
  0x000000014ff088b0 WorkerThread "GC Thread#0" [stack: 0x000000016b404000,0x000000016b607000] [id=12035]
  0x000000014fe31c10 WorkerThread "GC Thread#1" [stack: 0x000000016e4bc000,0x000000016e6bf000] [id=72967]
  0x000000012fe08b00 WorkerThread "GC Thread#2" [stack: 0x000000016e6c8000,0x000000016e8cb000] [id=57859]
  0x000000014fe32080 WorkerThread "GC Thread#3" [stack: 0x000000016e8d4000,0x000000016ead7000] [id=58115]
  0x000000014fe324f0 WorkerThread "GC Thread#4" [stack: 0x000000016eae0000,0x000000016ece3000] [id=58627]
  0x000000014fe32960 WorkerThread "GC Thread#5" [stack: 0x000000016ecec000,0x000000016eeef000] [id=59139]
  0x0000000105b2e790 WorkerThread "GC Thread#6" [stack: 0x000000016f310000,0x000000016f513000] [id=71171]
  0x0000000105b2ec00 WorkerThread "GC Thread#7" [stack: 0x000000016f51c000,0x000000016f71f000] [id=70659]
  0x0000000151004540 ConcurrentGCThread "G1 Main Marker" [stack: 0x000000016b610000,0x000000016b813000] [id=19459]
  0x000000012ff04190 WorkerThread "G1 Conc#0" [stack: 0x000000016b81c000,0x000000016ba1f000] [id=18947]
  0x000000012ff441b0 WorkerThread "G1 Conc#1" [stack: 0x000000016f728000,0x000000016f92b000] [id=60931]
  0x000000012ff10eb0 ConcurrentGCThread "G1 Refine#0" [stack: 0x000000016ba28000,0x000000016bc2b000] [id=18179]
  0x000000014ff3b440 ConcurrentGCThread "G1 Refine#1" [stack: 0x000000016f934000,0x000000016fb37000] [id=70147]
  0x000000013fe12730 ConcurrentGCThread "G1 Refine#2" [stack: 0x000000016fb40000,0x000000016fd43000] [id=61699]
  0x000000012fe09f30 ConcurrentGCThread "G1 Refine#3" [stack: 0x000000016fd4c000,0x000000016ff4f000] [id=62467]
  0x0000000151108cf0 ConcurrentGCThread "G1 Refine#4" [stack: 0x0000000298004000,0x0000000298207000] [id=63235]
  0x000000014fe04600 ConcurrentGCThread "G1 Service" [stack: 0x000000016bc34000,0x000000016be37000] [id=17923]

Threads with active compile tasks:
C2 CompilerThread0     1724 2885       4       javafx.scene.CssStyleHelper::resolveLookups (463 bytes)
C1 CompilerThread0     1724 2894       3       com.sun.prism.impl.ps.BaseShaderContext::setRenderTarget (278 bytes)

VM state: not at safepoint (normal execution)

VM Mutex/Monitor currently owned by a thread: None

Heap address: 0x0000000700000000, size: 4096 MB, Compressed Oops mode: Zero based, Oop shift amount: 3

CDS archive(s) mapped at: [0x0000000800000000-0x0000000800ba8000-0x0000000800ba8000), size 12222464, SharedBaseAddress: 0x0000000800000000, ArchiveRelocationMode: 0.
Compressed class space mapped at: 0x0000000800c00000-0x0000000840c00000, reserved size: 1073741824
Narrow klass base: 0x0000000800000000, Narrow klass shift: 0, Narrow klass range: 0x100000000

GC Precious Log:
 CardTable entry size: 512
 Card Set container configuration: InlinePtr #cards 4 size 8 Array Of Cards #cards 16 size 48 Howl #buckets 8 coarsen threshold 3686 Howl Bitmap #cards 512 size 80 coarsen threshold 460 Card regions per heap region 1 cards per card region 4096
 CPUs: 8 total, 8 available
 Memory: 16384M
 Large Page Support: Disabled
 NUMA Support: Disabled
 Compressed Oops: Enabled (Zero based)
 Heap Region Size: 2M
 Heap Min Capacity: 8M
 Heap Initial Capacity: 256M
 Heap Max Capacity: 4G
 Pre-touch: Disabled
 Parallel Workers: 8
 Concurrent Workers: 2
 Concurrent Refinement Workers: 8
 Periodic GC: Disabled

Heap:
 garbage-first heap   total 61440K, used 27509K [0x0000000700000000, 0x0000000800000000)
  region size 2048K, 12 young (24576K), 4 survivors (8192K)
 Metaspace       used 23502K, committed 23872K, reserved 1114112K
  class space    used 3138K, committed 3328K, reserved 1048576K

Heap Regions: E=young(eden), S=young(survivor), O=old, HS=humongous(starts), HC=humongous(continues), CS=collection set, F=free, OA=open archive, CA=closed archive, TAMS=top-at-mark-start (previous, next)
|   0|0x0000000700000000, 0x0000000700200000, 0x0000000700200000|100%| O|  |TAMS 0x0000000700000000, 0x0000000700000000| Untracked 
|   1|0x0000000700200000, 0x00000007002f5400, 0x0000000700400000| 47%| O|  |TAMS 0x0000000700200000, 0x0000000700200000| Complete 
|   2|0x0000000700400000, 0x0000000700600000, 0x0000000700600000|100%|HS|  |TAMS 0x0000000700400000, 0x0000000700400000| Complete 
|   3|0x0000000700600000, 0x0000000700600000, 0x0000000700800000|  0%| F|  |TAMS 0x0000000700600000, 0x0000000700600000| Untracked 
|   4|0x0000000700800000, 0x0000000700800000, 0x0000000700a00000|  0%| F|  |TAMS 0x0000000700800000, 0x0000000700800000| Untracked 
|   5|0x0000000700a00000, 0x0000000700a00000, 0x0000000700c00000|  0%| F|  |TAMS 0x0000000700a00000, 0x0000000700a00000| Untracked 
|   6|0x0000000700c00000, 0x0000000700c00000, 0x0000000700e00000|  0%| F|  |TAMS 0x0000000700c00000, 0x0000000700c00000| Untracked 
|   7|0x0000000700e00000, 0x0000000700e00000, 0x0000000701000000|  0%| F|  |TAMS 0x0000000700e00000, 0x0000000700e00000| Untracked 
|   8|0x0000000701000000, 0x0000000701000000, 0x0000000701200000|  0%| F|  |TAMS 0x0000000701000000, 0x0000000701000000| Untracked 
|   9|0x0000000701200000, 0x0000000701200000, 0x0000000701400000|  0%| F|  |TAMS 0x0000000701200000, 0x0000000701200000| Untracked 
|  10|0x0000000701400000, 0x0000000701400000, 0x0000000701600000|  0%| F|  |TAMS 0x0000000701400000, 0x0000000701400000| Untracked 
|  11|0x0000000701600000, 0x0000000701600000, 0x0000000701800000|  0%| F|  |TAMS 0x0000000701600000, 0x0000000701600000| Untracked 
|  12|0x0000000701800000, 0x0000000701800000, 0x0000000701a00000|  0%| F|  |TAMS 0x0000000701800000, 0x0000000701800000| Untracked 
|  13|0x0000000701a00000, 0x0000000701a00000, 0x0000000701c00000|  0%| F|  |TAMS 0x0000000701a00000, 0x0000000701a00000| Untracked 
|  14|0x0000000701c00000, 0x0000000701c00000, 0x0000000701e00000|  0%| F|  |TAMS 0x0000000701c00000, 0x0000000701c00000| Untracked 
|  15|0x0000000701e00000, 0x0000000701e00000, 0x0000000702000000|  0%| F|  |TAMS 0x0000000701e00000, 0x0000000701e00000| Untracked 
|  16|0x0000000702000000, 0x0000000702196b18, 0x0000000702200000| 79%| E|  |TAMS 0x0000000702000000, 0x0000000702000000| Complete 
|  17|0x0000000702200000, 0x0000000702400000, 0x0000000702400000|100%| E|CS|TAMS 0x0000000702200000, 0x0000000702200000| Complete 
|  18|0x0000000702400000, 0x0000000702600000, 0x0000000702600000|100%| E|  |TAMS 0x0000000702400000, 0x0000000702400000| Complete 
|  19|0x0000000702600000, 0x0000000702800000, 0x0000000702800000|100%| E|CS|TAMS 0x0000000702600000, 0x0000000702600000| Complete 
|  20|0x0000000702800000, 0x0000000702a00000, 0x0000000702a00000|100%| E|CS|TAMS 0x0000000702800000, 0x0000000702800000| Complete 
|  21|0x0000000702a00000, 0x0000000702c00000, 0x0000000702c00000|100%| E|CS|TAMS 0x0000000702a00000, 0x0000000702a00000| Complete 
|  22|0x0000000702c00000, 0x0000000702e00000, 0x0000000702e00000|100%| E|CS|TAMS 0x0000000702c00000, 0x0000000702c00000| Complete 
| 101|0x000000070ca00000, 0x000000070cc00000, 0x000000070cc00000|100%| S|CS|TAMS 0x000000070ca00000, 0x000000070ca00000| Complete 
| 102|0x000000070cc00000, 0x000000070ce00000, 0x000000070ce00000|100%| S|CS|TAMS 0x000000070cc00000, 0x000000070cc00000| Complete 
| 103|0x000000070ce00000, 0x000000070d000000, 0x000000070d000000|100%| S|CS|TAMS 0x000000070ce00000, 0x000000070ce00000| Complete 
| 104|0x000000070d000000, 0x000000070d200000, 0x000000070d200000|100%| S|CS|TAMS 0x000000070d000000, 0x000000070d000000| Complete 
| 127|0x000000070fe00000, 0x0000000710000000, 0x0000000710000000|100%| E|CS|TAMS 0x000000070fe00000, 0x000000070fe00000| Complete 
|2046|0x00000007ffc00000, 0x00000007ffd74000, 0x00000007ffe00000| 72%|OA|  |TAMS 0x00000007ffd74000, 0x00000007ffc00000| Untracked 
|2047|0x00000007ffe00000, 0x00000007ffe74000, 0x0000000800000000| 22%|CA|  |TAMS 0x00000007ffe74000, 0x00000007ffe00000| Untracked 

Card table byte_map: [0x000000011d8b8000,0x000000011e0b8000] _byte_map_base: 0x000000011a0b8000

Marking Bits (Prev, Next): (CMBitMap*) 0x0000000138008650, (CMBitMap*) 0x0000000138008610
 Prev Bits: [0x00000001228b8000, 0x00000001268b8000)
 Next Bits: [0x000000011e8b8000, 0x00000001228b8000)

Polling page: 0x0000000104e18000

Metaspace:

Usage:
  Non-class:     19.89 MB used.
      Class:      3.06 MB used.
       Both:     22.95 MB used.

Virtual space:
  Non-class space:       64.00 MB reserved,      20.06 MB ( 31%) committed,  1 nodes.
      Class space:        1.00 GB reserved,       3.25 MB ( <1%) committed,  1 nodes.
             Both:        1.06 GB reserved,      23.31 MB (  2%) committed. 

Chunk freelists:
   Non-Class:  3.88 MB
       Class:  685.00 KB
        Both:  4.54 MB

MaxMetaspaceSize: unlimited
CompressedClassSpaceSize: 1.00 GB
Initial GC threshold: 21.00 MB
Current GC threshold: 35.25 MB
CDS: on
MetaspaceReclaimPolicy: balanced
 - commit_granule_bytes: 65536.
 - commit_granule_words: 8192.
 - virtual_space_node_default_size: 8388608.
 - enlarge_chunks_in_place: 1.
 - new_chunks_are_fully_committed: 0.
 - uncommit_free_chunks: 1.
 - use_allocation_guard: 0.


Internal statistics:

num_allocs_failed_limit: 3.
num_arena_births: 312.
num_arena_deaths: 0.
num_vsnodes_births: 2.
num_vsnodes_deaths: 0.
num_space_committed: 373.
num_space_uncommitted: 0.
num_chunks_returned_to_freelist: 3.
num_chunks_taken_from_freelist: 917.
num_chunk_merges: 0.
num_chunk_splits: 660.
num_chunks_enlarged: 519.
num_inconsistent_stats: 0.

CodeHeap 'non-profiled nmethods': size=120032Kb used=1242Kb max_used=1242Kb free=118789Kb
 bounds [0x0000000116380000, 0x00000001165f0000, 0x000000011d8b8000]
CodeHeap 'profiled nmethods': size=120016Kb used=5823Kb max_used=5823Kb free=114192Kb
 bounds [0x000000010ee4c000, 0x000000010f3fc000, 0x0000000116380000]
CodeHeap 'non-nmethods': size=5712Kb used=1478Kb max_used=1545Kb free=4233Kb
 bounds [0x000000010e8b8000, 0x000000010eb28000, 0x000000010ee4c000]
 total_blobs=3705 nmethods=2831 adapters=789
 compilation: enabled
              stopped_count=0, restarted_count=0
 full_count=0

Compilation events (20 events):
Event: 1.629 Thread 0x000000015083fc00 nmethod 2878 0x000000010f3e8290 code [0x000000010f3e8540, 0x000000010f3e9138]
Event: 1.629 Thread 0x000000015083f600 nmethod 2877 0x00000001164b3690 code [0x00000001164b3840, 0x00000001164b3990]
Event: 1.668 Thread 0x000000015083fc00 2879       3       javafx.scene.Parent::pickChildrenNode (53 bytes)
Event: 1.669 Thread 0x000000015083fc00 nmethod 2879 0x000000010f3e9490 code [0x000000010f3e96c0, 0x000000010f3e9ce8]
Event: 1.669 Thread 0x000000015083fc00 2880       3       java.util.EnumMap$ValueIterator::next (50 bytes)
Event: 1.669 Thread 0x000000015083fc00 nmethod 2880 0x000000010f3e9f10 code [0x000000010f3ea100, 0x000000010f3ea548]
Event: 1.669 Thread 0x000000015083fc00 2881       3       javafx.scene.Scene$ClickCounter::moved (52 bytes)
Event: 1.670 Thread 0x000000015083fc00 nmethod 2881 0x000000010f3ea710 code [0x000000010f3ea9c0, 0x000000010f3eb278]
Event: 1.701 Thread 0x000000015083fc00 2882       1       com.sun.glass.ui.Window::getPlatformScaleX (5 bytes)
Event: 1.701 Thread 0x000000015083fc00 nmethod 2882 0x00000001164b3a90 code [0x00000001164b3c00, 0x00000001164b3ce8]
Event: 1.701 Thread 0x000000015083fc00 2884       3       com.sun.javafx.css.PseudoClassState::add (6 bytes)
Event: 1.701 Thread 0x000000015083fc00 nmethod 2884 0x000000010f3eb710 code [0x000000010f3eb8c0, 0x000000010f3eba58]
Event: 1.701 Thread 0x000000015083fc00 2883       1       com.sun.glass.ui.Window::getPlatformScaleY (5 bytes)
Event: 1.702 Thread 0x000000015083fc00 nmethod 2883 0x00000001164b3d90 code [0x00000001164b3f00, 0x00000001164b3fe8]
Event: 1.707 Thread 0x000000015083f600 2885       4       javafx.scene.CssStyleHelper::resolveLookups (463 bytes)
Event: 1.707 Thread 0x000000015083fc00 2887       3       javafx.scene.paint.Color::hashCode (66 bytes)
Event: 1.708 Thread 0x000000015083fc00 nmethod 2887 0x000000010f3ebb10 code [0x000000010f3ebd40, 0x000000010f3ec098]
Event: 1.708 Thread 0x000000015083fc00 2888       3       javafx.scene.paint.Color::to32BitInteger (45 bytes)
Event: 1.708 Thread 0x000000015083fc00 nmethod 2888 0x000000010f3ec210 code [0x000000010f3ec3c0, 0x000000010f3ec4e8]
Event: 1.709 Thread 0x000000015083fc00 2889       3       javafx.scene.Node::updateBounds (174 bytes)

GC Heap History (4 events):
Event: 0.346 GC heap before
{Heap before GC invocations=0 (full 0):
 garbage-first heap   total 266240K, used 24480K [0x0000000700000000, 0x0000000800000000)
  region size 2048K, 11 young (22528K), 0 survivors (0K)
 Metaspace       used 7041K, committed 7232K, reserved 1114112K
  class space    used 868K, committed 960K, reserved 1048576K
}
Event: 0.348 GC heap after
{Heap after GC invocations=1 (full 0):
 garbage-first heap   total 266240K, used 4805K [0x0000000700000000, 0x0000000800000000)
  region size 2048K, 2 young (4096K), 2 survivors (4096K)
 Metaspace       used 7041K, committed 7232K, reserved 1114112K
  class space    used 868K, committed 960K, reserved 1048576K
}
Event: 0.881 GC heap before
{Heap before GC invocations=1 (full 0):
 garbage-first heap   total 266240K, used 45765K [0x0000000700000000, 0x0000000800000000)
  region size 2048K, 23 young (47104K), 2 survivors (4096K)
 Metaspace       used 21249K, committed 21504K, reserved 1114112K
  class space    used 2809K, committed 2944K, reserved 1048576K
}
Event: 0.885 GC heap after
{Heap after GC invocations=2 (full 0):
 garbage-first heap   total 266240K, used 13173K [0x0000000700000000, 0x0000000800000000)
  region size 2048K, 4 young (8192K), 4 survivors (8192K)
 Metaspace       used 21249K, committed 21504K, reserved 1114112K
  class space    used 2809K, committed 2944K, reserved 1048576K
}

Deoptimization events (20 events):
Event: 1.108 Thread 0x000000015080e400 DEOPT PACKING pc=0x000000010f3a2d48 sp=0x000000016de014d0
Event: 1.108 Thread 0x000000015080e400 DEOPT UNPACKING pc=0x000000010e8f6b7c sp=0x000000016de01130 mode 0
Event: 1.108 Thread 0x000000015080e400 DEOPT PACKING pc=0x000000010f3a2d48 sp=0x000000016de014d0
Event: 1.108 Thread 0x000000015080e400 DEOPT UNPACKING pc=0x000000010e8f6b7c sp=0x000000016de01130 mode 0
Event: 1.108 Thread 0x000000015080e400 DEOPT PACKING pc=0x000000010f3a2d48 sp=0x000000016de014d0
Event: 1.108 Thread 0x000000015080e400 DEOPT UNPACKING pc=0x000000010e8f6b7c sp=0x000000016de01130 mode 0
Event: 1.108 Thread 0x000000015080e400 DEOPT PACKING pc=0x000000010f3a2d48 sp=0x000000016de014d0
Event: 1.108 Thread 0x000000015080e400 DEOPT UNPACKING pc=0x000000010e8f6b7c sp=0x000000016de01130 mode 0
Event: 1.108 Thread 0x000000015080e400 DEOPT PACKING pc=0x000000010f3a2d48 sp=0x000000016de014d0
Event: 1.108 Thread 0x000000015080e400 DEOPT UNPACKING pc=0x000000010e8f6b7c sp=0x000000016de01130 mode 0
Event: 1.108 Thread 0x000000015080e400 DEOPT PACKING pc=0x000000010f3a2d48 sp=0x000000016de014d0
Event: 1.108 Thread 0x000000015080e400 DEOPT UNPACKING pc=0x000000010e8f6b7c sp=0x000000016de01130 mode 0
Event: 1.108 Thread 0x000000015080e400 DEOPT PACKING pc=0x000000010f3a2d48 sp=0x000000016de014d0
Event: 1.108 Thread 0x000000015080e400 DEOPT UNPACKING pc=0x000000010e8f6b7c sp=0x000000016de01130 mode 0
Event: 1.109 Thread 0x000000015080e400 DEOPT PACKING pc=0x000000010f3a2d48 sp=0x000000016de014d0
Event: 1.109 Thread 0x000000015080e400 DEOPT UNPACKING pc=0x000000010e8f6b7c sp=0x000000016de01130 mode 0
Event: 1.134 Thread 0x000000012ebee800 DEOPT PACKING pc=0x000000010f23aea4 sp=0x0000000298735ce0
Event: 1.134 Thread 0x000000012ebee800 DEOPT UNPACKING pc=0x000000010e8f6b7c sp=0x0000000298735a40 mode 3
Event: 1.134 Thread 0x000000012ebee800 DEOPT PACKING pc=0x000000010f2153d8 sp=0x0000000298735840
Event: 1.134 Thread 0x000000012ebee800 DEOPT UNPACKING pc=0x000000010e8f6b7c sp=0x0000000298735590 mode 3

Classes loaded (20 events):
Event: 1.132 Loading class sun/nio/cs/ISO_8859_1$Encoder
Event: 1.132 Loading class sun/nio/cs/ISO_8859_1$Encoder done
Event: 1.132 Loading class sun/util/locale/provider/TimeZoneNameUtility
Event: 1.132 Loading class sun/util/locale/provider/TimeZoneNameUtility done
Event: 1.132 Loading class sun/util/locale/provider/TimeZoneNameUtility$TimeZoneNameGetter
Event: 1.132 Loading class sun/util/locale/provider/TimeZoneNameUtility$TimeZoneNameGetter done
Event: 1.132 Loading class sun/util/cldr/CLDRTimeZoneNameProviderImpl
Event: 1.132 Loading class sun/util/locale/provider/TimeZoneNameProviderImpl
Event: 1.132 Loading class sun/util/locale/provider/TimeZoneNameProviderImpl done
Event: 1.132 Loading class sun/util/cldr/CLDRTimeZoneNameProviderImpl done
Event: 1.133 Loading class sun/util/resources/cldr/TimeZoneNames
Event: 1.133 Loading class sun/util/resources/TimeZoneNamesBundle
Event: 1.133 Loading class sun/util/resources/OpenListResourceBundle
Event: 1.133 Loading class sun/util/resources/OpenListResourceBundle done
Event: 1.133 Loading class sun/util/resources/TimeZoneNamesBundle done
Event: 1.133 Loading class sun/util/resources/cldr/TimeZoneNames done
Event: 1.133 Loading class sun/util/resources/cldr/TimeZoneNames_en
Event: 1.133 Loading class sun/util/resources/cldr/TimeZoneNames_en done
Event: 1.133 Loading class sun/util/resources/cldr/TimeZoneNames_en_US
Event: 1.133 Loading class sun/util/resources/cldr/TimeZoneNames_en_US done

Classes unloaded (0 events):
No events

Classes redefined (0 events):
No events

Internal exceptions (20 events):
Event: 0.494 Thread 0x0000000150892c00 Exception <a 'sun/nio/fs/UnixException'{0x000000070ef02b60}> (0x000000070ef02b60) 
thrown [open/src/hotspot/share/prims/jni.cpp, line 516]
Event: 0.521 Thread 0x0000000150892c00 Exception <a 'sun/nio/fs/UnixException'{0x000000070ecf4558}> (0x000000070ecf4558) 
thrown [open/src/hotspot/share/prims/jni.cpp, line 516]
Event: 0.652 Thread 0x0000000150892c00 Implicit null exception at 0x00000001163bfe78 to 0x00000001163bff08
Event: 0.681 Thread 0x0000000150892c00 Implicit null exception at 0x00000001163f7cd4 to 0x00000001163f7ed0
Event: 0.682 Thread 0x0000000150892c00 Implicit null exception at 0x000000011642b6d4 to 0x000000011642b8c4
Event: 0.692 Thread 0x0000000150892c00 Exception <a 'java/lang/ClassNotFoundException'{0x000000070db1cfe0}: com/sun/javafx/scene/control/skin/resources/controls> (0x000000070db1cfe0) 
thrown [open/src/hotspot/share/prims/jni.cpp, line 535]
Event: 0.692 Thread 0x0000000150892c00 Exception <a 'java/lang/ClassNotFoundException'{0x000000070db2af80}: com/sun/javafx/scene/control/skin/resources/controls_en> (0x000000070db2af80) 
thrown [open/src/hotspot/share/prims/jni.cpp, line 535]
Event: 0.692 Thread 0x0000000150892c00 Exception <a 'java/lang/ClassNotFoundException'{0x000000070db2bf18}: com/sun/javafx/scene/control/skin/resources/controls_en_US> (0x000000070db2bf18) 
thrown [open/src/hotspot/share/prims/jni.cpp, line 535]
Event: 0.701 Thread 0x0000000150892c00 Exception <a 'java/lang/NoSuchMethodError'{0x000000070d8b33e0}: 'java.lang.Object java.lang.invoke.DirectMethodHandle$Holder.invokeInterface(java.lang.Object, java.lang.Object, java.lang.Object)'> (0x000000070d8b33e0) 
thrown [open/src/hotspot/share/interpreter/linkResolver.cpp, line 766]
Event: 0.701 Thread 0x0000000150892c00 Exception <a 'java/lang/IncompatibleClassChangeError'{0x000000070d8b6aa0}: Found class java.lang.Object, but interface was expected> (0x000000070d8b6aa0) 
thrown [open/src/hotspot/share/interpreter/linkResolver.cpp, line 833]
Event: 0.856 Thread 0x0000000150892c00 Exception <a 'java/lang/NoSuchMethodError'{0x000000070d574c20}: 'double java.lang.invoke.DirectMethodHandle$Holder.invokeVirtual(java.lang.Object, java.lang.Object)'> (0x000000070d574c20) 
thrown [open/src/hotspot/share/interpreter/linkResolver.cpp, line 766]
Event: 0.857 Thread 0x0000000150892c00 Exception <a 'java/lang/NoSuchMethodError'{0x000000070d5795c8}: 'double java.lang.invoke.DelegatingMethodHandle$Holder.reinvoke_L(java.lang.Object, java.lang.Object)'> (0x000000070d5795c8) 
thrown [open/src/hotspot/share/interpreter/linkResolver.cpp, line 766]
Event: 0.886 Thread 0x0000000150892c00 Implicit null exception at 0x000000011643cbcc to 0x000000011643f410
Event: 0.886 Thread 0x0000000150892c00 Exception <a 'java/lang/NoSuchMethodError'{0x000000070fe00a70}: 'int java.lang.invoke.DirectMethodHandle$Holder.invokeSpecial(java.lang.Object, java.lang.Object, int)'> (0x000000070fe00a70) 
thrown [open/src/hotspot/share/interpreter/linkResolver.cpp, line 766]
Event: 0.887 Thread 0x0000000150892c00 Exception <a 'java/lang/NoSuchMethodError'{0x000000070fe07f78}: 'int java.lang.invoke.DirectMethodHandle$Holder.invokeSpecial(java.lang.Object, java.lang.Object, java.lang.Object, int)'> (0x000000070fe07f78) 
thrown [open/src/hotspot/share/interpreter/linkResolver.cpp, line 766]
Event: 0.887 Thread 0x0000000150892c00 Exception <a 'java/lang/NoSuchMethodError'{0x000000070fe0f960}: 'int java.lang.invoke.DirectMethodHandle$Holder.invokeSpecial(java.lang.Object, java.lang.Object, java.lang.Object)'> (0x000000070fe0f960) 
thrown [open/src/hotspot/share/interpreter/linkResolver.cpp, line 766]
Event: 0.948 Thread 0x0000000150892c00 Exception <a 'java/lang/NoSuchMethodError'{0x0000000702b13448}: 'java.lang.Object java.lang.invoke.DirectMethodHandle$Holder.newInvokeSpecial(java.lang.Object, java.lang.Object, int)'> (0x0000000702b13448) 
thrown [open/src/hotspot/share/interpreter/linkResolver.cpp, line 766]
Event: 0.974 Thread 0x0000000150892c00 Exception <a 'java/lang/NoSuchMethodError'{0x0000000702b30480}: 'java.lang.Object java.lang.invoke.DirectMethodHandle$Holder.invokeSpecial(java.lang.Object, java.lang.Object, double, java.lang.Object, java.lang.Object)'> (0x0000000702b30480) 
thrown [open/src/hotspot/share/interpreter/linkResolver.cpp, line 766]
Event: 1.008 Thread 0x000000015080e400 Exception <a 'java/lang/NoSuchMethodError'{0x0000000702724580}: 'int java.lang.invoke.DirectMethodHandle$Holder.invokeStaticInit(java.lang.Object, java.lang.Object)'> (0x0000000702724580) 
thrown [open/src/hotspot/share/interpreter/linkResolver.cpp, line 766]
Event: 1.094 Thread 0x000000015080e400 Exception <a 'java/lang/NoSuchMethodError'{0x00000007023fb640}: 'java.lang.Object java.lang.invoke.DirectMethodHandle$Holder.invokeStaticInit(java.lang.Object, int)'> (0x00000007023fb640) 
thrown [open/src/hotspot/share/interpreter/linkResolver.cpp, line 766]

VM Operations (20 events):
Event: 0.533 Executing VM operation: ICBufferFull
Event: 0.533 Executing VM operation: ICBufferFull done
Event: 0.580 Executing VM operation: HandshakeAllThreads
Event: 0.580 Executing VM operation: HandshakeAllThreads done
Event: 0.584 Executing VM operation: ICBufferFull
Event: 0.584 Executing VM operation: ICBufferFull done
Event: 0.847 Executing VM operation: HandshakeAllThreads
Event: 0.847 Executing VM operation: HandshakeAllThreads done
Event: 0.857 Executing VM operation: ICBufferFull
Event: 0.857 Executing VM operation: ICBufferFull done
Event: 0.881 Executing VM operation: CollectForMetadataAllocation
Event: 0.885 Executing VM operation: CollectForMetadataAllocation done
Event: 0.889 Executing VM operation: G1Concurrent
Event: 0.890 Executing VM operation: G1Concurrent done
Event: 0.892 Executing VM operation: G1Concurrent
Event: 0.892 Executing VM operation: G1Concurrent done
Event: 0.934 Executing VM operation: ICBufferFull
Event: 0.935 Executing VM operation: ICBufferFull done
Event: 1.097 Executing VM operation: ICBufferFull
Event: 1.097 Executing VM operation: ICBufferFull done

Events (20 events):
Event: 0.428 Thread 0x00000001290ed800 Thread added: 0x00000001290ed800
Event: 0.428 Protecting memory [0x000000016eef8000,0x000000016ef04000] with protection modes 0
Event: 0.556 Protecting memory [0x000000016e018000,0x000000016e024000] with protection modes 3
Event: 0.556 Thread 0x00000001508e7400 Thread exited: 0x00000001508e7400
Event: 0.628 Loading shared library /Users/danielweiner/.m2/repository/org/openjfx/javafx-graphics/17.0.1/libjavafx_iio.dylib failed, dlopen(/Users/danielweiner/.m2/repository/org/openjfx/javafx-graphics/17.0.1/libjavafx_iio.dylib, 0x0001): tried: '/Users/danielweiner
Event: 0.631 Loaded shared library /Users/danielweiner/.openjfx/cache/17.0.1/libjavafx_iio.dylib
Event: 0.673 Protecting memory [0x000000016e018000,0x000000016e024000] with protection modes 0
Event: 0.673 Thread 0x000000012ea03200 Thread added: 0x000000012ea03200
Event: 0.851 Thread 0x00000001290e4e00 Thread added: 0x00000001290e4e00
Event: 0.851 Protecting memory [0x000000016f104000,0x000000016f110000] with protection modes 0
Event: 1.015 Thread 0x0000000129250a00 Thread added: 0x0000000129250a00
Event: 1.015 Protecting memory [0x0000000298328000,0x0000000298334000] with protection modes 0
Event: 1.027 Thread 0x000000012ebee800 Thread added: 0x000000012ebee800
Event: 1.027 Protecting memory [0x0000000298534000,0x0000000298540000] with protection modes 0
Event: 1.313 Protecting memory [0x000000016d3d0000,0x000000016d3dc000] with protection modes 3
Event: 1.313 Thread 0x0000000129033c00 Thread exited: 0x0000000129033c00
Event: 1.373 Protecting memory [0x000000016e018000,0x000000016e024000] with protection modes 3
Event: 1.373 Thread 0x000000012ea03200 Thread exited: 0x000000012ea03200
Event: 1.705 Protecting memory [0x000000016d3d0000,0x000000016d3dc000] with protection modes 0
Event: 1.705 Thread 0x000000012e02be00 Thread added: 0x000000012e02be00


Dynamic libraries:
0x0000000104dc8000 	/Users/danielweiner/Library/Java/JavaVirtualMachines/openjdk-18/Contents/Home/lib/libjli.dylib
0x000000019b814000 	/usr/lib/libz.1.dylib
0x000000019b8cb000 	/usr/lib/libSystem.B.dylib
0x000000019b8c5000 	/usr/lib/system/libcache.dylib
0x000000019b883000 	/usr/lib/system/libcommonCrypto.dylib
0x000000019b8ac000 	/usr/lib/system/libcompiler_rt.dylib
0x000000019b8a3000 	/usr/lib/system/libcopyfile.dylib
0x0000000190b0b000 	/usr/lib/system/libcorecrypto.dylib
0x0000000190bbe000 	/usr/lib/system/libdispatch.dylib
0x0000000190d8c000 	/usr/lib/system/libdyld.dylib
0x000000019b8bb000 	/usr/lib/system/libkeymgr.dylib
0x000000019b85e000 	/usr/lib/system/libmacho.dylib
0x000000019af53000 	/usr/lib/system/libquarantine.dylib
0x000000019b8b8000 	/usr/lib/system/libremovefile.dylib
0x0000000195ef4000 	/usr/lib/system/libsystem_asl.dylib
0x0000000190aad000 	/usr/lib/system/libsystem_blocks.dylib
0x0000000190c46000 	/usr/lib/system/libsystem_c.dylib
0x000000019b8b0000 	/usr/lib/system/libsystem_collections.dylib
0x000000019a3e1000 	/usr/lib/system/libsystem_configuration.dylib
0x000000019963d000 	/usr/lib/system/libsystem_containermanager.dylib
0x000000019b5c0000 	/usr/lib/system/libsystem_coreservices.dylib
0x00000001934b4000 	/usr/lib/system/libsystem_darwin.dylib
0x000000019b8bc000 	/usr/lib/system/libsystem_dnssd.dylib
0x0000000190c43000 	/usr/lib/system/libsystem_featureflags.dylib
0x0000000190da1000 	/usr/lib/system/libsystem_info.dylib
0x000000019b826000 	/usr/lib/system/libsystem_m.dylib
0x0000000190b93000 	/usr/lib/system/libsystem_malloc.dylib
0x0000000195e83000 	/usr/lib/system/libsystem_networkextension.dylib
0x000000019390d000 	/usr/lib/system/libsystem_notify.dylib
0x00000001a1c09000 	/usr/lib/system/libsystem_product_info_filter.dylib
0x000000019a3e6000 	/usr/lib/system/libsystem_sandbox.dylib
0x000000019b8b5000 	/usr/lib/system/libsystem_secinit.dylib
0x0000000190d47000 	/usr/lib/system/libsystem_kernel.dylib
0x0000000190d99000 	/usr/lib/system/libsystem_platform.dylib
0x0000000190d7f000 	/usr/lib/system/libsystem_pthread.dylib
0x000000019764c000 	/usr/lib/system/libsystem_symptoms.dylib
0x0000000190af1000 	/usr/lib/system/libsystem_trace.dylib
0x000000019b890000 	/usr/lib/system/libunwind.dylib
0x0000000190aaf000 	/usr/lib/system/libxpc.dylib
0x0000000190d2f000 	/usr/lib/libc++abi.dylib
0x0000000190c05000 	/usr/lib/libobjc.A.dylib
0x000000019b89b000 	/usr/lib/liboah.dylib
0x0000000190cc8000 	/usr/lib/libc++.1.dylib
0x00000001a7722000 	/System/Library/Frameworks/Cocoa.framework/Versions/A/Cocoa
0x000000019396e000 	/System/Library/Frameworks/AppKit.framework/Versions/C/AppKit
0x0000000196e74000 	/System/Library/Frameworks/CoreData.framework/Versions/A/CoreData
0x0000000191cc9000 	/System/Library/Frameworks/Foundation.framework/Versions/C/Foundation
0x0000000194826000 	/System/Library/PrivateFrameworks/UIFoundation.framework/Versions/A/UIFoundation
0x00000001a1903000 	/System/Library/PrivateFrameworks/RemoteViewServices.framework/Versions/A/RemoteViewServices
0x0000000199d89000 	/System/Library/PrivateFrameworks/XCTTargetBootstrap.framework/Versions/A/XCTTargetBootstrap
0x000000019d607000 	/System/Library/PrivateFrameworks/InternationalSupport.framework/Versions/A/InternationalSupport
0x000000019d690000 	/System/Library/PrivateFrameworks/UserActivity.framework/Versions/A/UserActivity
0x000000019cb02000 	/usr/lib/libspindump.dylib
0x0000000194a97000 	/System/Library/Frameworks/UniformTypeIdentifiers.framework/Versions/A/UniformTypeIdentifiers
0x00000001982d4000 	/usr/lib/libapp_launch_measurement.dylib
0x00000001977fe000 	/System/Library/PrivateFrameworks/CoreAnalytics.framework/Versions/A/CoreAnalytics
0x00000001982d7000 	/System/Library/PrivateFrameworks/CoreAutoLayout.framework/Versions/A/CoreAutoLayout
0x000000019967a000 	/System/Library/Frameworks/Metal.framework/Versions/A/Metal
0x000000019a3f1000 	/usr/lib/liblangid.dylib
0x0000000199d8e000 	/System/Library/PrivateFrameworks/CoreSVG.framework/Versions/A/CoreSVG
0x0000000195f28000 	/System/Library/PrivateFrameworks/SkyLight.framework/Versions/A/SkyLight
0x00000001962fd000 	/System/Library/Frameworks/CoreGraphics.framework/Versions/A/CoreGraphics
0x00000001a1fcf000 	/System/Library/Frameworks/Accelerate.framework/Versions/A/Accelerate
0x000000019c579000 	/System/Library/PrivateFrameworks/IconServices.framework/Versions/A/IconServices
0x000000019965c000 	/System/Library/Frameworks/IOSurface.framework/Versions/A/IOSurface
0x000000019782f000 	/usr/lib/libDiagnosticMessagesClient.dylib
0x00000001a54d0000 	/System/Library/Frameworks/ApplicationServices.framework/Versions/A/ApplicationServices
0x0000000199d71000 	/System/Library/PrivateFrameworks/DFRFoundation.framework/Versions/A/DFRFoundation
0x00000001931fe000 	/usr/lib/libicucore.A.dylib
0x000000019e4b3000 	/System/Library/Frameworks/AudioToolbox.framework/Versions/A/AudioToolbox
0x000000019d613000 	/System/Library/PrivateFrameworks/DataDetectorsCore.framework/Versions/A/DataDetectorsCore
0x00000001b3f53000 	/System/Library/PrivateFrameworks/TextInput.framework/Versions/A/TextInput
0x0000000195e9d000 	/usr/lib/libMobileGestalt.dylib
0x0000000199a3d000 	/System/Library/Frameworks/Carbon.framework/Versions/A/Frameworks/HIToolbox.framework/Versions/A/HIToolbox
0x0000000197cb0000 	/System/Library/Frameworks/QuartzCore.framework/Versions/A/QuartzCore
0x0000000192e81000 	/System/Library/Frameworks/Security.framework/Versions/A/Security
0x00000001a1943000 	/System/Library/Frameworks/Carbon.framework/Versions/A/Frameworks/SpeechRecognition.framework/Versions/A/SpeechRecognition
0x000000019802a000 	/System/Library/PrivateFrameworks/CoreUI.framework/Versions/A/CoreUI
0x000000019275e000 	/System/Library/Frameworks/CoreAudio.framework/Versions/A/CoreAudio
0x0000000197924000 	/System/Library/Frameworks/DiskArbitration.framework/Versions/A/DiskArbitration
0x000000019cf0c000 	/System/Library/PrivateFrameworks/MultitouchSupport.framework/Versions/A/MultitouchSupport
0x0000000195e9b000 	/usr/lib/libenergytrace.dylib
0x0000000193836000 	/System/Library/Frameworks/IOKit.framework/Versions/A/IOKit
0x00000001a1d32000 	/System/Library/Frameworks/CoreServices.framework/Versions/A/CoreServices
0x0000000198264000 	/System/Library/PrivateFrameworks/PerformanceAnalysis.framework/Versions/A/PerformanceAnalysis
0x00000001f223b000 	/System/Library/Frameworks/OpenGL.framework/Versions/A/OpenGL
0x000000019ae6b000 	/System/Library/PrivateFrameworks/MobileKeyBag.framework/Versions/A/MobileKeyBag
0x000000019690a000 	/System/Library/Frameworks/ColorSync.framework/Versions/A/ColorSync
0x0000000190dce000 	/System/Library/Frameworks/CoreFoundation.framework/Versions/A/CoreFoundation
0x000000019a00d000 	/System/Library/Frameworks/CoreImage.framework/Versions/A/CoreImage
0x0000000192582000 	/System/Library/Frameworks/CoreText.framework/Versions/A/CoreText
0x0000000199dbe000 	/System/Library/Frameworks/ImageIO.framework/Versions/A/ImageIO
0x000000019b8d1000 	/System/Library/PrivateFrameworks/SoftLinking.framework/Versions/A/SoftLinking
0x0000000198322000 	/usr/lib/libxml2.2.dylib
0x000000019bb6a000 	/usr/lib/libcompression.dylib
0x000000019d563000 	/System/Library/PrivateFrameworks/TextureIO.framework/Versions/A/TextureIO
0x000000019c292000 	/usr/lib/libate.dylib
0x000000019c157000 	/usr/lib/liblzma.5.dylib
0x00000001919bd000 	/System/Library/Frameworks/SystemConfiguration.framework/Versions/A/SystemConfiguration
0x000000019b8cd000 	/usr/lib/libfakelink.dylib
0x00000001959cf000 	/System/Library/Frameworks/CFNetwork.framework/Versions/A/CFNetwork
0x000000019ba13000 	/usr/lib/libarchive.2.dylib
0x000000019a3ed000 	/System/Library/PrivateFrameworks/AppleSystemInfo.framework/Versions/A/AppleSystemInfo
0x000000019af7e000 	/usr/lib/libbsm.0.dylib
0x0000000194f40000 	/usr/lib/libnetwork.dylib
0x000000019b867000 	/usr/lib/system/libkxld.dylib
0x000000019ab91000 	/System/Library/PrivateFrameworks/IOMobileFramebuffer.framework/Versions/A/IOMobileFramebuffer
0x000000020fb67000 	/usr/lib/libCoreEntitlements.dylib
0x000000019b5a2000 	/System/Library/PrivateFrameworks/AppleFSCompression.framework/Versions/A/AppleFSCompression
0x000000019af66000 	/usr/lib/libcoretls.dylib
0x000000019c170000 	/usr/lib/libcoretls_cfhelpers.dylib
0x000000019bb65000 	/usr/lib/libpam.2.dylib
0x0000000197263000 	/usr/lib/libsqlite3.dylib
0x000000019c1d9000 	/usr/lib/libxar.1.dylib
0x000000019b5b3000 	/usr/lib/libbz2.1.0.dylib
0x000000019b8d2000 	/usr/lib/libpcap.A.dylib
0x0000000197643000 	/usr/lib/libdns_services.dylib
0x000000019bb38000 	/usr/lib/libapple_nghttp2.dylib
0x000000019b90f000 	/usr/lib/libiconv.2.dylib
0x000000019b85d000 	/usr/lib/libcharset.1.dylib
0x00000001982a0000 	/System/Library/Frameworks/CoreServices.framework/Versions/A/Frameworks/FSEvents.framework/Versions/A/FSEvents
0x00000001934bf000 	/System/Library/Frameworks/CoreServices.framework/Versions/A/Frameworks/CarbonCore.framework/Versions/A/CarbonCore
0x0000000197884000 	/System/Library/Frameworks/CoreServices.framework/Versions/A/Frameworks/Metadata.framework/Versions/A/Metadata
0x000000019b5c6000 	/System/Library/Frameworks/CoreServices.framework/Versions/A/Frameworks/OSServices.framework/Versions/A/OSServices
0x000000019ba99000 	/System/Library/Frameworks/CoreServices.framework/Versions/A/Frameworks/SearchKit.framework/Versions/A/SearchKit
0x00000001975d2000 	/System/Library/Frameworks/CoreServices.framework/Versions/A/Frameworks/AE.framework/Versions/A/AE
0x0000000191314000 	/System/Library/Frameworks/CoreServices.framework/Versions/A/Frameworks/LaunchServices.framework/Versions/A/LaunchServices
0x000000019c100000 	/System/Library/Frameworks/CoreServices.framework/Versions/A/Frameworks/DictionaryServices.framework/Versions/A/DictionaryServices
0x00000001982ad000 	/System/Library/Frameworks/CoreServices.framework/Versions/A/Frameworks/SharedFileList.framework/Versions/A/SharedFileList
0x000000019af56000 	/usr/lib/libCheckFix.dylib
0x0000000195f0c000 	/System/Library/PrivateFrameworks/TCC.framework/Versions/A/TCC
0x000000019a3f3000 	/System/Library/PrivateFrameworks/CoreNLP.framework/Versions/A/CoreNLP
0x0000000197832000 	/System/Library/PrivateFrameworks/MetadataUtilities.framework/Versions/A/MetadataUtilities
0x0000000191a76000 	/usr/lib/libmecabra.dylib
0x000000019af8f000 	/usr/lib/libmecab.dylib
0x0000000191a42000 	/usr/lib/libCRFSuite.dylib
0x000000019afec000 	/usr/lib/libgermantok.dylib
0x000000019bb11000 	/usr/lib/libThaiTokenizer.dylib
0x000000019792c000 	/System/Library/Frameworks/Accelerate.framework/Versions/A/Frameworks/vImage.framework/Versions/A/vImage
0x00000001a1d09000 	/System/Library/Frameworks/Accelerate.framework/Versions/A/Frameworks/vecLib.framework/Versions/A/vecLib
0x000000019c21e000 	/System/Library/Frameworks/Accelerate.framework/Versions/A/Frameworks/vecLib.framework/Versions/A/libvMisc.dylib
0x000000019aa98000 	/System/Library/Frameworks/Accelerate.framework/Versions/A/Frameworks/vecLib.framework/Versions/A/libvDSP.dylib
0x000000019169d000 	/System/Library/Frameworks/Accelerate.framework/Versions/A/Frameworks/vecLib.framework/Versions/A/libBLAS.dylib
0x000000019bc3b000 	/System/Library/Frameworks/Accelerate.framework/Versions/A/Frameworks/vecLib.framework/Versions/A/libLAPACK.dylib
0x000000019afef000 	/System/Library/Frameworks/Accelerate.framework/Versions/A/Frameworks/vecLib.framework/Versions/A/libLinearAlgebra.dylib
0x000000019bb50000 	/System/Library/Frameworks/Accelerate.framework/Versions/A/Frameworks/vecLib.framework/Versions/A/libSparseBLAS.dylib
0x000000019bc36000 	/System/Library/Frameworks/Accelerate.framework/Versions/A/Frameworks/vecLib.framework/Versions/A/libQuadrature.dylib
0x000000019a4ec000 	/System/Library/Frameworks/Accelerate.framework/Versions/A/Frameworks/vecLib.framework/Versions/A/libBNNS.dylib
0x000000019195b000 	/System/Library/Frameworks/Accelerate.framework/Versions/A/Frameworks/vecLib.framework/Versions/A/libSparse.dylib
0x000000019a4e4000 	/System/Library/PrivateFrameworks/LinguisticData.framework/Versions/A/LinguisticData
0x0000000191913000 	/System/Library/PrivateFrameworks/Lexicon.framework/Versions/A/Lexicon
0x000000019c216000 	/usr/lib/libChineseTokenizer.dylib
0x00000001920ba000 	/System/Library/PrivateFrameworks/LanguageModeling.framework/Versions/A/LanguageModeling
0x000000019bb13000 	/System/Library/PrivateFrameworks/AppleSauce.framework/Versions/A/AppleSauce
0x000000019ab7e000 	/System/Library/PrivateFrameworks/CoreEmoji.framework/Versions/A/CoreEmoji
0x000000019ba01000 	/usr/lib/libcmph.dylib
0x0000000198280000 	/System/Library/Frameworks/OpenDirectory.framework/Versions/A/Frameworks/CFOpenDirectory.framework/Versions/A/CFOpenDirectory
0x0000000198270000 	/System/Library/Frameworks/OpenDirectory.framework/Versions/A/OpenDirectory
0x000000019c172000 	/System/Library/PrivateFrameworks/APFS.framework/Versions/A/APFS
0x000000019aea6000 	/System/Library/Frameworks/SecurityFoundation.framework/Versions/A/SecurityFoundation
0x000000019c1e8000 	/usr/lib/libutil.dylib
0x00000001937f8000 	/System/Library/PrivateFrameworks/CoreServicesStore.framework/Versions/A/CoreServicesStore
0x000000019c1ec000 	/usr/lib/libxslt.1.dylib
0x000000019af3a000 	/System/Library/PrivateFrameworks/BackgroundTaskManagement.framework/Versions/A/BackgroundTaskManagement
0x000000019d484000 	/System/Library/Frameworks/ImageIO.framework/Versions/A/Resources/libRadiance.dylib
0x000000019d48d000 	/System/Library/Frameworks/ImageIO.framework/Versions/A/Resources/libJPEG.dylib
0x000000019d3e0000 	/System/Library/Frameworks/ImageIO.framework/Versions/A/Resources/libPng.dylib
0x000000019d402000 	/System/Library/Frameworks/ImageIO.framework/Versions/A/Resources/libTIFF.dylib
0x000000019d4e8000 	/System/Library/Frameworks/ImageIO.framework/Versions/A/Resources/libGIF.dylib
0x000000019ce1c000 	/System/Library/Frameworks/ImageIO.framework/Versions/A/Resources/libJP2.dylib
0x000000019c53e000 	/usr/lib/libexpat.1.dylib
0x000000019cdd7000 	/System/Library/PrivateFrameworks/AppleJPEG.framework/Versions/A/AppleJPEG
0x00000001998f9000 	/System/Library/PrivateFrameworks/FontServices.framework/libFontParser.dylib
0x0000000197577000 	/System/Library/PrivateFrameworks/RunningBoardServices.framework/Versions/A/RunningBoardServices
0x00000001a7df5000 	/System/Library/PrivateFrameworks/IOSurfaceAccelerator.framework/Versions/A/IOSurfaceAccelerator
0x000000019cf08000 	/System/Library/PrivateFrameworks/WatchdogClient.framework/Versions/A/WatchdogClient
0x00000001921be000 	/System/Library/Frameworks/CoreDisplay.framework/Versions/A/CoreDisplay
0x00000001997e3000 	/System/Library/Frameworks/CoreMedia.framework/Versions/A/CoreMedia
0x0000000199670000 	/System/Library/PrivateFrameworks/IOAccelerator.framework/Versions/A/IOAccelerator
0x0000000198410000 	/System/Library/Frameworks/CoreVideo.framework/Versions/A/CoreVideo
0x000000019bb63000 	/System/Library/Frameworks/MetalPerformanceShaders.framework/Versions/A/MetalPerformanceShaders
0x000000019cf47000 	/System/Library/Frameworks/VideoToolbox.framework/Versions/A/VideoToolbox
0x00000001974bb000 	/System/Library/PrivateFrameworks/BaseBoard.framework/Versions/A/BaseBoard
0x0000000197249000 	/System/Library/PrivateFrameworks/ProtocolBuffer.framework/Versions/A/ProtocolBuffer
0x000000019d47f000 	/System/Library/PrivateFrameworks/GPUWrangler.framework/Versions/A/GPUWrangler
0x000000019d45f000 	/System/Library/PrivateFrameworks/IOPresentment.framework/Versions/A/IOPresentment
0x000000019d487000 	/System/Library/PrivateFrameworks/DSExternalDisplay.framework/Versions/A/DSExternalDisplay
0x00000001f222e000 	/System/Library/Frameworks/OpenGL.framework/Versions/A/Libraries/libCoreFSCache.dylib
0x00000001fc6ed000 	/System/Library/PrivateFrameworks/GPUCompiler.framework/Versions/31001/Libraries/libGPUCompilerUtils.dylib
0x000000019d4ed000 	/System/Library/PrivateFrameworks/CMCaptureCore.framework/Versions/A/CMCaptureCore
0x000000019caef000 	/System/Library/PrivateFrameworks/AppServerSupport.framework/Versions/A/AppServerSupport
0x000000019ed70000 	/System/Library/PrivateFrameworks/perfdata.framework/Versions/A/perfdata
0x00000001922de000 	/System/Library/PrivateFrameworks/AudioToolboxCore.framework/Versions/A/AudioToolboxCore
0x00000001997bc000 	/System/Library/PrivateFrameworks/caulk.framework/Versions/A/caulk
0x000000019e665000 	/usr/lib/libAudioStatistics.dylib
0x00000001b05ba000 	/System/Library/PrivateFrameworks/SystemPolicy.framework/Versions/A/SystemPolicy
0x000000019e8d1000 	/usr/lib/libSMC.dylib
0x00000001a7604000 	/System/Library/Frameworks/CoreMIDI.framework/Versions/A/CoreMIDI
0x000000019d3ae000 	/usr/lib/libAudioToolboxUtility.dylib
0x00000001ac687000 	/System/Library/PrivateFrameworks/OSAServicesClient.framework/Versions/A/OSAServicesClient
0x000000019ed7d000 	/usr/lib/libperfcheck.dylib
0x00000001b10d2000 	/usr/lib/libmis.dylib
0x00000001f2290000 	/System/Library/Frameworks/OpenGL.framework/Versions/A/Libraries/libGLU.dylib
0x00000001f224f000 	/System/Library/Frameworks/OpenGL.framework/Versions/A/Libraries/libGFXShared.dylib
0x00000001f243c000 	/System/Library/Frameworks/OpenGL.framework/Versions/A/Libraries/libGL.dylib
0x00000001f2258000 	/System/Library/Frameworks/OpenGL.framework/Versions/A/Libraries/libGLImage.dylib
0x00000001f224c000 	/System/Library/Frameworks/OpenGL.framework/Versions/A/Libraries/libCVMSPluginSupport.dylib
0x00000001f2235000 	/System/Library/Frameworks/OpenGL.framework/Versions/A/Libraries/libCoreVMClient.dylib
0x000000019a36d000 	/System/Library/Frameworks/MetalPerformanceShaders.framework/Versions/A/Frameworks/MPSCore.framework/Versions/A/MPSCore
0x000000019b515000 	/System/Library/Frameworks/MetalPerformanceShaders.framework/Versions/A/Frameworks/MPSImage.framework/Versions/A/MPSImage
0x000000019b004000 	/System/Library/Frameworks/MetalPerformanceShaders.framework/Versions/A/Frameworks/MPSNeuralNetwork.framework/Versions/A/MPSNeuralNetwork
0x000000019b43d000 	/System/Library/Frameworks/MetalPerformanceShaders.framework/Versions/A/Frameworks/MPSMatrix.framework/Versions/A/MPSMatrix
0x000000019b216000 	/System/Library/Frameworks/MetalPerformanceShaders.framework/Versions/A/Frameworks/MPSRayIntersector.framework/Versions/A/MPSRayIntersector
0x000000019b46e000 	/System/Library/Frameworks/MetalPerformanceShaders.framework/Versions/A/Frameworks/MPSNDArray.framework/Versions/A/MPSNDArray
0x00000001f43a7000 	/System/Library/Frameworks/MetalPerformanceShaders.framework/Versions/A/Frameworks/MPSFunctions.framework/Versions/A/MPSFunctions
0x0000000191574000 	/System/Library/PrivateFrameworks/MetalTools.framework/Versions/A/MetalTools
0x000000019a3eb000 	/System/Library/PrivateFrameworks/AggregateDictionary.framework/Versions/A/AggregateDictionary
0x000000019c323000 	/usr/lib/libIOReport.dylib
0x00000001a6622000 	/System/Library/PrivateFrameworks/ASEProcessing.framework/Versions/A/ASEProcessing
0x000000019c698000 	/System/Library/PrivateFrameworks/FaceCore.framework/Versions/A/FaceCore
0x000000019c68a000 	/System/Library/PrivateFrameworks/GraphVisualizer.framework/Versions/A/GraphVisualizer
0x00000001fc604000 	/System/Library/PrivateFrameworks/FontServices.framework/Versions/A/FontServices
0x000000019caab000 	/System/Library/PrivateFrameworks/OTSVG.framework/Versions/A/OTSVG
0x0000000197fda000 	/System/Library/Frameworks/ApplicationServices.framework/Versions/A/Frameworks/ATS.framework/Versions/A/Resources/libFontRegistry.dylib
0x000000019caf8000 	/System/Library/PrivateFrameworks/FontServices.framework/libhvf.dylib
0x00000001fc605000 	/System/Library/PrivateFrameworks/FontServices.framework/libXTFontStaticRegistryData.dylib
0x00000001f25dd000 	/System/Library/Frameworks/OpenCL.framework/Versions/A/OpenCL
0x000000019c4f2000 	/System/Library/PrivateFrameworks/AppleVA.framework/Versions/A/AppleVA
0x000000019e68d000 	/System/Library/Frameworks/ApplicationServices.framework/Versions/A/Frameworks/ATS.framework/Versions/A/ATS
0x0000000196a07000 	/System/Library/Frameworks/ApplicationServices.framework/Versions/A/Frameworks/HIServices.framework/Versions/A/HIServices
0x000000019d4f7000 	/System/Library/Frameworks/ApplicationServices.framework/Versions/A/Frameworks/PrintCore.framework/Versions/A/PrintCore
0x000000019ea24000 	/System/Library/Frameworks/ApplicationServices.framework/Versions/A/Frameworks/QD.framework/Versions/A/QD
0x000000019ea1c000 	/System/Library/Frameworks/ApplicationServices.framework/Versions/A/Frameworks/ColorSyncLegacy.framework/Versions/A/ColorSyncLegacy
0x000000019e679000 	/System/Library/Frameworks/ApplicationServices.framework/Versions/A/Frameworks/SpeechSynthesis.framework/Versions/A/SpeechSynthesis
0x000000019d4b8000 	/System/Library/Frameworks/ApplicationServices.framework/Versions/A/Frameworks/ATSUI.framework/Versions/A/ATSUI
0x000000019e9b1000 	/usr/lib/libcups.2.dylib
0x000000019ed8b000 	/System/Library/Frameworks/Kerberos.framework/Versions/A/Kerberos
0x000000019ed9c000 	/System/Library/Frameworks/GSS.framework/Versions/A/GSS
0x000000019e6fd000 	/usr/lib/libresolv.9.dylib
0x000000019cb07000 	/System/Library/PrivateFrameworks/Heimdal.framework/Versions/A/Heimdal
0x00000001a5857000 	/System/Library/Frameworks/Kerberos.framework/Versions/A/Libraries/libHeimdalProxy.dylib
0x0000000197655000 	/System/Library/Frameworks/Network.framework/Versions/A/Network
0x000000019c559000 	/usr/lib/libheimdal-asn1.dylib
0x000000019edec000 	/System/Library/PrivateFrameworks/CommonAuth.framework/Versions/A/CommonAuth
0x000000019e5f3000 	/System/Library/PrivateFrameworks/AudioSession.framework/Versions/A/AudioSession
0x000000019c5eb000 	/System/Library/PrivateFrameworks/MediaExperience.framework/Versions/A/MediaExperience
0x000000019e479000 	/System/Library/PrivateFrameworks/AudioSession.framework/libSessionUtility.dylib
0x000000019ea30000 	/System/Library/PrivateFrameworks/AudioResourceArbitration.framework/Versions/A/AudioResourceArbitration
0x00000001a2be6000 	/System/Library/PrivateFrameworks/PowerLog.framework/Versions/A/PowerLog
0x000000019c563000 	/System/Library/PrivateFrameworks/IconFoundation.framework/Versions/A/IconFoundation
0x00000001a192f000 	/System/Library/PrivateFrameworks/SpeechRecognitionCore.framework/Versions/A/SpeechRecognitionCore
0x0000000106080000 	/Users/danielweiner/Library/Java/JavaVirtualMachines/openjdk-18/Contents/Home/lib/server/libjvm.dylib
0x0000000104e2c000 	/Users/danielweiner/Library/Java/JavaVirtualMachines/openjdk-18/Contents/Home/lib/libjimage.dylib
0x0000000104e58000 	/Users/danielweiner/Library/Java/JavaVirtualMachines/openjdk-18/Contents/Home/lib/libinstrument.dylib
0x0000000104ea4000 	/Users/danielweiner/Library/Java/JavaVirtualMachines/openjdk-18/Contents/Home/lib/libjava.dylib
0x0000000105004000 	/Users/danielweiner/Library/Java/JavaVirtualMachines/openjdk-18/Contents/Home/lib/libnio.dylib
0x0000000105024000 	/Users/danielweiner/Library/Java/JavaVirtualMachines/openjdk-18/Contents/Home/lib/libnet.dylib
0x0000000104e8c000 	/Users/danielweiner/Library/Java/JavaVirtualMachines/openjdk-18/Contents/Home/lib/libzip.dylib
0x0000000105044000 	/Users/danielweiner/.openjfx/cache/17.0.1/libprism_es2.dylib
0x00000001937bb000 	/System/Library/PrivateFrameworks/CoreServicesInternal.framework/Versions/A/CoreServicesInternal
0x00000001f2446000 	/System/Library/Frameworks/OpenGL.framework/Versions/A/Resources/GLEngine.bundle/GLEngine
0x00000001f22ce000 	/System/Library/Frameworks/OpenGL.framework/Versions/A/Libraries/libGLProgrammability.dylib
0x0000000105dbc000 	/System/Library/Extensions/AppleMetalOpenGLRenderer.bundle/Contents/MacOS/AppleMetalOpenGLRenderer
0x00000001f25b5000 	/System/Library/Frameworks/OpenGL.framework/Versions/A/Resources/GLRendererFloat.bundle/GLRendererFloat
0x00000001f26b5000 	/System/Library/Extensions/AGXMetal13_3.bundle/Contents/MacOS/AGXMetal13_3
0x00000001b10ee000 	/System/Library/PrivateFrameworks/GPURawCounter.framework/Versions/A/GPURawCounter
0x00000001ab7f8000 	/System/Library/PrivateFrameworks/IOGPU.framework/Versions/A/IOGPU
0x0000000128eac000 	/Users/danielweiner/.openjfx/cache/17.0.1/libglass.dylib
0x00000001a2e3e000 	/System/Library/Frameworks/FileProvider.framework/Versions/A/FileProvider
0x0000000197423000 	/System/Library/Frameworks/Accounts.framework/Versions/A/Accounts
0x00000001a2fc2000 	/System/Library/PrivateFrameworks/GenerationalStorage.framework/Versions/A/GenerationalStorage
0x00000001a3b85000 	/System/Library/PrivateFrameworks/CoreSymbolication.framework/Versions/A/CoreSymbolication
0x00000001a2bda000 	/System/Library/PrivateFrameworks/SymptomDiagnosticReporter.framework/Versions/A/SymptomDiagnosticReporter
0x0000000194aab000 	/System/Library/PrivateFrameworks/DesktopServicesPriv.framework/Versions/A/DesktopServicesPriv
0x000000019391d000 	/usr/lib/libsandbox.1.dylib
0x000000019849e000 	/System/Library/PrivateFrameworks/UserManagement.framework/Versions/A/UserManagement
0x00000001a3b42000 	/System/Library/PrivateFrameworks/DebugSymbols.framework/Versions/A/DebugSymbols
0x000000019ea0f000 	/System/Library/PrivateFrameworks/NetAuth.framework/Versions/A/NetAuth
0x000000019f92d000 	/System/Library/PrivateFrameworks/Sharing.framework/Versions/A/Sharing
0x000000019846e000 	/System/Library/PrivateFrameworks/login.framework/Versions/A/Frameworks/loginsupport.framework/Versions/A/loginsupport
0x00000001a4d77000 	/System/Library/PrivateFrameworks/Apple80211.framework/Versions/A/Apple80211
0x000000019b5f9000 	/System/Library/PrivateFrameworks/AuthKit.framework/Versions/A/AuthKit
0x000000019ac7a000 	/System/Library/PrivateFrameworks/CoreUtils.framework/Versions/A/CoreUtils
0x000000019ab9d000 	/System/Library/Frameworks/CoreWLAN.framework/Versions/A/CoreWLAN
0x000000019fa9d000 	/System/Library/Frameworks/IOBluetooth.framework/Versions/A/IOBluetooth
0x00000001a4dd7000 	/System/Library/PrivateFrameworks/CoreWiFi.framework/Versions/A/CoreWiFi
0x00000001a3722000 	/System/Library/PrivateFrameworks/FrontBoardServices.framework/Versions/A/FrontBoardServices
0x00000001a37ba000 	/System/Library/PrivateFrameworks/BoardServices.framework/Versions/A/BoardServices
0x000000019ae94000 	/System/Library/PrivateFrameworks/AssertionServices.framework/Versions/A/AssertionServices
0x00000001a4f54000 	/System/Library/PrivateFrameworks/BackBoardServices.framework/Versions/A/BackBoardServices
0x000000019ee83000 	/System/Library/PrivateFrameworks/CorePhoneNumbers.framework/Versions/A/CorePhoneNumbers
0x00000001a2d0a000 	/System/Library/PrivateFrameworks/DiskManagement.framework/Versions/A/DiskManagement
0x00000001a2c0d000 	/System/Library/PrivateFrameworks/AppleIDAuthSupport.framework/Versions/A/AppleIDAuthSupport
0x00000001f6bce000 	/System/Library/PrivateFrameworks/AAAFoundation.framework/Versions/A/AAAFoundation
0x000000019ee62000 	/System/Library/PrivateFrameworks/KeychainCircle.framework/Versions/A/KeychainCircle
0x00000001a2cd6000 	/System/Library/PrivateFrameworks/MediaKit.framework/Versions/A/MediaKit
0x00000001a2c1a000 	/System/Library/Frameworks/DiscRecording.framework/Versions/A/DiscRecording
0x000000019c46e000 	/usr/lib/libCoreStorage.dylib
0x00000001a5251000 	/usr/lib/libcsfde.dylib
0x000000019fb72000 	/System/Library/PrivateFrameworks/ProtectedCloudStorage.framework/Versions/A/ProtectedCloudStorage
0x00000001a5249000 	/System/Library/PrivateFrameworks/EFILogin.framework/Versions/A/EFILogin
0x00000001a2fe9000 	/System/Library/PrivateFrameworks/OctagonTrust.framework/Versions/A/OctagonTrust
0x00000001fb79f000 	/System/Library/PrivateFrameworks/CoreUtilsExtras.framework/Versions/A/CoreUtilsExtras
0x00000001a2b3f000 	/System/Library/Frameworks/CoreBluetooth.framework/Versions/A/CoreBluetooth
0x00000001a58dc000 	/System/Library/Frameworks/AudioUnit.framework/Versions/A/AudioUnit
0x000000019c466000 	/usr/lib/libMatch.1.dylib
0x00000001b559a000 	/System/Library/Frameworks/Accelerate.framework/Versions/A/Frameworks/vImage.framework/Versions/A/Libraries/libCGInterfaces.dylib
0x000000012fdd0000 	/usr/lib/libobjc-trampolines.dylib
0x000000020fce5000 	/usr/lib/libRosetta.dylib
0x0000000198168000 	/System/Library/PrivateFrameworks/ViewBridge.framework/Versions/A/ViewBridge
0x00000001f7281000 	/System/Library/PrivateFrameworks/AccessibilityBundles.framework/Versions/A/AccessibilityBundles
0x000000019cbca000 	/System/Library/PrivateFrameworks/login.framework/Versions/A/login
0x000000013cec8000 	/Users/danielweiner/.openjfx/cache/17.0.1/libjavafx_font.dylib
0x000000013d250000 	/Users/danielweiner/.openjfx/cache/17.0.1/libjavafx_iio.dylib


VM Arguments:
jvm_args: -javaagent:/Users/danielweiner/Library/Application Support/JetBrains/Toolbox/apps/IDEA-U/ch-0/221.5080.210/IntelliJ IDEA.app/Contents/lib/idea_rt.jar=49370:/Users/danielweiner/Library/Application Support/JetBrains/Toolbox/apps/IDEA-U/ch-0/221.5080.210/IntelliJ IDEA.app/Contents/bin -Dfile.encoding=UTF-8 --module-path=/Users/danielweiner/.m2/repository/org/openjfx/javafx-graphics/17.0.1/javafx-graphics-17.0.1-mac-aarch64.jar:/Users/danielweiner/.m2/repository/org/openjfx/javafx-fxml/17.0.1/javafx-fxml-17.0.1-mac-aarch64.jar:/Users/danielweiner/Public/Drop Box/eclipse-workspace/JavaFinalProject/target/classes:/Users/danielweiner/.m2/repository/org/openjfx/javafx-base/17.0.1/javafx-base-17.0.1-mac-aarch64.jar:/Users/danielweiner/.m2/repository/org/openjfx/javafx-controls/17.0.1/javafx-controls-17.0.1-mac-aarch64.jar -Djdk.module.main=com.example.javafinalproject 
java_command: com.example.javafinalproject/com.example.javafinalproject.Main
java_class_path (initial): /Users/danielweiner/.m2/repository/org/openjfx/javafx-controls/17.0.1/javafx-controls-17.0.1.jar:/Users/danielweiner/.m2/repository/org/openjfx/javafx-graphics/17.0.1/javafx-graphics-17.0.1.jar:/Users/danielweiner/.m2/repository/org/openjfx/javafx-base/17.0.1/javafx-base-17.0.1.jar:/Users/danielweiner/.m2/repository/org/openjfx/javafx-fxml/17.0.1/javafx-fxml-17.0.1.jar:/Users/danielweiner/Downloads/mysql-connector-java-8.0.29/mysql-connector-java-8.0.29.jar
Launcher Type: SUN_STANDARD

[Global flags]
     intx CICompilerCount                          = 4                                         {product} {ergonomic}
     uint ConcGCThreads                            = 2                                         {product} {ergonomic}
     uint G1ConcRefinementThreads                  = 8                                         {product} {ergonomic}
   size_t G1HeapRegionSize                         = 2097152                                   {product} {ergonomic}
    uintx GCDrainStackTargetSize                   = 64                                        {product} {ergonomic}
   size_t InitialHeapSize                          = 268435456                                 {product} {ergonomic}
   size_t MarkStackSize                            = 4194304                                   {product} {ergonomic}
   size_t MaxHeapSize                              = 4294967296                                {product} {ergonomic}
   size_t MaxNewSize                               = 2575302656                                {product} {ergonomic}
   size_t MinHeapDeltaBytes                        = 2097152                                   {product} {ergonomic}
   size_t MinHeapSize                              = 8388608                                   {product} {ergonomic}
    uintx NonNMethodCodeHeapSize                   = 5839564                                {pd product} {ergonomic}
    uintx NonProfiledCodeHeapSize                  = 122909338                              {pd product} {ergonomic}
    uintx ProfiledCodeHeapSize                     = 122909338                              {pd product} {ergonomic}
    uintx ReservedCodeCacheSize                    = 251658240                              {pd product} {ergonomic}
     bool SegmentedCodeCache                       = true                                      {product} {ergonomic}
   size_t SoftMaxHeapSize                          = 4294967296                             {manageable} {ergonomic}
     bool UseCompressedClassPointers               = true                           {product lp64_product} {ergonomic}
     bool UseCompressedOops                        = true                           {product lp64_product} {ergonomic}
     bool UseG1GC                                  = true                                      {product} {ergonomic}
     bool UseNUMA                                  = false                                     {product} {ergonomic}
     bool UseNUMAInterleaving                      = false                                     {product} {ergonomic}

Logging:
Log output configuration:
 #0: stdout all=warning uptime,level,tags foldmultilines=false
 #1: stderr all=off uptime,level,tags foldmultilines=false

Environment Variables:
PATH=/usr/local/bin:/usr/bin:/bin:/usr/sbin:/sbin
SHELL=/bin/zsh
LC_CTYPE=en_US.UTF-8

Signal Handlers:
   SIGSEGV: _ZL13crash_handleriP9__siginfoPv in libjvm.dylib, mask=11100110000111110111111111111111, flags=SA_RESTART|SA_SIGINFO
    SIGBUS: _ZL13crash_handleriP9__siginfoPv in libjvm.dylib, mask=11100110000111110111111111111111, flags=SA_RESTART|SA_SIGINFO
    SIGFPE: _ZL13crash_handleriP9__siginfoPv in libjvm.dylib, mask=11100110000111110111111111111111, flags=SA_RESTART|SA_SIGINFO
   SIGPIPE: _ZL17javaSignalHandleriP9__siginfoPv in libjvm.dylib, mask=11100110000111110111111111111111, flags=SA_RESTART|SA_SIGINFO
   SIGXFSZ: _ZL17javaSignalHandleriP9__siginfoPv in libjvm.dylib, mask=11100110000111110111111111111111, flags=SA_RESTART|SA_SIGINFO
    SIGILL: _ZL13crash_handleriP9__siginfoPv in libjvm.dylib, mask=11100110000111110111111111111111, flags=SA_RESTART|SA_SIGINFO
   SIGUSR2: _ZL10SR_handleriP9__siginfoP17__darwin_ucontext in libjvm.dylib, mask=00100000000000000000000000000000, flags=SA_RESTART|SA_SIGINFO
    SIGHUP: _ZL11UserHandleriPvS_ in libjvm.dylib, mask=11100110000111110111111111111111, flags=SA_RESTART|SA_SIGINFO
    SIGINT: _ZL11UserHandleriPvS_ in libjvm.dylib, mask=11100110000111110111111111111111, flags=SA_RESTART|SA_SIGINFO
   SIGTERM: _ZL11UserHandleriPvS_ in libjvm.dylib, mask=11100110000111110111111111111111, flags=SA_RESTART|SA_SIGINFO
   SIGQUIT: _ZL11UserHandleriPvS_ in libjvm.dylib, mask=11100110000111110111111111111111, flags=SA_RESTART|SA_SIGINFO
   SIGTRAP: _ZL13crash_handleriP9__siginfoPv in libjvm.dylib, mask=11100110000111110111111111111111, flags=SA_RESTART|SA_SIGINFO


---------------  S Y S T E M  ---------------

OS:
uname: Darwin 21.4.0 Darwin Kernel Version 21.4.0: Fri Mar 18 00:47:26 PDT 2022; root:xnu-8020.101.4~15/RELEASE_ARM64_T8101 arm64
OS uptime: 0 days 1:48 hours
rlimit (soft/hard): STACK 8176k/65520k , CORE 0k/infinity , NPROC 2666/4000 , NOFILE 10240/infinity , AS infinity/infinity , CPU infinity/infinity , DATA infinity/infinity , FSIZE infinity/infinity , MEMLOCK infinity/infinity , RSS infinity/infinity
load average: 3.05 1.88 1.69

CPU: total 8 (initial active 8) 0x61:0x0:0x1b588bb3:0, fp, simd, aes, pmull, crc, lse

Memory: 16k page, physical 16777216k(172496k free), swap 0k(0k free)

vm_info: OpenJDK 64-Bit Server VM (18+36-2087) for bsd-aarch64 JRE (18+36-2087), built on Feb 15 2022 09:36:38 by "mach5one" with clang Apple LLVM 12.0.0 (clang-1200.0.32.29)

END.
