#
# A fatal error has been detected by the Java Runtime Environment:
#
#  SIGBUS (0xa) at pc=0x0000000109af54f0, pid=1377, tid=28939
#
# JRE version: OpenJDK Runtime Environment (18.0+36) (build 18+36-2087)
# Java VM: OpenJDK 64-Bit Server VM (18+36-2087, mixed mode, sharing, tiered, compressed oops, compressed class ptrs, g1 gc, bsd-aarch64)
# Problematic frame:
# v  ~StubRoutines::SafeFetchN
#
# No core dump will be written. Core dumps have been disabled. To enable core dumping, try "ulimit -c unlimited" before starting Java again
#
# If you would like to submit a bug report, please visit:
#   https://bugreport.java.com/bugreport/crash.jsp
# The crash happened outside the Java Virtual Machine in native code.
# See problematic frame for where to report the bug.
#

---------------  S U M M A R Y ------------

Command Line: -javaagent:/Users/danielweiner/Library/Application Support/JetBrains/Toolbox/apps/IDEA-U/ch-0/221.5080.210/IntelliJ IDEA.app/Contents/lib/idea_rt.jar=49397:/Users/danielweiner/Library/Application Support/JetBrains/Toolbox/apps/IDEA-U/ch-0/221.5080.210/IntelliJ IDEA.app/Contents/bin -Dfile.encoding=UTF-8 --module-path=/Users/danielweiner/.m2/repository/org/openjfx/javafx-base/17.0.1/javafx-base-17.0.1-mac-aarch64.jar:/Users/danielweiner/.m2/repository/org/openjfx/javafx-graphics/17.0.1/javafx-graphics-17.0.1-mac-aarch64.jar:/Users/danielweiner/.m2/repository/org/openjfx/javafx-controls/17.0.1/javafx-controls-17.0.1-mac-aarch64.jar:/Users/danielweiner/Public/Drop Box/eclipse-workspace/JavaFinalProject/target/classes:/Users/danielweiner/.m2/repository/org/openjfx/javafx-fxml/17.0.1/javafx-fxml-17.0.1-mac-aarch64.jar -Djdk.module.main=com.example.javafinalproject com.example.javafinalproject/com.example.javafinalproject.Main

Host: "MacBookPro17,1" arm64, 8 cores, 16G, Darwin 21.4.0, macOS 12.3.1 (21E258)
Time: Mon May  2 11:45:46 2022 EDT elapsed time: 1.857709 seconds (0d 0h 0m 1s)

---------------  T H R E A D  ---------------

Current thread (0x000000012481d200):  JavaThread "InvokeLaterDispatcher" daemon [_thread_in_native, id=28939, stack(0x00000001727e0000,0x00000001729e3000)]

Stack: [0x00000001727e0000,0x00000001729e3000],  sp=0x00000001729e27a0,  free space=2057k
Native frames: (J=compiled Java code, j=interpreted, Vv=VM code, C=native code)
v  ~StubRoutines::SafeFetchN
V  [libjvm.dylib+0x7cdae4]  _ZN10OopStorage7releaseEPKP7oopDesc+0x20
V  [libjvm.dylib+0x4f522c]  jni_DeleteGlobalRef+0xd4
C  [libglass.dylib+0xab08]  -[GlassRunnable dealloc]+0x34
C  [Foundation+0x85618]  -[_NSThreadPerformInfo dealloc]+0x30
C  [Foundation+0x5198c]  -[NSObject(NSThreadPerformAdditions) performSelectorOnMainThread:withObject:waitUntilDone:]+0x88
C  0x786c000109afd8ac
j  com.sun.glass.ui.mac.MacApplication.submitForLaterInvocation(Ljava/lang/Runnable;)V+2 javafx.graphics
j  com.sun.glass.ui.InvokeLaterDispatcher.run()V+82 javafx.graphics
v  ~StubRoutines::call_stub
V  [libjvm.dylib+0x49c638]  _ZN9JavaCalls11call_helperEP9JavaValueRK12methodHandleP17JavaCallArgumentsP10JavaThread+0x38c
V  [libjvm.dylib+0x49b654]  _ZN9JavaCalls12call_virtualEP9JavaValueP5KlassP6SymbolS5_P17JavaCallArgumentsP10JavaThread+0x11c
V  [libjvm.dylib+0x49b720]  _ZN9JavaCalls12call_virtualEP9JavaValue6HandleP5KlassP6SymbolS6_P10JavaThread+0x64
V  [libjvm.dylib+0x54f250]  _ZL12thread_entryP10JavaThreadS0_+0x9c
V  [libjvm.dylib+0x918b50]  _ZN10JavaThread17thread_main_innerEv+0xa8
V  [libjvm.dylib+0x9174e0]  _ZN6Thread8call_runEv+0xe0
V  [libjvm.dylib+0x7d42c8]  _ZL19thread_native_entryP6Thread+0x158
C  [libsystem_pthread.dylib+0x726c]  _pthread_start+0x94

Java frames: (J=compiled Java code, j=interpreted, Vv=VM code)
j  com.sun.glass.ui.mac.MacApplication._submitForLaterInvocation(Ljava/lang/Runnable;)V+0 javafx.graphics
j  com.sun.glass.ui.mac.MacApplication.submitForLaterInvocation(Ljava/lang/Runnable;)V+2 javafx.graphics
j  com.sun.glass.ui.InvokeLaterDispatcher.run()V+82 javafx.graphics
v  ~StubRoutines::call_stub

siginfo: si_signo: 10 (SIGBUS), si_code: 1 (BUS_ADRALN), si_addr: 0x0000000109af54f0

Register to memory mapping:

 x0=0x0000000125316948 is a global jni handle
 x1=0x0 is NULL
 x2=0x000000070eeced48 is an oop: com.sun.glass.ui.InvokeLaterDispatcher$Future 
{0x000000070eeced48} - klass: 'com/sun/glass/ui/InvokeLaterDispatcher$Future'
 - ---- fields (total size 3 words):
 - private 'done' 'Z' @12  true
 - private final 'runnable' 'Ljava/lang/Runnable;' @16  a 'com/sun/javafx/application/PlatformImpl$$Lambda$89+0x0000000800c82930'{0x000000070ec350c0} (e1d86a18)
 - final synthetic 'this$0' 'Lcom/sun/glass/ui/InvokeLaterDispatcher;' @20  a 'com/sun/glass/ui/InvokeLaterDispatcher'{0x000000070e81fff8} (e1d03fff)
 x3=0x0 is NULL
 x4=0x00000000000130a8 is an unknown value
 x5=0x0 is NULL
 x6=0x0 is NULL
 x7=0x0 is NULL
 x8=0x0000000109af54ec is at begin+0 in a stub
StubRoutines::SafeFetchN [0x0000000109af54ec, 0x0000000109af54f8] (12 bytes)
 x9=0x0 is NULL
x10=0x2010000030300000 is an unknown value
x11=0x0000000000000007 is an unknown value
x12=0x0000000000000004 is an unknown value
x13=0x0000600003914a10 points into unknown readable memory: 0x4a2f0001bf337c40 | 40 7c 33 bf 01 00 2f 4a
x14=0x0000040000000000 is an unknown value
x15=0x0000000121d4df98: OBJC_CLASS_$_GlassRunnable+0 in /Users/danielweiner/.openjfx/cache/17.0.1/libglass.dylib at 0x0000000121d08000
x16=0x00000001bf4a10fc: pthread_getspecific+0 in /usr/lib/system/libsystem_pthread.dylib at 0x00000001bf49f000
x17=0x0000600003c1c1c0 points into unknown readable memory: 0xfffffffffffffffe | fe ff ff ff ff ff ff ff
x18=0x0 is NULL
x19=0x0000600003c2c620 points into unknown readable memory: 0x00006000015292f0 | f0 92 52 01 00 60 00 00
x20=0x0000000125316740 points into unknown readable memory: 0x00000000fffffffe | fe ff ff ff 00 00 00 00
x21=0x0000000125316948 is a global jni handle
x22=0x000000012481d200 is a thread
x23=0x0000000000000001 is an unknown value
x24=0x0000000125316900 is a global jni handle
x25=0x0000000101e9ac98: _ZN12StubRoutines17_safefetchN_entryE+0 in /Users/danielweiner/Library/Java/JavaVirtualMachines/openjdk-18/Contents/Home/lib/server/libjvm.dylib at 0x00000001012bc000
x26=0x000000013a520000 is pointing into metadata
x27=0x0 is NULL
x28=0x000000012481d200 is a thread


Registers:
 x0=0x0000000125316948  x1=0x0000000000000000  x2=0x000000070eeced48  x3=0x0000000000000000
 x4=0x00000000000130a8  x5=0x0000000000000000  x6=0x0000000000000000  x7=0x0000000000000000
 x8=0x0000000109af54ec  x9=0x0000000000000000 x10=0x2010000030300000 x11=0x0000000000000007
x12=0x0000000000000004 x13=0x0000600003914a10 x14=0x0000040000000000 x15=0x0000000121d4df98
x16=0x00000001bf4a10fc x17=0x0000600003c1c1c0 x18=0x0000000000000000 x19=0x0000600003c2c620
x20=0x0000000125316740 x21=0x0000000125316948 x22=0x000000012481d200 x23=0x0000000000000001
x24=0x0000000125316900 x25=0x0000000101e9ac98 x26=0x000000013a520000 x27=0x0000000000000000
x28=0x000000012481d200  fp=0x00000001729e27e0  lr=0x0000000101a888d8  sp=0x00000001729e27a0
pc=0x0000000109af54f0 cpsr=0x0000000060001000
Top of Stack: (sp=0x00000001729e27a0)
0x00000001729e27a0:   000000013a520000 0000000000000001
0x00000001729e27b0:   00000001729e29a8 0000000000000000
0x00000001729e27c0:   00000001240bb290 0000000125316930
0x00000001729e27d0:   0000000125316930 0000600003c2c620
0x00000001729e27e0:   00000001729e2820 0000000101a89ae4
0x00000001729e27f0:   0000000000000001 0000000125316930
0x00000001729e2800:   00000001240bb290 0000000125316930
0x00000001729e2810:   0000000000000001 00000001240bb000
0x00000001729e2820:   00000001729e2860 00000001017b122c
0x00000001729e2830:   00000001729e29a8 000060000151d690
0x00000001729e2840:   000060000151d680 0000000209566be0
0x00000001729e2850:   0000000000000000 000060000151d680
0x00000001729e2860:   00000001729e2890 0000000121d12b08
0x00000001729e2870:   d9114ba0b94c00d4 0000000000000000
0x00000001729e2880:   0000000000000000 000060000021fc40
0x00000001729e2890:   00000001729e28d0 00000001c046e618
0x00000001729e28a0:   00000001729e29a8 000060000151d690
0x00000001729e28b0:   000060000151d680 d9114ba0b94c00d4
0x00000001729e28c0:   0000000000000000 0000000000000000
0x00000001729e28d0:   00000001729e2910 583a0001c043a98c
0x00000001729e28e0:   00000001729e29a8 0000000109afc7c0
0x00000001729e28f0:   0000000000000000 0000000101ea2750
0x00000001729e2900:   00000001729e2920 0000000109afb730
0x00000001729e2910:   00000001729e2980 786c000109afd8ac
0x00000001729e2920:   00000001729e2920 00000008007cf575
0x00000001729e2930:   00000001729e2930 0000000000000000
0x00000001729e2940:   00000001729e29a8 000000013a520000
0x00000001729e2950:   000000070e86c640 0000000000000000
0x00000001729e2960:   0000000000000000 000000013a4fb930
0x00000001729e2970:   0000000000000000 00000001729e2980
0x00000001729e2980:   00000001729e2a00 0000000109af9fc8
0x00000001729e2990:   0000000000000000 0000000000000000 

Instructions: (pc=0x0000000109af54f0)
0x0000000109af53f0:   f2a03cc9 f2c00029 6d425935 1e640886
0x0000000109af5400:   0c402d31 1e6408c7 1f5654d0 1e6c1017
0x0000000109af5410:   1f5050d0 1f504cd0 1f5048d0 1e650af6
0x0000000109af5420:   1f50d8f6 1f5694d6 1f5158f6 1e762880
0x0000000109af5430:   36000501 1e614000 14000026 2e251ca5
0x0000000109af5440:   d28e3009 f2a03cc9 f2c00029 6d425d36
0x0000000109af5450:   1e600806 0c402d32 1f5758c7 1e6c101a
0x0000000109af5460:   1f4754c7 1e650805 1f4750c7 d2866668
0x0000000109af5470:   f2a7fa68 1f474cc7 1e6608c0 1f4748c7
0x0000000109af5480:   1e6e1019 eb08007f 540000ac 1f479400
0x0000000109af5490:   1f460340 1e603b20 1400000e d2a7fd29
0x0000000109af54a0:   eb09007f 540000ac 51480069 d3607d29
0x0000000109af54b0:   9e670121 14000002 1e6a5001 1f679417
0x0000000109af54c0:   1f668742 1e613b23 1e773857 1e773860
0x0000000109af54d0:   a8c17ff3 910003bf a8c17bfd d65f03c0
0x0000000109af54e0:   b9400001 aa0103e0 d65f03c0 f9400001
0x0000000109af54f0:   aa0103e0 d65f03c0 00000000 00000000
0x0000000109af5500:   00000000 00000000 00000000 00000000
0x0000000109af5510:   00000000 00000000 00000000 00000000
0x0000000109af5520:   00000000 00000000 00000000 00000000
0x0000000109af5530:   00000000 00000000 00000000 00000000
0x0000000109af5540:   00000000 00000000 00000000 00000000
0x0000000109af5550:   00000000 00000000 00000000 00000000
0x0000000109af5560:   00000000 00000000 00000000 00000000
0x0000000109af5570:   00000000 00000000 00000000 00000000
0x0000000109af5580:   00000000 00000000 00000000 00000000
0x0000000109af5590:   00000000 00000000 00000000 00000000
0x0000000109af55a0:   00000000 00000000 00000000 00000000
0x0000000109af55b0:   00000000 00000000 00000000 00000000
0x0000000109af55c0:   00000000 00000000 00000000 00000000
0x0000000109af55d0:   00000000 00000000 00000000 00000000
0x0000000109af55e0:   00000000 00000000 00000000 00000000 


Stack slot to memory mapping:
stack at sp + 0 slots: 0x000000013a520000 is pointing into metadata
stack at sp + 1 slots: 0x0000000000000001 is an unknown value
stack at sp + 2 slots: 0x00000001729e29a8 is pointing into the stack for thread: 0x000000012481d200
stack at sp + 3 slots: 0x0 is NULL
stack at sp + 4 slots: 0x00000001240bb290 points into unknown readable memory: 0x0000000101e57370 | 70 73 e5 01 01 00 00 00
stack at sp + 5 slots: 0x0000000125316930 is a global jni handle
stack at sp + 6 slots: 0x0000000125316930 is a global jni handle
stack at sp + 7 slots: 0x0000600003c2c620 points into unknown readable memory: 0x00006000015292f0 | f0 92 52 01 00 60 00 00

StubRoutines::SafeFetchN [0x0000000109af54ec, 0x0000000109af54f8] (12 bytes)
[MachCode]
  0x0000000109af54ec: 0100 40f9 | e003 01aa | c003 5fd6 
[/MachCode]

---------------  P R O C E S S  ---------------

Threads class SMR info:
_java_thread_list=0x0000600001732800, length=20, elements={
0x0000000126008200, 0x000000012580ea00, 0x0000000122808200, 0x0000000126056400,
0x0000000126054a00, 0x0000000126058c00, 0x0000000126059200, 0x000000012203f800,
0x000000012203fe00, 0x0000000125809800, 0x00000001260c5600, 0x0000000123042600,
0x0000000126044a00, 0x000000012481d200, 0x00000001240bb000, 0x0000000125943000,
0x0000000125a36000, 0x00000001240b7600, 0x0000000124187c00, 0x000000012680e000
}

Java Threads: ( => current thread )
  0x0000000126008200 JavaThread "main" [_thread_blocked, id=5891, stack(0x000000016fdd8000,0x000000016ffdb000)]
  0x000000012580ea00 JavaThread "Reference Handler" daemon [_thread_blocked, id=16131, stack(0x0000000170c2c000,0x0000000170e2f000)]
  0x0000000122808200 JavaThread "Finalizer" daemon [_thread_blocked, id=17411, stack(0x0000000170e38000,0x000000017103b000)]
  0x0000000126056400 JavaThread "Signal Dispatcher" daemon [_thread_blocked, id=22787, stack(0x000000017115c000,0x000000017135f000)]
  0x0000000126054a00 JavaThread "Service Thread" daemon [_thread_blocked, id=42243, stack(0x0000000171368000,0x000000017156b000)]
  0x0000000126058c00 JavaThread "Monitor Deflation Thread" daemon [_thread_blocked, id=41731, stack(0x0000000171574000,0x0000000171777000)]
  0x0000000126059200 JavaThread "C2 CompilerThread0" daemon [_thread_in_native, id=41219, stack(0x0000000171780000,0x0000000171983000)]
  0x000000012203f800 JavaThread "C1 CompilerThread0" daemon [_thread_in_native, id=40707, stack(0x000000017198c000,0x0000000171b8f000)]
  0x000000012203fe00 JavaThread "Sweeper thread" daemon [_thread_blocked, id=23555, stack(0x0000000171b98000,0x0000000171d9b000)]
  0x0000000125809800 JavaThread "Common-Cleaner" daemon [_thread_blocked, id=40451, stack(0x0000000171da4000,0x0000000171fa7000)]
  0x00000001260c5600 JavaThread "Monitor Ctrl-Break" daemon [_thread_in_native, id=40195, stack(0x0000000171fb0000,0x00000001721b3000)]
  0x0000000123042600 JavaThread "Notification Thread" daemon [_thread_blocked, id=24579, stack(0x00000001721bc000,0x00000001723bf000)]
  0x0000000126044a00 JavaThread "QuantumRenderer-0" daemon [_thread_blocked, id=39683, stack(0x00000001725d4000,0x00000001727d7000)]
=>0x000000012481d200 JavaThread "InvokeLaterDispatcher" daemon [_thread_in_native, id=28939, stack(0x00000001727e0000,0x00000001729e3000)]
  0x00000001240bb000 JavaThread "JavaFX Application Thread" [_thread_in_native, id=259, stack(0x000000016f550000,0x000000016fd4c000)]
  0x0000000125943000 JavaThread "JavaFX-Launcher" [_thread_blocked, id=58371, stack(0x0000000172d10000,0x0000000172f13000)]
  0x0000000125a36000 JavaThread "Prism Font Disposer" daemon [_thread_blocked, id=62215, stack(0x0000000172f1c000,0x000000017311f000)]
  0x00000001240b7600 JavaThread "Cleaner-0" daemon [_thread_blocked, id=68883, stack(0x0000000173b64000,0x0000000173d67000)]
  0x0000000124187c00 JavaThread "Attach Listener" daemon [_thread_blocked, id=80903, stack(0x0000000174b20000,0x0000000174d23000)]
  0x000000012680e000 JavaThread "PulseTimer-CVDisplayLink thread" daemon [_thread_in_native, id=173315, stack(0x00000001729ec000,0x0000000172a6f000)]

Other Threads:
  0x0000000125316290 VMThread "VM Thread" [stack: 0x0000000170a20000,0x0000000170c23000] [id=15363]
  0x0000000100f04930 WatcherThread "VM Periodic Task Thread" [stack: 0x00000001723c8000,0x00000001725cb000] [id=39939]
  0x00000001253068f0 WorkerThread "GC Thread#0" [stack: 0x000000016ffe4000,0x00000001701e7000] [id=12547]
  0x0000000123e1f040 WorkerThread "GC Thread#1" [stack: 0x0000000173128000,0x000000017332b000] [id=75779]
  0x0000000125206580 WorkerThread "GC Thread#2" [stack: 0x0000000173334000,0x0000000173537000] [id=62467]
  0x0000000125206de0 WorkerThread "GC Thread#3" [stack: 0x0000000173540000,0x0000000173743000] [id=75267]
  0x0000000123f32ae0 WorkerThread "GC Thread#4" [stack: 0x000000017374c000,0x000000017394f000] [id=75011]
  0x0000000123f33340 WorkerThread "GC Thread#5" [stack: 0x0000000173958000,0x0000000173b5b000] [id=63491]
  0x0000000125104470 ConcurrentGCThread "G1 Main Marker" [stack: 0x00000001701f0000,0x00000001703f3000] [id=19971]
  0x0000000125104ce0 WorkerThread "G1 Conc#0" [stack: 0x00000001703fc000,0x00000001705ff000] [id=19203]
  0x00000001253117e0 ConcurrentGCThread "G1 Refine#0" [stack: 0x0000000170608000,0x000000017080b000] [id=18691]
  0x0000000125312060 ConcurrentGCThread "G1 Service" [stack: 0x0000000170814000,0x0000000170a17000] [id=18435]

Threads with active compile tasks:
C2 CompilerThread0     1874 1623 %     4       com.sun.marlin.MaskMarlinAlphaConsumer::setAndClearRelativeAlphas @ 465 (641 bytes)
C1 CompilerThread0     1874 1632  s!   3       com.sun.javafx.tk.Toolkit::getToolkit (244 bytes)

VM state: not at safepoint (normal execution)

VM Mutex/Monitor currently owned by a thread:  ([mutex/lock_event])
[0x00006000002357c0] MethodCompileQueue_lock - owner thread: 0x000000012203f800
[0x00006000002369c0] CodeCache_lock - owner thread: 0x000000012203f800

Heap address: 0x0000000700000000, size: 4096 MB, Compressed Oops mode: Zero based, Oop shift amount: 3

CDS archive(s) mapped at: [0x0000000800000000-0x0000000800ba8000-0x0000000800ba8000), size 12222464, SharedBaseAddress: 0x0000000800000000, ArchiveRelocationMode: 0.
Compressed class space mapped at: 0x0000000800c00000-0x0000000840c00000, reserved size: 1073741824
Narrow klass base: 0x0000000800000000, Narrow klass shift: 0, Narrow klass range: 0x100000000

GC Precious Log:
 CardTable entry size: 512
 Card Set container configuration: InlinePtr #cards 4 size 8 Array Of Cards #cards 16 size 48 Howl #buckets 8 coarsen threshold 3686 Howl Bitmap #cards 512 size 80 coarsen threshold 460 Card regions per heap region 1 cards per card region 4096
 CPUs: 8 total, 8 available
 Memory: 16384M
 Large Page Support: Disabled
 NUMA Support: Disabled
 Compressed Oops: Enabled (Zero based)
 Heap Region Size: 2M
 Heap Min Capacity: 8M
 Heap Initial Capacity: 256M
 Heap Max Capacity: 4G
 Pre-touch: Disabled
 Parallel Workers: 8
 Concurrent Workers: 2
 Concurrent Refinement Workers: 8
 Periodic GC: Disabled

Heap:
 garbage-first heap   total 266240K, used 27836K [0x0000000700000000, 0x0000000800000000)
  region size 2048K, 13 young (26624K), 2 survivors (4096K)
 Metaspace       used 12649K, committed 12928K, reserved 1114112K
  class space    used 1661K, committed 1792K, reserved 1048576K

Heap Regions: E=young(eden), S=young(survivor), O=old, HS=humongous(starts), HC=humongous(continues), CS=collection set, F=free, OA=open archive, CA=closed archive, TAMS=top-at-mark-start (previous, next)
|   0|0x0000000700000000, 0x0000000700200000, 0x0000000700200000|100%|HS|  |TAMS 0x0000000700000000, 0x0000000700000000| Complete 
|   1|0x0000000700200000, 0x0000000700200000, 0x0000000700400000|  0%| F|  |TAMS 0x0000000700200000, 0x0000000700200000| Untracked 
|   2|0x0000000700400000, 0x0000000700400000, 0x0000000700600000|  0%| F|  |TAMS 0x0000000700400000, 0x0000000700400000| Untracked 
|   3|0x0000000700600000, 0x0000000700600000, 0x0000000700800000|  0%| F|  |TAMS 0x0000000700600000, 0x0000000700600000| Untracked 
|   4|0x0000000700800000, 0x0000000700800000, 0x0000000700a00000|  0%| F|  |TAMS 0x0000000700800000, 0x0000000700800000| Untracked 
|   5|0x0000000700a00000, 0x0000000700a00000, 0x0000000700c00000|  0%| F|  |TAMS 0x0000000700a00000, 0x0000000700a00000| Untracked 
|   6|0x0000000700c00000, 0x0000000700c00000, 0x0000000700e00000|  0%| F|  |TAMS 0x0000000700c00000, 0x0000000700c00000| Untracked 
|   7|0x0000000700e00000, 0x0000000700e00000, 0x0000000701000000|  0%| F|  |TAMS 0x0000000700e00000, 0x0000000700e00000| Untracked 
|   8|0x0000000701000000, 0x0000000701000000, 0x0000000701200000|  0%| F|  |TAMS 0x0000000701000000, 0x0000000701000000| Untracked 
|   9|0x0000000701200000, 0x0000000701200000, 0x0000000701400000|  0%| F|  |TAMS 0x0000000701200000, 0x0000000701200000| Untracked 
|  10|0x0000000701400000, 0x0000000701400000, 0x0000000701600000|  0%| F|  |TAMS 0x0000000701400000, 0x0000000701400000| Untracked 
|  11|0x0000000701600000, 0x0000000701600000, 0x0000000701800000|  0%| F|  |TAMS 0x0000000701600000, 0x0000000701600000| Untracked 
|  12|0x0000000701800000, 0x0000000701800000, 0x0000000701a00000|  0%| F|  |TAMS 0x0000000701800000, 0x0000000701800000| Untracked 
|  13|0x0000000701a00000, 0x0000000701a00000, 0x0000000701c00000|  0%| F|  |TAMS 0x0000000701a00000, 0x0000000701a00000| Untracked 
|  14|0x0000000701c00000, 0x0000000701c00000, 0x0000000701e00000|  0%| F|  |TAMS 0x0000000701c00000, 0x0000000701c00000| Untracked 
|  15|0x0000000701e00000, 0x0000000701e00000, 0x0000000702000000|  0%| F|  |TAMS 0x0000000701e00000, 0x0000000701e00000| Untracked 
|  16|0x0000000702000000, 0x0000000702000000, 0x0000000702200000|  0%| F|  |TAMS 0x0000000702000000, 0x0000000702000000| Untracked 
|  17|0x0000000702200000, 0x0000000702200000, 0x0000000702400000|  0%| F|  |TAMS 0x0000000702200000, 0x0000000702200000| Untracked 
|  18|0x0000000702400000, 0x0000000702400000, 0x0000000702600000|  0%| F|  |TAMS 0x0000000702400000, 0x0000000702400000| Untracked 
|  19|0x0000000702600000, 0x0000000702600000, 0x0000000702800000|  0%| F|  |TAMS 0x0000000702600000, 0x0000000702600000| Untracked 
|  20|0x0000000702800000, 0x0000000702800000, 0x0000000702a00000|  0%| F|  |TAMS 0x0000000702800000, 0x0000000702800000| Untracked 
|  21|0x0000000702a00000, 0x0000000702a00000, 0x0000000702c00000|  0%| F|  |TAMS 0x0000000702a00000, 0x0000000702a00000| Untracked 
|  22|0x0000000702c00000, 0x0000000702c00000, 0x0000000702e00000|  0%| F|  |TAMS 0x0000000702c00000, 0x0000000702c00000| Untracked 
|  23|0x0000000702e00000, 0x0000000702e00000, 0x0000000703000000|  0%| F|  |TAMS 0x0000000702e00000, 0x0000000702e00000| Untracked 
|  24|0x0000000703000000, 0x0000000703000000, 0x0000000703200000|  0%| F|  |TAMS 0x0000000703000000, 0x0000000703000000| Untracked 
|  25|0x0000000703200000, 0x0000000703200000, 0x0000000703400000|  0%| F|  |TAMS 0x0000000703200000, 0x0000000703200000| Untracked 
|  26|0x0000000703400000, 0x0000000703400000, 0x0000000703600000|  0%| F|  |TAMS 0x0000000703400000, 0x0000000703400000| Untracked 
|  27|0x0000000703600000, 0x0000000703600000, 0x0000000703800000|  0%| F|  |TAMS 0x0000000703600000, 0x0000000703600000| Untracked 
|  28|0x0000000703800000, 0x0000000703800000, 0x0000000703a00000|  0%| F|  |TAMS 0x0000000703800000, 0x0000000703800000| Untracked 
|  29|0x0000000703a00000, 0x0000000703a00000, 0x0000000703c00000|  0%| F|  |TAMS 0x0000000703a00000, 0x0000000703a00000| Untracked 
|  30|0x0000000703c00000, 0x0000000703c00000, 0x0000000703e00000|  0%| F|  |TAMS 0x0000000703c00000, 0x0000000703c00000| Untracked 
|  31|0x0000000703e00000, 0x0000000703e00000, 0x0000000704000000|  0%| F|  |TAMS 0x0000000703e00000, 0x0000000703e00000| Untracked 
|  32|0x0000000704000000, 0x0000000704000000, 0x0000000704200000|  0%| F|  |TAMS 0x0000000704000000, 0x0000000704000000| Untracked 
|  33|0x0000000704200000, 0x0000000704200000, 0x0000000704400000|  0%| F|  |TAMS 0x0000000704200000, 0x0000000704200000| Untracked 
|  34|0x0000000704400000, 0x0000000704400000, 0x0000000704600000|  0%| F|  |TAMS 0x0000000704400000, 0x0000000704400000| Untracked 
|  35|0x0000000704600000, 0x0000000704600000, 0x0000000704800000|  0%| F|  |TAMS 0x0000000704600000, 0x0000000704600000| Untracked 
|  36|0x0000000704800000, 0x0000000704800000, 0x0000000704a00000|  0%| F|  |TAMS 0x0000000704800000, 0x0000000704800000| Untracked 
|  37|0x0000000704a00000, 0x0000000704a00000, 0x0000000704c00000|  0%| F|  |TAMS 0x0000000704a00000, 0x0000000704a00000| Untracked 
|  38|0x0000000704c00000, 0x0000000704c00000, 0x0000000704e00000|  0%| F|  |TAMS 0x0000000704c00000, 0x0000000704c00000| Untracked 
|  39|0x0000000704e00000, 0x0000000704e00000, 0x0000000705000000|  0%| F|  |TAMS 0x0000000704e00000, 0x0000000704e00000| Untracked 
|  40|0x0000000705000000, 0x0000000705000000, 0x0000000705200000|  0%| F|  |TAMS 0x0000000705000000, 0x0000000705000000| Untracked 
|  41|0x0000000705200000, 0x0000000705200000, 0x0000000705400000|  0%| F|  |TAMS 0x0000000705200000, 0x0000000705200000| Untracked 
|  42|0x0000000705400000, 0x0000000705400000, 0x0000000705600000|  0%| F|  |TAMS 0x0000000705400000, 0x0000000705400000| Untracked 
|  43|0x0000000705600000, 0x0000000705600000, 0x0000000705800000|  0%| F|  |TAMS 0x0000000705600000, 0x0000000705600000| Untracked 
|  44|0x0000000705800000, 0x0000000705800000, 0x0000000705a00000|  0%| F|  |TAMS 0x0000000705800000, 0x0000000705800000| Untracked 
|  45|0x0000000705a00000, 0x0000000705a00000, 0x0000000705c00000|  0%| F|  |TAMS 0x0000000705a00000, 0x0000000705a00000| Untracked 
|  46|0x0000000705c00000, 0x0000000705c00000, 0x0000000705e00000|  0%| F|  |TAMS 0x0000000705c00000, 0x0000000705c00000| Untracked 
|  47|0x0000000705e00000, 0x0000000705e00000, 0x0000000706000000|  0%| F|  |TAMS 0x0000000705e00000, 0x0000000705e00000| Untracked 
|  48|0x0000000706000000, 0x0000000706000000, 0x0000000706200000|  0%| F|  |TAMS 0x0000000706000000, 0x0000000706000000| Untracked 
|  49|0x0000000706200000, 0x0000000706200000, 0x0000000706400000|  0%| F|  |TAMS 0x0000000706200000, 0x0000000706200000| Untracked 
|  50|0x0000000706400000, 0x0000000706400000, 0x0000000706600000|  0%| F|  |TAMS 0x0000000706400000, 0x0000000706400000| Untracked 
|  51|0x0000000706600000, 0x0000000706600000, 0x0000000706800000|  0%| F|  |TAMS 0x0000000706600000, 0x0000000706600000| Untracked 
|  52|0x0000000706800000, 0x0000000706800000, 0x0000000706a00000|  0%| F|  |TAMS 0x0000000706800000, 0x0000000706800000| Untracked 
|  53|0x0000000706a00000, 0x0000000706a00000, 0x0000000706c00000|  0%| F|  |TAMS 0x0000000706a00000, 0x0000000706a00000| Untracked 
|  54|0x0000000706c00000, 0x0000000706c00000, 0x0000000706e00000|  0%| F|  |TAMS 0x0000000706c00000, 0x0000000706c00000| Untracked 
|  55|0x0000000706e00000, 0x0000000706e00000, 0x0000000707000000|  0%| F|  |TAMS 0x0000000706e00000, 0x0000000706e00000| Untracked 
|  56|0x0000000707000000, 0x0000000707000000, 0x0000000707200000|  0%| F|  |TAMS 0x0000000707000000, 0x0000000707000000| Untracked 
|  57|0x0000000707200000, 0x0000000707200000, 0x0000000707400000|  0%| F|  |TAMS 0x0000000707200000, 0x0000000707200000| Untracked 
|  58|0x0000000707400000, 0x0000000707400000, 0x0000000707600000|  0%| F|  |TAMS 0x0000000707400000, 0x0000000707400000| Untracked 
|  59|0x0000000707600000, 0x0000000707600000, 0x0000000707800000|  0%| F|  |TAMS 0x0000000707600000, 0x0000000707600000| Untracked 
|  60|0x0000000707800000, 0x0000000707800000, 0x0000000707a00000|  0%| F|  |TAMS 0x0000000707800000, 0x0000000707800000| Untracked 
|  61|0x0000000707a00000, 0x0000000707a00000, 0x0000000707c00000|  0%| F|  |TAMS 0x0000000707a00000, 0x0000000707a00000| Untracked 
|  62|0x0000000707c00000, 0x0000000707c00000, 0x0000000707e00000|  0%| F|  |TAMS 0x0000000707c00000, 0x0000000707c00000| Untracked 
|  63|0x0000000707e00000, 0x0000000707e00000, 0x0000000708000000|  0%| F|  |TAMS 0x0000000707e00000, 0x0000000707e00000| Untracked 
|  64|0x0000000708000000, 0x0000000708000000, 0x0000000708200000|  0%| F|  |TAMS 0x0000000708000000, 0x0000000708000000| Untracked 
|  65|0x0000000708200000, 0x0000000708200000, 0x0000000708400000|  0%| F|  |TAMS 0x0000000708200000, 0x0000000708200000| Untracked 
|  66|0x0000000708400000, 0x0000000708400000, 0x0000000708600000|  0%| F|  |TAMS 0x0000000708400000, 0x0000000708400000| Untracked 
|  67|0x0000000708600000, 0x0000000708600000, 0x0000000708800000|  0%| F|  |TAMS 0x0000000708600000, 0x0000000708600000| Untracked 
|  68|0x0000000708800000, 0x0000000708800000, 0x0000000708a00000|  0%| F|  |TAMS 0x0000000708800000, 0x0000000708800000| Untracked 
|  69|0x0000000708a00000, 0x0000000708a00000, 0x0000000708c00000|  0%| F|  |TAMS 0x0000000708a00000, 0x0000000708a00000| Untracked 
|  70|0x0000000708c00000, 0x0000000708c00000, 0x0000000708e00000|  0%| F|  |TAMS 0x0000000708c00000, 0x0000000708c00000| Untracked 
|  71|0x0000000708e00000, 0x0000000708e00000, 0x0000000709000000|  0%| F|  |TAMS 0x0000000708e00000, 0x0000000708e00000| Untracked 
|  72|0x0000000709000000, 0x0000000709000000, 0x0000000709200000|  0%| F|  |TAMS 0x0000000709000000, 0x0000000709000000| Untracked 
|  73|0x0000000709200000, 0x0000000709200000, 0x0000000709400000|  0%| F|  |TAMS 0x0000000709200000, 0x0000000709200000| Untracked 
|  74|0x0000000709400000, 0x0000000709400000, 0x0000000709600000|  0%| F|  |TAMS 0x0000000709400000, 0x0000000709400000| Untracked 
|  75|0x0000000709600000, 0x0000000709600000, 0x0000000709800000|  0%| F|  |TAMS 0x0000000709600000, 0x0000000709600000| Untracked 
|  76|0x0000000709800000, 0x0000000709800000, 0x0000000709a00000|  0%| F|  |TAMS 0x0000000709800000, 0x0000000709800000| Untracked 
|  77|0x0000000709a00000, 0x0000000709a00000, 0x0000000709c00000|  0%| F|  |TAMS 0x0000000709a00000, 0x0000000709a00000| Untracked 
|  78|0x0000000709c00000, 0x0000000709c00000, 0x0000000709e00000|  0%| F|  |TAMS 0x0000000709c00000, 0x0000000709c00000| Untracked 
|  79|0x0000000709e00000, 0x0000000709e00000, 0x000000070a000000|  0%| F|  |TAMS 0x0000000709e00000, 0x0000000709e00000| Untracked 
|  80|0x000000070a000000, 0x000000070a000000, 0x000000070a200000|  0%| F|  |TAMS 0x000000070a000000, 0x000000070a000000| Untracked 
|  81|0x000000070a200000, 0x000000070a200000, 0x000000070a400000|  0%| F|  |TAMS 0x000000070a200000, 0x000000070a200000| Untracked 
|  82|0x000000070a400000, 0x000000070a400000, 0x000000070a600000|  0%| F|  |TAMS 0x000000070a400000, 0x000000070a400000| Untracked 
|  83|0x000000070a600000, 0x000000070a600000, 0x000000070a800000|  0%| F|  |TAMS 0x000000070a600000, 0x000000070a600000| Untracked 
|  84|0x000000070a800000, 0x000000070a800000, 0x000000070aa00000|  0%| F|  |TAMS 0x000000070a800000, 0x000000070a800000| Untracked 
|  85|0x000000070aa00000, 0x000000070aa00000, 0x000000070ac00000|  0%| F|  |TAMS 0x000000070aa00000, 0x000000070aa00000| Untracked 
|  86|0x000000070ac00000, 0x000000070ac00000, 0x000000070ae00000|  0%| F|  |TAMS 0x000000070ac00000, 0x000000070ac00000| Untracked 
|  87|0x000000070ae00000, 0x000000070ae00000, 0x000000070b000000|  0%| F|  |TAMS 0x000000070ae00000, 0x000000070ae00000| Untracked 
|  88|0x000000070b000000, 0x000000070b000000, 0x000000070b200000|  0%| F|  |TAMS 0x000000070b000000, 0x000000070b000000| Untracked 
|  89|0x000000070b200000, 0x000000070b200000, 0x000000070b400000|  0%| F|  |TAMS 0x000000070b200000, 0x000000070b200000| Untracked 
|  90|0x000000070b400000, 0x000000070b400000, 0x000000070b600000|  0%| F|  |TAMS 0x000000070b400000, 0x000000070b400000| Untracked 
|  91|0x000000070b600000, 0x000000070b600000, 0x000000070b800000|  0%| F|  |TAMS 0x000000070b600000, 0x000000070b600000| Untracked 
|  92|0x000000070b800000, 0x000000070b800000, 0x000000070ba00000|  0%| F|  |TAMS 0x000000070b800000, 0x000000070b800000| Untracked 
|  93|0x000000070ba00000, 0x000000070ba00000, 0x000000070bc00000|  0%| F|  |TAMS 0x000000070ba00000, 0x000000070ba00000| Untracked 
|  94|0x000000070bc00000, 0x000000070bc00000, 0x000000070be00000|  0%| F|  |TAMS 0x000000070bc00000, 0x000000070bc00000| Untracked 
|  95|0x000000070be00000, 0x000000070be00000, 0x000000070c000000|  0%| F|  |TAMS 0x000000070be00000, 0x000000070be00000| Untracked 
|  96|0x000000070c000000, 0x000000070c000000, 0x000000070c200000|  0%| F|  |TAMS 0x000000070c000000, 0x000000070c000000| Untracked 
|  97|0x000000070c200000, 0x000000070c200000, 0x000000070c400000|  0%| F|  |TAMS 0x000000070c200000, 0x000000070c200000| Untracked 
|  98|0x000000070c400000, 0x000000070c400000, 0x000000070c600000|  0%| F|  |TAMS 0x000000070c400000, 0x000000070c400000| Untracked 
|  99|0x000000070c600000, 0x000000070c600000, 0x000000070c800000|  0%| F|  |TAMS 0x000000070c600000, 0x000000070c600000| Untracked 
| 100|0x000000070c800000, 0x000000070c800000, 0x000000070ca00000|  0%| F|  |TAMS 0x000000070c800000, 0x000000070c800000| Untracked 
| 101|0x000000070ca00000, 0x000000070ca00000, 0x000000070cc00000|  0%| F|  |TAMS 0x000000070ca00000, 0x000000070ca00000| Untracked 
| 102|0x000000070cc00000, 0x000000070cc00000, 0x000000070ce00000|  0%| F|  |TAMS 0x000000070cc00000, 0x000000070cc00000| Untracked 
| 103|0x000000070ce00000, 0x000000070ce00000, 0x000000070d000000|  0%| F|  |TAMS 0x000000070ce00000, 0x000000070ce00000| Untracked 
| 104|0x000000070d000000, 0x000000070d000000, 0x000000070d200000|  0%| F|  |TAMS 0x000000070d000000, 0x000000070d000000| Untracked 
| 105|0x000000070d200000, 0x000000070d200000, 0x000000070d400000|  0%| F|  |TAMS 0x000000070d200000, 0x000000070d200000| Untracked 
| 106|0x000000070d400000, 0x000000070d400000, 0x000000070d600000|  0%| F|  |TAMS 0x000000070d400000, 0x000000070d400000| Untracked 
| 107|0x000000070d600000, 0x000000070d600000, 0x000000070d800000|  0%| F|  |TAMS 0x000000070d600000, 0x000000070d600000| Untracked 
| 108|0x000000070d800000, 0x000000070d800000, 0x000000070da00000|  0%| F|  |TAMS 0x000000070d800000, 0x000000070d800000| Untracked 
| 109|0x000000070da00000, 0x000000070da00000, 0x000000070dc00000|  0%| F|  |TAMS 0x000000070da00000, 0x000000070da00000| Untracked 
| 110|0x000000070dc00000, 0x000000070dc00000, 0x000000070de00000|  0%| F|  |TAMS 0x000000070dc00000, 0x000000070dc00000| Untracked 
| 111|0x000000070de00000, 0x000000070de00000, 0x000000070e000000|  0%| F|  |TAMS 0x000000070de00000, 0x000000070de00000| Untracked 
| 112|0x000000070e000000, 0x000000070e000000, 0x000000070e200000|  0%| F|  |TAMS 0x000000070e000000, 0x000000070e000000| Untracked 
| 113|0x000000070e200000, 0x000000070e200000, 0x000000070e400000|  0%| F|  |TAMS 0x000000070e200000, 0x000000070e200000| Untracked 
| 114|0x000000070e400000, 0x000000070e400000, 0x000000070e600000|  0%| F|  |TAMS 0x000000070e400000, 0x000000070e400000| Untracked 
| 115|0x000000070e600000, 0x000000070e747238, 0x000000070e800000| 63%| S|CS|TAMS 0x000000070e600000, 0x000000070e600000| Complete 
| 116|0x000000070e800000, 0x000000070ea00000, 0x000000070ea00000|100%| S|CS|TAMS 0x000000070e800000, 0x000000070e800000| Complete 
| 117|0x000000070ea00000, 0x000000070ec00000, 0x000000070ec00000|100%| E|  |TAMS 0x000000070ea00000, 0x000000070ea00000| Complete 
| 118|0x000000070ec00000, 0x000000070ee00000, 0x000000070ee00000|100%| E|CS|TAMS 0x000000070ec00000, 0x000000070ec00000| Complete 
| 119|0x000000070ee00000, 0x000000070f000000, 0x000000070f000000|100%| E|CS|TAMS 0x000000070ee00000, 0x000000070ee00000| Complete 
| 120|0x000000070f000000, 0x000000070f200000, 0x000000070f200000|100%| E|CS|TAMS 0x000000070f000000, 0x000000070f000000| Complete 
| 121|0x000000070f200000, 0x000000070f400000, 0x000000070f400000|100%| E|CS|TAMS 0x000000070f200000, 0x000000070f200000| Complete 
| 122|0x000000070f400000, 0x000000070f600000, 0x000000070f600000|100%| E|CS|TAMS 0x000000070f400000, 0x000000070f400000| Complete 
| 123|0x000000070f600000, 0x000000070f800000, 0x000000070f800000|100%| E|CS|TAMS 0x000000070f600000, 0x000000070f600000| Complete 
| 124|0x000000070f800000, 0x000000070fa00000, 0x000000070fa00000|100%| E|CS|TAMS 0x000000070f800000, 0x000000070f800000| Complete 
| 125|0x000000070fa00000, 0x000000070fc00000, 0x000000070fc00000|100%| E|CS|TAMS 0x000000070fa00000, 0x000000070fa00000| Complete 
| 126|0x000000070fc00000, 0x000000070fe00000, 0x000000070fe00000|100%| E|CS|TAMS 0x000000070fc00000, 0x000000070fc00000| Complete 
| 127|0x000000070fe00000, 0x0000000710000000, 0x0000000710000000|100%| E|CS|TAMS 0x000000070fe00000, 0x000000070fe00000| Complete 
|2046|0x00000007ffc00000, 0x00000007ffd74000, 0x00000007ffe00000| 72%|OA|  |TAMS 0x00000007ffc00000, 0x00000007ffc00000| Untracked 
|2047|0x00000007ffe00000, 0x00000007ffe74000, 0x0000000800000000| 22%|CA|  |TAMS 0x00000007ffe00000, 0x00000007ffe00000| Untracked 

Card table byte_map: [0x0000000118af4000,0x00000001192f4000] _byte_map_base: 0x00000001152f4000

Marking Bits (Prev, Next): (CMBitMap*) 0x0000000122008210, (CMBitMap*) 0x0000000122008250
 Prev Bits: [0x0000000119af4000, 0x000000011daf4000)
 Next Bits: [0x000000011daf4000, 0x0000000121af4000)

Polling page: 0x0000000100238000

Metaspace:

Usage:
  Non-class:     10.73 MB used.
      Class:      1.62 MB used.
       Both:     12.35 MB used.

Virtual space:
  Non-class space:       64.00 MB reserved,      10.88 MB ( 17%) committed,  1 nodes.
      Class space:        1.00 GB reserved,       1.75 MB ( <1%) committed,  1 nodes.
             Both:        1.06 GB reserved,      12.62 MB (  1%) committed. 

Chunk freelists:
   Non-Class:  192.00 KB
       Class:  2.22 MB
        Both:  2.40 MB

MaxMetaspaceSize: unlimited
CompressedClassSpaceSize: 1.00 GB
Initial GC threshold: 21.00 MB
Current GC threshold: 21.00 MB
CDS: on
MetaspaceReclaimPolicy: balanced
 - commit_granule_bytes: 65536.
 - commit_granule_words: 8192.
 - virtual_space_node_default_size: 8388608.
 - enlarge_chunks_in_place: 1.
 - new_chunks_are_fully_committed: 0.
 - uncommit_free_chunks: 1.
 - use_allocation_guard: 0.


Internal statistics:

num_allocs_failed_limit: 0.
num_arena_births: 280.
num_arena_deaths: 0.
num_vsnodes_births: 2.
num_vsnodes_deaths: 0.
num_space_committed: 202.
num_space_uncommitted: 0.
num_chunks_returned_to_freelist: 0.
num_chunks_taken_from_freelist: 652.
num_chunk_merges: 0.
num_chunk_splits: 450.
num_chunks_enlarged: 338.
num_inconsistent_stats: 0.

CodeHeap 'non-profiled nmethods': size=120032Kb used=583Kb max_used=583Kb free=119448Kb
 bounds [0x00000001115bc000, 0x000000011182c000, 0x0000000118af4000]
CodeHeap 'profiled nmethods': size=120016Kb used=2974Kb max_used=2974Kb free=117041Kb
 bounds [0x000000010a088000, 0x000000010a378000, 0x00000001115bc000]
CodeHeap 'non-nmethods': size=5712Kb used=1382Kb max_used=1413Kb free=4329Kb
 bounds [0x0000000109af4000, 0x0000000109d64000, 0x000000010a088000]
 total_blobs=2336 nmethods=1580 adapters=672
 compilation: enabled
              stopped_count=0, restarted_count=0
 full_count=0

Compilation events (20 events):
Event: 1.792 Thread 0x000000012203f800 1606       3       com.sun.glass.ui.Application::GetApplication (4 bytes)
Event: 1.792 Thread 0x000000012203f800 nmethod 1606 0x000000010a361810 code [0x000000010a3619c0, 0x000000010a361ae8]
Event: 1.824 Thread 0x000000012203f800 1607       3       javafx.geometry.Point3D::<init> (26 bytes)
Event: 1.824 Thread 0x000000012203f800 nmethod 1607 0x000000010a361b90 code [0x000000010a361d40, 0x000000010a361ee8]
Event: 1.834 Thread 0x000000012203f800 1608       3       java.lang.System$2::findBootstrapClassOrNull (5 bytes)
Event: 1.835 Thread 0x000000012203f800 nmethod 1608 0x000000010a362010 code [0x000000010a362200, 0x000000010a362488]
Event: 1.835 Thread 0x000000012203f800 1609       3       java.lang.ClassLoader::findBootstrapClassOrNull (14 bytes)
Event: 1.835 Thread 0x000000012203f800 nmethod 1609 0x000000010a362590 code [0x000000010a362740, 0x000000010a362948]
Event: 1.835 Thread 0x000000012203f800 1610       1       java.lang.invoke.MethodHandleImpl$IntrinsicMethodHandle::getTarget (5 bytes)
Event: 1.835 Thread 0x000000012203f800 nmethod 1610 0x000000011164b190 code [0x000000011164b300, 0x000000011164b3e8]
Event: 1.835 Thread 0x000000012203f800 1611       3       java.lang.invoke.DirectMethodHandle::make (275 bytes)
Event: 1.837 Thread 0x000000012203f800 nmethod 1611 0x000000010a362a10 code [0x000000010a362ec0, 0x000000010a3644a8]
Event: 1.848 Thread 0x000000012203f800 1612       3       com.sun.javafx.geom.transform.Translate2D::inverseTransform (48 bytes)
Event: 1.849 Thread 0x000000012203f800 nmethod 1612 0x000000010a364d90 code [0x000000010a364f40, 0x000000010a365228]
Event: 1.849 Thread 0x000000012203f800 1613       3       java.util.EnumMap$ValueIterator::next (50 bytes)
Event: 1.849 Thread 0x000000012203f800 nmethod 1613 0x000000010a365390 code [0x000000010a365580, 0x000000010a3659c8]
Event: 1.849 Thread 0x000000012203f800 1614       3       javafx.scene.Scene$ClickCounter::moved (52 bytes)
Event: 1.850 Thread 0x000000012203f800 nmethod 1614 0x000000010a365b90 code [0x000000010a365e40, 0x000000010a3666f8]
Event: 1.855 Thread 0x000000012203f800 1615       1       java.util.concurrent.locks.AbstractQueuedSynchronizer::setState (6 bytes)
Event: 1.856 Thread 0x000000012203f800 nmethod 1615 0x000000011164b490 code [0x000000011164b600, 0x000000011164b6e8]

GC Heap History (2 events):
Event: 0.345 GC heap before
{Heap before GC invocations=0 (full 0):
 garbage-first heap   total 266240K, used 24480K [0x0000000700000000, 0x0000000800000000)
  region size 2048K, 11 young (22528K), 0 survivors (0K)
 Metaspace       used 7408K, committed 7616K, reserved 1114112K
  class space    used 915K, committed 1024K, reserved 1048576K
}
Event: 0.348 GC heap after
{Heap after GC invocations=1 (full 0):
 garbage-first heap   total 266240K, used 5308K [0x0000000700000000, 0x0000000800000000)
  region size 2048K, 2 young (4096K), 2 survivors (4096K)
 Metaspace       used 7408K, committed 7616K, reserved 1114112K
  class space    used 915K, committed 1024K, reserved 1048576K
}

Deoptimization events (20 events):
Event: 0.590 Thread 0x00000001240bb000 Uncommon trap: trap_request=0xffffff45 fr.pc=0x00000001115c38e4 relative=0x0000000000000064
Event: 0.590 Thread 0x00000001240bb000 Uncommon trap: reason=unstable_if action=reinterpret pc=0x00000001115c38e4 method=java.lang.String.isLatin1()Z @ 10 c2
Event: 0.590 Thread 0x00000001240bb000 DEOPT PACKING pc=0x00000001115c38e4 sp=0x000000016fd45460
Event: 0.590 Thread 0x00000001240bb000 DEOPT UNPACKING pc=0x0000000109b32d1c sp=0x000000016fd45400 mode 2
Event: 0.590 Thread 0x00000001240bb000 Uncommon trap: trap_request=0xffffff45 fr.pc=0x00000001115c7c5c relative=0x000000000000019c
Event: 0.590 Thread 0x00000001240bb000 Uncommon trap: reason=unstable_if action=reinterpret pc=0x00000001115c7c5c method=java.lang.String.isLatin1()Z @ 10 c2
Event: 0.590 Thread 0x00000001240bb000 DEOPT PACKING pc=0x00000001115c7c5c sp=0x000000016fd45eb0
Event: 0.590 Thread 0x00000001240bb000 DEOPT UNPACKING pc=0x0000000109b32d1c sp=0x000000016fd45de0 mode 2
Event: 0.601 Thread 0x00000001240bb000 Uncommon trap: trap_request=0xffffffde fr.pc=0x00000001115d5398 relative=0x0000000000000158
Event: 0.601 Thread 0x00000001240bb000 Uncommon trap: reason=class_check action=maybe_recompile pc=0x00000001115d5398 method=java.lang.String.equals(Ljava/lang/Object;)Z @ 8 c2
Event: 0.601 Thread 0x00000001240bb000 DEOPT PACKING pc=0x00000001115d5398 sp=0x000000016fd46120
Event: 0.601 Thread 0x00000001240bb000 DEOPT UNPACKING pc=0x0000000109b32d1c sp=0x000000016fd460c0 mode 2
Event: 0.609 Thread 0x00000001240bb000 Uncommon trap: trap_request=0xffffff45 fr.pc=0x00000001116168f4 relative=0x00000000000001b4
Event: 0.609 Thread 0x00000001240bb000 Uncommon trap: reason=unstable_if action=reinterpret pc=0x00000001116168f4 method=java.io.ByteArrayInputStream.read()I @ 8 c2
Event: 0.609 Thread 0x00000001240bb000 DEOPT PACKING pc=0x00000001116168f4 sp=0x000000016fd45520
Event: 0.609 Thread 0x00000001240bb000 DEOPT UNPACKING pc=0x0000000109b32d1c sp=0x000000016fd454a0 mode 2
Event: 1.166 Thread 0x0000000124187c00 Uncommon trap: trap_request=0xffffff45 fr.pc=0x000000011160191c relative=0x0000000000000e9c
Event: 1.166 Thread 0x0000000124187c00 Uncommon trap: reason=unstable_if action=reinterpret pc=0x000000011160191c method=java.util.concurrent.ConcurrentHashMap.putVal(Ljava/lang/Object;Ljava/lang/Object;Z)Ljava/lang/Object; @ 148 c2
Event: 1.166 Thread 0x0000000124187c00 DEOPT PACKING pc=0x000000011160191c sp=0x0000000174d216e0
Event: 1.166 Thread 0x0000000124187c00 DEOPT UNPACKING pc=0x0000000109b32d1c sp=0x0000000174d21600 mode 2

Classes loaded (20 events):
Event: 1.165 Loading class sun/util/locale/provider/TimeZoneNameUtility
Event: 1.165 Loading class sun/util/locale/provider/TimeZoneNameUtility done
Event: 1.165 Loading class sun/util/locale/provider/TimeZoneNameUtility$TimeZoneNameGetter
Event: 1.165 Loading class sun/util/locale/provider/TimeZoneNameUtility$TimeZoneNameGetter done
Event: 1.165 Loading class sun/util/cldr/CLDRTimeZoneNameProviderImpl
Event: 1.165 Loading class sun/util/locale/provider/TimeZoneNameProviderImpl
Event: 1.165 Loading class sun/util/locale/provider/TimeZoneNameProviderImpl done
Event: 1.165 Loading class sun/util/cldr/CLDRTimeZoneNameProviderImpl done
Event: 1.166 Loading class sun/util/locale/provider/BaseLocaleDataMetaInfo
Event: 1.166 Loading class sun/util/locale/provider/BaseLocaleDataMetaInfo done
Event: 1.166 Loading class sun/util/resources/cldr/TimeZoneNames
Event: 1.166 Loading class sun/util/resources/TimeZoneNamesBundle
Event: 1.166 Loading class sun/util/resources/OpenListResourceBundle
Event: 1.166 Loading class sun/util/resources/OpenListResourceBundle done
Event: 1.166 Loading class sun/util/resources/TimeZoneNamesBundle done
Event: 1.166 Loading class sun/util/resources/cldr/TimeZoneNames done
Event: 1.166 Loading class sun/util/resources/cldr/TimeZoneNames_en
Event: 1.167 Loading class sun/util/resources/cldr/TimeZoneNames_en done
Event: 1.167 Loading class sun/util/resources/cldr/TimeZoneNames_en_US
Event: 1.167 Loading class sun/util/resources/cldr/TimeZoneNames_en_US done

Classes unloaded (0 events):
No events

Classes redefined (0 events):
No events

Internal exceptions (20 events):
Event: 0.354 Thread 0x00000001240bb000 Exception <a 'java/lang/NoSuchMethodError'{0x000000070fed55b8}: 'java.lang.Object java.lang.invoke.DirectMethodHandle$Holder.invokeSpecial(java.lang.Object, java.lang.Object, java.lang.Object, int, java.lang.Object)'> (0x000000070fed55b8) 
thrown [open/src/hotspot/share/interpreter/linkResolver.cpp, line 766]
Event: 0.362 Thread 0x00000001240bb000 Exception <a 'java/lang/NoSuchMethodError'{0x000000070ff98db8}: 'void java.lang.invoke.Invokers$Holder.invokeExact_MT(java.lang.Object, java.lang.Object, java.lang.Object, java.lang.Object)'> (0x000000070ff98db8) 
thrown [open/src/hotspot/share/interpreter/linkResolver.cpp, line 766]
Event: 0.362 Thread 0x00000001240bb000 Exception <a 'java/lang/NoSuchMethodError'{0x000000070ff9d2b0}: 'void java.lang.invoke.DirectMethodHandle$Holder.invokeSpecial(java.lang.Object, java.lang.Object, double)'> (0x000000070ff9d2b0) 
thrown [open/src/hotspot/share/interpreter/linkResolver.cpp, line 766]
Event: 0.363 Thread 0x00000001240bb000 Exception <a 'java/lang/NoSuchMethodError'{0x000000070ffa87a0}: 'double java.lang.invoke.DelegatingMethodHandle$Holder.reinvoke_L(java.lang.Object, java.lang.Object, int)'> (0x000000070ffa87a0) 
thrown [open/src/hotspot/share/interpreter/linkResolver.cpp, line 766]
Event: 0.363 Thread 0x00000001240bb000 Exception <a 'java/lang/NoSuchMethodError'{0x000000070ffba560}: 'java.lang.Object java.lang.invoke.DirectMethodHandle$Holder.invokeStatic(java.lang.Object, java.lang.Object, java.lang.Object, java.lang.Object, int)'> (0x000000070ffba560) 
thrown [open/src/hotspot/share/interpreter/linkResolver.cpp, line 766]
Event: 0.363 Thread 0x00000001240bb000 Exception <a 'java/lang/NoSuchMethodError'{0x000000070ffc6390}: 'void java.lang.invoke.DelegatingMethodHandle$Holder.reinvoke_L(java.lang.Object, java.lang.Object, double)'> (0x000000070ffc6390) 
thrown [open/src/hotspot/share/interpreter/linkResolver.cpp, line 766]
Event: 0.365 Thread 0x00000001240bb000 Exception <a 'java/lang/NoSuchMethodError'{0x000000070ffd9d40}: 'void java.lang.invoke.DirectMethodHandle$Holder.invokeSpecial(java.lang.Object, java.lang.Object, int)'> (0x000000070ffd9d40) 
thrown [open/src/hotspot/share/interpreter/linkResolver.cpp, line 766]
Event: 0.365 Thread 0x00000001240bb000 Exception <a 'java/lang/NoSuchMethodError'{0x000000070ffde2e0}: 'int java.lang.invoke.DirectMethodHandle$Holder.invokeSpecial(java.lang.Object, java.lang.Object, java.lang.Object, int)'> (0x000000070ffde2e0) 
thrown [open/src/hotspot/share/interpreter/linkResolver.cpp, line 766]
Event: 0.365 Thread 0x00000001240bb000 Exception <a 'java/lang/NoSuchMethodError'{0x000000070ffe8ac0}: 'void java.lang.invoke.DelegatingMethodHandle$Holder.reinvoke_L(java.lang.Object, java.lang.Object, int)'> (0x000000070ffe8ac0) 
thrown [open/src/hotspot/share/interpreter/linkResolver.cpp, line 766]
Event: 0.365 Thread 0x00000001240bb000 Exception <a 'java/lang/NoSuchMethodError'{0x000000070ffec7d0}: 'int java.lang.invoke.DirectMethodHandle$Holder.invokeSpecial(java.lang.Object, java.lang.Object, java.lang.Object)'> (0x000000070ffec7d0) 
thrown [open/src/hotspot/share/interpreter/linkResolver.cpp, line 766]
Event: 0.410 Thread 0x00000001240bb000 Exception <a 'java/lang/NoSuchMethodError'{0x000000070f9b6368}: 'void java.lang.invoke.DirectMethodHandle$Holder.invokeStaticInit(java.lang.Object, java.lang.Object)'> (0x000000070f9b6368) 
thrown [open/src/hotspot/share/interpreter/linkResolver.cpp, line 766]
Event: 0.425 Thread 0x00000001240bb000 Implicit null exception at 0x00000001115ebf78 to 0x00000001115ec008
Event: 0.426 Thread 0x00000001240bb000 Implicit null exception at 0x0000000111618114 to 0x0000000111618360
Event: 0.432 Thread 0x00000001240bb000 Implicit null exception at 0x0000000111615e94 to 0x00000001116160a4
Event: 0.432 Thread 0x00000001240bb000 Implicit null exception at 0x000000011160da54 to 0x000000011160dac0
Event: 0.597 Thread 0x00000001240bb000 Exception <a 'java/lang/NoSuchMethodError'{0x000000070f0deeb0}: 'java.lang.Object java.lang.invoke.DirectMethodHandle$Holder.invokeInterface(java.lang.Object, java.lang.Object, java.lang.Object)'> (0x000000070f0deeb0) 
thrown [open/src/hotspot/share/interpreter/linkResolver.cpp, line 766]
Event: 0.597 Thread 0x00000001240bb000 Exception <a 'java/lang/IncompatibleClassChangeError'{0x000000070f0e2830}: Found class java.lang.Object, but interface was expected> (0x000000070f0e2830) 
thrown [open/src/hotspot/share/interpreter/linkResolver.cpp, line 833]
Event: 0.611 Thread 0x00000001240bb000 Exception <a 'java/lang/NoSuchMethodError'{0x000000070f1feb58}: 'int java.lang.invoke.DirectMethodHandle$Holder.invokeSpecial(java.lang.Object, java.lang.Object, int)'> (0x000000070f1feb58) 
thrown [open/src/hotspot/share/interpreter/linkResolver.cpp, line 766]
Event: 0.620 Thread 0x00000001240bb000 Exception <a 'java/lang/NoSuchMethodError'{0x000000070ee8b1b0}: 'java.lang.Object java.lang.invoke.DirectMethodHandle$Holder.newInvokeSpecial(java.lang.Object, java.lang.Object, int)'> (0x000000070ee8b1b0) 
thrown [open/src/hotspot/share/interpreter/linkResolver.cpp, line 766]
Event: 0.656 Thread 0x0000000126044a00 Exception <a 'java/lang/NoSuchMethodError'{0x000000070ef9a5c0}: 'int java.lang.invoke.DirectMethodHandle$Holder.invokeStaticInit(java.lang.Object, java.lang.Object)'> (0x000000070ef9a5c0) 
thrown [open/src/hotspot/share/interpreter/linkResolver.cpp, line 766]

VM Operations (20 events):
Event: 0.065 Executing VM operation: HandshakeAllThreads
Event: 0.065 Executing VM operation: HandshakeAllThreads done
Event: 0.065 Executing VM operation: HandshakeAllThreads
Event: 0.065 Executing VM operation: HandshakeAllThreads done
Event: 0.082 Executing VM operation: HandshakeAllThreads
Event: 0.082 Executing VM operation: HandshakeAllThreads done
Event: 0.086 Executing VM operation: ICBufferFull
Event: 0.087 Executing VM operation: ICBufferFull done
Event: 0.334 Executing VM operation: ICBufferFull
Event: 0.334 Executing VM operation: ICBufferFull done
Event: 0.345 Executing VM operation: G1CollectForAllocation
Event: 0.349 Executing VM operation: G1CollectForAllocation done
Event: 0.386 Executing VM operation: HandshakeAllThreads
Event: 0.386 Executing VM operation: HandshakeAllThreads done
Event: 0.413 Executing VM operation: ICBufferFull
Event: 0.415 Executing VM operation: ICBufferFull done
Event: 0.590 Executing VM operation: HandshakeAllThreads
Event: 0.590 Executing VM operation: HandshakeAllThreads done
Event: 1.784 Executing VM operation: ICBufferFull
Event: 1.784 Executing VM operation: ICBufferFull done

Events (20 events):
Event: 0.272 Thread 0x000000012625f000 Thread added: 0x000000012625f000
Event: 0.273 Thread 0x0000000125943000 Thread added: 0x0000000125943000
Event: 0.273 Protecting memory [0x0000000172d10000,0x0000000172d1c000] with protection modes 0
Event: 0.284 Loaded shared library /Users/danielweiner/Library/Java/JavaVirtualMachines/openjdk-18/Contents/Home/lib/libjimage.dylib
Event: 0.335 Thread 0x0000000122811400 Thread added: 0x0000000122811400
Event: 0.335 Protecting memory [0x0000000172f1c000,0x0000000172f28000] with protection modes 0
Event: 0.382 Loading shared library /Users/danielweiner/.m2/repository/org/openjfx/javafx-graphics/17.0.1/libjavafx_font.dylib failed, dlopen(/Users/danielweiner/.m2/repository/org/openjfx/javafx-graphics/17.0.1/libjavafx_font.dylib, 0x0001): tried: '/Users/danielwein
Event: 0.383 Loaded shared library /Users/danielweiner/.openjfx/cache/17.0.1/libjavafx_font.dylib
Event: 0.589 Protecting memory [0x0000000172f1c000,0x0000000172f28000] with protection modes 3
Event: 0.589 Thread 0x0000000122811400 Thread exited: 0x0000000122811400
Event: 0.595 Thread 0x0000000125a36000 Thread added: 0x0000000125a36000
Event: 0.595 Protecting memory [0x0000000172f1c000,0x0000000172f28000] with protection modes 0
Event: 0.700 Thread 0x00000001240b7600 Thread added: 0x00000001240b7600
Event: 0.700 Protecting memory [0x0000000173b64000,0x0000000173b70000] with protection modes 0
Event: 0.922 Protecting memory [0x00000001729ec000,0x00000001729f8000] with protection modes 3
Event: 0.922 Thread 0x000000012625f000 Thread exited: 0x000000012625f000
Event: 1.063 Thread 0x0000000124187c00 Thread added: 0x0000000124187c00
Event: 1.063 Protecting memory [0x0000000174b20000,0x0000000174b2c000] with protection modes 0
Event: 1.854 Protecting memory [0x00000001729ec000,0x00000001729f8000] with protection modes 0
Event: 1.854 Thread 0x000000012680e000 Thread added: 0x000000012680e000


Dynamic libraries:
0x00000001001e8000 	/Users/danielweiner/Library/Java/JavaVirtualMachines/openjdk-18/Contents/Home/lib/libjli.dylib
0x00000001c9f34000 	/usr/lib/libz.1.dylib
0x00000001c9feb000 	/usr/lib/libSystem.B.dylib
0x00000001c9fe5000 	/usr/lib/system/libcache.dylib
0x00000001c9fa3000 	/usr/lib/system/libcommonCrypto.dylib
0x00000001c9fcc000 	/usr/lib/system/libcompiler_rt.dylib
0x00000001c9fc3000 	/usr/lib/system/libcopyfile.dylib
0x00000001bf22b000 	/usr/lib/system/libcorecrypto.dylib
0x00000001bf2de000 	/usr/lib/system/libdispatch.dylib
0x00000001bf4ac000 	/usr/lib/system/libdyld.dylib
0x00000001c9fdb000 	/usr/lib/system/libkeymgr.dylib
0x00000001c9f7e000 	/usr/lib/system/libmacho.dylib
0x00000001c9673000 	/usr/lib/system/libquarantine.dylib
0x00000001c9fd8000 	/usr/lib/system/libremovefile.dylib
0x00000001c4614000 	/usr/lib/system/libsystem_asl.dylib
0x00000001bf1cd000 	/usr/lib/system/libsystem_blocks.dylib
0x00000001bf366000 	/usr/lib/system/libsystem_c.dylib
0x00000001c9fd0000 	/usr/lib/system/libsystem_collections.dylib
0x00000001c8b01000 	/usr/lib/system/libsystem_configuration.dylib
0x00000001c7d5d000 	/usr/lib/system/libsystem_containermanager.dylib
0x00000001c9ce0000 	/usr/lib/system/libsystem_coreservices.dylib
0x00000001c1bd4000 	/usr/lib/system/libsystem_darwin.dylib
0x00000001c9fdc000 	/usr/lib/system/libsystem_dnssd.dylib
0x00000001bf363000 	/usr/lib/system/libsystem_featureflags.dylib
0x00000001bf4c1000 	/usr/lib/system/libsystem_info.dylib
0x00000001c9f46000 	/usr/lib/system/libsystem_m.dylib
0x00000001bf2b3000 	/usr/lib/system/libsystem_malloc.dylib
0x00000001c45a3000 	/usr/lib/system/libsystem_networkextension.dylib
0x00000001c202d000 	/usr/lib/system/libsystem_notify.dylib
0x00000001d0329000 	/usr/lib/system/libsystem_product_info_filter.dylib
0x00000001c8b06000 	/usr/lib/system/libsystem_sandbox.dylib
0x00000001c9fd5000 	/usr/lib/system/libsystem_secinit.dylib
0x00000001bf467000 	/usr/lib/system/libsystem_kernel.dylib
0x00000001bf4b9000 	/usr/lib/system/libsystem_platform.dylib
0x00000001bf49f000 	/usr/lib/system/libsystem_pthread.dylib
0x00000001c5d6c000 	/usr/lib/system/libsystem_symptoms.dylib
0x00000001bf211000 	/usr/lib/system/libsystem_trace.dylib
0x00000001c9fb0000 	/usr/lib/system/libunwind.dylib
0x00000001bf1cf000 	/usr/lib/system/libxpc.dylib
0x00000001bf44f000 	/usr/lib/libc++abi.dylib
0x00000001bf325000 	/usr/lib/libobjc.A.dylib
0x00000001c9fbb000 	/usr/lib/liboah.dylib
0x00000001bf3e8000 	/usr/lib/libc++.1.dylib
0x00000001d5e42000 	/System/Library/Frameworks/Cocoa.framework/Versions/A/Cocoa
0x00000001c208e000 	/System/Library/Frameworks/AppKit.framework/Versions/C/AppKit
0x00000001c5594000 	/System/Library/Frameworks/CoreData.framework/Versions/A/CoreData
0x00000001c03e9000 	/System/Library/Frameworks/Foundation.framework/Versions/C/Foundation
0x00000001c2f46000 	/System/Library/PrivateFrameworks/UIFoundation.framework/Versions/A/UIFoundation
0x00000001d0023000 	/System/Library/PrivateFrameworks/RemoteViewServices.framework/Versions/A/RemoteViewServices
0x00000001c84a9000 	/System/Library/PrivateFrameworks/XCTTargetBootstrap.framework/Versions/A/XCTTargetBootstrap
0x00000001cbd27000 	/System/Library/PrivateFrameworks/InternationalSupport.framework/Versions/A/InternationalSupport
0x00000001cbdb0000 	/System/Library/PrivateFrameworks/UserActivity.framework/Versions/A/UserActivity
0x00000001cb222000 	/usr/lib/libspindump.dylib
0x00000001c31b7000 	/System/Library/Frameworks/UniformTypeIdentifiers.framework/Versions/A/UniformTypeIdentifiers
0x00000001c69f4000 	/usr/lib/libapp_launch_measurement.dylib
0x00000001c5f1e000 	/System/Library/PrivateFrameworks/CoreAnalytics.framework/Versions/A/CoreAnalytics
0x00000001c69f7000 	/System/Library/PrivateFrameworks/CoreAutoLayout.framework/Versions/A/CoreAutoLayout
0x00000001c7d9a000 	/System/Library/Frameworks/Metal.framework/Versions/A/Metal
0x00000001c8b11000 	/usr/lib/liblangid.dylib
0x00000001c84ae000 	/System/Library/PrivateFrameworks/CoreSVG.framework/Versions/A/CoreSVG
0x00000001c4648000 	/System/Library/PrivateFrameworks/SkyLight.framework/Versions/A/SkyLight
0x00000001c4a1d000 	/System/Library/Frameworks/CoreGraphics.framework/Versions/A/CoreGraphics
0x00000001d06ef000 	/System/Library/Frameworks/Accelerate.framework/Versions/A/Accelerate
0x00000001cac99000 	/System/Library/PrivateFrameworks/IconServices.framework/Versions/A/IconServices
0x00000001c7d7c000 	/System/Library/Frameworks/IOSurface.framework/Versions/A/IOSurface
0x00000001c5f4f000 	/usr/lib/libDiagnosticMessagesClient.dylib
0x00000001d3bf0000 	/System/Library/Frameworks/ApplicationServices.framework/Versions/A/ApplicationServices
0x00000001c8491000 	/System/Library/PrivateFrameworks/DFRFoundation.framework/Versions/A/DFRFoundation
0x00000001c191e000 	/usr/lib/libicucore.A.dylib
0x00000001ccbd3000 	/System/Library/Frameworks/AudioToolbox.framework/Versions/A/AudioToolbox
0x00000001cbd33000 	/System/Library/PrivateFrameworks/DataDetectorsCore.framework/Versions/A/DataDetectorsCore
0x00000001e2673000 	/System/Library/PrivateFrameworks/TextInput.framework/Versions/A/TextInput
0x00000001c45bd000 	/usr/lib/libMobileGestalt.dylib
0x00000001c815d000 	/System/Library/Frameworks/Carbon.framework/Versions/A/Frameworks/HIToolbox.framework/Versions/A/HIToolbox
0x00000001c63d0000 	/System/Library/Frameworks/QuartzCore.framework/Versions/A/QuartzCore
0x00000001c15a1000 	/System/Library/Frameworks/Security.framework/Versions/A/Security
0x00000001d0063000 	/System/Library/Frameworks/Carbon.framework/Versions/A/Frameworks/SpeechRecognition.framework/Versions/A/SpeechRecognition
0x00000001c674a000 	/System/Library/PrivateFrameworks/CoreUI.framework/Versions/A/CoreUI
0x00000001c0e7e000 	/System/Library/Frameworks/CoreAudio.framework/Versions/A/CoreAudio
0x00000001c6044000 	/System/Library/Frameworks/DiskArbitration.framework/Versions/A/DiskArbitration
0x00000001cb62c000 	/System/Library/PrivateFrameworks/MultitouchSupport.framework/Versions/A/MultitouchSupport
0x00000001c45bb000 	/usr/lib/libenergytrace.dylib
0x00000001c1f56000 	/System/Library/Frameworks/IOKit.framework/Versions/A/IOKit
0x00000001d0452000 	/System/Library/Frameworks/CoreServices.framework/Versions/A/CoreServices
0x00000001c6984000 	/System/Library/PrivateFrameworks/PerformanceAnalysis.framework/Versions/A/PerformanceAnalysis
0x000000022095b000 	/System/Library/Frameworks/OpenGL.framework/Versions/A/OpenGL
0x00000001c958b000 	/System/Library/PrivateFrameworks/MobileKeyBag.framework/Versions/A/MobileKeyBag
0x00000001c502a000 	/System/Library/Frameworks/ColorSync.framework/Versions/A/ColorSync
0x00000001bf4ee000 	/System/Library/Frameworks/CoreFoundation.framework/Versions/A/CoreFoundation
0x00000001c872d000 	/System/Library/Frameworks/CoreImage.framework/Versions/A/CoreImage
0x00000001c0ca2000 	/System/Library/Frameworks/CoreText.framework/Versions/A/CoreText
0x00000001c84de000 	/System/Library/Frameworks/ImageIO.framework/Versions/A/ImageIO
0x00000001c9ff1000 	/System/Library/PrivateFrameworks/SoftLinking.framework/Versions/A/SoftLinking
0x00000001c6a42000 	/usr/lib/libxml2.2.dylib
0x00000001ca28a000 	/usr/lib/libcompression.dylib
0x00000001cbc83000 	/System/Library/PrivateFrameworks/TextureIO.framework/Versions/A/TextureIO
0x00000001ca9b2000 	/usr/lib/libate.dylib
0x00000001ca877000 	/usr/lib/liblzma.5.dylib
0x00000001c00dd000 	/System/Library/Frameworks/SystemConfiguration.framework/Versions/A/SystemConfiguration
0x00000001c9fed000 	/usr/lib/libfakelink.dylib
0x00000001c40ef000 	/System/Library/Frameworks/CFNetwork.framework/Versions/A/CFNetwork
0x00000001ca133000 	/usr/lib/libarchive.2.dylib
0x00000001c8b0d000 	/System/Library/PrivateFrameworks/AppleSystemInfo.framework/Versions/A/AppleSystemInfo
0x00000001c969e000 	/usr/lib/libbsm.0.dylib
0x00000001c3660000 	/usr/lib/libnetwork.dylib
0x00000001c9f87000 	/usr/lib/system/libkxld.dylib
0x00000001c92b1000 	/System/Library/PrivateFrameworks/IOMobileFramebuffer.framework/Versions/A/IOMobileFramebuffer
0x000000023e287000 	/usr/lib/libCoreEntitlements.dylib
0x00000001c9cc2000 	/System/Library/PrivateFrameworks/AppleFSCompression.framework/Versions/A/AppleFSCompression
0x00000001c9686000 	/usr/lib/libcoretls.dylib
0x00000001ca890000 	/usr/lib/libcoretls_cfhelpers.dylib
0x00000001ca285000 	/usr/lib/libpam.2.dylib
0x00000001c5983000 	/usr/lib/libsqlite3.dylib
0x00000001ca8f9000 	/usr/lib/libxar.1.dylib
0x00000001c9cd3000 	/usr/lib/libbz2.1.0.dylib
0x00000001c9ff2000 	/usr/lib/libpcap.A.dylib
0x00000001c5d63000 	/usr/lib/libdns_services.dylib
0x00000001ca258000 	/usr/lib/libapple_nghttp2.dylib
0x00000001ca02f000 	/usr/lib/libiconv.2.dylib
0x00000001c9f7d000 	/usr/lib/libcharset.1.dylib
0x00000001c69c0000 	/System/Library/Frameworks/CoreServices.framework/Versions/A/Frameworks/FSEvents.framework/Versions/A/FSEvents
0x00000001c1bdf000 	/System/Library/Frameworks/CoreServices.framework/Versions/A/Frameworks/CarbonCore.framework/Versions/A/CarbonCore
0x00000001c5fa4000 	/System/Library/Frameworks/CoreServices.framework/Versions/A/Frameworks/Metadata.framework/Versions/A/Metadata
0x00000001c9ce6000 	/System/Library/Frameworks/CoreServices.framework/Versions/A/Frameworks/OSServices.framework/Versions/A/OSServices
0x00000001ca1b9000 	/System/Library/Frameworks/CoreServices.framework/Versions/A/Frameworks/SearchKit.framework/Versions/A/SearchKit
0x00000001c5cf2000 	/System/Library/Frameworks/CoreServices.framework/Versions/A/Frameworks/AE.framework/Versions/A/AE
0x00000001bfa34000 	/System/Library/Frameworks/CoreServices.framework/Versions/A/Frameworks/LaunchServices.framework/Versions/A/LaunchServices
0x00000001ca820000 	/System/Library/Frameworks/CoreServices.framework/Versions/A/Frameworks/DictionaryServices.framework/Versions/A/DictionaryServices
0x00000001c69cd000 	/System/Library/Frameworks/CoreServices.framework/Versions/A/Frameworks/SharedFileList.framework/Versions/A/SharedFileList
0x00000001c9676000 	/usr/lib/libCheckFix.dylib
0x00000001c462c000 	/System/Library/PrivateFrameworks/TCC.framework/Versions/A/TCC
0x00000001c8b13000 	/System/Library/PrivateFrameworks/CoreNLP.framework/Versions/A/CoreNLP
0x00000001c5f52000 	/System/Library/PrivateFrameworks/MetadataUtilities.framework/Versions/A/MetadataUtilities
0x00000001c0196000 	/usr/lib/libmecabra.dylib
0x00000001c96af000 	/usr/lib/libmecab.dylib
0x00000001c0162000 	/usr/lib/libCRFSuite.dylib
0x00000001c970c000 	/usr/lib/libgermantok.dylib
0x00000001ca231000 	/usr/lib/libThaiTokenizer.dylib
0x00000001c604c000 	/System/Library/Frameworks/Accelerate.framework/Versions/A/Frameworks/vImage.framework/Versions/A/vImage
0x00000001d0429000 	/System/Library/Frameworks/Accelerate.framework/Versions/A/Frameworks/vecLib.framework/Versions/A/vecLib
0x00000001ca93e000 	/System/Library/Frameworks/Accelerate.framework/Versions/A/Frameworks/vecLib.framework/Versions/A/libvMisc.dylib
0x00000001c91b8000 	/System/Library/Frameworks/Accelerate.framework/Versions/A/Frameworks/vecLib.framework/Versions/A/libvDSP.dylib
0x00000001bfdbd000 	/System/Library/Frameworks/Accelerate.framework/Versions/A/Frameworks/vecLib.framework/Versions/A/libBLAS.dylib
0x00000001ca35b000 	/System/Library/Frameworks/Accelerate.framework/Versions/A/Frameworks/vecLib.framework/Versions/A/libLAPACK.dylib
0x00000001c970f000 	/System/Library/Frameworks/Accelerate.framework/Versions/A/Frameworks/vecLib.framework/Versions/A/libLinearAlgebra.dylib
0x00000001ca270000 	/System/Library/Frameworks/Accelerate.framework/Versions/A/Frameworks/vecLib.framework/Versions/A/libSparseBLAS.dylib
0x00000001ca356000 	/System/Library/Frameworks/Accelerate.framework/Versions/A/Frameworks/vecLib.framework/Versions/A/libQuadrature.dylib
0x00000001c8c0c000 	/System/Library/Frameworks/Accelerate.framework/Versions/A/Frameworks/vecLib.framework/Versions/A/libBNNS.dylib
0x00000001c007b000 	/System/Library/Frameworks/Accelerate.framework/Versions/A/Frameworks/vecLib.framework/Versions/A/libSparse.dylib
0x00000001c8c04000 	/System/Library/PrivateFrameworks/LinguisticData.framework/Versions/A/LinguisticData
0x00000001c0033000 	/System/Library/PrivateFrameworks/Lexicon.framework/Versions/A/Lexicon
0x00000001ca936000 	/usr/lib/libChineseTokenizer.dylib
0x00000001c07da000 	/System/Library/PrivateFrameworks/LanguageModeling.framework/Versions/A/LanguageModeling
0x00000001ca233000 	/System/Library/PrivateFrameworks/AppleSauce.framework/Versions/A/AppleSauce
0x00000001c929e000 	/System/Library/PrivateFrameworks/CoreEmoji.framework/Versions/A/CoreEmoji
0x00000001ca121000 	/usr/lib/libcmph.dylib
0x00000001c69a0000 	/System/Library/Frameworks/OpenDirectory.framework/Versions/A/Frameworks/CFOpenDirectory.framework/Versions/A/CFOpenDirectory
0x00000001c6990000 	/System/Library/Frameworks/OpenDirectory.framework/Versions/A/OpenDirectory
0x00000001ca892000 	/System/Library/PrivateFrameworks/APFS.framework/Versions/A/APFS
0x00000001c95c6000 	/System/Library/Frameworks/SecurityFoundation.framework/Versions/A/SecurityFoundation
0x00000001ca908000 	/usr/lib/libutil.dylib
0x00000001c1f18000 	/System/Library/PrivateFrameworks/CoreServicesStore.framework/Versions/A/CoreServicesStore
0x00000001ca90c000 	/usr/lib/libxslt.1.dylib
0x00000001c965a000 	/System/Library/PrivateFrameworks/BackgroundTaskManagement.framework/Versions/A/BackgroundTaskManagement
0x00000001cbba4000 	/System/Library/Frameworks/ImageIO.framework/Versions/A/Resources/libRadiance.dylib
0x00000001cbbad000 	/System/Library/Frameworks/ImageIO.framework/Versions/A/Resources/libJPEG.dylib
0x00000001cbb00000 	/System/Library/Frameworks/ImageIO.framework/Versions/A/Resources/libPng.dylib
0x00000001cbb22000 	/System/Library/Frameworks/ImageIO.framework/Versions/A/Resources/libTIFF.dylib
0x00000001cbc08000 	/System/Library/Frameworks/ImageIO.framework/Versions/A/Resources/libGIF.dylib
0x00000001cb53c000 	/System/Library/Frameworks/ImageIO.framework/Versions/A/Resources/libJP2.dylib
0x00000001cac5e000 	/usr/lib/libexpat.1.dylib
0x00000001cb4f7000 	/System/Library/PrivateFrameworks/AppleJPEG.framework/Versions/A/AppleJPEG
0x00000001c8019000 	/System/Library/PrivateFrameworks/FontServices.framework/libFontParser.dylib
0x00000001c5c97000 	/System/Library/PrivateFrameworks/RunningBoardServices.framework/Versions/A/RunningBoardServices
0x00000001d6515000 	/System/Library/PrivateFrameworks/IOSurfaceAccelerator.framework/Versions/A/IOSurfaceAccelerator
0x00000001cb628000 	/System/Library/PrivateFrameworks/WatchdogClient.framework/Versions/A/WatchdogClient
0x00000001c08de000 	/System/Library/Frameworks/CoreDisplay.framework/Versions/A/CoreDisplay
0x00000001c7f03000 	/System/Library/Frameworks/CoreMedia.framework/Versions/A/CoreMedia
0x00000001c7d90000 	/System/Library/PrivateFrameworks/IOAccelerator.framework/Versions/A/IOAccelerator
0x00000001c6b30000 	/System/Library/Frameworks/CoreVideo.framework/Versions/A/CoreVideo
0x00000001ca283000 	/System/Library/Frameworks/MetalPerformanceShaders.framework/Versions/A/MetalPerformanceShaders
0x00000001cb667000 	/System/Library/Frameworks/VideoToolbox.framework/Versions/A/VideoToolbox
0x00000001c5bdb000 	/System/Library/PrivateFrameworks/BaseBoard.framework/Versions/A/BaseBoard
0x00000001c5969000 	/System/Library/PrivateFrameworks/ProtocolBuffer.framework/Versions/A/ProtocolBuffer
0x00000001cbb9f000 	/System/Library/PrivateFrameworks/GPUWrangler.framework/Versions/A/GPUWrangler
0x00000001cbb7f000 	/System/Library/PrivateFrameworks/IOPresentment.framework/Versions/A/IOPresentment
0x00000001cbba7000 	/System/Library/PrivateFrameworks/DSExternalDisplay.framework/Versions/A/DSExternalDisplay
0x000000022094e000 	/System/Library/Frameworks/OpenGL.framework/Versions/A/Libraries/libCoreFSCache.dylib
0x000000022ae0d000 	/System/Library/PrivateFrameworks/GPUCompiler.framework/Versions/31001/Libraries/libGPUCompilerUtils.dylib
0x00000001cbc0d000 	/System/Library/PrivateFrameworks/CMCaptureCore.framework/Versions/A/CMCaptureCore
0x00000001cb20f000 	/System/Library/PrivateFrameworks/AppServerSupport.framework/Versions/A/AppServerSupport
0x00000001cd490000 	/System/Library/PrivateFrameworks/perfdata.framework/Versions/A/perfdata
0x00000001c09fe000 	/System/Library/PrivateFrameworks/AudioToolboxCore.framework/Versions/A/AudioToolboxCore
0x00000001c7edc000 	/System/Library/PrivateFrameworks/caulk.framework/Versions/A/caulk
0x00000001ccd85000 	/usr/lib/libAudioStatistics.dylib
0x00000001decda000 	/System/Library/PrivateFrameworks/SystemPolicy.framework/Versions/A/SystemPolicy
0x00000001ccff1000 	/usr/lib/libSMC.dylib
0x00000001d5d24000 	/System/Library/Frameworks/CoreMIDI.framework/Versions/A/CoreMIDI
0x00000001cbace000 	/usr/lib/libAudioToolboxUtility.dylib
0x00000001dada7000 	/System/Library/PrivateFrameworks/OSAServicesClient.framework/Versions/A/OSAServicesClient
0x00000001cd49d000 	/usr/lib/libperfcheck.dylib
0x00000001df7f2000 	/usr/lib/libmis.dylib
0x00000002209b0000 	/System/Library/Frameworks/OpenGL.framework/Versions/A/Libraries/libGLU.dylib
0x000000022096f000 	/System/Library/Frameworks/OpenGL.framework/Versions/A/Libraries/libGFXShared.dylib
0x0000000220b5c000 	/System/Library/Frameworks/OpenGL.framework/Versions/A/Libraries/libGL.dylib
0x0000000220978000 	/System/Library/Frameworks/OpenGL.framework/Versions/A/Libraries/libGLImage.dylib
0x000000022096c000 	/System/Library/Frameworks/OpenGL.framework/Versions/A/Libraries/libCVMSPluginSupport.dylib
0x0000000220955000 	/System/Library/Frameworks/OpenGL.framework/Versions/A/Libraries/libCoreVMClient.dylib
0x00000001c8a8d000 	/System/Library/Frameworks/MetalPerformanceShaders.framework/Versions/A/Frameworks/MPSCore.framework/Versions/A/MPSCore
0x00000001c9c35000 	/System/Library/Frameworks/MetalPerformanceShaders.framework/Versions/A/Frameworks/MPSImage.framework/Versions/A/MPSImage
0x00000001c9724000 	/System/Library/Frameworks/MetalPerformanceShaders.framework/Versions/A/Frameworks/MPSNeuralNetwork.framework/Versions/A/MPSNeuralNetwork
0x00000001c9b5d000 	/System/Library/Frameworks/MetalPerformanceShaders.framework/Versions/A/Frameworks/MPSMatrix.framework/Versions/A/MPSMatrix
0x00000001c9936000 	/System/Library/Frameworks/MetalPerformanceShaders.framework/Versions/A/Frameworks/MPSRayIntersector.framework/Versions/A/MPSRayIntersector
0x00000001c9b8e000 	/System/Library/Frameworks/MetalPerformanceShaders.framework/Versions/A/Frameworks/MPSNDArray.framework/Versions/A/MPSNDArray
0x0000000222ac7000 	/System/Library/Frameworks/MetalPerformanceShaders.framework/Versions/A/Frameworks/MPSFunctions.framework/Versions/A/MPSFunctions
0x00000001bfc94000 	/System/Library/PrivateFrameworks/MetalTools.framework/Versions/A/MetalTools
0x00000001c8b0b000 	/System/Library/PrivateFrameworks/AggregateDictionary.framework/Versions/A/AggregateDictionary
0x00000001caa43000 	/usr/lib/libIOReport.dylib
0x00000001d4d42000 	/System/Library/PrivateFrameworks/ASEProcessing.framework/Versions/A/ASEProcessing
0x00000001cadb8000 	/System/Library/PrivateFrameworks/FaceCore.framework/Versions/A/FaceCore
0x00000001cadaa000 	/System/Library/PrivateFrameworks/GraphVisualizer.framework/Versions/A/GraphVisualizer
0x000000022ad24000 	/System/Library/PrivateFrameworks/FontServices.framework/Versions/A/FontServices
0x00000001cb1cb000 	/System/Library/PrivateFrameworks/OTSVG.framework/Versions/A/OTSVG
0x00000001c66fa000 	/System/Library/Frameworks/ApplicationServices.framework/Versions/A/Frameworks/ATS.framework/Versions/A/Resources/libFontRegistry.dylib
0x00000001cb218000 	/System/Library/PrivateFrameworks/FontServices.framework/libhvf.dylib
0x000000022ad25000 	/System/Library/PrivateFrameworks/FontServices.framework/libXTFontStaticRegistryData.dylib
0x0000000220cfd000 	/System/Library/Frameworks/OpenCL.framework/Versions/A/OpenCL
0x00000001cac12000 	/System/Library/PrivateFrameworks/AppleVA.framework/Versions/A/AppleVA
0x00000001ccdad000 	/System/Library/Frameworks/ApplicationServices.framework/Versions/A/Frameworks/ATS.framework/Versions/A/ATS
0x00000001c5127000 	/System/Library/Frameworks/ApplicationServices.framework/Versions/A/Frameworks/HIServices.framework/Versions/A/HIServices
0x00000001cbc17000 	/System/Library/Frameworks/ApplicationServices.framework/Versions/A/Frameworks/PrintCore.framework/Versions/A/PrintCore
0x00000001cd144000 	/System/Library/Frameworks/ApplicationServices.framework/Versions/A/Frameworks/QD.framework/Versions/A/QD
0x00000001cd13c000 	/System/Library/Frameworks/ApplicationServices.framework/Versions/A/Frameworks/ColorSyncLegacy.framework/Versions/A/ColorSyncLegacy
0x00000001ccd99000 	/System/Library/Frameworks/ApplicationServices.framework/Versions/A/Frameworks/SpeechSynthesis.framework/Versions/A/SpeechSynthesis
0x00000001cbbd8000 	/System/Library/Frameworks/ApplicationServices.framework/Versions/A/Frameworks/ATSUI.framework/Versions/A/ATSUI
0x00000001cd0d1000 	/usr/lib/libcups.2.dylib
0x00000001cd4ab000 	/System/Library/Frameworks/Kerberos.framework/Versions/A/Kerberos
0x00000001cd4bc000 	/System/Library/Frameworks/GSS.framework/Versions/A/GSS
0x00000001cce1d000 	/usr/lib/libresolv.9.dylib
0x00000001cb227000 	/System/Library/PrivateFrameworks/Heimdal.framework/Versions/A/Heimdal
0x00000001d3f77000 	/System/Library/Frameworks/Kerberos.framework/Versions/A/Libraries/libHeimdalProxy.dylib
0x00000001c5d75000 	/System/Library/Frameworks/Network.framework/Versions/A/Network
0x00000001cac79000 	/usr/lib/libheimdal-asn1.dylib
0x00000001cd50c000 	/System/Library/PrivateFrameworks/CommonAuth.framework/Versions/A/CommonAuth
0x00000001ccd13000 	/System/Library/PrivateFrameworks/AudioSession.framework/Versions/A/AudioSession
0x00000001cad0b000 	/System/Library/PrivateFrameworks/MediaExperience.framework/Versions/A/MediaExperience
0x00000001ccb99000 	/System/Library/PrivateFrameworks/AudioSession.framework/libSessionUtility.dylib
0x00000001cd150000 	/System/Library/PrivateFrameworks/AudioResourceArbitration.framework/Versions/A/AudioResourceArbitration
0x00000001d1306000 	/System/Library/PrivateFrameworks/PowerLog.framework/Versions/A/PowerLog
0x00000001cac83000 	/System/Library/PrivateFrameworks/IconFoundation.framework/Versions/A/IconFoundation
0x00000001d004f000 	/System/Library/PrivateFrameworks/SpeechRecognitionCore.framework/Versions/A/SpeechRecognitionCore
0x00000001012bc000 	/Users/danielweiner/Library/Java/JavaVirtualMachines/openjdk-18/Contents/Home/lib/server/libjvm.dylib
0x000000010024c000 	/Users/danielweiner/Library/Java/JavaVirtualMachines/openjdk-18/Contents/Home/lib/libjimage.dylib
0x0000000100278000 	/Users/danielweiner/Library/Java/JavaVirtualMachines/openjdk-18/Contents/Home/lib/libinstrument.dylib
0x0000000100388000 	/Users/danielweiner/Library/Java/JavaVirtualMachines/openjdk-18/Contents/Home/lib/libjava.dylib
0x0000000100e3c000 	/Users/danielweiner/Library/Java/JavaVirtualMachines/openjdk-18/Contents/Home/lib/libnio.dylib
0x0000000100e5c000 	/Users/danielweiner/Library/Java/JavaVirtualMachines/openjdk-18/Contents/Home/lib/libnet.dylib
0x000000010036c000 	/Users/danielweiner/Library/Java/JavaVirtualMachines/openjdk-18/Contents/Home/lib/libzip.dylib
0x0000000100e7c000 	/Users/danielweiner/.openjfx/cache/17.0.1/libprism_es2.dylib
0x00000001c1edb000 	/System/Library/PrivateFrameworks/CoreServicesInternal.framework/Versions/A/CoreServicesInternal
0x0000000220b66000 	/System/Library/Frameworks/OpenGL.framework/Versions/A/Resources/GLEngine.bundle/GLEngine
0x00000002209ee000 	/System/Library/Frameworks/OpenGL.framework/Versions/A/Libraries/libGLProgrammability.dylib
0x0000000121af4000 	/System/Library/Extensions/AppleMetalOpenGLRenderer.bundle/Contents/MacOS/AppleMetalOpenGLRenderer
0x0000000220cd5000 	/System/Library/Frameworks/OpenGL.framework/Versions/A/Resources/GLRendererFloat.bundle/GLRendererFloat
0x0000000220dd5000 	/System/Library/Extensions/AGXMetal13_3.bundle/Contents/MacOS/AGXMetal13_3
0x00000001df80e000 	/System/Library/PrivateFrameworks/GPURawCounter.framework/Versions/A/GPURawCounter
0x00000001d9f18000 	/System/Library/PrivateFrameworks/IOGPU.framework/Versions/A/IOGPU
0x0000000121d08000 	/Users/danielweiner/.openjfx/cache/17.0.1/libglass.dylib
0x00000001d155e000 	/System/Library/Frameworks/FileProvider.framework/Versions/A/FileProvider
0x00000001c5b43000 	/System/Library/Frameworks/Accounts.framework/Versions/A/Accounts
0x00000001d16e2000 	/System/Library/PrivateFrameworks/GenerationalStorage.framework/Versions/A/GenerationalStorage
0x00000001d22a5000 	/System/Library/PrivateFrameworks/CoreSymbolication.framework/Versions/A/CoreSymbolication
0x00000001d12fa000 	/System/Library/PrivateFrameworks/SymptomDiagnosticReporter.framework/Versions/A/SymptomDiagnosticReporter
0x00000001c31cb000 	/System/Library/PrivateFrameworks/DesktopServicesPriv.framework/Versions/A/DesktopServicesPriv
0x00000001c203d000 	/usr/lib/libsandbox.1.dylib
0x00000001c6bbe000 	/System/Library/PrivateFrameworks/UserManagement.framework/Versions/A/UserManagement
0x00000001d2262000 	/System/Library/PrivateFrameworks/DebugSymbols.framework/Versions/A/DebugSymbols
0x00000001cd12f000 	/System/Library/PrivateFrameworks/NetAuth.framework/Versions/A/NetAuth
0x00000001ce04d000 	/System/Library/PrivateFrameworks/Sharing.framework/Versions/A/Sharing
0x00000001c6b8e000 	/System/Library/PrivateFrameworks/login.framework/Versions/A/Frameworks/loginsupport.framework/Versions/A/loginsupport
0x00000001d3497000 	/System/Library/PrivateFrameworks/Apple80211.framework/Versions/A/Apple80211
0x00000001c9d19000 	/System/Library/PrivateFrameworks/AuthKit.framework/Versions/A/AuthKit
0x00000001c939a000 	/System/Library/PrivateFrameworks/CoreUtils.framework/Versions/A/CoreUtils
0x00000001c92bd000 	/System/Library/Frameworks/CoreWLAN.framework/Versions/A/CoreWLAN
0x00000001ce1bd000 	/System/Library/Frameworks/IOBluetooth.framework/Versions/A/IOBluetooth
0x00000001d34f7000 	/System/Library/PrivateFrameworks/CoreWiFi.framework/Versions/A/CoreWiFi
0x00000001d1e42000 	/System/Library/PrivateFrameworks/FrontBoardServices.framework/Versions/A/FrontBoardServices
0x00000001d1eda000 	/System/Library/PrivateFrameworks/BoardServices.framework/Versions/A/BoardServices
0x00000001c95b4000 	/System/Library/PrivateFrameworks/AssertionServices.framework/Versions/A/AssertionServices
0x00000001d3674000 	/System/Library/PrivateFrameworks/BackBoardServices.framework/Versions/A/BackBoardServices
0x00000001cd5a3000 	/System/Library/PrivateFrameworks/CorePhoneNumbers.framework/Versions/A/CorePhoneNumbers
0x00000001d142a000 	/System/Library/PrivateFrameworks/DiskManagement.framework/Versions/A/DiskManagement
0x00000001d132d000 	/System/Library/PrivateFrameworks/AppleIDAuthSupport.framework/Versions/A/AppleIDAuthSupport
0x00000002252ee000 	/System/Library/PrivateFrameworks/AAAFoundation.framework/Versions/A/AAAFoundation
0x00000001cd582000 	/System/Library/PrivateFrameworks/KeychainCircle.framework/Versions/A/KeychainCircle
0x00000001d13f6000 	/System/Library/PrivateFrameworks/MediaKit.framework/Versions/A/MediaKit
0x00000001d133a000 	/System/Library/Frameworks/DiscRecording.framework/Versions/A/DiscRecording
0x00000001cab8e000 	/usr/lib/libCoreStorage.dylib
0x00000001d3971000 	/usr/lib/libcsfde.dylib
0x00000001ce292000 	/System/Library/PrivateFrameworks/ProtectedCloudStorage.framework/Versions/A/ProtectedCloudStorage
0x00000001d3969000 	/System/Library/PrivateFrameworks/EFILogin.framework/Versions/A/EFILogin
0x00000001d1709000 	/System/Library/PrivateFrameworks/OctagonTrust.framework/Versions/A/OctagonTrust
0x0000000229ebf000 	/System/Library/PrivateFrameworks/CoreUtilsExtras.framework/Versions/A/CoreUtilsExtras
0x00000001d125f000 	/System/Library/Frameworks/CoreBluetooth.framework/Versions/A/CoreBluetooth
0x00000001d3ffc000 	/System/Library/Frameworks/AudioUnit.framework/Versions/A/AudioUnit
0x00000001cab86000 	/usr/lib/libMatch.1.dylib
0x00000001e3cba000 	/System/Library/Frameworks/Accelerate.framework/Versions/A/Frameworks/vImage.framework/Versions/A/Libraries/libCGInterfaces.dylib
0x0000000121fe8000 	/usr/lib/libobjc-trampolines.dylib
0x00000001c6888000 	/System/Library/PrivateFrameworks/ViewBridge.framework/Versions/A/ViewBridge
0x00000002259a1000 	/System/Library/PrivateFrameworks/AccessibilityBundles.framework/Versions/A/AccessibilityBundles
0x00000001cb2ea000 	/System/Library/PrivateFrameworks/login.framework/Versions/A/login
0x0000000127fd4000 	/Users/danielweiner/.openjfx/cache/17.0.1/libjavafx_font.dylib
0x000000023e405000 	/usr/lib/libRosetta.dylib


VM Arguments:
jvm_args: -javaagent:/Users/danielweiner/Library/Application Support/JetBrains/Toolbox/apps/IDEA-U/ch-0/221.5080.210/IntelliJ IDEA.app/Contents/lib/idea_rt.jar=49397:/Users/danielweiner/Library/Application Support/JetBrains/Toolbox/apps/IDEA-U/ch-0/221.5080.210/IntelliJ IDEA.app/Contents/bin -Dfile.encoding=UTF-8 --module-path=/Users/danielweiner/.m2/repository/org/openjfx/javafx-base/17.0.1/javafx-base-17.0.1-mac-aarch64.jar:/Users/danielweiner/.m2/repository/org/openjfx/javafx-graphics/17.0.1/javafx-graphics-17.0.1-mac-aarch64.jar:/Users/danielweiner/.m2/repository/org/openjfx/javafx-controls/17.0.1/javafx-controls-17.0.1-mac-aarch64.jar:/Users/danielweiner/Public/Drop Box/eclipse-workspace/JavaFinalProject/target/classes:/Users/danielweiner/.m2/repository/org/openjfx/javafx-fxml/17.0.1/javafx-fxml-17.0.1-mac-aarch64.jar -Djdk.module.main=com.example.javafinalproject 
java_command: com.example.javafinalproject/com.example.javafinalproject.Main
java_class_path (initial): /Users/danielweiner/.m2/repository/org/openjfx/javafx-controls/17.0.1/javafx-controls-17.0.1.jar:/Users/danielweiner/.m2/repository/org/openjfx/javafx-graphics/17.0.1/javafx-graphics-17.0.1.jar:/Users/danielweiner/.m2/repository/org/openjfx/javafx-base/17.0.1/javafx-base-17.0.1.jar:/Users/danielweiner/.m2/repository/org/openjfx/javafx-fxml/17.0.1/javafx-fxml-17.0.1.jar
Launcher Type: SUN_STANDARD

[Global flags]
     intx CICompilerCount                          = 4                                         {product} {ergonomic}
     uint ConcGCThreads                            = 2                                         {product} {ergonomic}
     uint G1ConcRefinementThreads                  = 8                                         {product} {ergonomic}
   size_t G1HeapRegionSize                         = 2097152                                   {product} {ergonomic}
    uintx GCDrainStackTargetSize                   = 64                                        {product} {ergonomic}
   size_t InitialHeapSize                          = 268435456                                 {product} {ergonomic}
   size_t MarkStackSize                            = 4194304                                   {product} {ergonomic}
   size_t MaxHeapSize                              = 4294967296                                {product} {ergonomic}
   size_t MaxNewSize                               = 2575302656                                {product} {ergonomic}
   size_t MinHeapDeltaBytes                        = 2097152                                   {product} {ergonomic}
   size_t MinHeapSize                              = 8388608                                   {product} {ergonomic}
    uintx NonNMethodCodeHeapSize                   = 5839564                                {pd product} {ergonomic}
    uintx NonProfiledCodeHeapSize                  = 122909338                              {pd product} {ergonomic}
    uintx ProfiledCodeHeapSize                     = 122909338                              {pd product} {ergonomic}
    uintx ReservedCodeCacheSize                    = 251658240                              {pd product} {ergonomic}
     bool SegmentedCodeCache                       = true                                      {product} {ergonomic}
   size_t SoftMaxHeapSize                          = 4294967296                             {manageable} {ergonomic}
     bool UseCompressedClassPointers               = true                           {product lp64_product} {ergonomic}
     bool UseCompressedOops                        = true                           {product lp64_product} {ergonomic}
     bool UseG1GC                                  = true                                      {product} {ergonomic}
     bool UseNUMA                                  = false                                     {product} {ergonomic}
     bool UseNUMAInterleaving                      = false                                     {product} {ergonomic}

Logging:
Log output configuration:
 #0: stdout all=warning uptime,level,tags foldmultilines=false
 #1: stderr all=off uptime,level,tags foldmultilines=false

Environment Variables:
PATH=/usr/local/bin:/usr/bin:/bin:/usr/sbin:/sbin
SHELL=/bin/zsh
LC_CTYPE=en_US.UTF-8

Signal Handlers:
   SIGSEGV: _ZL13crash_handleriP9__siginfoPv in libjvm.dylib, mask=11100110000111110111111111111111, flags=SA_RESTART|SA_SIGINFO
    SIGBUS: _ZL13crash_handleriP9__siginfoPv in libjvm.dylib, mask=11100110000111110111111111111111, flags=SA_RESTART|SA_SIGINFO
    SIGFPE: _ZL13crash_handleriP9__siginfoPv in libjvm.dylib, mask=11100110000111110111111111111111, flags=SA_RESTART|SA_SIGINFO
   SIGPIPE: _ZL17javaSignalHandleriP9__siginfoPv in libjvm.dylib, mask=11100110000111110111111111111111, flags=SA_RESTART|SA_SIGINFO
   SIGXFSZ: _ZL17javaSignalHandleriP9__siginfoPv in libjvm.dylib, mask=11100110000111110111111111111111, flags=SA_RESTART|SA_SIGINFO
    SIGILL: _ZL13crash_handleriP9__siginfoPv in libjvm.dylib, mask=11100110000111110111111111111111, flags=SA_RESTART|SA_SIGINFO
   SIGUSR2: _ZL10SR_handleriP9__siginfoP17__darwin_ucontext in libjvm.dylib, mask=00100000000000000000000000000000, flags=SA_RESTART|SA_SIGINFO
    SIGHUP: _ZL11UserHandleriPvS_ in libjvm.dylib, mask=11100110000111110111111111111111, flags=SA_RESTART|SA_SIGINFO
    SIGINT: _ZL11UserHandleriPvS_ in libjvm.dylib, mask=11100110000111110111111111111111, flags=SA_RESTART|SA_SIGINFO
   SIGTERM: _ZL11UserHandleriPvS_ in libjvm.dylib, mask=11100110000111110111111111111111, flags=SA_RESTART|SA_SIGINFO
   SIGQUIT: _ZL11UserHandleriPvS_ in libjvm.dylib, mask=11100110000111110111111111111111, flags=SA_RESTART|SA_SIGINFO
   SIGTRAP: _ZL13crash_handleriP9__siginfoPv in libjvm.dylib, mask=11100110000111110111111111111111, flags=SA_RESTART|SA_SIGINFO


---------------  S Y S T E M  ---------------

OS:
uname: Darwin 21.4.0 Darwin Kernel Version 21.4.0: Fri Mar 18 00:47:26 PDT 2022; root:xnu-8020.101.4~15/RELEASE_ARM64_T8101 arm64
OS uptime: 0 days 2:02 hours
rlimit (soft/hard): STACK 8176k/65520k , CORE 0k/infinity , NPROC 2666/4000 , NOFILE 10240/infinity , AS infinity/infinity , CPU infinity/infinity , DATA infinity/infinity , FSIZE infinity/infinity , MEMLOCK infinity/infinity , RSS infinity/infinity
load average: 2.13 1.79 1.71

CPU: total 8 (initial active 8) 0x61:0x0:0x1b588bb3:0, fp, simd, aes, pmull, crc, lse

Memory: 16k page, physical 16777216k(131872k free), swap 0k(0k free)

vm_info: OpenJDK 64-Bit Server VM (18+36-2087) for bsd-aarch64 JRE (18+36-2087), built on Feb 15 2022 09:36:38 by "mach5one" with clang Apple LLVM 12.0.0 (clang-1200.0.32.29)

END.
