#
# A fatal error has been detected by the Java Runtime Environment:
#
#  SIGBUS (0xa) at pc=0x00000001280014f0, pid=1580, tid=33803
#
# JRE version: OpenJDK Runtime Environment (17.0.2+8) (build 17.0.2+8-86)
# Java VM: OpenJDK 64-Bit Server VM (17.0.2+8-86, mixed mode, sharing, tiered, compressed oops, compressed class ptrs, g1 gc, bsd-aarch64)
# Problematic frame:
# v  ~StubRoutines::SafeFetchN
#
# No core dump will be written. Core dumps have been disabled. To enable core dumping, try "ulimit -c unlimited" before starting Java again
#
# If you would like to submit a bug report, please visit:
#   https://bugreport.java.com/bugreport/crash.jsp
# The crash happened outside the Java Virtual Machine in native code.
# See problematic frame for where to report the bug.
#

---------------  S U M M A R Y ------------

Command Line: -javaagent:/Users/danielweiner/Library/Application Support/JetBrains/Toolbox/apps/IDEA-U/ch-0/221.5080.210/IntelliJ IDEA.app/Contents/lib/idea_rt.jar=49436:/Users/danielweiner/Library/Application Support/JetBrains/Toolbox/apps/IDEA-U/ch-0/221.5080.210/IntelliJ IDEA.app/Contents/bin -Dfile.encoding=UTF-8 --module-path=/Users/danielweiner/.m2/repository/org/openjfx/javafx-fxml/17.0.1/javafx-fxml-17.0.1-mac-aarch64.jar:/Users/danielweiner/Public/Drop Box/eclipse-workspace/JavaFinalProject/target/classes:/Users/danielweiner/.m2/repository/org/openjfx/javafx-base/17.0.1/javafx-base-17.0.1-mac-aarch64.jar:/Users/danielweiner/.m2/repository/org/openjfx/javafx-graphics/17.0.1/javafx-graphics-17.0.1-mac-aarch64.jar:/Users/danielweiner/.m2/repository/org/openjfx/javafx-controls/17.0.1/javafx-controls-17.0.1-mac-aarch64.jar -Djdk.module.main=com.example.javafinalproject com.example.javafinalproject/com.example.javafinalproject.SignUp

Host: "MacBookPro17,1" arm64 1 MHz, 8 cores, 16G, Darwin 21.4.0, macOS 12.3.1 (21E258)
Time: Tue Apr 26 12:04:49 2022 EDT elapsed time: 2.113866 seconds (0d 0h 0m 2s)

---------------  T H R E A D  ---------------

Current thread (0x000000011ea43400):  JavaThread "InvokeLaterDispatcher" daemon [_thread_in_native, id=33803, stack(0x0000000178834000,0x0000000178a37000)]

Stack: [0x0000000178834000,0x0000000178a37000],  sp=0x0000000178a36780,  free space=2057k
Native frames: (J=compiled Java code, j=interpreted, Vv=VM code, C=native code)
v  ~StubRoutines::SafeFetchN
V  [libjvm.dylib+0x7a6bcc]  _ZN10OopStorage7releaseEPKP7oopDesc+0x20
V  [libjvm.dylib+0x4ba824]  jni_DeleteGlobalRef+0xd8
C  [libglass.dylib+0xab08]  -[GlassRunnable dealloc]+0x34
C  [Foundation+0x85618]  -[_NSThreadPerformInfo dealloc]+0x30
C  [Foundation+0x5198c]  -[NSObject(NSThreadPerformAdditions) performSelectorOnMainThread:withObject:waitUntilDone:]+0x88
C  0xf7650001280098ac
j  com.sun.glass.ui.mac.MacApplication.submitForLaterInvocation(Ljava/lang/Runnable;)V+2 javafx.graphics
j  com.sun.glass.ui.InvokeLaterDispatcher.run()V+82 javafx.graphics
v  ~StubRoutines::call_stub
V  [libjvm.dylib+0x461d08]  _ZN9JavaCalls11call_helperEP9JavaValueRK12methodHandleP17JavaCallArgumentsP10JavaThread+0x38c
V  [libjvm.dylib+0x460d24]  _ZN9JavaCalls12call_virtualEP9JavaValueP5KlassP6SymbolS5_P17JavaCallArgumentsP10JavaThread+0x11c
V  [libjvm.dylib+0x460df0]  _ZN9JavaCalls12call_virtualEP9JavaValue6HandleP5KlassP6SymbolS6_P10JavaThread+0x64
V  [libjvm.dylib+0x515f04]  _ZL12thread_entryP10JavaThreadS0_+0xc4
V  [libjvm.dylib+0x9071ac]  _ZN10JavaThread17thread_main_innerEv+0x13c
V  [libjvm.dylib+0x9058c0]  _ZN6Thread8call_runEv+0x128
V  [libjvm.dylib+0x7ad7c8]  _ZL19thread_native_entryP6Thread+0x158
C  [libsystem_pthread.dylib+0x726c]  _pthread_start+0x94

Java frames: (J=compiled Java code, j=interpreted, Vv=VM code)
j  com.sun.glass.ui.mac.MacApplication._submitForLaterInvocation(Ljava/lang/Runnable;)V+0 javafx.graphics
j  com.sun.glass.ui.mac.MacApplication.submitForLaterInvocation(Ljava/lang/Runnable;)V+2 javafx.graphics
j  com.sun.glass.ui.InvokeLaterDispatcher.run()V+82 javafx.graphics
v  ~StubRoutines::call_stub

siginfo: si_signo: 10 (SIGBUS), si_code: 1 (BUS_ADRALN), si_addr: 0x00000001280014f0

Register to memory mapping:

 x0=0x000000011e005308 is a global jni handle
 x1=0x0 is NULL
 x2=0x000000070e344cc8 is an oop: com.sun.glass.ui.InvokeLaterDispatcher$Future 
{0x000000070e344cc8} - klass: 'com/sun/glass/ui/InvokeLaterDispatcher$Future'
 - ---- fields (total size 3 words):
 - private 'done' 'Z' @12  true
 - private final 'runnable' 'Ljava/lang/Runnable;' @16  a 'com/sun/javafx/tk/quantum/QuantumToolkit$$Lambda$85+0x0000000800c39460'{0x000000070e828298} (e1d05053)
 - final synthetic 'this$0' 'Lcom/sun/glass/ui/InvokeLaterDispatcher;' @20  a 'com/sun/glass/ui/InvokeLaterDispatcher'{0x000000070e80ac60} (e1d0158c)
 x3=0x0 is NULL
 x4=0x00000000000130a8 is an unknown value
 x5=0x0 is NULL
 x6=0x0 is NULL
 x7=0x0 is NULL
 x8=0x00000001280014ec is at begin+0 in a stub
StubRoutines::SafeFetchN [0x00000001280014ec, 0x00000001280014f8] (12 bytes)
 x9=0x0 is NULL
x10=0x2010000030300000 is an unknown value
x11=0x0000000000000007 is an unknown value
x12=0x0000000000000004 is an unknown value
x13=0x0000600000676110 points into unknown readable memory: 0x5c5a0001970dbc40 | 40 bc 0d 97 01 00 5a 5c
x14=0x00000b0000000000 is an unknown value
x15=0x000000011c8c9f98: OBJC_CLASS_$_GlassRunnable+0 in /Users/danielweiner/.openjfx/cache/17.0.1/libglass.dylib at 0x000000011c884000
x16=0x00000001972450fc: pthread_getspecific+0 in /usr/lib/system/libsystem_pthread.dylib at 0x0000000197243000
x17=0x0000600000c58720 points into unknown readable memory: 0xfffffffffffffffe | fe ff ff ff ff ff ff ff
x18=0x0 is NULL
x19=0x0000600000358230 points into unknown readable memory: 0x0000600002a54300 | 00 43 a5 02 00 60 00 00
x20=0x000000011e005100 points into unknown readable memory: 0x8d65fee161af63b3 | b3 63 af 61 e1 fe 65 8d
x21=0x000000011e005308 is a global jni handle
x22=0x000000011ea43400 is a thread
x23=0x0000000000000001 is an unknown value
x24=0x000000011e0052c0 is a global jni handle
x25=0x000000010436d5e8: _ZN12StubRoutines17_safefetchN_entryE+0 in /Users/danielweiner/Library/Java/JavaVirtualMachines/openjdk-17.0.2/Contents/Home/lib/server/libjvm.dylib at 0x00000001037bc000
x26=0x000000010f518318 is pointing into metadata
x27=0x0 is NULL
x28=0x000000011ea43400 is a thread


Registers:
 x0=0x000000011e005308  x1=0x0000000000000000  x2=0x000000070e344cc8  x3=0x0000000000000000
 x4=0x00000000000130a8  x5=0x0000000000000000  x6=0x0000000000000000  x7=0x0000000000000000
 x8=0x00000001280014ec  x9=0x0000000000000000 x10=0x2010000030300000 x11=0x0000000000000007
x12=0x0000000000000004 x13=0x0000600000676110 x14=0x00000b0000000000 x15=0x000000011c8c9f98
x16=0x00000001972450fc x17=0x0000600000c58720 x18=0x0000000000000000 x19=0x0000600000358230
x20=0x000000011e005100 x21=0x000000011e005308 x22=0x000000011ea43400 x23=0x0000000000000001
x24=0x000000011e0052c0 x25=0x000000010436d5e8 x26=0x000000010f518318 x27=0x0000000000000000
x28=0x000000011ea43400  fp=0x0000000178a367c0  lr=0x0000000103f6199c  sp=0x0000000178a36780
pc=0x00000001280014f0 cpsr=0x0000000060001000
Top of Stack: (sp=0x0000000178a36780)
0x0000000178a36780:   000000010f518318 0000000000000001
0x0000000178a36790:   0000000178a36988 0000000000000000
0x0000000178a367a0:   000000011d8408a8 000000011e0052f0
0x0000000178a367b0:   000000011e0052f0 0000600000358230
0x0000000178a367c0:   0000000178a36800 0000000103f62bcc
0x0000000178a367d0:   0000000000000001 000000011e0052f0
0x0000000178a367e0:   000000011d8408a8 000000011e0052f0
0x0000000178a367f0:   0000000000000001 000000011d840600
0x0000000178a36800:   0000000178a36840 0000000103c76824
0x0000000178a36810:   0000000178a36988 0000600002a44a70
0x0000000178a36820:   0000600002a44a50 00000001e130abe0
0x0000000178a36830:   0000000000000000 0000600002a44a50
0x0000000178a36840:   0000000178a36870 000000011c88eb08
0x0000000178a36850:   0b5838a1e916009b 0000000000000000
0x0000000178a36860:   0000000000000000 0000600003d47d40
0x0000000178a36870:   0000000178a368b0 0000000198212618
0x0000000178a36880:   0000000178a36988 0000600002a44a70
0x0000000178a36890:   0000600002a44a50 0b5838a1e916009b
0x0000000178a368a0:   0000000000000000 0000000000000000
0x0000000178a368b0:   0000000178a368f0 20510001981de98c
0x0000000178a368c0:   0000000178a36988 00000001280087c0
0x0000000178a368d0:   0000000000000000 0000000104374fa8
0x0000000178a368e0:   0000000178a36900 0000000128007730
0x0000000178a368f0:   0000000178a36960 f7650001280098ac
0x0000000178a36900:   0000000178a36900 000000080098b325
0x0000000178a36910:   0000000178a36910 0000000000000000
0x0000000178a36920:   0000000178a36988 000000010f518318
0x0000000178a36930:   000000070e827938 0000000000000000
0x0000000178a36940:   0000000000000000 000000010f4f78c0
0x0000000178a36950:   0000000000000000 0000000178a36960
0x0000000178a36960:   0000000178a369e0 0000000128005fc8
0x0000000178a36970:   0000000000000000 0000000000000000 

Instructions: (pc=0x00000001280014f0)
0x00000001280013f0:   f2a08669 f2c00029 6d425935 1e640886
0x0000000128001400:   0c402d31 1e6408c7 1f5654d0 1e6c1017
0x0000000128001410:   1f5050d0 1f504cd0 1f5048d0 1e650af6
0x0000000128001420:   1f50d8f6 1f5694d6 1f5158f6 1e762880
0x0000000128001430:   36000501 1e614000 14000026 2e251ca5
0x0000000128001440:   d2943009 f2a08669 f2c00029 6d425d36
0x0000000128001450:   1e600806 0c402d32 1f5758c7 1e6c101a
0x0000000128001460:   1f4754c7 1e650805 1f4750c7 d2866668
0x0000000128001470:   f2a7fa68 1f474cc7 1e6608c0 1f4748c7
0x0000000128001480:   1e6e1019 eb08007f 540000ac 1f479400
0x0000000128001490:   1f460340 1e603b20 1400000e d2a7fd29
0x00000001280014a0:   eb09007f 540000ac 51480069 d3607d29
0x00000001280014b0:   9e670121 14000002 1e6a5001 1f679417
0x00000001280014c0:   1f668742 1e613b23 1e773857 1e773860
0x00000001280014d0:   a8c17ff3 910003bf a8c17bfd d65f03c0
0x00000001280014e0:   b9400001 aa0103e0 d65f03c0 f9400001
0x00000001280014f0:   aa0103e0 d65f03c0 00000000 00000000
0x0000000128001500:   00000000 00000000 00000000 00000000
0x0000000128001510:   00000000 00000000 00000000 00000000
0x0000000128001520:   00000000 00000000 00000000 00000000
0x0000000128001530:   00000000 00000000 00000000 00000000
0x0000000128001540:   00000000 00000000 00000000 00000000
0x0000000128001550:   00000000 00000000 00000000 00000000
0x0000000128001560:   00000000 00000000 00000000 00000000
0x0000000128001570:   00000000 00000000 00000000 00000000
0x0000000128001580:   00000000 00000000 00000000 00000000
0x0000000128001590:   00000000 00000000 00000000 00000000
0x00000001280015a0:   00000000 00000000 00000000 00000000
0x00000001280015b0:   00000000 00000000 00000000 00000000
0x00000001280015c0:   00000000 00000000 00000000 00000000
0x00000001280015d0:   00000000 00000000 00000000 00000000
0x00000001280015e0:   00000000 00000000 00000000 00000000 


Stack slot to memory mapping:
stack at sp + 0 slots: 0x000000010f518318 is pointing into metadata
stack at sp + 1 slots: 0x0000000000000001 is an unknown value
stack at sp + 2 slots: 0x0000000178a36988 is pointing into the stack for thread: 0x000000011ea43400
stack at sp + 3 slots: 0x0 is NULL
stack at sp + 4 slots: 0x000000011d8408a8 points into unknown readable memory: 0x000000010432a738 | 38 a7 32 04 01 00 00 00
stack at sp + 5 slots: 0x000000011e0052f0 is a global jni handle
stack at sp + 6 slots: 0x000000011e0052f0 is a global jni handle
stack at sp + 7 slots: 0x0000600000358230 points into unknown readable memory: 0x0000600002a54300 | 00 43 a5 02 00 60 00 00

StubRoutines::SafeFetchN [0x00000001280014ec, 0x00000001280014f8] (12 bytes)
[MachCode]
  0x00000001280014ec: 0100 40f9 | e003 01aa | c003 5fd6 
[/MachCode]

---------------  P R O C E S S  ---------------

Threads class SMR info:
_java_thread_list=0x0000600002888300, length=20, elements={
0x000000011e812000, 0x000000011d82c200, 0x000000011e812600, 0x000000011e818c00,
0x000000011e816a00, 0x000000010d00b400, 0x000000011e817000, 0x000000011e817600,
0x000000011e817c00, 0x000000011e865c00, 0x000000011d1df400, 0x000000011d1dfa00,
0x000000011d82c800, 0x000000011ea43400, 0x000000011d840600, 0x000000010d808200,
0x000000011d87c000, 0x000000011d8b4800, 0x000000011ea8ea00, 0x000000011d282000
}

Java Threads: ( => current thread )
  0x000000011e812000 JavaThread "main" [_thread_blocked, id=6659, stack(0x000000016d840000,0x000000016da43000)]
  0x000000011d82c200 JavaThread "Reference Handler" daemon [_thread_blocked, id=18691, stack(0x000000016e694000,0x000000016e897000)]
  0x000000011e812600 JavaThread "Finalizer" daemon [_thread_blocked, id=18179, stack(0x000000016e8a0000,0x000000016eaa3000)]
  0x000000011e818c00 JavaThread "Signal Dispatcher" daemon [_thread_blocked, id=41731, stack(0x000000016ebc4000,0x000000016edc7000)]
  0x000000011e816a00 JavaThread "Service Thread" daemon [_thread_blocked, id=22531, stack(0x000000016edd0000,0x000000016efd3000)]
  0x000000010d00b400 JavaThread "Monitor Deflation Thread" daemon [_thread_blocked, id=22787, stack(0x000000016efdc000,0x000000016f1df000)]
  0x000000011e817000 JavaThread "C2 CompilerThread0" daemon [_thread_blocked, id=23043, stack(0x000000016f1e8000,0x000000016f3eb000)]
  0x000000011e817600 JavaThread "C1 CompilerThread0" daemon [_thread_blocked, id=23299, stack(0x000000016f3f4000,0x000000016f5f7000)]
  0x000000011e817c00 JavaThread "Sweeper thread" daemon [_thread_blocked, id=40451, stack(0x000000016f600000,0x000000016f803000)]
  0x000000011e865c00 JavaThread "Common-Cleaner" daemon [_thread_blocked, id=39939, stack(0x000000016f80c000,0x000000016fa0f000)]
  0x000000011d1df400 JavaThread "Monitor Ctrl-Break" daemon [_thread_in_native, id=39171, stack(0x0000000178004000,0x0000000178207000)]
  0x000000011d1dfa00 JavaThread "Notification Thread" daemon [_thread_blocked, id=24579, stack(0x0000000178210000,0x0000000178413000)]
  0x000000011d82c800 JavaThread "QuantumRenderer-0" daemon [_thread_blocked, id=25347, stack(0x0000000178628000,0x000000017882b000)]
=>0x000000011ea43400 JavaThread "InvokeLaterDispatcher" daemon [_thread_in_native, id=33803, stack(0x0000000178834000,0x0000000178a37000)]
  0x000000011d840600 JavaThread "JavaFX Application Thread" [_thread_in_vm, id=259, stack(0x000000016cfb8000,0x000000016d7b4000)]
  0x000000010d808200 JavaThread "JavaFX-Launcher" [_thread_blocked, id=75271, stack(0x0000000178a40000,0x0000000178c43000)]
  0x000000011d87c000 JavaThread "PulseTimer-CVDisplayLink thread" daemon [_thread_in_native, id=78339, stack(0x000000016febc000,0x000000016ff3f000)]
  0x000000011d8b4800 JavaThread "Prism Font Disposer" daemon [_thread_blocked, id=59147, stack(0x000000017e864000,0x000000017ea67000)]
  0x000000011ea8ea00 JavaThread "Cleaner-0" daemon [_thread_blocked, id=63759, stack(0x000000017f6ec000,0x000000017f8ef000)]
  0x000000011d282000 JavaThread "Attach Listener" daemon [_thread_blocked, id=23559, stack(0x000000016fa18000,0x000000016fc1b000)]

Other Threads:
  0x000000011cf08570 VMThread "VM Thread" [stack: 0x000000016e488000,0x000000016e68b000] [id=17155]
  0x000000011e00c1e0 WatcherThread [stack: 0x000000017841c000,0x000000017861f000] [id=25091]
  0x000000011ce07960 GCTaskThread "GC Thread#0" [stack: 0x000000016da4c000,0x000000016dc4f000] [id=13315]
  0x000000011ce251a0 GCTaskThread "GC Thread#1" [stack: 0x000000016fc24000,0x000000016fe27000] [id=23815]
  0x000000011ce25450 GCTaskThread "GC Thread#2" [stack: 0x0000000178c4c000,0x0000000178e4f000] [id=71683]
  0x000000011ce25700 GCTaskThread "GC Thread#3" [stack: 0x0000000178e58000,0x000000017905b000] [id=57091]
  0x000000011ce25b80 GCTaskThread "GC Thread#4" [stack: 0x0000000179064000,0x0000000179267000] [id=57603]
  0x000000011ce26000 GCTaskThread "GC Thread#5" [stack: 0x0000000179270000,0x0000000179473000] [id=57859]
  0x000000011cf059f0 ConcurrentGCThread "G1 Main Marker" [stack: 0x000000016dc58000,0x000000016de5b000] [id=13827]
  0x000000011ce07de0 ConcurrentGCThread "G1 Conc#0" [stack: 0x000000016de64000,0x000000016e067000] [id=20227]
  0x000000011ce09c50 ConcurrentGCThread "G1 Refine#0" [stack: 0x000000016e070000,0x000000016e273000] [id=14595]
  0x000000010cf04950 ConcurrentGCThread "G1 Service" [stack: 0x000000016e27c000,0x000000016e47f000] [id=15107]

Threads with active compile tasks:

VM state: not at safepoint (normal execution)

VM Mutex/Monitor currently owned by a thread: None

Heap address: 0x0000000700000000, size: 4096 MB, Compressed Oops mode: Zero based, Oop shift amount: 3

CDS archive(s) mapped at: [0x0000000800000000-0x0000000800bd4000-0x0000000800bd4000), size 12402688, SharedBaseAddress: 0x0000000800000000, ArchiveRelocationMode: 0.
Compressed class space mapped at: 0x0000000800c00000-0x0000000840c00000, reserved size: 1073741824
Narrow klass base: 0x0000000800000000, Narrow klass shift: 0, Narrow klass range: 0x100000000

GC Precious Log:
 CPUs: 8 total, 8 available
 Memory: 16384M
 Large Page Support: Disabled
 NUMA Support: Disabled
 Compressed Oops: Enabled (Zero based)
 Heap Region Size: 2M
 Heap Min Capacity: 8M
 Heap Initial Capacity: 256M
 Heap Max Capacity: 4G
 Pre-touch: Disabled
 Parallel Workers: 8
 Concurrent Workers: 2
 Concurrent Refinement Workers: 8
 Periodic GC: Disabled

Heap:
 garbage-first heap   total 266240K, used 37962K [0x0000000700000000, 0x0000000800000000)
  region size 2048K, 18 young (36864K), 2 survivors (4096K)
 Metaspace       used 14418K, committed 14656K, reserved 1064960K
  class space    used 2113K, committed 2240K, reserved 1048576K

Heap Regions: E=young(eden), S=young(survivor), O=old, HS=humongous(starts), HC=humongous(continues), CS=collection set, F=free, OA=open archive, CA=closed archive, TAMS=top-at-mark-start (previous, next)
|   0|0x0000000700000000, 0x0000000700200000, 0x0000000700200000|100%|HS|  |TAMS 0x0000000700000000, 0x0000000700000000| Complete 
|   1|0x0000000700200000, 0x0000000700200000, 0x0000000700400000|  0%| F|  |TAMS 0x0000000700200000, 0x0000000700200000| Untracked 
|   2|0x0000000700400000, 0x0000000700400000, 0x0000000700600000|  0%| F|  |TAMS 0x0000000700400000, 0x0000000700400000| Untracked 
|   3|0x0000000700600000, 0x0000000700600000, 0x0000000700800000|  0%| F|  |TAMS 0x0000000700600000, 0x0000000700600000| Untracked 
|   4|0x0000000700800000, 0x0000000700800000, 0x0000000700a00000|  0%| F|  |TAMS 0x0000000700800000, 0x0000000700800000| Untracked 
|   5|0x0000000700a00000, 0x0000000700a00000, 0x0000000700c00000|  0%| F|  |TAMS 0x0000000700a00000, 0x0000000700a00000| Untracked 
|   6|0x0000000700c00000, 0x0000000700c00000, 0x0000000700e00000|  0%| F|  |TAMS 0x0000000700c00000, 0x0000000700c00000| Untracked 
|   7|0x0000000700e00000, 0x0000000700e00000, 0x0000000701000000|  0%| F|  |TAMS 0x0000000700e00000, 0x0000000700e00000| Untracked 
|   8|0x0000000701000000, 0x0000000701000000, 0x0000000701200000|  0%| F|  |TAMS 0x0000000701000000, 0x0000000701000000| Untracked 
|   9|0x0000000701200000, 0x0000000701200000, 0x0000000701400000|  0%| F|  |TAMS 0x0000000701200000, 0x0000000701200000| Untracked 
|  10|0x0000000701400000, 0x0000000701400000, 0x0000000701600000|  0%| F|  |TAMS 0x0000000701400000, 0x0000000701400000| Untracked 
|  11|0x0000000701600000, 0x0000000701600000, 0x0000000701800000|  0%| F|  |TAMS 0x0000000701600000, 0x0000000701600000| Untracked 
|  12|0x0000000701800000, 0x0000000701800000, 0x0000000701a00000|  0%| F|  |TAMS 0x0000000701800000, 0x0000000701800000| Untracked 
|  13|0x0000000701a00000, 0x0000000701a00000, 0x0000000701c00000|  0%| F|  |TAMS 0x0000000701a00000, 0x0000000701a00000| Untracked 
|  14|0x0000000701c00000, 0x0000000701c00000, 0x0000000701e00000|  0%| F|  |TAMS 0x0000000701c00000, 0x0000000701c00000| Untracked 
|  15|0x0000000701e00000, 0x0000000701e00000, 0x0000000702000000|  0%| F|  |TAMS 0x0000000701e00000, 0x0000000701e00000| Untracked 
|  16|0x0000000702000000, 0x0000000702000000, 0x0000000702200000|  0%| F|  |TAMS 0x0000000702000000, 0x0000000702000000| Untracked 
|  17|0x0000000702200000, 0x0000000702200000, 0x0000000702400000|  0%| F|  |TAMS 0x0000000702200000, 0x0000000702200000| Untracked 
|  18|0x0000000702400000, 0x0000000702400000, 0x0000000702600000|  0%| F|  |TAMS 0x0000000702400000, 0x0000000702400000| Untracked 
|  19|0x0000000702600000, 0x0000000702600000, 0x0000000702800000|  0%| F|  |TAMS 0x0000000702600000, 0x0000000702600000| Untracked 
|  20|0x0000000702800000, 0x0000000702800000, 0x0000000702a00000|  0%| F|  |TAMS 0x0000000702800000, 0x0000000702800000| Untracked 
|  21|0x0000000702a00000, 0x0000000702a00000, 0x0000000702c00000|  0%| F|  |TAMS 0x0000000702a00000, 0x0000000702a00000| Untracked 
|  22|0x0000000702c00000, 0x0000000702c00000, 0x0000000702e00000|  0%| F|  |TAMS 0x0000000702c00000, 0x0000000702c00000| Untracked 
|  23|0x0000000702e00000, 0x0000000702e00000, 0x0000000703000000|  0%| F|  |TAMS 0x0000000702e00000, 0x0000000702e00000| Untracked 
|  24|0x0000000703000000, 0x0000000703000000, 0x0000000703200000|  0%| F|  |TAMS 0x0000000703000000, 0x0000000703000000| Untracked 
|  25|0x0000000703200000, 0x0000000703200000, 0x0000000703400000|  0%| F|  |TAMS 0x0000000703200000, 0x0000000703200000| Untracked 
|  26|0x0000000703400000, 0x0000000703400000, 0x0000000703600000|  0%| F|  |TAMS 0x0000000703400000, 0x0000000703400000| Untracked 
|  27|0x0000000703600000, 0x0000000703600000, 0x0000000703800000|  0%| F|  |TAMS 0x0000000703600000, 0x0000000703600000| Untracked 
|  28|0x0000000703800000, 0x0000000703800000, 0x0000000703a00000|  0%| F|  |TAMS 0x0000000703800000, 0x0000000703800000| Untracked 
|  29|0x0000000703a00000, 0x0000000703a00000, 0x0000000703c00000|  0%| F|  |TAMS 0x0000000703a00000, 0x0000000703a00000| Untracked 
|  30|0x0000000703c00000, 0x0000000703c00000, 0x0000000703e00000|  0%| F|  |TAMS 0x0000000703c00000, 0x0000000703c00000| Untracked 
|  31|0x0000000703e00000, 0x0000000703e00000, 0x0000000704000000|  0%| F|  |TAMS 0x0000000703e00000, 0x0000000703e00000| Untracked 
|  32|0x0000000704000000, 0x0000000704000000, 0x0000000704200000|  0%| F|  |TAMS 0x0000000704000000, 0x0000000704000000| Untracked 
|  33|0x0000000704200000, 0x0000000704200000, 0x0000000704400000|  0%| F|  |TAMS 0x0000000704200000, 0x0000000704200000| Untracked 
|  34|0x0000000704400000, 0x0000000704400000, 0x0000000704600000|  0%| F|  |TAMS 0x0000000704400000, 0x0000000704400000| Untracked 
|  35|0x0000000704600000, 0x0000000704600000, 0x0000000704800000|  0%| F|  |TAMS 0x0000000704600000, 0x0000000704600000| Untracked 
|  36|0x0000000704800000, 0x0000000704800000, 0x0000000704a00000|  0%| F|  |TAMS 0x0000000704800000, 0x0000000704800000| Untracked 
|  37|0x0000000704a00000, 0x0000000704a00000, 0x0000000704c00000|  0%| F|  |TAMS 0x0000000704a00000, 0x0000000704a00000| Untracked 
|  38|0x0000000704c00000, 0x0000000704c00000, 0x0000000704e00000|  0%| F|  |TAMS 0x0000000704c00000, 0x0000000704c00000| Untracked 
|  39|0x0000000704e00000, 0x0000000704e00000, 0x0000000705000000|  0%| F|  |TAMS 0x0000000704e00000, 0x0000000704e00000| Untracked 
|  40|0x0000000705000000, 0x0000000705000000, 0x0000000705200000|  0%| F|  |TAMS 0x0000000705000000, 0x0000000705000000| Untracked 
|  41|0x0000000705200000, 0x0000000705200000, 0x0000000705400000|  0%| F|  |TAMS 0x0000000705200000, 0x0000000705200000| Untracked 
|  42|0x0000000705400000, 0x0000000705400000, 0x0000000705600000|  0%| F|  |TAMS 0x0000000705400000, 0x0000000705400000| Untracked 
|  43|0x0000000705600000, 0x0000000705600000, 0x0000000705800000|  0%| F|  |TAMS 0x0000000705600000, 0x0000000705600000| Untracked 
|  44|0x0000000705800000, 0x0000000705800000, 0x0000000705a00000|  0%| F|  |TAMS 0x0000000705800000, 0x0000000705800000| Untracked 
|  45|0x0000000705a00000, 0x0000000705a00000, 0x0000000705c00000|  0%| F|  |TAMS 0x0000000705a00000, 0x0000000705a00000| Untracked 
|  46|0x0000000705c00000, 0x0000000705c00000, 0x0000000705e00000|  0%| F|  |TAMS 0x0000000705c00000, 0x0000000705c00000| Untracked 
|  47|0x0000000705e00000, 0x0000000705e00000, 0x0000000706000000|  0%| F|  |TAMS 0x0000000705e00000, 0x0000000705e00000| Untracked 
|  48|0x0000000706000000, 0x0000000706000000, 0x0000000706200000|  0%| F|  |TAMS 0x0000000706000000, 0x0000000706000000| Untracked 
|  49|0x0000000706200000, 0x0000000706200000, 0x0000000706400000|  0%| F|  |TAMS 0x0000000706200000, 0x0000000706200000| Untracked 
|  50|0x0000000706400000, 0x0000000706400000, 0x0000000706600000|  0%| F|  |TAMS 0x0000000706400000, 0x0000000706400000| Untracked 
|  51|0x0000000706600000, 0x0000000706600000, 0x0000000706800000|  0%| F|  |TAMS 0x0000000706600000, 0x0000000706600000| Untracked 
|  52|0x0000000706800000, 0x0000000706800000, 0x0000000706a00000|  0%| F|  |TAMS 0x0000000706800000, 0x0000000706800000| Untracked 
|  53|0x0000000706a00000, 0x0000000706a00000, 0x0000000706c00000|  0%| F|  |TAMS 0x0000000706a00000, 0x0000000706a00000| Untracked 
|  54|0x0000000706c00000, 0x0000000706c00000, 0x0000000706e00000|  0%| F|  |TAMS 0x0000000706c00000, 0x0000000706c00000| Untracked 
|  55|0x0000000706e00000, 0x0000000706e00000, 0x0000000707000000|  0%| F|  |TAMS 0x0000000706e00000, 0x0000000706e00000| Untracked 
|  56|0x0000000707000000, 0x0000000707000000, 0x0000000707200000|  0%| F|  |TAMS 0x0000000707000000, 0x0000000707000000| Untracked 
|  57|0x0000000707200000, 0x0000000707200000, 0x0000000707400000|  0%| F|  |TAMS 0x0000000707200000, 0x0000000707200000| Untracked 
|  58|0x0000000707400000, 0x0000000707400000, 0x0000000707600000|  0%| F|  |TAMS 0x0000000707400000, 0x0000000707400000| Untracked 
|  59|0x0000000707600000, 0x0000000707600000, 0x0000000707800000|  0%| F|  |TAMS 0x0000000707600000, 0x0000000707600000| Untracked 
|  60|0x0000000707800000, 0x0000000707800000, 0x0000000707a00000|  0%| F|  |TAMS 0x0000000707800000, 0x0000000707800000| Untracked 
|  61|0x0000000707a00000, 0x0000000707a00000, 0x0000000707c00000|  0%| F|  |TAMS 0x0000000707a00000, 0x0000000707a00000| Untracked 
|  62|0x0000000707c00000, 0x0000000707c00000, 0x0000000707e00000|  0%| F|  |TAMS 0x0000000707c00000, 0x0000000707c00000| Untracked 
|  63|0x0000000707e00000, 0x0000000707e00000, 0x0000000708000000|  0%| F|  |TAMS 0x0000000707e00000, 0x0000000707e00000| Untracked 
|  64|0x0000000708000000, 0x0000000708000000, 0x0000000708200000|  0%| F|  |TAMS 0x0000000708000000, 0x0000000708000000| Untracked 
|  65|0x0000000708200000, 0x0000000708200000, 0x0000000708400000|  0%| F|  |TAMS 0x0000000708200000, 0x0000000708200000| Untracked 
|  66|0x0000000708400000, 0x0000000708400000, 0x0000000708600000|  0%| F|  |TAMS 0x0000000708400000, 0x0000000708400000| Untracked 
|  67|0x0000000708600000, 0x0000000708600000, 0x0000000708800000|  0%| F|  |TAMS 0x0000000708600000, 0x0000000708600000| Untracked 
|  68|0x0000000708800000, 0x0000000708800000, 0x0000000708a00000|  0%| F|  |TAMS 0x0000000708800000, 0x0000000708800000| Untracked 
|  69|0x0000000708a00000, 0x0000000708a00000, 0x0000000708c00000|  0%| F|  |TAMS 0x0000000708a00000, 0x0000000708a00000| Untracked 
|  70|0x0000000708c00000, 0x0000000708c00000, 0x0000000708e00000|  0%| F|  |TAMS 0x0000000708c00000, 0x0000000708c00000| Untracked 
|  71|0x0000000708e00000, 0x0000000708e00000, 0x0000000709000000|  0%| F|  |TAMS 0x0000000708e00000, 0x0000000708e00000| Untracked 
|  72|0x0000000709000000, 0x0000000709000000, 0x0000000709200000|  0%| F|  |TAMS 0x0000000709000000, 0x0000000709000000| Untracked 
|  73|0x0000000709200000, 0x0000000709200000, 0x0000000709400000|  0%| F|  |TAMS 0x0000000709200000, 0x0000000709200000| Untracked 
|  74|0x0000000709400000, 0x0000000709400000, 0x0000000709600000|  0%| F|  |TAMS 0x0000000709400000, 0x0000000709400000| Untracked 
|  75|0x0000000709600000, 0x0000000709600000, 0x0000000709800000|  0%| F|  |TAMS 0x0000000709600000, 0x0000000709600000| Untracked 
|  76|0x0000000709800000, 0x0000000709800000, 0x0000000709a00000|  0%| F|  |TAMS 0x0000000709800000, 0x0000000709800000| Untracked 
|  77|0x0000000709a00000, 0x0000000709a00000, 0x0000000709c00000|  0%| F|  |TAMS 0x0000000709a00000, 0x0000000709a00000| Untracked 
|  78|0x0000000709c00000, 0x0000000709c00000, 0x0000000709e00000|  0%| F|  |TAMS 0x0000000709c00000, 0x0000000709c00000| Untracked 
|  79|0x0000000709e00000, 0x0000000709e00000, 0x000000070a000000|  0%| F|  |TAMS 0x0000000709e00000, 0x0000000709e00000| Untracked 
|  80|0x000000070a000000, 0x000000070a000000, 0x000000070a200000|  0%| F|  |TAMS 0x000000070a000000, 0x000000070a000000| Untracked 
|  81|0x000000070a200000, 0x000000070a200000, 0x000000070a400000|  0%| F|  |TAMS 0x000000070a200000, 0x000000070a200000| Untracked 
|  82|0x000000070a400000, 0x000000070a400000, 0x000000070a600000|  0%| F|  |TAMS 0x000000070a400000, 0x000000070a400000| Untracked 
|  83|0x000000070a600000, 0x000000070a600000, 0x000000070a800000|  0%| F|  |TAMS 0x000000070a600000, 0x000000070a600000| Untracked 
|  84|0x000000070a800000, 0x000000070a800000, 0x000000070aa00000|  0%| F|  |TAMS 0x000000070a800000, 0x000000070a800000| Untracked 
|  85|0x000000070aa00000, 0x000000070aa00000, 0x000000070ac00000|  0%| F|  |TAMS 0x000000070aa00000, 0x000000070aa00000| Untracked 
|  86|0x000000070ac00000, 0x000000070ac00000, 0x000000070ae00000|  0%| F|  |TAMS 0x000000070ac00000, 0x000000070ac00000| Untracked 
|  87|0x000000070ae00000, 0x000000070ae00000, 0x000000070b000000|  0%| F|  |TAMS 0x000000070ae00000, 0x000000070ae00000| Untracked 
|  88|0x000000070b000000, 0x000000070b000000, 0x000000070b200000|  0%| F|  |TAMS 0x000000070b000000, 0x000000070b000000| Untracked 
|  89|0x000000070b200000, 0x000000070b200000, 0x000000070b400000|  0%| F|  |TAMS 0x000000070b200000, 0x000000070b200000| Untracked 
|  90|0x000000070b400000, 0x000000070b400000, 0x000000070b600000|  0%| F|  |TAMS 0x000000070b400000, 0x000000070b400000| Untracked 
|  91|0x000000070b600000, 0x000000070b600000, 0x000000070b800000|  0%| F|  |TAMS 0x000000070b600000, 0x000000070b600000| Untracked 
|  92|0x000000070b800000, 0x000000070b800000, 0x000000070ba00000|  0%| F|  |TAMS 0x000000070b800000, 0x000000070b800000| Untracked 
|  93|0x000000070ba00000, 0x000000070ba00000, 0x000000070bc00000|  0%| F|  |TAMS 0x000000070ba00000, 0x000000070ba00000| Untracked 
|  94|0x000000070bc00000, 0x000000070bc00000, 0x000000070be00000|  0%| F|  |TAMS 0x000000070bc00000, 0x000000070bc00000| Untracked 
|  95|0x000000070be00000, 0x000000070be00000, 0x000000070c000000|  0%| F|  |TAMS 0x000000070be00000, 0x000000070be00000| Untracked 
|  96|0x000000070c000000, 0x000000070c000000, 0x000000070c200000|  0%| F|  |TAMS 0x000000070c000000, 0x000000070c000000| Untracked 
|  97|0x000000070c200000, 0x000000070c200000, 0x000000070c400000|  0%| F|  |TAMS 0x000000070c200000, 0x000000070c200000| Untracked 
|  98|0x000000070c400000, 0x000000070c400000, 0x000000070c600000|  0%| F|  |TAMS 0x000000070c400000, 0x000000070c400000| Untracked 
|  99|0x000000070c600000, 0x000000070c600000, 0x000000070c800000|  0%| F|  |TAMS 0x000000070c600000, 0x000000070c600000| Untracked 
| 100|0x000000070c800000, 0x000000070c800000, 0x000000070ca00000|  0%| F|  |TAMS 0x000000070c800000, 0x000000070c800000| Untracked 
| 101|0x000000070ca00000, 0x000000070ca00000, 0x000000070cc00000|  0%| F|  |TAMS 0x000000070ca00000, 0x000000070ca00000| Untracked 
| 102|0x000000070cc00000, 0x000000070cc00000, 0x000000070ce00000|  0%| F|  |TAMS 0x000000070cc00000, 0x000000070cc00000| Untracked 
| 103|0x000000070ce00000, 0x000000070ce00000, 0x000000070d000000|  0%| F|  |TAMS 0x000000070ce00000, 0x000000070ce00000| Untracked 
| 104|0x000000070d000000, 0x000000070d000000, 0x000000070d200000|  0%| F|  |TAMS 0x000000070d000000, 0x000000070d000000| Untracked 
| 105|0x000000070d200000, 0x000000070d200000, 0x000000070d400000|  0%| F|  |TAMS 0x000000070d200000, 0x000000070d200000| Untracked 
| 106|0x000000070d400000, 0x000000070d400000, 0x000000070d600000|  0%| F|  |TAMS 0x000000070d400000, 0x000000070d400000| Untracked 
| 107|0x000000070d600000, 0x000000070d600000, 0x000000070d800000|  0%| F|  |TAMS 0x000000070d600000, 0x000000070d600000| Untracked 
| 108|0x000000070d800000, 0x000000070d800000, 0x000000070da00000|  0%| F|  |TAMS 0x000000070d800000, 0x000000070d800000| Untracked 
| 109|0x000000070da00000, 0x000000070da00000, 0x000000070dc00000|  0%| F|  |TAMS 0x000000070da00000, 0x000000070da00000| Untracked 
| 110|0x000000070dc00000, 0x000000070dda6860, 0x000000070de00000| 82%| E|  |TAMS 0x000000070dc00000, 0x000000070dc00000| Complete 
| 111|0x000000070de00000, 0x000000070e000000, 0x000000070e000000|100%| E|CS|TAMS 0x000000070de00000, 0x000000070de00000| Complete 
| 112|0x000000070e000000, 0x000000070e200000, 0x000000070e200000|100%| E|CS|TAMS 0x000000070e000000, 0x000000070e000000| Complete 
| 113|0x000000070e200000, 0x000000070e400000, 0x000000070e400000|100%| E|CS|TAMS 0x000000070e200000, 0x000000070e200000| Complete 
| 114|0x000000070e400000, 0x000000070e600000, 0x000000070e600000|100%| E|CS|TAMS 0x000000070e400000, 0x000000070e400000| Complete 
| 115|0x000000070e600000, 0x000000070e71aa78, 0x000000070e800000| 55%| S|CS|TAMS 0x000000070e600000, 0x000000070e600000| Complete 
| 116|0x000000070e800000, 0x000000070ea00000, 0x000000070ea00000|100%| S|CS|TAMS 0x000000070e800000, 0x000000070e800000| Complete 
| 117|0x000000070ea00000, 0x000000070ec00000, 0x000000070ec00000|100%| E|CS|TAMS 0x000000070ea00000, 0x000000070ea00000| Complete 
| 118|0x000000070ec00000, 0x000000070ee00000, 0x000000070ee00000|100%| E|CS|TAMS 0x000000070ec00000, 0x000000070ec00000| Complete 
| 119|0x000000070ee00000, 0x000000070f000000, 0x000000070f000000|100%| E|CS|TAMS 0x000000070ee00000, 0x000000070ee00000| Complete 
| 120|0x000000070f000000, 0x000000070f200000, 0x000000070f200000|100%| E|CS|TAMS 0x000000070f000000, 0x000000070f000000| Complete 
| 121|0x000000070f200000, 0x000000070f400000, 0x000000070f400000|100%| E|CS|TAMS 0x000000070f200000, 0x000000070f200000| Complete 
| 122|0x000000070f400000, 0x000000070f600000, 0x000000070f600000|100%| E|CS|TAMS 0x000000070f400000, 0x000000070f400000| Complete 
| 123|0x000000070f600000, 0x000000070f800000, 0x000000070f800000|100%| E|CS|TAMS 0x000000070f600000, 0x000000070f600000| Complete 
| 124|0x000000070f800000, 0x000000070fa00000, 0x000000070fa00000|100%| E|CS|TAMS 0x000000070f800000, 0x000000070f800000| Complete 
| 125|0x000000070fa00000, 0x000000070fc00000, 0x000000070fc00000|100%| E|CS|TAMS 0x000000070fa00000, 0x000000070fa00000| Complete 
| 126|0x000000070fc00000, 0x000000070fe00000, 0x000000070fe00000|100%| E|CS|TAMS 0x000000070fc00000, 0x000000070fc00000| Complete 
| 127|0x000000070fe00000, 0x0000000710000000, 0x0000000710000000|100%| E|CS|TAMS 0x000000070fe00000, 0x000000070fe00000| Complete 
|2046|0x00000007ffc00000, 0x00000007ffd78000, 0x00000007ffe00000| 73%|OA|  |TAMS 0x00000007ffc00000, 0x00000007ffc00000| Untracked 
|2047|0x00000007ffe00000, 0x00000007ffe80000, 0x0000000800000000| 25%|CA|  |TAMS 0x00000007ffe00000, 0x00000007ffe00000| Untracked 

Card table byte_map: [0x000000010beac000,0x000000010c6ac000] _byte_map_base: 0x00000001086ac000

Marking Bits (Prev, Next): (CMBitMap*) 0x000000011d808810, (CMBitMap*) 0x000000011d808850
 Prev Bits: [0x0000000118000000, 0x000000011c000000)
 Next Bits: [0x0000000140000000, 0x0000000144000000)

Polling page: 0x00000001026d0000

Metaspace:

Usage:
  Non-class:     12.02 MB used.
      Class:      2.06 MB used.
       Both:     14.08 MB used.

Virtual space:
  Non-class space:       16.00 MB reserved,      12.12 MB ( 76%) committed,  2 nodes.
      Class space:        1.00 GB reserved,       2.19 MB ( <1%) committed,  1 nodes.
             Both:        1.02 GB reserved,      14.31 MB (  1%) committed. 

Chunk freelists:
   Non-Class:  2.94 MB
       Class:  1.83 MB
        Both:  4.77 MB

MaxMetaspaceSize: unlimited
CompressedClassSpaceSize: 1.00 GB
Initial GC threshold: 21.00 MB
Current GC threshold: 21.00 MB
CDS: on
MetaspaceReclaimPolicy: balanced
 - commit_granule_bytes: 65536.
 - commit_granule_words: 8192.
 - virtual_space_node_default_size: 1048576.
 - enlarge_chunks_in_place: 1.
 - new_chunks_are_fully_committed: 0.
 - uncommit_free_chunks: 1.
 - use_allocation_guard: 0.
 - handle_deallocations: 1.


Internal statistics:

num_allocs_failed_limit: 0.
num_arena_births: 190.
num_arena_deaths: 0.
num_vsnodes_births: 3.
num_vsnodes_deaths: 0.
num_space_committed: 229.
num_space_uncommitted: 0.
num_chunks_returned_to_freelist: 0.
num_chunks_taken_from_freelist: 632.
num_chunk_merges: 0.
num_chunk_splits: 441.
num_chunks_enlarged: 348.
num_purges: 0.
num_inconsistent_stats: 0.

CodeHeap 'non-profiled nmethods': size=120032Kb used=678Kb max_used=678Kb free=119353Kb
 bounds [0x000000012fac8000, 0x000000012fd38000, 0x0000000137000000]
CodeHeap 'profiled nmethods': size=120016Kb used=3571Kb max_used=3571Kb free=116444Kb
 bounds [0x0000000128594000, 0x0000000128914000, 0x000000012fac8000]
CodeHeap 'non-nmethods': size=5712Kb used=1373Kb max_used=1401Kb free=4338Kb
 bounds [0x0000000128000000, 0x0000000128270000, 0x0000000128594000]
 total_blobs=2700 nmethods=1940 adapters=677
 compilation: enabled
              stopped_count=0, restarted_count=0
 full_count=0

Compilation events (20 events):
Event: 1.953 Thread 0x000000011e817600 nmethod 1988 0x000000012fb71290 code [0x000000012fb71400, 0x000000012fb714e8]
Event: 1.953 Thread 0x000000011e817600 1989       1       com.sun.prism.impl.GlyphCache$GlyphData::getOriginX (5 bytes)
Event: 1.953 Thread 0x000000011e817600 nmethod 1989 0x000000012fb71590 code [0x000000012fb71700, 0x000000012fb717e8]
Event: 1.953 Thread 0x000000011e817600 1990       1       com.sun.prism.impl.GlyphCache$GlyphData::getOriginY (5 bytes)
Event: 1.953 Thread 0x000000011e817600 nmethod 1990 0x000000012fb71890 code [0x000000012fb71a00, 0x000000012fb71ae8]
Event: 1.953 Thread 0x000000011e817600 1991       3       java.util.concurrent.locks.AbstractQueuedSynchronizer$ConditionNode::isReleasable (23 bytes)
Event: 1.953 Thread 0x000000011e817600 nmethod 1991 0x000000012890d490 code [0x000000012890d640, 0x000000012890d8e8]
Event: 2.016 Thread 0x000000011e817600 1992       3       javafx.scene.Scene$TargetWrapper::getEventTarget (19 bytes)
Event: 2.017 Thread 0x000000011e817600 nmethod 1992 0x000000012890d990 code [0x000000012890db40, 0x000000012890dce8]
Event: 2.032 Thread 0x000000011e817600 1993       3       com.sun.javafx.geom.transform.Identity::inverseTransform (20 bytes)
Event: 2.033 Thread 0x000000011e817600 nmethod 1993 0x000000012890dd90 code [0x000000012890df80, 0x000000012890e3a8]
Event: 2.033 Thread 0x000000011e817600 1994       3       javafx.event.Event::<init> (36 bytes)
Event: 2.033 Thread 0x000000011e817600 nmethod 1994 0x000000012890e590 code [0x000000012890e780, 0x000000012890ec58]
Event: 2.033 Thread 0x000000011e817600 1995       3       java.util.EventObject::<init> (24 bytes)
Event: 2.034 Thread 0x000000011e817600 nmethod 1995 0x000000012890ee10 code [0x000000012890efc0, 0x000000012890f298]
Event: 2.049 Thread 0x000000011e817600 1996       3       javafx.scene.input.MouseEvent::<init> (45 bytes)
Event: 2.050 Thread 0x000000011e817600 nmethod 1996 0x000000012890f390 code [0x000000012890f540, 0x000000012890f798]
Event: 2.050 Thread 0x000000011e817600 1997       3       javafx.scene.input.MouseEvent::<init> (208 bytes)
Event: 2.051 Thread 0x000000011e817600 nmethod 1997 0x000000012890f910 code [0x000000012890fb40, 0x00000001289102b8]
Event: 2.112 Thread 0x000000011e817600 1998       3       java.util.concurrent.locks.ReentrantLock$NonfairSync::initialTryLock (58 bytes)

GC Heap History (2 events):
Event: 0.334 GC heap before
{Heap before GC invocations=0 (full 0):
 garbage-first heap   total 266240K, used 24544K [0x0000000700000000, 0x0000000800000000)
  region size 2048K, 11 young (22528K), 0 survivors (0K)
 Metaspace       used 7261K, committed 7424K, reserved 1056768K
  class space    used 930K, committed 1024K, reserved 1048576K
}
Event: 0.337 GC heap after
{Heap after GC invocations=1 (full 0):
 garbage-first heap   total 266240K, used 5194K [0x0000000700000000, 0x0000000800000000)
  region size 2048K, 2 young (4096K), 2 survivors (4096K)
 Metaspace       used 7261K, committed 7424K, reserved 1056768K
  class space    used 930K, committed 1024K, reserved 1048576K
}

Deoptimization events (20 events):
Event: 0.609 Thread 0x000000011d840600 DEOPT PACKING pc=0x000000012fb12484 sp=0x000000016d7ad680
Event: 0.609 Thread 0x000000011d840600 DEOPT UNPACKING pc=0x000000012803ed1c sp=0x000000016d7ad590 mode 2
Event: 0.641 Thread 0x000000011d840600 Uncommon trap: trap_request=0xffffff45 fr.pc=0x000000012fb1695c relative=0x000000000000019c
Event: 0.641 Thread 0x000000011d840600 Uncommon trap: reason=unstable_if action=reinterpret pc=0x000000012fb1695c method=java.io.ByteArrayInputStream.read()I @ 8 c2
Event: 0.641 Thread 0x000000011d840600 DEOPT PACKING pc=0x000000012fb1695c sp=0x000000016d7aceb0
Event: 0.641 Thread 0x000000011d840600 DEOPT UNPACKING pc=0x000000012803ed1c sp=0x000000016d7ace30 mode 2
Event: 0.747 Thread 0x000000011d82c800 DEOPT PACKING pc=0x00000001288a3bcc sp=0x00000001788291a0
Event: 0.747 Thread 0x000000011d82c800 DEOPT UNPACKING pc=0x000000012803eb7c sp=0x0000000178828e00 mode 0
Event: 0.750 Thread 0x000000011d82c800 DEOPT PACKING pc=0x00000001288a3bf4 sp=0x00000001788291a0
Event: 0.750 Thread 0x000000011d82c800 DEOPT UNPACKING pc=0x000000012803eb7c sp=0x0000000178828e00 mode 0
Event: 0.751 Thread 0x000000011d82c800 DEOPT PACKING pc=0x00000001288a3bf4 sp=0x00000001788291a0
Event: 0.751 Thread 0x000000011d82c800 DEOPT UNPACKING pc=0x000000012803eb7c sp=0x0000000178828e00 mode 0
Event: 0.751 Thread 0x000000011d82c800 DEOPT PACKING pc=0x00000001288a3bf4 sp=0x00000001788291a0
Event: 0.751 Thread 0x000000011d82c800 DEOPT UNPACKING pc=0x000000012803eb7c sp=0x0000000178828e00 mode 0
Event: 0.753 Thread 0x000000011d82c800 DEOPT PACKING pc=0x00000001288a3bf4 sp=0x00000001788291a0
Event: 0.753 Thread 0x000000011d82c800 DEOPT UNPACKING pc=0x000000012803eb7c sp=0x0000000178828e00 mode 0
Event: 1.149 Thread 0x000000011d282000 Uncommon trap: trap_request=0xffffff45 fr.pc=0x000000012fb12518 relative=0x0000000000000e58
Event: 1.149 Thread 0x000000011d282000 Uncommon trap: reason=unstable_if action=reinterpret pc=0x000000012fb12518 method=java.util.concurrent.ConcurrentHashMap.putVal(Ljava/lang/Object;Ljava/lang/Object;Z)Ljava/lang/Object; @ 148 c2
Event: 1.149 Thread 0x000000011d282000 DEOPT PACKING pc=0x000000012fb12518 sp=0x000000016fc198c0
Event: 1.149 Thread 0x000000011d282000 DEOPT UNPACKING pc=0x000000012803ed1c sp=0x000000016fc197d0 mode 2

Classes unloaded (0 events):
No events

Classes redefined (0 events):
No events

Internal exceptions (20 events):
Event: 0.334 Thread 0x000000011d840600 Exception <a 'java/lang/NoSuchMethodError'{0x000000070ebf5558}: 'java.lang.Object java.lang.invoke.DirectMethodHandle$Holder.invokeStatic(java.lang.Object, int, java.lang.Object)'> (0x000000070ebf5558) 
thrown [open/src/hotspot/share/interpreter/linkResolver.cpp, line 766]
Event: 0.338 Thread 0x000000011d840600 Exception <a 'java/lang/ClassNotFoundException'{0x000000070fe09770}: sun/util/logging/resources/spi/loggingProvider> (0x000000070fe09770) 
thrown [open/src/hotspot/share/classfile/systemDictionary.cpp, line 256]
Event: 0.349 Thread 0x000000011d840600 Exception <a 'java/lang/NoSuchMethodError'{0x000000070ff794f8}: 'java.lang.Object java.lang.invoke.DirectMethodHandle$Holder.invokeSpecial(java.lang.Object, java.lang.Object, java.lang.Object, int, java.lang.Object)'> (0x000000070ff794f8) 
thrown [open/src/hotspot/share/interpreter/linkResolver.cpp, line 766]
Event: 0.390 Thread 0x000000011d840600 Exception <a 'java/lang/NoSuchMethodError'{0x000000070f9c45d0}: 'void java.lang.invoke.DirectMethodHandle$Holder.invokeStaticInit(java.lang.Object, java.lang.Object)'> (0x000000070f9c45d0) 
thrown [open/src/hotspot/share/interpreter/linkResolver.cpp, line 766]
Event: 0.394 Thread 0x000000011d840600 Exception <a 'java/lang/NoSuchMethodError'{0x000000070f646b30}: 'void java.lang.invoke.DirectMethodHandle$Holder.invokeSpecial(java.lang.Object, java.lang.Object, java.lang.Object, java.lang.Object, java.lang.Object)'> (0x000000070f646b30) 
thrown [open/src/hotspot/share/interpreter/linkResolver.cpp, line 766]
Event: 0.422 Thread 0x000000011d840600 Implicit null exception at 0x000000012fb20490 to 0x000000012fb2094c
Event: 0.422 Thread 0x000000011d840600 Implicit null exception at 0x000000012fb18c50 to 0x000000012fb190cc
Event: 0.422 Thread 0x000000011d840600 Implicit null exception at 0x000000012fadce54 to 0x000000012fadcec0
Event: 0.470 Thread 0x000000011d840600 Exception <a 'java/lang/ClassNotFoundException'{0x000000070f1a5760}: com/sun/javafx/scene/control/skin/resources/controls> (0x000000070f1a5760) 
thrown [open/src/hotspot/share/prims/jni.cpp, line 535]
Event: 0.470 Thread 0x000000011d840600 Exception <a 'java/lang/ClassNotFoundException'{0x000000070f1b3700}: com/sun/javafx/scene/control/skin/resources/controls_en> (0x000000070f1b3700) 
thrown [open/src/hotspot/share/prims/jni.cpp, line 535]
Event: 0.470 Thread 0x000000011d840600 Exception <a 'java/lang/ClassNotFoundException'{0x000000070f1b4698}: com/sun/javafx/scene/control/skin/resources/controls_en_US> (0x000000070f1b4698) 
thrown [open/src/hotspot/share/prims/jni.cpp, line 535]
Event: 0.482 Thread 0x000000011d840600 Exception <a 'java/lang/NoSuchMethodError'{0x000000070efa6c60}: 'void java.lang.invoke.DirectMethodHandle$Holder.invokeSpecial(java.lang.Object, java.lang.Object, java.lang.Object, java.lang.Object, java.lang.Object, java.lang.Object)'> (0x000000070efa6c60) 
thrown [open/src/hotspot/share/interpreter/linkResolver.cpp, line 766]
Event: 0.610 Thread 0x000000011d840600 Exception <a 'java/lang/NoSuchMethodError'{0x000000070ebbb698}: 'java.lang.Object java.lang.invoke.DirectMethodHandle$Holder.invokeInterface(java.lang.Object, java.lang.Object, java.lang.Object)'> (0x000000070ebbb698) 
thrown [open/src/hotspot/share/interpreter/linkResolver.cpp, line 766]
Event: 0.610 Thread 0x000000011d840600 Exception <a 'java/lang/IncompatibleClassChangeError'{0x000000070ebbf020}: Found class java.lang.Object, but interface was expected> (0x000000070ebbf020) 
thrown [open/src/hotspot/share/interpreter/linkResolver.cpp, line 833]
Event: 0.650 Thread 0x000000011d840600 Exception <a 'java/lang/NoSuchMethodError'{0x000000070e230610}: 'java.lang.Object java.lang.invoke.DirectMethodHandle$Holder.newInvokeSpecial(java.lang.Object, java.lang.Object, int)'> (0x000000070e230610) 
thrown [open/src/hotspot/share/interpreter/linkResolver.cpp, line 766]
Event: 0.687 Thread 0x000000011d82c800 Exception <a 'java/lang/NoSuchMethodError'{0x000000070e0301e8}: 'int java.lang.invoke.DirectMethodHandle$Holder.invokeStaticInit(java.lang.Object, java.lang.Object)'> (0x000000070e0301e8) 
thrown [open/src/hotspot/share/interpreter/linkResolver.cpp, line 766]
Event: 0.697 Thread 0x000000011d840600 Exception <a 'java/lang/NoSuchMethodError'{0x000000070e2970d8}: 'long java.lang.invoke.DirectMethodHandle$Holder.invokeStatic(java.lang.Object, java.lang.Object, java.lang.Object)'> (0x000000070e2970d8) 
thrown [open/src/hotspot/share/interpreter/linkResolver.cpp, line 766]
Event: 0.697 Thread 0x000000011d840600 Exception <a 'java/lang/NoSuchMethodError'{0x000000070e29a880}: 'long java.lang.invoke.DirectMethodHandle$Holder.invokeStaticInit(java.lang.Object, java.lang.Object, java.lang.Object)'> (0x000000070e29a880) 
thrown [open/src/hotspot/share/interpreter/linkResolver.cpp, line 766]
Event: 0.698 Thread 0x000000011d840600 Exception <a 'java/lang/NoSuchMethodError'{0x000000070e2b2488}: 'java.lang.Object java.lang.invoke.DirectMethodHandle$Holder.newInvokeSpecial(java.lang.Object, java.lang.Object, long)'> (0x000000070e2b2488) 
thrown [open/src/hotspot/share/interpreter/linkResolver.cpp, line 766]
Event: 0.698 Thread 0x000000011d840600 Exception <a 'java/lang/NoSuchMethodError'{0x000000070e2b5d50}: 'java.lang.Object java.lang.invoke.Invokers$Holder.linkToTargetMethod(java.lang.Object, long, java.lang.Object)'> (0x000000070e2b5d50) 
thrown [open/src/hotspot/share/interpreter/linkResolver.cpp, line 766]

VM Operations (20 events):
Event: 0.077 Executing VM operation: HandshakeAllThreads
Event: 0.077 Executing VM operation: HandshakeAllThreads done
Event: 0.078 Executing VM operation: ICBufferFull
Event: 0.078 Executing VM operation: ICBufferFull done
Event: 0.272 Executing VM operation: HandshakeAllThreads
Event: 0.272 Executing VM operation: HandshakeAllThreads done
Event: 0.334 Executing VM operation: G1CollectForAllocation
Event: 0.337 Executing VM operation: G1CollectForAllocation done
Event: 0.367 Executing VM operation: HandshakeAllThreads
Event: 0.367 Executing VM operation: HandshakeAllThreads done
Event: 0.411 Executing VM operation: ICBufferFull
Event: 0.411 Executing VM operation: ICBufferFull done
Event: 0.592 Executing VM operation: HandshakeAllThreads
Event: 0.592 Executing VM operation: HandshakeAllThreads done
Event: 0.624 Executing VM operation: ICBufferFull
Event: 0.625 Executing VM operation: ICBufferFull done
Event: 0.647 Executing VM operation: ICBufferFull
Event: 0.647 Executing VM operation: ICBufferFull done
Event: 2.048 Executing VM operation: Cleanup
Event: 2.048 Executing VM operation: Cleanup done

Events (20 events):
Event: 1.148 loading class sun/util/locale/provider/TimeZoneNameUtility
Event: 1.148 loading class sun/util/locale/provider/TimeZoneNameUtility done
Event: 1.148 loading class sun/util/locale/provider/TimeZoneNameUtility$TimeZoneNameGetter
Event: 1.148 loading class sun/util/locale/provider/TimeZoneNameUtility$TimeZoneNameGetter done
Event: 1.148 loading class sun/util/cldr/CLDRTimeZoneNameProviderImpl
Event: 1.148 loading class sun/util/locale/provider/TimeZoneNameProviderImpl
Event: 1.148 loading class sun/util/locale/provider/TimeZoneNameProviderImpl done
Event: 1.148 loading class sun/util/cldr/CLDRTimeZoneNameProviderImpl done
Event: 1.149 loading class sun/util/locale/provider/BaseLocaleDataMetaInfo
Event: 1.149 loading class sun/util/locale/provider/BaseLocaleDataMetaInfo done
Event: 1.149 loading class sun/util/resources/cldr/TimeZoneNames
Event: 1.149 loading class sun/util/resources/TimeZoneNamesBundle
Event: 1.149 loading class sun/util/resources/OpenListResourceBundle
Event: 1.149 loading class sun/util/resources/OpenListResourceBundle done
Event: 1.149 loading class sun/util/resources/TimeZoneNamesBundle done
Event: 1.149 loading class sun/util/resources/cldr/TimeZoneNames done
Event: 1.149 loading class sun/util/resources/cldr/TimeZoneNames_en
Event: 1.150 loading class sun/util/resources/cldr/TimeZoneNames_en done
Event: 1.150 loading class sun/util/resources/cldr/TimeZoneNames_en_US
Event: 1.150 loading class sun/util/resources/cldr/TimeZoneNames_en_US done


Dynamic libraries:
0x0000000102680000 	/Users/danielweiner/Library/Java/JavaVirtualMachines/openjdk-17.0.2/Contents/Home/lib/libjli.dylib
0x00000001a1cd8000 	/usr/lib/libz.1.dylib
0x00000001a1d8f000 	/usr/lib/libSystem.B.dylib
0x00000001a1d89000 	/usr/lib/system/libcache.dylib
0x00000001a1d47000 	/usr/lib/system/libcommonCrypto.dylib
0x00000001a1d70000 	/usr/lib/system/libcompiler_rt.dylib
0x00000001a1d67000 	/usr/lib/system/libcopyfile.dylib
0x0000000196fcf000 	/usr/lib/system/libcorecrypto.dylib
0x0000000197082000 	/usr/lib/system/libdispatch.dylib
0x0000000197250000 	/usr/lib/system/libdyld.dylib
0x00000001a1d7f000 	/usr/lib/system/libkeymgr.dylib
0x00000001a1d22000 	/usr/lib/system/libmacho.dylib
0x00000001a1417000 	/usr/lib/system/libquarantine.dylib
0x00000001a1d7c000 	/usr/lib/system/libremovefile.dylib
0x000000019c3b8000 	/usr/lib/system/libsystem_asl.dylib
0x0000000196f71000 	/usr/lib/system/libsystem_blocks.dylib
0x000000019710a000 	/usr/lib/system/libsystem_c.dylib
0x00000001a1d74000 	/usr/lib/system/libsystem_collections.dylib
0x00000001a08a5000 	/usr/lib/system/libsystem_configuration.dylib
0x000000019fb01000 	/usr/lib/system/libsystem_containermanager.dylib
0x00000001a1a84000 	/usr/lib/system/libsystem_coreservices.dylib
0x0000000199978000 	/usr/lib/system/libsystem_darwin.dylib
0x00000001a1d80000 	/usr/lib/system/libsystem_dnssd.dylib
0x0000000197107000 	/usr/lib/system/libsystem_featureflags.dylib
0x0000000197265000 	/usr/lib/system/libsystem_info.dylib
0x00000001a1cea000 	/usr/lib/system/libsystem_m.dylib
0x0000000197057000 	/usr/lib/system/libsystem_malloc.dylib
0x000000019c347000 	/usr/lib/system/libsystem_networkextension.dylib
0x0000000199dd1000 	/usr/lib/system/libsystem_notify.dylib
0x00000001a80cd000 	/usr/lib/system/libsystem_product_info_filter.dylib
0x00000001a08aa000 	/usr/lib/system/libsystem_sandbox.dylib
0x00000001a1d79000 	/usr/lib/system/libsystem_secinit.dylib
0x000000019720b000 	/usr/lib/system/libsystem_kernel.dylib
0x000000019725d000 	/usr/lib/system/libsystem_platform.dylib
0x0000000197243000 	/usr/lib/system/libsystem_pthread.dylib
0x000000019db10000 	/usr/lib/system/libsystem_symptoms.dylib
0x0000000196fb5000 	/usr/lib/system/libsystem_trace.dylib
0x00000001a1d54000 	/usr/lib/system/libunwind.dylib
0x0000000196f73000 	/usr/lib/system/libxpc.dylib
0x00000001971f3000 	/usr/lib/libc++abi.dylib
0x00000001970c9000 	/usr/lib/libobjc.A.dylib
0x00000001a1d5f000 	/usr/lib/liboah.dylib
0x000000019718c000 	/usr/lib/libc++.1.dylib
0x00000001adbe6000 	/System/Library/Frameworks/Cocoa.framework/Versions/A/Cocoa
0x0000000199e32000 	/System/Library/Frameworks/AppKit.framework/Versions/C/AppKit
0x000000019d338000 	/System/Library/Frameworks/CoreData.framework/Versions/A/CoreData
0x000000019818d000 	/System/Library/Frameworks/Foundation.framework/Versions/C/Foundation
0x000000019acea000 	/System/Library/PrivateFrameworks/UIFoundation.framework/Versions/A/UIFoundation
0x00000001a7dc7000 	/System/Library/PrivateFrameworks/RemoteViewServices.framework/Versions/A/RemoteViewServices
0x00000001a024d000 	/System/Library/PrivateFrameworks/XCTTargetBootstrap.framework/Versions/A/XCTTargetBootstrap
0x00000001a3acb000 	/System/Library/PrivateFrameworks/InternationalSupport.framework/Versions/A/InternationalSupport
0x00000001a3b54000 	/System/Library/PrivateFrameworks/UserActivity.framework/Versions/A/UserActivity
0x00000001a2fc6000 	/usr/lib/libspindump.dylib
0x000000019af5b000 	/System/Library/Frameworks/UniformTypeIdentifiers.framework/Versions/A/UniformTypeIdentifiers
0x000000019e798000 	/usr/lib/libapp_launch_measurement.dylib
0x000000019dcc2000 	/System/Library/PrivateFrameworks/CoreAnalytics.framework/Versions/A/CoreAnalytics
0x000000019e79b000 	/System/Library/PrivateFrameworks/CoreAutoLayout.framework/Versions/A/CoreAutoLayout
0x000000019fb3e000 	/System/Library/Frameworks/Metal.framework/Versions/A/Metal
0x00000001a08b5000 	/usr/lib/liblangid.dylib
0x00000001a0252000 	/System/Library/PrivateFrameworks/CoreSVG.framework/Versions/A/CoreSVG
0x000000019c3ec000 	/System/Library/PrivateFrameworks/SkyLight.framework/Versions/A/SkyLight
0x000000019c7c1000 	/System/Library/Frameworks/CoreGraphics.framework/Versions/A/CoreGraphics
0x00000001a8493000 	/System/Library/Frameworks/Accelerate.framework/Versions/A/Accelerate
0x00000001a2a3d000 	/System/Library/PrivateFrameworks/IconServices.framework/Versions/A/IconServices
0x000000019fb20000 	/System/Library/Frameworks/IOSurface.framework/Versions/A/IOSurface
0x000000019dcf3000 	/usr/lib/libDiagnosticMessagesClient.dylib
0x00000001ab994000 	/System/Library/Frameworks/ApplicationServices.framework/Versions/A/ApplicationServices
0x00000001a0235000 	/System/Library/PrivateFrameworks/DFRFoundation.framework/Versions/A/DFRFoundation
0x00000001996c2000 	/usr/lib/libicucore.A.dylib
0x00000001a4977000 	/System/Library/Frameworks/AudioToolbox.framework/Versions/A/AudioToolbox
0x00000001a3ad7000 	/System/Library/PrivateFrameworks/DataDetectorsCore.framework/Versions/A/DataDetectorsCore
0x00000001ba417000 	/System/Library/PrivateFrameworks/TextInput.framework/Versions/A/TextInput
0x000000019c361000 	/usr/lib/libMobileGestalt.dylib
0x000000019ff01000 	/System/Library/Frameworks/Carbon.framework/Versions/A/Frameworks/HIToolbox.framework/Versions/A/HIToolbox
0x000000019e174000 	/System/Library/Frameworks/QuartzCore.framework/Versions/A/QuartzCore
0x0000000199345000 	/System/Library/Frameworks/Security.framework/Versions/A/Security
0x00000001a7e07000 	/System/Library/Frameworks/Carbon.framework/Versions/A/Frameworks/SpeechRecognition.framework/Versions/A/SpeechRecognition
0x000000019e4ee000 	/System/Library/PrivateFrameworks/CoreUI.framework/Versions/A/CoreUI
0x0000000198c22000 	/System/Library/Frameworks/CoreAudio.framework/Versions/A/CoreAudio
0x000000019dde8000 	/System/Library/Frameworks/DiskArbitration.framework/Versions/A/DiskArbitration
0x00000001a33d0000 	/System/Library/PrivateFrameworks/MultitouchSupport.framework/Versions/A/MultitouchSupport
0x000000019c35f000 	/usr/lib/libenergytrace.dylib
0x0000000199cfa000 	/System/Library/Frameworks/IOKit.framework/Versions/A/IOKit
0x00000001a81f6000 	/System/Library/Frameworks/CoreServices.framework/Versions/A/CoreServices
0x000000019e728000 	/System/Library/PrivateFrameworks/PerformanceAnalysis.framework/Versions/A/PerformanceAnalysis
0x00000001f86ff000 	/System/Library/Frameworks/OpenGL.framework/Versions/A/OpenGL
0x00000001a132f000 	/System/Library/PrivateFrameworks/MobileKeyBag.framework/Versions/A/MobileKeyBag
0x000000019cdce000 	/System/Library/Frameworks/ColorSync.framework/Versions/A/ColorSync
0x0000000197292000 	/System/Library/Frameworks/CoreFoundation.framework/Versions/A/CoreFoundation
0x00000001a04d1000 	/System/Library/Frameworks/CoreImage.framework/Versions/A/CoreImage
0x0000000198a46000 	/System/Library/Frameworks/CoreText.framework/Versions/A/CoreText
0x00000001a0282000 	/System/Library/Frameworks/ImageIO.framework/Versions/A/ImageIO
0x00000001a1d95000 	/System/Library/PrivateFrameworks/SoftLinking.framework/Versions/A/SoftLinking
0x000000019e7e6000 	/usr/lib/libxml2.2.dylib
0x00000001a202e000 	/usr/lib/libcompression.dylib
0x00000001a3a27000 	/System/Library/PrivateFrameworks/TextureIO.framework/Versions/A/TextureIO
0x00000001a2756000 	/usr/lib/libate.dylib
0x00000001a261b000 	/usr/lib/liblzma.5.dylib
0x0000000197e81000 	/System/Library/Frameworks/SystemConfiguration.framework/Versions/A/SystemConfiguration
0x00000001a1d91000 	/usr/lib/libfakelink.dylib
0x000000019be93000 	/System/Library/Frameworks/CFNetwork.framework/Versions/A/CFNetwork
0x00000001a1ed7000 	/usr/lib/libarchive.2.dylib
0x00000001a08b1000 	/System/Library/PrivateFrameworks/AppleSystemInfo.framework/Versions/A/AppleSystemInfo
0x00000001a1442000 	/usr/lib/libbsm.0.dylib
0x000000019b404000 	/usr/lib/libnetwork.dylib
0x00000001a1d2b000 	/usr/lib/system/libkxld.dylib
0x00000001a1055000 	/System/Library/PrivateFrameworks/IOMobileFramebuffer.framework/Versions/A/IOMobileFramebuffer
0x000000021602b000 	/usr/lib/libCoreEntitlements.dylib
0x00000001a1a66000 	/System/Library/PrivateFrameworks/AppleFSCompression.framework/Versions/A/AppleFSCompression
0x00000001a142a000 	/usr/lib/libcoretls.dylib
0x00000001a2634000 	/usr/lib/libcoretls_cfhelpers.dylib
0x00000001a2029000 	/usr/lib/libpam.2.dylib
0x000000019d727000 	/usr/lib/libsqlite3.dylib
0x00000001a269d000 	/usr/lib/libxar.1.dylib
0x00000001a1a77000 	/usr/lib/libbz2.1.0.dylib
0x00000001a1d96000 	/usr/lib/libpcap.A.dylib
0x000000019db07000 	/usr/lib/libdns_services.dylib
0x00000001a1ffc000 	/usr/lib/libapple_nghttp2.dylib
0x00000001a1dd3000 	/usr/lib/libiconv.2.dylib
0x00000001a1d21000 	/usr/lib/libcharset.1.dylib
0x000000019e764000 	/System/Library/Frameworks/CoreServices.framework/Versions/A/Frameworks/FSEvents.framework/Versions/A/FSEvents
0x0000000199983000 	/System/Library/Frameworks/CoreServices.framework/Versions/A/Frameworks/CarbonCore.framework/Versions/A/CarbonCore
0x000000019dd48000 	/System/Library/Frameworks/CoreServices.framework/Versions/A/Frameworks/Metadata.framework/Versions/A/Metadata
0x00000001a1a8a000 	/System/Library/Frameworks/CoreServices.framework/Versions/A/Frameworks/OSServices.framework/Versions/A/OSServices
0x00000001a1f5d000 	/System/Library/Frameworks/CoreServices.framework/Versions/A/Frameworks/SearchKit.framework/Versions/A/SearchKit
0x000000019da96000 	/System/Library/Frameworks/CoreServices.framework/Versions/A/Frameworks/AE.framework/Versions/A/AE
0x00000001977d8000 	/System/Library/Frameworks/CoreServices.framework/Versions/A/Frameworks/LaunchServices.framework/Versions/A/LaunchServices
0x00000001a25c4000 	/System/Library/Frameworks/CoreServices.framework/Versions/A/Frameworks/DictionaryServices.framework/Versions/A/DictionaryServices
0x000000019e771000 	/System/Library/Frameworks/CoreServices.framework/Versions/A/Frameworks/SharedFileList.framework/Versions/A/SharedFileList
0x00000001a141a000 	/usr/lib/libCheckFix.dylib
0x000000019c3d0000 	/System/Library/PrivateFrameworks/TCC.framework/Versions/A/TCC
0x00000001a08b7000 	/System/Library/PrivateFrameworks/CoreNLP.framework/Versions/A/CoreNLP
0x000000019dcf6000 	/System/Library/PrivateFrameworks/MetadataUtilities.framework/Versions/A/MetadataUtilities
0x0000000197f3a000 	/usr/lib/libmecabra.dylib
0x00000001a1453000 	/usr/lib/libmecab.dylib
0x0000000197f06000 	/usr/lib/libCRFSuite.dylib
0x00000001a14b0000 	/usr/lib/libgermantok.dylib
0x00000001a1fd5000 	/usr/lib/libThaiTokenizer.dylib
0x000000019ddf0000 	/System/Library/Frameworks/Accelerate.framework/Versions/A/Frameworks/vImage.framework/Versions/A/vImage
0x00000001a81cd000 	/System/Library/Frameworks/Accelerate.framework/Versions/A/Frameworks/vecLib.framework/Versions/A/vecLib
0x00000001a26e2000 	/System/Library/Frameworks/Accelerate.framework/Versions/A/Frameworks/vecLib.framework/Versions/A/libvMisc.dylib
0x00000001a0f5c000 	/System/Library/Frameworks/Accelerate.framework/Versions/A/Frameworks/vecLib.framework/Versions/A/libvDSP.dylib
0x0000000197b61000 	/System/Library/Frameworks/Accelerate.framework/Versions/A/Frameworks/vecLib.framework/Versions/A/libBLAS.dylib
0x00000001a20ff000 	/System/Library/Frameworks/Accelerate.framework/Versions/A/Frameworks/vecLib.framework/Versions/A/libLAPACK.dylib
0x00000001a14b3000 	/System/Library/Frameworks/Accelerate.framework/Versions/A/Frameworks/vecLib.framework/Versions/A/libLinearAlgebra.dylib
0x00000001a2014000 	/System/Library/Frameworks/Accelerate.framework/Versions/A/Frameworks/vecLib.framework/Versions/A/libSparseBLAS.dylib
0x00000001a20fa000 	/System/Library/Frameworks/Accelerate.framework/Versions/A/Frameworks/vecLib.framework/Versions/A/libQuadrature.dylib
0x00000001a09b0000 	/System/Library/Frameworks/Accelerate.framework/Versions/A/Frameworks/vecLib.framework/Versions/A/libBNNS.dylib
0x0000000197e1f000 	/System/Library/Frameworks/Accelerate.framework/Versions/A/Frameworks/vecLib.framework/Versions/A/libSparse.dylib
0x00000001a09a8000 	/System/Library/PrivateFrameworks/LinguisticData.framework/Versions/A/LinguisticData
0x0000000197dd7000 	/System/Library/PrivateFrameworks/Lexicon.framework/Versions/A/Lexicon
0x00000001a26da000 	/usr/lib/libChineseTokenizer.dylib
0x000000019857e000 	/System/Library/PrivateFrameworks/LanguageModeling.framework/Versions/A/LanguageModeling
0x00000001a1fd7000 	/System/Library/PrivateFrameworks/AppleSauce.framework/Versions/A/AppleSauce
0x00000001a1042000 	/System/Library/PrivateFrameworks/CoreEmoji.framework/Versions/A/CoreEmoji
0x00000001a1ec5000 	/usr/lib/libcmph.dylib
0x000000019e744000 	/System/Library/Frameworks/OpenDirectory.framework/Versions/A/Frameworks/CFOpenDirectory.framework/Versions/A/CFOpenDirectory
0x000000019e734000 	/System/Library/Frameworks/OpenDirectory.framework/Versions/A/OpenDirectory
0x00000001a2636000 	/System/Library/PrivateFrameworks/APFS.framework/Versions/A/APFS
0x00000001a136a000 	/System/Library/Frameworks/SecurityFoundation.framework/Versions/A/SecurityFoundation
0x00000001a26ac000 	/usr/lib/libutil.dylib
0x0000000199cbc000 	/System/Library/PrivateFrameworks/CoreServicesStore.framework/Versions/A/CoreServicesStore
0x00000001a26b0000 	/usr/lib/libxslt.1.dylib
0x00000001a13fe000 	/System/Library/PrivateFrameworks/BackgroundTaskManagement.framework/Versions/A/BackgroundTaskManagement
0x00000001a3948000 	/System/Library/Frameworks/ImageIO.framework/Versions/A/Resources/libRadiance.dylib
0x00000001a3951000 	/System/Library/Frameworks/ImageIO.framework/Versions/A/Resources/libJPEG.dylib
0x00000001a38a4000 	/System/Library/Frameworks/ImageIO.framework/Versions/A/Resources/libPng.dylib
0x00000001a38c6000 	/System/Library/Frameworks/ImageIO.framework/Versions/A/Resources/libTIFF.dylib
0x00000001a39ac000 	/System/Library/Frameworks/ImageIO.framework/Versions/A/Resources/libGIF.dylib
0x00000001a32e0000 	/System/Library/Frameworks/ImageIO.framework/Versions/A/Resources/libJP2.dylib
0x00000001a2a02000 	/usr/lib/libexpat.1.dylib
0x00000001a329b000 	/System/Library/PrivateFrameworks/AppleJPEG.framework/Versions/A/AppleJPEG
0x000000019fdbd000 	/System/Library/PrivateFrameworks/FontServices.framework/libFontParser.dylib
0x000000019da3b000 	/System/Library/PrivateFrameworks/RunningBoardServices.framework/Versions/A/RunningBoardServices
0x00000001ae2b9000 	/System/Library/PrivateFrameworks/IOSurfaceAccelerator.framework/Versions/A/IOSurfaceAccelerator
0x00000001a33cc000 	/System/Library/PrivateFrameworks/WatchdogClient.framework/Versions/A/WatchdogClient
0x0000000198682000 	/System/Library/Frameworks/CoreDisplay.framework/Versions/A/CoreDisplay
0x000000019fca7000 	/System/Library/Frameworks/CoreMedia.framework/Versions/A/CoreMedia
0x000000019fb34000 	/System/Library/PrivateFrameworks/IOAccelerator.framework/Versions/A/IOAccelerator
0x000000019e8d4000 	/System/Library/Frameworks/CoreVideo.framework/Versions/A/CoreVideo
0x00000001a2027000 	/System/Library/Frameworks/MetalPerformanceShaders.framework/Versions/A/MetalPerformanceShaders
0x00000001a340b000 	/System/Library/Frameworks/VideoToolbox.framework/Versions/A/VideoToolbox
0x000000019d97f000 	/System/Library/PrivateFrameworks/BaseBoard.framework/Versions/A/BaseBoard
0x000000019d70d000 	/System/Library/PrivateFrameworks/ProtocolBuffer.framework/Versions/A/ProtocolBuffer
0x00000001a3943000 	/System/Library/PrivateFrameworks/GPUWrangler.framework/Versions/A/GPUWrangler
0x00000001a3923000 	/System/Library/PrivateFrameworks/IOPresentment.framework/Versions/A/IOPresentment
0x00000001a394b000 	/System/Library/PrivateFrameworks/DSExternalDisplay.framework/Versions/A/DSExternalDisplay
0x00000001f86f2000 	/System/Library/Frameworks/OpenGL.framework/Versions/A/Libraries/libCoreFSCache.dylib
0x0000000202bb1000 	/System/Library/PrivateFrameworks/GPUCompiler.framework/Versions/31001/Libraries/libGPUCompilerUtils.dylib
0x00000001a39b1000 	/System/Library/PrivateFrameworks/CMCaptureCore.framework/Versions/A/CMCaptureCore
0x00000001a2fb3000 	/System/Library/PrivateFrameworks/AppServerSupport.framework/Versions/A/AppServerSupport
0x00000001a5234000 	/System/Library/PrivateFrameworks/perfdata.framework/Versions/A/perfdata
0x00000001987a2000 	/System/Library/PrivateFrameworks/AudioToolboxCore.framework/Versions/A/AudioToolboxCore
0x000000019fc80000 	/System/Library/PrivateFrameworks/caulk.framework/Versions/A/caulk
0x00000001a4b29000 	/usr/lib/libAudioStatistics.dylib
0x00000001b6a7e000 	/System/Library/PrivateFrameworks/SystemPolicy.framework/Versions/A/SystemPolicy
0x00000001a4d95000 	/usr/lib/libSMC.dylib
0x00000001adac8000 	/System/Library/Frameworks/CoreMIDI.framework/Versions/A/CoreMIDI
0x00000001a3872000 	/usr/lib/libAudioToolboxUtility.dylib
0x00000001b2b4b000 	/System/Library/PrivateFrameworks/OSAServicesClient.framework/Versions/A/OSAServicesClient
0x00000001a5241000 	/usr/lib/libperfcheck.dylib
0x00000001b7596000 	/usr/lib/libmis.dylib
0x00000001f8754000 	/System/Library/Frameworks/OpenGL.framework/Versions/A/Libraries/libGLU.dylib
0x00000001f8713000 	/System/Library/Frameworks/OpenGL.framework/Versions/A/Libraries/libGFXShared.dylib
0x00000001f8900000 	/System/Library/Frameworks/OpenGL.framework/Versions/A/Libraries/libGL.dylib
0x00000001f871c000 	/System/Library/Frameworks/OpenGL.framework/Versions/A/Libraries/libGLImage.dylib
0x00000001f8710000 	/System/Library/Frameworks/OpenGL.framework/Versions/A/Libraries/libCVMSPluginSupport.dylib
0x00000001f86f9000 	/System/Library/Frameworks/OpenGL.framework/Versions/A/Libraries/libCoreVMClient.dylib
0x00000001a0831000 	/System/Library/Frameworks/MetalPerformanceShaders.framework/Versions/A/Frameworks/MPSCore.framework/Versions/A/MPSCore
0x00000001a19d9000 	/System/Library/Frameworks/MetalPerformanceShaders.framework/Versions/A/Frameworks/MPSImage.framework/Versions/A/MPSImage
0x00000001a14c8000 	/System/Library/Frameworks/MetalPerformanceShaders.framework/Versions/A/Frameworks/MPSNeuralNetwork.framework/Versions/A/MPSNeuralNetwork
0x00000001a1901000 	/System/Library/Frameworks/MetalPerformanceShaders.framework/Versions/A/Frameworks/MPSMatrix.framework/Versions/A/MPSMatrix
0x00000001a16da000 	/System/Library/Frameworks/MetalPerformanceShaders.framework/Versions/A/Frameworks/MPSRayIntersector.framework/Versions/A/MPSRayIntersector
0x00000001a1932000 	/System/Library/Frameworks/MetalPerformanceShaders.framework/Versions/A/Frameworks/MPSNDArray.framework/Versions/A/MPSNDArray
0x00000001fa86b000 	/System/Library/Frameworks/MetalPerformanceShaders.framework/Versions/A/Frameworks/MPSFunctions.framework/Versions/A/MPSFunctions
0x0000000197a38000 	/System/Library/PrivateFrameworks/MetalTools.framework/Versions/A/MetalTools
0x00000001a08af000 	/System/Library/PrivateFrameworks/AggregateDictionary.framework/Versions/A/AggregateDictionary
0x00000001a27e7000 	/usr/lib/libIOReport.dylib
0x00000001acae6000 	/System/Library/PrivateFrameworks/ASEProcessing.framework/Versions/A/ASEProcessing
0x00000001a2b5c000 	/System/Library/PrivateFrameworks/FaceCore.framework/Versions/A/FaceCore
0x00000001a2b4e000 	/System/Library/PrivateFrameworks/GraphVisualizer.framework/Versions/A/GraphVisualizer
0x0000000202ac8000 	/System/Library/PrivateFrameworks/FontServices.framework/Versions/A/FontServices
0x00000001a2f6f000 	/System/Library/PrivateFrameworks/OTSVG.framework/Versions/A/OTSVG
0x000000019e49e000 	/System/Library/Frameworks/ApplicationServices.framework/Versions/A/Frameworks/ATS.framework/Versions/A/Resources/libFontRegistry.dylib
0x00000001a2fbc000 	/System/Library/PrivateFrameworks/FontServices.framework/libhvf.dylib
0x0000000202ac9000 	/System/Library/PrivateFrameworks/FontServices.framework/libXTFontStaticRegistryData.dylib
0x00000001f8aa1000 	/System/Library/Frameworks/OpenCL.framework/Versions/A/OpenCL
0x00000001a29b6000 	/System/Library/PrivateFrameworks/AppleVA.framework/Versions/A/AppleVA
0x00000001a4b51000 	/System/Library/Frameworks/ApplicationServices.framework/Versions/A/Frameworks/ATS.framework/Versions/A/ATS
0x000000019cecb000 	/System/Library/Frameworks/ApplicationServices.framework/Versions/A/Frameworks/HIServices.framework/Versions/A/HIServices
0x00000001a39bb000 	/System/Library/Frameworks/ApplicationServices.framework/Versions/A/Frameworks/PrintCore.framework/Versions/A/PrintCore
0x00000001a4ee8000 	/System/Library/Frameworks/ApplicationServices.framework/Versions/A/Frameworks/QD.framework/Versions/A/QD
0x00000001a4ee0000 	/System/Library/Frameworks/ApplicationServices.framework/Versions/A/Frameworks/ColorSyncLegacy.framework/Versions/A/ColorSyncLegacy
0x00000001a4b3d000 	/System/Library/Frameworks/ApplicationServices.framework/Versions/A/Frameworks/SpeechSynthesis.framework/Versions/A/SpeechSynthesis
0x00000001a397c000 	/System/Library/Frameworks/ApplicationServices.framework/Versions/A/Frameworks/ATSUI.framework/Versions/A/ATSUI
0x00000001a4e75000 	/usr/lib/libcups.2.dylib
0x00000001a524f000 	/System/Library/Frameworks/Kerberos.framework/Versions/A/Kerberos
0x00000001a5260000 	/System/Library/Frameworks/GSS.framework/Versions/A/GSS
0x00000001a4bc1000 	/usr/lib/libresolv.9.dylib
0x00000001a2fcb000 	/System/Library/PrivateFrameworks/Heimdal.framework/Versions/A/Heimdal
0x00000001abd1b000 	/System/Library/Frameworks/Kerberos.framework/Versions/A/Libraries/libHeimdalProxy.dylib
0x000000019db19000 	/System/Library/Frameworks/Network.framework/Versions/A/Network
0x00000001a2a1d000 	/usr/lib/libheimdal-asn1.dylib
0x00000001a52b0000 	/System/Library/PrivateFrameworks/CommonAuth.framework/Versions/A/CommonAuth
0x00000001a4ab7000 	/System/Library/PrivateFrameworks/AudioSession.framework/Versions/A/AudioSession
0x00000001a2aaf000 	/System/Library/PrivateFrameworks/MediaExperience.framework/Versions/A/MediaExperience
0x00000001a493d000 	/System/Library/PrivateFrameworks/AudioSession.framework/libSessionUtility.dylib
0x00000001a4ef4000 	/System/Library/PrivateFrameworks/AudioResourceArbitration.framework/Versions/A/AudioResourceArbitration
0x00000001a90aa000 	/System/Library/PrivateFrameworks/PowerLog.framework/Versions/A/PowerLog
0x00000001a2a27000 	/System/Library/PrivateFrameworks/IconFoundation.framework/Versions/A/IconFoundation
0x00000001a7df3000 	/System/Library/PrivateFrameworks/SpeechRecognitionCore.framework/Versions/A/SpeechRecognitionCore
0x00000001037bc000 	/Users/danielweiner/Library/Java/JavaVirtualMachines/openjdk-17.0.2/Contents/Home/lib/server/libjvm.dylib
0x00000001026e4000 	/Users/danielweiner/Library/Java/JavaVirtualMachines/openjdk-17.0.2/Contents/Home/lib/libjimage.dylib
0x00000001028c8000 	/Users/danielweiner/Library/Java/JavaVirtualMachines/openjdk-17.0.2/Contents/Home/lib/libinstrument.dylib
0x0000000102914000 	/Users/danielweiner/Library/Java/JavaVirtualMachines/openjdk-17.0.2/Contents/Home/lib/libjava.dylib
0x00000001033c8000 	/Users/danielweiner/Library/Java/JavaVirtualMachines/openjdk-17.0.2/Contents/Home/lib/libnio.dylib
0x0000000103700000 	/Users/danielweiner/Library/Java/JavaVirtualMachines/openjdk-17.0.2/Contents/Home/lib/libnet.dylib
0x00000001028f8000 	/Users/danielweiner/Library/Java/JavaVirtualMachines/openjdk-17.0.2/Contents/Home/lib/libzip.dylib
0x00000001033e8000 	/Users/danielweiner/.openjfx/cache/17.0.1/libprism_es2.dylib
0x0000000199c7f000 	/System/Library/PrivateFrameworks/CoreServicesInternal.framework/Versions/A/CoreServicesInternal
0x00000001f890a000 	/System/Library/Frameworks/OpenGL.framework/Versions/A/Resources/GLEngine.bundle/GLEngine
0x00000001f8792000 	/System/Library/Frameworks/OpenGL.framework/Versions/A/Libraries/libGLProgrammability.dylib
0x000000011c93c000 	/System/Library/Extensions/AppleMetalOpenGLRenderer.bundle/Contents/MacOS/AppleMetalOpenGLRenderer
0x00000001f8a79000 	/System/Library/Frameworks/OpenGL.framework/Versions/A/Resources/GLRendererFloat.bundle/GLRendererFloat
0x00000001f8b79000 	/System/Library/Extensions/AGXMetal13_3.bundle/Contents/MacOS/AGXMetal13_3
0x00000001b75b2000 	/System/Library/PrivateFrameworks/GPURawCounter.framework/Versions/A/GPURawCounter
0x00000001b1cbc000 	/System/Library/PrivateFrameworks/IOGPU.framework/Versions/A/IOGPU
0x000000011c884000 	/Users/danielweiner/.openjfx/cache/17.0.1/libglass.dylib
0x00000001a9302000 	/System/Library/Frameworks/FileProvider.framework/Versions/A/FileProvider
0x000000019d8e7000 	/System/Library/Frameworks/Accounts.framework/Versions/A/Accounts
0x00000001a9486000 	/System/Library/PrivateFrameworks/GenerationalStorage.framework/Versions/A/GenerationalStorage
0x00000001aa049000 	/System/Library/PrivateFrameworks/CoreSymbolication.framework/Versions/A/CoreSymbolication
0x00000001a909e000 	/System/Library/PrivateFrameworks/SymptomDiagnosticReporter.framework/Versions/A/SymptomDiagnosticReporter
0x000000019af6f000 	/System/Library/PrivateFrameworks/DesktopServicesPriv.framework/Versions/A/DesktopServicesPriv
0x0000000199de1000 	/usr/lib/libsandbox.1.dylib
0x000000019e962000 	/System/Library/PrivateFrameworks/UserManagement.framework/Versions/A/UserManagement
0x00000001aa006000 	/System/Library/PrivateFrameworks/DebugSymbols.framework/Versions/A/DebugSymbols
0x00000001a4ed3000 	/System/Library/PrivateFrameworks/NetAuth.framework/Versions/A/NetAuth
0x00000001a5df1000 	/System/Library/PrivateFrameworks/Sharing.framework/Versions/A/Sharing
0x000000019e932000 	/System/Library/PrivateFrameworks/login.framework/Versions/A/Frameworks/loginsupport.framework/Versions/A/loginsupport
0x00000001ab23b000 	/System/Library/PrivateFrameworks/Apple80211.framework/Versions/A/Apple80211
0x00000001a1abd000 	/System/Library/PrivateFrameworks/AuthKit.framework/Versions/A/AuthKit
0x00000001a113e000 	/System/Library/PrivateFrameworks/CoreUtils.framework/Versions/A/CoreUtils
0x00000001a1061000 	/System/Library/Frameworks/CoreWLAN.framework/Versions/A/CoreWLAN
0x00000001a5f61000 	/System/Library/Frameworks/IOBluetooth.framework/Versions/A/IOBluetooth
0x00000001ab29b000 	/System/Library/PrivateFrameworks/CoreWiFi.framework/Versions/A/CoreWiFi
0x00000001a9be6000 	/System/Library/PrivateFrameworks/FrontBoardServices.framework/Versions/A/FrontBoardServices
0x00000001a9c7e000 	/System/Library/PrivateFrameworks/BoardServices.framework/Versions/A/BoardServices
0x00000001a1358000 	/System/Library/PrivateFrameworks/AssertionServices.framework/Versions/A/AssertionServices
0x00000001ab418000 	/System/Library/PrivateFrameworks/BackBoardServices.framework/Versions/A/BackBoardServices
0x00000001a5347000 	/System/Library/PrivateFrameworks/CorePhoneNumbers.framework/Versions/A/CorePhoneNumbers
0x00000001a91ce000 	/System/Library/PrivateFrameworks/DiskManagement.framework/Versions/A/DiskManagement
0x00000001a90d1000 	/System/Library/PrivateFrameworks/AppleIDAuthSupport.framework/Versions/A/AppleIDAuthSupport
0x00000001fd092000 	/System/Library/PrivateFrameworks/AAAFoundation.framework/Versions/A/AAAFoundation
0x00000001a5326000 	/System/Library/PrivateFrameworks/KeychainCircle.framework/Versions/A/KeychainCircle
0x00000001a919a000 	/System/Library/PrivateFrameworks/MediaKit.framework/Versions/A/MediaKit
0x00000001a90de000 	/System/Library/Frameworks/DiscRecording.framework/Versions/A/DiscRecording
0x00000001a2932000 	/usr/lib/libCoreStorage.dylib
0x00000001ab715000 	/usr/lib/libcsfde.dylib
0x00000001a6036000 	/System/Library/PrivateFrameworks/ProtectedCloudStorage.framework/Versions/A/ProtectedCloudStorage
0x00000001ab70d000 	/System/Library/PrivateFrameworks/EFILogin.framework/Versions/A/EFILogin
0x00000001a94ad000 	/System/Library/PrivateFrameworks/OctagonTrust.framework/Versions/A/OctagonTrust
0x0000000201c63000 	/System/Library/PrivateFrameworks/CoreUtilsExtras.framework/Versions/A/CoreUtilsExtras
0x00000001a9003000 	/System/Library/Frameworks/CoreBluetooth.framework/Versions/A/CoreBluetooth
0x00000001abda0000 	/System/Library/Frameworks/AudioUnit.framework/Versions/A/AudioUnit
0x00000001a292a000 	/usr/lib/libMatch.1.dylib
0x00000001bba5e000 	/System/Library/Frameworks/Accelerate.framework/Versions/A/Frameworks/vImage.framework/Versions/A/Libraries/libCGInterfaces.dylib
0x000000011cdd8000 	/usr/lib/libobjc-trampolines.dylib
0x000000019e62c000 	/System/Library/PrivateFrameworks/ViewBridge.framework/Versions/A/ViewBridge
0x00000001fd745000 	/System/Library/PrivateFrameworks/AccessibilityBundles.framework/Versions/A/AccessibilityBundles
0x00000001a308e000 	/System/Library/PrivateFrameworks/login.framework/Versions/A/login
0x00000001a27f0000 	/System/Library/PrivateFrameworks/CrashReporterSupport.framework/Versions/A/CrashReporterSupport
0x00000001c34d7000 	/System/Library/PrivateFrameworks/OSAnalytics.framework/Versions/A/OSAnalytics
0x00000001ce7d5000 	/System/Library/PrivateFrameworks/Symbolication.framework/Versions/A/Symbolication
0x00000001b7573000 	/System/Library/PrivateFrameworks/MallocStackLogging.framework/Versions/A/MallocStackLogging
0x000000011fda0000 	/Users/danielweiner/.openjfx/cache/17.0.1/libjavafx_font.dylib
0x00000002161a9000 	/usr/lib/libRosetta.dylib


VM Arguments:
jvm_args: -javaagent:/Users/danielweiner/Library/Application Support/JetBrains/Toolbox/apps/IDEA-U/ch-0/221.5080.210/IntelliJ IDEA.app/Contents/lib/idea_rt.jar=49436:/Users/danielweiner/Library/Application Support/JetBrains/Toolbox/apps/IDEA-U/ch-0/221.5080.210/IntelliJ IDEA.app/Contents/bin -Dfile.encoding=UTF-8 --module-path=/Users/danielweiner/.m2/repository/org/openjfx/javafx-fxml/17.0.1/javafx-fxml-17.0.1-mac-aarch64.jar:/Users/danielweiner/Public/Drop Box/eclipse-workspace/JavaFinalProject/target/classes:/Users/danielweiner/.m2/repository/org/openjfx/javafx-base/17.0.1/javafx-base-17.0.1-mac-aarch64.jar:/Users/danielweiner/.m2/repository/org/openjfx/javafx-graphics/17.0.1/javafx-graphics-17.0.1-mac-aarch64.jar:/Users/danielweiner/.m2/repository/org/openjfx/javafx-controls/17.0.1/javafx-controls-17.0.1-mac-aarch64.jar -Djdk.module.main=com.example.javafinalproject 
java_command: com.example.javafinalproject/com.example.javafinalproject.SignUp
java_class_path (initial): /Users/danielweiner/.m2/repository/org/openjfx/javafx-controls/17.0.1/javafx-controls-17.0.1.jar:/Users/danielweiner/.m2/repository/org/openjfx/javafx-graphics/17.0.1/javafx-graphics-17.0.1.jar:/Users/danielweiner/.m2/repository/org/openjfx/javafx-base/17.0.1/javafx-base-17.0.1.jar:/Users/danielweiner/.m2/repository/org/openjfx/javafx-fxml/17.0.1/javafx-fxml-17.0.1.jar
Launcher Type: SUN_STANDARD

[Global flags]
     intx CICompilerCount                          = 4                                         {product} {ergonomic}
     uint ConcGCThreads                            = 2                                         {product} {ergonomic}
     uint G1ConcRefinementThreads                  = 8                                         {product} {ergonomic}
   size_t G1HeapRegionSize                         = 2097152                                   {product} {ergonomic}
    uintx GCDrainStackTargetSize                   = 64                                        {product} {ergonomic}
   size_t InitialHeapSize                          = 268435456                                 {product} {ergonomic}
   size_t MarkStackSize                            = 4194304                                   {product} {ergonomic}
   size_t MaxHeapSize                              = 4294967296                                {product} {ergonomic}
   size_t MaxNewSize                               = 2575302656                                {product} {ergonomic}
   size_t MinHeapDeltaBytes                        = 2097152                                   {product} {ergonomic}
   size_t MinHeapSize                              = 8388608                                   {product} {ergonomic}
    uintx NonNMethodCodeHeapSize                   = 5839564                                {pd product} {ergonomic}
    uintx NonProfiledCodeHeapSize                  = 122909338                              {pd product} {ergonomic}
    uintx ProfiledCodeHeapSize                     = 122909338                              {pd product} {ergonomic}
    uintx ReservedCodeCacheSize                    = 251658240                              {pd product} {ergonomic}
     bool SegmentedCodeCache                       = true                                      {product} {ergonomic}
   size_t SoftMaxHeapSize                          = 4294967296                             {manageable} {ergonomic}
     bool UseCompressedClassPointers               = true                           {product lp64_product} {ergonomic}
     bool UseCompressedOops                        = true                           {product lp64_product} {ergonomic}
     bool UseG1GC                                  = true                                      {product} {ergonomic}
     bool UseNUMA                                  = false                                     {product} {ergonomic}
     bool UseNUMAInterleaving                      = false                                     {product} {ergonomic}

Logging:
Log output configuration:
 #0: stdout all=warning uptime,level,tags
 #1: stderr all=off uptime,level,tags

Environment Variables:
PATH=/usr/local/bin:/usr/bin:/bin:/usr/sbin:/sbin
SHELL=/bin/zsh
LC_CTYPE=en_US.UTF-8

Signal Handlers:
   SIGSEGV: _ZL13crash_handleriP9__siginfoPv in libjvm.dylib, mask=11100110000111110111111111111111, flags=SA_RESTART|SA_SIGINFO
    SIGBUS: _ZL13crash_handleriP9__siginfoPv in libjvm.dylib, mask=11100110000111110111111111111111, flags=SA_RESTART|SA_SIGINFO
    SIGFPE: _ZL13crash_handleriP9__siginfoPv in libjvm.dylib, mask=11100110000111110111111111111111, flags=SA_RESTART|SA_SIGINFO
   SIGPIPE: _ZL17javaSignalHandleriP9__siginfoPv in libjvm.dylib, mask=11100110000111110111111111111111, flags=SA_RESTART|SA_SIGINFO
   SIGXFSZ: _ZL17javaSignalHandleriP9__siginfoPv in libjvm.dylib, mask=11100110000111110111111111111111, flags=SA_RESTART|SA_SIGINFO
    SIGILL: _ZL13crash_handleriP9__siginfoPv in libjvm.dylib, mask=11100110000111110111111111111111, flags=SA_RESTART|SA_SIGINFO
   SIGUSR2: _ZL10SR_handleriP9__siginfoP17__darwin_ucontext in libjvm.dylib, mask=00100000000000000000000000000000, flags=SA_RESTART|SA_SIGINFO
    SIGHUP: _ZL11UserHandleriPvS_ in libjvm.dylib, mask=11100110000111110111111111111111, flags=SA_RESTART|SA_SIGINFO
    SIGINT: _ZL11UserHandleriPvS_ in libjvm.dylib, mask=11100110000111110111111111111111, flags=SA_RESTART|SA_SIGINFO
   SIGTERM: _ZL11UserHandleriPvS_ in libjvm.dylib, mask=11100110000111110111111111111111, flags=SA_RESTART|SA_SIGINFO
   SIGQUIT: _ZL11UserHandleriPvS_ in libjvm.dylib, mask=11100110000111110111111111111111, flags=SA_RESTART|SA_SIGINFO
   SIGTRAP: _ZL13crash_handleriP9__siginfoPv in libjvm.dylib, mask=11100110000111110111111111111111, flags=SA_RESTART|SA_SIGINFO


---------------  S Y S T E M  ---------------

OS:
uname: Darwin 21.4.0 Darwin Kernel Version 21.4.0: Fri Mar 18 00:47:26 PDT 2022; root:xnu-8020.101.4~15/RELEASE_ARM64_T8101 arm64
OS uptime: 0 days 0:56 hours
rlimit (soft/hard): STACK 8176k/65520k , CORE 0k/infinity , NPROC 2666/4000 , NOFILE 10240/infinity , AS infinity/infinity , CPU infinity/infinity , DATA infinity/infinity , FSIZE infinity/infinity , MEMLOCK infinity/infinity , RSS infinity/infinity
load average: 2.62 1.79 1.84

CPU: total 8 (initial active 8) 0x61:0x0:0x1b588bb3:0, fp, simd, crc, lse

Memory: 16k page, physical 16777216k(628656k free), swap 0k(0k free)

vm_info: OpenJDK 64-Bit Server VM (17.0.2+8-86) for bsd-aarch64 JRE (17.0.2+8-86), built on Dec  7 2021 21:45:06 by "mach5one" with clang Apple LLVM 12.0.0 (clang-1200.0.32.29)

END.
