#
# A fatal error has been detected by the Java Runtime Environment:
#
#  SIGBUS (0xa) at pc=0x000000010dfd14f0, pid=1103, tid=34567
#
# JRE version: OpenJDK Runtime Environment (17.0.2+8) (build 17.0.2+8-86)
# Java VM: OpenJDK 64-Bit Server VM (17.0.2+8-86, mixed mode, sharing, tiered, compressed oops, compressed class ptrs, g1 gc, bsd-aarch64)
# Problematic frame:
# v  ~StubRoutines::SafeFetchN
#
# No core dump will be written. Core dumps have been disabled. To enable core dumping, try "ulimit -c unlimited" before starting Java again
#
# If you would like to submit a bug report, please visit:
#   https://bugreport.java.com/bugreport/crash.jsp
# The crash happened outside the Java Virtual Machine in native code.
# See problematic frame for where to report the bug.
#

---------------  S U M M A R Y ------------

Command Line: -javaagent:/Users/danielweiner/Library/Application Support/JetBrains/Toolbox/apps/IDEA-U/ch-0/221.5080.210/IntelliJ IDEA.app/Contents/lib/idea_rt.jar=49424:/Users/danielweiner/Library/Application Support/JetBrains/Toolbox/apps/IDEA-U/ch-0/221.5080.210/IntelliJ IDEA.app/Contents/bin -Dfile.encoding=UTF-8 --module-path=/Users/danielweiner/.m2/repository/org/openjfx/javafx-graphics/17.0.1/javafx-graphics-17.0.1-mac-aarch64.jar:/Users/danielweiner/.m2/repository/org/openjfx/javafx-base/17.0.1/javafx-base-17.0.1-mac-aarch64.jar:/Users/danielweiner/.m2/repository/org/openjfx/javafx-controls/17.0.1/javafx-controls-17.0.1-mac-aarch64.jar:/Users/danielweiner/.m2/repository/org/openjfx/javafx-fxml/17.0.1/javafx-fxml-17.0.1-mac-aarch64.jar:/Users/danielweiner/Public/Drop Box/eclipse-workspace/JavaFinalProject/target/classes -Djdk.module.main=com.example.javafinalproject com.example.javafinalproject/com.example.javafinalproject.Main

Host: "MacBookPro17,1" arm64 1 MHz, 8 cores, 16G, Darwin 21.4.0, macOS 12.3.1 (21E258)
Time: Mon May  9 12:46:18 2022 EDT elapsed time: 2.527487 seconds (0d 0h 0m 2s)

---------------  T H R E A D  ---------------

Current thread (0x00000001451f9000):  JavaThread "InvokeLaterDispatcher" daemon [_thread_in_native, id=34567, stack(0x000000016e50c000,0x000000016e70f000)]

Stack: [0x000000016e50c000,0x000000016e70f000],  sp=0x000000016e70e780,  free space=2057k
Native frames: (J=compiled Java code, j=interpreted, Vv=VM code, C=native code)
v  ~StubRoutines::SafeFetchN
V  [libjvm.dylib+0x7a6bcc]  _ZN10OopStorage7releaseEPKP7oopDesc+0x20
V  [libjvm.dylib+0x4ba824]  jni_DeleteGlobalRef+0xd8
C  [libglass.dylib+0xab08]  -[GlassRunnable dealloc]+0x34
C  [Foundation+0x85618]  -[_NSThreadPerformInfo dealloc]+0x30
C  [Foundation+0x5198c]  -[NSObject(NSThreadPerformAdditions) performSelectorOnMainThread:withObject:waitUntilDone:]+0x88
C  0x286c80010dfd98ac
j  com.sun.glass.ui.mac.MacApplication.submitForLaterInvocation(Ljava/lang/Runnable;)V+2 javafx.graphics
j  com.sun.glass.ui.InvokeLaterDispatcher.run()V+82 javafx.graphics
v  ~StubRoutines::call_stub
V  [libjvm.dylib+0x461d08]  _ZN9JavaCalls11call_helperEP9JavaValueRK12methodHandleP17JavaCallArgumentsP10JavaThread+0x38c
V  [libjvm.dylib+0x460d24]  _ZN9JavaCalls12call_virtualEP9JavaValueP5KlassP6SymbolS5_P17JavaCallArgumentsP10JavaThread+0x11c
V  [libjvm.dylib+0x460df0]  _ZN9JavaCalls12call_virtualEP9JavaValue6HandleP5KlassP6SymbolS6_P10JavaThread+0x64
V  [libjvm.dylib+0x515f04]  _ZL12thread_entryP10JavaThreadS0_+0xc4
V  [libjvm.dylib+0x9071ac]  _ZN10JavaThread17thread_main_innerEv+0x13c
V  [libjvm.dylib+0x9058c0]  _ZN6Thread8call_runEv+0x128
V  [libjvm.dylib+0x7ad7c8]  _ZL19thread_native_entryP6Thread+0x158
C  [libsystem_pthread.dylib+0x726c]  _pthread_start+0x94

Java frames: (J=compiled Java code, j=interpreted, Vv=VM code)
j  com.sun.glass.ui.mac.MacApplication._submitForLaterInvocation(Ljava/lang/Runnable;)V+0 javafx.graphics
j  com.sun.glass.ui.mac.MacApplication.submitForLaterInvocation(Ljava/lang/Runnable;)V+2 javafx.graphics
j  com.sun.glass.ui.InvokeLaterDispatcher.run()V+82 javafx.graphics
v  ~StubRoutines::call_stub

siginfo: si_signo: 10 (SIGBUS), si_code: 1 (BUS_ADRALN), si_addr: 0x000000010dfd14f0

Register to memory mapping:

 x0=0x00000001536058c8 is a global jni handle
 x1=0x0 is NULL
 x2=0x0000000705d09d28 is an oop: com.sun.glass.ui.InvokeLaterDispatcher$Future 
{0x0000000705d09d28} - klass: 'com/sun/glass/ui/InvokeLaterDispatcher$Future'
 - ---- fields (total size 3 words):
 - private 'done' 'Z' @12  true
 - private final 'runnable' 'Ljava/lang/Runnable;' @16  a 'com/sun/javafx/tk/quantum/QuantumToolkit$$Lambda$85+0x0000000800c397a0'{0x000000070d043938} (e1a08727)
 - final synthetic 'this$0' 'Lcom/sun/glass/ui/InvokeLaterDispatcher;' @20  a 'com/sun/glass/ui/InvokeLaterDispatcher'{0x000000070d042180} (e1a08430)
 x3=0x0 is NULL
 x4=0x00000000000130a8 is an unknown value
 x5=0x0 is NULL
 x6=0x0 is NULL
 x7=0x0 is NULL
 x8=0x000000010dfd14ec is at begin+0 in a stub
StubRoutines::SafeFetchN [0x000000010dfd14ec, 0x000000010dfd14f8] (12 bytes)
 x9=0x0 is NULL
x10=0x2010000030300000 is an unknown value
x11=0x0000000000000007 is an unknown value
x12=0x0000000000000004 is an unknown value
x13=0x0000600000bb0410 points into unknown readable memory: 0xa8728001c2743c40 | 40 3c 74 c2 01 80 72 a8
x14=0x0000060000000000 is an unknown value
x15=0x000000012a7bdf98: OBJC_CLASS_$_GlassRunnable+0 in /Users/danielweiner/.openjfx/cache/17.0.1/libglass.dylib at 0x000000012a778000
x16=0x00000001c28ad0fc: pthread_getspecific+0 in /usr/lib/system/libsystem_pthread.dylib at 0x00000001c28ab000
x17=0x00006000001b7720 points into unknown readable memory: 0xfffffffffffffffe | fe ff ff ff ff ff ff ff
x18=0x0 is NULL
x19=0x0000600000eb4150 points into unknown readable memory: 0x00006000027b4180 | 80 41 7b 02 00 60 00 00
x20=0x00000001536056c0 points into unknown readable memory: 0x0000000000000000 | 00 00 00 00 00 00 00 00
x21=0x00000001536058c8 is a global jni handle
x22=0x00000001451f9000 is a thread
x23=0x0000000000000001 is an unknown value
x24=0x0000000153605880 is a global jni handle
x25=0x00000001064915e8: _ZN12StubRoutines17_safefetchN_entryE+0 in /Users/danielweiner/Library/Java/JavaVirtualMachines/openjdk-17.0.2/Contents/Home/lib/server/libjvm.dylib at 0x00000001058e0000
x26=0x0000000128518418 is pointing into metadata
x27=0x0 is NULL
x28=0x00000001451f9000 is a thread


Registers:
 x0=0x00000001536058c8  x1=0x0000000000000000  x2=0x0000000705d09d28  x3=0x0000000000000000
 x4=0x00000000000130a8  x5=0x0000000000000000  x6=0x0000000000000000  x7=0x0000000000000000
 x8=0x000000010dfd14ec  x9=0x0000000000000000 x10=0x2010000030300000 x11=0x0000000000000007
x12=0x0000000000000004 x13=0x0000600000bb0410 x14=0x0000060000000000 x15=0x000000012a7bdf98
x16=0x00000001c28ad0fc x17=0x00006000001b7720 x18=0x0000000000000000 x19=0x0000600000eb4150
x20=0x00000001536056c0 x21=0x00000001536058c8 x22=0x00000001451f9000 x23=0x0000000000000001
x24=0x0000000153605880 x25=0x00000001064915e8 x26=0x0000000128518418 x27=0x0000000000000000
x28=0x00000001451f9000  fp=0x000000016e70e7c0  lr=0x000000010608599c  sp=0x000000016e70e780
pc=0x000000010dfd14f0 cpsr=0x0000000060001000
Top of Stack: (sp=0x000000016e70e780)
0x000000016e70e780:   0000000128518418 0000000000000001
0x000000016e70e790:   000000016e70e988 0000000000000000
0x000000016e70e7a0:   000000015480dca8 00000001536058b8
0x000000016e70e7b0:   00000001536058b8 0000600000eb4150
0x000000016e70e7c0:   000000016e70e800 0000000106086bcc
0x000000016e70e7d0:   0000000000000001 00000001536058b8
0x000000016e70e7e0:   000000015480dca8 00000001536058b8
0x000000016e70e7f0:   0000000000000001 000000015480da00
0x000000016e70e800:   000000016e70e840 0000000105d9a824
0x000000016e70e810:   000000016e70e988 000060000278c440
0x000000016e70e820:   000060000278c430 000000020c972be0
0x000000016e70e830:   0000000000000000 000060000278c430
0x000000016e70e840:   000000016e70e870 000000012a782b08
0x000000016e70e850:   1ed2c012b81e0048 0000000000000000
0x000000016e70e860:   0000000000000000 00006000030b6680
0x000000016e70e870:   000000016e70e8b0 00000001c387a618
0x000000016e70e880:   000000016e70e988 000060000278c440
0x000000016e70e890:   000060000278c430 1ed2c012b81e0048
0x000000016e70e8a0:   0000000000000000 0000000000000000
0x000000016e70e8b0:   000000016e70e8f0 23368001c384698c
0x000000016e70e8c0:   000000016e70e988 000000010dfd87c0
0x000000016e70e8d0:   0000000000000000 0000000106498fa8
0x000000016e70e8e0:   000000016e70e900 000000010dfd7730
0x000000016e70e8f0:   000000016e70e960 286c80010dfd98ac
0x000000016e70e900:   000000016e70e968 00000001281c00e0
0x000000016e70e910:   000000016e70e910 0000000000000000
0x000000016e70e920:   000000016e70e988 0000000128518418
0x000000016e70e930:   000000070d042b20 0000000000000000
0x000000016e70e940:   0000000000000000 00000001284f7138
0x000000016e70e950:   0000000000000000 000000016e70e960
0x000000016e70e960:   000000016e70e9e0 000000010dfd5fc8
0x000000016e70e970:   0000000000000000 0000000000000000 

Instructions: (pc=0x000000010dfd14f0)
0x000000010dfd13f0:   f2a0c8a9 f2c00029 6d425935 1e640886
0x000000010dfd1400:   0c402d31 1e6408c7 1f5654d0 1e6c1017
0x000000010dfd1410:   1f5050d0 1f504cd0 1f5048d0 1e650af6
0x000000010dfd1420:   1f50d8f6 1f5694d6 1f5158f6 1e762880
0x000000010dfd1430:   36000501 1e614000 14000026 2e251ca5
0x000000010dfd1440:   d29c3009 f2a0c8a9 f2c00029 6d425d36
0x000000010dfd1450:   1e600806 0c402d32 1f5758c7 1e6c101a
0x000000010dfd1460:   1f4754c7 1e650805 1f4750c7 d2866668
0x000000010dfd1470:   f2a7fa68 1f474cc7 1e6608c0 1f4748c7
0x000000010dfd1480:   1e6e1019 eb08007f 540000ac 1f479400
0x000000010dfd1490:   1f460340 1e603b20 1400000e d2a7fd29
0x000000010dfd14a0:   eb09007f 540000ac 51480069 d3607d29
0x000000010dfd14b0:   9e670121 14000002 1e6a5001 1f679417
0x000000010dfd14c0:   1f668742 1e613b23 1e773857 1e773860
0x000000010dfd14d0:   a8c17ff3 910003bf a8c17bfd d65f03c0
0x000000010dfd14e0:   b9400001 aa0103e0 d65f03c0 f9400001
0x000000010dfd14f0:   aa0103e0 d65f03c0 00000000 00000000
0x000000010dfd1500:   00000000 00000000 00000000 00000000
0x000000010dfd1510:   00000000 00000000 00000000 00000000
0x000000010dfd1520:   00000000 00000000 00000000 00000000
0x000000010dfd1530:   00000000 00000000 00000000 00000000
0x000000010dfd1540:   00000000 00000000 00000000 00000000
0x000000010dfd1550:   00000000 00000000 00000000 00000000
0x000000010dfd1560:   00000000 00000000 00000000 00000000
0x000000010dfd1570:   00000000 00000000 00000000 00000000
0x000000010dfd1580:   00000000 00000000 00000000 00000000
0x000000010dfd1590:   00000000 00000000 00000000 00000000
0x000000010dfd15a0:   00000000 00000000 00000000 00000000
0x000000010dfd15b0:   00000000 00000000 00000000 00000000
0x000000010dfd15c0:   00000000 00000000 00000000 00000000
0x000000010dfd15d0:   00000000 00000000 00000000 00000000
0x000000010dfd15e0:   00000000 00000000 00000000 00000000 


Stack slot to memory mapping:
stack at sp + 0 slots: 0x0000000128518418 is pointing into metadata
stack at sp + 1 slots: 0x0000000000000001 is an unknown value
stack at sp + 2 slots: 0x000000016e70e988 is pointing into the stack for thread: 0x00000001451f9000
stack at sp + 3 slots: 0x0 is NULL
stack at sp + 4 slots: 0x000000015480dca8 points into unknown readable memory: 0x000000010644e738 | 38 e7 44 06 01 00 00 00
stack at sp + 5 slots: 0x00000001536058b8 is a global jni handle
stack at sp + 6 slots: 0x00000001536058b8 is a global jni handle
stack at sp + 7 slots: 0x0000600000eb4150 points into unknown readable memory: 0x00006000027b4180 | 80 41 7b 02 00 60 00 00

StubRoutines::SafeFetchN [0x000000010dfd14ec, 0x000000010dfd14f8] (12 bytes)
[MachCode]
  0x000000010dfd14ec: 0100 40f9 | e003 01aa | c003 5fd6 
[/MachCode]

---------------  P R O C E S S  ---------------

Threads class SMR info:
_java_thread_list=0x00006000024a3d20, length=21, elements={
0x000000015480d400, 0x0000000154836600, 0x00000001450ce200, 0x000000015380e800,
0x00000001450cfa00, 0x00000001450d4200, 0x000000015483a200, 0x000000015483a800,
0x0000000154842e00, 0x0000000154018000, 0x0000000133813800, 0x0000000144027a00,
0x00000001450c7600, 0x00000001451f9000, 0x000000015480da00, 0x000000015491d800,
0x000000015491b200, 0x000000015491de00, 0x0000000154414a00, 0x0000000154434200,
0x0000000153861600
}

Java Threads: ( => current thread )
  0x000000015480d400 JavaThread "main" [_thread_blocked, id=5635, stack(0x000000016b6ec000,0x000000016b8ef000)]
  0x0000000154836600 JavaThread "Reference Handler" daemon [_thread_blocked, id=16387, stack(0x000000016c540000,0x000000016c743000)]
  0x00000001450ce200 JavaThread "Finalizer" daemon [_thread_blocked, id=17667, stack(0x000000016c74c000,0x000000016c94f000)]
  0x000000015380e800 JavaThread "Signal Dispatcher" daemon [_thread_blocked, id=22787, stack(0x000000016ca70000,0x000000016cc73000)]
  0x00000001450cfa00 JavaThread "Service Thread" daemon [_thread_blocked, id=42243, stack(0x000000016cc7c000,0x000000016ce7f000)]
  0x00000001450d4200 JavaThread "Monitor Deflation Thread" daemon [_thread_blocked, id=23299, stack(0x000000016ce88000,0x000000016d08b000)]
  0x000000015483a200 JavaThread "C2 CompilerThread0" daemon [_thread_blocked, id=41731, stack(0x000000016d094000,0x000000016d297000)]
  0x000000015483a800 JavaThread "C1 CompilerThread0" daemon [_thread_blocked, id=23811, stack(0x000000016d2a0000,0x000000016d4a3000)]
  0x0000000154842e00 JavaThread "Sweeper thread" daemon [_thread_blocked, id=24067, stack(0x000000016d4ac000,0x000000016d6af000)]
  0x0000000154018000 JavaThread "Common-Cleaner" daemon [_thread_blocked, id=40963, stack(0x000000016d6b8000,0x000000016d8bb000)]
  0x0000000133813800 JavaThread "Monitor Ctrl-Break" daemon [_thread_in_native, id=39939, stack(0x000000016dcdc000,0x000000016dedf000)]
  0x0000000144027a00 JavaThread "Notification Thread" daemon [_thread_blocked, id=39427, stack(0x000000016dee8000,0x000000016e0eb000)]
  0x00000001450c7600 JavaThread "QuantumRenderer-0" daemon [_thread_blocked, id=25347, stack(0x000000016e300000,0x000000016e503000)]
=>0x00000001451f9000 JavaThread "InvokeLaterDispatcher" daemon [_thread_in_native, id=34567, stack(0x000000016e50c000,0x000000016e70f000)]
  0x000000015480da00 JavaThread "JavaFX Application Thread" [_thread_in_vm, id=259, stack(0x000000016ae64000,0x000000016b660000)]
  0x000000015491d800 JavaThread "JavaFX-Launcher" [_thread_blocked, id=55047, stack(0x000000016ea3c000,0x000000016ec3f000)]
  0x000000015491b200 JavaThread "mysql-cj-abandoned-connection-cleanup" daemon [_thread_blocked, id=72195, stack(0x000000016f684000,0x000000016f887000)]
  0x000000015491de00 JavaThread "Prism Font Disposer" daemon [_thread_blocked, id=60939, stack(0x000000016f890000,0x000000016fa93000)]
  0x0000000154414a00 JavaThread "Cleaner-0" daemon [_thread_blocked, id=78607, stack(0x000000029841c000,0x000000029861f000)]
  0x0000000154434200 JavaThread "Attach Listener" daemon [_thread_blocked, id=89883, stack(0x0000000298628000,0x000000029882b000)]
  0x0000000153861600 JavaThread "PulseTimer-CVDisplayLink thread" daemon [_thread_in_native, id=90799, stack(0x000000016d8c4000,0x000000016d947000)]

Other Threads:
  0x000000014490ac60 VMThread "VM Thread" [stack: 0x000000016c334000,0x000000016c537000] [id=16131]
  0x0000000144807330 WatcherThread [stack: 0x000000016e0f4000,0x000000016e2f7000] [id=39171]
  0x0000000155006b40 GCTaskThread "GC Thread#0" [stack: 0x000000016b8f8000,0x000000016bafb000] [id=12803]
  0x000000014492b7a0 GCTaskThread "GC Thread#1" [stack: 0x000000016ec48000,0x000000016ee4b000] [id=58883]
  0x000000014492bc20 GCTaskThread "GC Thread#2" [stack: 0x000000016ee54000,0x000000016f057000] [id=59139]
  0x000000014492c0a0 GCTaskThread "GC Thread#3" [stack: 0x000000016f060000,0x000000016f263000] [id=73219]
  0x000000014480e750 GCTaskThread "GC Thread#4" [stack: 0x000000016f26c000,0x000000016f46f000] [id=72707]
  0x0000000143605ad0 GCTaskThread "GC Thread#5" [stack: 0x000000016f478000,0x000000016f67b000] [id=59651]
  0x0000000153633050 GCTaskThread "GC Thread#6" [stack: 0x000000016fa9c000,0x000000016fc9f000] [id=61187]
  0x00000001536334d0 GCTaskThread "GC Thread#7" [stack: 0x000000016fca8000,0x000000016feab000] [id=61699]
  0x0000000144904080 ConcurrentGCThread "G1 Main Marker" [stack: 0x000000016bb04000,0x000000016bd07000] [id=20227]
  0x0000000144904900 ConcurrentGCThread "G1 Conc#0" [stack: 0x000000016bd10000,0x000000016bf13000] [id=19459]
  0x0000000153633950 ConcurrentGCThread "G1 Conc#1" [stack: 0x0000000298004000,0x0000000298207000] [id=62211]
  0x0000000144906770 ConcurrentGCThread "G1 Refine#0" [stack: 0x000000016bf1c000,0x000000016c11f000] [id=14083]
  0x0000000153633e20 ConcurrentGCThread "G1 Refine#1" [stack: 0x0000000298210000,0x0000000298413000] [id=62467]
  0x0000000144907010 ConcurrentGCThread "G1 Service" [stack: 0x000000016c128000,0x000000016c32b000] [id=19203]

Threads with active compile tasks:

VM state: not at safepoint (normal execution)

VM Mutex/Monitor currently owned by a thread: None

Heap address: 0x0000000700000000, size: 4096 MB, Compressed Oops mode: Zero based, Oop shift amount: 3

CDS archive(s) mapped at: [0x0000000800000000-0x0000000800bd4000-0x0000000800bd4000), size 12402688, SharedBaseAddress: 0x0000000800000000, ArchiveRelocationMode: 0.
Compressed class space mapped at: 0x0000000800c00000-0x0000000840c00000, reserved size: 1073741824
Narrow klass base: 0x0000000800000000, Narrow klass shift: 0, Narrow klass range: 0x100000000

GC Precious Log:
 CPUs: 8 total, 8 available
 Memory: 16384M
 Large Page Support: Disabled
 NUMA Support: Disabled
 Compressed Oops: Enabled (Zero based)
 Heap Region Size: 2M
 Heap Min Capacity: 8M
 Heap Initial Capacity: 256M
 Heap Max Capacity: 4G
 Pre-touch: Disabled
 Parallel Workers: 8
 Concurrent Workers: 2
 Concurrent Refinement Workers: 8
 Periodic GC: Disabled

Heap:
 garbage-first heap   total 122880K, used 50506K [0x0000000700000000, 0x0000000800000000)
  region size 2048K, 13 young (26624K), 4 survivors (8192K)
 Metaspace       used 23960K, committed 24192K, reserved 1073152K
  class space    used 3304K, committed 3392K, reserved 1048576K

Heap Regions: E=young(eden), S=young(survivor), O=old, HS=humongous(starts), HC=humongous(continues), CS=collection set, F=free, OA=open archive, CA=closed archive, TAMS=top-at-mark-start (previous, next)
|   0|0x0000000700000000, 0x0000000700200000, 0x0000000700200000|100%|HS|  |TAMS 0x0000000700200000, 0x0000000700000000| Complete 
|   1|0x0000000700200000, 0x0000000700400000, 0x0000000700400000|100%|HC|  |TAMS 0x0000000700400000, 0x0000000700200000| Complete 
|   2|0x0000000700400000, 0x0000000700600000, 0x0000000700600000|100%|HC|  |TAMS 0x0000000700600000, 0x0000000700400000| Complete 
|   3|0x0000000700600000, 0x0000000700800000, 0x0000000700800000|100%|HC|  |TAMS 0x0000000700800000, 0x0000000700600000| Complete 
|   4|0x0000000700800000, 0x0000000700a00000, 0x0000000700a00000|100%|HS|  |TAMS 0x0000000700a00000, 0x0000000700800000| Complete 
|   5|0x0000000700a00000, 0x0000000700c00000, 0x0000000700c00000|100%|HC|  |TAMS 0x0000000700c00000, 0x0000000700a00000| Complete 
|   6|0x0000000700c00000, 0x0000000700e00000, 0x0000000700e00000|100%|HC|  |TAMS 0x0000000700e00000, 0x0000000700c00000| Complete 
|   7|0x0000000700e00000, 0x0000000701000000, 0x0000000701000000|100%|HC|  |TAMS 0x0000000701000000, 0x0000000700e00000| Complete 
|   8|0x0000000701000000, 0x0000000701200000, 0x0000000701200000|100%|HC|  |TAMS 0x0000000701200000, 0x0000000701000000| Complete 
|   9|0x0000000701200000, 0x0000000701400000, 0x0000000701400000|100%|HC|  |TAMS 0x0000000701400000, 0x0000000701200000| Complete 
|  10|0x0000000701400000, 0x000000070155a800, 0x0000000701600000| 67%| O|  |TAMS 0x0000000701400000, 0x0000000701400000| Complete 
|  11|0x0000000701600000, 0x0000000701800000, 0x0000000701800000|100%|HS|  |TAMS 0x0000000701600000, 0x0000000701600000| Complete 
|  12|0x0000000701800000, 0x0000000701800000, 0x0000000701a00000|  0%| F|  |TAMS 0x0000000701800000, 0x0000000701800000| Untracked 
|  13|0x0000000701a00000, 0x0000000701a00000, 0x0000000701c00000|  0%| F|  |TAMS 0x0000000701a00000, 0x0000000701a00000| Untracked 
|  14|0x0000000701c00000, 0x0000000701c00000, 0x0000000701e00000|  0%| F|  |TAMS 0x0000000701c00000, 0x0000000701c00000| Untracked 
|  15|0x0000000701e00000, 0x0000000701e00000, 0x0000000702000000|  0%| F|  |TAMS 0x0000000701e00000, 0x0000000701e00000| Untracked 
|  16|0x0000000702000000, 0x0000000702000000, 0x0000000702200000|  0%| F|  |TAMS 0x0000000702000000, 0x0000000702000000| Untracked 
|  17|0x0000000702200000, 0x0000000702200000, 0x0000000702400000|  0%| F|  |TAMS 0x0000000702200000, 0x0000000702200000| Untracked 
|  18|0x0000000702400000, 0x0000000702400000, 0x0000000702600000|  0%| F|  |TAMS 0x0000000702400000, 0x0000000702400000| Untracked 
|  19|0x0000000702600000, 0x0000000702600000, 0x0000000702800000|  0%| F|  |TAMS 0x0000000702600000, 0x0000000702600000| Untracked 
|  20|0x0000000702800000, 0x0000000702800000, 0x0000000702a00000|  0%| F|  |TAMS 0x0000000702800000, 0x0000000702800000| Untracked 
|  21|0x0000000702a00000, 0x0000000702a00000, 0x0000000702c00000|  0%| F|  |TAMS 0x0000000702a00000, 0x0000000702a00000| Untracked 
|  22|0x0000000702c00000, 0x0000000702c00000, 0x0000000702e00000|  0%| F|  |TAMS 0x0000000702c00000, 0x0000000702c00000| Untracked 
|  23|0x0000000702e00000, 0x0000000702e00000, 0x0000000703000000|  0%| F|  |TAMS 0x0000000702e00000, 0x0000000702e00000| Untracked 
|  24|0x0000000703000000, 0x0000000703000000, 0x0000000703200000|  0%| F|  |TAMS 0x0000000703000000, 0x0000000703000000| Untracked 
|  25|0x0000000703200000, 0x0000000703200000, 0x0000000703400000|  0%| F|  |TAMS 0x0000000703200000, 0x0000000703200000| Untracked 
|  26|0x0000000703400000, 0x0000000703400000, 0x0000000703600000|  0%| F|  |TAMS 0x0000000703400000, 0x0000000703400000| Untracked 
|  27|0x0000000703600000, 0x0000000703600000, 0x0000000703800000|  0%| F|  |TAMS 0x0000000703600000, 0x0000000703600000| Untracked 
|  28|0x0000000703800000, 0x0000000703800000, 0x0000000703a00000|  0%| F|  |TAMS 0x0000000703800000, 0x0000000703800000| Untracked 
|  29|0x0000000703a00000, 0x0000000703a00000, 0x0000000703c00000|  0%| F|  |TAMS 0x0000000703a00000, 0x0000000703a00000| Untracked 
|  30|0x0000000703c00000, 0x0000000703c00000, 0x0000000703e00000|  0%| F|  |TAMS 0x0000000703c00000, 0x0000000703c00000| Untracked 
|  31|0x0000000703e00000, 0x0000000703e00000, 0x0000000704000000|  0%| F|  |TAMS 0x0000000703e00000, 0x0000000703e00000| Untracked 
|  32|0x0000000704000000, 0x0000000704000000, 0x0000000704200000|  0%| F|  |TAMS 0x0000000704000000, 0x0000000704000000| Untracked 
|  33|0x0000000704200000, 0x0000000704200000, 0x0000000704400000|  0%| F|  |TAMS 0x0000000704200000, 0x0000000704200000| Untracked 
|  34|0x0000000704400000, 0x0000000704400000, 0x0000000704600000|  0%| F|  |TAMS 0x0000000704400000, 0x0000000704400000| Untracked 
|  35|0x0000000704600000, 0x0000000704600000, 0x0000000704800000|  0%| F|  |TAMS 0x0000000704600000, 0x0000000704600000| Untracked 
|  36|0x0000000704800000, 0x0000000704800000, 0x0000000704a00000|  0%| F|  |TAMS 0x0000000704800000, 0x0000000704800000| Untracked 
|  37|0x0000000704a00000, 0x0000000704a00000, 0x0000000704c00000|  0%| F|  |TAMS 0x0000000704a00000, 0x0000000704a00000| Untracked 
|  38|0x0000000704c00000, 0x0000000704c00000, 0x0000000704e00000|  0%| F|  |TAMS 0x0000000704c00000, 0x0000000704c00000| Untracked 
|  39|0x0000000704e00000, 0x0000000704e00000, 0x0000000705000000|  0%| F|  |TAMS 0x0000000704e00000, 0x0000000704e00000| Untracked 
|  40|0x0000000705000000, 0x0000000705000000, 0x0000000705200000|  0%| F|  |TAMS 0x0000000705000000, 0x0000000705000000| Untracked 
|  41|0x0000000705200000, 0x0000000705200000, 0x0000000705400000|  0%| F|  |TAMS 0x0000000705200000, 0x0000000705200000| Untracked 
|  42|0x0000000705400000, 0x0000000705400000, 0x0000000705600000|  0%| F|  |TAMS 0x0000000705400000, 0x0000000705400000| Untracked 
|  43|0x0000000705600000, 0x0000000705600000, 0x0000000705800000|  0%| F|  |TAMS 0x0000000705600000, 0x0000000705600000| Untracked 
|  44|0x0000000705800000, 0x0000000705800000, 0x0000000705a00000|  0%| F|  |TAMS 0x0000000705800000, 0x0000000705800000| Untracked 
|  45|0x0000000705a00000, 0x0000000705ad2438, 0x0000000705c00000| 41%| E|  |TAMS 0x0000000705a00000, 0x0000000705a00000| Complete 
|  46|0x0000000705c00000, 0x0000000705e00000, 0x0000000705e00000|100%| E|CS|TAMS 0x0000000705c00000, 0x0000000705c00000| Complete 
|  47|0x0000000705e00000, 0x0000000706000000, 0x0000000706000000|100%| E|CS|TAMS 0x0000000705e00000, 0x0000000705e00000| Complete 
|  48|0x0000000706000000, 0x0000000706200000, 0x0000000706200000|100%| E|CS|TAMS 0x0000000706000000, 0x0000000706000000| Complete 
|  49|0x0000000706200000, 0x0000000706400000, 0x0000000706400000|100%| E|CS|TAMS 0x0000000706200000, 0x0000000706200000| Complete 
|  50|0x0000000706400000, 0x0000000706600000, 0x0000000706600000|100%| E|CS|TAMS 0x0000000706400000, 0x0000000706400000| Complete 
|  51|0x0000000706600000, 0x0000000706800000, 0x0000000706800000|100%| E|CS|TAMS 0x0000000706600000, 0x0000000706600000| Complete 
|  52|0x0000000706800000, 0x0000000706a00000, 0x0000000706a00000|100%| E|CS|TAMS 0x0000000706800000, 0x0000000706800000| Complete 
| 101|0x000000070ca00000, 0x000000070cc00000, 0x000000070cc00000|100%| S|CS|TAMS 0x000000070ca00000, 0x000000070ca00000| Complete 
| 102|0x000000070cc00000, 0x000000070ce00000, 0x000000070ce00000|100%| S|CS|TAMS 0x000000070cc00000, 0x000000070cc00000| Complete 
| 103|0x000000070ce00000, 0x000000070d000000, 0x000000070d000000|100%| S|CS|TAMS 0x000000070ce00000, 0x000000070ce00000| Complete 
| 104|0x000000070d000000, 0x000000070d200000, 0x000000070d200000|100%| S|CS|TAMS 0x000000070d000000, 0x000000070d000000| Complete 
| 127|0x000000070fe00000, 0x0000000710000000, 0x0000000710000000|100%| E|CS|TAMS 0x000000070fe00000, 0x000000070fe00000| Complete 
|2046|0x00000007ffc00000, 0x00000007ffd78000, 0x00000007ffe00000| 73%|OA|  |TAMS 0x00000007ffd78000, 0x00000007ffc00000| Untracked 
|2047|0x00000007ffe00000, 0x00000007ffe80000, 0x0000000800000000| 25%|CA|  |TAMS 0x00000007ffe80000, 0x00000007ffe00000| Untracked 

Card table byte_map: [0x000000011cfd0000,0x000000011d7d0000] _byte_map_base: 0x00000001197d0000

Marking Bits (Prev, Next): (CMBitMap*) 0x0000000144008250, (CMBitMap*) 0x0000000144008210
 Prev Bits: [0x0000000121fd0000, 0x0000000125fd0000)
 Next Bits: [0x000000011dfd0000, 0x0000000121fd0000)

Polling page: 0x00000001049d8000

Metaspace:

Usage:
  Non-class:     20.17 MB used.
      Class:      3.23 MB used.
       Both:     23.40 MB used.

Virtual space:
  Non-class space:       24.00 MB reserved,      20.31 MB ( 85%) committed,  3 nodes.
      Class space:        1.00 GB reserved,       3.31 MB ( <1%) committed,  1 nodes.
             Both:        1.02 GB reserved,      23.62 MB (  2%) committed. 

Chunk freelists:
   Non-Class:  3.58 MB
       Class:  592.00 KB
        Both:  4.16 MB

MaxMetaspaceSize: unlimited
CompressedClassSpaceSize: 1.00 GB
Initial GC threshold: 21.00 MB
Current GC threshold: 35.12 MB
CDS: on
MetaspaceReclaimPolicy: balanced
 - commit_granule_bytes: 65536.
 - commit_granule_words: 8192.
 - virtual_space_node_default_size: 1048576.
 - enlarge_chunks_in_place: 1.
 - new_chunks_are_fully_committed: 0.
 - uncommit_free_chunks: 1.
 - use_allocation_guard: 0.
 - handle_deallocations: 1.


Internal statistics:

num_allocs_failed_limit: 3.
num_arena_births: 234.
num_arena_deaths: 0.
num_vsnodes_births: 4.
num_vsnodes_deaths: 0.
num_space_committed: 378.
num_space_uncommitted: 0.
num_chunks_returned_to_freelist: 3.
num_chunks_taken_from_freelist: 879.
num_chunk_merges: 3.
num_chunk_splits: 621.
num_chunks_enlarged: 484.
num_purges: 0.
num_inconsistent_stats: 0.

CodeHeap 'non-profiled nmethods': size=120032Kb used=1434Kb max_used=1434Kb free=118597Kb
 bounds [0x0000000115a98000, 0x0000000115d08000, 0x000000011cfd0000]
CodeHeap 'profiled nmethods': size=120016Kb used=6103Kb max_used=6103Kb free=113912Kb
 bounds [0x000000010e564000, 0x000000010eb64000, 0x0000000115a98000]
CodeHeap 'non-nmethods': size=5712Kb used=1466Kb max_used=1516Kb free=4245Kb
 bounds [0x000000010dfd0000, 0x000000010e240000, 0x000000010e564000]
 total_blobs=3929 nmethods=3058 adapters=787
 compilation: enabled
              stopped_count=0, restarted_count=0
 full_count=0

Compilation events (20 events):
Event: 2.332 Thread 0x000000015483a800 3125       3       java.lang.String::getChars (54 bytes)
Event: 2.332 Thread 0x000000015483a800 nmethod 3125 0x000000010eb56910 code [0x000000010eb56b40, 0x000000010eb570a8]
Event: 2.332 Thread 0x000000015483a800 3126       3       java.lang.StringLatin1::getChars (12 bytes)
Event: 2.332 Thread 0x000000015483a800 nmethod 3126 0x000000010eb57290 code [0x000000010eb57440, 0x000000010eb57598]
Event: 2.332 Thread 0x000000015483a800 3127       3       java.io.Writer::write (11 bytes)
Event: 2.332 Thread 0x000000015483a800 nmethod 3127 0x000000010eb57690 code [0x000000010eb57880, 0x000000010eb57bd8]
Event: 2.425 Thread 0x000000015483a800 3128       3       java.util.concurrent.locks.ReentrantLock$Sync::isHeldExclusively (16 bytes)
Event: 2.426 Thread 0x000000015483a800 nmethod 3128 0x000000010eb57d10 code [0x000000010eb57ec0, 0x000000010eb580a8]
Event: 2.459 Thread 0x000000015483a800 3130       3       java.util.WeakHashMap::isEmpty (13 bytes)
Event: 2.459 Thread 0x000000015483a800 nmethod 3130 0x000000010eb58110 code [0x000000010eb582c0, 0x000000010eb58558]
Event: 2.492 Thread 0x000000015483a800 3131       3       java.util.WeakHashMap$HashIterator::nextEntry (81 bytes)
Event: 2.493 Thread 0x000000015483a800 nmethod 3131 0x000000010eb58690 code [0x000000010eb58880, 0x000000010eb58e38]
Event: 2.493 Thread 0x000000015483a800 3132       1       java.util.WeakHashMap$Entry::getValue (5 bytes)
Event: 2.493 Thread 0x000000015483a800 nmethod 3132 0x0000000115bfe690 code [0x0000000115bfe800, 0x0000000115bfe8e8]
Event: 2.509 Thread 0x000000015483a800 3133       3       java.util.concurrent.atomic.AtomicBoolean::get (13 bytes)
Event: 2.509 Thread 0x000000015483a800 nmethod 3133 0x000000010eb59010 code [0x000000010eb591c0, 0x000000010eb59368]
Event: 2.509 Thread 0x000000015483a800 3134       3       java.util.WeakHashMap$Entry::getKey (8 bytes)
Event: 2.509 Thread 0x000000015483a800 nmethod 3134 0x000000010eb59410 code [0x000000010eb595c0, 0x000000010eb59868]
Event: 2.509 Thread 0x000000015483a800 3135       3       java.util.WeakHashMap::unmaskNull (13 bytes)
Event: 2.509 Thread 0x000000015483a800 nmethod 3135 0x000000010eb59910 code [0x000000010eb59ac0, 0x000000010eb59c28]

GC Heap History (4 events):
Event: 0.296 GC heap before
{Heap before GC invocations=0 (full 0):
 garbage-first heap   total 266240K, used 24544K [0x0000000700000000, 0x0000000800000000)
  region size 2048K, 11 young (22528K), 0 survivors (0K)
 Metaspace       used 7044K, committed 7232K, reserved 1056768K
  class space    used 894K, committed 1024K, reserved 1048576K
}
Event: 0.298 GC heap after
{Heap after GC invocations=1 (full 0):
 garbage-first heap   total 266240K, used 5055K [0x0000000700000000, 0x0000000800000000)
  region size 2048K, 2 young (4096K), 2 survivors (4096K)
 Metaspace       used 7044K, committed 7232K, reserved 1056768K
  class space    used 894K, committed 1024K, reserved 1048576K
}
Event: 0.838 GC heap before
{Heap before GC invocations=1 (full 0):
 garbage-first heap   total 266240K, used 66495K [0x0000000700000000, 0x0000000800000000)
  region size 2048K, 23 young (47104K), 2 survivors (4096K)
 Metaspace       used 21297K, committed 21504K, reserved 1073152K
  class space    used 2909K, committed 3008K, reserved 1048576K
}
Event: 0.841 GC heap after
{Heap after GC invocations=2 (full 0):
 garbage-first heap   total 266240K, used 32074K [0x0000000700000000, 0x0000000800000000)
  region size 2048K, 4 young (8192K), 4 survivors (8192K)
 Metaspace       used 21297K, committed 21504K, reserved 1073152K
  class space    used 2909K, committed 3008K, reserved 1048576K
}

Deoptimization events (20 events):
Event: 1.071 Thread 0x00000001450c7600 DEOPT PACKING pc=0x000000010ea82838 sp=0x000000016e500b80
Event: 1.071 Thread 0x00000001450c7600 DEOPT UNPACKING pc=0x000000010e00eb7c sp=0x000000016e5007e0 mode 0
Event: 1.071 Thread 0x00000001450c7600 DEOPT PACKING pc=0x000000010ea82838 sp=0x000000016e500b80
Event: 1.071 Thread 0x00000001450c7600 DEOPT UNPACKING pc=0x000000010e00eb7c sp=0x000000016e5007e0 mode 0
Event: 1.071 Thread 0x00000001450c7600 DEOPT PACKING pc=0x000000010ea82774 sp=0x000000016e500b80
Event: 1.071 Thread 0x00000001450c7600 DEOPT UNPACKING pc=0x000000010e00eb7c sp=0x000000016e5007e0 mode 0
Event: 1.071 Thread 0x00000001450c7600 DEOPT PACKING pc=0x000000010ea82838 sp=0x000000016e500b80
Event: 1.071 Thread 0x00000001450c7600 DEOPT UNPACKING pc=0x000000010e00eb7c sp=0x000000016e5007e0 mode 0
Event: 1.071 Thread 0x00000001450c7600 DEOPT PACKING pc=0x000000010ea82838 sp=0x000000016e500b80
Event: 1.071 Thread 0x00000001450c7600 DEOPT UNPACKING pc=0x000000010e00eb7c sp=0x000000016e5007e0 mode 0
Event: 1.071 Thread 0x00000001450c7600 DEOPT PACKING pc=0x000000010ea8274c sp=0x000000016e500b80
Event: 1.071 Thread 0x00000001450c7600 DEOPT UNPACKING pc=0x000000010e00eb7c sp=0x000000016e5007e0 mode 0
Event: 1.072 Thread 0x00000001450c7600 DEOPT PACKING pc=0x000000010ea82838 sp=0x000000016e500b80
Event: 1.072 Thread 0x00000001450c7600 DEOPT UNPACKING pc=0x000000010e00eb7c sp=0x000000016e5007e0 mode 0
Event: 1.072 Thread 0x00000001450c7600 DEOPT PACKING pc=0x000000010ea82838 sp=0x000000016e500b80
Event: 1.072 Thread 0x00000001450c7600 DEOPT UNPACKING pc=0x000000010e00eb7c sp=0x000000016e5007e0 mode 0
Event: 2.324 Thread 0x000000015480da00 Uncommon trap: trap_request=0xffffff45 fr.pc=0x0000000115b3652c relative=0x000000000000012c
Event: 2.324 Thread 0x000000015480da00 Uncommon trap: reason=unstable_if action=reinterpret pc=0x0000000115b3652c method=java.util.regex.Matcher.reset()Ljava/util/regex/Matcher; @ 71 c2
Event: 2.324 Thread 0x000000015480da00 DEOPT PACKING pc=0x0000000115b3652c sp=0x000000016b659f60
Event: 2.324 Thread 0x000000015480da00 DEOPT UNPACKING pc=0x000000010e00ed1c sp=0x000000016b659ef0 mode 2

Classes unloaded (0 events):
No events

Classes redefined (0 events):
No events

Internal exceptions (20 events):
Event: 0.631 Thread 0x000000015480da00 Implicit null exception at 0x0000000115b563f8 to 0x0000000115b56488
Event: 0.658 Thread 0x000000015480da00 Implicit null exception at 0x0000000115b34d54 to 0x0000000115b34f10
Event: 0.659 Thread 0x000000015480da00 Implicit null exception at 0x0000000115aaaa54 to 0x0000000115aaaac0
Event: 0.667 Thread 0x000000015480da00 Exception <a 'java/lang/NoSuchMethodError'{0x000000070dacaec0}: 'void java.lang.invoke.DirectMethodHandle$Holder.invokeSpecial(java.lang.Object, java.lang.Object, java.lang.Object, java.lang.Object, java.lang.Object)'> (0x000000070dacaec0) 
thrown [open/src/hotspot/share/interpreter/linkResolver.cpp, line 766]
Event: 0.668 Thread 0x000000015480da00 Exception <a 'java/lang/ClassNotFoundException'{0x000000070dae8fe0}: com/sun/javafx/scene/control/skin/resources/controls> (0x000000070dae8fe0) 
thrown [open/src/hotspot/share/prims/jni.cpp, line 535]
Event: 0.668 Thread 0x000000015480da00 Exception <a 'java/lang/ClassNotFoundException'{0x000000070daf6f80}: com/sun/javafx/scene/control/skin/resources/controls_en> (0x000000070daf6f80) 
thrown [open/src/hotspot/share/prims/jni.cpp, line 535]
Event: 0.668 Thread 0x000000015480da00 Exception <a 'java/lang/ClassNotFoundException'{0x000000070daf7fb0}: com/sun/javafx/scene/control/skin/resources/controls_en_US> (0x000000070daf7fb0) 
thrown [open/src/hotspot/share/prims/jni.cpp, line 535]
Event: 0.678 Thread 0x000000015480da00 Exception <a 'java/lang/NoSuchMethodError'{0x000000070d87e110}: 'java.lang.Object java.lang.invoke.DirectMethodHandle$Holder.invokeInterface(java.lang.Object, java.lang.Object, java.lang.Object)'> (0x000000070d87e110) 
thrown [open/src/hotspot/share/interpreter/linkResolver.cpp, line 766]
Event: 0.678 Thread 0x000000015480da00 Exception <a 'java/lang/IncompatibleClassChangeError'{0x000000070d8817d8}: Found class java.lang.Object, but interface was expected> (0x000000070d8817d8) 
thrown [open/src/hotspot/share/interpreter/linkResolver.cpp, line 833]
Event: 0.897 Thread 0x000000015480da00 Exception <a 'java/lang/NoSuchMethodError'{0x0000000706708688}: 'java.lang.Object java.lang.invoke.DirectMethodHandle$Holder.newInvokeSpecial(java.lang.Object, java.lang.Object, int)'> (0x0000000706708688) 
thrown [open/src/hotspot/share/interpreter/linkResolver.cpp, line 766]
Event: 0.931 Thread 0x000000015480da00 Exception <a 'java/lang/NoSuchMethodError'{0x0000000706725840}: 'java.lang.Object java.lang.invoke.DirectMethodHandle$Holder.invokeSpecial(java.lang.Object, java.lang.Object, double, java.lang.Object, java.lang.Object)'> (0x0000000706725840) 
thrown [open/src/hotspot/share/interpreter/linkResolver.cpp, line 766]
Event: 1.064 Thread 0x00000001450c7600 Exception <a 'java/lang/NoSuchMethodError'{0x00000007061adde0}: 'java.lang.Object java.lang.invoke.DirectMethodHandle$Holder.invokeStaticInit(java.lang.Object, int)'> (0x00000007061adde0) 
thrown [open/src/hotspot/share/interpreter/linkResolver.cpp, line 766]
Event: 2.155 Thread 0x000000015480da00 Exception <a 'java/lang/NoSuchMethodError'{0x0000000705c0ccb8}: 'java.lang.Object java.lang.invoke.DirectMethodHandle$Holder.newInvokeSpecial(java.lang.Object, java.lang.Object, int, int, int, int, int, java.lang.Object)'> (0x0000000705c0ccb8) 
thrown [open/src/hotspot/share/interpreter/linkResolver.cpp, line 766]
Event: 2.156 Thread 0x000000015480da00 Exception <a 'java/lang/NoSuchMethodError'{0x0000000705c1fc98}: 'java.lang.Object java.lang.invoke.DirectMethodHandle$Holder.newInvokeSpecial(java.lang.Object, java.lang.Object, java.lang.Object, int, int, int, int, int)'> (0x0000000705c1fc98) 
thrown [open/src/hotspot/share/interpreter/linkResolver.cpp, line 766]
Event: 2.157 Thread 0x000000015480da00 Exception <a 'java/lang/NoSuchMethodError'{0x0000000705c274f8}: 'java.lang.Object java.lang.invoke.Invokers$Holder.linkToTargetMethod(java.lang.Object, java.lang.Object, int, int, int, int, int, java.lang.Object)'> (0x0000000705c274f8) 
thrown [open/src/hotspot/share/interpreter/linkResolver.cpp, line 766]
Event: 2.177 Thread 0x000000015480da00 Exception <a 'java/lang/NoSuchMethodError'{0x0000000705c3f5a8}: 'long java.lang.invoke.DirectMethodHandle$Holder.invokeStatic(java.lang.Object, java.lang.Object, java.lang.Object)'> (0x0000000705c3f5a8) 
thrown [open/src/hotspot/share/interpreter/linkResolver.cpp, line 766]
Event: 2.177 Thread 0x000000015480da00 Exception <a 'java/lang/NoSuchMethodError'{0x0000000705c42d50}: 'long java.lang.invoke.DirectMethodHandle$Holder.invokeStaticInit(java.lang.Object, java.lang.Object, java.lang.Object)'> (0x0000000705c42d50) 
thrown [open/src/hotspot/share/interpreter/linkResolver.cpp, line 766]
Event: 2.178 Thread 0x000000015480da00 Exception <a 'java/lang/NoSuchMethodError'{0x0000000705c5a958}: 'java.lang.Object java.lang.invoke.DirectMethodHandle$Holder.newInvokeSpecial(java.lang.Object, java.lang.Object, long)'> (0x0000000705c5a958) 
thrown [open/src/hotspot/share/interpreter/linkResolver.cpp, line 766]
Event: 2.179 Thread 0x000000015480da00 Exception <a 'java/lang/NoSuchMethodError'{0x0000000705c5e220}: 'java.lang.Object java.lang.invoke.Invokers$Holder.linkToTargetMethod(java.lang.Object, long, java.lang.Object)'> (0x0000000705c5e220) 
thrown [open/src/hotspot/share/interpreter/linkResolver.cpp, line 766]
Event: 2.330 Thread 0x000000015480da00 Exception <a 'sun/nio/fs/UnixException'{0x0000000705dff5e8}> (0x0000000705dff5e8) 
thrown [open/src/hotspot/share/prims/jni.cpp, line 516]

VM Operations (20 events):
Event: 0.515 Executing VM operation: HandshakeAllThreads
Event: 0.515 Executing VM operation: HandshakeAllThreads done
Event: 0.672 Executing VM operation: ICBufferFull
Event: 0.672 Executing VM operation: ICBufferFull done
Event: 0.803 Executing VM operation: HandshakeAllThreads
Event: 0.803 Executing VM operation: HandshakeAllThreads done
Event: 0.831 Executing VM operation: ICBufferFull
Event: 0.831 Executing VM operation: ICBufferFull done
Event: 0.838 Executing VM operation: CollectForMetadataAllocation
Event: 0.841 Executing VM operation: CollectForMetadataAllocation done
Event: 0.845 Executing VM operation: G1Concurrent
Event: 0.846 Executing VM operation: G1Concurrent done
Event: 0.847 Executing VM operation: G1Concurrent
Event: 0.847 Executing VM operation: G1Concurrent done
Event: 0.887 Executing VM operation: ICBufferFull
Event: 0.888 Executing VM operation: ICBufferFull done
Event: 1.325 Executing VM operation: ICBufferFull
Event: 1.325 Executing VM operation: ICBufferFull done
Event: 2.200 Executing VM operation: ICBufferFull
Event: 2.200 Executing VM operation: ICBufferFull done

Events (20 events):
Event: 1.160 loading class sun/util/resources/OpenListResourceBundle
Event: 1.160 loading class sun/util/resources/OpenListResourceBundle done
Event: 1.160 loading class sun/util/resources/TimeZoneNamesBundle done
Event: 1.160 loading class sun/util/resources/cldr/TimeZoneNames done
Event: 1.161 loading class sun/util/resources/cldr/TimeZoneNames_en
Event: 1.161 loading class sun/util/resources/cldr/TimeZoneNames_en done
Event: 1.161 loading class sun/util/resources/cldr/TimeZoneNames_en_US
Event: 1.161 loading class sun/util/resources/cldr/TimeZoneNames_en_US done
Event: 1.183 Protecting memory [0x000000016dad0000,0x000000016dadc000] with protection modes 3
Event: 1.183 Thread 0x000000015380d600 Thread exited: 0x000000015380d600
Event: 1.459 Protecting memory [0x000000016d8c4000,0x000000016d8d0000] with protection modes 3
Event: 1.459 Thread 0x0000000153861600 Thread exited: 0x0000000153861600
Event: 1.875 Protecting memory [0x000000016e718000,0x000000016e724000] with protection modes 3
Event: 1.875 Thread 0x000000015485b400 Thread exited: 0x000000015485b400
Event: 2.175 Protecting memory [0x000000016d8c4000,0x000000016d8d0000] with protection modes 0
Event: 2.175 Thread 0x0000000153861600 Thread added: 0x0000000153861600
Event: 2.331 loading class java/lang/Throwable$WrappedPrintStream
Event: 2.331 loading class java/lang/Throwable$PrintStreamOrWriter
Event: 2.331 loading class java/lang/Throwable$PrintStreamOrWriter done
Event: 2.331 loading class java/lang/Throwable$WrappedPrintStream done


Dynamic libraries:
0x00000001047d4000 	/Users/danielweiner/Library/Java/JavaVirtualMachines/openjdk-17.0.2/Contents/Home/lib/libjli.dylib
0x00000001cd340000 	/usr/lib/libz.1.dylib
0x00000001cd3f7000 	/usr/lib/libSystem.B.dylib
0x00000001cd3f1000 	/usr/lib/system/libcache.dylib
0x00000001cd3af000 	/usr/lib/system/libcommonCrypto.dylib
0x00000001cd3d8000 	/usr/lib/system/libcompiler_rt.dylib
0x00000001cd3cf000 	/usr/lib/system/libcopyfile.dylib
0x00000001c2637000 	/usr/lib/system/libcorecrypto.dylib
0x00000001c26ea000 	/usr/lib/system/libdispatch.dylib
0x00000001c28b8000 	/usr/lib/system/libdyld.dylib
0x00000001cd3e7000 	/usr/lib/system/libkeymgr.dylib
0x00000001cd38a000 	/usr/lib/system/libmacho.dylib
0x00000001cca7f000 	/usr/lib/system/libquarantine.dylib
0x00000001cd3e4000 	/usr/lib/system/libremovefile.dylib
0x00000001c7a20000 	/usr/lib/system/libsystem_asl.dylib
0x00000001c25d9000 	/usr/lib/system/libsystem_blocks.dylib
0x00000001c2772000 	/usr/lib/system/libsystem_c.dylib
0x00000001cd3dc000 	/usr/lib/system/libsystem_collections.dylib
0x00000001cbf0d000 	/usr/lib/system/libsystem_configuration.dylib
0x00000001cb169000 	/usr/lib/system/libsystem_containermanager.dylib
0x00000001cd0ec000 	/usr/lib/system/libsystem_coreservices.dylib
0x00000001c4fe0000 	/usr/lib/system/libsystem_darwin.dylib
0x00000001cd3e8000 	/usr/lib/system/libsystem_dnssd.dylib
0x00000001c276f000 	/usr/lib/system/libsystem_featureflags.dylib
0x00000001c28cd000 	/usr/lib/system/libsystem_info.dylib
0x00000001cd352000 	/usr/lib/system/libsystem_m.dylib
0x00000001c26bf000 	/usr/lib/system/libsystem_malloc.dylib
0x00000001c79af000 	/usr/lib/system/libsystem_networkextension.dylib
0x00000001c5439000 	/usr/lib/system/libsystem_notify.dylib
0x00000001d3735000 	/usr/lib/system/libsystem_product_info_filter.dylib
0x00000001cbf12000 	/usr/lib/system/libsystem_sandbox.dylib
0x00000001cd3e1000 	/usr/lib/system/libsystem_secinit.dylib
0x00000001c2873000 	/usr/lib/system/libsystem_kernel.dylib
0x00000001c28c5000 	/usr/lib/system/libsystem_platform.dylib
0x00000001c28ab000 	/usr/lib/system/libsystem_pthread.dylib
0x00000001c9178000 	/usr/lib/system/libsystem_symptoms.dylib
0x00000001c261d000 	/usr/lib/system/libsystem_trace.dylib
0x00000001cd3bc000 	/usr/lib/system/libunwind.dylib
0x00000001c25db000 	/usr/lib/system/libxpc.dylib
0x00000001c285b000 	/usr/lib/libc++abi.dylib
0x00000001c2731000 	/usr/lib/libobjc.A.dylib
0x00000001cd3c7000 	/usr/lib/liboah.dylib
0x00000001c27f4000 	/usr/lib/libc++.1.dylib
0x00000001d924e000 	/System/Library/Frameworks/Cocoa.framework/Versions/A/Cocoa
0x00000001c549a000 	/System/Library/Frameworks/AppKit.framework/Versions/C/AppKit
0x00000001c89a0000 	/System/Library/Frameworks/CoreData.framework/Versions/A/CoreData
0x00000001c37f5000 	/System/Library/Frameworks/Foundation.framework/Versions/C/Foundation
0x00000001c6352000 	/System/Library/PrivateFrameworks/UIFoundation.framework/Versions/A/UIFoundation
0x00000001d342f000 	/System/Library/PrivateFrameworks/RemoteViewServices.framework/Versions/A/RemoteViewServices
0x00000001cb8b5000 	/System/Library/PrivateFrameworks/XCTTargetBootstrap.framework/Versions/A/XCTTargetBootstrap
0x00000001cf133000 	/System/Library/PrivateFrameworks/InternationalSupport.framework/Versions/A/InternationalSupport
0x00000001cf1bc000 	/System/Library/PrivateFrameworks/UserActivity.framework/Versions/A/UserActivity
0x00000001ce62e000 	/usr/lib/libspindump.dylib
0x00000001c65c3000 	/System/Library/Frameworks/UniformTypeIdentifiers.framework/Versions/A/UniformTypeIdentifiers
0x00000001c9e00000 	/usr/lib/libapp_launch_measurement.dylib
0x00000001c932a000 	/System/Library/PrivateFrameworks/CoreAnalytics.framework/Versions/A/CoreAnalytics
0x00000001c9e03000 	/System/Library/PrivateFrameworks/CoreAutoLayout.framework/Versions/A/CoreAutoLayout
0x00000001cb1a6000 	/System/Library/Frameworks/Metal.framework/Versions/A/Metal
0x00000001cbf1d000 	/usr/lib/liblangid.dylib
0x00000001cb8ba000 	/System/Library/PrivateFrameworks/CoreSVG.framework/Versions/A/CoreSVG
0x00000001c7a54000 	/System/Library/PrivateFrameworks/SkyLight.framework/Versions/A/SkyLight
0x00000001c7e29000 	/System/Library/Frameworks/CoreGraphics.framework/Versions/A/CoreGraphics
0x00000001d3afb000 	/System/Library/Frameworks/Accelerate.framework/Versions/A/Accelerate
0x00000001ce0a5000 	/System/Library/PrivateFrameworks/IconServices.framework/Versions/A/IconServices
0x00000001cb188000 	/System/Library/Frameworks/IOSurface.framework/Versions/A/IOSurface
0x00000001c935b000 	/usr/lib/libDiagnosticMessagesClient.dylib
0x00000001d6ffc000 	/System/Library/Frameworks/ApplicationServices.framework/Versions/A/ApplicationServices
0x00000001cb89d000 	/System/Library/PrivateFrameworks/DFRFoundation.framework/Versions/A/DFRFoundation
0x00000001c4d2a000 	/usr/lib/libicucore.A.dylib
0x00000001cffdf000 	/System/Library/Frameworks/AudioToolbox.framework/Versions/A/AudioToolbox
0x00000001cf13f000 	/System/Library/PrivateFrameworks/DataDetectorsCore.framework/Versions/A/DataDetectorsCore
0x00000001e5a7f000 	/System/Library/PrivateFrameworks/TextInput.framework/Versions/A/TextInput
0x00000001c79c9000 	/usr/lib/libMobileGestalt.dylib
0x00000001cb569000 	/System/Library/Frameworks/Carbon.framework/Versions/A/Frameworks/HIToolbox.framework/Versions/A/HIToolbox
0x00000001c97dc000 	/System/Library/Frameworks/QuartzCore.framework/Versions/A/QuartzCore
0x00000001c49ad000 	/System/Library/Frameworks/Security.framework/Versions/A/Security
0x00000001d346f000 	/System/Library/Frameworks/Carbon.framework/Versions/A/Frameworks/SpeechRecognition.framework/Versions/A/SpeechRecognition
0x00000001c9b56000 	/System/Library/PrivateFrameworks/CoreUI.framework/Versions/A/CoreUI
0x00000001c428a000 	/System/Library/Frameworks/CoreAudio.framework/Versions/A/CoreAudio
0x00000001c9450000 	/System/Library/Frameworks/DiskArbitration.framework/Versions/A/DiskArbitration
0x00000001cea38000 	/System/Library/PrivateFrameworks/MultitouchSupport.framework/Versions/A/MultitouchSupport
0x00000001c79c7000 	/usr/lib/libenergytrace.dylib
0x00000001c5362000 	/System/Library/Frameworks/IOKit.framework/Versions/A/IOKit
0x00000001d385e000 	/System/Library/Frameworks/CoreServices.framework/Versions/A/CoreServices
0x00000001c9d90000 	/System/Library/PrivateFrameworks/PerformanceAnalysis.framework/Versions/A/PerformanceAnalysis
0x0000000223d67000 	/System/Library/Frameworks/OpenGL.framework/Versions/A/OpenGL
0x00000001cc997000 	/System/Library/PrivateFrameworks/MobileKeyBag.framework/Versions/A/MobileKeyBag
0x00000001c8436000 	/System/Library/Frameworks/ColorSync.framework/Versions/A/ColorSync
0x00000001c28fa000 	/System/Library/Frameworks/CoreFoundation.framework/Versions/A/CoreFoundation
0x00000001cbb39000 	/System/Library/Frameworks/CoreImage.framework/Versions/A/CoreImage
0x00000001c40ae000 	/System/Library/Frameworks/CoreText.framework/Versions/A/CoreText
0x00000001cb8ea000 	/System/Library/Frameworks/ImageIO.framework/Versions/A/ImageIO
0x00000001cd3fd000 	/System/Library/PrivateFrameworks/SoftLinking.framework/Versions/A/SoftLinking
0x00000001c9e4e000 	/usr/lib/libxml2.2.dylib
0x00000001cd696000 	/usr/lib/libcompression.dylib
0x00000001cf08f000 	/System/Library/PrivateFrameworks/TextureIO.framework/Versions/A/TextureIO
0x00000001cddbe000 	/usr/lib/libate.dylib
0x00000001cdc83000 	/usr/lib/liblzma.5.dylib
0x00000001c34e9000 	/System/Library/Frameworks/SystemConfiguration.framework/Versions/A/SystemConfiguration
0x00000001cd3f9000 	/usr/lib/libfakelink.dylib
0x00000001c74fb000 	/System/Library/Frameworks/CFNetwork.framework/Versions/A/CFNetwork
0x00000001cd53f000 	/usr/lib/libarchive.2.dylib
0x00000001cbf19000 	/System/Library/PrivateFrameworks/AppleSystemInfo.framework/Versions/A/AppleSystemInfo
0x00000001ccaaa000 	/usr/lib/libbsm.0.dylib
0x00000001c6a6c000 	/usr/lib/libnetwork.dylib
0x00000001cd393000 	/usr/lib/system/libkxld.dylib
0x00000001cc6bd000 	/System/Library/PrivateFrameworks/IOMobileFramebuffer.framework/Versions/A/IOMobileFramebuffer
0x0000000241693000 	/usr/lib/libCoreEntitlements.dylib
0x00000001cd0ce000 	/System/Library/PrivateFrameworks/AppleFSCompression.framework/Versions/A/AppleFSCompression
0x00000001cca92000 	/usr/lib/libcoretls.dylib
0x00000001cdc9c000 	/usr/lib/libcoretls_cfhelpers.dylib
0x00000001cd691000 	/usr/lib/libpam.2.dylib
0x00000001c8d8f000 	/usr/lib/libsqlite3.dylib
0x00000001cdd05000 	/usr/lib/libxar.1.dylib
0x00000001cd0df000 	/usr/lib/libbz2.1.0.dylib
0x00000001cd3fe000 	/usr/lib/libpcap.A.dylib
0x00000001c916f000 	/usr/lib/libdns_services.dylib
0x00000001cd664000 	/usr/lib/libapple_nghttp2.dylib
0x00000001cd43b000 	/usr/lib/libiconv.2.dylib
0x00000001cd389000 	/usr/lib/libcharset.1.dylib
0x00000001c9dcc000 	/System/Library/Frameworks/CoreServices.framework/Versions/A/Frameworks/FSEvents.framework/Versions/A/FSEvents
0x00000001c4feb000 	/System/Library/Frameworks/CoreServices.framework/Versions/A/Frameworks/CarbonCore.framework/Versions/A/CarbonCore
0x00000001c93b0000 	/System/Library/Frameworks/CoreServices.framework/Versions/A/Frameworks/Metadata.framework/Versions/A/Metadata
0x00000001cd0f2000 	/System/Library/Frameworks/CoreServices.framework/Versions/A/Frameworks/OSServices.framework/Versions/A/OSServices
0x00000001cd5c5000 	/System/Library/Frameworks/CoreServices.framework/Versions/A/Frameworks/SearchKit.framework/Versions/A/SearchKit
0x00000001c90fe000 	/System/Library/Frameworks/CoreServices.framework/Versions/A/Frameworks/AE.framework/Versions/A/AE
0x00000001c2e40000 	/System/Library/Frameworks/CoreServices.framework/Versions/A/Frameworks/LaunchServices.framework/Versions/A/LaunchServices
0x00000001cdc2c000 	/System/Library/Frameworks/CoreServices.framework/Versions/A/Frameworks/DictionaryServices.framework/Versions/A/DictionaryServices
0x00000001c9dd9000 	/System/Library/Frameworks/CoreServices.framework/Versions/A/Frameworks/SharedFileList.framework/Versions/A/SharedFileList
0x00000001cca82000 	/usr/lib/libCheckFix.dylib
0x00000001c7a38000 	/System/Library/PrivateFrameworks/TCC.framework/Versions/A/TCC
0x00000001cbf1f000 	/System/Library/PrivateFrameworks/CoreNLP.framework/Versions/A/CoreNLP
0x00000001c935e000 	/System/Library/PrivateFrameworks/MetadataUtilities.framework/Versions/A/MetadataUtilities
0x00000001c35a2000 	/usr/lib/libmecabra.dylib
0x00000001ccabb000 	/usr/lib/libmecab.dylib
0x00000001c356e000 	/usr/lib/libCRFSuite.dylib
0x00000001ccb18000 	/usr/lib/libgermantok.dylib
0x00000001cd63d000 	/usr/lib/libThaiTokenizer.dylib
0x00000001c9458000 	/System/Library/Frameworks/Accelerate.framework/Versions/A/Frameworks/vImage.framework/Versions/A/vImage
0x00000001d3835000 	/System/Library/Frameworks/Accelerate.framework/Versions/A/Frameworks/vecLib.framework/Versions/A/vecLib
0x00000001cdd4a000 	/System/Library/Frameworks/Accelerate.framework/Versions/A/Frameworks/vecLib.framework/Versions/A/libvMisc.dylib
0x00000001cc5c4000 	/System/Library/Frameworks/Accelerate.framework/Versions/A/Frameworks/vecLib.framework/Versions/A/libvDSP.dylib
0x00000001c31c9000 	/System/Library/Frameworks/Accelerate.framework/Versions/A/Frameworks/vecLib.framework/Versions/A/libBLAS.dylib
0x00000001cd767000 	/System/Library/Frameworks/Accelerate.framework/Versions/A/Frameworks/vecLib.framework/Versions/A/libLAPACK.dylib
0x00000001ccb1b000 	/System/Library/Frameworks/Accelerate.framework/Versions/A/Frameworks/vecLib.framework/Versions/A/libLinearAlgebra.dylib
0x00000001cd67c000 	/System/Library/Frameworks/Accelerate.framework/Versions/A/Frameworks/vecLib.framework/Versions/A/libSparseBLAS.dylib
0x00000001cd762000 	/System/Library/Frameworks/Accelerate.framework/Versions/A/Frameworks/vecLib.framework/Versions/A/libQuadrature.dylib
0x00000001cc018000 	/System/Library/Frameworks/Accelerate.framework/Versions/A/Frameworks/vecLib.framework/Versions/A/libBNNS.dylib
0x00000001c3487000 	/System/Library/Frameworks/Accelerate.framework/Versions/A/Frameworks/vecLib.framework/Versions/A/libSparse.dylib
0x00000001cc010000 	/System/Library/PrivateFrameworks/LinguisticData.framework/Versions/A/LinguisticData
0x00000001c343f000 	/System/Library/PrivateFrameworks/Lexicon.framework/Versions/A/Lexicon
0x00000001cdd42000 	/usr/lib/libChineseTokenizer.dylib
0x00000001c3be6000 	/System/Library/PrivateFrameworks/LanguageModeling.framework/Versions/A/LanguageModeling
0x00000001cd63f000 	/System/Library/PrivateFrameworks/AppleSauce.framework/Versions/A/AppleSauce
0x00000001cc6aa000 	/System/Library/PrivateFrameworks/CoreEmoji.framework/Versions/A/CoreEmoji
0x00000001cd52d000 	/usr/lib/libcmph.dylib
0x00000001c9dac000 	/System/Library/Frameworks/OpenDirectory.framework/Versions/A/Frameworks/CFOpenDirectory.framework/Versions/A/CFOpenDirectory
0x00000001c9d9c000 	/System/Library/Frameworks/OpenDirectory.framework/Versions/A/OpenDirectory
0x00000001cdc9e000 	/System/Library/PrivateFrameworks/APFS.framework/Versions/A/APFS
0x00000001cc9d2000 	/System/Library/Frameworks/SecurityFoundation.framework/Versions/A/SecurityFoundation
0x00000001cdd14000 	/usr/lib/libutil.dylib
0x00000001c5324000 	/System/Library/PrivateFrameworks/CoreServicesStore.framework/Versions/A/CoreServicesStore
0x00000001cdd18000 	/usr/lib/libxslt.1.dylib
0x00000001cca66000 	/System/Library/PrivateFrameworks/BackgroundTaskManagement.framework/Versions/A/BackgroundTaskManagement
0x00000001cefb0000 	/System/Library/Frameworks/ImageIO.framework/Versions/A/Resources/libRadiance.dylib
0x00000001cefb9000 	/System/Library/Frameworks/ImageIO.framework/Versions/A/Resources/libJPEG.dylib
0x00000001cef0c000 	/System/Library/Frameworks/ImageIO.framework/Versions/A/Resources/libPng.dylib
0x00000001cef2e000 	/System/Library/Frameworks/ImageIO.framework/Versions/A/Resources/libTIFF.dylib
0x00000001cf014000 	/System/Library/Frameworks/ImageIO.framework/Versions/A/Resources/libGIF.dylib
0x00000001ce948000 	/System/Library/Frameworks/ImageIO.framework/Versions/A/Resources/libJP2.dylib
0x00000001ce06a000 	/usr/lib/libexpat.1.dylib
0x00000001ce903000 	/System/Library/PrivateFrameworks/AppleJPEG.framework/Versions/A/AppleJPEG
0x00000001cb425000 	/System/Library/PrivateFrameworks/FontServices.framework/libFontParser.dylib
0x00000001c90a3000 	/System/Library/PrivateFrameworks/RunningBoardServices.framework/Versions/A/RunningBoardServices
0x00000001d9921000 	/System/Library/PrivateFrameworks/IOSurfaceAccelerator.framework/Versions/A/IOSurfaceAccelerator
0x00000001cea34000 	/System/Library/PrivateFrameworks/WatchdogClient.framework/Versions/A/WatchdogClient
0x00000001c3cea000 	/System/Library/Frameworks/CoreDisplay.framework/Versions/A/CoreDisplay
0x00000001cb30f000 	/System/Library/Frameworks/CoreMedia.framework/Versions/A/CoreMedia
0x00000001cb19c000 	/System/Library/PrivateFrameworks/IOAccelerator.framework/Versions/A/IOAccelerator
0x00000001c9f3c000 	/System/Library/Frameworks/CoreVideo.framework/Versions/A/CoreVideo
0x00000001cd68f000 	/System/Library/Frameworks/MetalPerformanceShaders.framework/Versions/A/MetalPerformanceShaders
0x00000001cea73000 	/System/Library/Frameworks/VideoToolbox.framework/Versions/A/VideoToolbox
0x00000001c8fe7000 	/System/Library/PrivateFrameworks/BaseBoard.framework/Versions/A/BaseBoard
0x00000001c8d75000 	/System/Library/PrivateFrameworks/ProtocolBuffer.framework/Versions/A/ProtocolBuffer
0x00000001cefab000 	/System/Library/PrivateFrameworks/GPUWrangler.framework/Versions/A/GPUWrangler
0x00000001cef8b000 	/System/Library/PrivateFrameworks/IOPresentment.framework/Versions/A/IOPresentment
0x00000001cefb3000 	/System/Library/PrivateFrameworks/DSExternalDisplay.framework/Versions/A/DSExternalDisplay
0x0000000223d5a000 	/System/Library/Frameworks/OpenGL.framework/Versions/A/Libraries/libCoreFSCache.dylib
0x000000022e219000 	/System/Library/PrivateFrameworks/GPUCompiler.framework/Versions/31001/Libraries/libGPUCompilerUtils.dylib
0x00000001cf019000 	/System/Library/PrivateFrameworks/CMCaptureCore.framework/Versions/A/CMCaptureCore
0x00000001ce61b000 	/System/Library/PrivateFrameworks/AppServerSupport.framework/Versions/A/AppServerSupport
0x00000001d089c000 	/System/Library/PrivateFrameworks/perfdata.framework/Versions/A/perfdata
0x00000001c3e0a000 	/System/Library/PrivateFrameworks/AudioToolboxCore.framework/Versions/A/AudioToolboxCore
0x00000001cb2e8000 	/System/Library/PrivateFrameworks/caulk.framework/Versions/A/caulk
0x00000001d0191000 	/usr/lib/libAudioStatistics.dylib
0x00000001e20e6000 	/System/Library/PrivateFrameworks/SystemPolicy.framework/Versions/A/SystemPolicy
0x00000001d03fd000 	/usr/lib/libSMC.dylib
0x00000001d9130000 	/System/Library/Frameworks/CoreMIDI.framework/Versions/A/CoreMIDI
0x00000001ceeda000 	/usr/lib/libAudioToolboxUtility.dylib
0x00000001de1b3000 	/System/Library/PrivateFrameworks/OSAServicesClient.framework/Versions/A/OSAServicesClient
0x00000001d08a9000 	/usr/lib/libperfcheck.dylib
0x00000001e2bfe000 	/usr/lib/libmis.dylib
0x0000000223dbc000 	/System/Library/Frameworks/OpenGL.framework/Versions/A/Libraries/libGLU.dylib
0x0000000223d7b000 	/System/Library/Frameworks/OpenGL.framework/Versions/A/Libraries/libGFXShared.dylib
0x0000000223f68000 	/System/Library/Frameworks/OpenGL.framework/Versions/A/Libraries/libGL.dylib
0x0000000223d84000 	/System/Library/Frameworks/OpenGL.framework/Versions/A/Libraries/libGLImage.dylib
0x0000000223d78000 	/System/Library/Frameworks/OpenGL.framework/Versions/A/Libraries/libCVMSPluginSupport.dylib
0x0000000223d61000 	/System/Library/Frameworks/OpenGL.framework/Versions/A/Libraries/libCoreVMClient.dylib
0x00000001cbe99000 	/System/Library/Frameworks/MetalPerformanceShaders.framework/Versions/A/Frameworks/MPSCore.framework/Versions/A/MPSCore
0x00000001cd041000 	/System/Library/Frameworks/MetalPerformanceShaders.framework/Versions/A/Frameworks/MPSImage.framework/Versions/A/MPSImage
0x00000001ccb30000 	/System/Library/Frameworks/MetalPerformanceShaders.framework/Versions/A/Frameworks/MPSNeuralNetwork.framework/Versions/A/MPSNeuralNetwork
0x00000001ccf69000 	/System/Library/Frameworks/MetalPerformanceShaders.framework/Versions/A/Frameworks/MPSMatrix.framework/Versions/A/MPSMatrix
0x00000001ccd42000 	/System/Library/Frameworks/MetalPerformanceShaders.framework/Versions/A/Frameworks/MPSRayIntersector.framework/Versions/A/MPSRayIntersector
0x00000001ccf9a000 	/System/Library/Frameworks/MetalPerformanceShaders.framework/Versions/A/Frameworks/MPSNDArray.framework/Versions/A/MPSNDArray
0x0000000225ed3000 	/System/Library/Frameworks/MetalPerformanceShaders.framework/Versions/A/Frameworks/MPSFunctions.framework/Versions/A/MPSFunctions
0x00000001c30a0000 	/System/Library/PrivateFrameworks/MetalTools.framework/Versions/A/MetalTools
0x00000001cbf17000 	/System/Library/PrivateFrameworks/AggregateDictionary.framework/Versions/A/AggregateDictionary
0x00000001cde4f000 	/usr/lib/libIOReport.dylib
0x00000001d814e000 	/System/Library/PrivateFrameworks/ASEProcessing.framework/Versions/A/ASEProcessing
0x00000001ce1c4000 	/System/Library/PrivateFrameworks/FaceCore.framework/Versions/A/FaceCore
0x00000001ce1b6000 	/System/Library/PrivateFrameworks/GraphVisualizer.framework/Versions/A/GraphVisualizer
0x000000022e130000 	/System/Library/PrivateFrameworks/FontServices.framework/Versions/A/FontServices
0x00000001ce5d7000 	/System/Library/PrivateFrameworks/OTSVG.framework/Versions/A/OTSVG
0x00000001c9b06000 	/System/Library/Frameworks/ApplicationServices.framework/Versions/A/Frameworks/ATS.framework/Versions/A/Resources/libFontRegistry.dylib
0x00000001ce624000 	/System/Library/PrivateFrameworks/FontServices.framework/libhvf.dylib
0x000000022e131000 	/System/Library/PrivateFrameworks/FontServices.framework/libXTFontStaticRegistryData.dylib
0x0000000224109000 	/System/Library/Frameworks/OpenCL.framework/Versions/A/OpenCL
0x00000001ce01e000 	/System/Library/PrivateFrameworks/AppleVA.framework/Versions/A/AppleVA
0x00000001d01b9000 	/System/Library/Frameworks/ApplicationServices.framework/Versions/A/Frameworks/ATS.framework/Versions/A/ATS
0x00000001c8533000 	/System/Library/Frameworks/ApplicationServices.framework/Versions/A/Frameworks/HIServices.framework/Versions/A/HIServices
0x00000001cf023000 	/System/Library/Frameworks/ApplicationServices.framework/Versions/A/Frameworks/PrintCore.framework/Versions/A/PrintCore
0x00000001d0550000 	/System/Library/Frameworks/ApplicationServices.framework/Versions/A/Frameworks/QD.framework/Versions/A/QD
0x00000001d0548000 	/System/Library/Frameworks/ApplicationServices.framework/Versions/A/Frameworks/ColorSyncLegacy.framework/Versions/A/ColorSyncLegacy
0x00000001d01a5000 	/System/Library/Frameworks/ApplicationServices.framework/Versions/A/Frameworks/SpeechSynthesis.framework/Versions/A/SpeechSynthesis
0x00000001cefe4000 	/System/Library/Frameworks/ApplicationServices.framework/Versions/A/Frameworks/ATSUI.framework/Versions/A/ATSUI
0x00000001d04dd000 	/usr/lib/libcups.2.dylib
0x00000001d08b7000 	/System/Library/Frameworks/Kerberos.framework/Versions/A/Kerberos
0x00000001d08c8000 	/System/Library/Frameworks/GSS.framework/Versions/A/GSS
0x00000001d0229000 	/usr/lib/libresolv.9.dylib
0x00000001ce633000 	/System/Library/PrivateFrameworks/Heimdal.framework/Versions/A/Heimdal
0x00000001d7383000 	/System/Library/Frameworks/Kerberos.framework/Versions/A/Libraries/libHeimdalProxy.dylib
0x00000001c9181000 	/System/Library/Frameworks/Network.framework/Versions/A/Network
0x00000001ce085000 	/usr/lib/libheimdal-asn1.dylib
0x00000001d0918000 	/System/Library/PrivateFrameworks/CommonAuth.framework/Versions/A/CommonAuth
0x00000001d011f000 	/System/Library/PrivateFrameworks/AudioSession.framework/Versions/A/AudioSession
0x00000001ce117000 	/System/Library/PrivateFrameworks/MediaExperience.framework/Versions/A/MediaExperience
0x00000001cffa5000 	/System/Library/PrivateFrameworks/AudioSession.framework/libSessionUtility.dylib
0x00000001d055c000 	/System/Library/PrivateFrameworks/AudioResourceArbitration.framework/Versions/A/AudioResourceArbitration
0x00000001d4712000 	/System/Library/PrivateFrameworks/PowerLog.framework/Versions/A/PowerLog
0x00000001ce08f000 	/System/Library/PrivateFrameworks/IconFoundation.framework/Versions/A/IconFoundation
0x00000001d345b000 	/System/Library/PrivateFrameworks/SpeechRecognitionCore.framework/Versions/A/SpeechRecognitionCore
0x00000001058e0000 	/Users/danielweiner/Library/Java/JavaVirtualMachines/openjdk-17.0.2/Contents/Home/lib/server/libjvm.dylib
0x00000001049ec000 	/Users/danielweiner/Library/Java/JavaVirtualMachines/openjdk-17.0.2/Contents/Home/lib/libjimage.dylib
0x0000000104a18000 	/Users/danielweiner/Library/Java/JavaVirtualMachines/openjdk-17.0.2/Contents/Home/lib/libinstrument.dylib
0x0000000104a64000 	/Users/danielweiner/Library/Java/JavaVirtualMachines/openjdk-17.0.2/Contents/Home/lib/libjava.dylib
0x0000000105518000 	/Users/danielweiner/Library/Java/JavaVirtualMachines/openjdk-17.0.2/Contents/Home/lib/libnio.dylib
0x0000000105538000 	/Users/danielweiner/Library/Java/JavaVirtualMachines/openjdk-17.0.2/Contents/Home/lib/libnet.dylib
0x0000000104a4c000 	/Users/danielweiner/Library/Java/JavaVirtualMachines/openjdk-17.0.2/Contents/Home/lib/libzip.dylib
0x000000010555c000 	/Users/danielweiner/.openjfx/cache/17.0.1/libprism_es2.dylib
0x00000001c52e7000 	/System/Library/PrivateFrameworks/CoreServicesInternal.framework/Versions/A/CoreServicesInternal
0x0000000223f72000 	/System/Library/Frameworks/OpenGL.framework/Versions/A/Resources/GLEngine.bundle/GLEngine
0x0000000223dfa000 	/System/Library/Frameworks/OpenGL.framework/Versions/A/Libraries/libGLProgrammability.dylib
0x000000012a500000 	/System/Library/Extensions/AppleMetalOpenGLRenderer.bundle/Contents/MacOS/AppleMetalOpenGLRenderer
0x00000002240e1000 	/System/Library/Frameworks/OpenGL.framework/Versions/A/Resources/GLRendererFloat.bundle/GLRendererFloat
0x00000002241e1000 	/System/Library/Extensions/AGXMetal13_3.bundle/Contents/MacOS/AGXMetal13_3
0x00000001e2c1a000 	/System/Library/PrivateFrameworks/GPURawCounter.framework/Versions/A/GPURawCounter
0x00000001dd324000 	/System/Library/PrivateFrameworks/IOGPU.framework/Versions/A/IOGPU
0x000000012a778000 	/Users/danielweiner/.openjfx/cache/17.0.1/libglass.dylib
0x00000001d496a000 	/System/Library/Frameworks/FileProvider.framework/Versions/A/FileProvider
0x00000001c8f4f000 	/System/Library/Frameworks/Accounts.framework/Versions/A/Accounts
0x00000001d4aee000 	/System/Library/PrivateFrameworks/GenerationalStorage.framework/Versions/A/GenerationalStorage
0x00000001d56b1000 	/System/Library/PrivateFrameworks/CoreSymbolication.framework/Versions/A/CoreSymbolication
0x00000001d4706000 	/System/Library/PrivateFrameworks/SymptomDiagnosticReporter.framework/Versions/A/SymptomDiagnosticReporter
0x00000001c65d7000 	/System/Library/PrivateFrameworks/DesktopServicesPriv.framework/Versions/A/DesktopServicesPriv
0x00000001c5449000 	/usr/lib/libsandbox.1.dylib
0x00000001c9fca000 	/System/Library/PrivateFrameworks/UserManagement.framework/Versions/A/UserManagement
0x00000001d566e000 	/System/Library/PrivateFrameworks/DebugSymbols.framework/Versions/A/DebugSymbols
0x00000001d053b000 	/System/Library/PrivateFrameworks/NetAuth.framework/Versions/A/NetAuth
0x00000001d1459000 	/System/Library/PrivateFrameworks/Sharing.framework/Versions/A/Sharing
0x00000001c9f9a000 	/System/Library/PrivateFrameworks/login.framework/Versions/A/Frameworks/loginsupport.framework/Versions/A/loginsupport
0x00000001d68a3000 	/System/Library/PrivateFrameworks/Apple80211.framework/Versions/A/Apple80211
0x00000001cd125000 	/System/Library/PrivateFrameworks/AuthKit.framework/Versions/A/AuthKit
0x00000001cc7a6000 	/System/Library/PrivateFrameworks/CoreUtils.framework/Versions/A/CoreUtils
0x00000001cc6c9000 	/System/Library/Frameworks/CoreWLAN.framework/Versions/A/CoreWLAN
0x00000001d15c9000 	/System/Library/Frameworks/IOBluetooth.framework/Versions/A/IOBluetooth
0x00000001d6903000 	/System/Library/PrivateFrameworks/CoreWiFi.framework/Versions/A/CoreWiFi
0x00000001d524e000 	/System/Library/PrivateFrameworks/FrontBoardServices.framework/Versions/A/FrontBoardServices
0x00000001d52e6000 	/System/Library/PrivateFrameworks/BoardServices.framework/Versions/A/BoardServices
0x00000001cc9c0000 	/System/Library/PrivateFrameworks/AssertionServices.framework/Versions/A/AssertionServices
0x00000001d6a80000 	/System/Library/PrivateFrameworks/BackBoardServices.framework/Versions/A/BackBoardServices
0x00000001d09af000 	/System/Library/PrivateFrameworks/CorePhoneNumbers.framework/Versions/A/CorePhoneNumbers
0x00000001d4836000 	/System/Library/PrivateFrameworks/DiskManagement.framework/Versions/A/DiskManagement
0x00000001d4739000 	/System/Library/PrivateFrameworks/AppleIDAuthSupport.framework/Versions/A/AppleIDAuthSupport
0x00000002286fa000 	/System/Library/PrivateFrameworks/AAAFoundation.framework/Versions/A/AAAFoundation
0x00000001d098e000 	/System/Library/PrivateFrameworks/KeychainCircle.framework/Versions/A/KeychainCircle
0x00000001d4802000 	/System/Library/PrivateFrameworks/MediaKit.framework/Versions/A/MediaKit
0x00000001d4746000 	/System/Library/Frameworks/DiscRecording.framework/Versions/A/DiscRecording
0x00000001cdf9a000 	/usr/lib/libCoreStorage.dylib
0x00000001d6d7d000 	/usr/lib/libcsfde.dylib
0x00000001d169e000 	/System/Library/PrivateFrameworks/ProtectedCloudStorage.framework/Versions/A/ProtectedCloudStorage
0x00000001d6d75000 	/System/Library/PrivateFrameworks/EFILogin.framework/Versions/A/EFILogin
0x00000001d4b15000 	/System/Library/PrivateFrameworks/OctagonTrust.framework/Versions/A/OctagonTrust
0x000000022d2cb000 	/System/Library/PrivateFrameworks/CoreUtilsExtras.framework/Versions/A/CoreUtilsExtras
0x00000001d466b000 	/System/Library/Frameworks/CoreBluetooth.framework/Versions/A/CoreBluetooth
0x00000001d7408000 	/System/Library/Frameworks/AudioUnit.framework/Versions/A/AudioUnit
0x00000001cdf92000 	/usr/lib/libMatch.1.dylib
0x00000001e70c6000 	/System/Library/Frameworks/Accelerate.framework/Versions/A/Frameworks/vImage.framework/Versions/A/Libraries/libCGInterfaces.dylib
0x000000012c92c000 	/usr/lib/libobjc-trampolines.dylib
0x00000001c9c94000 	/System/Library/PrivateFrameworks/ViewBridge.framework/Versions/A/ViewBridge
0x0000000228dad000 	/System/Library/PrivateFrameworks/AccessibilityBundles.framework/Versions/A/AccessibilityBundles
0x00000001ce6f6000 	/System/Library/PrivateFrameworks/login.framework/Versions/A/login
0x000000012f21c000 	/Users/danielweiner/.openjfx/cache/17.0.1/libjavafx_font.dylib
0x000000012f288000 	/Users/danielweiner/.openjfx/cache/17.0.1/libjavafx_iio.dylib
0x0000000241811000 	/usr/lib/libRosetta.dylib


VM Arguments:
jvm_args: -javaagent:/Users/danielweiner/Library/Application Support/JetBrains/Toolbox/apps/IDEA-U/ch-0/221.5080.210/IntelliJ IDEA.app/Contents/lib/idea_rt.jar=49424:/Users/danielweiner/Library/Application Support/JetBrains/Toolbox/apps/IDEA-U/ch-0/221.5080.210/IntelliJ IDEA.app/Contents/bin -Dfile.encoding=UTF-8 --module-path=/Users/danielweiner/.m2/repository/org/openjfx/javafx-graphics/17.0.1/javafx-graphics-17.0.1-mac-aarch64.jar:/Users/danielweiner/.m2/repository/org/openjfx/javafx-base/17.0.1/javafx-base-17.0.1-mac-aarch64.jar:/Users/danielweiner/.m2/repository/org/openjfx/javafx-controls/17.0.1/javafx-controls-17.0.1-mac-aarch64.jar:/Users/danielweiner/.m2/repository/org/openjfx/javafx-fxml/17.0.1/javafx-fxml-17.0.1-mac-aarch64.jar:/Users/danielweiner/Public/Drop Box/eclipse-workspace/JavaFinalProject/target/classes -Djdk.module.main=com.example.javafinalproject 
java_command: com.example.javafinalproject/com.example.javafinalproject.Main
java_class_path (initial): /Users/danielweiner/.m2/repository/org/openjfx/javafx-controls/17.0.1/javafx-controls-17.0.1.jar:/Users/danielweiner/.m2/repository/org/openjfx/javafx-graphics/17.0.1/javafx-graphics-17.0.1.jar:/Users/danielweiner/.m2/repository/org/openjfx/javafx-base/17.0.1/javafx-base-17.0.1.jar:/Users/danielweiner/.m2/repository/org/openjfx/javafx-fxml/17.0.1/javafx-fxml-17.0.1.jar:/Users/danielweiner/Downloads/mysql-connector-java-8.0.29/mysql-connector-java-8.0.29.jar
Launcher Type: SUN_STANDARD

[Global flags]
     intx CICompilerCount                          = 4                                         {product} {ergonomic}
     uint ConcGCThreads                            = 2                                         {product} {ergonomic}
     uint G1ConcRefinementThreads                  = 8                                         {product} {ergonomic}
   size_t G1HeapRegionSize                         = 2097152                                   {product} {ergonomic}
    uintx GCDrainStackTargetSize                   = 64                                        {product} {ergonomic}
   size_t InitialHeapSize                          = 268435456                                 {product} {ergonomic}
   size_t MarkStackSize                            = 4194304                                   {product} {ergonomic}
   size_t MaxHeapSize                              = 4294967296                                {product} {ergonomic}
   size_t MaxNewSize                               = 2575302656                                {product} {ergonomic}
   size_t MinHeapDeltaBytes                        = 2097152                                   {product} {ergonomic}
   size_t MinHeapSize                              = 8388608                                   {product} {ergonomic}
    uintx NonNMethodCodeHeapSize                   = 5839564                                {pd product} {ergonomic}
    uintx NonProfiledCodeHeapSize                  = 122909338                              {pd product} {ergonomic}
    uintx ProfiledCodeHeapSize                     = 122909338                              {pd product} {ergonomic}
    uintx ReservedCodeCacheSize                    = 251658240                              {pd product} {ergonomic}
     bool SegmentedCodeCache                       = true                                      {product} {ergonomic}
   size_t SoftMaxHeapSize                          = 4294967296                             {manageable} {ergonomic}
     bool UseCompressedClassPointers               = true                           {product lp64_product} {ergonomic}
     bool UseCompressedOops                        = true                           {product lp64_product} {ergonomic}
     bool UseG1GC                                  = true                                      {product} {ergonomic}
     bool UseNUMA                                  = false                                     {product} {ergonomic}
     bool UseNUMAInterleaving                      = false                                     {product} {ergonomic}

Logging:
Log output configuration:
 #0: stdout all=warning uptime,level,tags
 #1: stderr all=off uptime,level,tags

Environment Variables:
PATH=/usr/local/bin:/usr/bin:/bin:/usr/sbin:/sbin
SHELL=/bin/zsh
LC_CTYPE=en_US.UTF-8

Signal Handlers:
   SIGSEGV: _ZL13crash_handleriP9__siginfoPv in libjvm.dylib, mask=11100110000111110111111111111111, flags=SA_RESTART|SA_SIGINFO
    SIGBUS: _ZL13crash_handleriP9__siginfoPv in libjvm.dylib, mask=11100110000111110111111111111111, flags=SA_RESTART|SA_SIGINFO
    SIGFPE: _ZL13crash_handleriP9__siginfoPv in libjvm.dylib, mask=11100110000111110111111111111111, flags=SA_RESTART|SA_SIGINFO
   SIGPIPE: _ZL17javaSignalHandleriP9__siginfoPv in libjvm.dylib, mask=11100110000111110111111111111111, flags=SA_RESTART|SA_SIGINFO
   SIGXFSZ: _ZL17javaSignalHandleriP9__siginfoPv in libjvm.dylib, mask=11100110000111110111111111111111, flags=SA_RESTART|SA_SIGINFO
    SIGILL: _ZL13crash_handleriP9__siginfoPv in libjvm.dylib, mask=11100110000111110111111111111111, flags=SA_RESTART|SA_SIGINFO
   SIGUSR2: _ZL10SR_handleriP9__siginfoP17__darwin_ucontext in libjvm.dylib, mask=00100000000000000000000000000000, flags=SA_RESTART|SA_SIGINFO
    SIGHUP: _ZL11UserHandleriPvS_ in libjvm.dylib, mask=11100110000111110111111111111111, flags=SA_RESTART|SA_SIGINFO
    SIGINT: _ZL11UserHandleriPvS_ in libjvm.dylib, mask=11100110000111110111111111111111, flags=SA_RESTART|SA_SIGINFO
   SIGTERM: _ZL11UserHandleriPvS_ in libjvm.dylib, mask=11100110000111110111111111111111, flags=SA_RESTART|SA_SIGINFO
   SIGQUIT: _ZL11UserHandleriPvS_ in libjvm.dylib, mask=11100110000111110111111111111111, flags=SA_RESTART|SA_SIGINFO
   SIGTRAP: _ZL13crash_handleriP9__siginfoPv in libjvm.dylib, mask=11100110000111110111111111111111, flags=SA_RESTART|SA_SIGINFO


---------------  S Y S T E M  ---------------

OS:
uname: Darwin 21.4.0 Darwin Kernel Version 21.4.0: Fri Mar 18 00:47:26 PDT 2022; root:xnu-8020.101.4~15/RELEASE_ARM64_T8101 arm64
OS uptime: 0 days 0:25 hours
rlimit (soft/hard): STACK 8176k/65520k , CORE 0k/infinity , NPROC 2666/4000 , NOFILE 10240/infinity , AS infinity/infinity , CPU infinity/infinity , DATA infinity/infinity , FSIZE infinity/infinity , MEMLOCK infinity/infinity , RSS infinity/infinity
load average: 1.56 1.73 2.30

CPU: total 8 (initial active 8) 0x61:0x0:0x1b588bb3:0, fp, simd, crc, lse

Memory: 16k page, physical 16777216k(3191520k free), swap 0k(0k free)

vm_info: OpenJDK 64-Bit Server VM (17.0.2+8-86) for bsd-aarch64 JRE (17.0.2+8-86), built on Dec  7 2021 21:45:06 by "mach5one" with clang Apple LLVM 12.0.0 (clang-1200.0.32.29)

END.
